<?xml version="1.0" encoding="UTF-8"?>
<testsuite name="com.dws.challenge.AccountsServiceTest" tests="2" skipped="0" failures="0" errors="0" timestamp="2024-02-22T12:53:40" hostname="shailendras-MacBook-Pro.local" time="0.004">
  <properties/>
  <testcase name="addAccount()" classname="com.dws.challenge.AccountsServiceTest" time="0.002"/>
  <testcase name="addAccount_failsOnDuplicateId()" classname="com.dws.challenge.AccountsServiceTest" time="0.002"/>
  <system-out><![CDATA[2024-02-22T18:23:39.901+05:30  INFO 11235 --- [    Test worker] t.c.s.AnnotationConfigContextLoaderUtils : Could not detect default configuration classes for test class [com.dws.challenge.AccountsServiceTest]: AccountsServiceTest does not declare any static, non-private, non-final, nested classes annotated with @Configuration.
2024-02-22T18:23:39.903+05:30  INFO 11235 --- [    Test worker] .b.t.c.SpringBootTestContextBootstrapper : Found @SpringBootConfiguration com.dws.challenge.ChallengeApplication for test class com.dws.challenge.AccountsServiceTest

  .   ____          _            __ _ _
 /\\ / ___'_ __ _ _(_)_ __  __ _ \ \ \ \
( ( )\___ | '_ | '_| | '_ \/ _` | \ \ \ \
 \\/  ___)| |_)| | | | | || (_| |  ) ) ) )
  '  |____| .__|_| |_|_| |_\__, | / / / /
 =========|_|==============|___/=/_/_/_/
 :: Spring Boot ::                (v3.2.2)

2024-02-22T18:23:39.923+05:30  INFO 11235 --- [    Test worker] com.dws.challenge.AccountsServiceTest    : Starting AccountsServiceTest using Java 17.0.10 with PID 11235 (started by shailendra in /Users/shailendra/Documents/PersonalDoc/MyWork/luxoft/challenge)
2024-02-22T18:23:39.924+05:30  INFO 11235 --- [    Test worker] com.dws.challenge.AccountsServiceTest    : No active profile set, falling back to 1 default profile: "default"
2024-02-22T18:23:40.122+05:30  INFO 11235 --- [    Test worker] com.dws.challenge.AccountsServiceTest    : Started AccountsServiceTest in 0.216 seconds (process running for 3.274)
]]></system-out>
  <system-err><![CDATA[]]></system-err>
</testsuite>
