<?xml version="1.0" encoding="UTF-8"?>
<testsuite name="com.dws.challenge.ConcurrentTransferTest" tests="20" skipped="0" failures="0" errors="0" timestamp="2024-02-22T12:53:40" hostname="shailendras-MacBook-Pro.local" time="0.283">
  <properties/>
  <testcase name="repetition 1 of 20" classname="com.dws.challenge.ConcurrentTransferTest" time="0.027"/>
  <testcase name="repetition 2 of 20" classname="com.dws.challenge.ConcurrentTransferTest" time="0.021"/>
  <testcase name="repetition 3 of 20" classname="com.dws.challenge.ConcurrentTransferTest" time="0.016"/>
  <testcase name="repetition 4 of 20" classname="com.dws.challenge.ConcurrentTransferTest" time="0.012"/>
  <testcase name="repetition 5 of 20" classname="com.dws.challenge.ConcurrentTransferTest" time="0.012"/>
  <testcase name="repetition 6 of 20" classname="com.dws.challenge.ConcurrentTransferTest" time="0.011"/>
  <testcase name="repetition 7 of 20" classname="com.dws.challenge.ConcurrentTransferTest" time="0.018"/>
  <testcase name="repetition 8 of 20" classname="com.dws.challenge.ConcurrentTransferTest" time="0.018"/>
  <testcase name="repetition 9 of 20" classname="com.dws.challenge.ConcurrentTransferTest" time="0.011"/>
  <testcase name="repetition 10 of 20" classname="com.dws.challenge.ConcurrentTransferTest" time="0.01"/>
  <testcase name="repetition 11 of 20" classname="com.dws.challenge.ConcurrentTransferTest" time="0.01"/>
  <testcase name="repetition 12 of 20" classname="com.dws.challenge.ConcurrentTransferTest" time="0.009"/>
  <testcase name="repetition 13 of 20" classname="com.dws.challenge.ConcurrentTransferTest" time="0.011"/>
  <testcase name="repetition 14 of 20" classname="com.dws.challenge.ConcurrentTransferTest" time="0.01"/>
  <testcase name="repetition 15 of 20" classname="com.dws.challenge.ConcurrentTransferTest" time="0.015"/>
  <testcase name="repetition 16 of 20" classname="com.dws.challenge.ConcurrentTransferTest" time="0.012"/>
  <testcase name="repetition 17 of 20" classname="com.dws.challenge.ConcurrentTransferTest" time="0.01"/>
  <testcase name="repetition 18 of 20" classname="com.dws.challenge.ConcurrentTransferTest" time="0.01"/>
  <testcase name="repetition 19 of 20" classname="com.dws.challenge.ConcurrentTransferTest" time="0.009"/>
  <testcase name="repetition 20 of 20" classname="com.dws.challenge.ConcurrentTransferTest" time="0.01"/>
  <system-out><![CDATA[2024-02-22T18:23:40.472+05:30  INFO 11235 --- [    Test worker] t.c.s.AnnotationConfigContextLoaderUtils : Could not detect default configuration classes for test class [com.dws.challenge.ConcurrentTransferTest]: ConcurrentTransferTest does not declare any static, non-private, non-final, nested classes annotated with @Configuration.
2024-02-22T18:23:40.475+05:30  INFO 11235 --- [    Test worker] .b.t.c.SpringBootTestContextBootstrapper : Found @SpringBootConfiguration com.dws.challenge.ChallengeApplication for test class com.dws.challenge.ConcurrentTransferTest
2024-02-22T18:23:40.496+05:30  INFO 11235 --- [ool-2-thread-20] c.d.c.web.AccountsTransferController     : Transfer Amount  Transfer(accountFrom=Account123, accountTo=Account124, amount=1000)
2024-02-22T18:23:40.496+05:30  INFO 11235 --- [pool-2-thread-5] c.d.c.web.AccountsTransferController     : Transfer Amount  Transfer(accountFrom=Account123, accountTo=Account124, amount=1000)
2024-02-22T18:23:40.496+05:30  INFO 11235 --- [pool-2-thread-1] c.d.c.web.AccountsTransferController     : Transfer Amount  Transfer(accountFrom=Account123, accountTo=Account124, amount=1000)
2024-02-22T18:23:40.496+05:30  INFO 11235 --- [ool-2-thread-17] c.d.c.web.AccountsTransferController     : Transfer Amount  Transfer(accountFrom=Account123, accountTo=Account124, amount=1000)
2024-02-22T18:23:40.496+05:30  INFO 11235 --- [ool-2-thread-19] c.d.c.web.AccountsTransferController     : Transfer Amount  Transfer(accountFrom=Account123, accountTo=Account124, amount=1000)
2024-02-22T18:23:40.496+05:30  INFO 11235 --- [pool-2-thread-7] c.d.c.web.AccountsTransferController     : Transfer Amount  Transfer(accountFrom=Account123, accountTo=Account124, amount=1000)
2024-02-22T18:23:40.496+05:30  INFO 11235 --- [pool-2-thread-4] c.d.c.web.AccountsTransferController     : Transfer Amount  Transfer(accountFrom=Account123, accountTo=Account124, amount=1000)
2024-02-22T18:23:40.496+05:30  INFO 11235 --- [pool-2-thread-8] c.d.c.web.AccountsTransferController     : Transfer Amount  Transfer(accountFrom=Account123, accountTo=Account124, amount=1000)
2024-02-22T18:23:40.496+05:30  INFO 11235 --- [pool-2-thread-2] c.d.c.web.AccountsTransferController     : Transfer Amount  Transfer(accountFrom=Account123, accountTo=Account124, amount=1000)
2024-02-22T18:23:40.496+05:30  INFO 11235 --- [pool-2-thread-3] c.d.c.web.AccountsTransferController     : Transfer Amount  Transfer(accountFrom=Account123, accountTo=Account124, amount=1000)
2024-02-22T18:23:40.496+05:30  INFO 11235 --- [pool-2-thread-6] c.d.c.web.AccountsTransferController     : Transfer Amount  Transfer(accountFrom=Account123, accountTo=Account124, amount=1000)
2024-02-22T18:23:40.496+05:30  INFO 11235 --- [pool-2-thread-9] c.d.c.web.AccountsTransferController     : Transfer Amount  Transfer(accountFrom=Account123, accountTo=Account124, amount=1000)
2024-02-22T18:23:40.496+05:30  INFO 11235 --- [ool-2-thread-10] c.d.c.web.AccountsTransferController     : Transfer Amount  Transfer(accountFrom=Account123, accountTo=Account124, amount=1000)
2024-02-22T18:23:40.496+05:30  INFO 11235 --- [ool-2-thread-12] c.d.c.web.AccountsTransferController     : Transfer Amount  Transfer(accountFrom=Account123, accountTo=Account124, amount=1000)
2024-02-22T18:23:40.496+05:30  INFO 11235 --- [ool-2-thread-13] c.d.c.web.AccountsTransferController     : Transfer Amount  Transfer(accountFrom=Account123, accountTo=Account124, amount=1000)
2024-02-22T18:23:40.496+05:30  INFO 11235 --- [ool-2-thread-20] c.dws.challenge.service.TransferService  : compareBalance 0 
2024-02-22T18:23:40.496+05:30  INFO 11235 --- [ool-2-thread-11] c.d.c.web.AccountsTransferController     : Transfer Amount  Transfer(accountFrom=Account123, accountTo=Account124, amount=1000)
2024-02-22T18:23:40.496+05:30  INFO 11235 --- [ool-2-thread-15] c.d.c.web.AccountsTransferController     : Transfer Amount  Transfer(accountFrom=Account123, accountTo=Account124, amount=1000)
2024-02-22T18:23:40.496+05:30  INFO 11235 --- [ool-2-thread-14] c.d.c.web.AccountsTransferController     : Transfer Amount  Transfer(accountFrom=Account123, accountTo=Account124, amount=1000)
2024-02-22T18:23:40.496+05:30  INFO 11235 --- [ool-2-thread-16] c.d.c.web.AccountsTransferController     : Transfer Amount  Transfer(accountFrom=Account123, accountTo=Account124, amount=1000)
2024-02-22T18:23:40.496+05:30  INFO 11235 --- [ool-2-thread-18] c.d.c.web.AccountsTransferController     : Transfer Amount  Transfer(accountFrom=Account123, accountTo=Account124, amount=1000)
2024-02-22T18:23:40.497+05:30  INFO 11235 --- [ool-2-thread-20] c.d.c.service.EmailNotificationService   : Sending notification to owner of Account123: 1000 has been debited and transferred to account Account124
2024-02-22T18:23:40.498+05:30  INFO 11235 --- [ool-2-thread-20] c.d.c.service.EmailNotificationService   : Sending notification to owner of Account124: 1000 has been credited to your account from account Account123
2024-02-22T18:23:40.498+05:30  INFO 11235 --- [ool-2-thread-20] c.d.c.web.AccountsTransferController     : notification sent successfully
2024-02-22T18:23:40.498+05:30  INFO 11235 --- [ool-2-thread-18] c.dws.challenge.service.TransferService  : compareBalance -1 
2024-02-22T18:23:40.499+05:30  INFO 11235 --- [ool-2-thread-16] c.dws.challenge.service.TransferService  : compareBalance -1 
2024-02-22T18:23:40.499+05:30 ERROR 11235 --- [ool-2-thread-18] c.d.c.web.AccountsTransferController     : Exception occurs

com.dws.challenge.exception.InsufficientBalanceException: Insufficient Balance in account Account123
	at com.dws.challenge.service.TransferService.transferAmount(TransferService.java:21) ~[main/:na]
	at com.dws.challenge.web.AccountsTransferController.transferAmount(AccountsTransferController.java:64) ~[main/:na]
	at com.dws.challenge.ConcurrentTransferTest.lambda$concurrentTransferTest$0(ConcurrentTransferTest.java:63) ~[test/:na]
	at java.base/java.util.concurrent.ThreadPoolExecutor.runWorker(ThreadPoolExecutor.java:1136) ~[na:na]
	at java.base/java.util.concurrent.ThreadPoolExecutor$Worker.run(ThreadPoolExecutor.java:635) ~[na:na]
	at java.base/java.lang.Thread.run(Thread.java:842) ~[na:na]

2024-02-22T18:23:40.499+05:30  INFO 11235 --- [ool-2-thread-14] c.dws.challenge.service.TransferService  : compareBalance -1 
2024-02-22T18:23:40.499+05:30 ERROR 11235 --- [ool-2-thread-16] c.d.c.web.AccountsTransferController     : Exception occurs

com.dws.challenge.exception.InsufficientBalanceException: Insufficient Balance in account Account123
	at com.dws.challenge.service.TransferService.transferAmount(TransferService.java:21) ~[main/:na]
	at com.dws.challenge.web.AccountsTransferController.transferAmount(AccountsTransferController.java:64) ~[main/:na]
	at com.dws.challenge.ConcurrentTransferTest.lambda$concurrentTransferTest$0(ConcurrentTransferTest.java:63) ~[test/:na]
	at java.base/java.util.concurrent.ThreadPoolExecutor.runWorker(ThreadPoolExecutor.java:1136) ~[na:na]
	at java.base/java.util.concurrent.ThreadPoolExecutor$Worker.run(ThreadPoolExecutor.java:635) ~[na:na]
	at java.base/java.lang.Thread.run(Thread.java:842) ~[na:na]

2024-02-22T18:23:40.499+05:30  INFO 11235 --- [ool-2-thread-15] c.dws.challenge.service.TransferService  : compareBalance -1 
2024-02-22T18:23:40.499+05:30 ERROR 11235 --- [ool-2-thread-14] c.d.c.web.AccountsTransferController     : Exception occurs

com.dws.challenge.exception.InsufficientBalanceException: Insufficient Balance in account Account123
	at com.dws.challenge.service.TransferService.transferAmount(TransferService.java:21) ~[main/:na]
	at com.dws.challenge.web.AccountsTransferController.transferAmount(AccountsTransferController.java:64) ~[main/:na]
	at com.dws.challenge.ConcurrentTransferTest.lambda$concurrentTransferTest$0(ConcurrentTransferTest.java:63) ~[test/:na]
	at java.base/java.util.concurrent.ThreadPoolExecutor.runWorker(ThreadPoolExecutor.java:1136) ~[na:na]
	at java.base/java.util.concurrent.ThreadPoolExecutor$Worker.run(ThreadPoolExecutor.java:635) ~[na:na]
	at java.base/java.lang.Thread.run(Thread.java:842) ~[na:na]

2024-02-22T18:23:40.499+05:30  INFO 11235 --- [ool-2-thread-11] c.dws.challenge.service.TransferService  : compareBalance -1 
2024-02-22T18:23:40.499+05:30 ERROR 11235 --- [ool-2-thread-15] c.d.c.web.AccountsTransferController     : Exception occurs

com.dws.challenge.exception.InsufficientBalanceException: Insufficient Balance in account Account123
	at com.dws.challenge.service.TransferService.transferAmount(TransferService.java:21) ~[main/:na]
	at com.dws.challenge.web.AccountsTransferController.transferAmount(AccountsTransferController.java:64) ~[main/:na]
	at com.dws.challenge.ConcurrentTransferTest.lambda$concurrentTransferTest$0(ConcurrentTransferTest.java:63) ~[test/:na]
	at java.base/java.util.concurrent.ThreadPoolExecutor.runWorker(ThreadPoolExecutor.java:1136) ~[na:na]
	at java.base/java.util.concurrent.ThreadPoolExecutor$Worker.run(ThreadPoolExecutor.java:635) ~[na:na]
	at java.base/java.lang.Thread.run(Thread.java:842) ~[na:na]

2024-02-22T18:23:40.500+05:30  INFO 11235 --- [ool-2-thread-13] c.dws.challenge.service.TransferService  : compareBalance -1 
2024-02-22T18:23:40.500+05:30 ERROR 11235 --- [ool-2-thread-11] c.d.c.web.AccountsTransferController     : Exception occurs

com.dws.challenge.exception.InsufficientBalanceException: Insufficient Balance in account Account123
	at com.dws.challenge.service.TransferService.transferAmount(TransferService.java:21) ~[main/:na]
	at com.dws.challenge.web.AccountsTransferController.transferAmount(AccountsTransferController.java:64) ~[main/:na]
	at com.dws.challenge.ConcurrentTransferTest.lambda$concurrentTransferTest$0(ConcurrentTransferTest.java:63) ~[test/:na]
	at java.base/java.util.concurrent.ThreadPoolExecutor.runWorker(ThreadPoolExecutor.java:1136) ~[na:na]
	at java.base/java.util.concurrent.ThreadPoolExecutor$Worker.run(ThreadPoolExecutor.java:635) ~[na:na]
	at java.base/java.lang.Thread.run(Thread.java:842) ~[na:na]

2024-02-22T18:23:40.500+05:30  INFO 11235 --- [ool-2-thread-12] c.dws.challenge.service.TransferService  : compareBalance -1 
2024-02-22T18:23:40.500+05:30 ERROR 11235 --- [ool-2-thread-13] c.d.c.web.AccountsTransferController     : Exception occurs

com.dws.challenge.exception.InsufficientBalanceException: Insufficient Balance in account Account123
	at com.dws.challenge.service.TransferService.transferAmount(TransferService.java:21) ~[main/:na]
	at com.dws.challenge.web.AccountsTransferController.transferAmount(AccountsTransferController.java:64) ~[main/:na]
	at com.dws.challenge.ConcurrentTransferTest.lambda$concurrentTransferTest$0(ConcurrentTransferTest.java:63) ~[test/:na]
	at java.base/java.util.concurrent.ThreadPoolExecutor.runWorker(ThreadPoolExecutor.java:1136) ~[na:na]
	at java.base/java.util.concurrent.ThreadPoolExecutor$Worker.run(ThreadPoolExecutor.java:635) ~[na:na]
	at java.base/java.lang.Thread.run(Thread.java:842) ~[na:na]

2024-02-22T18:23:40.501+05:30  INFO 11235 --- [ool-2-thread-10] c.dws.challenge.service.TransferService  : compareBalance -1 
2024-02-22T18:23:40.501+05:30 ERROR 11235 --- [ool-2-thread-12] c.d.c.web.AccountsTransferController     : Exception occurs

com.dws.challenge.exception.InsufficientBalanceException: Insufficient Balance in account Account123
	at com.dws.challenge.service.TransferService.transferAmount(TransferService.java:21) ~[main/:na]
	at com.dws.challenge.web.AccountsTransferController.transferAmount(AccountsTransferController.java:64) ~[main/:na]
	at com.dws.challenge.ConcurrentTransferTest.lambda$concurrentTransferTest$0(ConcurrentTransferTest.java:63) ~[test/:na]
	at java.base/java.util.concurrent.ThreadPoolExecutor.runWorker(ThreadPoolExecutor.java:1136) ~[na:na]
	at java.base/java.util.concurrent.ThreadPoolExecutor$Worker.run(ThreadPoolExecutor.java:635) ~[na:na]
	at java.base/java.lang.Thread.run(Thread.java:842) ~[na:na]

2024-02-22T18:23:40.501+05:30  INFO 11235 --- [pool-2-thread-9] c.dws.challenge.service.TransferService  : compareBalance -1 
2024-02-22T18:23:40.501+05:30 ERROR 11235 --- [ool-2-thread-10] c.d.c.web.AccountsTransferController     : Exception occurs

com.dws.challenge.exception.InsufficientBalanceException: Insufficient Balance in account Account123
	at com.dws.challenge.service.TransferService.transferAmount(TransferService.java:21) ~[main/:na]
	at com.dws.challenge.web.AccountsTransferController.transferAmount(AccountsTransferController.java:64) ~[main/:na]
	at com.dws.challenge.ConcurrentTransferTest.lambda$concurrentTransferTest$0(ConcurrentTransferTest.java:63) ~[test/:na]
	at java.base/java.util.concurrent.ThreadPoolExecutor.runWorker(ThreadPoolExecutor.java:1136) ~[na:na]
	at java.base/java.util.concurrent.ThreadPoolExecutor$Worker.run(ThreadPoolExecutor.java:635) ~[na:na]
	at java.base/java.lang.Thread.run(Thread.java:842) ~[na:na]

2024-02-22T18:23:40.502+05:30 ERROR 11235 --- [pool-2-thread-9] c.d.c.web.AccountsTransferController     : Exception occurs

com.dws.challenge.exception.InsufficientBalanceException: Insufficient Balance in account Account123
	at com.dws.challenge.service.TransferService.transferAmount(TransferService.java:21) ~[main/:na]
	at com.dws.challenge.web.AccountsTransferController.transferAmount(AccountsTransferController.java:64) ~[main/:na]
	at com.dws.challenge.ConcurrentTransferTest.lambda$concurrentTransferTest$0(ConcurrentTransferTest.java:63) ~[test/:na]
	at java.base/java.util.concurrent.ThreadPoolExecutor.runWorker(ThreadPoolExecutor.java:1136) ~[na:na]
	at java.base/java.util.concurrent.ThreadPoolExecutor$Worker.run(ThreadPoolExecutor.java:635) ~[na:na]
	at java.base/java.lang.Thread.run(Thread.java:842) ~[na:na]

2024-02-22T18:23:40.502+05:30  INFO 11235 --- [pool-2-thread-6] c.dws.challenge.service.TransferService  : compareBalance -1 
2024-02-22T18:23:40.502+05:30  INFO 11235 --- [pool-2-thread-3] c.dws.challenge.service.TransferService  : compareBalance -1 
2024-02-22T18:23:40.502+05:30 ERROR 11235 --- [pool-2-thread-6] c.d.c.web.AccountsTransferController     : Exception occurs

com.dws.challenge.exception.InsufficientBalanceException: Insufficient Balance in account Account123
	at com.dws.challenge.service.TransferService.transferAmount(TransferService.java:21) ~[main/:na]
	at com.dws.challenge.web.AccountsTransferController.transferAmount(AccountsTransferController.java:64) ~[main/:na]
	at com.dws.challenge.ConcurrentTransferTest.lambda$concurrentTransferTest$0(ConcurrentTransferTest.java:63) ~[test/:na]
	at java.base/java.util.concurrent.ThreadPoolExecutor.runWorker(ThreadPoolExecutor.java:1136) ~[na:na]
	at java.base/java.util.concurrent.ThreadPoolExecutor$Worker.run(ThreadPoolExecutor.java:635) ~[na:na]
	at java.base/java.lang.Thread.run(Thread.java:842) ~[na:na]

2024-02-22T18:23:40.502+05:30  INFO 11235 --- [pool-2-thread-2] c.dws.challenge.service.TransferService  : compareBalance -1 
2024-02-22T18:23:40.502+05:30 ERROR 11235 --- [pool-2-thread-3] c.d.c.web.AccountsTransferController     : Exception occurs

com.dws.challenge.exception.InsufficientBalanceException: Insufficient Balance in account Account123
	at com.dws.challenge.service.TransferService.transferAmount(TransferService.java:21) ~[main/:na]
	at com.dws.challenge.web.AccountsTransferController.transferAmount(AccountsTransferController.java:64) ~[main/:na]
	at com.dws.challenge.ConcurrentTransferTest.lambda$concurrentTransferTest$0(ConcurrentTransferTest.java:63) ~[test/:na]
	at java.base/java.util.concurrent.ThreadPoolExecutor.runWorker(ThreadPoolExecutor.java:1136) ~[na:na]
	at java.base/java.util.concurrent.ThreadPoolExecutor$Worker.run(ThreadPoolExecutor.java:635) ~[na:na]
	at java.base/java.lang.Thread.run(Thread.java:842) ~[na:na]

2024-02-22T18:23:40.503+05:30  INFO 11235 --- [pool-2-thread-8] c.dws.challenge.service.TransferService  : compareBalance -1 
2024-02-22T18:23:40.503+05:30 ERROR 11235 --- [pool-2-thread-2] c.d.c.web.AccountsTransferController     : Exception occurs

com.dws.challenge.exception.InsufficientBalanceException: Insufficient Balance in account Account123
	at com.dws.challenge.service.TransferService.transferAmount(TransferService.java:21) ~[main/:na]
	at com.dws.challenge.web.AccountsTransferController.transferAmount(AccountsTransferController.java:64) ~[main/:na]
	at com.dws.challenge.ConcurrentTransferTest.lambda$concurrentTransferTest$0(ConcurrentTransferTest.java:63) ~[test/:na]
	at java.base/java.util.concurrent.ThreadPoolExecutor.runWorker(ThreadPoolExecutor.java:1136) ~[na:na]
	at java.base/java.util.concurrent.ThreadPoolExecutor$Worker.run(ThreadPoolExecutor.java:635) ~[na:na]
	at java.base/java.lang.Thread.run(Thread.java:842) ~[na:na]

2024-02-22T18:23:40.503+05:30  INFO 11235 --- [pool-2-thread-4] c.dws.challenge.service.TransferService  : compareBalance -1 
2024-02-22T18:23:40.503+05:30 ERROR 11235 --- [pool-2-thread-8] c.d.c.web.AccountsTransferController     : Exception occurs

com.dws.challenge.exception.InsufficientBalanceException: Insufficient Balance in account Account123
	at com.dws.challenge.service.TransferService.transferAmount(TransferService.java:21) ~[main/:na]
	at com.dws.challenge.web.AccountsTransferController.transferAmount(AccountsTransferController.java:64) ~[main/:na]
	at com.dws.challenge.ConcurrentTransferTest.lambda$concurrentTransferTest$0(ConcurrentTransferTest.java:63) ~[test/:na]
	at java.base/java.util.concurrent.ThreadPoolExecutor.runWorker(ThreadPoolExecutor.java:1136) ~[na:na]
	at java.base/java.util.concurrent.ThreadPoolExecutor$Worker.run(ThreadPoolExecutor.java:635) ~[na:na]
	at java.base/java.lang.Thread.run(Thread.java:842) ~[na:na]

2024-02-22T18:23:40.504+05:30 ERROR 11235 --- [pool-2-thread-4] c.d.c.web.AccountsTransferController     : Exception occurs

com.dws.challenge.exception.InsufficientBalanceException: Insufficient Balance in account Account123
	at com.dws.challenge.service.TransferService.transferAmount(TransferService.java:21) ~[main/:na]
	at com.dws.challenge.web.AccountsTransferController.transferAmount(AccountsTransferController.java:64) ~[main/:na]
	at com.dws.challenge.ConcurrentTransferTest.lambda$concurrentTransferTest$0(ConcurrentTransferTest.java:63) ~[test/:na]
	at java.base/java.util.concurrent.ThreadPoolExecutor.runWorker(ThreadPoolExecutor.java:1136) ~[na:na]
	at java.base/java.util.concurrent.ThreadPoolExecutor$Worker.run(ThreadPoolExecutor.java:635) ~[na:na]
	at java.base/java.lang.Thread.run(Thread.java:842) ~[na:na]

2024-02-22T18:23:40.504+05:30  INFO 11235 --- [pool-2-thread-7] c.dws.challenge.service.TransferService  : compareBalance -1 
2024-02-22T18:23:40.505+05:30  INFO 11235 --- [ool-2-thread-19] c.dws.challenge.service.TransferService  : compareBalance -1 
2024-02-22T18:23:40.505+05:30 ERROR 11235 --- [pool-2-thread-7] c.d.c.web.AccountsTransferController     : Exception occurs

com.dws.challenge.exception.InsufficientBalanceException: Insufficient Balance in account Account123
	at com.dws.challenge.service.TransferService.transferAmount(TransferService.java:21) ~[main/:na]
	at com.dws.challenge.web.AccountsTransferController.transferAmount(AccountsTransferController.java:64) ~[main/:na]
	at com.dws.challenge.ConcurrentTransferTest.lambda$concurrentTransferTest$0(ConcurrentTransferTest.java:63) ~[test/:na]
	at java.base/java.util.concurrent.ThreadPoolExecutor.runWorker(ThreadPoolExecutor.java:1136) ~[na:na]
	at java.base/java.util.concurrent.ThreadPoolExecutor$Worker.run(ThreadPoolExecutor.java:635) ~[na:na]
	at java.base/java.lang.Thread.run(Thread.java:842) ~[na:na]

2024-02-22T18:23:40.506+05:30  INFO 11235 --- [ool-2-thread-17] c.dws.challenge.service.TransferService  : compareBalance -1 
2024-02-22T18:23:40.506+05:30 ERROR 11235 --- [ool-2-thread-19] c.d.c.web.AccountsTransferController     : Exception occurs

com.dws.challenge.exception.InsufficientBalanceException: Insufficient Balance in account Account123
	at com.dws.challenge.service.TransferService.transferAmount(TransferService.java:21) ~[main/:na]
	at com.dws.challenge.web.AccountsTransferController.transferAmount(AccountsTransferController.java:64) ~[main/:na]
	at com.dws.challenge.ConcurrentTransferTest.lambda$concurrentTransferTest$0(ConcurrentTransferTest.java:63) ~[test/:na]
	at java.base/java.util.concurrent.ThreadPoolExecutor.runWorker(ThreadPoolExecutor.java:1136) ~[na:na]
	at java.base/java.util.concurrent.ThreadPoolExecutor$Worker.run(ThreadPoolExecutor.java:635) ~[na:na]
	at java.base/java.lang.Thread.run(Thread.java:842) ~[na:na]

2024-02-22T18:23:40.506+05:30 ERROR 11235 --- [ool-2-thread-17] c.d.c.web.AccountsTransferController     : Exception occurs

com.dws.challenge.exception.InsufficientBalanceException: Insufficient Balance in account Account123
	at com.dws.challenge.service.TransferService.transferAmount(TransferService.java:21) ~[main/:na]
	at com.dws.challenge.web.AccountsTransferController.transferAmount(AccountsTransferController.java:64) ~[main/:na]
	at com.dws.challenge.ConcurrentTransferTest.lambda$concurrentTransferTest$0(ConcurrentTransferTest.java:63) ~[test/:na]
	at java.base/java.util.concurrent.ThreadPoolExecutor.runWorker(ThreadPoolExecutor.java:1136) ~[na:na]
	at java.base/java.util.concurrent.ThreadPoolExecutor$Worker.run(ThreadPoolExecutor.java:635) ~[na:na]
	at java.base/java.lang.Thread.run(Thread.java:842) ~[na:na]

2024-02-22T18:23:40.507+05:30  INFO 11235 --- [pool-2-thread-1] c.dws.challenge.service.TransferService  : compareBalance -1 
2024-02-22T18:23:40.509+05:30 ERROR 11235 --- [pool-2-thread-1] c.d.c.web.AccountsTransferController     : Exception occurs

com.dws.challenge.exception.InsufficientBalanceException: Insufficient Balance in account Account123
	at com.dws.challenge.service.TransferService.transferAmount(TransferService.java:21) ~[main/:na]
	at com.dws.challenge.web.AccountsTransferController.transferAmount(AccountsTransferController.java:64) ~[main/:na]
	at com.dws.challenge.ConcurrentTransferTest.lambda$concurrentTransferTest$0(ConcurrentTransferTest.java:63) ~[test/:na]
	at java.base/java.util.concurrent.ThreadPoolExecutor.runWorker(ThreadPoolExecutor.java:1136) ~[na:na]
	at java.base/java.util.concurrent.ThreadPoolExecutor$Worker.run(ThreadPoolExecutor.java:635) ~[na:na]
	at java.base/java.lang.Thread.run(Thread.java:842) ~[na:na]

2024-02-22T18:23:40.510+05:30  INFO 11235 --- [pool-2-thread-5] c.dws.challenge.service.TransferService  : compareBalance -1 
2024-02-22T18:23:40.511+05:30 ERROR 11235 --- [pool-2-thread-5] c.d.c.web.AccountsTransferController     : Exception occurs

com.dws.challenge.exception.InsufficientBalanceException: Insufficient Balance in account Account123
	at com.dws.challenge.service.TransferService.transferAmount(TransferService.java:21) ~[main/:na]
	at com.dws.challenge.web.AccountsTransferController.transferAmount(AccountsTransferController.java:64) ~[main/:na]
	at com.dws.challenge.ConcurrentTransferTest.lambda$concurrentTransferTest$0(ConcurrentTransferTest.java:63) ~[test/:na]
	at java.base/java.util.concurrent.ThreadPoolExecutor.runWorker(ThreadPoolExecutor.java:1136) ~[na:na]
	at java.base/java.util.concurrent.ThreadPoolExecutor$Worker.run(ThreadPoolExecutor.java:635) ~[na:na]
	at java.base/java.lang.Thread.run(Thread.java:842) ~[na:na]

2024-02-22T18:23:40.528+05:30  INFO 11235 --- [pool-3-thread-3] c.d.c.web.AccountsTransferController     : Transfer Amount  Transfer(accountFrom=Account123, accountTo=Account124, amount=1000)
2024-02-22T18:23:40.528+05:30  INFO 11235 --- [ool-3-thread-10] c.d.c.web.AccountsTransferController     : Transfer Amount  Transfer(accountFrom=Account123, accountTo=Account124, amount=1000)
2024-02-22T18:23:40.528+05:30  INFO 11235 --- [pool-3-thread-1] c.d.c.web.AccountsTransferController     : Transfer Amount  Transfer(accountFrom=Account123, accountTo=Account124, amount=1000)
2024-02-22T18:23:40.528+05:30  INFO 11235 --- [pool-3-thread-7] c.d.c.web.AccountsTransferController     : Transfer Amount  Transfer(accountFrom=Account123, accountTo=Account124, amount=1000)
2024-02-22T18:23:40.529+05:30  INFO 11235 --- [ool-3-thread-16] c.d.c.web.AccountsTransferController     : Transfer Amount  Transfer(accountFrom=Account123, accountTo=Account124, amount=1000)
2024-02-22T18:23:40.528+05:30  INFO 11235 --- [ool-3-thread-20] c.d.c.web.AccountsTransferController     : Transfer Amount  Transfer(accountFrom=Account123, accountTo=Account124, amount=1000)
2024-02-22T18:23:40.528+05:30  INFO 11235 --- [pool-3-thread-4] c.d.c.web.AccountsTransferController     : Transfer Amount  Transfer(accountFrom=Account123, accountTo=Account124, amount=1000)
2024-02-22T18:23:40.528+05:30  INFO 11235 --- [pool-3-thread-2] c.d.c.web.AccountsTransferController     : Transfer Amount  Transfer(accountFrom=Account123, accountTo=Account124, amount=1000)
2024-02-22T18:23:40.528+05:30  INFO 11235 --- [pool-3-thread-8] c.d.c.web.AccountsTransferController     : Transfer Amount  Transfer(accountFrom=Account123, accountTo=Account124, amount=1000)
2024-02-22T18:23:40.528+05:30  INFO 11235 --- [pool-3-thread-9] c.d.c.web.AccountsTransferController     : Transfer Amount  Transfer(accountFrom=Account123, accountTo=Account124, amount=1000)
2024-02-22T18:23:40.528+05:30  INFO 11235 --- [pool-3-thread-5] c.d.c.web.AccountsTransferController     : Transfer Amount  Transfer(accountFrom=Account123, accountTo=Account124, amount=1000)
2024-02-22T18:23:40.528+05:30  INFO 11235 --- [pool-3-thread-6] c.d.c.web.AccountsTransferController     : Transfer Amount  Transfer(accountFrom=Account123, accountTo=Account124, amount=1000)
2024-02-22T18:23:40.528+05:30  INFO 11235 --- [ool-3-thread-11] c.d.c.web.AccountsTransferController     : Transfer Amount  Transfer(accountFrom=Account123, accountTo=Account124, amount=1000)
2024-02-22T18:23:40.528+05:30  INFO 11235 --- [ool-3-thread-12] c.d.c.web.AccountsTransferController     : Transfer Amount  Transfer(accountFrom=Account123, accountTo=Account124, amount=1000)
2024-02-22T18:23:40.528+05:30  INFO 11235 --- [pool-3-thread-3] c.dws.challenge.service.TransferService  : compareBalance 0 
2024-02-22T18:23:40.528+05:30  INFO 11235 --- [ool-3-thread-14] c.d.c.web.AccountsTransferController     : Transfer Amount  Transfer(accountFrom=Account123, accountTo=Account124, amount=1000)
2024-02-22T18:23:40.528+05:30  INFO 11235 --- [ool-3-thread-13] c.d.c.web.AccountsTransferController     : Transfer Amount  Transfer(accountFrom=Account123, accountTo=Account124, amount=1000)
2024-02-22T18:23:40.530+05:30  INFO 11235 --- [pool-3-thread-3] c.d.c.service.EmailNotificationService   : Sending notification to owner of Account123: 1000 has been debited and transferred to account Account124
2024-02-22T18:23:40.529+05:30  INFO 11235 --- [ool-3-thread-19] c.d.c.web.AccountsTransferController     : Transfer Amount  Transfer(accountFrom=Account123, accountTo=Account124, amount=1000)
2024-02-22T18:23:40.529+05:30  INFO 11235 --- [ool-3-thread-17] c.d.c.web.AccountsTransferController     : Transfer Amount  Transfer(accountFrom=Account123, accountTo=Account124, amount=1000)
2024-02-22T18:23:40.529+05:30  INFO 11235 --- [ool-3-thread-15] c.d.c.web.AccountsTransferController     : Transfer Amount  Transfer(accountFrom=Account123, accountTo=Account124, amount=1000)
2024-02-22T18:23:40.529+05:30  INFO 11235 --- [ool-3-thread-18] c.d.c.web.AccountsTransferController     : Transfer Amount  Transfer(accountFrom=Account123, accountTo=Account124, amount=1000)
2024-02-22T18:23:40.530+05:30  INFO 11235 --- [pool-3-thread-3] c.d.c.service.EmailNotificationService   : Sending notification to owner of Account124: 1000 has been credited to your account from account Account123
2024-02-22T18:23:40.531+05:30  INFO 11235 --- [pool-3-thread-3] c.d.c.web.AccountsTransferController     : notification sent successfully
2024-02-22T18:23:40.531+05:30  INFO 11235 --- [ool-3-thread-18] c.dws.challenge.service.TransferService  : compareBalance -1 
2024-02-22T18:23:40.531+05:30  INFO 11235 --- [ool-3-thread-15] c.dws.challenge.service.TransferService  : compareBalance -1 
2024-02-22T18:23:40.531+05:30 ERROR 11235 --- [ool-3-thread-18] c.d.c.web.AccountsTransferController     : Exception occurs

com.dws.challenge.exception.InsufficientBalanceException: Insufficient Balance in account Account123
	at com.dws.challenge.service.TransferService.transferAmount(TransferService.java:21) ~[main/:na]
	at com.dws.challenge.web.AccountsTransferController.transferAmount(AccountsTransferController.java:64) ~[main/:na]
	at com.dws.challenge.ConcurrentTransferTest.lambda$concurrentTransferTest$0(ConcurrentTransferTest.java:63) ~[test/:na]
	at java.base/java.util.concurrent.ThreadPoolExecutor.runWorker(ThreadPoolExecutor.java:1136) ~[na:na]
	at java.base/java.util.concurrent.ThreadPoolExecutor$Worker.run(ThreadPoolExecutor.java:635) ~[na:na]
	at java.base/java.lang.Thread.run(Thread.java:842) ~[na:na]

2024-02-22T18:23:40.531+05:30  INFO 11235 --- [ool-3-thread-17] c.dws.challenge.service.TransferService  : compareBalance -1 
2024-02-22T18:23:40.531+05:30 ERROR 11235 --- [ool-3-thread-15] c.d.c.web.AccountsTransferController     : Exception occurs

com.dws.challenge.exception.InsufficientBalanceException: Insufficient Balance in account Account123
	at com.dws.challenge.service.TransferService.transferAmount(TransferService.java:21) ~[main/:na]
	at com.dws.challenge.web.AccountsTransferController.transferAmount(AccountsTransferController.java:64) ~[main/:na]
	at com.dws.challenge.ConcurrentTransferTest.lambda$concurrentTransferTest$0(ConcurrentTransferTest.java:63) ~[test/:na]
	at java.base/java.util.concurrent.ThreadPoolExecutor.runWorker(ThreadPoolExecutor.java:1136) ~[na:na]
	at java.base/java.util.concurrent.ThreadPoolExecutor$Worker.run(ThreadPoolExecutor.java:635) ~[na:na]
	at java.base/java.lang.Thread.run(Thread.java:842) ~[na:na]

2024-02-22T18:23:40.532+05:30  INFO 11235 --- [ool-3-thread-19] c.dws.challenge.service.TransferService  : compareBalance -1 
2024-02-22T18:23:40.532+05:30 ERROR 11235 --- [ool-3-thread-17] c.d.c.web.AccountsTransferController     : Exception occurs

com.dws.challenge.exception.InsufficientBalanceException: Insufficient Balance in account Account123
	at com.dws.challenge.service.TransferService.transferAmount(TransferService.java:21) ~[main/:na]
	at com.dws.challenge.web.AccountsTransferController.transferAmount(AccountsTransferController.java:64) ~[main/:na]
	at com.dws.challenge.ConcurrentTransferTest.lambda$concurrentTransferTest$0(ConcurrentTransferTest.java:63) ~[test/:na]
	at java.base/java.util.concurrent.ThreadPoolExecutor.runWorker(ThreadPoolExecutor.java:1136) ~[na:na]
	at java.base/java.util.concurrent.ThreadPoolExecutor$Worker.run(ThreadPoolExecutor.java:635) ~[na:na]
	at java.base/java.lang.Thread.run(Thread.java:842) ~[na:na]

2024-02-22T18:23:40.532+05:30  INFO 11235 --- [ool-3-thread-13] c.dws.challenge.service.TransferService  : compareBalance -1 
2024-02-22T18:23:40.532+05:30 ERROR 11235 --- [ool-3-thread-19] c.d.c.web.AccountsTransferController     : Exception occurs

com.dws.challenge.exception.InsufficientBalanceException: Insufficient Balance in account Account123
	at com.dws.challenge.service.TransferService.transferAmount(TransferService.java:21) ~[main/:na]
	at com.dws.challenge.web.AccountsTransferController.transferAmount(AccountsTransferController.java:64) ~[main/:na]
	at com.dws.challenge.ConcurrentTransferTest.lambda$concurrentTransferTest$0(ConcurrentTransferTest.java:63) ~[test/:na]
	at java.base/java.util.concurrent.ThreadPoolExecutor.runWorker(ThreadPoolExecutor.java:1136) ~[na:na]
	at java.base/java.util.concurrent.ThreadPoolExecutor$Worker.run(ThreadPoolExecutor.java:635) ~[na:na]
	at java.base/java.lang.Thread.run(Thread.java:842) ~[na:na]

2024-02-22T18:23:40.532+05:30  INFO 11235 --- [ool-3-thread-14] c.dws.challenge.service.TransferService  : compareBalance -1 
2024-02-22T18:23:40.532+05:30 ERROR 11235 --- [ool-3-thread-13] c.d.c.web.AccountsTransferController     : Exception occurs

com.dws.challenge.exception.InsufficientBalanceException: Insufficient Balance in account Account123
	at com.dws.challenge.service.TransferService.transferAmount(TransferService.java:21) ~[main/:na]
	at com.dws.challenge.web.AccountsTransferController.transferAmount(AccountsTransferController.java:64) ~[main/:na]
	at com.dws.challenge.ConcurrentTransferTest.lambda$concurrentTransferTest$0(ConcurrentTransferTest.java:63) ~[test/:na]
	at java.base/java.util.concurrent.ThreadPoolExecutor.runWorker(ThreadPoolExecutor.java:1136) ~[na:na]
	at java.base/java.util.concurrent.ThreadPoolExecutor$Worker.run(ThreadPoolExecutor.java:635) ~[na:na]
	at java.base/java.lang.Thread.run(Thread.java:842) ~[na:na]

2024-02-22T18:23:40.533+05:30 ERROR 11235 --- [ool-3-thread-14] c.d.c.web.AccountsTransferController     : Exception occurs

com.dws.challenge.exception.InsufficientBalanceException: Insufficient Balance in account Account123
	at com.dws.challenge.service.TransferService.transferAmount(TransferService.java:21) ~[main/:na]
	at com.dws.challenge.web.AccountsTransferController.transferAmount(AccountsTransferController.java:64) ~[main/:na]
	at com.dws.challenge.ConcurrentTransferTest.lambda$concurrentTransferTest$0(ConcurrentTransferTest.java:63) ~[test/:na]
	at java.base/java.util.concurrent.ThreadPoolExecutor.runWorker(ThreadPoolExecutor.java:1136) ~[na:na]
	at java.base/java.util.concurrent.ThreadPoolExecutor$Worker.run(ThreadPoolExecutor.java:635) ~[na:na]
	at java.base/java.lang.Thread.run(Thread.java:842) ~[na:na]

2024-02-22T18:23:40.533+05:30  INFO 11235 --- [ool-3-thread-12] c.dws.challenge.service.TransferService  : compareBalance -1 
2024-02-22T18:23:40.533+05:30  INFO 11235 --- [ool-3-thread-11] c.dws.challenge.service.TransferService  : compareBalance -1 
2024-02-22T18:23:40.533+05:30 ERROR 11235 --- [ool-3-thread-12] c.d.c.web.AccountsTransferController     : Exception occurs

com.dws.challenge.exception.InsufficientBalanceException: Insufficient Balance in account Account123
	at com.dws.challenge.service.TransferService.transferAmount(TransferService.java:21) ~[main/:na]
	at com.dws.challenge.web.AccountsTransferController.transferAmount(AccountsTransferController.java:64) ~[main/:na]
	at com.dws.challenge.ConcurrentTransferTest.lambda$concurrentTransferTest$0(ConcurrentTransferTest.java:63) ~[test/:na]
	at java.base/java.util.concurrent.ThreadPoolExecutor.runWorker(ThreadPoolExecutor.java:1136) ~[na:na]
	at java.base/java.util.concurrent.ThreadPoolExecutor$Worker.run(ThreadPoolExecutor.java:635) ~[na:na]
	at java.base/java.lang.Thread.run(Thread.java:842) ~[na:na]

2024-02-22T18:23:40.534+05:30  INFO 11235 --- [pool-3-thread-6] c.dws.challenge.service.TransferService  : compareBalance -1 
2024-02-22T18:23:40.533+05:30 ERROR 11235 --- [ool-3-thread-11] c.d.c.web.AccountsTransferController     : Exception occurs

com.dws.challenge.exception.InsufficientBalanceException: Insufficient Balance in account Account123
	at com.dws.challenge.service.TransferService.transferAmount(TransferService.java:21) ~[main/:na]
	at com.dws.challenge.web.AccountsTransferController.transferAmount(AccountsTransferController.java:64) ~[main/:na]
	at com.dws.challenge.ConcurrentTransferTest.lambda$concurrentTransferTest$0(ConcurrentTransferTest.java:63) ~[test/:na]
	at java.base/java.util.concurrent.ThreadPoolExecutor.runWorker(ThreadPoolExecutor.java:1136) ~[na:na]
	at java.base/java.util.concurrent.ThreadPoolExecutor$Worker.run(ThreadPoolExecutor.java:635) ~[na:na]
	at java.base/java.lang.Thread.run(Thread.java:842) ~[na:na]

2024-02-22T18:23:40.534+05:30 ERROR 11235 --- [pool-3-thread-6] c.d.c.web.AccountsTransferController     : Exception occurs

com.dws.challenge.exception.InsufficientBalanceException: Insufficient Balance in account Account123
	at com.dws.challenge.service.TransferService.transferAmount(TransferService.java:21) ~[main/:na]
	at com.dws.challenge.web.AccountsTransferController.transferAmount(AccountsTransferController.java:64) ~[main/:na]
	at com.dws.challenge.ConcurrentTransferTest.lambda$concurrentTransferTest$0(ConcurrentTransferTest.java:63) ~[test/:na]
	at java.base/java.util.concurrent.ThreadPoolExecutor.runWorker(ThreadPoolExecutor.java:1136) ~[na:na]
	at java.base/java.util.concurrent.ThreadPoolExecutor$Worker.run(ThreadPoolExecutor.java:635) ~[na:na]
	at java.base/java.lang.Thread.run(Thread.java:842) ~[na:na]

2024-02-22T18:23:40.534+05:30  INFO 11235 --- [pool-3-thread-5] c.dws.challenge.service.TransferService  : compareBalance -1 
2024-02-22T18:23:40.535+05:30  INFO 11235 --- [pool-3-thread-9] c.dws.challenge.service.TransferService  : compareBalance -1 
2024-02-22T18:23:40.535+05:30 ERROR 11235 --- [pool-3-thread-5] c.d.c.web.AccountsTransferController     : Exception occurs

com.dws.challenge.exception.InsufficientBalanceException: Insufficient Balance in account Account123
	at com.dws.challenge.service.TransferService.transferAmount(TransferService.java:21) ~[main/:na]
	at com.dws.challenge.web.AccountsTransferController.transferAmount(AccountsTransferController.java:64) ~[main/:na]
	at com.dws.challenge.ConcurrentTransferTest.lambda$concurrentTransferTest$0(ConcurrentTransferTest.java:63) ~[test/:na]
	at java.base/java.util.concurrent.ThreadPoolExecutor.runWorker(ThreadPoolExecutor.java:1136) ~[na:na]
	at java.base/java.util.concurrent.ThreadPoolExecutor$Worker.run(ThreadPoolExecutor.java:635) ~[na:na]
	at java.base/java.lang.Thread.run(Thread.java:842) ~[na:na]

2024-02-22T18:23:40.535+05:30  INFO 11235 --- [pool-3-thread-8] c.dws.challenge.service.TransferService  : compareBalance -1 
2024-02-22T18:23:40.535+05:30 ERROR 11235 --- [pool-3-thread-9] c.d.c.web.AccountsTransferController     : Exception occurs

com.dws.challenge.exception.InsufficientBalanceException: Insufficient Balance in account Account123
	at com.dws.challenge.service.TransferService.transferAmount(TransferService.java:21) ~[main/:na]
	at com.dws.challenge.web.AccountsTransferController.transferAmount(AccountsTransferController.java:64) ~[main/:na]
	at com.dws.challenge.ConcurrentTransferTest.lambda$concurrentTransferTest$0(ConcurrentTransferTest.java:63) ~[test/:na]
	at java.base/java.util.concurrent.ThreadPoolExecutor.runWorker(ThreadPoolExecutor.java:1136) ~[na:na]
	at java.base/java.util.concurrent.ThreadPoolExecutor$Worker.run(ThreadPoolExecutor.java:635) ~[na:na]
	at java.base/java.lang.Thread.run(Thread.java:842) ~[na:na]

2024-02-22T18:23:40.535+05:30  INFO 11235 --- [pool-3-thread-2] c.dws.challenge.service.TransferService  : compareBalance -1 
2024-02-22T18:23:40.535+05:30 ERROR 11235 --- [pool-3-thread-8] c.d.c.web.AccountsTransferController     : Exception occurs

com.dws.challenge.exception.InsufficientBalanceException: Insufficient Balance in account Account123
	at com.dws.challenge.service.TransferService.transferAmount(TransferService.java:21) ~[main/:na]
	at com.dws.challenge.web.AccountsTransferController.transferAmount(AccountsTransferController.java:64) ~[main/:na]
	at com.dws.challenge.ConcurrentTransferTest.lambda$concurrentTransferTest$0(ConcurrentTransferTest.java:63) ~[test/:na]
	at java.base/java.util.concurrent.ThreadPoolExecutor.runWorker(ThreadPoolExecutor.java:1136) ~[na:na]
	at java.base/java.util.concurrent.ThreadPoolExecutor$Worker.run(ThreadPoolExecutor.java:635) ~[na:na]
	at java.base/java.lang.Thread.run(Thread.java:842) ~[na:na]

2024-02-22T18:23:40.536+05:30  INFO 11235 --- [pool-3-thread-4] c.dws.challenge.service.TransferService  : compareBalance -1 
2024-02-22T18:23:40.536+05:30 ERROR 11235 --- [pool-3-thread-2] c.d.c.web.AccountsTransferController     : Exception occurs

com.dws.challenge.exception.InsufficientBalanceException: Insufficient Balance in account Account123
	at com.dws.challenge.service.TransferService.transferAmount(TransferService.java:21) ~[main/:na]
	at com.dws.challenge.web.AccountsTransferController.transferAmount(AccountsTransferController.java:64) ~[main/:na]
	at com.dws.challenge.ConcurrentTransferTest.lambda$concurrentTransferTest$0(ConcurrentTransferTest.java:63) ~[test/:na]
	at java.base/java.util.concurrent.ThreadPoolExecutor.runWorker(ThreadPoolExecutor.java:1136) ~[na:na]
	at java.base/java.util.concurrent.ThreadPoolExecutor$Worker.run(ThreadPoolExecutor.java:635) ~[na:na]
	at java.base/java.lang.Thread.run(Thread.java:842) ~[na:na]

2024-02-22T18:23:40.536+05:30  INFO 11235 --- [ool-3-thread-20] c.dws.challenge.service.TransferService  : compareBalance -1 
2024-02-22T18:23:40.536+05:30 ERROR 11235 --- [pool-3-thread-4] c.d.c.web.AccountsTransferController     : Exception occurs

com.dws.challenge.exception.InsufficientBalanceException: Insufficient Balance in account Account123
	at com.dws.challenge.service.TransferService.transferAmount(TransferService.java:21) ~[main/:na]
	at com.dws.challenge.web.AccountsTransferController.transferAmount(AccountsTransferController.java:64) ~[main/:na]
	at com.dws.challenge.ConcurrentTransferTest.lambda$concurrentTransferTest$0(ConcurrentTransferTest.java:63) ~[test/:na]
	at java.base/java.util.concurrent.ThreadPoolExecutor.runWorker(ThreadPoolExecutor.java:1136) ~[na:na]
	at java.base/java.util.concurrent.ThreadPoolExecutor$Worker.run(ThreadPoolExecutor.java:635) ~[na:na]
	at java.base/java.lang.Thread.run(Thread.java:842) ~[na:na]

2024-02-22T18:23:40.537+05:30  INFO 11235 --- [ool-3-thread-16] c.dws.challenge.service.TransferService  : compareBalance -1 
2024-02-22T18:23:40.537+05:30 ERROR 11235 --- [ool-3-thread-20] c.d.c.web.AccountsTransferController     : Exception occurs

com.dws.challenge.exception.InsufficientBalanceException: Insufficient Balance in account Account123
	at com.dws.challenge.service.TransferService.transferAmount(TransferService.java:21) ~[main/:na]
	at com.dws.challenge.web.AccountsTransferController.transferAmount(AccountsTransferController.java:64) ~[main/:na]
	at com.dws.challenge.ConcurrentTransferTest.lambda$concurrentTransferTest$0(ConcurrentTransferTest.java:63) ~[test/:na]
	at java.base/java.util.concurrent.ThreadPoolExecutor.runWorker(ThreadPoolExecutor.java:1136) ~[na:na]
	at java.base/java.util.concurrent.ThreadPoolExecutor$Worker.run(ThreadPoolExecutor.java:635) ~[na:na]
	at java.base/java.lang.Thread.run(Thread.java:842) ~[na:na]

2024-02-22T18:23:40.537+05:30 ERROR 11235 --- [ool-3-thread-16] c.d.c.web.AccountsTransferController     : Exception occurs

com.dws.challenge.exception.InsufficientBalanceException: Insufficient Balance in account Account123
	at com.dws.challenge.service.TransferService.transferAmount(TransferService.java:21) ~[main/:na]
	at com.dws.challenge.web.AccountsTransferController.transferAmount(AccountsTransferController.java:64) ~[main/:na]
	at com.dws.challenge.ConcurrentTransferTest.lambda$concurrentTransferTest$0(ConcurrentTransferTest.java:63) ~[test/:na]
	at java.base/java.util.concurrent.ThreadPoolExecutor.runWorker(ThreadPoolExecutor.java:1136) ~[na:na]
	at java.base/java.util.concurrent.ThreadPoolExecutor$Worker.run(ThreadPoolExecutor.java:635) ~[na:na]
	at java.base/java.lang.Thread.run(Thread.java:842) ~[na:na]

2024-02-22T18:23:40.537+05:30  INFO 11235 --- [pool-3-thread-7] c.dws.challenge.service.TransferService  : compareBalance -1 
2024-02-22T18:23:40.537+05:30  INFO 11235 --- [pool-3-thread-1] c.dws.challenge.service.TransferService  : compareBalance -1 
2024-02-22T18:23:40.537+05:30 ERROR 11235 --- [pool-3-thread-7] c.d.c.web.AccountsTransferController     : Exception occurs

com.dws.challenge.exception.InsufficientBalanceException: Insufficient Balance in account Account123
	at com.dws.challenge.service.TransferService.transferAmount(TransferService.java:21) ~[main/:na]
	at com.dws.challenge.web.AccountsTransferController.transferAmount(AccountsTransferController.java:64) ~[main/:na]
	at com.dws.challenge.ConcurrentTransferTest.lambda$concurrentTransferTest$0(ConcurrentTransferTest.java:63) ~[test/:na]
	at java.base/java.util.concurrent.ThreadPoolExecutor.runWorker(ThreadPoolExecutor.java:1136) ~[na:na]
	at java.base/java.util.concurrent.ThreadPoolExecutor$Worker.run(ThreadPoolExecutor.java:635) ~[na:na]
	at java.base/java.lang.Thread.run(Thread.java:842) ~[na:na]

2024-02-22T18:23:40.538+05:30 ERROR 11235 --- [pool-3-thread-1] c.d.c.web.AccountsTransferController     : Exception occurs

com.dws.challenge.exception.InsufficientBalanceException: Insufficient Balance in account Account123
	at com.dws.challenge.service.TransferService.transferAmount(TransferService.java:21) ~[main/:na]
	at com.dws.challenge.web.AccountsTransferController.transferAmount(AccountsTransferController.java:64) ~[main/:na]
	at com.dws.challenge.ConcurrentTransferTest.lambda$concurrentTransferTest$0(ConcurrentTransferTest.java:63) ~[test/:na]
	at java.base/java.util.concurrent.ThreadPoolExecutor.runWorker(ThreadPoolExecutor.java:1136) ~[na:na]
	at java.base/java.util.concurrent.ThreadPoolExecutor$Worker.run(ThreadPoolExecutor.java:635) ~[na:na]
	at java.base/java.lang.Thread.run(Thread.java:842) ~[na:na]

2024-02-22T18:23:40.538+05:30  INFO 11235 --- [ool-3-thread-10] c.dws.challenge.service.TransferService  : compareBalance -1 
2024-02-22T18:23:40.538+05:30 ERROR 11235 --- [ool-3-thread-10] c.d.c.web.AccountsTransferController     : Exception occurs

com.dws.challenge.exception.InsufficientBalanceException: Insufficient Balance in account Account123
	at com.dws.challenge.service.TransferService.transferAmount(TransferService.java:21) ~[main/:na]
	at com.dws.challenge.web.AccountsTransferController.transferAmount(AccountsTransferController.java:64) ~[main/:na]
	at com.dws.challenge.ConcurrentTransferTest.lambda$concurrentTransferTest$0(ConcurrentTransferTest.java:63) ~[test/:na]
	at java.base/java.util.concurrent.ThreadPoolExecutor.runWorker(ThreadPoolExecutor.java:1136) ~[na:na]
	at java.base/java.util.concurrent.ThreadPoolExecutor$Worker.run(ThreadPoolExecutor.java:635) ~[na:na]
	at java.base/java.lang.Thread.run(Thread.java:842) ~[na:na]

2024-02-22T18:23:40.548+05:30  INFO 11235 --- [ool-4-thread-20] c.d.c.web.AccountsTransferController     : Transfer Amount  Transfer(accountFrom=Account123, accountTo=Account124, amount=1000)
2024-02-22T18:23:40.548+05:30  INFO 11235 --- [pool-4-thread-5] c.d.c.web.AccountsTransferController     : Transfer Amount  Transfer(accountFrom=Account123, accountTo=Account124, amount=1000)
2024-02-22T18:23:40.548+05:30  INFO 11235 --- [ool-4-thread-18] c.d.c.web.AccountsTransferController     : Transfer Amount  Transfer(accountFrom=Account123, accountTo=Account124, amount=1000)
2024-02-22T18:23:40.546+05:30  INFO 11235 --- [pool-4-thread-2] c.d.c.web.AccountsTransferController     : Transfer Amount  Transfer(accountFrom=Account123, accountTo=Account124, amount=1000)
2024-02-22T18:23:40.548+05:30  INFO 11235 --- [pool-4-thread-7] c.d.c.web.AccountsTransferController     : Transfer Amount  Transfer(accountFrom=Account123, accountTo=Account124, amount=1000)
2024-02-22T18:23:40.546+05:30  INFO 11235 --- [pool-4-thread-1] c.d.c.web.AccountsTransferController     : Transfer Amount  Transfer(accountFrom=Account123, accountTo=Account124, amount=1000)
2024-02-22T18:23:40.546+05:30  INFO 11235 --- [pool-4-thread-4] c.d.c.web.AccountsTransferController     : Transfer Amount  Transfer(accountFrom=Account123, accountTo=Account124, amount=1000)
2024-02-22T18:23:40.546+05:30  INFO 11235 --- [pool-4-thread-3] c.d.c.web.AccountsTransferController     : Transfer Amount  Transfer(accountFrom=Account123, accountTo=Account124, amount=1000)
2024-02-22T18:23:40.548+05:30  INFO 11235 --- [pool-4-thread-9] c.d.c.web.AccountsTransferController     : Transfer Amount  Transfer(accountFrom=Account123, accountTo=Account124, amount=1000)
2024-02-22T18:23:40.548+05:30  INFO 11235 --- [pool-4-thread-6] c.d.c.web.AccountsTransferController     : Transfer Amount  Transfer(accountFrom=Account123, accountTo=Account124, amount=1000)
2024-02-22T18:23:40.548+05:30  INFO 11235 --- [pool-4-thread-8] c.d.c.web.AccountsTransferController     : Transfer Amount  Transfer(accountFrom=Account123, accountTo=Account124, amount=1000)
2024-02-22T18:23:40.548+05:30  INFO 11235 --- [ool-4-thread-12] c.d.c.web.AccountsTransferController     : Transfer Amount  Transfer(accountFrom=Account123, accountTo=Account124, amount=1000)
2024-02-22T18:23:40.548+05:30  INFO 11235 --- [ool-4-thread-11] c.d.c.web.AccountsTransferController     : Transfer Amount  Transfer(accountFrom=Account123, accountTo=Account124, amount=1000)
2024-02-22T18:23:40.548+05:30  INFO 11235 --- [ool-4-thread-10] c.d.c.web.AccountsTransferController     : Transfer Amount  Transfer(accountFrom=Account123, accountTo=Account124, amount=1000)
2024-02-22T18:23:40.548+05:30  INFO 11235 --- [ool-4-thread-13] c.d.c.web.AccountsTransferController     : Transfer Amount  Transfer(accountFrom=Account123, accountTo=Account124, amount=1000)
2024-02-22T18:23:40.548+05:30  INFO 11235 --- [ool-4-thread-14] c.d.c.web.AccountsTransferController     : Transfer Amount  Transfer(accountFrom=Account123, accountTo=Account124, amount=1000)
2024-02-22T18:23:40.548+05:30  INFO 11235 --- [ool-4-thread-16] c.d.c.web.AccountsTransferController     : Transfer Amount  Transfer(accountFrom=Account123, accountTo=Account124, amount=1000)
2024-02-22T18:23:40.548+05:30  INFO 11235 --- [ool-4-thread-15] c.d.c.web.AccountsTransferController     : Transfer Amount  Transfer(accountFrom=Account123, accountTo=Account124, amount=1000)
2024-02-22T18:23:40.548+05:30  INFO 11235 --- [ool-4-thread-20] c.dws.challenge.service.TransferService  : compareBalance 0 
2024-02-22T18:23:40.548+05:30  INFO 11235 --- [ool-4-thread-17] c.d.c.web.AccountsTransferController     : Transfer Amount  Transfer(accountFrom=Account123, accountTo=Account124, amount=1000)
2024-02-22T18:23:40.548+05:30  INFO 11235 --- [ool-4-thread-19] c.d.c.web.AccountsTransferController     : Transfer Amount  Transfer(accountFrom=Account123, accountTo=Account124, amount=1000)
2024-02-22T18:23:40.550+05:30  INFO 11235 --- [ool-4-thread-20] c.d.c.service.EmailNotificationService   : Sending notification to owner of Account123: 1000 has been debited and transferred to account Account124
2024-02-22T18:23:40.550+05:30  INFO 11235 --- [ool-4-thread-20] c.d.c.service.EmailNotificationService   : Sending notification to owner of Account124: 1000 has been credited to your account from account Account123
2024-02-22T18:23:40.550+05:30  INFO 11235 --- [ool-4-thread-20] c.d.c.web.AccountsTransferController     : notification sent successfully
2024-02-22T18:23:40.550+05:30  INFO 11235 --- [ool-4-thread-19] c.dws.challenge.service.TransferService  : compareBalance -1 
2024-02-22T18:23:40.550+05:30  INFO 11235 --- [ool-4-thread-17] c.dws.challenge.service.TransferService  : compareBalance -1 
2024-02-22T18:23:40.550+05:30 ERROR 11235 --- [ool-4-thread-19] c.d.c.web.AccountsTransferController     : Exception occurs

com.dws.challenge.exception.InsufficientBalanceException: Insufficient Balance in account Account123
	at com.dws.challenge.service.TransferService.transferAmount(TransferService.java:21) ~[main/:na]
	at com.dws.challenge.web.AccountsTransferController.transferAmount(AccountsTransferController.java:64) ~[main/:na]
	at com.dws.challenge.ConcurrentTransferTest.lambda$concurrentTransferTest$0(ConcurrentTransferTest.java:63) ~[test/:na]
	at java.base/java.util.concurrent.ThreadPoolExecutor.runWorker(ThreadPoolExecutor.java:1136) ~[na:na]
	at java.base/java.util.concurrent.ThreadPoolExecutor$Worker.run(ThreadPoolExecutor.java:635) ~[na:na]
	at java.base/java.lang.Thread.run(Thread.java:842) ~[na:na]

2024-02-22T18:23:40.551+05:30 ERROR 11235 --- [ool-4-thread-17] c.d.c.web.AccountsTransferController     : Exception occurs

com.dws.challenge.exception.InsufficientBalanceException: Insufficient Balance in account Account123
	at com.dws.challenge.service.TransferService.transferAmount(TransferService.java:21) ~[main/:na]
	at com.dws.challenge.web.AccountsTransferController.transferAmount(AccountsTransferController.java:64) ~[main/:na]
	at com.dws.challenge.ConcurrentTransferTest.lambda$concurrentTransferTest$0(ConcurrentTransferTest.java:63) ~[test/:na]
	at java.base/java.util.concurrent.ThreadPoolExecutor.runWorker(ThreadPoolExecutor.java:1136) ~[na:na]
	at java.base/java.util.concurrent.ThreadPoolExecutor$Worker.run(ThreadPoolExecutor.java:635) ~[na:na]
	at java.base/java.lang.Thread.run(Thread.java:842) ~[na:na]

2024-02-22T18:23:40.551+05:30  INFO 11235 --- [ool-4-thread-15] c.dws.challenge.service.TransferService  : compareBalance -1 
2024-02-22T18:23:40.551+05:30  INFO 11235 --- [ool-4-thread-16] c.dws.challenge.service.TransferService  : compareBalance -1 
2024-02-22T18:23:40.551+05:30 ERROR 11235 --- [ool-4-thread-15] c.d.c.web.AccountsTransferController     : Exception occurs

com.dws.challenge.exception.InsufficientBalanceException: Insufficient Balance in account Account123
	at com.dws.challenge.service.TransferService.transferAmount(TransferService.java:21) ~[main/:na]
	at com.dws.challenge.web.AccountsTransferController.transferAmount(AccountsTransferController.java:64) ~[main/:na]
	at com.dws.challenge.ConcurrentTransferTest.lambda$concurrentTransferTest$0(ConcurrentTransferTest.java:63) ~[test/:na]
	at java.base/java.util.concurrent.ThreadPoolExecutor.runWorker(ThreadPoolExecutor.java:1136) ~[na:na]
	at java.base/java.util.concurrent.ThreadPoolExecutor$Worker.run(ThreadPoolExecutor.java:635) ~[na:na]
	at java.base/java.lang.Thread.run(Thread.java:842) ~[na:na]

2024-02-22T18:23:40.551+05:30 ERROR 11235 --- [ool-4-thread-16] c.d.c.web.AccountsTransferController     : Exception occurs

com.dws.challenge.exception.InsufficientBalanceException: Insufficient Balance in account Account123
	at com.dws.challenge.service.TransferService.transferAmount(TransferService.java:21) ~[main/:na]
	at com.dws.challenge.web.AccountsTransferController.transferAmount(AccountsTransferController.java:64) ~[main/:na]
	at com.dws.challenge.ConcurrentTransferTest.lambda$concurrentTransferTest$0(ConcurrentTransferTest.java:63) ~[test/:na]
	at java.base/java.util.concurrent.ThreadPoolExecutor.runWorker(ThreadPoolExecutor.java:1136) ~[na:na]
	at java.base/java.util.concurrent.ThreadPoolExecutor$Worker.run(ThreadPoolExecutor.java:635) ~[na:na]
	at java.base/java.lang.Thread.run(Thread.java:842) ~[na:na]

2024-02-22T18:23:40.551+05:30  INFO 11235 --- [ool-4-thread-14] c.dws.challenge.service.TransferService  : compareBalance -1 
2024-02-22T18:23:40.552+05:30  INFO 11235 --- [ool-4-thread-13] c.dws.challenge.service.TransferService  : compareBalance -1 
2024-02-22T18:23:40.552+05:30 ERROR 11235 --- [ool-4-thread-14] c.d.c.web.AccountsTransferController     : Exception occurs

com.dws.challenge.exception.InsufficientBalanceException: Insufficient Balance in account Account123
	at com.dws.challenge.service.TransferService.transferAmount(TransferService.java:21) ~[main/:na]
	at com.dws.challenge.web.AccountsTransferController.transferAmount(AccountsTransferController.java:64) ~[main/:na]
	at com.dws.challenge.ConcurrentTransferTest.lambda$concurrentTransferTest$0(ConcurrentTransferTest.java:63) ~[test/:na]
	at java.base/java.util.concurrent.ThreadPoolExecutor.runWorker(ThreadPoolExecutor.java:1136) ~[na:na]
	at java.base/java.util.concurrent.ThreadPoolExecutor$Worker.run(ThreadPoolExecutor.java:635) ~[na:na]
	at java.base/java.lang.Thread.run(Thread.java:842) ~[na:na]

2024-02-22T18:23:40.552+05:30  INFO 11235 --- [ool-4-thread-10] c.dws.challenge.service.TransferService  : compareBalance -1 
2024-02-22T18:23:40.552+05:30 ERROR 11235 --- [ool-4-thread-13] c.d.c.web.AccountsTransferController     : Exception occurs

com.dws.challenge.exception.InsufficientBalanceException: Insufficient Balance in account Account123
	at com.dws.challenge.service.TransferService.transferAmount(TransferService.java:21) ~[main/:na]
	at com.dws.challenge.web.AccountsTransferController.transferAmount(AccountsTransferController.java:64) ~[main/:na]
	at com.dws.challenge.ConcurrentTransferTest.lambda$concurrentTransferTest$0(ConcurrentTransferTest.java:63) ~[test/:na]
	at java.base/java.util.concurrent.ThreadPoolExecutor.runWorker(ThreadPoolExecutor.java:1136) ~[na:na]
	at java.base/java.util.concurrent.ThreadPoolExecutor$Worker.run(ThreadPoolExecutor.java:635) ~[na:na]
	at java.base/java.lang.Thread.run(Thread.java:842) ~[na:na]

2024-02-22T18:23:40.552+05:30  INFO 11235 --- [ool-4-thread-11] c.dws.challenge.service.TransferService  : compareBalance -1 
2024-02-22T18:23:40.552+05:30 ERROR 11235 --- [ool-4-thread-10] c.d.c.web.AccountsTransferController     : Exception occurs

com.dws.challenge.exception.InsufficientBalanceException: Insufficient Balance in account Account123
	at com.dws.challenge.service.TransferService.transferAmount(TransferService.java:21) ~[main/:na]
	at com.dws.challenge.web.AccountsTransferController.transferAmount(AccountsTransferController.java:64) ~[main/:na]
	at com.dws.challenge.ConcurrentTransferTest.lambda$concurrentTransferTest$0(ConcurrentTransferTest.java:63) ~[test/:na]
	at java.base/java.util.concurrent.ThreadPoolExecutor.runWorker(ThreadPoolExecutor.java:1136) ~[na:na]
	at java.base/java.util.concurrent.ThreadPoolExecutor$Worker.run(ThreadPoolExecutor.java:635) ~[na:na]
	at java.base/java.lang.Thread.run(Thread.java:842) ~[na:na]

2024-02-22T18:23:40.553+05:30  INFO 11235 --- [ool-4-thread-12] c.dws.challenge.service.TransferService  : compareBalance -1 
2024-02-22T18:23:40.553+05:30 ERROR 11235 --- [ool-4-thread-11] c.d.c.web.AccountsTransferController     : Exception occurs

com.dws.challenge.exception.InsufficientBalanceException: Insufficient Balance in account Account123
	at com.dws.challenge.service.TransferService.transferAmount(TransferService.java:21) ~[main/:na]
	at com.dws.challenge.web.AccountsTransferController.transferAmount(AccountsTransferController.java:64) ~[main/:na]
	at com.dws.challenge.ConcurrentTransferTest.lambda$concurrentTransferTest$0(ConcurrentTransferTest.java:63) ~[test/:na]
	at java.base/java.util.concurrent.ThreadPoolExecutor.runWorker(ThreadPoolExecutor.java:1136) ~[na:na]
	at java.base/java.util.concurrent.ThreadPoolExecutor$Worker.run(ThreadPoolExecutor.java:635) ~[na:na]
	at java.base/java.lang.Thread.run(Thread.java:842) ~[na:na]

2024-02-22T18:23:40.553+05:30  INFO 11235 --- [pool-4-thread-8] c.dws.challenge.service.TransferService  : compareBalance -1 
2024-02-22T18:23:40.553+05:30 ERROR 11235 --- [ool-4-thread-12] c.d.c.web.AccountsTransferController     : Exception occurs

com.dws.challenge.exception.InsufficientBalanceException: Insufficient Balance in account Account123
	at com.dws.challenge.service.TransferService.transferAmount(TransferService.java:21) ~[main/:na]
	at com.dws.challenge.web.AccountsTransferController.transferAmount(AccountsTransferController.java:64) ~[main/:na]
	at com.dws.challenge.ConcurrentTransferTest.lambda$concurrentTransferTest$0(ConcurrentTransferTest.java:63) ~[test/:na]
	at java.base/java.util.concurrent.ThreadPoolExecutor.runWorker(ThreadPoolExecutor.java:1136) ~[na:na]
	at java.base/java.util.concurrent.ThreadPoolExecutor$Worker.run(ThreadPoolExecutor.java:635) ~[na:na]
	at java.base/java.lang.Thread.run(Thread.java:842) ~[na:na]

2024-02-22T18:23:40.553+05:30  INFO 11235 --- [pool-4-thread-6] c.dws.challenge.service.TransferService  : compareBalance -1 
2024-02-22T18:23:40.553+05:30 ERROR 11235 --- [pool-4-thread-8] c.d.c.web.AccountsTransferController     : Exception occurs

com.dws.challenge.exception.InsufficientBalanceException: Insufficient Balance in account Account123
	at com.dws.challenge.service.TransferService.transferAmount(TransferService.java:21) ~[main/:na]
	at com.dws.challenge.web.AccountsTransferController.transferAmount(AccountsTransferController.java:64) ~[main/:na]
	at com.dws.challenge.ConcurrentTransferTest.lambda$concurrentTransferTest$0(ConcurrentTransferTest.java:63) ~[test/:na]
	at java.base/java.util.concurrent.ThreadPoolExecutor.runWorker(ThreadPoolExecutor.java:1136) ~[na:na]
	at java.base/java.util.concurrent.ThreadPoolExecutor$Worker.run(ThreadPoolExecutor.java:635) ~[na:na]
	at java.base/java.lang.Thread.run(Thread.java:842) ~[na:na]

2024-02-22T18:23:40.554+05:30  INFO 11235 --- [pool-4-thread-9] c.dws.challenge.service.TransferService  : compareBalance -1 
2024-02-22T18:23:40.554+05:30 ERROR 11235 --- [pool-4-thread-6] c.d.c.web.AccountsTransferController     : Exception occurs

com.dws.challenge.exception.InsufficientBalanceException: Insufficient Balance in account Account123
	at com.dws.challenge.service.TransferService.transferAmount(TransferService.java:21) ~[main/:na]
	at com.dws.challenge.web.AccountsTransferController.transferAmount(AccountsTransferController.java:64) ~[main/:na]
	at com.dws.challenge.ConcurrentTransferTest.lambda$concurrentTransferTest$0(ConcurrentTransferTest.java:63) ~[test/:na]
	at java.base/java.util.concurrent.ThreadPoolExecutor.runWorker(ThreadPoolExecutor.java:1136) ~[na:na]
	at java.base/java.util.concurrent.ThreadPoolExecutor$Worker.run(ThreadPoolExecutor.java:635) ~[na:na]
	at java.base/java.lang.Thread.run(Thread.java:842) ~[na:na]

2024-02-22T18:23:40.554+05:30  INFO 11235 --- [pool-4-thread-3] c.dws.challenge.service.TransferService  : compareBalance -1 
2024-02-22T18:23:40.554+05:30 ERROR 11235 --- [pool-4-thread-9] c.d.c.web.AccountsTransferController     : Exception occurs

com.dws.challenge.exception.InsufficientBalanceException: Insufficient Balance in account Account123
	at com.dws.challenge.service.TransferService.transferAmount(TransferService.java:21) ~[main/:na]
	at com.dws.challenge.web.AccountsTransferController.transferAmount(AccountsTransferController.java:64) ~[main/:na]
	at com.dws.challenge.ConcurrentTransferTest.lambda$concurrentTransferTest$0(ConcurrentTransferTest.java:63) ~[test/:na]
	at java.base/java.util.concurrent.ThreadPoolExecutor.runWorker(ThreadPoolExecutor.java:1136) ~[na:na]
	at java.base/java.util.concurrent.ThreadPoolExecutor$Worker.run(ThreadPoolExecutor.java:635) ~[na:na]
	at java.base/java.lang.Thread.run(Thread.java:842) ~[na:na]

2024-02-22T18:23:40.554+05:30  INFO 11235 --- [pool-4-thread-4] c.dws.challenge.service.TransferService  : compareBalance -1 
2024-02-22T18:23:40.554+05:30 ERROR 11235 --- [pool-4-thread-3] c.d.c.web.AccountsTransferController     : Exception occurs

com.dws.challenge.exception.InsufficientBalanceException: Insufficient Balance in account Account123
	at com.dws.challenge.service.TransferService.transferAmount(TransferService.java:21) ~[main/:na]
	at com.dws.challenge.web.AccountsTransferController.transferAmount(AccountsTransferController.java:64) ~[main/:na]
	at com.dws.challenge.ConcurrentTransferTest.lambda$concurrentTransferTest$0(ConcurrentTransferTest.java:63) ~[test/:na]
	at java.base/java.util.concurrent.ThreadPoolExecutor.runWorker(ThreadPoolExecutor.java:1136) ~[na:na]
	at java.base/java.util.concurrent.ThreadPoolExecutor$Worker.run(ThreadPoolExecutor.java:635) ~[na:na]
	at java.base/java.lang.Thread.run(Thread.java:842) ~[na:na]

2024-02-22T18:23:40.555+05:30  INFO 11235 --- [pool-4-thread-1] c.dws.challenge.service.TransferService  : compareBalance -1 
2024-02-22T18:23:40.555+05:30 ERROR 11235 --- [pool-4-thread-4] c.d.c.web.AccountsTransferController     : Exception occurs

com.dws.challenge.exception.InsufficientBalanceException: Insufficient Balance in account Account123
	at com.dws.challenge.service.TransferService.transferAmount(TransferService.java:21) ~[main/:na]
	at com.dws.challenge.web.AccountsTransferController.transferAmount(AccountsTransferController.java:64) ~[main/:na]
	at com.dws.challenge.ConcurrentTransferTest.lambda$concurrentTransferTest$0(ConcurrentTransferTest.java:63) ~[test/:na]
	at java.base/java.util.concurrent.ThreadPoolExecutor.runWorker(ThreadPoolExecutor.java:1136) ~[na:na]
	at java.base/java.util.concurrent.ThreadPoolExecutor$Worker.run(ThreadPoolExecutor.java:635) ~[na:na]
	at java.base/java.lang.Thread.run(Thread.java:842) ~[na:na]

2024-02-22T18:23:40.555+05:30 ERROR 11235 --- [pool-4-thread-1] c.d.c.web.AccountsTransferController     : Exception occurs

com.dws.challenge.exception.InsufficientBalanceException: Insufficient Balance in account Account123
	at com.dws.challenge.service.TransferService.transferAmount(TransferService.java:21) ~[main/:na]
	at com.dws.challenge.web.AccountsTransferController.transferAmount(AccountsTransferController.java:64) ~[main/:na]
	at com.dws.challenge.ConcurrentTransferTest.lambda$concurrentTransferTest$0(ConcurrentTransferTest.java:63) ~[test/:na]
	at java.base/java.util.concurrent.ThreadPoolExecutor.runWorker(ThreadPoolExecutor.java:1136) ~[na:na]
	at java.base/java.util.concurrent.ThreadPoolExecutor$Worker.run(ThreadPoolExecutor.java:635) ~[na:na]
	at java.base/java.lang.Thread.run(Thread.java:842) ~[na:na]

2024-02-22T18:23:40.555+05:30  INFO 11235 --- [pool-4-thread-7] c.dws.challenge.service.TransferService  : compareBalance -1 
2024-02-22T18:23:40.555+05:30  INFO 11235 --- [pool-4-thread-2] c.dws.challenge.service.TransferService  : compareBalance -1 
2024-02-22T18:23:40.555+05:30 ERROR 11235 --- [pool-4-thread-7] c.d.c.web.AccountsTransferController     : Exception occurs

com.dws.challenge.exception.InsufficientBalanceException: Insufficient Balance in account Account123
	at com.dws.challenge.service.TransferService.transferAmount(TransferService.java:21) ~[main/:na]
	at com.dws.challenge.web.AccountsTransferController.transferAmount(AccountsTransferController.java:64) ~[main/:na]
	at com.dws.challenge.ConcurrentTransferTest.lambda$concurrentTransferTest$0(ConcurrentTransferTest.java:63) ~[test/:na]
	at java.base/java.util.concurrent.ThreadPoolExecutor.runWorker(ThreadPoolExecutor.java:1136) ~[na:na]
	at java.base/java.util.concurrent.ThreadPoolExecutor$Worker.run(ThreadPoolExecutor.java:635) ~[na:na]
	at java.base/java.lang.Thread.run(Thread.java:842) ~[na:na]

2024-02-22T18:23:40.555+05:30  INFO 11235 --- [ool-4-thread-18] c.dws.challenge.service.TransferService  : compareBalance -1 
2024-02-22T18:23:40.555+05:30 ERROR 11235 --- [pool-4-thread-2] c.d.c.web.AccountsTransferController     : Exception occurs

com.dws.challenge.exception.InsufficientBalanceException: Insufficient Balance in account Account123
	at com.dws.challenge.service.TransferService.transferAmount(TransferService.java:21) ~[main/:na]
	at com.dws.challenge.web.AccountsTransferController.transferAmount(AccountsTransferController.java:64) ~[main/:na]
	at com.dws.challenge.ConcurrentTransferTest.lambda$concurrentTransferTest$0(ConcurrentTransferTest.java:63) ~[test/:na]
	at java.base/java.util.concurrent.ThreadPoolExecutor.runWorker(ThreadPoolExecutor.java:1136) ~[na:na]
	at java.base/java.util.concurrent.ThreadPoolExecutor$Worker.run(ThreadPoolExecutor.java:635) ~[na:na]
	at java.base/java.lang.Thread.run(Thread.java:842) ~[na:na]

2024-02-22T18:23:40.556+05:30  INFO 11235 --- [pool-4-thread-5] c.dws.challenge.service.TransferService  : compareBalance -1 
2024-02-22T18:23:40.556+05:30 ERROR 11235 --- [ool-4-thread-18] c.d.c.web.AccountsTransferController     : Exception occurs

com.dws.challenge.exception.InsufficientBalanceException: Insufficient Balance in account Account123
	at com.dws.challenge.service.TransferService.transferAmount(TransferService.java:21) ~[main/:na]
	at com.dws.challenge.web.AccountsTransferController.transferAmount(AccountsTransferController.java:64) ~[main/:na]
	at com.dws.challenge.ConcurrentTransferTest.lambda$concurrentTransferTest$0(ConcurrentTransferTest.java:63) ~[test/:na]
	at java.base/java.util.concurrent.ThreadPoolExecutor.runWorker(ThreadPoolExecutor.java:1136) ~[na:na]
	at java.base/java.util.concurrent.ThreadPoolExecutor$Worker.run(ThreadPoolExecutor.java:635) ~[na:na]
	at java.base/java.lang.Thread.run(Thread.java:842) ~[na:na]

2024-02-22T18:23:40.556+05:30 ERROR 11235 --- [pool-4-thread-5] c.d.c.web.AccountsTransferController     : Exception occurs

com.dws.challenge.exception.InsufficientBalanceException: Insufficient Balance in account Account123
	at com.dws.challenge.service.TransferService.transferAmount(TransferService.java:21) ~[main/:na]
	at com.dws.challenge.web.AccountsTransferController.transferAmount(AccountsTransferController.java:64) ~[main/:na]
	at com.dws.challenge.ConcurrentTransferTest.lambda$concurrentTransferTest$0(ConcurrentTransferTest.java:63) ~[test/:na]
	at java.base/java.util.concurrent.ThreadPoolExecutor.runWorker(ThreadPoolExecutor.java:1136) ~[na:na]
	at java.base/java.util.concurrent.ThreadPoolExecutor$Worker.run(ThreadPoolExecutor.java:635) ~[na:na]
	at java.base/java.lang.Thread.run(Thread.java:842) ~[na:na]

2024-02-22T18:23:40.563+05:30  INFO 11235 --- [pool-5-thread-3] c.d.c.web.AccountsTransferController     : Transfer Amount  Transfer(accountFrom=Account123, accountTo=Account124, amount=1000)
2024-02-22T18:23:40.563+05:30  INFO 11235 --- [ool-5-thread-12] c.d.c.web.AccountsTransferController     : Transfer Amount  Transfer(accountFrom=Account123, accountTo=Account124, amount=1000)
2024-02-22T18:23:40.563+05:30  INFO 11235 --- [ool-5-thread-16] c.d.c.web.AccountsTransferController     : Transfer Amount  Transfer(accountFrom=Account123, accountTo=Account124, amount=1000)
2024-02-22T18:23:40.563+05:30  INFO 11235 --- [ool-5-thread-18] c.d.c.web.AccountsTransferController     : Transfer Amount  Transfer(accountFrom=Account123, accountTo=Account124, amount=1000)
2024-02-22T18:23:40.563+05:30  INFO 11235 --- [pool-5-thread-4] c.d.c.web.AccountsTransferController     : Transfer Amount  Transfer(accountFrom=Account123, accountTo=Account124, amount=1000)
2024-02-22T18:23:40.563+05:30  INFO 11235 --- [pool-5-thread-8] c.d.c.web.AccountsTransferController     : Transfer Amount  Transfer(accountFrom=Account123, accountTo=Account124, amount=1000)
2024-02-22T18:23:40.563+05:30  INFO 11235 --- [pool-5-thread-6] c.d.c.web.AccountsTransferController     : Transfer Amount  Transfer(accountFrom=Account123, accountTo=Account124, amount=1000)
2024-02-22T18:23:40.563+05:30  INFO 11235 --- [pool-5-thread-1] c.d.c.web.AccountsTransferController     : Transfer Amount  Transfer(accountFrom=Account123, accountTo=Account124, amount=1000)
2024-02-22T18:23:40.563+05:30  INFO 11235 --- [ool-5-thread-20] c.d.c.web.AccountsTransferController     : Transfer Amount  Transfer(accountFrom=Account123, accountTo=Account124, amount=1000)
2024-02-22T18:23:40.563+05:30  INFO 11235 --- [pool-5-thread-9] c.d.c.web.AccountsTransferController     : Transfer Amount  Transfer(accountFrom=Account123, accountTo=Account124, amount=1000)
2024-02-22T18:23:40.563+05:30  INFO 11235 --- [pool-5-thread-2] c.d.c.web.AccountsTransferController     : Transfer Amount  Transfer(accountFrom=Account123, accountTo=Account124, amount=1000)
2024-02-22T18:23:40.563+05:30  INFO 11235 --- [pool-5-thread-5] c.d.c.web.AccountsTransferController     : Transfer Amount  Transfer(accountFrom=Account123, accountTo=Account124, amount=1000)
2024-02-22T18:23:40.563+05:30  INFO 11235 --- [pool-5-thread-7] c.d.c.web.AccountsTransferController     : Transfer Amount  Transfer(accountFrom=Account123, accountTo=Account124, amount=1000)
2024-02-22T18:23:40.563+05:30  INFO 11235 --- [ool-5-thread-10] c.d.c.web.AccountsTransferController     : Transfer Amount  Transfer(accountFrom=Account123, accountTo=Account124, amount=1000)
2024-02-22T18:23:40.563+05:30  INFO 11235 --- [ool-5-thread-11] c.d.c.web.AccountsTransferController     : Transfer Amount  Transfer(accountFrom=Account123, accountTo=Account124, amount=1000)
2024-02-22T18:23:40.563+05:30  INFO 11235 --- [ool-5-thread-13] c.d.c.web.AccountsTransferController     : Transfer Amount  Transfer(accountFrom=Account123, accountTo=Account124, amount=1000)
2024-02-22T18:23:40.563+05:30  INFO 11235 --- [ool-5-thread-14] c.d.c.web.AccountsTransferController     : Transfer Amount  Transfer(accountFrom=Account123, accountTo=Account124, amount=1000)
2024-02-22T18:23:40.563+05:30  INFO 11235 --- [pool-5-thread-3] c.dws.challenge.service.TransferService  : compareBalance 0 
2024-02-22T18:23:40.563+05:30  INFO 11235 --- [ool-5-thread-15] c.d.c.web.AccountsTransferController     : Transfer Amount  Transfer(accountFrom=Account123, accountTo=Account124, amount=1000)
2024-02-22T18:23:40.563+05:30  INFO 11235 --- [ool-5-thread-17] c.d.c.web.AccountsTransferController     : Transfer Amount  Transfer(accountFrom=Account123, accountTo=Account124, amount=1000)
2024-02-22T18:23:40.564+05:30  INFO 11235 --- [pool-5-thread-3] c.d.c.service.EmailNotificationService   : Sending notification to owner of Account123: 1000 has been debited and transferred to account Account124
2024-02-22T18:23:40.563+05:30  INFO 11235 --- [ool-5-thread-19] c.d.c.web.AccountsTransferController     : Transfer Amount  Transfer(accountFrom=Account123, accountTo=Account124, amount=1000)
2024-02-22T18:23:40.565+05:30  INFO 11235 --- [pool-5-thread-3] c.d.c.service.EmailNotificationService   : Sending notification to owner of Account124: 1000 has been credited to your account from account Account123
2024-02-22T18:23:40.565+05:30  INFO 11235 --- [pool-5-thread-3] c.d.c.web.AccountsTransferController     : notification sent successfully
2024-02-22T18:23:40.565+05:30  INFO 11235 --- [ool-5-thread-19] c.dws.challenge.service.TransferService  : compareBalance -1 
2024-02-22T18:23:40.565+05:30  INFO 11235 --- [ool-5-thread-17] c.dws.challenge.service.TransferService  : compareBalance -1 
2024-02-22T18:23:40.565+05:30 ERROR 11235 --- [ool-5-thread-19] c.d.c.web.AccountsTransferController     : Exception occurs

com.dws.challenge.exception.InsufficientBalanceException: Insufficient Balance in account Account123
	at com.dws.challenge.service.TransferService.transferAmount(TransferService.java:21) ~[main/:na]
	at com.dws.challenge.web.AccountsTransferController.transferAmount(AccountsTransferController.java:64) ~[main/:na]
	at com.dws.challenge.ConcurrentTransferTest.lambda$concurrentTransferTest$0(ConcurrentTransferTest.java:63) ~[test/:na]
	at java.base/java.util.concurrent.ThreadPoolExecutor.runWorker(ThreadPoolExecutor.java:1136) ~[na:na]
	at java.base/java.util.concurrent.ThreadPoolExecutor$Worker.run(ThreadPoolExecutor.java:635) ~[na:na]
	at java.base/java.lang.Thread.run(Thread.java:842) ~[na:na]

2024-02-22T18:23:40.565+05:30  INFO 11235 --- [ool-5-thread-15] c.dws.challenge.service.TransferService  : compareBalance -1 
2024-02-22T18:23:40.565+05:30 ERROR 11235 --- [ool-5-thread-17] c.d.c.web.AccountsTransferController     : Exception occurs

com.dws.challenge.exception.InsufficientBalanceException: Insufficient Balance in account Account123
	at com.dws.challenge.service.TransferService.transferAmount(TransferService.java:21) ~[main/:na]
	at com.dws.challenge.web.AccountsTransferController.transferAmount(AccountsTransferController.java:64) ~[main/:na]
	at com.dws.challenge.ConcurrentTransferTest.lambda$concurrentTransferTest$0(ConcurrentTransferTest.java:63) ~[test/:na]
	at java.base/java.util.concurrent.ThreadPoolExecutor.runWorker(ThreadPoolExecutor.java:1136) ~[na:na]
	at java.base/java.util.concurrent.ThreadPoolExecutor$Worker.run(ThreadPoolExecutor.java:635) ~[na:na]
	at java.base/java.lang.Thread.run(Thread.java:842) ~[na:na]

2024-02-22T18:23:40.565+05:30  INFO 11235 --- [ool-5-thread-14] c.dws.challenge.service.TransferService  : compareBalance -1 
2024-02-22T18:23:40.565+05:30 ERROR 11235 --- [ool-5-thread-15] c.d.c.web.AccountsTransferController     : Exception occurs

com.dws.challenge.exception.InsufficientBalanceException: Insufficient Balance in account Account123
	at com.dws.challenge.service.TransferService.transferAmount(TransferService.java:21) ~[main/:na]
	at com.dws.challenge.web.AccountsTransferController.transferAmount(AccountsTransferController.java:64) ~[main/:na]
	at com.dws.challenge.ConcurrentTransferTest.lambda$concurrentTransferTest$0(ConcurrentTransferTest.java:63) ~[test/:na]
	at java.base/java.util.concurrent.ThreadPoolExecutor.runWorker(ThreadPoolExecutor.java:1136) ~[na:na]
	at java.base/java.util.concurrent.ThreadPoolExecutor$Worker.run(ThreadPoolExecutor.java:635) ~[na:na]
	at java.base/java.lang.Thread.run(Thread.java:842) ~[na:na]

2024-02-22T18:23:40.566+05:30  INFO 11235 --- [ool-5-thread-13] c.dws.challenge.service.TransferService  : compareBalance -1 
2024-02-22T18:23:40.566+05:30 ERROR 11235 --- [ool-5-thread-14] c.d.c.web.AccountsTransferController     : Exception occurs

com.dws.challenge.exception.InsufficientBalanceException: Insufficient Balance in account Account123
	at com.dws.challenge.service.TransferService.transferAmount(TransferService.java:21) ~[main/:na]
	at com.dws.challenge.web.AccountsTransferController.transferAmount(AccountsTransferController.java:64) ~[main/:na]
	at com.dws.challenge.ConcurrentTransferTest.lambda$concurrentTransferTest$0(ConcurrentTransferTest.java:63) ~[test/:na]
	at java.base/java.util.concurrent.ThreadPoolExecutor.runWorker(ThreadPoolExecutor.java:1136) ~[na:na]
	at java.base/java.util.concurrent.ThreadPoolExecutor$Worker.run(ThreadPoolExecutor.java:635) ~[na:na]
	at java.base/java.lang.Thread.run(Thread.java:842) ~[na:na]

2024-02-22T18:23:40.566+05:30  INFO 11235 --- [ool-5-thread-11] c.dws.challenge.service.TransferService  : compareBalance -1 
2024-02-22T18:23:40.566+05:30 ERROR 11235 --- [ool-5-thread-13] c.d.c.web.AccountsTransferController     : Exception occurs

com.dws.challenge.exception.InsufficientBalanceException: Insufficient Balance in account Account123
	at com.dws.challenge.service.TransferService.transferAmount(TransferService.java:21) ~[main/:na]
	at com.dws.challenge.web.AccountsTransferController.transferAmount(AccountsTransferController.java:64) ~[main/:na]
	at com.dws.challenge.ConcurrentTransferTest.lambda$concurrentTransferTest$0(ConcurrentTransferTest.java:63) ~[test/:na]
	at java.base/java.util.concurrent.ThreadPoolExecutor.runWorker(ThreadPoolExecutor.java:1136) ~[na:na]
	at java.base/java.util.concurrent.ThreadPoolExecutor$Worker.run(ThreadPoolExecutor.java:635) ~[na:na]
	at java.base/java.lang.Thread.run(Thread.java:842) ~[na:na]

2024-02-22T18:23:40.566+05:30  INFO 11235 --- [ool-5-thread-10] c.dws.challenge.service.TransferService  : compareBalance -1 
2024-02-22T18:23:40.566+05:30 ERROR 11235 --- [ool-5-thread-11] c.d.c.web.AccountsTransferController     : Exception occurs

com.dws.challenge.exception.InsufficientBalanceException: Insufficient Balance in account Account123
	at com.dws.challenge.service.TransferService.transferAmount(TransferService.java:21) ~[main/:na]
	at com.dws.challenge.web.AccountsTransferController.transferAmount(AccountsTransferController.java:64) ~[main/:na]
	at com.dws.challenge.ConcurrentTransferTest.lambda$concurrentTransferTest$0(ConcurrentTransferTest.java:63) ~[test/:na]
	at java.base/java.util.concurrent.ThreadPoolExecutor.runWorker(ThreadPoolExecutor.java:1136) ~[na:na]
	at java.base/java.util.concurrent.ThreadPoolExecutor$Worker.run(ThreadPoolExecutor.java:635) ~[na:na]
	at java.base/java.lang.Thread.run(Thread.java:842) ~[na:na]

2024-02-22T18:23:40.567+05:30 ERROR 11235 --- [ool-5-thread-10] c.d.c.web.AccountsTransferController     : Exception occurs

com.dws.challenge.exception.InsufficientBalanceException: Insufficient Balance in account Account123
	at com.dws.challenge.service.TransferService.transferAmount(TransferService.java:21) ~[main/:na]
	at com.dws.challenge.web.AccountsTransferController.transferAmount(AccountsTransferController.java:64) ~[main/:na]
	at com.dws.challenge.ConcurrentTransferTest.lambda$concurrentTransferTest$0(ConcurrentTransferTest.java:63) ~[test/:na]
	at java.base/java.util.concurrent.ThreadPoolExecutor.runWorker(ThreadPoolExecutor.java:1136) ~[na:na]
	at java.base/java.util.concurrent.ThreadPoolExecutor$Worker.run(ThreadPoolExecutor.java:635) ~[na:na]
	at java.base/java.lang.Thread.run(Thread.java:842) ~[na:na]

2024-02-22T18:23:40.567+05:30  INFO 11235 --- [pool-5-thread-7] c.dws.challenge.service.TransferService  : compareBalance -1 
2024-02-22T18:23:40.567+05:30  INFO 11235 --- [pool-5-thread-5] c.dws.challenge.service.TransferService  : compareBalance -1 
2024-02-22T18:23:40.567+05:30 ERROR 11235 --- [pool-5-thread-7] c.d.c.web.AccountsTransferController     : Exception occurs

com.dws.challenge.exception.InsufficientBalanceException: Insufficient Balance in account Account123
	at com.dws.challenge.service.TransferService.transferAmount(TransferService.java:21) ~[main/:na]
	at com.dws.challenge.web.AccountsTransferController.transferAmount(AccountsTransferController.java:64) ~[main/:na]
	at com.dws.challenge.ConcurrentTransferTest.lambda$concurrentTransferTest$0(ConcurrentTransferTest.java:63) ~[test/:na]
	at java.base/java.util.concurrent.ThreadPoolExecutor.runWorker(ThreadPoolExecutor.java:1136) ~[na:na]
	at java.base/java.util.concurrent.ThreadPoolExecutor$Worker.run(ThreadPoolExecutor.java:635) ~[na:na]
	at java.base/java.lang.Thread.run(Thread.java:842) ~[na:na]

2024-02-22T18:23:40.567+05:30 ERROR 11235 --- [pool-5-thread-5] c.d.c.web.AccountsTransferController     : Exception occurs

com.dws.challenge.exception.InsufficientBalanceException: Insufficient Balance in account Account123
	at com.dws.challenge.service.TransferService.transferAmount(TransferService.java:21) ~[main/:na]
	at com.dws.challenge.web.AccountsTransferController.transferAmount(AccountsTransferController.java:64) ~[main/:na]
	at com.dws.challenge.ConcurrentTransferTest.lambda$concurrentTransferTest$0(ConcurrentTransferTest.java:63) ~[test/:na]
	at java.base/java.util.concurrent.ThreadPoolExecutor.runWorker(ThreadPoolExecutor.java:1136) ~[na:na]
	at java.base/java.util.concurrent.ThreadPoolExecutor$Worker.run(ThreadPoolExecutor.java:635) ~[na:na]
	at java.base/java.lang.Thread.run(Thread.java:842) ~[na:na]

2024-02-22T18:23:40.567+05:30  INFO 11235 --- [pool-5-thread-2] c.dws.challenge.service.TransferService  : compareBalance -1 
2024-02-22T18:23:40.568+05:30  INFO 11235 --- [pool-5-thread-9] c.dws.challenge.service.TransferService  : compareBalance -1 
2024-02-22T18:23:40.568+05:30 ERROR 11235 --- [pool-5-thread-2] c.d.c.web.AccountsTransferController     : Exception occurs

com.dws.challenge.exception.InsufficientBalanceException: Insufficient Balance in account Account123
	at com.dws.challenge.service.TransferService.transferAmount(TransferService.java:21) ~[main/:na]
	at com.dws.challenge.web.AccountsTransferController.transferAmount(AccountsTransferController.java:64) ~[main/:na]
	at com.dws.challenge.ConcurrentTransferTest.lambda$concurrentTransferTest$0(ConcurrentTransferTest.java:63) ~[test/:na]
	at java.base/java.util.concurrent.ThreadPoolExecutor.runWorker(ThreadPoolExecutor.java:1136) ~[na:na]
	at java.base/java.util.concurrent.ThreadPoolExecutor$Worker.run(ThreadPoolExecutor.java:635) ~[na:na]
	at java.base/java.lang.Thread.run(Thread.java:842) ~[na:na]

2024-02-22T18:23:40.568+05:30  INFO 11235 --- [ool-5-thread-20] c.dws.challenge.service.TransferService  : compareBalance -1 
2024-02-22T18:23:40.568+05:30 ERROR 11235 --- [pool-5-thread-9] c.d.c.web.AccountsTransferController     : Exception occurs

com.dws.challenge.exception.InsufficientBalanceException: Insufficient Balance in account Account123
	at com.dws.challenge.service.TransferService.transferAmount(TransferService.java:21) ~[main/:na]
	at com.dws.challenge.web.AccountsTransferController.transferAmount(AccountsTransferController.java:64) ~[main/:na]
	at com.dws.challenge.ConcurrentTransferTest.lambda$concurrentTransferTest$0(ConcurrentTransferTest.java:63) ~[test/:na]
	at java.base/java.util.concurrent.ThreadPoolExecutor.runWorker(ThreadPoolExecutor.java:1136) ~[na:na]
	at java.base/java.util.concurrent.ThreadPoolExecutor$Worker.run(ThreadPoolExecutor.java:635) ~[na:na]
	at java.base/java.lang.Thread.run(Thread.java:842) ~[na:na]

2024-02-22T18:23:40.568+05:30  INFO 11235 --- [pool-5-thread-1] c.dws.challenge.service.TransferService  : compareBalance -1 
2024-02-22T18:23:40.568+05:30 ERROR 11235 --- [ool-5-thread-20] c.d.c.web.AccountsTransferController     : Exception occurs

com.dws.challenge.exception.InsufficientBalanceException: Insufficient Balance in account Account123
	at com.dws.challenge.service.TransferService.transferAmount(TransferService.java:21) ~[main/:na]
	at com.dws.challenge.web.AccountsTransferController.transferAmount(AccountsTransferController.java:64) ~[main/:na]
	at com.dws.challenge.ConcurrentTransferTest.lambda$concurrentTransferTest$0(ConcurrentTransferTest.java:63) ~[test/:na]
	at java.base/java.util.concurrent.ThreadPoolExecutor.runWorker(ThreadPoolExecutor.java:1136) ~[na:na]
	at java.base/java.util.concurrent.ThreadPoolExecutor$Worker.run(ThreadPoolExecutor.java:635) ~[na:na]
	at java.base/java.lang.Thread.run(Thread.java:842) ~[na:na]

2024-02-22T18:23:40.568+05:30  INFO 11235 --- [pool-5-thread-6] c.dws.challenge.service.TransferService  : compareBalance -1 
2024-02-22T18:23:40.568+05:30 ERROR 11235 --- [pool-5-thread-1] c.d.c.web.AccountsTransferController     : Exception occurs

com.dws.challenge.exception.InsufficientBalanceException: Insufficient Balance in account Account123
	at com.dws.challenge.service.TransferService.transferAmount(TransferService.java:21) ~[main/:na]
	at com.dws.challenge.web.AccountsTransferController.transferAmount(AccountsTransferController.java:64) ~[main/:na]
	at com.dws.challenge.ConcurrentTransferTest.lambda$concurrentTransferTest$0(ConcurrentTransferTest.java:63) ~[test/:na]
	at java.base/java.util.concurrent.ThreadPoolExecutor.runWorker(ThreadPoolExecutor.java:1136) ~[na:na]
	at java.base/java.util.concurrent.ThreadPoolExecutor$Worker.run(ThreadPoolExecutor.java:635) ~[na:na]
	at java.base/java.lang.Thread.run(Thread.java:842) ~[na:na]

2024-02-22T18:23:40.568+05:30  INFO 11235 --- [pool-5-thread-8] c.dws.challenge.service.TransferService  : compareBalance -1 
2024-02-22T18:23:40.568+05:30 ERROR 11235 --- [pool-5-thread-6] c.d.c.web.AccountsTransferController     : Exception occurs

com.dws.challenge.exception.InsufficientBalanceException: Insufficient Balance in account Account123
	at com.dws.challenge.service.TransferService.transferAmount(TransferService.java:21) ~[main/:na]
	at com.dws.challenge.web.AccountsTransferController.transferAmount(AccountsTransferController.java:64) ~[main/:na]
	at com.dws.challenge.ConcurrentTransferTest.lambda$concurrentTransferTest$0(ConcurrentTransferTest.java:63) ~[test/:na]
	at java.base/java.util.concurrent.ThreadPoolExecutor.runWorker(ThreadPoolExecutor.java:1136) ~[na:na]
	at java.base/java.util.concurrent.ThreadPoolExecutor$Worker.run(ThreadPoolExecutor.java:635) ~[na:na]
	at java.base/java.lang.Thread.run(Thread.java:842) ~[na:na]

2024-02-22T18:23:40.569+05:30  INFO 11235 --- [pool-5-thread-4] c.dws.challenge.service.TransferService  : compareBalance -1 
2024-02-22T18:23:40.569+05:30 ERROR 11235 --- [pool-5-thread-8] c.d.c.web.AccountsTransferController     : Exception occurs

com.dws.challenge.exception.InsufficientBalanceException: Insufficient Balance in account Account123
	at com.dws.challenge.service.TransferService.transferAmount(TransferService.java:21) ~[main/:na]
	at com.dws.challenge.web.AccountsTransferController.transferAmount(AccountsTransferController.java:64) ~[main/:na]
	at com.dws.challenge.ConcurrentTransferTest.lambda$concurrentTransferTest$0(ConcurrentTransferTest.java:63) ~[test/:na]
	at java.base/java.util.concurrent.ThreadPoolExecutor.runWorker(ThreadPoolExecutor.java:1136) ~[na:na]
	at java.base/java.util.concurrent.ThreadPoolExecutor$Worker.run(ThreadPoolExecutor.java:635) ~[na:na]
	at java.base/java.lang.Thread.run(Thread.java:842) ~[na:na]

2024-02-22T18:23:40.569+05:30  INFO 11235 --- [ool-5-thread-18] c.dws.challenge.service.TransferService  : compareBalance -1 
2024-02-22T18:23:40.569+05:30 ERROR 11235 --- [pool-5-thread-4] c.d.c.web.AccountsTransferController     : Exception occurs

com.dws.challenge.exception.InsufficientBalanceException: Insufficient Balance in account Account123
	at com.dws.challenge.service.TransferService.transferAmount(TransferService.java:21) ~[main/:na]
	at com.dws.challenge.web.AccountsTransferController.transferAmount(AccountsTransferController.java:64) ~[main/:na]
	at com.dws.challenge.ConcurrentTransferTest.lambda$concurrentTransferTest$0(ConcurrentTransferTest.java:63) ~[test/:na]
	at java.base/java.util.concurrent.ThreadPoolExecutor.runWorker(ThreadPoolExecutor.java:1136) ~[na:na]
	at java.base/java.util.concurrent.ThreadPoolExecutor$Worker.run(ThreadPoolExecutor.java:635) ~[na:na]
	at java.base/java.lang.Thread.run(Thread.java:842) ~[na:na]

2024-02-22T18:23:40.569+05:30 ERROR 11235 --- [ool-5-thread-18] c.d.c.web.AccountsTransferController     : Exception occurs

com.dws.challenge.exception.InsufficientBalanceException: Insufficient Balance in account Account123
	at com.dws.challenge.service.TransferService.transferAmount(TransferService.java:21) ~[main/:na]
	at com.dws.challenge.web.AccountsTransferController.transferAmount(AccountsTransferController.java:64) ~[main/:na]
	at com.dws.challenge.ConcurrentTransferTest.lambda$concurrentTransferTest$0(ConcurrentTransferTest.java:63) ~[test/:na]
	at java.base/java.util.concurrent.ThreadPoolExecutor.runWorker(ThreadPoolExecutor.java:1136) ~[na:na]
	at java.base/java.util.concurrent.ThreadPoolExecutor$Worker.run(ThreadPoolExecutor.java:635) ~[na:na]
	at java.base/java.lang.Thread.run(Thread.java:842) ~[na:na]

2024-02-22T18:23:40.569+05:30  INFO 11235 --- [ool-5-thread-16] c.dws.challenge.service.TransferService  : compareBalance -1 
2024-02-22T18:23:40.569+05:30  INFO 11235 --- [ool-5-thread-12] c.dws.challenge.service.TransferService  : compareBalance -1 
2024-02-22T18:23:40.569+05:30 ERROR 11235 --- [ool-5-thread-16] c.d.c.web.AccountsTransferController     : Exception occurs

com.dws.challenge.exception.InsufficientBalanceException: Insufficient Balance in account Account123
	at com.dws.challenge.service.TransferService.transferAmount(TransferService.java:21) ~[main/:na]
	at com.dws.challenge.web.AccountsTransferController.transferAmount(AccountsTransferController.java:64) ~[main/:na]
	at com.dws.challenge.ConcurrentTransferTest.lambda$concurrentTransferTest$0(ConcurrentTransferTest.java:63) ~[test/:na]
	at java.base/java.util.concurrent.ThreadPoolExecutor.runWorker(ThreadPoolExecutor.java:1136) ~[na:na]
	at java.base/java.util.concurrent.ThreadPoolExecutor$Worker.run(ThreadPoolExecutor.java:635) ~[na:na]
	at java.base/java.lang.Thread.run(Thread.java:842) ~[na:na]

2024-02-22T18:23:40.569+05:30 ERROR 11235 --- [ool-5-thread-12] c.d.c.web.AccountsTransferController     : Exception occurs

com.dws.challenge.exception.InsufficientBalanceException: Insufficient Balance in account Account123
	at com.dws.challenge.service.TransferService.transferAmount(TransferService.java:21) ~[main/:na]
	at com.dws.challenge.web.AccountsTransferController.transferAmount(AccountsTransferController.java:64) ~[main/:na]
	at com.dws.challenge.ConcurrentTransferTest.lambda$concurrentTransferTest$0(ConcurrentTransferTest.java:63) ~[test/:na]
	at java.base/java.util.concurrent.ThreadPoolExecutor.runWorker(ThreadPoolExecutor.java:1136) ~[na:na]
	at java.base/java.util.concurrent.ThreadPoolExecutor$Worker.run(ThreadPoolExecutor.java:635) ~[na:na]
	at java.base/java.lang.Thread.run(Thread.java:842) ~[na:na]

2024-02-22T18:23:40.576+05:30  INFO 11235 --- [pool-6-thread-2] c.d.c.web.AccountsTransferController     : Transfer Amount  Transfer(accountFrom=Account123, accountTo=Account124, amount=1000)
2024-02-22T18:23:40.576+05:30  INFO 11235 --- [ool-6-thread-20] c.d.c.web.AccountsTransferController     : Transfer Amount  Transfer(accountFrom=Account123, accountTo=Account124, amount=1000)
2024-02-22T18:23:40.576+05:30  INFO 11235 --- [ool-6-thread-13] c.d.c.web.AccountsTransferController     : Transfer Amount  Transfer(accountFrom=Account123, accountTo=Account124, amount=1000)
2024-02-22T18:23:40.576+05:30  INFO 11235 --- [pool-6-thread-3] c.d.c.web.AccountsTransferController     : Transfer Amount  Transfer(accountFrom=Account123, accountTo=Account124, amount=1000)
2024-02-22T18:23:40.576+05:30  INFO 11235 --- [pool-6-thread-1] c.d.c.web.AccountsTransferController     : Transfer Amount  Transfer(accountFrom=Account123, accountTo=Account124, amount=1000)
2024-02-22T18:23:40.576+05:30  INFO 11235 --- [pool-6-thread-5] c.d.c.web.AccountsTransferController     : Transfer Amount  Transfer(accountFrom=Account123, accountTo=Account124, amount=1000)
2024-02-22T18:23:40.576+05:30  INFO 11235 --- [pool-6-thread-8] c.d.c.web.AccountsTransferController     : Transfer Amount  Transfer(accountFrom=Account123, accountTo=Account124, amount=1000)
2024-02-22T18:23:40.576+05:30  INFO 11235 --- [pool-6-thread-4] c.d.c.web.AccountsTransferController     : Transfer Amount  Transfer(accountFrom=Account123, accountTo=Account124, amount=1000)
2024-02-22T18:23:40.576+05:30  INFO 11235 --- [pool-6-thread-9] c.d.c.web.AccountsTransferController     : Transfer Amount  Transfer(accountFrom=Account123, accountTo=Account124, amount=1000)
2024-02-22T18:23:40.576+05:30  INFO 11235 --- [ool-6-thread-10] c.d.c.web.AccountsTransferController     : Transfer Amount  Transfer(accountFrom=Account123, accountTo=Account124, amount=1000)
2024-02-22T18:23:40.576+05:30  INFO 11235 --- [pool-6-thread-7] c.d.c.web.AccountsTransferController     : Transfer Amount  Transfer(accountFrom=Account123, accountTo=Account124, amount=1000)
2024-02-22T18:23:40.576+05:30  INFO 11235 --- [pool-6-thread-6] c.d.c.web.AccountsTransferController     : Transfer Amount  Transfer(accountFrom=Account123, accountTo=Account124, amount=1000)
2024-02-22T18:23:40.576+05:30  INFO 11235 --- [pool-6-thread-2] c.dws.challenge.service.TransferService  : compareBalance 0 
2024-02-22T18:23:40.576+05:30  INFO 11235 --- [ool-6-thread-11] c.d.c.web.AccountsTransferController     : Transfer Amount  Transfer(accountFrom=Account123, accountTo=Account124, amount=1000)
2024-02-22T18:23:40.576+05:30  INFO 11235 --- [ool-6-thread-12] c.d.c.web.AccountsTransferController     : Transfer Amount  Transfer(accountFrom=Account123, accountTo=Account124, amount=1000)
2024-02-22T18:23:40.576+05:30  INFO 11235 --- [ool-6-thread-14] c.d.c.web.AccountsTransferController     : Transfer Amount  Transfer(accountFrom=Account123, accountTo=Account124, amount=1000)
2024-02-22T18:23:40.576+05:30  INFO 11235 --- [ool-6-thread-15] c.d.c.web.AccountsTransferController     : Transfer Amount  Transfer(accountFrom=Account123, accountTo=Account124, amount=1000)
2024-02-22T18:23:40.576+05:30  INFO 11235 --- [ool-6-thread-16] c.d.c.web.AccountsTransferController     : Transfer Amount  Transfer(accountFrom=Account123, accountTo=Account124, amount=1000)
2024-02-22T18:23:40.576+05:30  INFO 11235 --- [ool-6-thread-17] c.d.c.web.AccountsTransferController     : Transfer Amount  Transfer(accountFrom=Account123, accountTo=Account124, amount=1000)
2024-02-22T18:23:40.576+05:30  INFO 11235 --- [ool-6-thread-18] c.d.c.web.AccountsTransferController     : Transfer Amount  Transfer(accountFrom=Account123, accountTo=Account124, amount=1000)
2024-02-22T18:23:40.576+05:30  INFO 11235 --- [ool-6-thread-19] c.d.c.web.AccountsTransferController     : Transfer Amount  Transfer(accountFrom=Account123, accountTo=Account124, amount=1000)
2024-02-22T18:23:40.577+05:30  INFO 11235 --- [pool-6-thread-2] c.d.c.service.EmailNotificationService   : Sending notification to owner of Account123: 1000 has been debited and transferred to account Account124
2024-02-22T18:23:40.578+05:30  INFO 11235 --- [pool-6-thread-2] c.d.c.service.EmailNotificationService   : Sending notification to owner of Account124: 1000 has been credited to your account from account Account123
2024-02-22T18:23:40.578+05:30  INFO 11235 --- [pool-6-thread-2] c.d.c.web.AccountsTransferController     : notification sent successfully
2024-02-22T18:23:40.578+05:30  INFO 11235 --- [ool-6-thread-19] c.dws.challenge.service.TransferService  : compareBalance -1 
2024-02-22T18:23:40.578+05:30  INFO 11235 --- [ool-6-thread-18] c.dws.challenge.service.TransferService  : compareBalance -1 
2024-02-22T18:23:40.578+05:30 ERROR 11235 --- [ool-6-thread-19] c.d.c.web.AccountsTransferController     : Exception occurs

com.dws.challenge.exception.InsufficientBalanceException: Insufficient Balance in account Account123
	at com.dws.challenge.service.TransferService.transferAmount(TransferService.java:21) ~[main/:na]
	at com.dws.challenge.web.AccountsTransferController.transferAmount(AccountsTransferController.java:64) ~[main/:na]
	at com.dws.challenge.ConcurrentTransferTest.lambda$concurrentTransferTest$0(ConcurrentTransferTest.java:63) ~[test/:na]
	at java.base/java.util.concurrent.ThreadPoolExecutor.runWorker(ThreadPoolExecutor.java:1136) ~[na:na]
	at java.base/java.util.concurrent.ThreadPoolExecutor$Worker.run(ThreadPoolExecutor.java:635) ~[na:na]
	at java.base/java.lang.Thread.run(Thread.java:842) ~[na:na]

2024-02-22T18:23:40.578+05:30  INFO 11235 --- [ool-6-thread-17] c.dws.challenge.service.TransferService  : compareBalance -1 
2024-02-22T18:23:40.578+05:30  INFO 11235 --- [ool-6-thread-16] c.dws.challenge.service.TransferService  : compareBalance -1 
2024-02-22T18:23:40.578+05:30 ERROR 11235 --- [ool-6-thread-18] c.d.c.web.AccountsTransferController     : Exception occurs

com.dws.challenge.exception.InsufficientBalanceException: Insufficient Balance in account Account123
	at com.dws.challenge.service.TransferService.transferAmount(TransferService.java:21) ~[main/:na]
	at com.dws.challenge.web.AccountsTransferController.transferAmount(AccountsTransferController.java:64) ~[main/:na]
	at com.dws.challenge.ConcurrentTransferTest.lambda$concurrentTransferTest$0(ConcurrentTransferTest.java:63) ~[test/:na]
	at java.base/java.util.concurrent.ThreadPoolExecutor.runWorker(ThreadPoolExecutor.java:1136) ~[na:na]
	at java.base/java.util.concurrent.ThreadPoolExecutor$Worker.run(ThreadPoolExecutor.java:635) ~[na:na]
	at java.base/java.lang.Thread.run(Thread.java:842) ~[na:na]

2024-02-22T18:23:40.579+05:30  INFO 11235 --- [ool-6-thread-15] c.dws.challenge.service.TransferService  : compareBalance -1 
2024-02-22T18:23:40.578+05:30 ERROR 11235 --- [ool-6-thread-17] c.d.c.web.AccountsTransferController     : Exception occurs

com.dws.challenge.exception.InsufficientBalanceException: Insufficient Balance in account Account123
	at com.dws.challenge.service.TransferService.transferAmount(TransferService.java:21) ~[main/:na]
	at com.dws.challenge.web.AccountsTransferController.transferAmount(AccountsTransferController.java:64) ~[main/:na]
	at com.dws.challenge.ConcurrentTransferTest.lambda$concurrentTransferTest$0(ConcurrentTransferTest.java:63) ~[test/:na]
	at java.base/java.util.concurrent.ThreadPoolExecutor.runWorker(ThreadPoolExecutor.java:1136) ~[na:na]
	at java.base/java.util.concurrent.ThreadPoolExecutor$Worker.run(ThreadPoolExecutor.java:635) ~[na:na]
	at java.base/java.lang.Thread.run(Thread.java:842) ~[na:na]

2024-02-22T18:23:40.579+05:30 ERROR 11235 --- [ool-6-thread-16] c.d.c.web.AccountsTransferController     : Exception occurs

com.dws.challenge.exception.InsufficientBalanceException: Insufficient Balance in account Account123
	at com.dws.challenge.service.TransferService.transferAmount(TransferService.java:21) ~[main/:na]
	at com.dws.challenge.web.AccountsTransferController.transferAmount(AccountsTransferController.java:64) ~[main/:na]
	at com.dws.challenge.ConcurrentTransferTest.lambda$concurrentTransferTest$0(ConcurrentTransferTest.java:63) ~[test/:na]
	at java.base/java.util.concurrent.ThreadPoolExecutor.runWorker(ThreadPoolExecutor.java:1136) ~[na:na]
	at java.base/java.util.concurrent.ThreadPoolExecutor$Worker.run(ThreadPoolExecutor.java:635) ~[na:na]
	at java.base/java.lang.Thread.run(Thread.java:842) ~[na:na]

2024-02-22T18:23:40.579+05:30  INFO 11235 --- [ool-6-thread-14] c.dws.challenge.service.TransferService  : compareBalance -1 
2024-02-22T18:23:40.579+05:30 ERROR 11235 --- [ool-6-thread-15] c.d.c.web.AccountsTransferController     : Exception occurs

com.dws.challenge.exception.InsufficientBalanceException: Insufficient Balance in account Account123
	at com.dws.challenge.service.TransferService.transferAmount(TransferService.java:21) ~[main/:na]
	at com.dws.challenge.web.AccountsTransferController.transferAmount(AccountsTransferController.java:64) ~[main/:na]
	at com.dws.challenge.ConcurrentTransferTest.lambda$concurrentTransferTest$0(ConcurrentTransferTest.java:63) ~[test/:na]
	at java.base/java.util.concurrent.ThreadPoolExecutor.runWorker(ThreadPoolExecutor.java:1136) ~[na:na]
	at java.base/java.util.concurrent.ThreadPoolExecutor$Worker.run(ThreadPoolExecutor.java:635) ~[na:na]
	at java.base/java.lang.Thread.run(Thread.java:842) ~[na:na]

2024-02-22T18:23:40.579+05:30  INFO 11235 --- [ool-6-thread-12] c.dws.challenge.service.TransferService  : compareBalance -1 
2024-02-22T18:23:40.579+05:30 ERROR 11235 --- [ool-6-thread-14] c.d.c.web.AccountsTransferController     : Exception occurs

com.dws.challenge.exception.InsufficientBalanceException: Insufficient Balance in account Account123
	at com.dws.challenge.service.TransferService.transferAmount(TransferService.java:21) ~[main/:na]
	at com.dws.challenge.web.AccountsTransferController.transferAmount(AccountsTransferController.java:64) ~[main/:na]
	at com.dws.challenge.ConcurrentTransferTest.lambda$concurrentTransferTest$0(ConcurrentTransferTest.java:63) ~[test/:na]
	at java.base/java.util.concurrent.ThreadPoolExecutor.runWorker(ThreadPoolExecutor.java:1136) ~[na:na]
	at java.base/java.util.concurrent.ThreadPoolExecutor$Worker.run(ThreadPoolExecutor.java:635) ~[na:na]
	at java.base/java.lang.Thread.run(Thread.java:842) ~[na:na]

2024-02-22T18:23:40.579+05:30  INFO 11235 --- [ool-6-thread-11] c.dws.challenge.service.TransferService  : compareBalance -1 
2024-02-22T18:23:40.579+05:30  INFO 11235 --- [pool-6-thread-6] c.dws.challenge.service.TransferService  : compareBalance -1 
2024-02-22T18:23:40.579+05:30 ERROR 11235 --- [ool-6-thread-12] c.d.c.web.AccountsTransferController     : Exception occurs

com.dws.challenge.exception.InsufficientBalanceException: Insufficient Balance in account Account123
	at com.dws.challenge.service.TransferService.transferAmount(TransferService.java:21) ~[main/:na]
	at com.dws.challenge.web.AccountsTransferController.transferAmount(AccountsTransferController.java:64) ~[main/:na]
	at com.dws.challenge.ConcurrentTransferTest.lambda$concurrentTransferTest$0(ConcurrentTransferTest.java:63) ~[test/:na]
	at java.base/java.util.concurrent.ThreadPoolExecutor.runWorker(ThreadPoolExecutor.java:1136) ~[na:na]
	at java.base/java.util.concurrent.ThreadPoolExecutor$Worker.run(ThreadPoolExecutor.java:635) ~[na:na]
	at java.base/java.lang.Thread.run(Thread.java:842) ~[na:na]

2024-02-22T18:23:40.579+05:30 ERROR 11235 --- [ool-6-thread-11] c.d.c.web.AccountsTransferController     : Exception occurs

com.dws.challenge.exception.InsufficientBalanceException: Insufficient Balance in account Account123
	at com.dws.challenge.service.TransferService.transferAmount(TransferService.java:21) ~[main/:na]
	at com.dws.challenge.web.AccountsTransferController.transferAmount(AccountsTransferController.java:64) ~[main/:na]
	at com.dws.challenge.ConcurrentTransferTest.lambda$concurrentTransferTest$0(ConcurrentTransferTest.java:63) ~[test/:na]
	at java.base/java.util.concurrent.ThreadPoolExecutor.runWorker(ThreadPoolExecutor.java:1136) ~[na:na]
	at java.base/java.util.concurrent.ThreadPoolExecutor$Worker.run(ThreadPoolExecutor.java:635) ~[na:na]
	at java.base/java.lang.Thread.run(Thread.java:842) ~[na:na]

2024-02-22T18:23:40.579+05:30  INFO 11235 --- [pool-6-thread-7] c.dws.challenge.service.TransferService  : compareBalance -1 
2024-02-22T18:23:40.579+05:30 ERROR 11235 --- [pool-6-thread-6] c.d.c.web.AccountsTransferController     : Exception occurs

com.dws.challenge.exception.InsufficientBalanceException: Insufficient Balance in account Account123
	at com.dws.challenge.service.TransferService.transferAmount(TransferService.java:21) ~[main/:na]
	at com.dws.challenge.web.AccountsTransferController.transferAmount(AccountsTransferController.java:64) ~[main/:na]
	at com.dws.challenge.ConcurrentTransferTest.lambda$concurrentTransferTest$0(ConcurrentTransferTest.java:63) ~[test/:na]
	at java.base/java.util.concurrent.ThreadPoolExecutor.runWorker(ThreadPoolExecutor.java:1136) ~[na:na]
	at java.base/java.util.concurrent.ThreadPoolExecutor$Worker.run(ThreadPoolExecutor.java:635) ~[na:na]
	at java.base/java.lang.Thread.run(Thread.java:842) ~[na:na]

2024-02-22T18:23:40.580+05:30  INFO 11235 --- [ool-6-thread-10] c.dws.challenge.service.TransferService  : compareBalance -1 
2024-02-22T18:23:40.580+05:30 ERROR 11235 --- [pool-6-thread-7] c.d.c.web.AccountsTransferController     : Exception occurs

com.dws.challenge.exception.InsufficientBalanceException: Insufficient Balance in account Account123
	at com.dws.challenge.service.TransferService.transferAmount(TransferService.java:21) ~[main/:na]
	at com.dws.challenge.web.AccountsTransferController.transferAmount(AccountsTransferController.java:64) ~[main/:na]
	at com.dws.challenge.ConcurrentTransferTest.lambda$concurrentTransferTest$0(ConcurrentTransferTest.java:63) ~[test/:na]
	at java.base/java.util.concurrent.ThreadPoolExecutor.runWorker(ThreadPoolExecutor.java:1136) ~[na:na]
	at java.base/java.util.concurrent.ThreadPoolExecutor$Worker.run(ThreadPoolExecutor.java:635) ~[na:na]
	at java.base/java.lang.Thread.run(Thread.java:842) ~[na:na]

2024-02-22T18:23:40.580+05:30  INFO 11235 --- [pool-6-thread-9] c.dws.challenge.service.TransferService  : compareBalance -1 
2024-02-22T18:23:40.580+05:30  INFO 11235 --- [pool-6-thread-4] c.dws.challenge.service.TransferService  : compareBalance -1 
2024-02-22T18:23:40.580+05:30 ERROR 11235 --- [ool-6-thread-10] c.d.c.web.AccountsTransferController     : Exception occurs

com.dws.challenge.exception.InsufficientBalanceException: Insufficient Balance in account Account123
	at com.dws.challenge.service.TransferService.transferAmount(TransferService.java:21) ~[main/:na]
	at com.dws.challenge.web.AccountsTransferController.transferAmount(AccountsTransferController.java:64) ~[main/:na]
	at com.dws.challenge.ConcurrentTransferTest.lambda$concurrentTransferTest$0(ConcurrentTransferTest.java:63) ~[test/:na]
	at java.base/java.util.concurrent.ThreadPoolExecutor.runWorker(ThreadPoolExecutor.java:1136) ~[na:na]
	at java.base/java.util.concurrent.ThreadPoolExecutor$Worker.run(ThreadPoolExecutor.java:635) ~[na:na]
	at java.base/java.lang.Thread.run(Thread.java:842) ~[na:na]

2024-02-22T18:23:40.580+05:30 ERROR 11235 --- [pool-6-thread-9] c.d.c.web.AccountsTransferController     : Exception occurs

com.dws.challenge.exception.InsufficientBalanceException: Insufficient Balance in account Account123
	at com.dws.challenge.service.TransferService.transferAmount(TransferService.java:21) ~[main/:na]
	at com.dws.challenge.web.AccountsTransferController.transferAmount(AccountsTransferController.java:64) ~[main/:na]
	at com.dws.challenge.ConcurrentTransferTest.lambda$concurrentTransferTest$0(ConcurrentTransferTest.java:63) ~[test/:na]
	at java.base/java.util.concurrent.ThreadPoolExecutor.runWorker(ThreadPoolExecutor.java:1136) ~[na:na]
	at java.base/java.util.concurrent.ThreadPoolExecutor$Worker.run(ThreadPoolExecutor.java:635) ~[na:na]
	at java.base/java.lang.Thread.run(Thread.java:842) ~[na:na]

2024-02-22T18:23:40.580+05:30  INFO 11235 --- [pool-6-thread-8] c.dws.challenge.service.TransferService  : compareBalance -1 
2024-02-22T18:23:40.580+05:30 ERROR 11235 --- [pool-6-thread-4] c.d.c.web.AccountsTransferController     : Exception occurs

com.dws.challenge.exception.InsufficientBalanceException: Insufficient Balance in account Account123
	at com.dws.challenge.service.TransferService.transferAmount(TransferService.java:21) ~[main/:na]
	at com.dws.challenge.web.AccountsTransferController.transferAmount(AccountsTransferController.java:64) ~[main/:na]
	at com.dws.challenge.ConcurrentTransferTest.lambda$concurrentTransferTest$0(ConcurrentTransferTest.java:63) ~[test/:na]
	at java.base/java.util.concurrent.ThreadPoolExecutor.runWorker(ThreadPoolExecutor.java:1136) ~[na:na]
	at java.base/java.util.concurrent.ThreadPoolExecutor$Worker.run(ThreadPoolExecutor.java:635) ~[na:na]
	at java.base/java.lang.Thread.run(Thread.java:842) ~[na:na]

2024-02-22T18:23:40.581+05:30  INFO 11235 --- [pool-6-thread-5] c.dws.challenge.service.TransferService  : compareBalance -1 
2024-02-22T18:23:40.581+05:30 ERROR 11235 --- [pool-6-thread-8] c.d.c.web.AccountsTransferController     : Exception occurs

com.dws.challenge.exception.InsufficientBalanceException: Insufficient Balance in account Account123
	at com.dws.challenge.service.TransferService.transferAmount(TransferService.java:21) ~[main/:na]
	at com.dws.challenge.web.AccountsTransferController.transferAmount(AccountsTransferController.java:64) ~[main/:na]
	at com.dws.challenge.ConcurrentTransferTest.lambda$concurrentTransferTest$0(ConcurrentTransferTest.java:63) ~[test/:na]
	at java.base/java.util.concurrent.ThreadPoolExecutor.runWorker(ThreadPoolExecutor.java:1136) ~[na:na]
	at java.base/java.util.concurrent.ThreadPoolExecutor$Worker.run(ThreadPoolExecutor.java:635) ~[na:na]
	at java.base/java.lang.Thread.run(Thread.java:842) ~[na:na]

2024-02-22T18:23:40.581+05:30 ERROR 11235 --- [pool-6-thread-5] c.d.c.web.AccountsTransferController     : Exception occurs

com.dws.challenge.exception.InsufficientBalanceException: Insufficient Balance in account Account123
	at com.dws.challenge.service.TransferService.transferAmount(TransferService.java:21) ~[main/:na]
	at com.dws.challenge.web.AccountsTransferController.transferAmount(AccountsTransferController.java:64) ~[main/:na]
	at com.dws.challenge.ConcurrentTransferTest.lambda$concurrentTransferTest$0(ConcurrentTransferTest.java:63) ~[test/:na]
	at java.base/java.util.concurrent.ThreadPoolExecutor.runWorker(ThreadPoolExecutor.java:1136) ~[na:na]
	at java.base/java.util.concurrent.ThreadPoolExecutor$Worker.run(ThreadPoolExecutor.java:635) ~[na:na]
	at java.base/java.lang.Thread.run(Thread.java:842) ~[na:na]

2024-02-22T18:23:40.581+05:30  INFO 11235 --- [pool-6-thread-1] c.dws.challenge.service.TransferService  : compareBalance -1 
2024-02-22T18:23:40.581+05:30  INFO 11235 --- [pool-6-thread-3] c.dws.challenge.service.TransferService  : compareBalance -1 
2024-02-22T18:23:40.581+05:30  INFO 11235 --- [ool-6-thread-13] c.dws.challenge.service.TransferService  : compareBalance -1 
2024-02-22T18:23:40.581+05:30 ERROR 11235 --- [pool-6-thread-1] c.d.c.web.AccountsTransferController     : Exception occurs

com.dws.challenge.exception.InsufficientBalanceException: Insufficient Balance in account Account123
	at com.dws.challenge.service.TransferService.transferAmount(TransferService.java:21) ~[main/:na]
	at com.dws.challenge.web.AccountsTransferController.transferAmount(AccountsTransferController.java:64) ~[main/:na]
	at com.dws.challenge.ConcurrentTransferTest.lambda$concurrentTransferTest$0(ConcurrentTransferTest.java:63) ~[test/:na]
	at java.base/java.util.concurrent.ThreadPoolExecutor.runWorker(ThreadPoolExecutor.java:1136) ~[na:na]
	at java.base/java.util.concurrent.ThreadPoolExecutor$Worker.run(ThreadPoolExecutor.java:635) ~[na:na]
	at java.base/java.lang.Thread.run(Thread.java:842) ~[na:na]

2024-02-22T18:23:40.581+05:30 ERROR 11235 --- [pool-6-thread-3] c.d.c.web.AccountsTransferController     : Exception occurs

com.dws.challenge.exception.InsufficientBalanceException: Insufficient Balance in account Account123
	at com.dws.challenge.service.TransferService.transferAmount(TransferService.java:21) ~[main/:na]
	at com.dws.challenge.web.AccountsTransferController.transferAmount(AccountsTransferController.java:64) ~[main/:na]
	at com.dws.challenge.ConcurrentTransferTest.lambda$concurrentTransferTest$0(ConcurrentTransferTest.java:63) ~[test/:na]
	at java.base/java.util.concurrent.ThreadPoolExecutor.runWorker(ThreadPoolExecutor.java:1136) ~[na:na]
	at java.base/java.util.concurrent.ThreadPoolExecutor$Worker.run(ThreadPoolExecutor.java:635) ~[na:na]
	at java.base/java.lang.Thread.run(Thread.java:842) ~[na:na]

2024-02-22T18:23:40.581+05:30  INFO 11235 --- [ool-6-thread-20] c.dws.challenge.service.TransferService  : compareBalance -1 
2024-02-22T18:23:40.581+05:30 ERROR 11235 --- [ool-6-thread-13] c.d.c.web.AccountsTransferController     : Exception occurs

com.dws.challenge.exception.InsufficientBalanceException: Insufficient Balance in account Account123
	at com.dws.challenge.service.TransferService.transferAmount(TransferService.java:21) ~[main/:na]
	at com.dws.challenge.web.AccountsTransferController.transferAmount(AccountsTransferController.java:64) ~[main/:na]
	at com.dws.challenge.ConcurrentTransferTest.lambda$concurrentTransferTest$0(ConcurrentTransferTest.java:63) ~[test/:na]
	at java.base/java.util.concurrent.ThreadPoolExecutor.runWorker(ThreadPoolExecutor.java:1136) ~[na:na]
	at java.base/java.util.concurrent.ThreadPoolExecutor$Worker.run(ThreadPoolExecutor.java:635) ~[na:na]
	at java.base/java.lang.Thread.run(Thread.java:842) ~[na:na]

2024-02-22T18:23:40.582+05:30 ERROR 11235 --- [ool-6-thread-20] c.d.c.web.AccountsTransferController     : Exception occurs

com.dws.challenge.exception.InsufficientBalanceException: Insufficient Balance in account Account123
	at com.dws.challenge.service.TransferService.transferAmount(TransferService.java:21) ~[main/:na]
	at com.dws.challenge.web.AccountsTransferController.transferAmount(AccountsTransferController.java:64) ~[main/:na]
	at com.dws.challenge.ConcurrentTransferTest.lambda$concurrentTransferTest$0(ConcurrentTransferTest.java:63) ~[test/:na]
	at java.base/java.util.concurrent.ThreadPoolExecutor.runWorker(ThreadPoolExecutor.java:1136) ~[na:na]
	at java.base/java.util.concurrent.ThreadPoolExecutor$Worker.run(ThreadPoolExecutor.java:635) ~[na:na]
	at java.base/java.lang.Thread.run(Thread.java:842) ~[na:na]

2024-02-22T18:23:40.588+05:30  INFO 11235 --- [ool-7-thread-20] c.d.c.web.AccountsTransferController     : Transfer Amount  Transfer(accountFrom=Account123, accountTo=Account124, amount=1000)
2024-02-22T18:23:40.589+05:30  INFO 11235 --- [pool-7-thread-9] c.d.c.web.AccountsTransferController     : Transfer Amount  Transfer(accountFrom=Account123, accountTo=Account124, amount=1000)
2024-02-22T18:23:40.589+05:30  INFO 11235 --- [ool-7-thread-17] c.d.c.web.AccountsTransferController     : Transfer Amount  Transfer(accountFrom=Account123, accountTo=Account124, amount=1000)
2024-02-22T18:23:40.589+05:30  INFO 11235 --- [ool-7-thread-19] c.d.c.web.AccountsTransferController     : Transfer Amount  Transfer(accountFrom=Account123, accountTo=Account124, amount=1000)
2024-02-22T18:23:40.588+05:30  INFO 11235 --- [pool-7-thread-4] c.d.c.web.AccountsTransferController     : Transfer Amount  Transfer(accountFrom=Account123, accountTo=Account124, amount=1000)
2024-02-22T18:23:40.588+05:30  INFO 11235 --- [pool-7-thread-1] c.d.c.web.AccountsTransferController     : Transfer Amount  Transfer(accountFrom=Account123, accountTo=Account124, amount=1000)
2024-02-22T18:23:40.589+05:30  INFO 11235 --- [ool-7-thread-11] c.d.c.web.AccountsTransferController     : Transfer Amount  Transfer(accountFrom=Account123, accountTo=Account124, amount=1000)
2024-02-22T18:23:40.589+05:30  INFO 11235 --- [ool-7-thread-10] c.d.c.web.AccountsTransferController     : Transfer Amount  Transfer(accountFrom=Account123, accountTo=Account124, amount=1000)
2024-02-22T18:23:40.589+05:30  INFO 11235 --- [ool-7-thread-13] c.d.c.web.AccountsTransferController     : Transfer Amount  Transfer(accountFrom=Account123, accountTo=Account124, amount=1000)
2024-02-22T18:23:40.588+05:30  INFO 11235 --- [pool-7-thread-5] c.d.c.web.AccountsTransferController     : Transfer Amount  Transfer(accountFrom=Account123, accountTo=Account124, amount=1000)
2024-02-22T18:23:40.589+05:30  INFO 11235 --- [ool-7-thread-12] c.d.c.web.AccountsTransferController     : Transfer Amount  Transfer(accountFrom=Account123, accountTo=Account124, amount=1000)
2024-02-22T18:23:40.588+05:30  INFO 11235 --- [pool-7-thread-6] c.d.c.web.AccountsTransferController     : Transfer Amount  Transfer(accountFrom=Account123, accountTo=Account124, amount=1000)
2024-02-22T18:23:40.588+05:30  INFO 11235 --- [pool-7-thread-3] c.d.c.web.AccountsTransferController     : Transfer Amount  Transfer(accountFrom=Account123, accountTo=Account124, amount=1000)
2024-02-22T18:23:40.588+05:30  INFO 11235 --- [pool-7-thread-2] c.d.c.web.AccountsTransferController     : Transfer Amount  Transfer(accountFrom=Account123, accountTo=Account124, amount=1000)
2024-02-22T18:23:40.589+05:30  INFO 11235 --- [pool-7-thread-8] c.d.c.web.AccountsTransferController     : Transfer Amount  Transfer(accountFrom=Account123, accountTo=Account124, amount=1000)
2024-02-22T18:23:40.589+05:30  INFO 11235 --- [ool-7-thread-14] c.d.c.web.AccountsTransferController     : Transfer Amount  Transfer(accountFrom=Account123, accountTo=Account124, amount=1000)
2024-02-22T18:23:40.589+05:30  INFO 11235 --- [pool-7-thread-7] c.d.c.web.AccountsTransferController     : Transfer Amount  Transfer(accountFrom=Account123, accountTo=Account124, amount=1000)
2024-02-22T18:23:40.589+05:30  INFO 11235 --- [ool-7-thread-15] c.d.c.web.AccountsTransferController     : Transfer Amount  Transfer(accountFrom=Account123, accountTo=Account124, amount=1000)
2024-02-22T18:23:40.589+05:30  INFO 11235 --- [ool-7-thread-16] c.d.c.web.AccountsTransferController     : Transfer Amount  Transfer(accountFrom=Account123, accountTo=Account124, amount=1000)
2024-02-22T18:23:40.589+05:30  INFO 11235 --- [ool-7-thread-20] c.dws.challenge.service.TransferService  : compareBalance 0 
2024-02-22T18:23:40.589+05:30  INFO 11235 --- [ool-7-thread-18] c.d.c.web.AccountsTransferController     : Transfer Amount  Transfer(accountFrom=Account123, accountTo=Account124, amount=1000)
2024-02-22T18:23:40.590+05:30  INFO 11235 --- [ool-7-thread-20] c.d.c.service.EmailNotificationService   : Sending notification to owner of Account123: 1000 has been debited and transferred to account Account124
2024-02-22T18:23:40.590+05:30  INFO 11235 --- [ool-7-thread-20] c.d.c.service.EmailNotificationService   : Sending notification to owner of Account124: 1000 has been credited to your account from account Account123
2024-02-22T18:23:40.590+05:30  INFO 11235 --- [ool-7-thread-20] c.d.c.web.AccountsTransferController     : notification sent successfully
2024-02-22T18:23:40.591+05:30  INFO 11235 --- [ool-7-thread-18] c.dws.challenge.service.TransferService  : compareBalance -1 
2024-02-22T18:23:40.591+05:30  INFO 11235 --- [ool-7-thread-16] c.dws.challenge.service.TransferService  : compareBalance -1 
2024-02-22T18:23:40.591+05:30  INFO 11235 --- [ool-7-thread-15] c.dws.challenge.service.TransferService  : compareBalance -1 
2024-02-22T18:23:40.591+05:30 ERROR 11235 --- [ool-7-thread-18] c.d.c.web.AccountsTransferController     : Exception occurs

com.dws.challenge.exception.InsufficientBalanceException: Insufficient Balance in account Account123
	at com.dws.challenge.service.TransferService.transferAmount(TransferService.java:21) ~[main/:na]
	at com.dws.challenge.web.AccountsTransferController.transferAmount(AccountsTransferController.java:64) ~[main/:na]
	at com.dws.challenge.ConcurrentTransferTest.lambda$concurrentTransferTest$0(ConcurrentTransferTest.java:63) ~[test/:na]
	at java.base/java.util.concurrent.ThreadPoolExecutor.runWorker(ThreadPoolExecutor.java:1136) ~[na:na]
	at java.base/java.util.concurrent.ThreadPoolExecutor$Worker.run(ThreadPoolExecutor.java:635) ~[na:na]
	at java.base/java.lang.Thread.run(Thread.java:842) ~[na:na]

2024-02-22T18:23:40.591+05:30 ERROR 11235 --- [ool-7-thread-16] c.d.c.web.AccountsTransferController     : Exception occurs

com.dws.challenge.exception.InsufficientBalanceException: Insufficient Balance in account Account123
	at com.dws.challenge.service.TransferService.transferAmount(TransferService.java:21) ~[main/:na]
	at com.dws.challenge.web.AccountsTransferController.transferAmount(AccountsTransferController.java:64) ~[main/:na]
	at com.dws.challenge.ConcurrentTransferTest.lambda$concurrentTransferTest$0(ConcurrentTransferTest.java:63) ~[test/:na]
	at java.base/java.util.concurrent.ThreadPoolExecutor.runWorker(ThreadPoolExecutor.java:1136) ~[na:na]
	at java.base/java.util.concurrent.ThreadPoolExecutor$Worker.run(ThreadPoolExecutor.java:635) ~[na:na]
	at java.base/java.lang.Thread.run(Thread.java:842) ~[na:na]

2024-02-22T18:23:40.591+05:30  INFO 11235 --- [pool-7-thread-7] c.dws.challenge.service.TransferService  : compareBalance -1 
2024-02-22T18:23:40.591+05:30 ERROR 11235 --- [ool-7-thread-15] c.d.c.web.AccountsTransferController     : Exception occurs

com.dws.challenge.exception.InsufficientBalanceException: Insufficient Balance in account Account123
	at com.dws.challenge.service.TransferService.transferAmount(TransferService.java:21) ~[main/:na]
	at com.dws.challenge.web.AccountsTransferController.transferAmount(AccountsTransferController.java:64) ~[main/:na]
	at com.dws.challenge.ConcurrentTransferTest.lambda$concurrentTransferTest$0(ConcurrentTransferTest.java:63) ~[test/:na]
	at java.base/java.util.concurrent.ThreadPoolExecutor.runWorker(ThreadPoolExecutor.java:1136) ~[na:na]
	at java.base/java.util.concurrent.ThreadPoolExecutor$Worker.run(ThreadPoolExecutor.java:635) ~[na:na]
	at java.base/java.lang.Thread.run(Thread.java:842) ~[na:na]

2024-02-22T18:23:40.591+05:30  INFO 11235 --- [ool-7-thread-14] c.dws.challenge.service.TransferService  : compareBalance -1 
2024-02-22T18:23:40.591+05:30 ERROR 11235 --- [pool-7-thread-7] c.d.c.web.AccountsTransferController     : Exception occurs

com.dws.challenge.exception.InsufficientBalanceException: Insufficient Balance in account Account123
	at com.dws.challenge.service.TransferService.transferAmount(TransferService.java:21) ~[main/:na]
	at com.dws.challenge.web.AccountsTransferController.transferAmount(AccountsTransferController.java:64) ~[main/:na]
	at com.dws.challenge.ConcurrentTransferTest.lambda$concurrentTransferTest$0(ConcurrentTransferTest.java:63) ~[test/:na]
	at java.base/java.util.concurrent.ThreadPoolExecutor.runWorker(ThreadPoolExecutor.java:1136) ~[na:na]
	at java.base/java.util.concurrent.ThreadPoolExecutor$Worker.run(ThreadPoolExecutor.java:635) ~[na:na]
	at java.base/java.lang.Thread.run(Thread.java:842) ~[na:na]

2024-02-22T18:23:40.592+05:30  INFO 11235 --- [pool-7-thread-8] c.dws.challenge.service.TransferService  : compareBalance -1 
2024-02-22T18:23:40.592+05:30  INFO 11235 --- [pool-7-thread-2] c.dws.challenge.service.TransferService  : compareBalance -1 
2024-02-22T18:23:40.592+05:30 ERROR 11235 --- [pool-7-thread-8] c.d.c.web.AccountsTransferController     : Exception occurs

com.dws.challenge.exception.InsufficientBalanceException: Insufficient Balance in account Account123
	at com.dws.challenge.service.TransferService.transferAmount(TransferService.java:21) ~[main/:na]
	at com.dws.challenge.web.AccountsTransferController.transferAmount(AccountsTransferController.java:64) ~[main/:na]
	at com.dws.challenge.ConcurrentTransferTest.lambda$concurrentTransferTest$0(ConcurrentTransferTest.java:63) ~[test/:na]
	at java.base/java.util.concurrent.ThreadPoolExecutor.runWorker(ThreadPoolExecutor.java:1136) ~[na:na]
	at java.base/java.util.concurrent.ThreadPoolExecutor$Worker.run(ThreadPoolExecutor.java:635) ~[na:na]
	at java.base/java.lang.Thread.run(Thread.java:842) ~[na:na]

2024-02-22T18:23:40.592+05:30 ERROR 11235 --- [ool-7-thread-14] c.d.c.web.AccountsTransferController     : Exception occurs

com.dws.challenge.exception.InsufficientBalanceException: Insufficient Balance in account Account123
	at com.dws.challenge.service.TransferService.transferAmount(TransferService.java:21) ~[main/:na]
	at com.dws.challenge.web.AccountsTransferController.transferAmount(AccountsTransferController.java:64) ~[main/:na]
	at com.dws.challenge.ConcurrentTransferTest.lambda$concurrentTransferTest$0(ConcurrentTransferTest.java:63) ~[test/:na]
	at java.base/java.util.concurrent.ThreadPoolExecutor.runWorker(ThreadPoolExecutor.java:1136) ~[na:na]
	at java.base/java.util.concurrent.ThreadPoolExecutor$Worker.run(ThreadPoolExecutor.java:635) ~[na:na]
	at java.base/java.lang.Thread.run(Thread.java:842) ~[na:na]

2024-02-22T18:23:40.592+05:30 ERROR 11235 --- [pool-7-thread-2] c.d.c.web.AccountsTransferController     : Exception occurs

com.dws.challenge.exception.InsufficientBalanceException: Insufficient Balance in account Account123
	at com.dws.challenge.service.TransferService.transferAmount(TransferService.java:21) ~[main/:na]
	at com.dws.challenge.web.AccountsTransferController.transferAmount(AccountsTransferController.java:64) ~[main/:na]
	at com.dws.challenge.ConcurrentTransferTest.lambda$concurrentTransferTest$0(ConcurrentTransferTest.java:63) ~[test/:na]
	at java.base/java.util.concurrent.ThreadPoolExecutor.runWorker(ThreadPoolExecutor.java:1136) ~[na:na]
	at java.base/java.util.concurrent.ThreadPoolExecutor$Worker.run(ThreadPoolExecutor.java:635) ~[na:na]
	at java.base/java.lang.Thread.run(Thread.java:842) ~[na:na]

2024-02-22T18:23:40.592+05:30  INFO 11235 --- [pool-7-thread-3] c.dws.challenge.service.TransferService  : compareBalance -1 
2024-02-22T18:23:40.592+05:30  INFO 11235 --- [pool-7-thread-6] c.dws.challenge.service.TransferService  : compareBalance -1 
2024-02-22T18:23:40.592+05:30 ERROR 11235 --- [pool-7-thread-3] c.d.c.web.AccountsTransferController     : Exception occurs

com.dws.challenge.exception.InsufficientBalanceException: Insufficient Balance in account Account123
	at com.dws.challenge.service.TransferService.transferAmount(TransferService.java:21) ~[main/:na]
	at com.dws.challenge.web.AccountsTransferController.transferAmount(AccountsTransferController.java:64) ~[main/:na]
	at com.dws.challenge.ConcurrentTransferTest.lambda$concurrentTransferTest$0(ConcurrentTransferTest.java:63) ~[test/:na]
	at java.base/java.util.concurrent.ThreadPoolExecutor.runWorker(ThreadPoolExecutor.java:1136) ~[na:na]
	at java.base/java.util.concurrent.ThreadPoolExecutor$Worker.run(ThreadPoolExecutor.java:635) ~[na:na]
	at java.base/java.lang.Thread.run(Thread.java:842) ~[na:na]

2024-02-22T18:23:40.592+05:30  INFO 11235 --- [ool-7-thread-12] c.dws.challenge.service.TransferService  : compareBalance -1 
2024-02-22T18:23:40.592+05:30 ERROR 11235 --- [pool-7-thread-6] c.d.c.web.AccountsTransferController     : Exception occurs

com.dws.challenge.exception.InsufficientBalanceException: Insufficient Balance in account Account123
	at com.dws.challenge.service.TransferService.transferAmount(TransferService.java:21) ~[main/:na]
	at com.dws.challenge.web.AccountsTransferController.transferAmount(AccountsTransferController.java:64) ~[main/:na]
	at com.dws.challenge.ConcurrentTransferTest.lambda$concurrentTransferTest$0(ConcurrentTransferTest.java:63) ~[test/:na]
	at java.base/java.util.concurrent.ThreadPoolExecutor.runWorker(ThreadPoolExecutor.java:1136) ~[na:na]
	at java.base/java.util.concurrent.ThreadPoolExecutor$Worker.run(ThreadPoolExecutor.java:635) ~[na:na]
	at java.base/java.lang.Thread.run(Thread.java:842) ~[na:na]

2024-02-22T18:23:40.593+05:30  INFO 11235 --- [pool-7-thread-5] c.dws.challenge.service.TransferService  : compareBalance -1 
2024-02-22T18:23:40.593+05:30 ERROR 11235 --- [ool-7-thread-12] c.d.c.web.AccountsTransferController     : Exception occurs

com.dws.challenge.exception.InsufficientBalanceException: Insufficient Balance in account Account123
	at com.dws.challenge.service.TransferService.transferAmount(TransferService.java:21) ~[main/:na]
	at com.dws.challenge.web.AccountsTransferController.transferAmount(AccountsTransferController.java:64) ~[main/:na]
	at com.dws.challenge.ConcurrentTransferTest.lambda$concurrentTransferTest$0(ConcurrentTransferTest.java:63) ~[test/:na]
	at java.base/java.util.concurrent.ThreadPoolExecutor.runWorker(ThreadPoolExecutor.java:1136) ~[na:na]
	at java.base/java.util.concurrent.ThreadPoolExecutor$Worker.run(ThreadPoolExecutor.java:635) ~[na:na]
	at java.base/java.lang.Thread.run(Thread.java:842) ~[na:na]

2024-02-22T18:23:40.593+05:30  INFO 11235 --- [ool-7-thread-13] c.dws.challenge.service.TransferService  : compareBalance -1 
2024-02-22T18:23:40.593+05:30 ERROR 11235 --- [pool-7-thread-5] c.d.c.web.AccountsTransferController     : Exception occurs

com.dws.challenge.exception.InsufficientBalanceException: Insufficient Balance in account Account123
	at com.dws.challenge.service.TransferService.transferAmount(TransferService.java:21) ~[main/:na]
	at com.dws.challenge.web.AccountsTransferController.transferAmount(AccountsTransferController.java:64) ~[main/:na]
	at com.dws.challenge.ConcurrentTransferTest.lambda$concurrentTransferTest$0(ConcurrentTransferTest.java:63) ~[test/:na]
	at java.base/java.util.concurrent.ThreadPoolExecutor.runWorker(ThreadPoolExecutor.java:1136) ~[na:na]
	at java.base/java.util.concurrent.ThreadPoolExecutor$Worker.run(ThreadPoolExecutor.java:635) ~[na:na]
	at java.base/java.lang.Thread.run(Thread.java:842) ~[na:na]

2024-02-22T18:23:40.593+05:30  INFO 11235 --- [ool-7-thread-10] c.dws.challenge.service.TransferService  : compareBalance -1 
2024-02-22T18:23:40.593+05:30 ERROR 11235 --- [ool-7-thread-13] c.d.c.web.AccountsTransferController     : Exception occurs

com.dws.challenge.exception.InsufficientBalanceException: Insufficient Balance in account Account123
	at com.dws.challenge.service.TransferService.transferAmount(TransferService.java:21) ~[main/:na]
	at com.dws.challenge.web.AccountsTransferController.transferAmount(AccountsTransferController.java:64) ~[main/:na]
	at com.dws.challenge.ConcurrentTransferTest.lambda$concurrentTransferTest$0(ConcurrentTransferTest.java:63) ~[test/:na]
	at java.base/java.util.concurrent.ThreadPoolExecutor.runWorker(ThreadPoolExecutor.java:1136) ~[na:na]
	at java.base/java.util.concurrent.ThreadPoolExecutor$Worker.run(ThreadPoolExecutor.java:635) ~[na:na]
	at java.base/java.lang.Thread.run(Thread.java:842) ~[na:na]

2024-02-22T18:23:40.593+05:30  INFO 11235 --- [ool-7-thread-11] c.dws.challenge.service.TransferService  : compareBalance -1 
2024-02-22T18:23:40.593+05:30 ERROR 11235 --- [ool-7-thread-10] c.d.c.web.AccountsTransferController     : Exception occurs

com.dws.challenge.exception.InsufficientBalanceException: Insufficient Balance in account Account123
	at com.dws.challenge.service.TransferService.transferAmount(TransferService.java:21) ~[main/:na]
	at com.dws.challenge.web.AccountsTransferController.transferAmount(AccountsTransferController.java:64) ~[main/:na]
	at com.dws.challenge.ConcurrentTransferTest.lambda$concurrentTransferTest$0(ConcurrentTransferTest.java:63) ~[test/:na]
	at java.base/java.util.concurrent.ThreadPoolExecutor.runWorker(ThreadPoolExecutor.java:1136) ~[na:na]
	at java.base/java.util.concurrent.ThreadPoolExecutor$Worker.run(ThreadPoolExecutor.java:635) ~[na:na]
	at java.base/java.lang.Thread.run(Thread.java:842) ~[na:na]

2024-02-22T18:23:40.593+05:30  INFO 11235 --- [pool-7-thread-1] c.dws.challenge.service.TransferService  : compareBalance -1 
2024-02-22T18:23:40.593+05:30 ERROR 11235 --- [ool-7-thread-11] c.d.c.web.AccountsTransferController     : Exception occurs

com.dws.challenge.exception.InsufficientBalanceException: Insufficient Balance in account Account123
	at com.dws.challenge.service.TransferService.transferAmount(TransferService.java:21) ~[main/:na]
	at com.dws.challenge.web.AccountsTransferController.transferAmount(AccountsTransferController.java:64) ~[main/:na]
	at com.dws.challenge.ConcurrentTransferTest.lambda$concurrentTransferTest$0(ConcurrentTransferTest.java:63) ~[test/:na]
	at java.base/java.util.concurrent.ThreadPoolExecutor.runWorker(ThreadPoolExecutor.java:1136) ~[na:na]
	at java.base/java.util.concurrent.ThreadPoolExecutor$Worker.run(ThreadPoolExecutor.java:635) ~[na:na]
	at java.base/java.lang.Thread.run(Thread.java:842) ~[na:na]

2024-02-22T18:23:40.594+05:30  INFO 11235 --- [pool-7-thread-4] c.dws.challenge.service.TransferService  : compareBalance -1 
2024-02-22T18:23:40.594+05:30 ERROR 11235 --- [pool-7-thread-1] c.d.c.web.AccountsTransferController     : Exception occurs

com.dws.challenge.exception.InsufficientBalanceException: Insufficient Balance in account Account123
	at com.dws.challenge.service.TransferService.transferAmount(TransferService.java:21) ~[main/:na]
	at com.dws.challenge.web.AccountsTransferController.transferAmount(AccountsTransferController.java:64) ~[main/:na]
	at com.dws.challenge.ConcurrentTransferTest.lambda$concurrentTransferTest$0(ConcurrentTransferTest.java:63) ~[test/:na]
	at java.base/java.util.concurrent.ThreadPoolExecutor.runWorker(ThreadPoolExecutor.java:1136) ~[na:na]
	at java.base/java.util.concurrent.ThreadPoolExecutor$Worker.run(ThreadPoolExecutor.java:635) ~[na:na]
	at java.base/java.lang.Thread.run(Thread.java:842) ~[na:na]

2024-02-22T18:23:40.594+05:30  INFO 11235 --- [ool-7-thread-19] c.dws.challenge.service.TransferService  : compareBalance -1 
2024-02-22T18:23:40.594+05:30 ERROR 11235 --- [pool-7-thread-4] c.d.c.web.AccountsTransferController     : Exception occurs

com.dws.challenge.exception.InsufficientBalanceException: Insufficient Balance in account Account123
	at com.dws.challenge.service.TransferService.transferAmount(TransferService.java:21) ~[main/:na]
	at com.dws.challenge.web.AccountsTransferController.transferAmount(AccountsTransferController.java:64) ~[main/:na]
	at com.dws.challenge.ConcurrentTransferTest.lambda$concurrentTransferTest$0(ConcurrentTransferTest.java:63) ~[test/:na]
	at java.base/java.util.concurrent.ThreadPoolExecutor.runWorker(ThreadPoolExecutor.java:1136) ~[na:na]
	at java.base/java.util.concurrent.ThreadPoolExecutor$Worker.run(ThreadPoolExecutor.java:635) ~[na:na]
	at java.base/java.lang.Thread.run(Thread.java:842) ~[na:na]

2024-02-22T18:23:40.594+05:30 ERROR 11235 --- [ool-7-thread-19] c.d.c.web.AccountsTransferController     : Exception occurs

com.dws.challenge.exception.InsufficientBalanceException: Insufficient Balance in account Account123
	at com.dws.challenge.service.TransferService.transferAmount(TransferService.java:21) ~[main/:na]
	at com.dws.challenge.web.AccountsTransferController.transferAmount(AccountsTransferController.java:64) ~[main/:na]
	at com.dws.challenge.ConcurrentTransferTest.lambda$concurrentTransferTest$0(ConcurrentTransferTest.java:63) ~[test/:na]
	at java.base/java.util.concurrent.ThreadPoolExecutor.runWorker(ThreadPoolExecutor.java:1136) ~[na:na]
	at java.base/java.util.concurrent.ThreadPoolExecutor$Worker.run(ThreadPoolExecutor.java:635) ~[na:na]
	at java.base/java.lang.Thread.run(Thread.java:842) ~[na:na]

2024-02-22T18:23:40.594+05:30  INFO 11235 --- [ool-7-thread-17] c.dws.challenge.service.TransferService  : compareBalance -1 
2024-02-22T18:23:40.594+05:30  INFO 11235 --- [pool-7-thread-9] c.dws.challenge.service.TransferService  : compareBalance -1 
2024-02-22T18:23:40.594+05:30 ERROR 11235 --- [ool-7-thread-17] c.d.c.web.AccountsTransferController     : Exception occurs

com.dws.challenge.exception.InsufficientBalanceException: Insufficient Balance in account Account123
	at com.dws.challenge.service.TransferService.transferAmount(TransferService.java:21) ~[main/:na]
	at com.dws.challenge.web.AccountsTransferController.transferAmount(AccountsTransferController.java:64) ~[main/:na]
	at com.dws.challenge.ConcurrentTransferTest.lambda$concurrentTransferTest$0(ConcurrentTransferTest.java:63) ~[test/:na]
	at java.base/java.util.concurrent.ThreadPoolExecutor.runWorker(ThreadPoolExecutor.java:1136) ~[na:na]
	at java.base/java.util.concurrent.ThreadPoolExecutor$Worker.run(ThreadPoolExecutor.java:635) ~[na:na]
	at java.base/java.lang.Thread.run(Thread.java:842) ~[na:na]

2024-02-22T18:23:40.594+05:30 ERROR 11235 --- [pool-7-thread-9] c.d.c.web.AccountsTransferController     : Exception occurs

com.dws.challenge.exception.InsufficientBalanceException: Insufficient Balance in account Account123
	at com.dws.challenge.service.TransferService.transferAmount(TransferService.java:21) ~[main/:na]
	at com.dws.challenge.web.AccountsTransferController.transferAmount(AccountsTransferController.java:64) ~[main/:na]
	at com.dws.challenge.ConcurrentTransferTest.lambda$concurrentTransferTest$0(ConcurrentTransferTest.java:63) ~[test/:na]
	at java.base/java.util.concurrent.ThreadPoolExecutor.runWorker(ThreadPoolExecutor.java:1136) ~[na:na]
	at java.base/java.util.concurrent.ThreadPoolExecutor$Worker.run(ThreadPoolExecutor.java:635) ~[na:na]
	at java.base/java.lang.Thread.run(Thread.java:842) ~[na:na]

2024-02-22T18:23:40.601+05:30  INFO 11235 --- [pool-8-thread-6] c.d.c.web.AccountsTransferController     : Transfer Amount  Transfer(accountFrom=Account123, accountTo=Account124, amount=1000)
2024-02-22T18:23:40.601+05:30  INFO 11235 --- [ool-8-thread-12] c.d.c.web.AccountsTransferController     : Transfer Amount  Transfer(accountFrom=Account123, accountTo=Account124, amount=1000)
2024-02-22T18:23:40.601+05:30  INFO 11235 --- [ool-8-thread-17] c.d.c.web.AccountsTransferController     : Transfer Amount  Transfer(accountFrom=Account123, accountTo=Account124, amount=1000)
2024-02-22T18:23:40.601+05:30  INFO 11235 --- [pool-8-thread-4] c.d.c.web.AccountsTransferController     : Transfer Amount  Transfer(accountFrom=Account123, accountTo=Account124, amount=1000)
2024-02-22T18:23:40.601+05:30  INFO 11235 --- [pool-8-thread-1] c.d.c.web.AccountsTransferController     : Transfer Amount  Transfer(accountFrom=Account123, accountTo=Account124, amount=1000)
2024-02-22T18:23:40.601+05:30  INFO 11235 --- [pool-8-thread-8] c.d.c.web.AccountsTransferController     : Transfer Amount  Transfer(accountFrom=Account123, accountTo=Account124, amount=1000)
2024-02-22T18:23:40.601+05:30  INFO 11235 --- [pool-8-thread-2] c.d.c.web.AccountsTransferController     : Transfer Amount  Transfer(accountFrom=Account123, accountTo=Account124, amount=1000)
2024-02-22T18:23:40.601+05:30  INFO 11235 --- [pool-8-thread-9] c.d.c.web.AccountsTransferController     : Transfer Amount  Transfer(accountFrom=Account123, accountTo=Account124, amount=1000)
2024-02-22T18:23:40.601+05:30  INFO 11235 --- [ool-8-thread-10] c.d.c.web.AccountsTransferController     : Transfer Amount  Transfer(accountFrom=Account123, accountTo=Account124, amount=1000)
2024-02-22T18:23:40.601+05:30  INFO 11235 --- [ool-8-thread-20] c.d.c.web.AccountsTransferController     : Transfer Amount  Transfer(accountFrom=Account123, accountTo=Account124, amount=1000)
2024-02-22T18:23:40.601+05:30  INFO 11235 --- [pool-8-thread-7] c.d.c.web.AccountsTransferController     : Transfer Amount  Transfer(accountFrom=Account123, accountTo=Account124, amount=1000)
2024-02-22T18:23:40.601+05:30  INFO 11235 --- [pool-8-thread-3] c.d.c.web.AccountsTransferController     : Transfer Amount  Transfer(accountFrom=Account123, accountTo=Account124, amount=1000)
2024-02-22T18:23:40.601+05:30  INFO 11235 --- [pool-8-thread-5] c.d.c.web.AccountsTransferController     : Transfer Amount  Transfer(accountFrom=Account123, accountTo=Account124, amount=1000)
2024-02-22T18:23:40.601+05:30  INFO 11235 --- [ool-8-thread-11] c.d.c.web.AccountsTransferController     : Transfer Amount  Transfer(accountFrom=Account123, accountTo=Account124, amount=1000)
2024-02-22T18:23:40.601+05:30  INFO 11235 --- [ool-8-thread-13] c.d.c.web.AccountsTransferController     : Transfer Amount  Transfer(accountFrom=Account123, accountTo=Account124, amount=1000)
2024-02-22T18:23:40.601+05:30  INFO 11235 --- [ool-8-thread-14] c.d.c.web.AccountsTransferController     : Transfer Amount  Transfer(accountFrom=Account123, accountTo=Account124, amount=1000)
2024-02-22T18:23:40.601+05:30  INFO 11235 --- [ool-8-thread-15] c.d.c.web.AccountsTransferController     : Transfer Amount  Transfer(accountFrom=Account123, accountTo=Account124, amount=1000)
2024-02-22T18:23:40.601+05:30  INFO 11235 --- [pool-8-thread-6] c.dws.challenge.service.TransferService  : compareBalance 0 
2024-02-22T18:23:40.601+05:30  INFO 11235 --- [ool-8-thread-16] c.d.c.web.AccountsTransferController     : Transfer Amount  Transfer(accountFrom=Account123, accountTo=Account124, amount=1000)
2024-02-22T18:23:40.601+05:30  INFO 11235 --- [ool-8-thread-18] c.d.c.web.AccountsTransferController     : Transfer Amount  Transfer(accountFrom=Account123, accountTo=Account124, amount=1000)
2024-02-22T18:23:40.601+05:30  INFO 11235 --- [ool-8-thread-19] c.d.c.web.AccountsTransferController     : Transfer Amount  Transfer(accountFrom=Account123, accountTo=Account124, amount=1000)
2024-02-22T18:23:40.602+05:30  INFO 11235 --- [pool-8-thread-6] c.d.c.service.EmailNotificationService   : Sending notification to owner of Account123: 1000 has been debited and transferred to account Account124
2024-02-22T18:23:40.602+05:30  INFO 11235 --- [pool-8-thread-6] c.d.c.service.EmailNotificationService   : Sending notification to owner of Account124: 1000 has been credited to your account from account Account123
2024-02-22T18:23:40.602+05:30  INFO 11235 --- [pool-8-thread-6] c.d.c.web.AccountsTransferController     : notification sent successfully
2024-02-22T18:23:40.602+05:30  INFO 11235 --- [ool-8-thread-19] c.dws.challenge.service.TransferService  : compareBalance -1 
2024-02-22T18:23:40.602+05:30  INFO 11235 --- [ool-8-thread-18] c.dws.challenge.service.TransferService  : compareBalance -1 
2024-02-22T18:23:40.602+05:30 ERROR 11235 --- [ool-8-thread-19] c.d.c.web.AccountsTransferController     : Exception occurs

com.dws.challenge.exception.InsufficientBalanceException: Insufficient Balance in account Account123
	at com.dws.challenge.service.TransferService.transferAmount(TransferService.java:21) ~[main/:na]
	at com.dws.challenge.web.AccountsTransferController.transferAmount(AccountsTransferController.java:64) ~[main/:na]
	at com.dws.challenge.ConcurrentTransferTest.lambda$concurrentTransferTest$0(ConcurrentTransferTest.java:63) ~[test/:na]
	at java.base/java.util.concurrent.ThreadPoolExecutor.runWorker(ThreadPoolExecutor.java:1136) ~[na:na]
	at java.base/java.util.concurrent.ThreadPoolExecutor$Worker.run(ThreadPoolExecutor.java:635) ~[na:na]
	at java.base/java.lang.Thread.run(Thread.java:842) ~[na:na]

2024-02-22T18:23:40.603+05:30  INFO 11235 --- [ool-8-thread-16] c.dws.challenge.service.TransferService  : compareBalance -1 
2024-02-22T18:23:40.603+05:30 ERROR 11235 --- [ool-8-thread-18] c.d.c.web.AccountsTransferController     : Exception occurs

com.dws.challenge.exception.InsufficientBalanceException: Insufficient Balance in account Account123
	at com.dws.challenge.service.TransferService.transferAmount(TransferService.java:21) ~[main/:na]
	at com.dws.challenge.web.AccountsTransferController.transferAmount(AccountsTransferController.java:64) ~[main/:na]
	at com.dws.challenge.ConcurrentTransferTest.lambda$concurrentTransferTest$0(ConcurrentTransferTest.java:63) ~[test/:na]
	at java.base/java.util.concurrent.ThreadPoolExecutor.runWorker(ThreadPoolExecutor.java:1136) ~[na:na]
	at java.base/java.util.concurrent.ThreadPoolExecutor$Worker.run(ThreadPoolExecutor.java:635) ~[na:na]
	at java.base/java.lang.Thread.run(Thread.java:842) ~[na:na]

2024-02-22T18:23:40.603+05:30  INFO 11235 --- [ool-8-thread-15] c.dws.challenge.service.TransferService  : compareBalance -1 
2024-02-22T18:23:40.603+05:30 ERROR 11235 --- [ool-8-thread-16] c.d.c.web.AccountsTransferController     : Exception occurs

com.dws.challenge.exception.InsufficientBalanceException: Insufficient Balance in account Account123
	at com.dws.challenge.service.TransferService.transferAmount(TransferService.java:21) ~[main/:na]
	at com.dws.challenge.web.AccountsTransferController.transferAmount(AccountsTransferController.java:64) ~[main/:na]
	at com.dws.challenge.ConcurrentTransferTest.lambda$concurrentTransferTest$0(ConcurrentTransferTest.java:63) ~[test/:na]
	at java.base/java.util.concurrent.ThreadPoolExecutor.runWorker(ThreadPoolExecutor.java:1136) ~[na:na]
	at java.base/java.util.concurrent.ThreadPoolExecutor$Worker.run(ThreadPoolExecutor.java:635) ~[na:na]
	at java.base/java.lang.Thread.run(Thread.java:842) ~[na:na]

2024-02-22T18:23:40.603+05:30  INFO 11235 --- [ool-8-thread-14] c.dws.challenge.service.TransferService  : compareBalance -1 
2024-02-22T18:23:40.603+05:30  INFO 11235 --- [ool-8-thread-13] c.dws.challenge.service.TransferService  : compareBalance -1 
2024-02-22T18:23:40.603+05:30 ERROR 11235 --- [ool-8-thread-15] c.d.c.web.AccountsTransferController     : Exception occurs

com.dws.challenge.exception.InsufficientBalanceException: Insufficient Balance in account Account123
	at com.dws.challenge.service.TransferService.transferAmount(TransferService.java:21) ~[main/:na]
	at com.dws.challenge.web.AccountsTransferController.transferAmount(AccountsTransferController.java:64) ~[main/:na]
	at com.dws.challenge.ConcurrentTransferTest.lambda$concurrentTransferTest$0(ConcurrentTransferTest.java:63) ~[test/:na]
	at java.base/java.util.concurrent.ThreadPoolExecutor.runWorker(ThreadPoolExecutor.java:1136) ~[na:na]
	at java.base/java.util.concurrent.ThreadPoolExecutor$Worker.run(ThreadPoolExecutor.java:635) ~[na:na]
	at java.base/java.lang.Thread.run(Thread.java:842) ~[na:na]

2024-02-22T18:23:40.603+05:30 ERROR 11235 --- [ool-8-thread-14] c.d.c.web.AccountsTransferController     : Exception occurs

com.dws.challenge.exception.InsufficientBalanceException: Insufficient Balance in account Account123
	at com.dws.challenge.service.TransferService.transferAmount(TransferService.java:21) ~[main/:na]
	at com.dws.challenge.web.AccountsTransferController.transferAmount(AccountsTransferController.java:64) ~[main/:na]
	at com.dws.challenge.ConcurrentTransferTest.lambda$concurrentTransferTest$0(ConcurrentTransferTest.java:63) ~[test/:na]
	at java.base/java.util.concurrent.ThreadPoolExecutor.runWorker(ThreadPoolExecutor.java:1136) ~[na:na]
	at java.base/java.util.concurrent.ThreadPoolExecutor$Worker.run(ThreadPoolExecutor.java:635) ~[na:na]
	at java.base/java.lang.Thread.run(Thread.java:842) ~[na:na]

2024-02-22T18:23:40.603+05:30  INFO 11235 --- [ool-8-thread-11] c.dws.challenge.service.TransferService  : compareBalance -1 
2024-02-22T18:23:40.603+05:30 ERROR 11235 --- [ool-8-thread-13] c.d.c.web.AccountsTransferController     : Exception occurs

com.dws.challenge.exception.InsufficientBalanceException: Insufficient Balance in account Account123
	at com.dws.challenge.service.TransferService.transferAmount(TransferService.java:21) ~[main/:na]
	at com.dws.challenge.web.AccountsTransferController.transferAmount(AccountsTransferController.java:64) ~[main/:na]
	at com.dws.challenge.ConcurrentTransferTest.lambda$concurrentTransferTest$0(ConcurrentTransferTest.java:63) ~[test/:na]
	at java.base/java.util.concurrent.ThreadPoolExecutor.runWorker(ThreadPoolExecutor.java:1136) ~[na:na]
	at java.base/java.util.concurrent.ThreadPoolExecutor$Worker.run(ThreadPoolExecutor.java:635) ~[na:na]
	at java.base/java.lang.Thread.run(Thread.java:842) ~[na:na]

2024-02-22T18:23:40.603+05:30  INFO 11235 --- [pool-8-thread-5] c.dws.challenge.service.TransferService  : compareBalance -1 
2024-02-22T18:23:40.603+05:30 ERROR 11235 --- [ool-8-thread-11] c.d.c.web.AccountsTransferController     : Exception occurs

com.dws.challenge.exception.InsufficientBalanceException: Insufficient Balance in account Account123
	at com.dws.challenge.service.TransferService.transferAmount(TransferService.java:21) ~[main/:na]
	at com.dws.challenge.web.AccountsTransferController.transferAmount(AccountsTransferController.java:64) ~[main/:na]
	at com.dws.challenge.ConcurrentTransferTest.lambda$concurrentTransferTest$0(ConcurrentTransferTest.java:63) ~[test/:na]
	at java.base/java.util.concurrent.ThreadPoolExecutor.runWorker(ThreadPoolExecutor.java:1136) ~[na:na]
	at java.base/java.util.concurrent.ThreadPoolExecutor$Worker.run(ThreadPoolExecutor.java:635) ~[na:na]
	at java.base/java.lang.Thread.run(Thread.java:842) ~[na:na]

2024-02-22T18:23:40.603+05:30  INFO 11235 --- [pool-8-thread-3] c.dws.challenge.service.TransferService  : compareBalance -1 
2024-02-22T18:23:40.603+05:30 ERROR 11235 --- [pool-8-thread-5] c.d.c.web.AccountsTransferController     : Exception occurs

com.dws.challenge.exception.InsufficientBalanceException: Insufficient Balance in account Account123
	at com.dws.challenge.service.TransferService.transferAmount(TransferService.java:21) ~[main/:na]
	at com.dws.challenge.web.AccountsTransferController.transferAmount(AccountsTransferController.java:64) ~[main/:na]
	at com.dws.challenge.ConcurrentTransferTest.lambda$concurrentTransferTest$0(ConcurrentTransferTest.java:63) ~[test/:na]
	at java.base/java.util.concurrent.ThreadPoolExecutor.runWorker(ThreadPoolExecutor.java:1136) ~[na:na]
	at java.base/java.util.concurrent.ThreadPoolExecutor$Worker.run(ThreadPoolExecutor.java:635) ~[na:na]
	at java.base/java.lang.Thread.run(Thread.java:842) ~[na:na]

2024-02-22T18:23:40.604+05:30  INFO 11235 --- [pool-8-thread-7] c.dws.challenge.service.TransferService  : compareBalance -1 
2024-02-22T18:23:40.604+05:30 ERROR 11235 --- [pool-8-thread-3] c.d.c.web.AccountsTransferController     : Exception occurs

com.dws.challenge.exception.InsufficientBalanceException: Insufficient Balance in account Account123
	at com.dws.challenge.service.TransferService.transferAmount(TransferService.java:21) ~[main/:na]
	at com.dws.challenge.web.AccountsTransferController.transferAmount(AccountsTransferController.java:64) ~[main/:na]
	at com.dws.challenge.ConcurrentTransferTest.lambda$concurrentTransferTest$0(ConcurrentTransferTest.java:63) ~[test/:na]
	at java.base/java.util.concurrent.ThreadPoolExecutor.runWorker(ThreadPoolExecutor.java:1136) ~[na:na]
	at java.base/java.util.concurrent.ThreadPoolExecutor$Worker.run(ThreadPoolExecutor.java:635) ~[na:na]
	at java.base/java.lang.Thread.run(Thread.java:842) ~[na:na]

2024-02-22T18:23:40.604+05:30  INFO 11235 --- [ool-8-thread-20] c.dws.challenge.service.TransferService  : compareBalance -1 
2024-02-22T18:23:40.604+05:30 ERROR 11235 --- [ool-8-thread-20] c.d.c.web.AccountsTransferController     : Exception occurs

com.dws.challenge.exception.InsufficientBalanceException: Insufficient Balance in account Account123
	at com.dws.challenge.service.TransferService.transferAmount(TransferService.java:21) ~[main/:na]
	at com.dws.challenge.web.AccountsTransferController.transferAmount(AccountsTransferController.java:64) ~[main/:na]
	at com.dws.challenge.ConcurrentTransferTest.lambda$concurrentTransferTest$0(ConcurrentTransferTest.java:63) ~[test/:na]
	at java.base/java.util.concurrent.ThreadPoolExecutor.runWorker(ThreadPoolExecutor.java:1136) ~[na:na]
	at java.base/java.util.concurrent.ThreadPoolExecutor$Worker.run(ThreadPoolExecutor.java:635) ~[na:na]
	at java.base/java.lang.Thread.run(Thread.java:842) ~[na:na]

2024-02-22T18:23:40.604+05:30 ERROR 11235 --- [pool-8-thread-7] c.d.c.web.AccountsTransferController     : Exception occurs

com.dws.challenge.exception.InsufficientBalanceException: Insufficient Balance in account Account123
	at com.dws.challenge.service.TransferService.transferAmount(TransferService.java:21) ~[main/:na]
	at com.dws.challenge.web.AccountsTransferController.transferAmount(AccountsTransferController.java:64) ~[main/:na]
	at com.dws.challenge.ConcurrentTransferTest.lambda$concurrentTransferTest$0(ConcurrentTransferTest.java:63) ~[test/:na]
	at java.base/java.util.concurrent.ThreadPoolExecutor.runWorker(ThreadPoolExecutor.java:1136) ~[na:na]
	at java.base/java.util.concurrent.ThreadPoolExecutor$Worker.run(ThreadPoolExecutor.java:635) ~[na:na]
	at java.base/java.lang.Thread.run(Thread.java:842) ~[na:na]

2024-02-22T18:23:40.605+05:30  INFO 11235 --- [ool-8-thread-10] c.dws.challenge.service.TransferService  : compareBalance -1 
2024-02-22T18:23:40.606+05:30 ERROR 11235 --- [ool-8-thread-10] c.d.c.web.AccountsTransferController     : Exception occurs

com.dws.challenge.exception.InsufficientBalanceException: Insufficient Balance in account Account123
	at com.dws.challenge.service.TransferService.transferAmount(TransferService.java:21) ~[main/:na]
	at com.dws.challenge.web.AccountsTransferController.transferAmount(AccountsTransferController.java:64) ~[main/:na]
	at com.dws.challenge.ConcurrentTransferTest.lambda$concurrentTransferTest$0(ConcurrentTransferTest.java:63) ~[test/:na]
	at java.base/java.util.concurrent.ThreadPoolExecutor.runWorker(ThreadPoolExecutor.java:1136) ~[na:na]
	at java.base/java.util.concurrent.ThreadPoolExecutor$Worker.run(ThreadPoolExecutor.java:635) ~[na:na]
	at java.base/java.lang.Thread.run(Thread.java:842) ~[na:na]

2024-02-22T18:23:40.606+05:30  INFO 11235 --- [pool-8-thread-9] c.dws.challenge.service.TransferService  : compareBalance -1 
2024-02-22T18:23:40.606+05:30 ERROR 11235 --- [pool-8-thread-9] c.d.c.web.AccountsTransferController     : Exception occurs

com.dws.challenge.exception.InsufficientBalanceException: Insufficient Balance in account Account123
	at com.dws.challenge.service.TransferService.transferAmount(TransferService.java:21) ~[main/:na]
	at com.dws.challenge.web.AccountsTransferController.transferAmount(AccountsTransferController.java:64) ~[main/:na]
	at com.dws.challenge.ConcurrentTransferTest.lambda$concurrentTransferTest$0(ConcurrentTransferTest.java:63) ~[test/:na]
	at java.base/java.util.concurrent.ThreadPoolExecutor.runWorker(ThreadPoolExecutor.java:1136) ~[na:na]
	at java.base/java.util.concurrent.ThreadPoolExecutor$Worker.run(ThreadPoolExecutor.java:635) ~[na:na]
	at java.base/java.lang.Thread.run(Thread.java:842) ~[na:na]

2024-02-22T18:23:40.607+05:30  INFO 11235 --- [pool-8-thread-2] c.dws.challenge.service.TransferService  : compareBalance -1 
2024-02-22T18:23:40.607+05:30 ERROR 11235 --- [pool-8-thread-2] c.d.c.web.AccountsTransferController     : Exception occurs

com.dws.challenge.exception.InsufficientBalanceException: Insufficient Balance in account Account123
	at com.dws.challenge.service.TransferService.transferAmount(TransferService.java:21) ~[main/:na]
	at com.dws.challenge.web.AccountsTransferController.transferAmount(AccountsTransferController.java:64) ~[main/:na]
	at com.dws.challenge.ConcurrentTransferTest.lambda$concurrentTransferTest$0(ConcurrentTransferTest.java:63) ~[test/:na]
	at java.base/java.util.concurrent.ThreadPoolExecutor.runWorker(ThreadPoolExecutor.java:1136) ~[na:na]
	at java.base/java.util.concurrent.ThreadPoolExecutor$Worker.run(ThreadPoolExecutor.java:635) ~[na:na]
	at java.base/java.lang.Thread.run(Thread.java:842) ~[na:na]

2024-02-22T18:23:40.608+05:30  INFO 11235 --- [pool-8-thread-8] c.dws.challenge.service.TransferService  : compareBalance -1 
2024-02-22T18:23:40.608+05:30 ERROR 11235 --- [pool-8-thread-8] c.d.c.web.AccountsTransferController     : Exception occurs

com.dws.challenge.exception.InsufficientBalanceException: Insufficient Balance in account Account123
	at com.dws.challenge.service.TransferService.transferAmount(TransferService.java:21) ~[main/:na]
	at com.dws.challenge.web.AccountsTransferController.transferAmount(AccountsTransferController.java:64) ~[main/:na]
	at com.dws.challenge.ConcurrentTransferTest.lambda$concurrentTransferTest$0(ConcurrentTransferTest.java:63) ~[test/:na]
	at java.base/java.util.concurrent.ThreadPoolExecutor.runWorker(ThreadPoolExecutor.java:1136) ~[na:na]
	at java.base/java.util.concurrent.ThreadPoolExecutor$Worker.run(ThreadPoolExecutor.java:635) ~[na:na]
	at java.base/java.lang.Thread.run(Thread.java:842) ~[na:na]

2024-02-22T18:23:40.609+05:30  INFO 11235 --- [pool-8-thread-1] c.dws.challenge.service.TransferService  : compareBalance -1 
2024-02-22T18:23:40.609+05:30 ERROR 11235 --- [pool-8-thread-1] c.d.c.web.AccountsTransferController     : Exception occurs

com.dws.challenge.exception.InsufficientBalanceException: Insufficient Balance in account Account123
	at com.dws.challenge.service.TransferService.transferAmount(TransferService.java:21) ~[main/:na]
	at com.dws.challenge.web.AccountsTransferController.transferAmount(AccountsTransferController.java:64) ~[main/:na]
	at com.dws.challenge.ConcurrentTransferTest.lambda$concurrentTransferTest$0(ConcurrentTransferTest.java:63) ~[test/:na]
	at java.base/java.util.concurrent.ThreadPoolExecutor.runWorker(ThreadPoolExecutor.java:1136) ~[na:na]
	at java.base/java.util.concurrent.ThreadPoolExecutor$Worker.run(ThreadPoolExecutor.java:635) ~[na:na]
	at java.base/java.lang.Thread.run(Thread.java:842) ~[na:na]

2024-02-22T18:23:40.609+05:30  INFO 11235 --- [pool-8-thread-4] c.dws.challenge.service.TransferService  : compareBalance -1 
2024-02-22T18:23:40.609+05:30 ERROR 11235 --- [pool-8-thread-4] c.d.c.web.AccountsTransferController     : Exception occurs

com.dws.challenge.exception.InsufficientBalanceException: Insufficient Balance in account Account123
	at com.dws.challenge.service.TransferService.transferAmount(TransferService.java:21) ~[main/:na]
	at com.dws.challenge.web.AccountsTransferController.transferAmount(AccountsTransferController.java:64) ~[main/:na]
	at com.dws.challenge.ConcurrentTransferTest.lambda$concurrentTransferTest$0(ConcurrentTransferTest.java:63) ~[test/:na]
	at java.base/java.util.concurrent.ThreadPoolExecutor.runWorker(ThreadPoolExecutor.java:1136) ~[na:na]
	at java.base/java.util.concurrent.ThreadPoolExecutor$Worker.run(ThreadPoolExecutor.java:635) ~[na:na]
	at java.base/java.lang.Thread.run(Thread.java:842) ~[na:na]

2024-02-22T18:23:40.610+05:30  INFO 11235 --- [ool-8-thread-17] c.dws.challenge.service.TransferService  : compareBalance -1 
2024-02-22T18:23:40.610+05:30  INFO 11235 --- [ool-8-thread-12] c.dws.challenge.service.TransferService  : compareBalance -1 
2024-02-22T18:23:40.610+05:30 ERROR 11235 --- [ool-8-thread-17] c.d.c.web.AccountsTransferController     : Exception occurs

com.dws.challenge.exception.InsufficientBalanceException: Insufficient Balance in account Account123
	at com.dws.challenge.service.TransferService.transferAmount(TransferService.java:21) ~[main/:na]
	at com.dws.challenge.web.AccountsTransferController.transferAmount(AccountsTransferController.java:64) ~[main/:na]
	at com.dws.challenge.ConcurrentTransferTest.lambda$concurrentTransferTest$0(ConcurrentTransferTest.java:63) ~[test/:na]
	at java.base/java.util.concurrent.ThreadPoolExecutor.runWorker(ThreadPoolExecutor.java:1136) ~[na:na]
	at java.base/java.util.concurrent.ThreadPoolExecutor$Worker.run(ThreadPoolExecutor.java:635) ~[na:na]
	at java.base/java.lang.Thread.run(Thread.java:842) ~[na:na]

2024-02-22T18:23:40.610+05:30 ERROR 11235 --- [ool-8-thread-12] c.d.c.web.AccountsTransferController     : Exception occurs

com.dws.challenge.exception.InsufficientBalanceException: Insufficient Balance in account Account123
	at com.dws.challenge.service.TransferService.transferAmount(TransferService.java:21) ~[main/:na]
	at com.dws.challenge.web.AccountsTransferController.transferAmount(AccountsTransferController.java:64) ~[main/:na]
	at com.dws.challenge.ConcurrentTransferTest.lambda$concurrentTransferTest$0(ConcurrentTransferTest.java:63) ~[test/:na]
	at java.base/java.util.concurrent.ThreadPoolExecutor.runWorker(ThreadPoolExecutor.java:1136) ~[na:na]
	at java.base/java.util.concurrent.ThreadPoolExecutor$Worker.run(ThreadPoolExecutor.java:635) ~[na:na]
	at java.base/java.lang.Thread.run(Thread.java:842) ~[na:na]

2024-02-22T18:23:40.627+05:30  INFO 11235 --- [pool-9-thread-3] c.d.c.web.AccountsTransferController     : Transfer Amount  Transfer(accountFrom=Account123, accountTo=Account124, amount=1000)
2024-02-22T18:23:40.627+05:30  INFO 11235 --- [ool-9-thread-20] c.d.c.web.AccountsTransferController     : Transfer Amount  Transfer(accountFrom=Account123, accountTo=Account124, amount=1000)
2024-02-22T18:23:40.627+05:30  INFO 11235 --- [pool-9-thread-2] c.d.c.web.AccountsTransferController     : Transfer Amount  Transfer(accountFrom=Account123, accountTo=Account124, amount=1000)
2024-02-22T18:23:40.627+05:30  INFO 11235 --- [pool-9-thread-4] c.d.c.web.AccountsTransferController     : Transfer Amount  Transfer(accountFrom=Account123, accountTo=Account124, amount=1000)
2024-02-22T18:23:40.627+05:30  INFO 11235 --- [pool-9-thread-5] c.d.c.web.AccountsTransferController     : Transfer Amount  Transfer(accountFrom=Account123, accountTo=Account124, amount=1000)
2024-02-22T18:23:40.627+05:30  INFO 11235 --- [pool-9-thread-6] c.d.c.web.AccountsTransferController     : Transfer Amount  Transfer(accountFrom=Account123, accountTo=Account124, amount=1000)
2024-02-22T18:23:40.627+05:30  INFO 11235 --- [pool-9-thread-1] c.d.c.web.AccountsTransferController     : Transfer Amount  Transfer(accountFrom=Account123, accountTo=Account124, amount=1000)
2024-02-22T18:23:40.627+05:30  INFO 11235 --- [pool-9-thread-7] c.d.c.web.AccountsTransferController     : Transfer Amount  Transfer(accountFrom=Account123, accountTo=Account124, amount=1000)
2024-02-22T18:23:40.627+05:30  INFO 11235 --- [pool-9-thread-8] c.d.c.web.AccountsTransferController     : Transfer Amount  Transfer(accountFrom=Account123, accountTo=Account124, amount=1000)
2024-02-22T18:23:40.627+05:30  INFO 11235 --- [pool-9-thread-9] c.d.c.web.AccountsTransferController     : Transfer Amount  Transfer(accountFrom=Account123, accountTo=Account124, amount=1000)
2024-02-22T18:23:40.627+05:30  INFO 11235 --- [ool-9-thread-10] c.d.c.web.AccountsTransferController     : Transfer Amount  Transfer(accountFrom=Account123, accountTo=Account124, amount=1000)
2024-02-22T18:23:40.627+05:30  INFO 11235 --- [ool-9-thread-11] c.d.c.web.AccountsTransferController     : Transfer Amount  Transfer(accountFrom=Account123, accountTo=Account124, amount=1000)
2024-02-22T18:23:40.627+05:30  INFO 11235 --- [ool-9-thread-13] c.d.c.web.AccountsTransferController     : Transfer Amount  Transfer(accountFrom=Account123, accountTo=Account124, amount=1000)
2024-02-22T18:23:40.627+05:30  INFO 11235 --- [ool-9-thread-12] c.d.c.web.AccountsTransferController     : Transfer Amount  Transfer(accountFrom=Account123, accountTo=Account124, amount=1000)
2024-02-22T18:23:40.627+05:30  INFO 11235 --- [ool-9-thread-15] c.d.c.web.AccountsTransferController     : Transfer Amount  Transfer(accountFrom=Account123, accountTo=Account124, amount=1000)
2024-02-22T18:23:40.627+05:30  INFO 11235 --- [ool-9-thread-16] c.d.c.web.AccountsTransferController     : Transfer Amount  Transfer(accountFrom=Account123, accountTo=Account124, amount=1000)
2024-02-22T18:23:40.627+05:30  INFO 11235 --- [ool-9-thread-14] c.d.c.web.AccountsTransferController     : Transfer Amount  Transfer(accountFrom=Account123, accountTo=Account124, amount=1000)
2024-02-22T18:23:40.627+05:30  INFO 11235 --- [ool-9-thread-17] c.d.c.web.AccountsTransferController     : Transfer Amount  Transfer(accountFrom=Account123, accountTo=Account124, amount=1000)
2024-02-22T18:23:40.627+05:30  INFO 11235 --- [pool-9-thread-3] c.dws.challenge.service.TransferService  : compareBalance 0 
2024-02-22T18:23:40.627+05:30  INFO 11235 --- [ool-9-thread-18] c.d.c.web.AccountsTransferController     : Transfer Amount  Transfer(accountFrom=Account123, accountTo=Account124, amount=1000)
2024-02-22T18:23:40.627+05:30  INFO 11235 --- [ool-9-thread-19] c.d.c.web.AccountsTransferController     : Transfer Amount  Transfer(accountFrom=Account123, accountTo=Account124, amount=1000)
2024-02-22T18:23:40.629+05:30  INFO 11235 --- [pool-9-thread-3] c.d.c.service.EmailNotificationService   : Sending notification to owner of Account123: 1000 has been debited and transferred to account Account124
2024-02-22T18:23:40.629+05:30  INFO 11235 --- [pool-9-thread-3] c.d.c.service.EmailNotificationService   : Sending notification to owner of Account124: 1000 has been credited to your account from account Account123
2024-02-22T18:23:40.629+05:30  INFO 11235 --- [pool-9-thread-3] c.d.c.web.AccountsTransferController     : notification sent successfully
2024-02-22T18:23:40.629+05:30  INFO 11235 --- [ool-9-thread-19] c.dws.challenge.service.TransferService  : compareBalance -1 
2024-02-22T18:23:40.629+05:30  INFO 11235 --- [ool-9-thread-18] c.dws.challenge.service.TransferService  : compareBalance -1 
2024-02-22T18:23:40.629+05:30  INFO 11235 --- [ool-9-thread-17] c.dws.challenge.service.TransferService  : compareBalance -1 
2024-02-22T18:23:40.629+05:30 ERROR 11235 --- [ool-9-thread-18] c.d.c.web.AccountsTransferController     : Exception occurs

com.dws.challenge.exception.InsufficientBalanceException: Insufficient Balance in account Account123
	at com.dws.challenge.service.TransferService.transferAmount(TransferService.java:21) ~[main/:na]
	at com.dws.challenge.web.AccountsTransferController.transferAmount(AccountsTransferController.java:64) ~[main/:na]
	at com.dws.challenge.ConcurrentTransferTest.lambda$concurrentTransferTest$0(ConcurrentTransferTest.java:63) ~[test/:na]
	at java.base/java.util.concurrent.ThreadPoolExecutor.runWorker(ThreadPoolExecutor.java:1136) ~[na:na]
	at java.base/java.util.concurrent.ThreadPoolExecutor$Worker.run(ThreadPoolExecutor.java:635) ~[na:na]
	at java.base/java.lang.Thread.run(Thread.java:842) ~[na:na]

2024-02-22T18:23:40.629+05:30 ERROR 11235 --- [ool-9-thread-19] c.d.c.web.AccountsTransferController     : Exception occurs

com.dws.challenge.exception.InsufficientBalanceException: Insufficient Balance in account Account123
	at com.dws.challenge.service.TransferService.transferAmount(TransferService.java:21) ~[main/:na]
	at com.dws.challenge.web.AccountsTransferController.transferAmount(AccountsTransferController.java:64) ~[main/:na]
	at com.dws.challenge.ConcurrentTransferTest.lambda$concurrentTransferTest$0(ConcurrentTransferTest.java:63) ~[test/:na]
	at java.base/java.util.concurrent.ThreadPoolExecutor.runWorker(ThreadPoolExecutor.java:1136) ~[na:na]
	at java.base/java.util.concurrent.ThreadPoolExecutor$Worker.run(ThreadPoolExecutor.java:635) ~[na:na]
	at java.base/java.lang.Thread.run(Thread.java:842) ~[na:na]

2024-02-22T18:23:40.629+05:30 ERROR 11235 --- [ool-9-thread-17] c.d.c.web.AccountsTransferController     : Exception occurs

com.dws.challenge.exception.InsufficientBalanceException: Insufficient Balance in account Account123
	at com.dws.challenge.service.TransferService.transferAmount(TransferService.java:21) ~[main/:na]
	at com.dws.challenge.web.AccountsTransferController.transferAmount(AccountsTransferController.java:64) ~[main/:na]
	at com.dws.challenge.ConcurrentTransferTest.lambda$concurrentTransferTest$0(ConcurrentTransferTest.java:63) ~[test/:na]
	at java.base/java.util.concurrent.ThreadPoolExecutor.runWorker(ThreadPoolExecutor.java:1136) ~[na:na]
	at java.base/java.util.concurrent.ThreadPoolExecutor$Worker.run(ThreadPoolExecutor.java:635) ~[na:na]
	at java.base/java.lang.Thread.run(Thread.java:842) ~[na:na]

2024-02-22T18:23:40.629+05:30  INFO 11235 --- [ool-9-thread-14] c.dws.challenge.service.TransferService  : compareBalance -1 
2024-02-22T18:23:40.630+05:30  INFO 11235 --- [ool-9-thread-16] c.dws.challenge.service.TransferService  : compareBalance -1 
2024-02-22T18:23:40.630+05:30 ERROR 11235 --- [ool-9-thread-14] c.d.c.web.AccountsTransferController     : Exception occurs

com.dws.challenge.exception.InsufficientBalanceException: Insufficient Balance in account Account123
	at com.dws.challenge.service.TransferService.transferAmount(TransferService.java:21) ~[main/:na]
	at com.dws.challenge.web.AccountsTransferController.transferAmount(AccountsTransferController.java:64) ~[main/:na]
	at com.dws.challenge.ConcurrentTransferTest.lambda$concurrentTransferTest$0(ConcurrentTransferTest.java:63) ~[test/:na]
	at java.base/java.util.concurrent.ThreadPoolExecutor.runWorker(ThreadPoolExecutor.java:1136) ~[na:na]
	at java.base/java.util.concurrent.ThreadPoolExecutor$Worker.run(ThreadPoolExecutor.java:635) ~[na:na]
	at java.base/java.lang.Thread.run(Thread.java:842) ~[na:na]

2024-02-22T18:23:40.630+05:30  INFO 11235 --- [ool-9-thread-15] c.dws.challenge.service.TransferService  : compareBalance -1 
2024-02-22T18:23:40.630+05:30 ERROR 11235 --- [ool-9-thread-16] c.d.c.web.AccountsTransferController     : Exception occurs

com.dws.challenge.exception.InsufficientBalanceException: Insufficient Balance in account Account123
	at com.dws.challenge.service.TransferService.transferAmount(TransferService.java:21) ~[main/:na]
	at com.dws.challenge.web.AccountsTransferController.transferAmount(AccountsTransferController.java:64) ~[main/:na]
	at com.dws.challenge.ConcurrentTransferTest.lambda$concurrentTransferTest$0(ConcurrentTransferTest.java:63) ~[test/:na]
	at java.base/java.util.concurrent.ThreadPoolExecutor.runWorker(ThreadPoolExecutor.java:1136) ~[na:na]
	at java.base/java.util.concurrent.ThreadPoolExecutor$Worker.run(ThreadPoolExecutor.java:635) ~[na:na]
	at java.base/java.lang.Thread.run(Thread.java:842) ~[na:na]

2024-02-22T18:23:40.630+05:30  INFO 11235 --- [ool-9-thread-12] c.dws.challenge.service.TransferService  : compareBalance -1 
2024-02-22T18:23:40.630+05:30 ERROR 11235 --- [ool-9-thread-15] c.d.c.web.AccountsTransferController     : Exception occurs

com.dws.challenge.exception.InsufficientBalanceException: Insufficient Balance in account Account123
	at com.dws.challenge.service.TransferService.transferAmount(TransferService.java:21) ~[main/:na]
	at com.dws.challenge.web.AccountsTransferController.transferAmount(AccountsTransferController.java:64) ~[main/:na]
	at com.dws.challenge.ConcurrentTransferTest.lambda$concurrentTransferTest$0(ConcurrentTransferTest.java:63) ~[test/:na]
	at java.base/java.util.concurrent.ThreadPoolExecutor.runWorker(ThreadPoolExecutor.java:1136) ~[na:na]
	at java.base/java.util.concurrent.ThreadPoolExecutor$Worker.run(ThreadPoolExecutor.java:635) ~[na:na]
	at java.base/java.lang.Thread.run(Thread.java:842) ~[na:na]

2024-02-22T18:23:40.630+05:30  INFO 11235 --- [ool-9-thread-13] c.dws.challenge.service.TransferService  : compareBalance -1 
2024-02-22T18:23:40.630+05:30 ERROR 11235 --- [ool-9-thread-12] c.d.c.web.AccountsTransferController     : Exception occurs

com.dws.challenge.exception.InsufficientBalanceException: Insufficient Balance in account Account123
	at com.dws.challenge.service.TransferService.transferAmount(TransferService.java:21) ~[main/:na]
	at com.dws.challenge.web.AccountsTransferController.transferAmount(AccountsTransferController.java:64) ~[main/:na]
	at com.dws.challenge.ConcurrentTransferTest.lambda$concurrentTransferTest$0(ConcurrentTransferTest.java:63) ~[test/:na]
	at java.base/java.util.concurrent.ThreadPoolExecutor.runWorker(ThreadPoolExecutor.java:1136) ~[na:na]
	at java.base/java.util.concurrent.ThreadPoolExecutor$Worker.run(ThreadPoolExecutor.java:635) ~[na:na]
	at java.base/java.lang.Thread.run(Thread.java:842) ~[na:na]

2024-02-22T18:23:40.630+05:30  INFO 11235 --- [ool-9-thread-11] c.dws.challenge.service.TransferService  : compareBalance -1 
2024-02-22T18:23:40.630+05:30 ERROR 11235 --- [ool-9-thread-13] c.d.c.web.AccountsTransferController     : Exception occurs

com.dws.challenge.exception.InsufficientBalanceException: Insufficient Balance in account Account123
	at com.dws.challenge.service.TransferService.transferAmount(TransferService.java:21) ~[main/:na]
	at com.dws.challenge.web.AccountsTransferController.transferAmount(AccountsTransferController.java:64) ~[main/:na]
	at com.dws.challenge.ConcurrentTransferTest.lambda$concurrentTransferTest$0(ConcurrentTransferTest.java:63) ~[test/:na]
	at java.base/java.util.concurrent.ThreadPoolExecutor.runWorker(ThreadPoolExecutor.java:1136) ~[na:na]
	at java.base/java.util.concurrent.ThreadPoolExecutor$Worker.run(ThreadPoolExecutor.java:635) ~[na:na]
	at java.base/java.lang.Thread.run(Thread.java:842) ~[na:na]

2024-02-22T18:23:40.631+05:30  INFO 11235 --- [ool-9-thread-10] c.dws.challenge.service.TransferService  : compareBalance -1 
2024-02-22T18:23:40.631+05:30 ERROR 11235 --- [ool-9-thread-11] c.d.c.web.AccountsTransferController     : Exception occurs

com.dws.challenge.exception.InsufficientBalanceException: Insufficient Balance in account Account123
	at com.dws.challenge.service.TransferService.transferAmount(TransferService.java:21) ~[main/:na]
	at com.dws.challenge.web.AccountsTransferController.transferAmount(AccountsTransferController.java:64) ~[main/:na]
	at com.dws.challenge.ConcurrentTransferTest.lambda$concurrentTransferTest$0(ConcurrentTransferTest.java:63) ~[test/:na]
	at java.base/java.util.concurrent.ThreadPoolExecutor.runWorker(ThreadPoolExecutor.java:1136) ~[na:na]
	at java.base/java.util.concurrent.ThreadPoolExecutor$Worker.run(ThreadPoolExecutor.java:635) ~[na:na]
	at java.base/java.lang.Thread.run(Thread.java:842) ~[na:na]

2024-02-22T18:23:40.631+05:30  INFO 11235 --- [pool-9-thread-9] c.dws.challenge.service.TransferService  : compareBalance -1 
2024-02-22T18:23:40.631+05:30 ERROR 11235 --- [ool-9-thread-10] c.d.c.web.AccountsTransferController     : Exception occurs

com.dws.challenge.exception.InsufficientBalanceException: Insufficient Balance in account Account123
	at com.dws.challenge.service.TransferService.transferAmount(TransferService.java:21) ~[main/:na]
	at com.dws.challenge.web.AccountsTransferController.transferAmount(AccountsTransferController.java:64) ~[main/:na]
	at com.dws.challenge.ConcurrentTransferTest.lambda$concurrentTransferTest$0(ConcurrentTransferTest.java:63) ~[test/:na]
	at java.base/java.util.concurrent.ThreadPoolExecutor.runWorker(ThreadPoolExecutor.java:1136) ~[na:na]
	at java.base/java.util.concurrent.ThreadPoolExecutor$Worker.run(ThreadPoolExecutor.java:635) ~[na:na]
	at java.base/java.lang.Thread.run(Thread.java:842) ~[na:na]

2024-02-22T18:23:40.631+05:30  INFO 11235 --- [pool-9-thread-8] c.dws.challenge.service.TransferService  : compareBalance -1 
2024-02-22T18:23:40.631+05:30 ERROR 11235 --- [pool-9-thread-9] c.d.c.web.AccountsTransferController     : Exception occurs

com.dws.challenge.exception.InsufficientBalanceException: Insufficient Balance in account Account123
	at com.dws.challenge.service.TransferService.transferAmount(TransferService.java:21) ~[main/:na]
	at com.dws.challenge.web.AccountsTransferController.transferAmount(AccountsTransferController.java:64) ~[main/:na]
	at com.dws.challenge.ConcurrentTransferTest.lambda$concurrentTransferTest$0(ConcurrentTransferTest.java:63) ~[test/:na]
	at java.base/java.util.concurrent.ThreadPoolExecutor.runWorker(ThreadPoolExecutor.java:1136) ~[na:na]
	at java.base/java.util.concurrent.ThreadPoolExecutor$Worker.run(ThreadPoolExecutor.java:635) ~[na:na]
	at java.base/java.lang.Thread.run(Thread.java:842) ~[na:na]

2024-02-22T18:23:40.631+05:30  INFO 11235 --- [pool-9-thread-7] c.dws.challenge.service.TransferService  : compareBalance -1 
2024-02-22T18:23:40.631+05:30 ERROR 11235 --- [pool-9-thread-8] c.d.c.web.AccountsTransferController     : Exception occurs

com.dws.challenge.exception.InsufficientBalanceException: Insufficient Balance in account Account123
	at com.dws.challenge.service.TransferService.transferAmount(TransferService.java:21) ~[main/:na]
	at com.dws.challenge.web.AccountsTransferController.transferAmount(AccountsTransferController.java:64) ~[main/:na]
	at com.dws.challenge.ConcurrentTransferTest.lambda$concurrentTransferTest$0(ConcurrentTransferTest.java:63) ~[test/:na]
	at java.base/java.util.concurrent.ThreadPoolExecutor.runWorker(ThreadPoolExecutor.java:1136) ~[na:na]
	at java.base/java.util.concurrent.ThreadPoolExecutor$Worker.run(ThreadPoolExecutor.java:635) ~[na:na]
	at java.base/java.lang.Thread.run(Thread.java:842) ~[na:na]

2024-02-22T18:23:40.631+05:30  INFO 11235 --- [pool-9-thread-1] c.dws.challenge.service.TransferService  : compareBalance -1 
2024-02-22T18:23:40.631+05:30 ERROR 11235 --- [pool-9-thread-7] c.d.c.web.AccountsTransferController     : Exception occurs

com.dws.challenge.exception.InsufficientBalanceException: Insufficient Balance in account Account123
	at com.dws.challenge.service.TransferService.transferAmount(TransferService.java:21) ~[main/:na]
	at com.dws.challenge.web.AccountsTransferController.transferAmount(AccountsTransferController.java:64) ~[main/:na]
	at com.dws.challenge.ConcurrentTransferTest.lambda$concurrentTransferTest$0(ConcurrentTransferTest.java:63) ~[test/:na]
	at java.base/java.util.concurrent.ThreadPoolExecutor.runWorker(ThreadPoolExecutor.java:1136) ~[na:na]
	at java.base/java.util.concurrent.ThreadPoolExecutor$Worker.run(ThreadPoolExecutor.java:635) ~[na:na]
	at java.base/java.lang.Thread.run(Thread.java:842) ~[na:na]

2024-02-22T18:23:40.632+05:30  INFO 11235 --- [pool-9-thread-6] c.dws.challenge.service.TransferService  : compareBalance -1 
2024-02-22T18:23:40.632+05:30 ERROR 11235 --- [pool-9-thread-1] c.d.c.web.AccountsTransferController     : Exception occurs

com.dws.challenge.exception.InsufficientBalanceException: Insufficient Balance in account Account123
	at com.dws.challenge.service.TransferService.transferAmount(TransferService.java:21) ~[main/:na]
	at com.dws.challenge.web.AccountsTransferController.transferAmount(AccountsTransferController.java:64) ~[main/:na]
	at com.dws.challenge.ConcurrentTransferTest.lambda$concurrentTransferTest$0(ConcurrentTransferTest.java:63) ~[test/:na]
	at java.base/java.util.concurrent.ThreadPoolExecutor.runWorker(ThreadPoolExecutor.java:1136) ~[na:na]
	at java.base/java.util.concurrent.ThreadPoolExecutor$Worker.run(ThreadPoolExecutor.java:635) ~[na:na]
	at java.base/java.lang.Thread.run(Thread.java:842) ~[na:na]

2024-02-22T18:23:40.632+05:30  INFO 11235 --- [pool-9-thread-5] c.dws.challenge.service.TransferService  : compareBalance -1 
2024-02-22T18:23:40.632+05:30 ERROR 11235 --- [pool-9-thread-6] c.d.c.web.AccountsTransferController     : Exception occurs

com.dws.challenge.exception.InsufficientBalanceException: Insufficient Balance in account Account123
	at com.dws.challenge.service.TransferService.transferAmount(TransferService.java:21) ~[main/:na]
	at com.dws.challenge.web.AccountsTransferController.transferAmount(AccountsTransferController.java:64) ~[main/:na]
	at com.dws.challenge.ConcurrentTransferTest.lambda$concurrentTransferTest$0(ConcurrentTransferTest.java:63) ~[test/:na]
	at java.base/java.util.concurrent.ThreadPoolExecutor.runWorker(ThreadPoolExecutor.java:1136) ~[na:na]
	at java.base/java.util.concurrent.ThreadPoolExecutor$Worker.run(ThreadPoolExecutor.java:635) ~[na:na]
	at java.base/java.lang.Thread.run(Thread.java:842) ~[na:na]

2024-02-22T18:23:40.632+05:30  INFO 11235 --- [pool-9-thread-4] c.dws.challenge.service.TransferService  : compareBalance -1 
2024-02-22T18:23:40.632+05:30 ERROR 11235 --- [pool-9-thread-5] c.d.c.web.AccountsTransferController     : Exception occurs

com.dws.challenge.exception.InsufficientBalanceException: Insufficient Balance in account Account123
	at com.dws.challenge.service.TransferService.transferAmount(TransferService.java:21) ~[main/:na]
	at com.dws.challenge.web.AccountsTransferController.transferAmount(AccountsTransferController.java:64) ~[main/:na]
	at com.dws.challenge.ConcurrentTransferTest.lambda$concurrentTransferTest$0(ConcurrentTransferTest.java:63) ~[test/:na]
	at java.base/java.util.concurrent.ThreadPoolExecutor.runWorker(ThreadPoolExecutor.java:1136) ~[na:na]
	at java.base/java.util.concurrent.ThreadPoolExecutor$Worker.run(ThreadPoolExecutor.java:635) ~[na:na]
	at java.base/java.lang.Thread.run(Thread.java:842) ~[na:na]

2024-02-22T18:23:40.632+05:30  INFO 11235 --- [pool-9-thread-2] c.dws.challenge.service.TransferService  : compareBalance -1 
2024-02-22T18:23:40.632+05:30 ERROR 11235 --- [pool-9-thread-4] c.d.c.web.AccountsTransferController     : Exception occurs

com.dws.challenge.exception.InsufficientBalanceException: Insufficient Balance in account Account123
	at com.dws.challenge.service.TransferService.transferAmount(TransferService.java:21) ~[main/:na]
	at com.dws.challenge.web.AccountsTransferController.transferAmount(AccountsTransferController.java:64) ~[main/:na]
	at com.dws.challenge.ConcurrentTransferTest.lambda$concurrentTransferTest$0(ConcurrentTransferTest.java:63) ~[test/:na]
	at java.base/java.util.concurrent.ThreadPoolExecutor.runWorker(ThreadPoolExecutor.java:1136) ~[na:na]
	at java.base/java.util.concurrent.ThreadPoolExecutor$Worker.run(ThreadPoolExecutor.java:635) ~[na:na]
	at java.base/java.lang.Thread.run(Thread.java:842) ~[na:na]

2024-02-22T18:23:40.632+05:30  INFO 11235 --- [ool-9-thread-20] c.dws.challenge.service.TransferService  : compareBalance -1 
2024-02-22T18:23:40.632+05:30 ERROR 11235 --- [pool-9-thread-2] c.d.c.web.AccountsTransferController     : Exception occurs

com.dws.challenge.exception.InsufficientBalanceException: Insufficient Balance in account Account123
	at com.dws.challenge.service.TransferService.transferAmount(TransferService.java:21) ~[main/:na]
	at com.dws.challenge.web.AccountsTransferController.transferAmount(AccountsTransferController.java:64) ~[main/:na]
	at com.dws.challenge.ConcurrentTransferTest.lambda$concurrentTransferTest$0(ConcurrentTransferTest.java:63) ~[test/:na]
	at java.base/java.util.concurrent.ThreadPoolExecutor.runWorker(ThreadPoolExecutor.java:1136) ~[na:na]
	at java.base/java.util.concurrent.ThreadPoolExecutor$Worker.run(ThreadPoolExecutor.java:635) ~[na:na]
	at java.base/java.lang.Thread.run(Thread.java:842) ~[na:na]

2024-02-22T18:23:40.633+05:30 ERROR 11235 --- [ool-9-thread-20] c.d.c.web.AccountsTransferController     : Exception occurs

com.dws.challenge.exception.InsufficientBalanceException: Insufficient Balance in account Account123
	at com.dws.challenge.service.TransferService.transferAmount(TransferService.java:21) ~[main/:na]
	at com.dws.challenge.web.AccountsTransferController.transferAmount(AccountsTransferController.java:64) ~[main/:na]
	at com.dws.challenge.ConcurrentTransferTest.lambda$concurrentTransferTest$0(ConcurrentTransferTest.java:63) ~[test/:na]
	at java.base/java.util.concurrent.ThreadPoolExecutor.runWorker(ThreadPoolExecutor.java:1136) ~[na:na]
	at java.base/java.util.concurrent.ThreadPoolExecutor$Worker.run(ThreadPoolExecutor.java:635) ~[na:na]
	at java.base/java.lang.Thread.run(Thread.java:842) ~[na:na]

2024-02-22T18:23:40.639+05:30  INFO 11235 --- [ool-10-thread-5] c.d.c.web.AccountsTransferController     : Transfer Amount  Transfer(accountFrom=Account123, accountTo=Account124, amount=1000)
2024-02-22T18:23:40.639+05:30  INFO 11235 --- [ool-10-thread-6] c.d.c.web.AccountsTransferController     : Transfer Amount  Transfer(accountFrom=Account123, accountTo=Account124, amount=1000)
2024-02-22T18:23:40.640+05:30  INFO 11235 --- [ol-10-thread-13] c.d.c.web.AccountsTransferController     : Transfer Amount  Transfer(accountFrom=Account123, accountTo=Account124, amount=1000)
2024-02-22T18:23:40.640+05:30  INFO 11235 --- [ol-10-thread-17] c.d.c.web.AccountsTransferController     : Transfer Amount  Transfer(accountFrom=Account123, accountTo=Account124, amount=1000)
2024-02-22T18:23:40.639+05:30  INFO 11235 --- [ol-10-thread-20] c.d.c.web.AccountsTransferController     : Transfer Amount  Transfer(accountFrom=Account123, accountTo=Account124, amount=1000)
2024-02-22T18:23:40.640+05:30  INFO 11235 --- [ol-10-thread-19] c.d.c.web.AccountsTransferController     : Transfer Amount  Transfer(accountFrom=Account123, accountTo=Account124, amount=1000)
2024-02-22T18:23:40.639+05:30  INFO 11235 --- [ool-10-thread-2] c.d.c.web.AccountsTransferController     : Transfer Amount  Transfer(accountFrom=Account123, accountTo=Account124, amount=1000)
2024-02-22T18:23:40.639+05:30  INFO 11235 --- [ool-10-thread-1] c.d.c.web.AccountsTransferController     : Transfer Amount  Transfer(accountFrom=Account123, accountTo=Account124, amount=1000)
2024-02-22T18:23:40.639+05:30  INFO 11235 --- [ool-10-thread-4] c.d.c.web.AccountsTransferController     : Transfer Amount  Transfer(accountFrom=Account123, accountTo=Account124, amount=1000)
2024-02-22T18:23:40.639+05:30  INFO 11235 --- [ool-10-thread-3] c.d.c.web.AccountsTransferController     : Transfer Amount  Transfer(accountFrom=Account123, accountTo=Account124, amount=1000)
2024-02-22T18:23:40.639+05:30  INFO 11235 --- [ool-10-thread-7] c.d.c.web.AccountsTransferController     : Transfer Amount  Transfer(accountFrom=Account123, accountTo=Account124, amount=1000)
2024-02-22T18:23:40.640+05:30  INFO 11235 --- [ool-10-thread-9] c.d.c.web.AccountsTransferController     : Transfer Amount  Transfer(accountFrom=Account123, accountTo=Account124, amount=1000)
2024-02-22T18:23:40.640+05:30  INFO 11235 --- [ol-10-thread-11] c.d.c.web.AccountsTransferController     : Transfer Amount  Transfer(accountFrom=Account123, accountTo=Account124, amount=1000)
2024-02-22T18:23:40.640+05:30  INFO 11235 --- [ol-10-thread-10] c.d.c.web.AccountsTransferController     : Transfer Amount  Transfer(accountFrom=Account123, accountTo=Account124, amount=1000)
2024-02-22T18:23:40.640+05:30  INFO 11235 --- [ol-10-thread-12] c.d.c.web.AccountsTransferController     : Transfer Amount  Transfer(accountFrom=Account123, accountTo=Account124, amount=1000)
2024-02-22T18:23:40.639+05:30  INFO 11235 --- [ool-10-thread-8] c.d.c.web.AccountsTransferController     : Transfer Amount  Transfer(accountFrom=Account123, accountTo=Account124, amount=1000)
2024-02-22T18:23:40.640+05:30  INFO 11235 --- [ol-10-thread-16] c.d.c.web.AccountsTransferController     : Transfer Amount  Transfer(accountFrom=Account123, accountTo=Account124, amount=1000)
2024-02-22T18:23:40.640+05:30  INFO 11235 --- [ool-10-thread-5] c.dws.challenge.service.TransferService  : compareBalance 0 
2024-02-22T18:23:40.640+05:30  INFO 11235 --- [ol-10-thread-15] c.d.c.web.AccountsTransferController     : Transfer Amount  Transfer(accountFrom=Account123, accountTo=Account124, amount=1000)
2024-02-22T18:23:40.640+05:30  INFO 11235 --- [ol-10-thread-14] c.d.c.web.AccountsTransferController     : Transfer Amount  Transfer(accountFrom=Account123, accountTo=Account124, amount=1000)
2024-02-22T18:23:40.640+05:30  INFO 11235 --- [ol-10-thread-18] c.d.c.web.AccountsTransferController     : Transfer Amount  Transfer(accountFrom=Account123, accountTo=Account124, amount=1000)
2024-02-22T18:23:40.641+05:30  INFO 11235 --- [ool-10-thread-5] c.d.c.service.EmailNotificationService   : Sending notification to owner of Account123: 1000 has been debited and transferred to account Account124
2024-02-22T18:23:40.641+05:30  INFO 11235 --- [ool-10-thread-5] c.d.c.service.EmailNotificationService   : Sending notification to owner of Account124: 1000 has been credited to your account from account Account123
2024-02-22T18:23:40.641+05:30  INFO 11235 --- [ool-10-thread-5] c.d.c.web.AccountsTransferController     : notification sent successfully
2024-02-22T18:23:40.641+05:30  INFO 11235 --- [ol-10-thread-18] c.dws.challenge.service.TransferService  : compareBalance -1 
2024-02-22T18:23:40.641+05:30  INFO 11235 --- [ol-10-thread-14] c.dws.challenge.service.TransferService  : compareBalance -1 
2024-02-22T18:23:40.641+05:30  INFO 11235 --- [ol-10-thread-15] c.dws.challenge.service.TransferService  : compareBalance -1 
2024-02-22T18:23:40.641+05:30  INFO 11235 --- [ol-10-thread-16] c.dws.challenge.service.TransferService  : compareBalance -1 
2024-02-22T18:23:40.642+05:30  INFO 11235 --- [ool-10-thread-8] c.dws.challenge.service.TransferService  : compareBalance -1 
2024-02-22T18:23:40.641+05:30 ERROR 11235 --- [ol-10-thread-18] c.d.c.web.AccountsTransferController     : Exception occurs

com.dws.challenge.exception.InsufficientBalanceException: Insufficient Balance in account Account123
	at com.dws.challenge.service.TransferService.transferAmount(TransferService.java:21) ~[main/:na]
	at com.dws.challenge.web.AccountsTransferController.transferAmount(AccountsTransferController.java:64) ~[main/:na]
	at com.dws.challenge.ConcurrentTransferTest.lambda$concurrentTransferTest$0(ConcurrentTransferTest.java:63) ~[test/:na]
	at java.base/java.util.concurrent.ThreadPoolExecutor.runWorker(ThreadPoolExecutor.java:1136) ~[na:na]
	at java.base/java.util.concurrent.ThreadPoolExecutor$Worker.run(ThreadPoolExecutor.java:635) ~[na:na]
	at java.base/java.lang.Thread.run(Thread.java:842) ~[na:na]

2024-02-22T18:23:40.642+05:30 ERROR 11235 --- [ool-10-thread-8] c.d.c.web.AccountsTransferController     : Exception occurs

com.dws.challenge.exception.InsufficientBalanceException: Insufficient Balance in account Account123
	at com.dws.challenge.service.TransferService.transferAmount(TransferService.java:21) ~[main/:na]
	at com.dws.challenge.web.AccountsTransferController.transferAmount(AccountsTransferController.java:64) ~[main/:na]
	at com.dws.challenge.ConcurrentTransferTest.lambda$concurrentTransferTest$0(ConcurrentTransferTest.java:63) ~[test/:na]
	at java.base/java.util.concurrent.ThreadPoolExecutor.runWorker(ThreadPoolExecutor.java:1136) ~[na:na]
	at java.base/java.util.concurrent.ThreadPoolExecutor$Worker.run(ThreadPoolExecutor.java:635) ~[na:na]
	at java.base/java.lang.Thread.run(Thread.java:842) ~[na:na]

2024-02-22T18:23:40.641+05:30 ERROR 11235 --- [ol-10-thread-14] c.d.c.web.AccountsTransferController     : Exception occurs

com.dws.challenge.exception.InsufficientBalanceException: Insufficient Balance in account Account123
	at com.dws.challenge.service.TransferService.transferAmount(TransferService.java:21) ~[main/:na]
	at com.dws.challenge.web.AccountsTransferController.transferAmount(AccountsTransferController.java:64) ~[main/:na]
	at com.dws.challenge.ConcurrentTransferTest.lambda$concurrentTransferTest$0(ConcurrentTransferTest.java:63) ~[test/:na]
	at java.base/java.util.concurrent.ThreadPoolExecutor.runWorker(ThreadPoolExecutor.java:1136) ~[na:na]
	at java.base/java.util.concurrent.ThreadPoolExecutor$Worker.run(ThreadPoolExecutor.java:635) ~[na:na]
	at java.base/java.lang.Thread.run(Thread.java:842) ~[na:na]

2024-02-22T18:23:40.641+05:30 ERROR 11235 --- [ol-10-thread-15] c.d.c.web.AccountsTransferController     : Exception occurs

com.dws.challenge.exception.InsufficientBalanceException: Insufficient Balance in account Account123
	at com.dws.challenge.service.TransferService.transferAmount(TransferService.java:21) ~[main/:na]
	at com.dws.challenge.web.AccountsTransferController.transferAmount(AccountsTransferController.java:64) ~[main/:na]
	at com.dws.challenge.ConcurrentTransferTest.lambda$concurrentTransferTest$0(ConcurrentTransferTest.java:63) ~[test/:na]
	at java.base/java.util.concurrent.ThreadPoolExecutor.runWorker(ThreadPoolExecutor.java:1136) ~[na:na]
	at java.base/java.util.concurrent.ThreadPoolExecutor$Worker.run(ThreadPoolExecutor.java:635) ~[na:na]
	at java.base/java.lang.Thread.run(Thread.java:842) ~[na:na]

2024-02-22T18:23:40.642+05:30 ERROR 11235 --- [ol-10-thread-16] c.d.c.web.AccountsTransferController     : Exception occurs

com.dws.challenge.exception.InsufficientBalanceException: Insufficient Balance in account Account123
	at com.dws.challenge.service.TransferService.transferAmount(TransferService.java:21) ~[main/:na]
	at com.dws.challenge.web.AccountsTransferController.transferAmount(AccountsTransferController.java:64) ~[main/:na]
	at com.dws.challenge.ConcurrentTransferTest.lambda$concurrentTransferTest$0(ConcurrentTransferTest.java:63) ~[test/:na]
	at java.base/java.util.concurrent.ThreadPoolExecutor.runWorker(ThreadPoolExecutor.java:1136) ~[na:na]
	at java.base/java.util.concurrent.ThreadPoolExecutor$Worker.run(ThreadPoolExecutor.java:635) ~[na:na]
	at java.base/java.lang.Thread.run(Thread.java:842) ~[na:na]

2024-02-22T18:23:40.642+05:30  INFO 11235 --- [ol-10-thread-12] c.dws.challenge.service.TransferService  : compareBalance -1 
2024-02-22T18:23:40.642+05:30  INFO 11235 --- [ol-10-thread-10] c.dws.challenge.service.TransferService  : compareBalance -1 
2024-02-22T18:23:40.642+05:30 ERROR 11235 --- [ol-10-thread-12] c.d.c.web.AccountsTransferController     : Exception occurs

com.dws.challenge.exception.InsufficientBalanceException: Insufficient Balance in account Account123
	at com.dws.challenge.service.TransferService.transferAmount(TransferService.java:21) ~[main/:na]
	at com.dws.challenge.web.AccountsTransferController.transferAmount(AccountsTransferController.java:64) ~[main/:na]
	at com.dws.challenge.ConcurrentTransferTest.lambda$concurrentTransferTest$0(ConcurrentTransferTest.java:63) ~[test/:na]
	at java.base/java.util.concurrent.ThreadPoolExecutor.runWorker(ThreadPoolExecutor.java:1136) ~[na:na]
	at java.base/java.util.concurrent.ThreadPoolExecutor$Worker.run(ThreadPoolExecutor.java:635) ~[na:na]
	at java.base/java.lang.Thread.run(Thread.java:842) ~[na:na]

2024-02-22T18:23:40.643+05:30  INFO 11235 --- [ol-10-thread-11] c.dws.challenge.service.TransferService  : compareBalance -1 
2024-02-22T18:23:40.643+05:30 ERROR 11235 --- [ol-10-thread-10] c.d.c.web.AccountsTransferController     : Exception occurs

com.dws.challenge.exception.InsufficientBalanceException: Insufficient Balance in account Account123
	at com.dws.challenge.service.TransferService.transferAmount(TransferService.java:21) ~[main/:na]
	at com.dws.challenge.web.AccountsTransferController.transferAmount(AccountsTransferController.java:64) ~[main/:na]
	at com.dws.challenge.ConcurrentTransferTest.lambda$concurrentTransferTest$0(ConcurrentTransferTest.java:63) ~[test/:na]
	at java.base/java.util.concurrent.ThreadPoolExecutor.runWorker(ThreadPoolExecutor.java:1136) ~[na:na]
	at java.base/java.util.concurrent.ThreadPoolExecutor$Worker.run(ThreadPoolExecutor.java:635) ~[na:na]
	at java.base/java.lang.Thread.run(Thread.java:842) ~[na:na]

2024-02-22T18:23:40.643+05:30 ERROR 11235 --- [ol-10-thread-11] c.d.c.web.AccountsTransferController     : Exception occurs

com.dws.challenge.exception.InsufficientBalanceException: Insufficient Balance in account Account123
	at com.dws.challenge.service.TransferService.transferAmount(TransferService.java:21) ~[main/:na]
	at com.dws.challenge.web.AccountsTransferController.transferAmount(AccountsTransferController.java:64) ~[main/:na]
	at com.dws.challenge.ConcurrentTransferTest.lambda$concurrentTransferTest$0(ConcurrentTransferTest.java:63) ~[test/:na]
	at java.base/java.util.concurrent.ThreadPoolExecutor.runWorker(ThreadPoolExecutor.java:1136) ~[na:na]
	at java.base/java.util.concurrent.ThreadPoolExecutor$Worker.run(ThreadPoolExecutor.java:635) ~[na:na]
	at java.base/java.lang.Thread.run(Thread.java:842) ~[na:na]

2024-02-22T18:23:40.643+05:30  INFO 11235 --- [ool-10-thread-9] c.dws.challenge.service.TransferService  : compareBalance -1 
2024-02-22T18:23:40.643+05:30  INFO 11235 --- [ool-10-thread-7] c.dws.challenge.service.TransferService  : compareBalance -1 
2024-02-22T18:23:40.643+05:30 ERROR 11235 --- [ool-10-thread-9] c.d.c.web.AccountsTransferController     : Exception occurs

com.dws.challenge.exception.InsufficientBalanceException: Insufficient Balance in account Account123
	at com.dws.challenge.service.TransferService.transferAmount(TransferService.java:21) ~[main/:na]
	at com.dws.challenge.web.AccountsTransferController.transferAmount(AccountsTransferController.java:64) ~[main/:na]
	at com.dws.challenge.ConcurrentTransferTest.lambda$concurrentTransferTest$0(ConcurrentTransferTest.java:63) ~[test/:na]
	at java.base/java.util.concurrent.ThreadPoolExecutor.runWorker(ThreadPoolExecutor.java:1136) ~[na:na]
	at java.base/java.util.concurrent.ThreadPoolExecutor$Worker.run(ThreadPoolExecutor.java:635) ~[na:na]
	at java.base/java.lang.Thread.run(Thread.java:842) ~[na:na]

2024-02-22T18:23:40.643+05:30 ERROR 11235 --- [ool-10-thread-7] c.d.c.web.AccountsTransferController     : Exception occurs

com.dws.challenge.exception.InsufficientBalanceException: Insufficient Balance in account Account123
	at com.dws.challenge.service.TransferService.transferAmount(TransferService.java:21) ~[main/:na]
	at com.dws.challenge.web.AccountsTransferController.transferAmount(AccountsTransferController.java:64) ~[main/:na]
	at com.dws.challenge.ConcurrentTransferTest.lambda$concurrentTransferTest$0(ConcurrentTransferTest.java:63) ~[test/:na]
	at java.base/java.util.concurrent.ThreadPoolExecutor.runWorker(ThreadPoolExecutor.java:1136) ~[na:na]
	at java.base/java.util.concurrent.ThreadPoolExecutor$Worker.run(ThreadPoolExecutor.java:635) ~[na:na]
	at java.base/java.lang.Thread.run(Thread.java:842) ~[na:na]

2024-02-22T18:23:40.643+05:30  INFO 11235 --- [ool-10-thread-3] c.dws.challenge.service.TransferService  : compareBalance -1 
2024-02-22T18:23:40.644+05:30  INFO 11235 --- [ool-10-thread-4] c.dws.challenge.service.TransferService  : compareBalance -1 
2024-02-22T18:23:40.644+05:30 ERROR 11235 --- [ool-10-thread-3] c.d.c.web.AccountsTransferController     : Exception occurs

com.dws.challenge.exception.InsufficientBalanceException: Insufficient Balance in account Account123
	at com.dws.challenge.service.TransferService.transferAmount(TransferService.java:21) ~[main/:na]
	at com.dws.challenge.web.AccountsTransferController.transferAmount(AccountsTransferController.java:64) ~[main/:na]
	at com.dws.challenge.ConcurrentTransferTest.lambda$concurrentTransferTest$0(ConcurrentTransferTest.java:63) ~[test/:na]
	at java.base/java.util.concurrent.ThreadPoolExecutor.runWorker(ThreadPoolExecutor.java:1136) ~[na:na]
	at java.base/java.util.concurrent.ThreadPoolExecutor$Worker.run(ThreadPoolExecutor.java:635) ~[na:na]
	at java.base/java.lang.Thread.run(Thread.java:842) ~[na:na]

2024-02-22T18:23:40.644+05:30  INFO 11235 --- [ool-10-thread-1] c.dws.challenge.service.TransferService  : compareBalance -1 
2024-02-22T18:23:40.644+05:30 ERROR 11235 --- [ool-10-thread-4] c.d.c.web.AccountsTransferController     : Exception occurs

com.dws.challenge.exception.InsufficientBalanceException: Insufficient Balance in account Account123
	at com.dws.challenge.service.TransferService.transferAmount(TransferService.java:21) ~[main/:na]
	at com.dws.challenge.web.AccountsTransferController.transferAmount(AccountsTransferController.java:64) ~[main/:na]
	at com.dws.challenge.ConcurrentTransferTest.lambda$concurrentTransferTest$0(ConcurrentTransferTest.java:63) ~[test/:na]
	at java.base/java.util.concurrent.ThreadPoolExecutor.runWorker(ThreadPoolExecutor.java:1136) ~[na:na]
	at java.base/java.util.concurrent.ThreadPoolExecutor$Worker.run(ThreadPoolExecutor.java:635) ~[na:na]
	at java.base/java.lang.Thread.run(Thread.java:842) ~[na:na]

2024-02-22T18:23:40.644+05:30  INFO 11235 --- [ool-10-thread-2] c.dws.challenge.service.TransferService  : compareBalance -1 
2024-02-22T18:23:40.644+05:30 ERROR 11235 --- [ool-10-thread-1] c.d.c.web.AccountsTransferController     : Exception occurs

com.dws.challenge.exception.InsufficientBalanceException: Insufficient Balance in account Account123
	at com.dws.challenge.service.TransferService.transferAmount(TransferService.java:21) ~[main/:na]
	at com.dws.challenge.web.AccountsTransferController.transferAmount(AccountsTransferController.java:64) ~[main/:na]
	at com.dws.challenge.ConcurrentTransferTest.lambda$concurrentTransferTest$0(ConcurrentTransferTest.java:63) ~[test/:na]
	at java.base/java.util.concurrent.ThreadPoolExecutor.runWorker(ThreadPoolExecutor.java:1136) ~[na:na]
	at java.base/java.util.concurrent.ThreadPoolExecutor$Worker.run(ThreadPoolExecutor.java:635) ~[na:na]
	at java.base/java.lang.Thread.run(Thread.java:842) ~[na:na]

2024-02-22T18:23:40.644+05:30  INFO 11235 --- [ol-10-thread-19] c.dws.challenge.service.TransferService  : compareBalance -1 
2024-02-22T18:23:40.644+05:30 ERROR 11235 --- [ool-10-thread-2] c.d.c.web.AccountsTransferController     : Exception occurs

com.dws.challenge.exception.InsufficientBalanceException: Insufficient Balance in account Account123
	at com.dws.challenge.service.TransferService.transferAmount(TransferService.java:21) ~[main/:na]
	at com.dws.challenge.web.AccountsTransferController.transferAmount(AccountsTransferController.java:64) ~[main/:na]
	at com.dws.challenge.ConcurrentTransferTest.lambda$concurrentTransferTest$0(ConcurrentTransferTest.java:63) ~[test/:na]
	at java.base/java.util.concurrent.ThreadPoolExecutor.runWorker(ThreadPoolExecutor.java:1136) ~[na:na]
	at java.base/java.util.concurrent.ThreadPoolExecutor$Worker.run(ThreadPoolExecutor.java:635) ~[na:na]
	at java.base/java.lang.Thread.run(Thread.java:842) ~[na:na]

2024-02-22T18:23:40.644+05:30  INFO 11235 --- [ol-10-thread-20] c.dws.challenge.service.TransferService  : compareBalance -1 
2024-02-22T18:23:40.644+05:30 ERROR 11235 --- [ol-10-thread-19] c.d.c.web.AccountsTransferController     : Exception occurs

com.dws.challenge.exception.InsufficientBalanceException: Insufficient Balance in account Account123
	at com.dws.challenge.service.TransferService.transferAmount(TransferService.java:21) ~[main/:na]
	at com.dws.challenge.web.AccountsTransferController.transferAmount(AccountsTransferController.java:64) ~[main/:na]
	at com.dws.challenge.ConcurrentTransferTest.lambda$concurrentTransferTest$0(ConcurrentTransferTest.java:63) ~[test/:na]
	at java.base/java.util.concurrent.ThreadPoolExecutor.runWorker(ThreadPoolExecutor.java:1136) ~[na:na]
	at java.base/java.util.concurrent.ThreadPoolExecutor$Worker.run(ThreadPoolExecutor.java:635) ~[na:na]
	at java.base/java.lang.Thread.run(Thread.java:842) ~[na:na]

2024-02-22T18:23:40.644+05:30  INFO 11235 --- [ol-10-thread-17] c.dws.challenge.service.TransferService  : compareBalance -1 
2024-02-22T18:23:40.644+05:30 ERROR 11235 --- [ol-10-thread-20] c.d.c.web.AccountsTransferController     : Exception occurs

com.dws.challenge.exception.InsufficientBalanceException: Insufficient Balance in account Account123
	at com.dws.challenge.service.TransferService.transferAmount(TransferService.java:21) ~[main/:na]
	at com.dws.challenge.web.AccountsTransferController.transferAmount(AccountsTransferController.java:64) ~[main/:na]
	at com.dws.challenge.ConcurrentTransferTest.lambda$concurrentTransferTest$0(ConcurrentTransferTest.java:63) ~[test/:na]
	at java.base/java.util.concurrent.ThreadPoolExecutor.runWorker(ThreadPoolExecutor.java:1136) ~[na:na]
	at java.base/java.util.concurrent.ThreadPoolExecutor$Worker.run(ThreadPoolExecutor.java:635) ~[na:na]
	at java.base/java.lang.Thread.run(Thread.java:842) ~[na:na]

2024-02-22T18:23:40.645+05:30  INFO 11235 --- [ol-10-thread-13] c.dws.challenge.service.TransferService  : compareBalance -1 
2024-02-22T18:23:40.645+05:30 ERROR 11235 --- [ol-10-thread-17] c.d.c.web.AccountsTransferController     : Exception occurs

com.dws.challenge.exception.InsufficientBalanceException: Insufficient Balance in account Account123
	at com.dws.challenge.service.TransferService.transferAmount(TransferService.java:21) ~[main/:na]
	at com.dws.challenge.web.AccountsTransferController.transferAmount(AccountsTransferController.java:64) ~[main/:na]
	at com.dws.challenge.ConcurrentTransferTest.lambda$concurrentTransferTest$0(ConcurrentTransferTest.java:63) ~[test/:na]
	at java.base/java.util.concurrent.ThreadPoolExecutor.runWorker(ThreadPoolExecutor.java:1136) ~[na:na]
	at java.base/java.util.concurrent.ThreadPoolExecutor$Worker.run(ThreadPoolExecutor.java:635) ~[na:na]
	at java.base/java.lang.Thread.run(Thread.java:842) ~[na:na]

2024-02-22T18:23:40.645+05:30  INFO 11235 --- [ool-10-thread-6] c.dws.challenge.service.TransferService  : compareBalance -1 
2024-02-22T18:23:40.645+05:30 ERROR 11235 --- [ol-10-thread-13] c.d.c.web.AccountsTransferController     : Exception occurs

com.dws.challenge.exception.InsufficientBalanceException: Insufficient Balance in account Account123
	at com.dws.challenge.service.TransferService.transferAmount(TransferService.java:21) ~[main/:na]
	at com.dws.challenge.web.AccountsTransferController.transferAmount(AccountsTransferController.java:64) ~[main/:na]
	at com.dws.challenge.ConcurrentTransferTest.lambda$concurrentTransferTest$0(ConcurrentTransferTest.java:63) ~[test/:na]
	at java.base/java.util.concurrent.ThreadPoolExecutor.runWorker(ThreadPoolExecutor.java:1136) ~[na:na]
	at java.base/java.util.concurrent.ThreadPoolExecutor$Worker.run(ThreadPoolExecutor.java:635) ~[na:na]
	at java.base/java.lang.Thread.run(Thread.java:842) ~[na:na]

2024-02-22T18:23:40.645+05:30 ERROR 11235 --- [ool-10-thread-6] c.d.c.web.AccountsTransferController     : Exception occurs

com.dws.challenge.exception.InsufficientBalanceException: Insufficient Balance in account Account123
	at com.dws.challenge.service.TransferService.transferAmount(TransferService.java:21) ~[main/:na]
	at com.dws.challenge.web.AccountsTransferController.transferAmount(AccountsTransferController.java:64) ~[main/:na]
	at com.dws.challenge.ConcurrentTransferTest.lambda$concurrentTransferTest$0(ConcurrentTransferTest.java:63) ~[test/:na]
	at java.base/java.util.concurrent.ThreadPoolExecutor.runWorker(ThreadPoolExecutor.java:1136) ~[na:na]
	at java.base/java.util.concurrent.ThreadPoolExecutor$Worker.run(ThreadPoolExecutor.java:635) ~[na:na]
	at java.base/java.lang.Thread.run(Thread.java:842) ~[na:na]

2024-02-22T18:23:40.651+05:30  INFO 11235 --- [ool-11-thread-8] c.d.c.web.AccountsTransferController     : Transfer Amount  Transfer(accountFrom=Account123, accountTo=Account124, amount=1000)
2024-02-22T18:23:40.652+05:30  INFO 11235 --- [ool-11-thread-9] c.d.c.web.AccountsTransferController     : Transfer Amount  Transfer(accountFrom=Account123, accountTo=Account124, amount=1000)
2024-02-22T18:23:40.652+05:30  INFO 11235 --- [ol-11-thread-16] c.d.c.web.AccountsTransferController     : Transfer Amount  Transfer(accountFrom=Account123, accountTo=Account124, amount=1000)
2024-02-22T18:23:40.651+05:30  INFO 11235 --- [ool-11-thread-4] c.d.c.web.AccountsTransferController     : Transfer Amount  Transfer(accountFrom=Account123, accountTo=Account124, amount=1000)
2024-02-22T18:23:40.651+05:30  INFO 11235 --- [ool-11-thread-7] c.d.c.web.AccountsTransferController     : Transfer Amount  Transfer(accountFrom=Account123, accountTo=Account124, amount=1000)
2024-02-22T18:23:40.651+05:30  INFO 11235 --- [ol-11-thread-20] c.d.c.web.AccountsTransferController     : Transfer Amount  Transfer(accountFrom=Account123, accountTo=Account124, amount=1000)
2024-02-22T18:23:40.651+05:30  INFO 11235 --- [ool-11-thread-1] c.d.c.web.AccountsTransferController     : Transfer Amount  Transfer(accountFrom=Account123, accountTo=Account124, amount=1000)
2024-02-22T18:23:40.651+05:30  INFO 11235 --- [ool-11-thread-6] c.d.c.web.AccountsTransferController     : Transfer Amount  Transfer(accountFrom=Account123, accountTo=Account124, amount=1000)
2024-02-22T18:23:40.651+05:30  INFO 11235 --- [ool-11-thread-5] c.d.c.web.AccountsTransferController     : Transfer Amount  Transfer(accountFrom=Account123, accountTo=Account124, amount=1000)
2024-02-22T18:23:40.651+05:30  INFO 11235 --- [ool-11-thread-2] c.d.c.web.AccountsTransferController     : Transfer Amount  Transfer(accountFrom=Account123, accountTo=Account124, amount=1000)
2024-02-22T18:23:40.651+05:30  INFO 11235 --- [ool-11-thread-3] c.d.c.web.AccountsTransferController     : Transfer Amount  Transfer(accountFrom=Account123, accountTo=Account124, amount=1000)
2024-02-22T18:23:40.652+05:30  INFO 11235 --- [ol-11-thread-10] c.d.c.web.AccountsTransferController     : Transfer Amount  Transfer(accountFrom=Account123, accountTo=Account124, amount=1000)
2024-02-22T18:23:40.652+05:30  INFO 11235 --- [ol-11-thread-11] c.d.c.web.AccountsTransferController     : Transfer Amount  Transfer(accountFrom=Account123, accountTo=Account124, amount=1000)
2024-02-22T18:23:40.652+05:30  INFO 11235 --- [ol-11-thread-12] c.d.c.web.AccountsTransferController     : Transfer Amount  Transfer(accountFrom=Account123, accountTo=Account124, amount=1000)
2024-02-22T18:23:40.652+05:30  INFO 11235 --- [ol-11-thread-13] c.d.c.web.AccountsTransferController     : Transfer Amount  Transfer(accountFrom=Account123, accountTo=Account124, amount=1000)
2024-02-22T18:23:40.652+05:30  INFO 11235 --- [ol-11-thread-14] c.d.c.web.AccountsTransferController     : Transfer Amount  Transfer(accountFrom=Account123, accountTo=Account124, amount=1000)
2024-02-22T18:23:40.652+05:30  INFO 11235 --- [ol-11-thread-15] c.d.c.web.AccountsTransferController     : Transfer Amount  Transfer(accountFrom=Account123, accountTo=Account124, amount=1000)
2024-02-22T18:23:40.652+05:30  INFO 11235 --- [ool-11-thread-8] c.dws.challenge.service.TransferService  : compareBalance 0 
2024-02-22T18:23:40.652+05:30  INFO 11235 --- [ol-11-thread-17] c.d.c.web.AccountsTransferController     : Transfer Amount  Transfer(accountFrom=Account123, accountTo=Account124, amount=1000)
2024-02-22T18:23:40.652+05:30  INFO 11235 --- [ol-11-thread-18] c.d.c.web.AccountsTransferController     : Transfer Amount  Transfer(accountFrom=Account123, accountTo=Account124, amount=1000)
2024-02-22T18:23:40.652+05:30  INFO 11235 --- [ol-11-thread-19] c.d.c.web.AccountsTransferController     : Transfer Amount  Transfer(accountFrom=Account123, accountTo=Account124, amount=1000)
2024-02-22T18:23:40.653+05:30  INFO 11235 --- [ool-11-thread-8] c.d.c.service.EmailNotificationService   : Sending notification to owner of Account123: 1000 has been debited and transferred to account Account124
2024-02-22T18:23:40.653+05:30  INFO 11235 --- [ool-11-thread-8] c.d.c.service.EmailNotificationService   : Sending notification to owner of Account124: 1000 has been credited to your account from account Account123
2024-02-22T18:23:40.653+05:30  INFO 11235 --- [ool-11-thread-8] c.d.c.web.AccountsTransferController     : notification sent successfully
2024-02-22T18:23:40.653+05:30  INFO 11235 --- [ol-11-thread-19] c.dws.challenge.service.TransferService  : compareBalance -1 
2024-02-22T18:23:40.653+05:30  INFO 11235 --- [ol-11-thread-18] c.dws.challenge.service.TransferService  : compareBalance -1 
2024-02-22T18:23:40.653+05:30  INFO 11235 --- [ol-11-thread-17] c.dws.challenge.service.TransferService  : compareBalance -1 
2024-02-22T18:23:40.653+05:30 ERROR 11235 --- [ol-11-thread-18] c.d.c.web.AccountsTransferController     : Exception occurs

com.dws.challenge.exception.InsufficientBalanceException: Insufficient Balance in account Account123
	at com.dws.challenge.service.TransferService.transferAmount(TransferService.java:21) ~[main/:na]
	at com.dws.challenge.web.AccountsTransferController.transferAmount(AccountsTransferController.java:64) ~[main/:na]
	at com.dws.challenge.ConcurrentTransferTest.lambda$concurrentTransferTest$0(ConcurrentTransferTest.java:63) ~[test/:na]
	at java.base/java.util.concurrent.ThreadPoolExecutor.runWorker(ThreadPoolExecutor.java:1136) ~[na:na]
	at java.base/java.util.concurrent.ThreadPoolExecutor$Worker.run(ThreadPoolExecutor.java:635) ~[na:na]
	at java.base/java.lang.Thread.run(Thread.java:842) ~[na:na]

2024-02-22T18:23:40.653+05:30 ERROR 11235 --- [ol-11-thread-19] c.d.c.web.AccountsTransferController     : Exception occurs

com.dws.challenge.exception.InsufficientBalanceException: Insufficient Balance in account Account123
	at com.dws.challenge.service.TransferService.transferAmount(TransferService.java:21) ~[main/:na]
	at com.dws.challenge.web.AccountsTransferController.transferAmount(AccountsTransferController.java:64) ~[main/:na]
	at com.dws.challenge.ConcurrentTransferTest.lambda$concurrentTransferTest$0(ConcurrentTransferTest.java:63) ~[test/:na]
	at java.base/java.util.concurrent.ThreadPoolExecutor.runWorker(ThreadPoolExecutor.java:1136) ~[na:na]
	at java.base/java.util.concurrent.ThreadPoolExecutor$Worker.run(ThreadPoolExecutor.java:635) ~[na:na]
	at java.base/java.lang.Thread.run(Thread.java:842) ~[na:na]

2024-02-22T18:23:40.653+05:30 ERROR 11235 --- [ol-11-thread-17] c.d.c.web.AccountsTransferController     : Exception occurs

com.dws.challenge.exception.InsufficientBalanceException: Insufficient Balance in account Account123
	at com.dws.challenge.service.TransferService.transferAmount(TransferService.java:21) ~[main/:na]
	at com.dws.challenge.web.AccountsTransferController.transferAmount(AccountsTransferController.java:64) ~[main/:na]
	at com.dws.challenge.ConcurrentTransferTest.lambda$concurrentTransferTest$0(ConcurrentTransferTest.java:63) ~[test/:na]
	at java.base/java.util.concurrent.ThreadPoolExecutor.runWorker(ThreadPoolExecutor.java:1136) ~[na:na]
	at java.base/java.util.concurrent.ThreadPoolExecutor$Worker.run(ThreadPoolExecutor.java:635) ~[na:na]
	at java.base/java.lang.Thread.run(Thread.java:842) ~[na:na]

2024-02-22T18:23:40.653+05:30  INFO 11235 --- [ol-11-thread-15] c.dws.challenge.service.TransferService  : compareBalance -1 
2024-02-22T18:23:40.654+05:30  INFO 11235 --- [ol-11-thread-14] c.dws.challenge.service.TransferService  : compareBalance -1 
2024-02-22T18:23:40.654+05:30 ERROR 11235 --- [ol-11-thread-15] c.d.c.web.AccountsTransferController     : Exception occurs

com.dws.challenge.exception.InsufficientBalanceException: Insufficient Balance in account Account123
	at com.dws.challenge.service.TransferService.transferAmount(TransferService.java:21) ~[main/:na]
	at com.dws.challenge.web.AccountsTransferController.transferAmount(AccountsTransferController.java:64) ~[main/:na]
	at com.dws.challenge.ConcurrentTransferTest.lambda$concurrentTransferTest$0(ConcurrentTransferTest.java:63) ~[test/:na]
	at java.base/java.util.concurrent.ThreadPoolExecutor.runWorker(ThreadPoolExecutor.java:1136) ~[na:na]
	at java.base/java.util.concurrent.ThreadPoolExecutor$Worker.run(ThreadPoolExecutor.java:635) ~[na:na]
	at java.base/java.lang.Thread.run(Thread.java:842) ~[na:na]

2024-02-22T18:23:40.654+05:30  INFO 11235 --- [ol-11-thread-13] c.dws.challenge.service.TransferService  : compareBalance -1 
2024-02-22T18:23:40.654+05:30 ERROR 11235 --- [ol-11-thread-14] c.d.c.web.AccountsTransferController     : Exception occurs

com.dws.challenge.exception.InsufficientBalanceException: Insufficient Balance in account Account123
	at com.dws.challenge.service.TransferService.transferAmount(TransferService.java:21) ~[main/:na]
	at com.dws.challenge.web.AccountsTransferController.transferAmount(AccountsTransferController.java:64) ~[main/:na]
	at com.dws.challenge.ConcurrentTransferTest.lambda$concurrentTransferTest$0(ConcurrentTransferTest.java:63) ~[test/:na]
	at java.base/java.util.concurrent.ThreadPoolExecutor.runWorker(ThreadPoolExecutor.java:1136) ~[na:na]
	at java.base/java.util.concurrent.ThreadPoolExecutor$Worker.run(ThreadPoolExecutor.java:635) ~[na:na]
	at java.base/java.lang.Thread.run(Thread.java:842) ~[na:na]

2024-02-22T18:23:40.654+05:30  INFO 11235 --- [ol-11-thread-12] c.dws.challenge.service.TransferService  : compareBalance -1 
2024-02-22T18:23:40.654+05:30 ERROR 11235 --- [ol-11-thread-13] c.d.c.web.AccountsTransferController     : Exception occurs

com.dws.challenge.exception.InsufficientBalanceException: Insufficient Balance in account Account123
	at com.dws.challenge.service.TransferService.transferAmount(TransferService.java:21) ~[main/:na]
	at com.dws.challenge.web.AccountsTransferController.transferAmount(AccountsTransferController.java:64) ~[main/:na]
	at com.dws.challenge.ConcurrentTransferTest.lambda$concurrentTransferTest$0(ConcurrentTransferTest.java:63) ~[test/:na]
	at java.base/java.util.concurrent.ThreadPoolExecutor.runWorker(ThreadPoolExecutor.java:1136) ~[na:na]
	at java.base/java.util.concurrent.ThreadPoolExecutor$Worker.run(ThreadPoolExecutor.java:635) ~[na:na]
	at java.base/java.lang.Thread.run(Thread.java:842) ~[na:na]

2024-02-22T18:23:40.654+05:30  INFO 11235 --- [ol-11-thread-11] c.dws.challenge.service.TransferService  : compareBalance -1 
2024-02-22T18:23:40.654+05:30 ERROR 11235 --- [ol-11-thread-12] c.d.c.web.AccountsTransferController     : Exception occurs

com.dws.challenge.exception.InsufficientBalanceException: Insufficient Balance in account Account123
	at com.dws.challenge.service.TransferService.transferAmount(TransferService.java:21) ~[main/:na]
	at com.dws.challenge.web.AccountsTransferController.transferAmount(AccountsTransferController.java:64) ~[main/:na]
	at com.dws.challenge.ConcurrentTransferTest.lambda$concurrentTransferTest$0(ConcurrentTransferTest.java:63) ~[test/:na]
	at java.base/java.util.concurrent.ThreadPoolExecutor.runWorker(ThreadPoolExecutor.java:1136) ~[na:na]
	at java.base/java.util.concurrent.ThreadPoolExecutor$Worker.run(ThreadPoolExecutor.java:635) ~[na:na]
	at java.base/java.lang.Thread.run(Thread.java:842) ~[na:na]

2024-02-22T18:23:40.655+05:30  INFO 11235 --- [ol-11-thread-10] c.dws.challenge.service.TransferService  : compareBalance -1 
2024-02-22T18:23:40.655+05:30 ERROR 11235 --- [ol-11-thread-11] c.d.c.web.AccountsTransferController     : Exception occurs

com.dws.challenge.exception.InsufficientBalanceException: Insufficient Balance in account Account123
	at com.dws.challenge.service.TransferService.transferAmount(TransferService.java:21) ~[main/:na]
	at com.dws.challenge.web.AccountsTransferController.transferAmount(AccountsTransferController.java:64) ~[main/:na]
	at com.dws.challenge.ConcurrentTransferTest.lambda$concurrentTransferTest$0(ConcurrentTransferTest.java:63) ~[test/:na]
	at java.base/java.util.concurrent.ThreadPoolExecutor.runWorker(ThreadPoolExecutor.java:1136) ~[na:na]
	at java.base/java.util.concurrent.ThreadPoolExecutor$Worker.run(ThreadPoolExecutor.java:635) ~[na:na]
	at java.base/java.lang.Thread.run(Thread.java:842) ~[na:na]

2024-02-22T18:23:40.655+05:30  INFO 11235 --- [ool-11-thread-3] c.dws.challenge.service.TransferService  : compareBalance -1 
2024-02-22T18:23:40.655+05:30 ERROR 11235 --- [ol-11-thread-10] c.d.c.web.AccountsTransferController     : Exception occurs

com.dws.challenge.exception.InsufficientBalanceException: Insufficient Balance in account Account123
	at com.dws.challenge.service.TransferService.transferAmount(TransferService.java:21) ~[main/:na]
	at com.dws.challenge.web.AccountsTransferController.transferAmount(AccountsTransferController.java:64) ~[main/:na]
	at com.dws.challenge.ConcurrentTransferTest.lambda$concurrentTransferTest$0(ConcurrentTransferTest.java:63) ~[test/:na]
	at java.base/java.util.concurrent.ThreadPoolExecutor.runWorker(ThreadPoolExecutor.java:1136) ~[na:na]
	at java.base/java.util.concurrent.ThreadPoolExecutor$Worker.run(ThreadPoolExecutor.java:635) ~[na:na]
	at java.base/java.lang.Thread.run(Thread.java:842) ~[na:na]

2024-02-22T18:23:40.655+05:30  INFO 11235 --- [ool-11-thread-2] c.dws.challenge.service.TransferService  : compareBalance -1 
2024-02-22T18:23:40.655+05:30 ERROR 11235 --- [ool-11-thread-3] c.d.c.web.AccountsTransferController     : Exception occurs

com.dws.challenge.exception.InsufficientBalanceException: Insufficient Balance in account Account123
	at com.dws.challenge.service.TransferService.transferAmount(TransferService.java:21) ~[main/:na]
	at com.dws.challenge.web.AccountsTransferController.transferAmount(AccountsTransferController.java:64) ~[main/:na]
	at com.dws.challenge.ConcurrentTransferTest.lambda$concurrentTransferTest$0(ConcurrentTransferTest.java:63) ~[test/:na]
	at java.base/java.util.concurrent.ThreadPoolExecutor.runWorker(ThreadPoolExecutor.java:1136) ~[na:na]
	at java.base/java.util.concurrent.ThreadPoolExecutor$Worker.run(ThreadPoolExecutor.java:635) ~[na:na]
	at java.base/java.lang.Thread.run(Thread.java:842) ~[na:na]

2024-02-22T18:23:40.655+05:30  INFO 11235 --- [ool-11-thread-5] c.dws.challenge.service.TransferService  : compareBalance -1 
2024-02-22T18:23:40.655+05:30 ERROR 11235 --- [ool-11-thread-2] c.d.c.web.AccountsTransferController     : Exception occurs

com.dws.challenge.exception.InsufficientBalanceException: Insufficient Balance in account Account123
	at com.dws.challenge.service.TransferService.transferAmount(TransferService.java:21) ~[main/:na]
	at com.dws.challenge.web.AccountsTransferController.transferAmount(AccountsTransferController.java:64) ~[main/:na]
	at com.dws.challenge.ConcurrentTransferTest.lambda$concurrentTransferTest$0(ConcurrentTransferTest.java:63) ~[test/:na]
	at java.base/java.util.concurrent.ThreadPoolExecutor.runWorker(ThreadPoolExecutor.java:1136) ~[na:na]
	at java.base/java.util.concurrent.ThreadPoolExecutor$Worker.run(ThreadPoolExecutor.java:635) ~[na:na]
	at java.base/java.lang.Thread.run(Thread.java:842) ~[na:na]

2024-02-22T18:23:40.655+05:30  INFO 11235 --- [ool-11-thread-6] c.dws.challenge.service.TransferService  : compareBalance -1 
2024-02-22T18:23:40.655+05:30 ERROR 11235 --- [ool-11-thread-5] c.d.c.web.AccountsTransferController     : Exception occurs

com.dws.challenge.exception.InsufficientBalanceException: Insufficient Balance in account Account123
	at com.dws.challenge.service.TransferService.transferAmount(TransferService.java:21) ~[main/:na]
	at com.dws.challenge.web.AccountsTransferController.transferAmount(AccountsTransferController.java:64) ~[main/:na]
	at com.dws.challenge.ConcurrentTransferTest.lambda$concurrentTransferTest$0(ConcurrentTransferTest.java:63) ~[test/:na]
	at java.base/java.util.concurrent.ThreadPoolExecutor.runWorker(ThreadPoolExecutor.java:1136) ~[na:na]
	at java.base/java.util.concurrent.ThreadPoolExecutor$Worker.run(ThreadPoolExecutor.java:635) ~[na:na]
	at java.base/java.lang.Thread.run(Thread.java:842) ~[na:na]

2024-02-22T18:23:40.655+05:30  INFO 11235 --- [ool-11-thread-1] c.dws.challenge.service.TransferService  : compareBalance -1 
2024-02-22T18:23:40.655+05:30 ERROR 11235 --- [ool-11-thread-6] c.d.c.web.AccountsTransferController     : Exception occurs

com.dws.challenge.exception.InsufficientBalanceException: Insufficient Balance in account Account123
	at com.dws.challenge.service.TransferService.transferAmount(TransferService.java:21) ~[main/:na]
	at com.dws.challenge.web.AccountsTransferController.transferAmount(AccountsTransferController.java:64) ~[main/:na]
	at com.dws.challenge.ConcurrentTransferTest.lambda$concurrentTransferTest$0(ConcurrentTransferTest.java:63) ~[test/:na]
	at java.base/java.util.concurrent.ThreadPoolExecutor.runWorker(ThreadPoolExecutor.java:1136) ~[na:na]
	at java.base/java.util.concurrent.ThreadPoolExecutor$Worker.run(ThreadPoolExecutor.java:635) ~[na:na]
	at java.base/java.lang.Thread.run(Thread.java:842) ~[na:na]

2024-02-22T18:23:40.655+05:30  INFO 11235 --- [ol-11-thread-20] c.dws.challenge.service.TransferService  : compareBalance -1 
2024-02-22T18:23:40.655+05:30 ERROR 11235 --- [ool-11-thread-1] c.d.c.web.AccountsTransferController     : Exception occurs

com.dws.challenge.exception.InsufficientBalanceException: Insufficient Balance in account Account123
	at com.dws.challenge.service.TransferService.transferAmount(TransferService.java:21) ~[main/:na]
	at com.dws.challenge.web.AccountsTransferController.transferAmount(AccountsTransferController.java:64) ~[main/:na]
	at com.dws.challenge.ConcurrentTransferTest.lambda$concurrentTransferTest$0(ConcurrentTransferTest.java:63) ~[test/:na]
	at java.base/java.util.concurrent.ThreadPoolExecutor.runWorker(ThreadPoolExecutor.java:1136) ~[na:na]
	at java.base/java.util.concurrent.ThreadPoolExecutor$Worker.run(ThreadPoolExecutor.java:635) ~[na:na]
	at java.base/java.lang.Thread.run(Thread.java:842) ~[na:na]

2024-02-22T18:23:40.656+05:30 ERROR 11235 --- [ol-11-thread-20] c.d.c.web.AccountsTransferController     : Exception occurs

com.dws.challenge.exception.InsufficientBalanceException: Insufficient Balance in account Account123
	at com.dws.challenge.service.TransferService.transferAmount(TransferService.java:21) ~[main/:na]
	at com.dws.challenge.web.AccountsTransferController.transferAmount(AccountsTransferController.java:64) ~[main/:na]
	at com.dws.challenge.ConcurrentTransferTest.lambda$concurrentTransferTest$0(ConcurrentTransferTest.java:63) ~[test/:na]
	at java.base/java.util.concurrent.ThreadPoolExecutor.runWorker(ThreadPoolExecutor.java:1136) ~[na:na]
	at java.base/java.util.concurrent.ThreadPoolExecutor$Worker.run(ThreadPoolExecutor.java:635) ~[na:na]
	at java.base/java.lang.Thread.run(Thread.java:842) ~[na:na]

2024-02-22T18:23:40.656+05:30  INFO 11235 --- [ool-11-thread-7] c.dws.challenge.service.TransferService  : compareBalance -1 
2024-02-22T18:23:40.656+05:30  INFO 11235 --- [ool-11-thread-4] c.dws.challenge.service.TransferService  : compareBalance -1 
2024-02-22T18:23:40.656+05:30 ERROR 11235 --- [ool-11-thread-7] c.d.c.web.AccountsTransferController     : Exception occurs

com.dws.challenge.exception.InsufficientBalanceException: Insufficient Balance in account Account123
	at com.dws.challenge.service.TransferService.transferAmount(TransferService.java:21) ~[main/:na]
	at com.dws.challenge.web.AccountsTransferController.transferAmount(AccountsTransferController.java:64) ~[main/:na]
	at com.dws.challenge.ConcurrentTransferTest.lambda$concurrentTransferTest$0(ConcurrentTransferTest.java:63) ~[test/:na]
	at java.base/java.util.concurrent.ThreadPoolExecutor.runWorker(ThreadPoolExecutor.java:1136) ~[na:na]
	at java.base/java.util.concurrent.ThreadPoolExecutor$Worker.run(ThreadPoolExecutor.java:635) ~[na:na]
	at java.base/java.lang.Thread.run(Thread.java:842) ~[na:na]

2024-02-22T18:23:40.656+05:30  INFO 11235 --- [ol-11-thread-16] c.dws.challenge.service.TransferService  : compareBalance -1 
2024-02-22T18:23:40.656+05:30 ERROR 11235 --- [ool-11-thread-4] c.d.c.web.AccountsTransferController     : Exception occurs

com.dws.challenge.exception.InsufficientBalanceException: Insufficient Balance in account Account123
	at com.dws.challenge.service.TransferService.transferAmount(TransferService.java:21) ~[main/:na]
	at com.dws.challenge.web.AccountsTransferController.transferAmount(AccountsTransferController.java:64) ~[main/:na]
	at com.dws.challenge.ConcurrentTransferTest.lambda$concurrentTransferTest$0(ConcurrentTransferTest.java:63) ~[test/:na]
	at java.base/java.util.concurrent.ThreadPoolExecutor.runWorker(ThreadPoolExecutor.java:1136) ~[na:na]
	at java.base/java.util.concurrent.ThreadPoolExecutor$Worker.run(ThreadPoolExecutor.java:635) ~[na:na]
	at java.base/java.lang.Thread.run(Thread.java:842) ~[na:na]

2024-02-22T18:23:40.656+05:30  INFO 11235 --- [ool-11-thread-9] c.dws.challenge.service.TransferService  : compareBalance -1 
2024-02-22T18:23:40.656+05:30 ERROR 11235 --- [ol-11-thread-16] c.d.c.web.AccountsTransferController     : Exception occurs

com.dws.challenge.exception.InsufficientBalanceException: Insufficient Balance in account Account123
	at com.dws.challenge.service.TransferService.transferAmount(TransferService.java:21) ~[main/:na]
	at com.dws.challenge.web.AccountsTransferController.transferAmount(AccountsTransferController.java:64) ~[main/:na]
	at com.dws.challenge.ConcurrentTransferTest.lambda$concurrentTransferTest$0(ConcurrentTransferTest.java:63) ~[test/:na]
	at java.base/java.util.concurrent.ThreadPoolExecutor.runWorker(ThreadPoolExecutor.java:1136) ~[na:na]
	at java.base/java.util.concurrent.ThreadPoolExecutor$Worker.run(ThreadPoolExecutor.java:635) ~[na:na]
	at java.base/java.lang.Thread.run(Thread.java:842) ~[na:na]

2024-02-22T18:23:40.656+05:30 ERROR 11235 --- [ool-11-thread-9] c.d.c.web.AccountsTransferController     : Exception occurs

com.dws.challenge.exception.InsufficientBalanceException: Insufficient Balance in account Account123
	at com.dws.challenge.service.TransferService.transferAmount(TransferService.java:21) ~[main/:na]
	at com.dws.challenge.web.AccountsTransferController.transferAmount(AccountsTransferController.java:64) ~[main/:na]
	at com.dws.challenge.ConcurrentTransferTest.lambda$concurrentTransferTest$0(ConcurrentTransferTest.java:63) ~[test/:na]
	at java.base/java.util.concurrent.ThreadPoolExecutor.runWorker(ThreadPoolExecutor.java:1136) ~[na:na]
	at java.base/java.util.concurrent.ThreadPoolExecutor$Worker.run(ThreadPoolExecutor.java:635) ~[na:na]
	at java.base/java.lang.Thread.run(Thread.java:842) ~[na:na]

2024-02-22T18:23:40.662+05:30  INFO 11235 --- [ool-12-thread-1] c.d.c.web.AccountsTransferController     : Transfer Amount  Transfer(accountFrom=Account123, accountTo=Account124, amount=1000)
2024-02-22T18:23:40.662+05:30  INFO 11235 --- [ol-12-thread-19] c.d.c.web.AccountsTransferController     : Transfer Amount  Transfer(accountFrom=Account123, accountTo=Account124, amount=1000)
2024-02-22T18:23:40.662+05:30  INFO 11235 --- [ool-12-thread-2] c.d.c.web.AccountsTransferController     : Transfer Amount  Transfer(accountFrom=Account123, accountTo=Account124, amount=1000)
2024-02-22T18:23:40.662+05:30  INFO 11235 --- [ol-12-thread-20] c.d.c.web.AccountsTransferController     : Transfer Amount  Transfer(accountFrom=Account123, accountTo=Account124, amount=1000)
2024-02-22T18:23:40.662+05:30  INFO 11235 --- [ool-12-thread-4] c.d.c.web.AccountsTransferController     : Transfer Amount  Transfer(accountFrom=Account123, accountTo=Account124, amount=1000)
2024-02-22T18:23:40.662+05:30  INFO 11235 --- [ool-12-thread-5] c.d.c.web.AccountsTransferController     : Transfer Amount  Transfer(accountFrom=Account123, accountTo=Account124, amount=1000)
2024-02-22T18:23:40.662+05:30  INFO 11235 --- [ool-12-thread-3] c.d.c.web.AccountsTransferController     : Transfer Amount  Transfer(accountFrom=Account123, accountTo=Account124, amount=1000)
2024-02-22T18:23:40.662+05:30  INFO 11235 --- [ool-12-thread-6] c.d.c.web.AccountsTransferController     : Transfer Amount  Transfer(accountFrom=Account123, accountTo=Account124, amount=1000)
2024-02-22T18:23:40.662+05:30  INFO 11235 --- [ool-12-thread-7] c.d.c.web.AccountsTransferController     : Transfer Amount  Transfer(accountFrom=Account123, accountTo=Account124, amount=1000)
2024-02-22T18:23:40.662+05:30  INFO 11235 --- [ool-12-thread-8] c.d.c.web.AccountsTransferController     : Transfer Amount  Transfer(accountFrom=Account123, accountTo=Account124, amount=1000)
2024-02-22T18:23:40.663+05:30  INFO 11235 --- [ool-12-thread-9] c.d.c.web.AccountsTransferController     : Transfer Amount  Transfer(accountFrom=Account123, accountTo=Account124, amount=1000)
2024-02-22T18:23:40.663+05:30  INFO 11235 --- [ol-12-thread-12] c.d.c.web.AccountsTransferController     : Transfer Amount  Transfer(accountFrom=Account123, accountTo=Account124, amount=1000)
2024-02-22T18:23:40.663+05:30  INFO 11235 --- [ool-12-thread-1] c.dws.challenge.service.TransferService  : compareBalance 0 
2024-02-22T18:23:40.663+05:30  INFO 11235 --- [ol-12-thread-10] c.d.c.web.AccountsTransferController     : Transfer Amount  Transfer(accountFrom=Account123, accountTo=Account124, amount=1000)
2024-02-22T18:23:40.663+05:30  INFO 11235 --- [ol-12-thread-13] c.d.c.web.AccountsTransferController     : Transfer Amount  Transfer(accountFrom=Account123, accountTo=Account124, amount=1000)
2024-02-22T18:23:40.663+05:30  INFO 11235 --- [ol-12-thread-15] c.d.c.web.AccountsTransferController     : Transfer Amount  Transfer(accountFrom=Account123, accountTo=Account124, amount=1000)
2024-02-22T18:23:40.663+05:30  INFO 11235 --- [ol-12-thread-14] c.d.c.web.AccountsTransferController     : Transfer Amount  Transfer(accountFrom=Account123, accountTo=Account124, amount=1000)
2024-02-22T18:23:40.663+05:30  INFO 11235 --- [ol-12-thread-11] c.d.c.web.AccountsTransferController     : Transfer Amount  Transfer(accountFrom=Account123, accountTo=Account124, amount=1000)
2024-02-22T18:23:40.663+05:30  INFO 11235 --- [ol-12-thread-16] c.d.c.web.AccountsTransferController     : Transfer Amount  Transfer(accountFrom=Account123, accountTo=Account124, amount=1000)
2024-02-22T18:23:40.663+05:30  INFO 11235 --- [ol-12-thread-17] c.d.c.web.AccountsTransferController     : Transfer Amount  Transfer(accountFrom=Account123, accountTo=Account124, amount=1000)
2024-02-22T18:23:40.663+05:30  INFO 11235 --- [ol-12-thread-18] c.d.c.web.AccountsTransferController     : Transfer Amount  Transfer(accountFrom=Account123, accountTo=Account124, amount=1000)
2024-02-22T18:23:40.663+05:30  INFO 11235 --- [ool-12-thread-1] c.d.c.service.EmailNotificationService   : Sending notification to owner of Account123: 1000 has been debited and transferred to account Account124
2024-02-22T18:23:40.664+05:30  INFO 11235 --- [ool-12-thread-1] c.d.c.service.EmailNotificationService   : Sending notification to owner of Account124: 1000 has been credited to your account from account Account123
2024-02-22T18:23:40.664+05:30  INFO 11235 --- [ool-12-thread-1] c.d.c.web.AccountsTransferController     : notification sent successfully
2024-02-22T18:23:40.664+05:30  INFO 11235 --- [ol-12-thread-18] c.dws.challenge.service.TransferService  : compareBalance -1 
2024-02-22T18:23:40.664+05:30  INFO 11235 --- [ol-12-thread-17] c.dws.challenge.service.TransferService  : compareBalance -1 
2024-02-22T18:23:40.664+05:30  INFO 11235 --- [ol-12-thread-16] c.dws.challenge.service.TransferService  : compareBalance -1 
2024-02-22T18:23:40.664+05:30 ERROR 11235 --- [ol-12-thread-18] c.d.c.web.AccountsTransferController     : Exception occurs

com.dws.challenge.exception.InsufficientBalanceException: Insufficient Balance in account Account123
	at com.dws.challenge.service.TransferService.transferAmount(TransferService.java:21) ~[main/:na]
	at com.dws.challenge.web.AccountsTransferController.transferAmount(AccountsTransferController.java:64) ~[main/:na]
	at com.dws.challenge.ConcurrentTransferTest.lambda$concurrentTransferTest$0(ConcurrentTransferTest.java:63) ~[test/:na]
	at java.base/java.util.concurrent.ThreadPoolExecutor.runWorker(ThreadPoolExecutor.java:1136) ~[na:na]
	at java.base/java.util.concurrent.ThreadPoolExecutor$Worker.run(ThreadPoolExecutor.java:635) ~[na:na]
	at java.base/java.lang.Thread.run(Thread.java:842) ~[na:na]

2024-02-22T18:23:40.664+05:30  INFO 11235 --- [ol-12-thread-11] c.dws.challenge.service.TransferService  : compareBalance -1 
2024-02-22T18:23:40.664+05:30 ERROR 11235 --- [ol-12-thread-17] c.d.c.web.AccountsTransferController     : Exception occurs

com.dws.challenge.exception.InsufficientBalanceException: Insufficient Balance in account Account123
	at com.dws.challenge.service.TransferService.transferAmount(TransferService.java:21) ~[main/:na]
	at com.dws.challenge.web.AccountsTransferController.transferAmount(AccountsTransferController.java:64) ~[main/:na]
	at com.dws.challenge.ConcurrentTransferTest.lambda$concurrentTransferTest$0(ConcurrentTransferTest.java:63) ~[test/:na]
	at java.base/java.util.concurrent.ThreadPoolExecutor.runWorker(ThreadPoolExecutor.java:1136) ~[na:na]
	at java.base/java.util.concurrent.ThreadPoolExecutor$Worker.run(ThreadPoolExecutor.java:635) ~[na:na]
	at java.base/java.lang.Thread.run(Thread.java:842) ~[na:na]

2024-02-22T18:23:40.664+05:30 ERROR 11235 --- [ol-12-thread-11] c.d.c.web.AccountsTransferController     : Exception occurs

com.dws.challenge.exception.InsufficientBalanceException: Insufficient Balance in account Account123
	at com.dws.challenge.service.TransferService.transferAmount(TransferService.java:21) ~[main/:na]
	at com.dws.challenge.web.AccountsTransferController.transferAmount(AccountsTransferController.java:64) ~[main/:na]
	at com.dws.challenge.ConcurrentTransferTest.lambda$concurrentTransferTest$0(ConcurrentTransferTest.java:63) ~[test/:na]
	at java.base/java.util.concurrent.ThreadPoolExecutor.runWorker(ThreadPoolExecutor.java:1136) ~[na:na]
	at java.base/java.util.concurrent.ThreadPoolExecutor$Worker.run(ThreadPoolExecutor.java:635) ~[na:na]
	at java.base/java.lang.Thread.run(Thread.java:842) ~[na:na]

2024-02-22T18:23:40.664+05:30 ERROR 11235 --- [ol-12-thread-16] c.d.c.web.AccountsTransferController     : Exception occurs

com.dws.challenge.exception.InsufficientBalanceException: Insufficient Balance in account Account123
	at com.dws.challenge.service.TransferService.transferAmount(TransferService.java:21) ~[main/:na]
	at com.dws.challenge.web.AccountsTransferController.transferAmount(AccountsTransferController.java:64) ~[main/:na]
	at com.dws.challenge.ConcurrentTransferTest.lambda$concurrentTransferTest$0(ConcurrentTransferTest.java:63) ~[test/:na]
	at java.base/java.util.concurrent.ThreadPoolExecutor.runWorker(ThreadPoolExecutor.java:1136) ~[na:na]
	at java.base/java.util.concurrent.ThreadPoolExecutor$Worker.run(ThreadPoolExecutor.java:635) ~[na:na]
	at java.base/java.lang.Thread.run(Thread.java:842) ~[na:na]

2024-02-22T18:23:40.664+05:30  INFO 11235 --- [ol-12-thread-14] c.dws.challenge.service.TransferService  : compareBalance -1 
2024-02-22T18:23:40.665+05:30  INFO 11235 --- [ol-12-thread-15] c.dws.challenge.service.TransferService  : compareBalance -1 
2024-02-22T18:23:40.665+05:30 ERROR 11235 --- [ol-12-thread-14] c.d.c.web.AccountsTransferController     : Exception occurs

com.dws.challenge.exception.InsufficientBalanceException: Insufficient Balance in account Account123
	at com.dws.challenge.service.TransferService.transferAmount(TransferService.java:21) ~[main/:na]
	at com.dws.challenge.web.AccountsTransferController.transferAmount(AccountsTransferController.java:64) ~[main/:na]
	at com.dws.challenge.ConcurrentTransferTest.lambda$concurrentTransferTest$0(ConcurrentTransferTest.java:63) ~[test/:na]
	at java.base/java.util.concurrent.ThreadPoolExecutor.runWorker(ThreadPoolExecutor.java:1136) ~[na:na]
	at java.base/java.util.concurrent.ThreadPoolExecutor$Worker.run(ThreadPoolExecutor.java:635) ~[na:na]
	at java.base/java.lang.Thread.run(Thread.java:842) ~[na:na]

2024-02-22T18:23:40.665+05:30  INFO 11235 --- [ol-12-thread-13] c.dws.challenge.service.TransferService  : compareBalance -1 
2024-02-22T18:23:40.665+05:30 ERROR 11235 --- [ol-12-thread-15] c.d.c.web.AccountsTransferController     : Exception occurs

com.dws.challenge.exception.InsufficientBalanceException: Insufficient Balance in account Account123
	at com.dws.challenge.service.TransferService.transferAmount(TransferService.java:21) ~[main/:na]
	at com.dws.challenge.web.AccountsTransferController.transferAmount(AccountsTransferController.java:64) ~[main/:na]
	at com.dws.challenge.ConcurrentTransferTest.lambda$concurrentTransferTest$0(ConcurrentTransferTest.java:63) ~[test/:na]
	at java.base/java.util.concurrent.ThreadPoolExecutor.runWorker(ThreadPoolExecutor.java:1136) ~[na:na]
	at java.base/java.util.concurrent.ThreadPoolExecutor$Worker.run(ThreadPoolExecutor.java:635) ~[na:na]
	at java.base/java.lang.Thread.run(Thread.java:842) ~[na:na]

2024-02-22T18:23:40.665+05:30  INFO 11235 --- [ol-12-thread-10] c.dws.challenge.service.TransferService  : compareBalance -1 
2024-02-22T18:23:40.665+05:30 ERROR 11235 --- [ol-12-thread-13] c.d.c.web.AccountsTransferController     : Exception occurs

com.dws.challenge.exception.InsufficientBalanceException: Insufficient Balance in account Account123
	at com.dws.challenge.service.TransferService.transferAmount(TransferService.java:21) ~[main/:na]
	at com.dws.challenge.web.AccountsTransferController.transferAmount(AccountsTransferController.java:64) ~[main/:na]
	at com.dws.challenge.ConcurrentTransferTest.lambda$concurrentTransferTest$0(ConcurrentTransferTest.java:63) ~[test/:na]
	at java.base/java.util.concurrent.ThreadPoolExecutor.runWorker(ThreadPoolExecutor.java:1136) ~[na:na]
	at java.base/java.util.concurrent.ThreadPoolExecutor$Worker.run(ThreadPoolExecutor.java:635) ~[na:na]
	at java.base/java.lang.Thread.run(Thread.java:842) ~[na:na]

2024-02-22T18:23:40.665+05:30  INFO 11235 --- [ol-12-thread-12] c.dws.challenge.service.TransferService  : compareBalance -1 
2024-02-22T18:23:40.665+05:30 ERROR 11235 --- [ol-12-thread-10] c.d.c.web.AccountsTransferController     : Exception occurs

com.dws.challenge.exception.InsufficientBalanceException: Insufficient Balance in account Account123
	at com.dws.challenge.service.TransferService.transferAmount(TransferService.java:21) ~[main/:na]
	at com.dws.challenge.web.AccountsTransferController.transferAmount(AccountsTransferController.java:64) ~[main/:na]
	at com.dws.challenge.ConcurrentTransferTest.lambda$concurrentTransferTest$0(ConcurrentTransferTest.java:63) ~[test/:na]
	at java.base/java.util.concurrent.ThreadPoolExecutor.runWorker(ThreadPoolExecutor.java:1136) ~[na:na]
	at java.base/java.util.concurrent.ThreadPoolExecutor$Worker.run(ThreadPoolExecutor.java:635) ~[na:na]
	at java.base/java.lang.Thread.run(Thread.java:842) ~[na:na]

2024-02-22T18:23:40.665+05:30 ERROR 11235 --- [ol-12-thread-12] c.d.c.web.AccountsTransferController     : Exception occurs

com.dws.challenge.exception.InsufficientBalanceException: Insufficient Balance in account Account123
	at com.dws.challenge.service.TransferService.transferAmount(TransferService.java:21) ~[main/:na]
	at com.dws.challenge.web.AccountsTransferController.transferAmount(AccountsTransferController.java:64) ~[main/:na]
	at com.dws.challenge.ConcurrentTransferTest.lambda$concurrentTransferTest$0(ConcurrentTransferTest.java:63) ~[test/:na]
	at java.base/java.util.concurrent.ThreadPoolExecutor.runWorker(ThreadPoolExecutor.java:1136) ~[na:na]
	at java.base/java.util.concurrent.ThreadPoolExecutor$Worker.run(ThreadPoolExecutor.java:635) ~[na:na]
	at java.base/java.lang.Thread.run(Thread.java:842) ~[na:na]

2024-02-22T18:23:40.666+05:30  INFO 11235 --- [ool-12-thread-9] c.dws.challenge.service.TransferService  : compareBalance -1 
2024-02-22T18:23:40.666+05:30  INFO 11235 --- [ool-12-thread-8] c.dws.challenge.service.TransferService  : compareBalance -1 
2024-02-22T18:23:40.666+05:30 ERROR 11235 --- [ool-12-thread-9] c.d.c.web.AccountsTransferController     : Exception occurs

com.dws.challenge.exception.InsufficientBalanceException: Insufficient Balance in account Account123
	at com.dws.challenge.service.TransferService.transferAmount(TransferService.java:21) ~[main/:na]
	at com.dws.challenge.web.AccountsTransferController.transferAmount(AccountsTransferController.java:64) ~[main/:na]
	at com.dws.challenge.ConcurrentTransferTest.lambda$concurrentTransferTest$0(ConcurrentTransferTest.java:63) ~[test/:na]
	at java.base/java.util.concurrent.ThreadPoolExecutor.runWorker(ThreadPoolExecutor.java:1136) ~[na:na]
	at java.base/java.util.concurrent.ThreadPoolExecutor$Worker.run(ThreadPoolExecutor.java:635) ~[na:na]
	at java.base/java.lang.Thread.run(Thread.java:842) ~[na:na]

2024-02-22T18:23:40.666+05:30  INFO 11235 --- [ool-12-thread-7] c.dws.challenge.service.TransferService  : compareBalance -1 
2024-02-22T18:23:40.666+05:30  INFO 11235 --- [ool-12-thread-6] c.dws.challenge.service.TransferService  : compareBalance -1 
2024-02-22T18:23:40.666+05:30 ERROR 11235 --- [ool-12-thread-8] c.d.c.web.AccountsTransferController     : Exception occurs

com.dws.challenge.exception.InsufficientBalanceException: Insufficient Balance in account Account123
	at com.dws.challenge.service.TransferService.transferAmount(TransferService.java:21) ~[main/:na]
	at com.dws.challenge.web.AccountsTransferController.transferAmount(AccountsTransferController.java:64) ~[main/:na]
	at com.dws.challenge.ConcurrentTransferTest.lambda$concurrentTransferTest$0(ConcurrentTransferTest.java:63) ~[test/:na]
	at java.base/java.util.concurrent.ThreadPoolExecutor.runWorker(ThreadPoolExecutor.java:1136) ~[na:na]
	at java.base/java.util.concurrent.ThreadPoolExecutor$Worker.run(ThreadPoolExecutor.java:635) ~[na:na]
	at java.base/java.lang.Thread.run(Thread.java:842) ~[na:na]

2024-02-22T18:23:40.666+05:30 ERROR 11235 --- [ool-12-thread-7] c.d.c.web.AccountsTransferController     : Exception occurs

com.dws.challenge.exception.InsufficientBalanceException: Insufficient Balance in account Account123
	at com.dws.challenge.service.TransferService.transferAmount(TransferService.java:21) ~[main/:na]
	at com.dws.challenge.web.AccountsTransferController.transferAmount(AccountsTransferController.java:64) ~[main/:na]
	at com.dws.challenge.ConcurrentTransferTest.lambda$concurrentTransferTest$0(ConcurrentTransferTest.java:63) ~[test/:na]
	at java.base/java.util.concurrent.ThreadPoolExecutor.runWorker(ThreadPoolExecutor.java:1136) ~[na:na]
	at java.base/java.util.concurrent.ThreadPoolExecutor$Worker.run(ThreadPoolExecutor.java:635) ~[na:na]
	at java.base/java.lang.Thread.run(Thread.java:842) ~[na:na]

2024-02-22T18:23:40.666+05:30  INFO 11235 --- [ool-12-thread-3] c.dws.challenge.service.TransferService  : compareBalance -1 
2024-02-22T18:23:40.666+05:30 ERROR 11235 --- [ool-12-thread-6] c.d.c.web.AccountsTransferController     : Exception occurs

com.dws.challenge.exception.InsufficientBalanceException: Insufficient Balance in account Account123
	at com.dws.challenge.service.TransferService.transferAmount(TransferService.java:21) ~[main/:na]
	at com.dws.challenge.web.AccountsTransferController.transferAmount(AccountsTransferController.java:64) ~[main/:na]
	at com.dws.challenge.ConcurrentTransferTest.lambda$concurrentTransferTest$0(ConcurrentTransferTest.java:63) ~[test/:na]
	at java.base/java.util.concurrent.ThreadPoolExecutor.runWorker(ThreadPoolExecutor.java:1136) ~[na:na]
	at java.base/java.util.concurrent.ThreadPoolExecutor$Worker.run(ThreadPoolExecutor.java:635) ~[na:na]
	at java.base/java.lang.Thread.run(Thread.java:842) ~[na:na]

2024-02-22T18:23:40.666+05:30  INFO 11235 --- [ool-12-thread-5] c.dws.challenge.service.TransferService  : compareBalance -1 
2024-02-22T18:23:40.666+05:30 ERROR 11235 --- [ool-12-thread-3] c.d.c.web.AccountsTransferController     : Exception occurs

com.dws.challenge.exception.InsufficientBalanceException: Insufficient Balance in account Account123
	at com.dws.challenge.service.TransferService.transferAmount(TransferService.java:21) ~[main/:na]
	at com.dws.challenge.web.AccountsTransferController.transferAmount(AccountsTransferController.java:64) ~[main/:na]
	at com.dws.challenge.ConcurrentTransferTest.lambda$concurrentTransferTest$0(ConcurrentTransferTest.java:63) ~[test/:na]
	at java.base/java.util.concurrent.ThreadPoolExecutor.runWorker(ThreadPoolExecutor.java:1136) ~[na:na]
	at java.base/java.util.concurrent.ThreadPoolExecutor$Worker.run(ThreadPoolExecutor.java:635) ~[na:na]
	at java.base/java.lang.Thread.run(Thread.java:842) ~[na:na]

2024-02-22T18:23:40.667+05:30  INFO 11235 --- [ool-12-thread-4] c.dws.challenge.service.TransferService  : compareBalance -1 
2024-02-22T18:23:40.667+05:30 ERROR 11235 --- [ool-12-thread-5] c.d.c.web.AccountsTransferController     : Exception occurs

com.dws.challenge.exception.InsufficientBalanceException: Insufficient Balance in account Account123
	at com.dws.challenge.service.TransferService.transferAmount(TransferService.java:21) ~[main/:na]
	at com.dws.challenge.web.AccountsTransferController.transferAmount(AccountsTransferController.java:64) ~[main/:na]
	at com.dws.challenge.ConcurrentTransferTest.lambda$concurrentTransferTest$0(ConcurrentTransferTest.java:63) ~[test/:na]
	at java.base/java.util.concurrent.ThreadPoolExecutor.runWorker(ThreadPoolExecutor.java:1136) ~[na:na]
	at java.base/java.util.concurrent.ThreadPoolExecutor$Worker.run(ThreadPoolExecutor.java:635) ~[na:na]
	at java.base/java.lang.Thread.run(Thread.java:842) ~[na:na]

2024-02-22T18:23:40.667+05:30  INFO 11235 --- [ol-12-thread-20] c.dws.challenge.service.TransferService  : compareBalance -1 
2024-02-22T18:23:40.667+05:30 ERROR 11235 --- [ool-12-thread-4] c.d.c.web.AccountsTransferController     : Exception occurs

com.dws.challenge.exception.InsufficientBalanceException: Insufficient Balance in account Account123
	at com.dws.challenge.service.TransferService.transferAmount(TransferService.java:21) ~[main/:na]
	at com.dws.challenge.web.AccountsTransferController.transferAmount(AccountsTransferController.java:64) ~[main/:na]
	at com.dws.challenge.ConcurrentTransferTest.lambda$concurrentTransferTest$0(ConcurrentTransferTest.java:63) ~[test/:na]
	at java.base/java.util.concurrent.ThreadPoolExecutor.runWorker(ThreadPoolExecutor.java:1136) ~[na:na]
	at java.base/java.util.concurrent.ThreadPoolExecutor$Worker.run(ThreadPoolExecutor.java:635) ~[na:na]
	at java.base/java.lang.Thread.run(Thread.java:842) ~[na:na]

2024-02-22T18:23:40.667+05:30  INFO 11235 --- [ool-12-thread-2] c.dws.challenge.service.TransferService  : compareBalance -1 
2024-02-22T18:23:40.667+05:30 ERROR 11235 --- [ol-12-thread-20] c.d.c.web.AccountsTransferController     : Exception occurs

com.dws.challenge.exception.InsufficientBalanceException: Insufficient Balance in account Account123
	at com.dws.challenge.service.TransferService.transferAmount(TransferService.java:21) ~[main/:na]
	at com.dws.challenge.web.AccountsTransferController.transferAmount(AccountsTransferController.java:64) ~[main/:na]
	at com.dws.challenge.ConcurrentTransferTest.lambda$concurrentTransferTest$0(ConcurrentTransferTest.java:63) ~[test/:na]
	at java.base/java.util.concurrent.ThreadPoolExecutor.runWorker(ThreadPoolExecutor.java:1136) ~[na:na]
	at java.base/java.util.concurrent.ThreadPoolExecutor$Worker.run(ThreadPoolExecutor.java:635) ~[na:na]
	at java.base/java.lang.Thread.run(Thread.java:842) ~[na:na]

2024-02-22T18:23:40.667+05:30  INFO 11235 --- [ol-12-thread-19] c.dws.challenge.service.TransferService  : compareBalance -1 
2024-02-22T18:23:40.667+05:30 ERROR 11235 --- [ool-12-thread-2] c.d.c.web.AccountsTransferController     : Exception occurs

com.dws.challenge.exception.InsufficientBalanceException: Insufficient Balance in account Account123
	at com.dws.challenge.service.TransferService.transferAmount(TransferService.java:21) ~[main/:na]
	at com.dws.challenge.web.AccountsTransferController.transferAmount(AccountsTransferController.java:64) ~[main/:na]
	at com.dws.challenge.ConcurrentTransferTest.lambda$concurrentTransferTest$0(ConcurrentTransferTest.java:63) ~[test/:na]
	at java.base/java.util.concurrent.ThreadPoolExecutor.runWorker(ThreadPoolExecutor.java:1136) ~[na:na]
	at java.base/java.util.concurrent.ThreadPoolExecutor$Worker.run(ThreadPoolExecutor.java:635) ~[na:na]
	at java.base/java.lang.Thread.run(Thread.java:842) ~[na:na]

2024-02-22T18:23:40.667+05:30 ERROR 11235 --- [ol-12-thread-19] c.d.c.web.AccountsTransferController     : Exception occurs

com.dws.challenge.exception.InsufficientBalanceException: Insufficient Balance in account Account123
	at com.dws.challenge.service.TransferService.transferAmount(TransferService.java:21) ~[main/:na]
	at com.dws.challenge.web.AccountsTransferController.transferAmount(AccountsTransferController.java:64) ~[main/:na]
	at com.dws.challenge.ConcurrentTransferTest.lambda$concurrentTransferTest$0(ConcurrentTransferTest.java:63) ~[test/:na]
	at java.base/java.util.concurrent.ThreadPoolExecutor.runWorker(ThreadPoolExecutor.java:1136) ~[na:na]
	at java.base/java.util.concurrent.ThreadPoolExecutor$Worker.run(ThreadPoolExecutor.java:635) ~[na:na]
	at java.base/java.lang.Thread.run(Thread.java:842) ~[na:na]

2024-02-22T18:23:40.673+05:30  INFO 11235 --- [ool-13-thread-1] c.d.c.web.AccountsTransferController     : Transfer Amount  Transfer(accountFrom=Account123, accountTo=Account124, amount=1000)
2024-02-22T18:23:40.673+05:30  INFO 11235 --- [ool-13-thread-9] c.d.c.web.AccountsTransferController     : Transfer Amount  Transfer(accountFrom=Account123, accountTo=Account124, amount=1000)
2024-02-22T18:23:40.673+05:30  INFO 11235 --- [ool-13-thread-4] c.d.c.web.AccountsTransferController     : Transfer Amount  Transfer(accountFrom=Account123, accountTo=Account124, amount=1000)
2024-02-22T18:23:40.673+05:30  INFO 11235 --- [ool-13-thread-2] c.d.c.web.AccountsTransferController     : Transfer Amount  Transfer(accountFrom=Account123, accountTo=Account124, amount=1000)
2024-02-22T18:23:40.673+05:30  INFO 11235 --- [ool-13-thread-7] c.d.c.web.AccountsTransferController     : Transfer Amount  Transfer(accountFrom=Account123, accountTo=Account124, amount=1000)
2024-02-22T18:23:40.673+05:30  INFO 11235 --- [ool-13-thread-3] c.d.c.web.AccountsTransferController     : Transfer Amount  Transfer(accountFrom=Account123, accountTo=Account124, amount=1000)
2024-02-22T18:23:40.673+05:30  INFO 11235 --- [ol-13-thread-20] c.d.c.web.AccountsTransferController     : Transfer Amount  Transfer(accountFrom=Account123, accountTo=Account124, amount=1000)
2024-02-22T18:23:40.673+05:30  INFO 11235 --- [ool-13-thread-8] c.d.c.web.AccountsTransferController     : Transfer Amount  Transfer(accountFrom=Account123, accountTo=Account124, amount=1000)
2024-02-22T18:23:40.673+05:30  INFO 11235 --- [ool-13-thread-5] c.d.c.web.AccountsTransferController     : Transfer Amount  Transfer(accountFrom=Account123, accountTo=Account124, amount=1000)
2024-02-22T18:23:40.673+05:30  INFO 11235 --- [ol-13-thread-10] c.d.c.web.AccountsTransferController     : Transfer Amount  Transfer(accountFrom=Account123, accountTo=Account124, amount=1000)
2024-02-22T18:23:40.673+05:30  INFO 11235 --- [ool-13-thread-6] c.d.c.web.AccountsTransferController     : Transfer Amount  Transfer(accountFrom=Account123, accountTo=Account124, amount=1000)
2024-02-22T18:23:40.673+05:30  INFO 11235 --- [ol-13-thread-11] c.d.c.web.AccountsTransferController     : Transfer Amount  Transfer(accountFrom=Account123, accountTo=Account124, amount=1000)
2024-02-22T18:23:40.673+05:30  INFO 11235 --- [ol-13-thread-12] c.d.c.web.AccountsTransferController     : Transfer Amount  Transfer(accountFrom=Account123, accountTo=Account124, amount=1000)
2024-02-22T18:23:40.673+05:30  INFO 11235 --- [ool-13-thread-1] c.dws.challenge.service.TransferService  : compareBalance 0 
2024-02-22T18:23:40.673+05:30  INFO 11235 --- [ol-13-thread-13] c.d.c.web.AccountsTransferController     : Transfer Amount  Transfer(accountFrom=Account123, accountTo=Account124, amount=1000)
2024-02-22T18:23:40.673+05:30  INFO 11235 --- [ol-13-thread-14] c.d.c.web.AccountsTransferController     : Transfer Amount  Transfer(accountFrom=Account123, accountTo=Account124, amount=1000)
2024-02-22T18:23:40.673+05:30  INFO 11235 --- [ol-13-thread-15] c.d.c.web.AccountsTransferController     : Transfer Amount  Transfer(accountFrom=Account123, accountTo=Account124, amount=1000)
2024-02-22T18:23:40.673+05:30  INFO 11235 --- [ol-13-thread-16] c.d.c.web.AccountsTransferController     : Transfer Amount  Transfer(accountFrom=Account123, accountTo=Account124, amount=1000)
2024-02-22T18:23:40.673+05:30  INFO 11235 --- [ol-13-thread-18] c.d.c.web.AccountsTransferController     : Transfer Amount  Transfer(accountFrom=Account123, accountTo=Account124, amount=1000)
2024-02-22T18:23:40.673+05:30  INFO 11235 --- [ol-13-thread-17] c.d.c.web.AccountsTransferController     : Transfer Amount  Transfer(accountFrom=Account123, accountTo=Account124, amount=1000)
2024-02-22T18:23:40.673+05:30  INFO 11235 --- [ol-13-thread-19] c.d.c.web.AccountsTransferController     : Transfer Amount  Transfer(accountFrom=Account123, accountTo=Account124, amount=1000)
2024-02-22T18:23:40.674+05:30  INFO 11235 --- [ool-13-thread-1] c.d.c.service.EmailNotificationService   : Sending notification to owner of Account123: 1000 has been debited and transferred to account Account124
2024-02-22T18:23:40.674+05:30  INFO 11235 --- [ool-13-thread-1] c.d.c.service.EmailNotificationService   : Sending notification to owner of Account124: 1000 has been credited to your account from account Account123
2024-02-22T18:23:40.674+05:30  INFO 11235 --- [ool-13-thread-1] c.d.c.web.AccountsTransferController     : notification sent successfully
2024-02-22T18:23:40.674+05:30  INFO 11235 --- [ol-13-thread-19] c.dws.challenge.service.TransferService  : compareBalance -1 
2024-02-22T18:23:40.674+05:30 ERROR 11235 --- [ol-13-thread-19] c.d.c.web.AccountsTransferController     : Exception occurs

com.dws.challenge.exception.InsufficientBalanceException: Insufficient Balance in account Account123
	at com.dws.challenge.service.TransferService.transferAmount(TransferService.java:21) ~[main/:na]
	at com.dws.challenge.web.AccountsTransferController.transferAmount(AccountsTransferController.java:64) ~[main/:na]
	at com.dws.challenge.ConcurrentTransferTest.lambda$concurrentTransferTest$0(ConcurrentTransferTest.java:63) ~[test/:na]
	at java.base/java.util.concurrent.ThreadPoolExecutor.runWorker(ThreadPoolExecutor.java:1136) ~[na:na]
	at java.base/java.util.concurrent.ThreadPoolExecutor$Worker.run(ThreadPoolExecutor.java:635) ~[na:na]
	at java.base/java.lang.Thread.run(Thread.java:842) ~[na:na]

2024-02-22T18:23:40.675+05:30  INFO 11235 --- [ol-13-thread-17] c.dws.challenge.service.TransferService  : compareBalance -1 
2024-02-22T18:23:40.675+05:30  INFO 11235 --- [ol-13-thread-18] c.dws.challenge.service.TransferService  : compareBalance -1 
2024-02-22T18:23:40.675+05:30 ERROR 11235 --- [ol-13-thread-17] c.d.c.web.AccountsTransferController     : Exception occurs

com.dws.challenge.exception.InsufficientBalanceException: Insufficient Balance in account Account123
	at com.dws.challenge.service.TransferService.transferAmount(TransferService.java:21) ~[main/:na]
	at com.dws.challenge.web.AccountsTransferController.transferAmount(AccountsTransferController.java:64) ~[main/:na]
	at com.dws.challenge.ConcurrentTransferTest.lambda$concurrentTransferTest$0(ConcurrentTransferTest.java:63) ~[test/:na]
	at java.base/java.util.concurrent.ThreadPoolExecutor.runWorker(ThreadPoolExecutor.java:1136) ~[na:na]
	at java.base/java.util.concurrent.ThreadPoolExecutor$Worker.run(ThreadPoolExecutor.java:635) ~[na:na]
	at java.base/java.lang.Thread.run(Thread.java:842) ~[na:na]

2024-02-22T18:23:40.675+05:30  INFO 11235 --- [ol-13-thread-16] c.dws.challenge.service.TransferService  : compareBalance -1 
2024-02-22T18:23:40.675+05:30 ERROR 11235 --- [ol-13-thread-18] c.d.c.web.AccountsTransferController     : Exception occurs

com.dws.challenge.exception.InsufficientBalanceException: Insufficient Balance in account Account123
	at com.dws.challenge.service.TransferService.transferAmount(TransferService.java:21) ~[main/:na]
	at com.dws.challenge.web.AccountsTransferController.transferAmount(AccountsTransferController.java:64) ~[main/:na]
	at com.dws.challenge.ConcurrentTransferTest.lambda$concurrentTransferTest$0(ConcurrentTransferTest.java:63) ~[test/:na]
	at java.base/java.util.concurrent.ThreadPoolExecutor.runWorker(ThreadPoolExecutor.java:1136) ~[na:na]
	at java.base/java.util.concurrent.ThreadPoolExecutor$Worker.run(ThreadPoolExecutor.java:635) ~[na:na]
	at java.base/java.lang.Thread.run(Thread.java:842) ~[na:na]

2024-02-22T18:23:40.675+05:30  INFO 11235 --- [ol-13-thread-15] c.dws.challenge.service.TransferService  : compareBalance -1 
2024-02-22T18:23:40.675+05:30 ERROR 11235 --- [ol-13-thread-16] c.d.c.web.AccountsTransferController     : Exception occurs

com.dws.challenge.exception.InsufficientBalanceException: Insufficient Balance in account Account123
	at com.dws.challenge.service.TransferService.transferAmount(TransferService.java:21) ~[main/:na]
	at com.dws.challenge.web.AccountsTransferController.transferAmount(AccountsTransferController.java:64) ~[main/:na]
	at com.dws.challenge.ConcurrentTransferTest.lambda$concurrentTransferTest$0(ConcurrentTransferTest.java:63) ~[test/:na]
	at java.base/java.util.concurrent.ThreadPoolExecutor.runWorker(ThreadPoolExecutor.java:1136) ~[na:na]
	at java.base/java.util.concurrent.ThreadPoolExecutor$Worker.run(ThreadPoolExecutor.java:635) ~[na:na]
	at java.base/java.lang.Thread.run(Thread.java:842) ~[na:na]

2024-02-22T18:23:40.675+05:30  INFO 11235 --- [ol-13-thread-14] c.dws.challenge.service.TransferService  : compareBalance -1 
2024-02-22T18:23:40.675+05:30 ERROR 11235 --- [ol-13-thread-15] c.d.c.web.AccountsTransferController     : Exception occurs

com.dws.challenge.exception.InsufficientBalanceException: Insufficient Balance in account Account123
	at com.dws.challenge.service.TransferService.transferAmount(TransferService.java:21) ~[main/:na]
	at com.dws.challenge.web.AccountsTransferController.transferAmount(AccountsTransferController.java:64) ~[main/:na]
	at com.dws.challenge.ConcurrentTransferTest.lambda$concurrentTransferTest$0(ConcurrentTransferTest.java:63) ~[test/:na]
	at java.base/java.util.concurrent.ThreadPoolExecutor.runWorker(ThreadPoolExecutor.java:1136) ~[na:na]
	at java.base/java.util.concurrent.ThreadPoolExecutor$Worker.run(ThreadPoolExecutor.java:635) ~[na:na]
	at java.base/java.lang.Thread.run(Thread.java:842) ~[na:na]

2024-02-22T18:23:40.675+05:30  INFO 11235 --- [ol-13-thread-13] c.dws.challenge.service.TransferService  : compareBalance -1 
2024-02-22T18:23:40.675+05:30 ERROR 11235 --- [ol-13-thread-14] c.d.c.web.AccountsTransferController     : Exception occurs

com.dws.challenge.exception.InsufficientBalanceException: Insufficient Balance in account Account123
	at com.dws.challenge.service.TransferService.transferAmount(TransferService.java:21) ~[main/:na]
	at com.dws.challenge.web.AccountsTransferController.transferAmount(AccountsTransferController.java:64) ~[main/:na]
	at com.dws.challenge.ConcurrentTransferTest.lambda$concurrentTransferTest$0(ConcurrentTransferTest.java:63) ~[test/:na]
	at java.base/java.util.concurrent.ThreadPoolExecutor.runWorker(ThreadPoolExecutor.java:1136) ~[na:na]
	at java.base/java.util.concurrent.ThreadPoolExecutor$Worker.run(ThreadPoolExecutor.java:635) ~[na:na]
	at java.base/java.lang.Thread.run(Thread.java:842) ~[na:na]

2024-02-22T18:23:40.676+05:30  INFO 11235 --- [ol-13-thread-12] c.dws.challenge.service.TransferService  : compareBalance -1 
2024-02-22T18:23:40.676+05:30 ERROR 11235 --- [ol-13-thread-13] c.d.c.web.AccountsTransferController     : Exception occurs

com.dws.challenge.exception.InsufficientBalanceException: Insufficient Balance in account Account123
	at com.dws.challenge.service.TransferService.transferAmount(TransferService.java:21) ~[main/:na]
	at com.dws.challenge.web.AccountsTransferController.transferAmount(AccountsTransferController.java:64) ~[main/:na]
	at com.dws.challenge.ConcurrentTransferTest.lambda$concurrentTransferTest$0(ConcurrentTransferTest.java:63) ~[test/:na]
	at java.base/java.util.concurrent.ThreadPoolExecutor.runWorker(ThreadPoolExecutor.java:1136) ~[na:na]
	at java.base/java.util.concurrent.ThreadPoolExecutor$Worker.run(ThreadPoolExecutor.java:635) ~[na:na]
	at java.base/java.lang.Thread.run(Thread.java:842) ~[na:na]

2024-02-22T18:23:40.676+05:30  INFO 11235 --- [ol-13-thread-11] c.dws.challenge.service.TransferService  : compareBalance -1 
2024-02-22T18:23:40.676+05:30 ERROR 11235 --- [ol-13-thread-12] c.d.c.web.AccountsTransferController     : Exception occurs

com.dws.challenge.exception.InsufficientBalanceException: Insufficient Balance in account Account123
	at com.dws.challenge.service.TransferService.transferAmount(TransferService.java:21) ~[main/:na]
	at com.dws.challenge.web.AccountsTransferController.transferAmount(AccountsTransferController.java:64) ~[main/:na]
	at com.dws.challenge.ConcurrentTransferTest.lambda$concurrentTransferTest$0(ConcurrentTransferTest.java:63) ~[test/:na]
	at java.base/java.util.concurrent.ThreadPoolExecutor.runWorker(ThreadPoolExecutor.java:1136) ~[na:na]
	at java.base/java.util.concurrent.ThreadPoolExecutor$Worker.run(ThreadPoolExecutor.java:635) ~[na:na]
	at java.base/java.lang.Thread.run(Thread.java:842) ~[na:na]

2024-02-22T18:23:40.676+05:30  INFO 11235 --- [ool-13-thread-6] c.dws.challenge.service.TransferService  : compareBalance -1 
2024-02-22T18:23:40.676+05:30 ERROR 11235 --- [ol-13-thread-11] c.d.c.web.AccountsTransferController     : Exception occurs

com.dws.challenge.exception.InsufficientBalanceException: Insufficient Balance in account Account123
	at com.dws.challenge.service.TransferService.transferAmount(TransferService.java:21) ~[main/:na]
	at com.dws.challenge.web.AccountsTransferController.transferAmount(AccountsTransferController.java:64) ~[main/:na]
	at com.dws.challenge.ConcurrentTransferTest.lambda$concurrentTransferTest$0(ConcurrentTransferTest.java:63) ~[test/:na]
	at java.base/java.util.concurrent.ThreadPoolExecutor.runWorker(ThreadPoolExecutor.java:1136) ~[na:na]
	at java.base/java.util.concurrent.ThreadPoolExecutor$Worker.run(ThreadPoolExecutor.java:635) ~[na:na]
	at java.base/java.lang.Thread.run(Thread.java:842) ~[na:na]

2024-02-22T18:23:40.676+05:30  INFO 11235 --- [ol-13-thread-10] c.dws.challenge.service.TransferService  : compareBalance -1 
2024-02-22T18:23:40.676+05:30 ERROR 11235 --- [ool-13-thread-6] c.d.c.web.AccountsTransferController     : Exception occurs

com.dws.challenge.exception.InsufficientBalanceException: Insufficient Balance in account Account123
	at com.dws.challenge.service.TransferService.transferAmount(TransferService.java:21) ~[main/:na]
	at com.dws.challenge.web.AccountsTransferController.transferAmount(AccountsTransferController.java:64) ~[main/:na]
	at com.dws.challenge.ConcurrentTransferTest.lambda$concurrentTransferTest$0(ConcurrentTransferTest.java:63) ~[test/:na]
	at java.base/java.util.concurrent.ThreadPoolExecutor.runWorker(ThreadPoolExecutor.java:1136) ~[na:na]
	at java.base/java.util.concurrent.ThreadPoolExecutor$Worker.run(ThreadPoolExecutor.java:635) ~[na:na]
	at java.base/java.lang.Thread.run(Thread.java:842) ~[na:na]

2024-02-22T18:23:40.676+05:30  INFO 11235 --- [ool-13-thread-5] c.dws.challenge.service.TransferService  : compareBalance -1 
2024-02-22T18:23:40.676+05:30 ERROR 11235 --- [ol-13-thread-10] c.d.c.web.AccountsTransferController     : Exception occurs

com.dws.challenge.exception.InsufficientBalanceException: Insufficient Balance in account Account123
	at com.dws.challenge.service.TransferService.transferAmount(TransferService.java:21) ~[main/:na]
	at com.dws.challenge.web.AccountsTransferController.transferAmount(AccountsTransferController.java:64) ~[main/:na]
	at com.dws.challenge.ConcurrentTransferTest.lambda$concurrentTransferTest$0(ConcurrentTransferTest.java:63) ~[test/:na]
	at java.base/java.util.concurrent.ThreadPoolExecutor.runWorker(ThreadPoolExecutor.java:1136) ~[na:na]
	at java.base/java.util.concurrent.ThreadPoolExecutor$Worker.run(ThreadPoolExecutor.java:635) ~[na:na]
	at java.base/java.lang.Thread.run(Thread.java:842) ~[na:na]

2024-02-22T18:23:40.676+05:30  INFO 11235 --- [ool-13-thread-8] c.dws.challenge.service.TransferService  : compareBalance -1 
2024-02-22T18:23:40.676+05:30 ERROR 11235 --- [ool-13-thread-5] c.d.c.web.AccountsTransferController     : Exception occurs

com.dws.challenge.exception.InsufficientBalanceException: Insufficient Balance in account Account123
	at com.dws.challenge.service.TransferService.transferAmount(TransferService.java:21) ~[main/:na]
	at com.dws.challenge.web.AccountsTransferController.transferAmount(AccountsTransferController.java:64) ~[main/:na]
	at com.dws.challenge.ConcurrentTransferTest.lambda$concurrentTransferTest$0(ConcurrentTransferTest.java:63) ~[test/:na]
	at java.base/java.util.concurrent.ThreadPoolExecutor.runWorker(ThreadPoolExecutor.java:1136) ~[na:na]
	at java.base/java.util.concurrent.ThreadPoolExecutor$Worker.run(ThreadPoolExecutor.java:635) ~[na:na]
	at java.base/java.lang.Thread.run(Thread.java:842) ~[na:na]

2024-02-22T18:23:40.677+05:30  INFO 11235 --- [ol-13-thread-20] c.dws.challenge.service.TransferService  : compareBalance -1 
2024-02-22T18:23:40.677+05:30 ERROR 11235 --- [ool-13-thread-8] c.d.c.web.AccountsTransferController     : Exception occurs

com.dws.challenge.exception.InsufficientBalanceException: Insufficient Balance in account Account123
	at com.dws.challenge.service.TransferService.transferAmount(TransferService.java:21) ~[main/:na]
	at com.dws.challenge.web.AccountsTransferController.transferAmount(AccountsTransferController.java:64) ~[main/:na]
	at com.dws.challenge.ConcurrentTransferTest.lambda$concurrentTransferTest$0(ConcurrentTransferTest.java:63) ~[test/:na]
	at java.base/java.util.concurrent.ThreadPoolExecutor.runWorker(ThreadPoolExecutor.java:1136) ~[na:na]
	at java.base/java.util.concurrent.ThreadPoolExecutor$Worker.run(ThreadPoolExecutor.java:635) ~[na:na]
	at java.base/java.lang.Thread.run(Thread.java:842) ~[na:na]

2024-02-22T18:23:40.677+05:30  INFO 11235 --- [ool-13-thread-3] c.dws.challenge.service.TransferService  : compareBalance -1 
2024-02-22T18:23:40.677+05:30 ERROR 11235 --- [ol-13-thread-20] c.d.c.web.AccountsTransferController     : Exception occurs

com.dws.challenge.exception.InsufficientBalanceException: Insufficient Balance in account Account123
	at com.dws.challenge.service.TransferService.transferAmount(TransferService.java:21) ~[main/:na]
	at com.dws.challenge.web.AccountsTransferController.transferAmount(AccountsTransferController.java:64) ~[main/:na]
	at com.dws.challenge.ConcurrentTransferTest.lambda$concurrentTransferTest$0(ConcurrentTransferTest.java:63) ~[test/:na]
	at java.base/java.util.concurrent.ThreadPoolExecutor.runWorker(ThreadPoolExecutor.java:1136) ~[na:na]
	at java.base/java.util.concurrent.ThreadPoolExecutor$Worker.run(ThreadPoolExecutor.java:635) ~[na:na]
	at java.base/java.lang.Thread.run(Thread.java:842) ~[na:na]

2024-02-22T18:23:40.677+05:30 ERROR 11235 --- [ool-13-thread-3] c.d.c.web.AccountsTransferController     : Exception occurs

com.dws.challenge.exception.InsufficientBalanceException: Insufficient Balance in account Account123
	at com.dws.challenge.service.TransferService.transferAmount(TransferService.java:21) ~[main/:na]
	at com.dws.challenge.web.AccountsTransferController.transferAmount(AccountsTransferController.java:64) ~[main/:na]
	at com.dws.challenge.ConcurrentTransferTest.lambda$concurrentTransferTest$0(ConcurrentTransferTest.java:63) ~[test/:na]
	at java.base/java.util.concurrent.ThreadPoolExecutor.runWorker(ThreadPoolExecutor.java:1136) ~[na:na]
	at java.base/java.util.concurrent.ThreadPoolExecutor$Worker.run(ThreadPoolExecutor.java:635) ~[na:na]
	at java.base/java.lang.Thread.run(Thread.java:842) ~[na:na]

2024-02-22T18:23:40.677+05:30  INFO 11235 --- [ool-13-thread-7] c.dws.challenge.service.TransferService  : compareBalance -1 
2024-02-22T18:23:40.677+05:30  INFO 11235 --- [ool-13-thread-2] c.dws.challenge.service.TransferService  : compareBalance -1 
2024-02-22T18:23:40.677+05:30 ERROR 11235 --- [ool-13-thread-7] c.d.c.web.AccountsTransferController     : Exception occurs

com.dws.challenge.exception.InsufficientBalanceException: Insufficient Balance in account Account123
	at com.dws.challenge.service.TransferService.transferAmount(TransferService.java:21) ~[main/:na]
	at com.dws.challenge.web.AccountsTransferController.transferAmount(AccountsTransferController.java:64) ~[main/:na]
	at com.dws.challenge.ConcurrentTransferTest.lambda$concurrentTransferTest$0(ConcurrentTransferTest.java:63) ~[test/:na]
	at java.base/java.util.concurrent.ThreadPoolExecutor.runWorker(ThreadPoolExecutor.java:1136) ~[na:na]
	at java.base/java.util.concurrent.ThreadPoolExecutor$Worker.run(ThreadPoolExecutor.java:635) ~[na:na]
	at java.base/java.lang.Thread.run(Thread.java:842) ~[na:na]

2024-02-22T18:23:40.677+05:30 ERROR 11235 --- [ool-13-thread-2] c.d.c.web.AccountsTransferController     : Exception occurs

com.dws.challenge.exception.InsufficientBalanceException: Insufficient Balance in account Account123
	at com.dws.challenge.service.TransferService.transferAmount(TransferService.java:21) ~[main/:na]
	at com.dws.challenge.web.AccountsTransferController.transferAmount(AccountsTransferController.java:64) ~[main/:na]
	at com.dws.challenge.ConcurrentTransferTest.lambda$concurrentTransferTest$0(ConcurrentTransferTest.java:63) ~[test/:na]
	at java.base/java.util.concurrent.ThreadPoolExecutor.runWorker(ThreadPoolExecutor.java:1136) ~[na:na]
	at java.base/java.util.concurrent.ThreadPoolExecutor$Worker.run(ThreadPoolExecutor.java:635) ~[na:na]
	at java.base/java.lang.Thread.run(Thread.java:842) ~[na:na]

2024-02-22T18:23:40.677+05:30  INFO 11235 --- [ool-13-thread-4] c.dws.challenge.service.TransferService  : compareBalance -1 
2024-02-22T18:23:40.678+05:30  INFO 11235 --- [ool-13-thread-9] c.dws.challenge.service.TransferService  : compareBalance -1 
2024-02-22T18:23:40.678+05:30 ERROR 11235 --- [ool-13-thread-4] c.d.c.web.AccountsTransferController     : Exception occurs

com.dws.challenge.exception.InsufficientBalanceException: Insufficient Balance in account Account123
	at com.dws.challenge.service.TransferService.transferAmount(TransferService.java:21) ~[main/:na]
	at com.dws.challenge.web.AccountsTransferController.transferAmount(AccountsTransferController.java:64) ~[main/:na]
	at com.dws.challenge.ConcurrentTransferTest.lambda$concurrentTransferTest$0(ConcurrentTransferTest.java:63) ~[test/:na]
	at java.base/java.util.concurrent.ThreadPoolExecutor.runWorker(ThreadPoolExecutor.java:1136) ~[na:na]
	at java.base/java.util.concurrent.ThreadPoolExecutor$Worker.run(ThreadPoolExecutor.java:635) ~[na:na]
	at java.base/java.lang.Thread.run(Thread.java:842) ~[na:na]

2024-02-22T18:23:40.678+05:30 ERROR 11235 --- [ool-13-thread-9] c.d.c.web.AccountsTransferController     : Exception occurs

com.dws.challenge.exception.InsufficientBalanceException: Insufficient Balance in account Account123
	at com.dws.challenge.service.TransferService.transferAmount(TransferService.java:21) ~[main/:na]
	at com.dws.challenge.web.AccountsTransferController.transferAmount(AccountsTransferController.java:64) ~[main/:na]
	at com.dws.challenge.ConcurrentTransferTest.lambda$concurrentTransferTest$0(ConcurrentTransferTest.java:63) ~[test/:na]
	at java.base/java.util.concurrent.ThreadPoolExecutor.runWorker(ThreadPoolExecutor.java:1136) ~[na:na]
	at java.base/java.util.concurrent.ThreadPoolExecutor$Worker.run(ThreadPoolExecutor.java:635) ~[na:na]
	at java.base/java.lang.Thread.run(Thread.java:842) ~[na:na]

2024-02-22T18:23:40.684+05:30  INFO 11235 --- [ool-14-thread-2] c.d.c.web.AccountsTransferController     : Transfer Amount  Transfer(accountFrom=Account123, accountTo=Account124, amount=1000)
2024-02-22T18:23:40.684+05:30  INFO 11235 --- [ool-14-thread-8] c.d.c.web.AccountsTransferController     : Transfer Amount  Transfer(accountFrom=Account123, accountTo=Account124, amount=1000)
2024-02-22T18:23:40.684+05:30  INFO 11235 --- [ol-14-thread-19] c.d.c.web.AccountsTransferController     : Transfer Amount  Transfer(accountFrom=Account123, accountTo=Account124, amount=1000)
2024-02-22T18:23:40.684+05:30  INFO 11235 --- [ool-14-thread-9] c.d.c.web.AccountsTransferController     : Transfer Amount  Transfer(accountFrom=Account123, accountTo=Account124, amount=1000)
2024-02-22T18:23:40.684+05:30  INFO 11235 --- [ool-14-thread-5] c.d.c.web.AccountsTransferController     : Transfer Amount  Transfer(accountFrom=Account123, accountTo=Account124, amount=1000)
2024-02-22T18:23:40.684+05:30  INFO 11235 --- [ol-14-thread-20] c.d.c.web.AccountsTransferController     : Transfer Amount  Transfer(accountFrom=Account123, accountTo=Account124, amount=1000)
2024-02-22T18:23:40.684+05:30  INFO 11235 --- [ool-14-thread-7] c.d.c.web.AccountsTransferController     : Transfer Amount  Transfer(accountFrom=Account123, accountTo=Account124, amount=1000)
2024-02-22T18:23:40.684+05:30  INFO 11235 --- [ool-14-thread-6] c.d.c.web.AccountsTransferController     : Transfer Amount  Transfer(accountFrom=Account123, accountTo=Account124, amount=1000)
2024-02-22T18:23:40.684+05:30  INFO 11235 --- [ool-14-thread-4] c.d.c.web.AccountsTransferController     : Transfer Amount  Transfer(accountFrom=Account123, accountTo=Account124, amount=1000)
2024-02-22T18:23:40.684+05:30  INFO 11235 --- [ool-14-thread-1] c.d.c.web.AccountsTransferController     : Transfer Amount  Transfer(accountFrom=Account123, accountTo=Account124, amount=1000)
2024-02-22T18:23:40.684+05:30  INFO 11235 --- [ool-14-thread-3] c.d.c.web.AccountsTransferController     : Transfer Amount  Transfer(accountFrom=Account123, accountTo=Account124, amount=1000)
2024-02-22T18:23:40.684+05:30  INFO 11235 --- [ol-14-thread-10] c.d.c.web.AccountsTransferController     : Transfer Amount  Transfer(accountFrom=Account123, accountTo=Account124, amount=1000)
2024-02-22T18:23:40.684+05:30  INFO 11235 --- [ol-14-thread-11] c.d.c.web.AccountsTransferController     : Transfer Amount  Transfer(accountFrom=Account123, accountTo=Account124, amount=1000)
2024-02-22T18:23:40.684+05:30  INFO 11235 --- [ol-14-thread-12] c.d.c.web.AccountsTransferController     : Transfer Amount  Transfer(accountFrom=Account123, accountTo=Account124, amount=1000)
2024-02-22T18:23:40.684+05:30  INFO 11235 --- [ol-14-thread-13] c.d.c.web.AccountsTransferController     : Transfer Amount  Transfer(accountFrom=Account123, accountTo=Account124, amount=1000)
2024-02-22T18:23:40.684+05:30  INFO 11235 --- [ol-14-thread-14] c.d.c.web.AccountsTransferController     : Transfer Amount  Transfer(accountFrom=Account123, accountTo=Account124, amount=1000)
2024-02-22T18:23:40.684+05:30  INFO 11235 --- [ol-14-thread-15] c.d.c.web.AccountsTransferController     : Transfer Amount  Transfer(accountFrom=Account123, accountTo=Account124, amount=1000)
2024-02-22T18:23:40.684+05:30  INFO 11235 --- [ol-14-thread-16] c.d.c.web.AccountsTransferController     : Transfer Amount  Transfer(accountFrom=Account123, accountTo=Account124, amount=1000)
2024-02-22T18:23:40.684+05:30  INFO 11235 --- [ool-14-thread-2] c.dws.challenge.service.TransferService  : compareBalance 0 
2024-02-22T18:23:40.684+05:30  INFO 11235 --- [ol-14-thread-17] c.d.c.web.AccountsTransferController     : Transfer Amount  Transfer(accountFrom=Account123, accountTo=Account124, amount=1000)
2024-02-22T18:23:40.684+05:30  INFO 11235 --- [ol-14-thread-18] c.d.c.web.AccountsTransferController     : Transfer Amount  Transfer(accountFrom=Account123, accountTo=Account124, amount=1000)
2024-02-22T18:23:40.685+05:30  INFO 11235 --- [ool-14-thread-2] c.d.c.service.EmailNotificationService   : Sending notification to owner of Account123: 1000 has been debited and transferred to account Account124
2024-02-22T18:23:40.686+05:30  INFO 11235 --- [ool-14-thread-2] c.d.c.service.EmailNotificationService   : Sending notification to owner of Account124: 1000 has been credited to your account from account Account123
2024-02-22T18:23:40.686+05:30  INFO 11235 --- [ool-14-thread-2] c.d.c.web.AccountsTransferController     : notification sent successfully
2024-02-22T18:23:40.686+05:30  INFO 11235 --- [ol-14-thread-18] c.dws.challenge.service.TransferService  : compareBalance -1 
2024-02-22T18:23:40.686+05:30  INFO 11235 --- [ol-14-thread-17] c.dws.challenge.service.TransferService  : compareBalance -1 
2024-02-22T18:23:40.686+05:30  INFO 11235 --- [ol-14-thread-16] c.dws.challenge.service.TransferService  : compareBalance -1 
2024-02-22T18:23:40.686+05:30 ERROR 11235 --- [ol-14-thread-18] c.d.c.web.AccountsTransferController     : Exception occurs

com.dws.challenge.exception.InsufficientBalanceException: Insufficient Balance in account Account123
	at com.dws.challenge.service.TransferService.transferAmount(TransferService.java:21) ~[main/:na]
	at com.dws.challenge.web.AccountsTransferController.transferAmount(AccountsTransferController.java:64) ~[main/:na]
	at com.dws.challenge.ConcurrentTransferTest.lambda$concurrentTransferTest$0(ConcurrentTransferTest.java:63) ~[test/:na]
	at java.base/java.util.concurrent.ThreadPoolExecutor.runWorker(ThreadPoolExecutor.java:1136) ~[na:na]
	at java.base/java.util.concurrent.ThreadPoolExecutor$Worker.run(ThreadPoolExecutor.java:635) ~[na:na]
	at java.base/java.lang.Thread.run(Thread.java:842) ~[na:na]

2024-02-22T18:23:40.686+05:30 ERROR 11235 --- [ol-14-thread-16] c.d.c.web.AccountsTransferController     : Exception occurs

com.dws.challenge.exception.InsufficientBalanceException: Insufficient Balance in account Account123
	at com.dws.challenge.service.TransferService.transferAmount(TransferService.java:21) ~[main/:na]
	at com.dws.challenge.web.AccountsTransferController.transferAmount(AccountsTransferController.java:64) ~[main/:na]
	at com.dws.challenge.ConcurrentTransferTest.lambda$concurrentTransferTest$0(ConcurrentTransferTest.java:63) ~[test/:na]
	at java.base/java.util.concurrent.ThreadPoolExecutor.runWorker(ThreadPoolExecutor.java:1136) ~[na:na]
	at java.base/java.util.concurrent.ThreadPoolExecutor$Worker.run(ThreadPoolExecutor.java:635) ~[na:na]
	at java.base/java.lang.Thread.run(Thread.java:842) ~[na:na]

2024-02-22T18:23:40.686+05:30 ERROR 11235 --- [ol-14-thread-17] c.d.c.web.AccountsTransferController     : Exception occurs

com.dws.challenge.exception.InsufficientBalanceException: Insufficient Balance in account Account123
	at com.dws.challenge.service.TransferService.transferAmount(TransferService.java:21) ~[main/:na]
	at com.dws.challenge.web.AccountsTransferController.transferAmount(AccountsTransferController.java:64) ~[main/:na]
	at com.dws.challenge.ConcurrentTransferTest.lambda$concurrentTransferTest$0(ConcurrentTransferTest.java:63) ~[test/:na]
	at java.base/java.util.concurrent.ThreadPoolExecutor.runWorker(ThreadPoolExecutor.java:1136) ~[na:na]
	at java.base/java.util.concurrent.ThreadPoolExecutor$Worker.run(ThreadPoolExecutor.java:635) ~[na:na]
	at java.base/java.lang.Thread.run(Thread.java:842) ~[na:na]

2024-02-22T18:23:40.686+05:30  INFO 11235 --- [ol-14-thread-15] c.dws.challenge.service.TransferService  : compareBalance -1 
2024-02-22T18:23:40.686+05:30  INFO 11235 --- [ol-14-thread-14] c.dws.challenge.service.TransferService  : compareBalance -1 
2024-02-22T18:23:40.686+05:30 ERROR 11235 --- [ol-14-thread-15] c.d.c.web.AccountsTransferController     : Exception occurs

com.dws.challenge.exception.InsufficientBalanceException: Insufficient Balance in account Account123
	at com.dws.challenge.service.TransferService.transferAmount(TransferService.java:21) ~[main/:na]
	at com.dws.challenge.web.AccountsTransferController.transferAmount(AccountsTransferController.java:64) ~[main/:na]
	at com.dws.challenge.ConcurrentTransferTest.lambda$concurrentTransferTest$0(ConcurrentTransferTest.java:63) ~[test/:na]
	at java.base/java.util.concurrent.ThreadPoolExecutor.runWorker(ThreadPoolExecutor.java:1136) ~[na:na]
	at java.base/java.util.concurrent.ThreadPoolExecutor$Worker.run(ThreadPoolExecutor.java:635) ~[na:na]
	at java.base/java.lang.Thread.run(Thread.java:842) ~[na:na]

2024-02-22T18:23:40.687+05:30  INFO 11235 --- [ol-14-thread-13] c.dws.challenge.service.TransferService  : compareBalance -1 
2024-02-22T18:23:40.686+05:30 ERROR 11235 --- [ol-14-thread-14] c.d.c.web.AccountsTransferController     : Exception occurs

com.dws.challenge.exception.InsufficientBalanceException: Insufficient Balance in account Account123
	at com.dws.challenge.service.TransferService.transferAmount(TransferService.java:21) ~[main/:na]
	at com.dws.challenge.web.AccountsTransferController.transferAmount(AccountsTransferController.java:64) ~[main/:na]
	at com.dws.challenge.ConcurrentTransferTest.lambda$concurrentTransferTest$0(ConcurrentTransferTest.java:63) ~[test/:na]
	at java.base/java.util.concurrent.ThreadPoolExecutor.runWorker(ThreadPoolExecutor.java:1136) ~[na:na]
	at java.base/java.util.concurrent.ThreadPoolExecutor$Worker.run(ThreadPoolExecutor.java:635) ~[na:na]
	at java.base/java.lang.Thread.run(Thread.java:842) ~[na:na]

2024-02-22T18:23:40.687+05:30  INFO 11235 --- [ol-14-thread-12] c.dws.challenge.service.TransferService  : compareBalance -1 
2024-02-22T18:23:40.687+05:30 ERROR 11235 --- [ol-14-thread-13] c.d.c.web.AccountsTransferController     : Exception occurs

com.dws.challenge.exception.InsufficientBalanceException: Insufficient Balance in account Account123
	at com.dws.challenge.service.TransferService.transferAmount(TransferService.java:21) ~[main/:na]
	at com.dws.challenge.web.AccountsTransferController.transferAmount(AccountsTransferController.java:64) ~[main/:na]
	at com.dws.challenge.ConcurrentTransferTest.lambda$concurrentTransferTest$0(ConcurrentTransferTest.java:63) ~[test/:na]
	at java.base/java.util.concurrent.ThreadPoolExecutor.runWorker(ThreadPoolExecutor.java:1136) ~[na:na]
	at java.base/java.util.concurrent.ThreadPoolExecutor$Worker.run(ThreadPoolExecutor.java:635) ~[na:na]
	at java.base/java.lang.Thread.run(Thread.java:842) ~[na:na]

2024-02-22T18:23:40.687+05:30 ERROR 11235 --- [ol-14-thread-12] c.d.c.web.AccountsTransferController     : Exception occurs

com.dws.challenge.exception.InsufficientBalanceException: Insufficient Balance in account Account123
	at com.dws.challenge.service.TransferService.transferAmount(TransferService.java:21) ~[main/:na]
	at com.dws.challenge.web.AccountsTransferController.transferAmount(AccountsTransferController.java:64) ~[main/:na]
	at com.dws.challenge.ConcurrentTransferTest.lambda$concurrentTransferTest$0(ConcurrentTransferTest.java:63) ~[test/:na]
	at java.base/java.util.concurrent.ThreadPoolExecutor.runWorker(ThreadPoolExecutor.java:1136) ~[na:na]
	at java.base/java.util.concurrent.ThreadPoolExecutor$Worker.run(ThreadPoolExecutor.java:635) ~[na:na]
	at java.base/java.lang.Thread.run(Thread.java:842) ~[na:na]

2024-02-22T18:23:40.687+05:30  INFO 11235 --- [ol-14-thread-11] c.dws.challenge.service.TransferService  : compareBalance -1 
2024-02-22T18:23:40.687+05:30  INFO 11235 --- [ol-14-thread-10] c.dws.challenge.service.TransferService  : compareBalance -1 
2024-02-22T18:23:40.687+05:30 ERROR 11235 --- [ol-14-thread-11] c.d.c.web.AccountsTransferController     : Exception occurs

com.dws.challenge.exception.InsufficientBalanceException: Insufficient Balance in account Account123
	at com.dws.challenge.service.TransferService.transferAmount(TransferService.java:21) ~[main/:na]
	at com.dws.challenge.web.AccountsTransferController.transferAmount(AccountsTransferController.java:64) ~[main/:na]
	at com.dws.challenge.ConcurrentTransferTest.lambda$concurrentTransferTest$0(ConcurrentTransferTest.java:63) ~[test/:na]
	at java.base/java.util.concurrent.ThreadPoolExecutor.runWorker(ThreadPoolExecutor.java:1136) ~[na:na]
	at java.base/java.util.concurrent.ThreadPoolExecutor$Worker.run(ThreadPoolExecutor.java:635) ~[na:na]
	at java.base/java.lang.Thread.run(Thread.java:842) ~[na:na]

2024-02-22T18:23:40.687+05:30 ERROR 11235 --- [ol-14-thread-10] c.d.c.web.AccountsTransferController     : Exception occurs

com.dws.challenge.exception.InsufficientBalanceException: Insufficient Balance in account Account123
	at com.dws.challenge.service.TransferService.transferAmount(TransferService.java:21) ~[main/:na]
	at com.dws.challenge.web.AccountsTransferController.transferAmount(AccountsTransferController.java:64) ~[main/:na]
	at com.dws.challenge.ConcurrentTransferTest.lambda$concurrentTransferTest$0(ConcurrentTransferTest.java:63) ~[test/:na]
	at java.base/java.util.concurrent.ThreadPoolExecutor.runWorker(ThreadPoolExecutor.java:1136) ~[na:na]
	at java.base/java.util.concurrent.ThreadPoolExecutor$Worker.run(ThreadPoolExecutor.java:635) ~[na:na]
	at java.base/java.lang.Thread.run(Thread.java:842) ~[na:na]

2024-02-22T18:23:40.687+05:30  INFO 11235 --- [ool-14-thread-3] c.dws.challenge.service.TransferService  : compareBalance -1 
2024-02-22T18:23:40.687+05:30  INFO 11235 --- [ool-14-thread-1] c.dws.challenge.service.TransferService  : compareBalance -1 
2024-02-22T18:23:40.687+05:30 ERROR 11235 --- [ool-14-thread-3] c.d.c.web.AccountsTransferController     : Exception occurs

com.dws.challenge.exception.InsufficientBalanceException: Insufficient Balance in account Account123
	at com.dws.challenge.service.TransferService.transferAmount(TransferService.java:21) ~[main/:na]
	at com.dws.challenge.web.AccountsTransferController.transferAmount(AccountsTransferController.java:64) ~[main/:na]
	at com.dws.challenge.ConcurrentTransferTest.lambda$concurrentTransferTest$0(ConcurrentTransferTest.java:63) ~[test/:na]
	at java.base/java.util.concurrent.ThreadPoolExecutor.runWorker(ThreadPoolExecutor.java:1136) ~[na:na]
	at java.base/java.util.concurrent.ThreadPoolExecutor$Worker.run(ThreadPoolExecutor.java:635) ~[na:na]
	at java.base/java.lang.Thread.run(Thread.java:842) ~[na:na]

2024-02-22T18:23:40.688+05:30 ERROR 11235 --- [ool-14-thread-1] c.d.c.web.AccountsTransferController     : Exception occurs

com.dws.challenge.exception.InsufficientBalanceException: Insufficient Balance in account Account123
	at com.dws.challenge.service.TransferService.transferAmount(TransferService.java:21) ~[main/:na]
	at com.dws.challenge.web.AccountsTransferController.transferAmount(AccountsTransferController.java:64) ~[main/:na]
	at com.dws.challenge.ConcurrentTransferTest.lambda$concurrentTransferTest$0(ConcurrentTransferTest.java:63) ~[test/:na]
	at java.base/java.util.concurrent.ThreadPoolExecutor.runWorker(ThreadPoolExecutor.java:1136) ~[na:na]
	at java.base/java.util.concurrent.ThreadPoolExecutor$Worker.run(ThreadPoolExecutor.java:635) ~[na:na]
	at java.base/java.lang.Thread.run(Thread.java:842) ~[na:na]

2024-02-22T18:23:40.688+05:30  INFO 11235 --- [ool-14-thread-4] c.dws.challenge.service.TransferService  : compareBalance -1 
2024-02-22T18:23:40.688+05:30  INFO 11235 --- [ool-14-thread-6] c.dws.challenge.service.TransferService  : compareBalance -1 
2024-02-22T18:23:40.688+05:30 ERROR 11235 --- [ool-14-thread-4] c.d.c.web.AccountsTransferController     : Exception occurs

com.dws.challenge.exception.InsufficientBalanceException: Insufficient Balance in account Account123
	at com.dws.challenge.service.TransferService.transferAmount(TransferService.java:21) ~[main/:na]
	at com.dws.challenge.web.AccountsTransferController.transferAmount(AccountsTransferController.java:64) ~[main/:na]
	at com.dws.challenge.ConcurrentTransferTest.lambda$concurrentTransferTest$0(ConcurrentTransferTest.java:63) ~[test/:na]
	at java.base/java.util.concurrent.ThreadPoolExecutor.runWorker(ThreadPoolExecutor.java:1136) ~[na:na]
	at java.base/java.util.concurrent.ThreadPoolExecutor$Worker.run(ThreadPoolExecutor.java:635) ~[na:na]
	at java.base/java.lang.Thread.run(Thread.java:842) ~[na:na]

2024-02-22T18:23:40.688+05:30 ERROR 11235 --- [ool-14-thread-6] c.d.c.web.AccountsTransferController     : Exception occurs

com.dws.challenge.exception.InsufficientBalanceException: Insufficient Balance in account Account123
	at com.dws.challenge.service.TransferService.transferAmount(TransferService.java:21) ~[main/:na]
	at com.dws.challenge.web.AccountsTransferController.transferAmount(AccountsTransferController.java:64) ~[main/:na]
	at com.dws.challenge.ConcurrentTransferTest.lambda$concurrentTransferTest$0(ConcurrentTransferTest.java:63) ~[test/:na]
	at java.base/java.util.concurrent.ThreadPoolExecutor.runWorker(ThreadPoolExecutor.java:1136) ~[na:na]
	at java.base/java.util.concurrent.ThreadPoolExecutor$Worker.run(ThreadPoolExecutor.java:635) ~[na:na]
	at java.base/java.lang.Thread.run(Thread.java:842) ~[na:na]

2024-02-22T18:23:40.688+05:30  INFO 11235 --- [ool-14-thread-7] c.dws.challenge.service.TransferService  : compareBalance -1 
2024-02-22T18:23:40.688+05:30  INFO 11235 --- [ol-14-thread-20] c.dws.challenge.service.TransferService  : compareBalance -1 
2024-02-22T18:23:40.688+05:30  INFO 11235 --- [ool-14-thread-5] c.dws.challenge.service.TransferService  : compareBalance -1 
2024-02-22T18:23:40.688+05:30 ERROR 11235 --- [ool-14-thread-7] c.d.c.web.AccountsTransferController     : Exception occurs

com.dws.challenge.exception.InsufficientBalanceException: Insufficient Balance in account Account123
	at com.dws.challenge.service.TransferService.transferAmount(TransferService.java:21) ~[main/:na]
	at com.dws.challenge.web.AccountsTransferController.transferAmount(AccountsTransferController.java:64) ~[main/:na]
	at com.dws.challenge.ConcurrentTransferTest.lambda$concurrentTransferTest$0(ConcurrentTransferTest.java:63) ~[test/:na]
	at java.base/java.util.concurrent.ThreadPoolExecutor.runWorker(ThreadPoolExecutor.java:1136) ~[na:na]
	at java.base/java.util.concurrent.ThreadPoolExecutor$Worker.run(ThreadPoolExecutor.java:635) ~[na:na]
	at java.base/java.lang.Thread.run(Thread.java:842) ~[na:na]

2024-02-22T18:23:40.688+05:30 ERROR 11235 --- [ol-14-thread-20] c.d.c.web.AccountsTransferController     : Exception occurs

com.dws.challenge.exception.InsufficientBalanceException: Insufficient Balance in account Account123
	at com.dws.challenge.service.TransferService.transferAmount(TransferService.java:21) ~[main/:na]
	at com.dws.challenge.web.AccountsTransferController.transferAmount(AccountsTransferController.java:64) ~[main/:na]
	at com.dws.challenge.ConcurrentTransferTest.lambda$concurrentTransferTest$0(ConcurrentTransferTest.java:63) ~[test/:na]
	at java.base/java.util.concurrent.ThreadPoolExecutor.runWorker(ThreadPoolExecutor.java:1136) ~[na:na]
	at java.base/java.util.concurrent.ThreadPoolExecutor$Worker.run(ThreadPoolExecutor.java:635) ~[na:na]
	at java.base/java.lang.Thread.run(Thread.java:842) ~[na:na]

2024-02-22T18:23:40.688+05:30  INFO 11235 --- [ool-14-thread-9] c.dws.challenge.service.TransferService  : compareBalance -1 
2024-02-22T18:23:40.688+05:30 ERROR 11235 --- [ool-14-thread-5] c.d.c.web.AccountsTransferController     : Exception occurs

com.dws.challenge.exception.InsufficientBalanceException: Insufficient Balance in account Account123
	at com.dws.challenge.service.TransferService.transferAmount(TransferService.java:21) ~[main/:na]
	at com.dws.challenge.web.AccountsTransferController.transferAmount(AccountsTransferController.java:64) ~[main/:na]
	at com.dws.challenge.ConcurrentTransferTest.lambda$concurrentTransferTest$0(ConcurrentTransferTest.java:63) ~[test/:na]
	at java.base/java.util.concurrent.ThreadPoolExecutor.runWorker(ThreadPoolExecutor.java:1136) ~[na:na]
	at java.base/java.util.concurrent.ThreadPoolExecutor$Worker.run(ThreadPoolExecutor.java:635) ~[na:na]
	at java.base/java.lang.Thread.run(Thread.java:842) ~[na:na]

2024-02-22T18:23:40.689+05:30  INFO 11235 --- [ol-14-thread-19] c.dws.challenge.service.TransferService  : compareBalance -1 
2024-02-22T18:23:40.689+05:30  INFO 11235 --- [ool-14-thread-8] c.dws.challenge.service.TransferService  : compareBalance -1 
2024-02-22T18:23:40.689+05:30 ERROR 11235 --- [ool-14-thread-9] c.d.c.web.AccountsTransferController     : Exception occurs

com.dws.challenge.exception.InsufficientBalanceException: Insufficient Balance in account Account123
	at com.dws.challenge.service.TransferService.transferAmount(TransferService.java:21) ~[main/:na]
	at com.dws.challenge.web.AccountsTransferController.transferAmount(AccountsTransferController.java:64) ~[main/:na]
	at com.dws.challenge.ConcurrentTransferTest.lambda$concurrentTransferTest$0(ConcurrentTransferTest.java:63) ~[test/:na]
	at java.base/java.util.concurrent.ThreadPoolExecutor.runWorker(ThreadPoolExecutor.java:1136) ~[na:na]
	at java.base/java.util.concurrent.ThreadPoolExecutor$Worker.run(ThreadPoolExecutor.java:635) ~[na:na]
	at java.base/java.lang.Thread.run(Thread.java:842) ~[na:na]

2024-02-22T18:23:40.689+05:30 ERROR 11235 --- [ol-14-thread-19] c.d.c.web.AccountsTransferController     : Exception occurs

com.dws.challenge.exception.InsufficientBalanceException: Insufficient Balance in account Account123
	at com.dws.challenge.service.TransferService.transferAmount(TransferService.java:21) ~[main/:na]
	at com.dws.challenge.web.AccountsTransferController.transferAmount(AccountsTransferController.java:64) ~[main/:na]
	at com.dws.challenge.ConcurrentTransferTest.lambda$concurrentTransferTest$0(ConcurrentTransferTest.java:63) ~[test/:na]
	at java.base/java.util.concurrent.ThreadPoolExecutor.runWorker(ThreadPoolExecutor.java:1136) ~[na:na]
	at java.base/java.util.concurrent.ThreadPoolExecutor$Worker.run(ThreadPoolExecutor.java:635) ~[na:na]
	at java.base/java.lang.Thread.run(Thread.java:842) ~[na:na]

2024-02-22T18:23:40.689+05:30 ERROR 11235 --- [ool-14-thread-8] c.d.c.web.AccountsTransferController     : Exception occurs

com.dws.challenge.exception.InsufficientBalanceException: Insufficient Balance in account Account123
	at com.dws.challenge.service.TransferService.transferAmount(TransferService.java:21) ~[main/:na]
	at com.dws.challenge.web.AccountsTransferController.transferAmount(AccountsTransferController.java:64) ~[main/:na]
	at com.dws.challenge.ConcurrentTransferTest.lambda$concurrentTransferTest$0(ConcurrentTransferTest.java:63) ~[test/:na]
	at java.base/java.util.concurrent.ThreadPoolExecutor.runWorker(ThreadPoolExecutor.java:1136) ~[na:na]
	at java.base/java.util.concurrent.ThreadPoolExecutor$Worker.run(ThreadPoolExecutor.java:635) ~[na:na]
	at java.base/java.lang.Thread.run(Thread.java:842) ~[na:na]

2024-02-22T18:23:40.695+05:30  INFO 11235 --- [ool-15-thread-1] c.d.c.web.AccountsTransferController     : Transfer Amount  Transfer(accountFrom=Account123, accountTo=Account124, amount=1000)
2024-02-22T18:23:40.695+05:30  INFO 11235 --- [ol-15-thread-11] c.d.c.web.AccountsTransferController     : Transfer Amount  Transfer(accountFrom=Account123, accountTo=Account124, amount=1000)
2024-02-22T18:23:40.695+05:30  INFO 11235 --- [ool-15-thread-2] c.d.c.web.AccountsTransferController     : Transfer Amount  Transfer(accountFrom=Account123, accountTo=Account124, amount=1000)
2024-02-22T18:23:40.695+05:30  INFO 11235 --- [ol-15-thread-20] c.d.c.web.AccountsTransferController     : Transfer Amount  Transfer(accountFrom=Account123, accountTo=Account124, amount=1000)
2024-02-22T18:23:40.695+05:30  INFO 11235 --- [ool-15-thread-6] c.d.c.web.AccountsTransferController     : Transfer Amount  Transfer(accountFrom=Account123, accountTo=Account124, amount=1000)
2024-02-22T18:23:40.695+05:30  INFO 11235 --- [ool-15-thread-4] c.d.c.web.AccountsTransferController     : Transfer Amount  Transfer(accountFrom=Account123, accountTo=Account124, amount=1000)
2024-02-22T18:23:40.695+05:30  INFO 11235 --- [ool-15-thread-5] c.d.c.web.AccountsTransferController     : Transfer Amount  Transfer(accountFrom=Account123, accountTo=Account124, amount=1000)
2024-02-22T18:23:40.695+05:30  INFO 11235 --- [ool-15-thread-3] c.d.c.web.AccountsTransferController     : Transfer Amount  Transfer(accountFrom=Account123, accountTo=Account124, amount=1000)
2024-02-22T18:23:40.695+05:30  INFO 11235 --- [ool-15-thread-7] c.d.c.web.AccountsTransferController     : Transfer Amount  Transfer(accountFrom=Account123, accountTo=Account124, amount=1000)
2024-02-22T18:23:40.695+05:30  INFO 11235 --- [ool-15-thread-8] c.d.c.web.AccountsTransferController     : Transfer Amount  Transfer(accountFrom=Account123, accountTo=Account124, amount=1000)
2024-02-22T18:23:40.695+05:30  INFO 11235 --- [ool-15-thread-9] c.d.c.web.AccountsTransferController     : Transfer Amount  Transfer(accountFrom=Account123, accountTo=Account124, amount=1000)
2024-02-22T18:23:40.695+05:30  INFO 11235 --- [ol-15-thread-10] c.d.c.web.AccountsTransferController     : Transfer Amount  Transfer(accountFrom=Account123, accountTo=Account124, amount=1000)
2024-02-22T18:23:40.695+05:30  INFO 11235 --- [ol-15-thread-12] c.d.c.web.AccountsTransferController     : Transfer Amount  Transfer(accountFrom=Account123, accountTo=Account124, amount=1000)
2024-02-22T18:23:40.695+05:30  INFO 11235 --- [ool-15-thread-1] c.dws.challenge.service.TransferService  : compareBalance 0 
2024-02-22T18:23:40.695+05:30  INFO 11235 --- [ol-15-thread-14] c.d.c.web.AccountsTransferController     : Transfer Amount  Transfer(accountFrom=Account123, accountTo=Account124, amount=1000)
2024-02-22T18:23:40.696+05:30  INFO 11235 --- [ool-15-thread-1] c.d.c.service.EmailNotificationService   : Sending notification to owner of Account123: 1000 has been debited and transferred to account Account124
2024-02-22T18:23:40.695+05:30  INFO 11235 --- [ol-15-thread-15] c.d.c.web.AccountsTransferController     : Transfer Amount  Transfer(accountFrom=Account123, accountTo=Account124, amount=1000)
2024-02-22T18:23:40.695+05:30  INFO 11235 --- [ol-15-thread-13] c.d.c.web.AccountsTransferController     : Transfer Amount  Transfer(accountFrom=Account123, accountTo=Account124, amount=1000)
2024-02-22T18:23:40.695+05:30  INFO 11235 --- [ol-15-thread-16] c.d.c.web.AccountsTransferController     : Transfer Amount  Transfer(accountFrom=Account123, accountTo=Account124, amount=1000)
2024-02-22T18:23:40.695+05:30  INFO 11235 --- [ol-15-thread-17] c.d.c.web.AccountsTransferController     : Transfer Amount  Transfer(accountFrom=Account123, accountTo=Account124, amount=1000)
2024-02-22T18:23:40.695+05:30  INFO 11235 --- [ol-15-thread-18] c.d.c.web.AccountsTransferController     : Transfer Amount  Transfer(accountFrom=Account123, accountTo=Account124, amount=1000)
2024-02-22T18:23:40.695+05:30  INFO 11235 --- [ol-15-thread-19] c.d.c.web.AccountsTransferController     : Transfer Amount  Transfer(accountFrom=Account123, accountTo=Account124, amount=1000)
2024-02-22T18:23:40.696+05:30  INFO 11235 --- [ool-15-thread-1] c.d.c.service.EmailNotificationService   : Sending notification to owner of Account124: 1000 has been credited to your account from account Account123
2024-02-22T18:23:40.696+05:30  INFO 11235 --- [ool-15-thread-1] c.d.c.web.AccountsTransferController     : notification sent successfully
2024-02-22T18:23:40.696+05:30  INFO 11235 --- [ol-15-thread-19] c.dws.challenge.service.TransferService  : compareBalance -1 
2024-02-22T18:23:40.696+05:30  INFO 11235 --- [ol-15-thread-18] c.dws.challenge.service.TransferService  : compareBalance -1 
2024-02-22T18:23:40.696+05:30  INFO 11235 --- [ol-15-thread-17] c.dws.challenge.service.TransferService  : compareBalance -1 
2024-02-22T18:23:40.696+05:30 ERROR 11235 --- [ol-15-thread-19] c.d.c.web.AccountsTransferController     : Exception occurs

com.dws.challenge.exception.InsufficientBalanceException: Insufficient Balance in account Account123
	at com.dws.challenge.service.TransferService.transferAmount(TransferService.java:21) ~[main/:na]
	at com.dws.challenge.web.AccountsTransferController.transferAmount(AccountsTransferController.java:64) ~[main/:na]
	at com.dws.challenge.ConcurrentTransferTest.lambda$concurrentTransferTest$0(ConcurrentTransferTest.java:63) ~[test/:na]
	at java.base/java.util.concurrent.ThreadPoolExecutor.runWorker(ThreadPoolExecutor.java:1136) ~[na:na]
	at java.base/java.util.concurrent.ThreadPoolExecutor$Worker.run(ThreadPoolExecutor.java:635) ~[na:na]
	at java.base/java.lang.Thread.run(Thread.java:842) ~[na:na]

2024-02-22T18:23:40.696+05:30 ERROR 11235 --- [ol-15-thread-18] c.d.c.web.AccountsTransferController     : Exception occurs

com.dws.challenge.exception.InsufficientBalanceException: Insufficient Balance in account Account123
	at com.dws.challenge.service.TransferService.transferAmount(TransferService.java:21) ~[main/:na]
	at com.dws.challenge.web.AccountsTransferController.transferAmount(AccountsTransferController.java:64) ~[main/:na]
	at com.dws.challenge.ConcurrentTransferTest.lambda$concurrentTransferTest$0(ConcurrentTransferTest.java:63) ~[test/:na]
	at java.base/java.util.concurrent.ThreadPoolExecutor.runWorker(ThreadPoolExecutor.java:1136) ~[na:na]
	at java.base/java.util.concurrent.ThreadPoolExecutor$Worker.run(ThreadPoolExecutor.java:635) ~[na:na]
	at java.base/java.lang.Thread.run(Thread.java:842) ~[na:na]

2024-02-22T18:23:40.696+05:30  INFO 11235 --- [ol-15-thread-16] c.dws.challenge.service.TransferService  : compareBalance -1 
2024-02-22T18:23:40.696+05:30 ERROR 11235 --- [ol-15-thread-17] c.d.c.web.AccountsTransferController     : Exception occurs

com.dws.challenge.exception.InsufficientBalanceException: Insufficient Balance in account Account123
	at com.dws.challenge.service.TransferService.transferAmount(TransferService.java:21) ~[main/:na]
	at com.dws.challenge.web.AccountsTransferController.transferAmount(AccountsTransferController.java:64) ~[main/:na]
	at com.dws.challenge.ConcurrentTransferTest.lambda$concurrentTransferTest$0(ConcurrentTransferTest.java:63) ~[test/:na]
	at java.base/java.util.concurrent.ThreadPoolExecutor.runWorker(ThreadPoolExecutor.java:1136) ~[na:na]
	at java.base/java.util.concurrent.ThreadPoolExecutor$Worker.run(ThreadPoolExecutor.java:635) ~[na:na]
	at java.base/java.lang.Thread.run(Thread.java:842) ~[na:na]

2024-02-22T18:23:40.697+05:30  INFO 11235 --- [ol-15-thread-13] c.dws.challenge.service.TransferService  : compareBalance -1 
2024-02-22T18:23:40.697+05:30 ERROR 11235 --- [ol-15-thread-16] c.d.c.web.AccountsTransferController     : Exception occurs

com.dws.challenge.exception.InsufficientBalanceException: Insufficient Balance in account Account123
	at com.dws.challenge.service.TransferService.transferAmount(TransferService.java:21) ~[main/:na]
	at com.dws.challenge.web.AccountsTransferController.transferAmount(AccountsTransferController.java:64) ~[main/:na]
	at com.dws.challenge.ConcurrentTransferTest.lambda$concurrentTransferTest$0(ConcurrentTransferTest.java:63) ~[test/:na]
	at java.base/java.util.concurrent.ThreadPoolExecutor.runWorker(ThreadPoolExecutor.java:1136) ~[na:na]
	at java.base/java.util.concurrent.ThreadPoolExecutor$Worker.run(ThreadPoolExecutor.java:635) ~[na:na]
	at java.base/java.lang.Thread.run(Thread.java:842) ~[na:na]

2024-02-22T18:23:40.697+05:30  INFO 11235 --- [ol-15-thread-15] c.dws.challenge.service.TransferService  : compareBalance -1 
2024-02-22T18:23:40.697+05:30 ERROR 11235 --- [ol-15-thread-13] c.d.c.web.AccountsTransferController     : Exception occurs

com.dws.challenge.exception.InsufficientBalanceException: Insufficient Balance in account Account123
	at com.dws.challenge.service.TransferService.transferAmount(TransferService.java:21) ~[main/:na]
	at com.dws.challenge.web.AccountsTransferController.transferAmount(AccountsTransferController.java:64) ~[main/:na]
	at com.dws.challenge.ConcurrentTransferTest.lambda$concurrentTransferTest$0(ConcurrentTransferTest.java:63) ~[test/:na]
	at java.base/java.util.concurrent.ThreadPoolExecutor.runWorker(ThreadPoolExecutor.java:1136) ~[na:na]
	at java.base/java.util.concurrent.ThreadPoolExecutor$Worker.run(ThreadPoolExecutor.java:635) ~[na:na]
	at java.base/java.lang.Thread.run(Thread.java:842) ~[na:na]

2024-02-22T18:23:40.697+05:30  INFO 11235 --- [ol-15-thread-14] c.dws.challenge.service.TransferService  : compareBalance -1 
2024-02-22T18:23:40.697+05:30 ERROR 11235 --- [ol-15-thread-15] c.d.c.web.AccountsTransferController     : Exception occurs

com.dws.challenge.exception.InsufficientBalanceException: Insufficient Balance in account Account123
	at com.dws.challenge.service.TransferService.transferAmount(TransferService.java:21) ~[main/:na]
	at com.dws.challenge.web.AccountsTransferController.transferAmount(AccountsTransferController.java:64) ~[main/:na]
	at com.dws.challenge.ConcurrentTransferTest.lambda$concurrentTransferTest$0(ConcurrentTransferTest.java:63) ~[test/:na]
	at java.base/java.util.concurrent.ThreadPoolExecutor.runWorker(ThreadPoolExecutor.java:1136) ~[na:na]
	at java.base/java.util.concurrent.ThreadPoolExecutor$Worker.run(ThreadPoolExecutor.java:635) ~[na:na]
	at java.base/java.lang.Thread.run(Thread.java:842) ~[na:na]

2024-02-22T18:23:40.697+05:30  INFO 11235 --- [ol-15-thread-12] c.dws.challenge.service.TransferService  : compareBalance -1 
2024-02-22T18:23:40.697+05:30 ERROR 11235 --- [ol-15-thread-14] c.d.c.web.AccountsTransferController     : Exception occurs

com.dws.challenge.exception.InsufficientBalanceException: Insufficient Balance in account Account123
	at com.dws.challenge.service.TransferService.transferAmount(TransferService.java:21) ~[main/:na]
	at com.dws.challenge.web.AccountsTransferController.transferAmount(AccountsTransferController.java:64) ~[main/:na]
	at com.dws.challenge.ConcurrentTransferTest.lambda$concurrentTransferTest$0(ConcurrentTransferTest.java:63) ~[test/:na]
	at java.base/java.util.concurrent.ThreadPoolExecutor.runWorker(ThreadPoolExecutor.java:1136) ~[na:na]
	at java.base/java.util.concurrent.ThreadPoolExecutor$Worker.run(ThreadPoolExecutor.java:635) ~[na:na]
	at java.base/java.lang.Thread.run(Thread.java:842) ~[na:na]

2024-02-22T18:23:40.697+05:30  INFO 11235 --- [ol-15-thread-10] c.dws.challenge.service.TransferService  : compareBalance -1 
2024-02-22T18:23:40.697+05:30 ERROR 11235 --- [ol-15-thread-12] c.d.c.web.AccountsTransferController     : Exception occurs

com.dws.challenge.exception.InsufficientBalanceException: Insufficient Balance in account Account123
	at com.dws.challenge.service.TransferService.transferAmount(TransferService.java:21) ~[main/:na]
	at com.dws.challenge.web.AccountsTransferController.transferAmount(AccountsTransferController.java:64) ~[main/:na]
	at com.dws.challenge.ConcurrentTransferTest.lambda$concurrentTransferTest$0(ConcurrentTransferTest.java:63) ~[test/:na]
	at java.base/java.util.concurrent.ThreadPoolExecutor.runWorker(ThreadPoolExecutor.java:1136) ~[na:na]
	at java.base/java.util.concurrent.ThreadPoolExecutor$Worker.run(ThreadPoolExecutor.java:635) ~[na:na]
	at java.base/java.lang.Thread.run(Thread.java:842) ~[na:na]

2024-02-22T18:23:40.697+05:30  INFO 11235 --- [ool-15-thread-9] c.dws.challenge.service.TransferService  : compareBalance -1 
2024-02-22T18:23:40.697+05:30 ERROR 11235 --- [ol-15-thread-10] c.d.c.web.AccountsTransferController     : Exception occurs

com.dws.challenge.exception.InsufficientBalanceException: Insufficient Balance in account Account123
	at com.dws.challenge.service.TransferService.transferAmount(TransferService.java:21) ~[main/:na]
	at com.dws.challenge.web.AccountsTransferController.transferAmount(AccountsTransferController.java:64) ~[main/:na]
	at com.dws.challenge.ConcurrentTransferTest.lambda$concurrentTransferTest$0(ConcurrentTransferTest.java:63) ~[test/:na]
	at java.base/java.util.concurrent.ThreadPoolExecutor.runWorker(ThreadPoolExecutor.java:1136) ~[na:na]
	at java.base/java.util.concurrent.ThreadPoolExecutor$Worker.run(ThreadPoolExecutor.java:635) ~[na:na]
	at java.base/java.lang.Thread.run(Thread.java:842) ~[na:na]

2024-02-22T18:23:40.697+05:30  INFO 11235 --- [ool-15-thread-8] c.dws.challenge.service.TransferService  : compareBalance -1 
2024-02-22T18:23:40.697+05:30 ERROR 11235 --- [ool-15-thread-9] c.d.c.web.AccountsTransferController     : Exception occurs

com.dws.challenge.exception.InsufficientBalanceException: Insufficient Balance in account Account123
	at com.dws.challenge.service.TransferService.transferAmount(TransferService.java:21) ~[main/:na]
	at com.dws.challenge.web.AccountsTransferController.transferAmount(AccountsTransferController.java:64) ~[main/:na]
	at com.dws.challenge.ConcurrentTransferTest.lambda$concurrentTransferTest$0(ConcurrentTransferTest.java:63) ~[test/:na]
	at java.base/java.util.concurrent.ThreadPoolExecutor.runWorker(ThreadPoolExecutor.java:1136) ~[na:na]
	at java.base/java.util.concurrent.ThreadPoolExecutor$Worker.run(ThreadPoolExecutor.java:635) ~[na:na]
	at java.base/java.lang.Thread.run(Thread.java:842) ~[na:na]

2024-02-22T18:23:40.698+05:30  INFO 11235 --- [ool-15-thread-7] c.dws.challenge.service.TransferService  : compareBalance -1 
2024-02-22T18:23:40.698+05:30 ERROR 11235 --- [ool-15-thread-8] c.d.c.web.AccountsTransferController     : Exception occurs

com.dws.challenge.exception.InsufficientBalanceException: Insufficient Balance in account Account123
	at com.dws.challenge.service.TransferService.transferAmount(TransferService.java:21) ~[main/:na]
	at com.dws.challenge.web.AccountsTransferController.transferAmount(AccountsTransferController.java:64) ~[main/:na]
	at com.dws.challenge.ConcurrentTransferTest.lambda$concurrentTransferTest$0(ConcurrentTransferTest.java:63) ~[test/:na]
	at java.base/java.util.concurrent.ThreadPoolExecutor.runWorker(ThreadPoolExecutor.java:1136) ~[na:na]
	at java.base/java.util.concurrent.ThreadPoolExecutor$Worker.run(ThreadPoolExecutor.java:635) ~[na:na]
	at java.base/java.lang.Thread.run(Thread.java:842) ~[na:na]

2024-02-22T18:23:40.698+05:30 ERROR 11235 --- [ool-15-thread-7] c.d.c.web.AccountsTransferController     : Exception occurs

com.dws.challenge.exception.InsufficientBalanceException: Insufficient Balance in account Account123
	at com.dws.challenge.service.TransferService.transferAmount(TransferService.java:21) ~[main/:na]
	at com.dws.challenge.web.AccountsTransferController.transferAmount(AccountsTransferController.java:64) ~[main/:na]
	at com.dws.challenge.ConcurrentTransferTest.lambda$concurrentTransferTest$0(ConcurrentTransferTest.java:63) ~[test/:na]
	at java.base/java.util.concurrent.ThreadPoolExecutor.runWorker(ThreadPoolExecutor.java:1136) ~[na:na]
	at java.base/java.util.concurrent.ThreadPoolExecutor$Worker.run(ThreadPoolExecutor.java:635) ~[na:na]
	at java.base/java.lang.Thread.run(Thread.java:842) ~[na:na]

2024-02-22T18:23:40.698+05:30  INFO 11235 --- [ool-15-thread-3] c.dws.challenge.service.TransferService  : compareBalance -1 
2024-02-22T18:23:40.698+05:30  INFO 11235 --- [ool-15-thread-5] c.dws.challenge.service.TransferService  : compareBalance -1 
2024-02-22T18:23:40.698+05:30 ERROR 11235 --- [ool-15-thread-3] c.d.c.web.AccountsTransferController     : Exception occurs

com.dws.challenge.exception.InsufficientBalanceException: Insufficient Balance in account Account123
	at com.dws.challenge.service.TransferService.transferAmount(TransferService.java:21) ~[main/:na]
	at com.dws.challenge.web.AccountsTransferController.transferAmount(AccountsTransferController.java:64) ~[main/:na]
	at com.dws.challenge.ConcurrentTransferTest.lambda$concurrentTransferTest$0(ConcurrentTransferTest.java:63) ~[test/:na]
	at java.base/java.util.concurrent.ThreadPoolExecutor.runWorker(ThreadPoolExecutor.java:1136) ~[na:na]
	at java.base/java.util.concurrent.ThreadPoolExecutor$Worker.run(ThreadPoolExecutor.java:635) ~[na:na]
	at java.base/java.lang.Thread.run(Thread.java:842) ~[na:na]

2024-02-22T18:23:40.698+05:30  INFO 11235 --- [ool-15-thread-4] c.dws.challenge.service.TransferService  : compareBalance -1 
2024-02-22T18:23:40.698+05:30 ERROR 11235 --- [ool-15-thread-5] c.d.c.web.AccountsTransferController     : Exception occurs

com.dws.challenge.exception.InsufficientBalanceException: Insufficient Balance in account Account123
	at com.dws.challenge.service.TransferService.transferAmount(TransferService.java:21) ~[main/:na]
	at com.dws.challenge.web.AccountsTransferController.transferAmount(AccountsTransferController.java:64) ~[main/:na]
	at com.dws.challenge.ConcurrentTransferTest.lambda$concurrentTransferTest$0(ConcurrentTransferTest.java:63) ~[test/:na]
	at java.base/java.util.concurrent.ThreadPoolExecutor.runWorker(ThreadPoolExecutor.java:1136) ~[na:na]
	at java.base/java.util.concurrent.ThreadPoolExecutor$Worker.run(ThreadPoolExecutor.java:635) ~[na:na]
	at java.base/java.lang.Thread.run(Thread.java:842) ~[na:na]

2024-02-22T18:23:40.698+05:30  INFO 11235 --- [ool-15-thread-6] c.dws.challenge.service.TransferService  : compareBalance -1 
2024-02-22T18:23:40.698+05:30 ERROR 11235 --- [ool-15-thread-4] c.d.c.web.AccountsTransferController     : Exception occurs

com.dws.challenge.exception.InsufficientBalanceException: Insufficient Balance in account Account123
	at com.dws.challenge.service.TransferService.transferAmount(TransferService.java:21) ~[main/:na]
	at com.dws.challenge.web.AccountsTransferController.transferAmount(AccountsTransferController.java:64) ~[main/:na]
	at com.dws.challenge.ConcurrentTransferTest.lambda$concurrentTransferTest$0(ConcurrentTransferTest.java:63) ~[test/:na]
	at java.base/java.util.concurrent.ThreadPoolExecutor.runWorker(ThreadPoolExecutor.java:1136) ~[na:na]
	at java.base/java.util.concurrent.ThreadPoolExecutor$Worker.run(ThreadPoolExecutor.java:635) ~[na:na]
	at java.base/java.lang.Thread.run(Thread.java:842) ~[na:na]

2024-02-22T18:23:40.698+05:30  INFO 11235 --- [ol-15-thread-20] c.dws.challenge.service.TransferService  : compareBalance -1 
2024-02-22T18:23:40.698+05:30 ERROR 11235 --- [ool-15-thread-6] c.d.c.web.AccountsTransferController     : Exception occurs

com.dws.challenge.exception.InsufficientBalanceException: Insufficient Balance in account Account123
	at com.dws.challenge.service.TransferService.transferAmount(TransferService.java:21) ~[main/:na]
	at com.dws.challenge.web.AccountsTransferController.transferAmount(AccountsTransferController.java:64) ~[main/:na]
	at com.dws.challenge.ConcurrentTransferTest.lambda$concurrentTransferTest$0(ConcurrentTransferTest.java:63) ~[test/:na]
	at java.base/java.util.concurrent.ThreadPoolExecutor.runWorker(ThreadPoolExecutor.java:1136) ~[na:na]
	at java.base/java.util.concurrent.ThreadPoolExecutor$Worker.run(ThreadPoolExecutor.java:635) ~[na:na]
	at java.base/java.lang.Thread.run(Thread.java:842) ~[na:na]

2024-02-22T18:23:40.699+05:30  INFO 11235 --- [ool-15-thread-2] c.dws.challenge.service.TransferService  : compareBalance -1 
2024-02-22T18:23:40.699+05:30 ERROR 11235 --- [ol-15-thread-20] c.d.c.web.AccountsTransferController     : Exception occurs

com.dws.challenge.exception.InsufficientBalanceException: Insufficient Balance in account Account123
	at com.dws.challenge.service.TransferService.transferAmount(TransferService.java:21) ~[main/:na]
	at com.dws.challenge.web.AccountsTransferController.transferAmount(AccountsTransferController.java:64) ~[main/:na]
	at com.dws.challenge.ConcurrentTransferTest.lambda$concurrentTransferTest$0(ConcurrentTransferTest.java:63) ~[test/:na]
	at java.base/java.util.concurrent.ThreadPoolExecutor.runWorker(ThreadPoolExecutor.java:1136) ~[na:na]
	at java.base/java.util.concurrent.ThreadPoolExecutor$Worker.run(ThreadPoolExecutor.java:635) ~[na:na]
	at java.base/java.lang.Thread.run(Thread.java:842) ~[na:na]

2024-02-22T18:23:40.699+05:30  INFO 11235 --- [ol-15-thread-11] c.dws.challenge.service.TransferService  : compareBalance -1 
2024-02-22T18:23:40.699+05:30 ERROR 11235 --- [ool-15-thread-2] c.d.c.web.AccountsTransferController     : Exception occurs

com.dws.challenge.exception.InsufficientBalanceException: Insufficient Balance in account Account123
	at com.dws.challenge.service.TransferService.transferAmount(TransferService.java:21) ~[main/:na]
	at com.dws.challenge.web.AccountsTransferController.transferAmount(AccountsTransferController.java:64) ~[main/:na]
	at com.dws.challenge.ConcurrentTransferTest.lambda$concurrentTransferTest$0(ConcurrentTransferTest.java:63) ~[test/:na]
	at java.base/java.util.concurrent.ThreadPoolExecutor.runWorker(ThreadPoolExecutor.java:1136) ~[na:na]
	at java.base/java.util.concurrent.ThreadPoolExecutor$Worker.run(ThreadPoolExecutor.java:635) ~[na:na]
	at java.base/java.lang.Thread.run(Thread.java:842) ~[na:na]

2024-02-22T18:23:40.699+05:30 ERROR 11235 --- [ol-15-thread-11] c.d.c.web.AccountsTransferController     : Exception occurs

com.dws.challenge.exception.InsufficientBalanceException: Insufficient Balance in account Account123
	at com.dws.challenge.service.TransferService.transferAmount(TransferService.java:21) ~[main/:na]
	at com.dws.challenge.web.AccountsTransferController.transferAmount(AccountsTransferController.java:64) ~[main/:na]
	at com.dws.challenge.ConcurrentTransferTest.lambda$concurrentTransferTest$0(ConcurrentTransferTest.java:63) ~[test/:na]
	at java.base/java.util.concurrent.ThreadPoolExecutor.runWorker(ThreadPoolExecutor.java:1136) ~[na:na]
	at java.base/java.util.concurrent.ThreadPoolExecutor$Worker.run(ThreadPoolExecutor.java:635) ~[na:na]
	at java.base/java.lang.Thread.run(Thread.java:842) ~[na:na]

2024-02-22T18:23:40.706+05:30  INFO 11235 --- [ool-16-thread-1] c.d.c.web.AccountsTransferController     : Transfer Amount  Transfer(accountFrom=Account123, accountTo=Account124, amount=1000)
2024-02-22T18:23:40.706+05:30  INFO 11235 --- [ool-16-thread-1] c.dws.challenge.service.TransferService  : compareBalance 0 
2024-02-22T18:23:40.706+05:30  INFO 11235 --- [ool-16-thread-1] c.d.c.service.EmailNotificationService   : Sending notification to owner of Account123: 1000 has been debited and transferred to account Account124
2024-02-22T18:23:40.706+05:30  INFO 11235 --- [ool-16-thread-1] c.d.c.service.EmailNotificationService   : Sending notification to owner of Account124: 1000 has been credited to your account from account Account123
2024-02-22T18:23:40.706+05:30  INFO 11235 --- [ool-16-thread-1] c.d.c.web.AccountsTransferController     : notification sent successfully
2024-02-22T18:23:40.706+05:30  INFO 11235 --- [ool-16-thread-3] c.d.c.web.AccountsTransferController     : Transfer Amount  Transfer(accountFrom=Account123, accountTo=Account124, amount=1000)
2024-02-22T18:23:40.706+05:30  INFO 11235 --- [ool-16-thread-3] c.dws.challenge.service.TransferService  : compareBalance -1 
2024-02-22T18:23:40.706+05:30  INFO 11235 --- [ool-16-thread-2] c.d.c.web.AccountsTransferController     : Transfer Amount  Transfer(accountFrom=Account123, accountTo=Account124, amount=1000)
2024-02-22T18:23:40.707+05:30  INFO 11235 --- [ool-16-thread-4] c.d.c.web.AccountsTransferController     : Transfer Amount  Transfer(accountFrom=Account123, accountTo=Account124, amount=1000)
2024-02-22T18:23:40.707+05:30  INFO 11235 --- [ool-16-thread-5] c.d.c.web.AccountsTransferController     : Transfer Amount  Transfer(accountFrom=Account123, accountTo=Account124, amount=1000)
2024-02-22T18:23:40.706+05:30  INFO 11235 --- [ol-16-thread-20] c.d.c.web.AccountsTransferController     : Transfer Amount  Transfer(accountFrom=Account123, accountTo=Account124, amount=1000)
2024-02-22T18:23:40.707+05:30  INFO 11235 --- [ool-16-thread-6] c.d.c.web.AccountsTransferController     : Transfer Amount  Transfer(accountFrom=Account123, accountTo=Account124, amount=1000)
2024-02-22T18:23:40.707+05:30  INFO 11235 --- [ool-16-thread-2] c.dws.challenge.service.TransferService  : compareBalance -1 
2024-02-22T18:23:40.707+05:30  INFO 11235 --- [ool-16-thread-7] c.d.c.web.AccountsTransferController     : Transfer Amount  Transfer(accountFrom=Account123, accountTo=Account124, amount=1000)
2024-02-22T18:23:40.708+05:30  INFO 11235 --- [ool-16-thread-7] c.dws.challenge.service.TransferService  : compareBalance -1 
2024-02-22T18:23:40.708+05:30  INFO 11235 --- [ool-16-thread-8] c.d.c.web.AccountsTransferController     : Transfer Amount  Transfer(accountFrom=Account123, accountTo=Account124, amount=1000)
2024-02-22T18:23:40.708+05:30  INFO 11235 --- [ool-16-thread-6] c.dws.challenge.service.TransferService  : compareBalance -1 
2024-02-22T18:23:40.706+05:30 ERROR 11235 --- [ool-16-thread-3] c.d.c.web.AccountsTransferController     : Exception occurs

com.dws.challenge.exception.InsufficientBalanceException: Insufficient Balance in account Account123
	at com.dws.challenge.service.TransferService.transferAmount(TransferService.java:21) ~[main/:na]
	at com.dws.challenge.web.AccountsTransferController.transferAmount(AccountsTransferController.java:64) ~[main/:na]
	at com.dws.challenge.ConcurrentTransferTest.lambda$concurrentTransferTest$0(ConcurrentTransferTest.java:63) ~[test/:na]
	at java.base/java.util.concurrent.ThreadPoolExecutor.runWorker(ThreadPoolExecutor.java:1136) ~[na:na]
	at java.base/java.util.concurrent.ThreadPoolExecutor$Worker.run(ThreadPoolExecutor.java:635) ~[na:na]
	at java.base/java.lang.Thread.run(Thread.java:842) ~[na:na]

2024-02-22T18:23:40.708+05:30 ERROR 11235 --- [ool-16-thread-6] c.d.c.web.AccountsTransferController     : Exception occurs

com.dws.challenge.exception.InsufficientBalanceException: Insufficient Balance in account Account123
	at com.dws.challenge.service.TransferService.transferAmount(TransferService.java:21) ~[main/:na]
	at com.dws.challenge.web.AccountsTransferController.transferAmount(AccountsTransferController.java:64) ~[main/:na]
	at com.dws.challenge.ConcurrentTransferTest.lambda$concurrentTransferTest$0(ConcurrentTransferTest.java:63) ~[test/:na]
	at java.base/java.util.concurrent.ThreadPoolExecutor.runWorker(ThreadPoolExecutor.java:1136) ~[na:na]
	at java.base/java.util.concurrent.ThreadPoolExecutor$Worker.run(ThreadPoolExecutor.java:635) ~[na:na]
	at java.base/java.lang.Thread.run(Thread.java:842) ~[na:na]

2024-02-22T18:23:40.708+05:30  INFO 11235 --- [ol-16-thread-11] c.d.c.web.AccountsTransferController     : Transfer Amount  Transfer(accountFrom=Account123, accountTo=Account124, amount=1000)
2024-02-22T18:23:40.707+05:30 ERROR 11235 --- [ool-16-thread-2] c.d.c.web.AccountsTransferController     : Exception occurs

com.dws.challenge.exception.InsufficientBalanceException: Insufficient Balance in account Account123
	at com.dws.challenge.service.TransferService.transferAmount(TransferService.java:21) ~[main/:na]
	at com.dws.challenge.web.AccountsTransferController.transferAmount(AccountsTransferController.java:64) ~[main/:na]
	at com.dws.challenge.ConcurrentTransferTest.lambda$concurrentTransferTest$0(ConcurrentTransferTest.java:63) ~[test/:na]
	at java.base/java.util.concurrent.ThreadPoolExecutor.runWorker(ThreadPoolExecutor.java:1136) ~[na:na]
	at java.base/java.util.concurrent.ThreadPoolExecutor$Worker.run(ThreadPoolExecutor.java:635) ~[na:na]
	at java.base/java.lang.Thread.run(Thread.java:842) ~[na:na]

2024-02-22T18:23:40.708+05:30  INFO 11235 --- [ol-16-thread-13] c.d.c.web.AccountsTransferController     : Transfer Amount  Transfer(accountFrom=Account123, accountTo=Account124, amount=1000)
2024-02-22T18:23:40.708+05:30 ERROR 11235 --- [ool-16-thread-7] c.d.c.web.AccountsTransferController     : Exception occurs

com.dws.challenge.exception.InsufficientBalanceException: Insufficient Balance in account Account123
	at com.dws.challenge.service.TransferService.transferAmount(TransferService.java:21) ~[main/:na]
	at com.dws.challenge.web.AccountsTransferController.transferAmount(AccountsTransferController.java:64) ~[main/:na]
	at com.dws.challenge.ConcurrentTransferTest.lambda$concurrentTransferTest$0(ConcurrentTransferTest.java:63) ~[test/:na]
	at java.base/java.util.concurrent.ThreadPoolExecutor.runWorker(ThreadPoolExecutor.java:1136) ~[na:na]
	at java.base/java.util.concurrent.ThreadPoolExecutor$Worker.run(ThreadPoolExecutor.java:635) ~[na:na]
	at java.base/java.lang.Thread.run(Thread.java:842) ~[na:na]

2024-02-22T18:23:40.709+05:30  INFO 11235 --- [ol-16-thread-16] c.d.c.web.AccountsTransferController     : Transfer Amount  Transfer(accountFrom=Account123, accountTo=Account124, amount=1000)
2024-02-22T18:23:40.709+05:30  INFO 11235 --- [ol-16-thread-17] c.d.c.web.AccountsTransferController     : Transfer Amount  Transfer(accountFrom=Account123, accountTo=Account124, amount=1000)
2024-02-22T18:23:40.708+05:30  INFO 11235 --- [ool-16-thread-9] c.d.c.web.AccountsTransferController     : Transfer Amount  Transfer(accountFrom=Account123, accountTo=Account124, amount=1000)
2024-02-22T18:23:40.710+05:30  INFO 11235 --- [ol-16-thread-18] c.d.c.web.AccountsTransferController     : Transfer Amount  Transfer(accountFrom=Account123, accountTo=Account124, amount=1000)
2024-02-22T18:23:40.708+05:30  INFO 11235 --- [ol-16-thread-20] c.dws.challenge.service.TransferService  : compareBalance -1 
2024-02-22T18:23:40.708+05:30  INFO 11235 --- [ol-16-thread-10] c.d.c.web.AccountsTransferController     : Transfer Amount  Transfer(accountFrom=Account123, accountTo=Account124, amount=1000)
2024-02-22T18:23:40.710+05:30 ERROR 11235 --- [ol-16-thread-20] c.d.c.web.AccountsTransferController     : Exception occurs

com.dws.challenge.exception.InsufficientBalanceException: Insufficient Balance in account Account123
	at com.dws.challenge.service.TransferService.transferAmount(TransferService.java:21) ~[main/:na]
	at com.dws.challenge.web.AccountsTransferController.transferAmount(AccountsTransferController.java:64) ~[main/:na]
	at com.dws.challenge.ConcurrentTransferTest.lambda$concurrentTransferTest$0(ConcurrentTransferTest.java:63) ~[test/:na]
	at java.base/java.util.concurrent.ThreadPoolExecutor.runWorker(ThreadPoolExecutor.java:1136) ~[na:na]
	at java.base/java.util.concurrent.ThreadPoolExecutor$Worker.run(ThreadPoolExecutor.java:635) ~[na:na]
	at java.base/java.lang.Thread.run(Thread.java:842) ~[na:na]

2024-02-22T18:23:40.708+05:30  INFO 11235 --- [ol-16-thread-12] c.d.c.web.AccountsTransferController     : Transfer Amount  Transfer(accountFrom=Account123, accountTo=Account124, amount=1000)
2024-02-22T18:23:40.709+05:30  INFO 11235 --- [ol-16-thread-14] c.d.c.web.AccountsTransferController     : Transfer Amount  Transfer(accountFrom=Account123, accountTo=Account124, amount=1000)
2024-02-22T18:23:40.709+05:30  INFO 11235 --- [ol-16-thread-15] c.d.c.web.AccountsTransferController     : Transfer Amount  Transfer(accountFrom=Account123, accountTo=Account124, amount=1000)
2024-02-22T18:23:40.710+05:30  INFO 11235 --- [ol-16-thread-19] c.d.c.web.AccountsTransferController     : Transfer Amount  Transfer(accountFrom=Account123, accountTo=Account124, amount=1000)
2024-02-22T18:23:40.710+05:30  INFO 11235 --- [ool-16-thread-5] c.dws.challenge.service.TransferService  : compareBalance -1 
2024-02-22T18:23:40.711+05:30  INFO 11235 --- [ool-16-thread-4] c.dws.challenge.service.TransferService  : compareBalance -1 
2024-02-22T18:23:40.711+05:30  INFO 11235 --- [ol-16-thread-19] c.dws.challenge.service.TransferService  : compareBalance -1 
2024-02-22T18:23:40.711+05:30 ERROR 11235 --- [ool-16-thread-5] c.d.c.web.AccountsTransferController     : Exception occurs

com.dws.challenge.exception.InsufficientBalanceException: Insufficient Balance in account Account123
	at com.dws.challenge.service.TransferService.transferAmount(TransferService.java:21) ~[main/:na]
	at com.dws.challenge.web.AccountsTransferController.transferAmount(AccountsTransferController.java:64) ~[main/:na]
	at com.dws.challenge.ConcurrentTransferTest.lambda$concurrentTransferTest$0(ConcurrentTransferTest.java:63) ~[test/:na]
	at java.base/java.util.concurrent.ThreadPoolExecutor.runWorker(ThreadPoolExecutor.java:1136) ~[na:na]
	at java.base/java.util.concurrent.ThreadPoolExecutor$Worker.run(ThreadPoolExecutor.java:635) ~[na:na]
	at java.base/java.lang.Thread.run(Thread.java:842) ~[na:na]

2024-02-22T18:23:40.711+05:30 ERROR 11235 --- [ol-16-thread-19] c.d.c.web.AccountsTransferController     : Exception occurs

com.dws.challenge.exception.InsufficientBalanceException: Insufficient Balance in account Account123
	at com.dws.challenge.service.TransferService.transferAmount(TransferService.java:21) ~[main/:na]
	at com.dws.challenge.web.AccountsTransferController.transferAmount(AccountsTransferController.java:64) ~[main/:na]
	at com.dws.challenge.ConcurrentTransferTest.lambda$concurrentTransferTest$0(ConcurrentTransferTest.java:63) ~[test/:na]
	at java.base/java.util.concurrent.ThreadPoolExecutor.runWorker(ThreadPoolExecutor.java:1136) ~[na:na]
	at java.base/java.util.concurrent.ThreadPoolExecutor$Worker.run(ThreadPoolExecutor.java:635) ~[na:na]
	at java.base/java.lang.Thread.run(Thread.java:842) ~[na:na]

2024-02-22T18:23:40.711+05:30 ERROR 11235 --- [ool-16-thread-4] c.d.c.web.AccountsTransferController     : Exception occurs

com.dws.challenge.exception.InsufficientBalanceException: Insufficient Balance in account Account123
	at com.dws.challenge.service.TransferService.transferAmount(TransferService.java:21) ~[main/:na]
	at com.dws.challenge.web.AccountsTransferController.transferAmount(AccountsTransferController.java:64) ~[main/:na]
	at com.dws.challenge.ConcurrentTransferTest.lambda$concurrentTransferTest$0(ConcurrentTransferTest.java:63) ~[test/:na]
	at java.base/java.util.concurrent.ThreadPoolExecutor.runWorker(ThreadPoolExecutor.java:1136) ~[na:na]
	at java.base/java.util.concurrent.ThreadPoolExecutor$Worker.run(ThreadPoolExecutor.java:635) ~[na:na]
	at java.base/java.lang.Thread.run(Thread.java:842) ~[na:na]

2024-02-22T18:23:40.711+05:30  INFO 11235 --- [ol-16-thread-15] c.dws.challenge.service.TransferService  : compareBalance -1 
2024-02-22T18:23:40.712+05:30  INFO 11235 --- [ol-16-thread-14] c.dws.challenge.service.TransferService  : compareBalance -1 
2024-02-22T18:23:40.712+05:30 ERROR 11235 --- [ol-16-thread-15] c.d.c.web.AccountsTransferController     : Exception occurs

com.dws.challenge.exception.InsufficientBalanceException: Insufficient Balance in account Account123
	at com.dws.challenge.service.TransferService.transferAmount(TransferService.java:21) ~[main/:na]
	at com.dws.challenge.web.AccountsTransferController.transferAmount(AccountsTransferController.java:64) ~[main/:na]
	at com.dws.challenge.ConcurrentTransferTest.lambda$concurrentTransferTest$0(ConcurrentTransferTest.java:63) ~[test/:na]
	at java.base/java.util.concurrent.ThreadPoolExecutor.runWorker(ThreadPoolExecutor.java:1136) ~[na:na]
	at java.base/java.util.concurrent.ThreadPoolExecutor$Worker.run(ThreadPoolExecutor.java:635) ~[na:na]
	at java.base/java.lang.Thread.run(Thread.java:842) ~[na:na]

2024-02-22T18:23:40.712+05:30  INFO 11235 --- [ol-16-thread-12] c.dws.challenge.service.TransferService  : compareBalance -1 
2024-02-22T18:23:40.712+05:30 ERROR 11235 --- [ol-16-thread-14] c.d.c.web.AccountsTransferController     : Exception occurs

com.dws.challenge.exception.InsufficientBalanceException: Insufficient Balance in account Account123
	at com.dws.challenge.service.TransferService.transferAmount(TransferService.java:21) ~[main/:na]
	at com.dws.challenge.web.AccountsTransferController.transferAmount(AccountsTransferController.java:64) ~[main/:na]
	at com.dws.challenge.ConcurrentTransferTest.lambda$concurrentTransferTest$0(ConcurrentTransferTest.java:63) ~[test/:na]
	at java.base/java.util.concurrent.ThreadPoolExecutor.runWorker(ThreadPoolExecutor.java:1136) ~[na:na]
	at java.base/java.util.concurrent.ThreadPoolExecutor$Worker.run(ThreadPoolExecutor.java:635) ~[na:na]
	at java.base/java.lang.Thread.run(Thread.java:842) ~[na:na]

2024-02-22T18:23:40.713+05:30  INFO 11235 --- [ol-16-thread-10] c.dws.challenge.service.TransferService  : compareBalance -1 
2024-02-22T18:23:40.713+05:30 ERROR 11235 --- [ol-16-thread-12] c.d.c.web.AccountsTransferController     : Exception occurs

com.dws.challenge.exception.InsufficientBalanceException: Insufficient Balance in account Account123
	at com.dws.challenge.service.TransferService.transferAmount(TransferService.java:21) ~[main/:na]
	at com.dws.challenge.web.AccountsTransferController.transferAmount(AccountsTransferController.java:64) ~[main/:na]
	at com.dws.challenge.ConcurrentTransferTest.lambda$concurrentTransferTest$0(ConcurrentTransferTest.java:63) ~[test/:na]
	at java.base/java.util.concurrent.ThreadPoolExecutor.runWorker(ThreadPoolExecutor.java:1136) ~[na:na]
	at java.base/java.util.concurrent.ThreadPoolExecutor$Worker.run(ThreadPoolExecutor.java:635) ~[na:na]
	at java.base/java.lang.Thread.run(Thread.java:842) ~[na:na]

2024-02-22T18:23:40.713+05:30 ERROR 11235 --- [ol-16-thread-10] c.d.c.web.AccountsTransferController     : Exception occurs

com.dws.challenge.exception.InsufficientBalanceException: Insufficient Balance in account Account123
	at com.dws.challenge.service.TransferService.transferAmount(TransferService.java:21) ~[main/:na]
	at com.dws.challenge.web.AccountsTransferController.transferAmount(AccountsTransferController.java:64) ~[main/:na]
	at com.dws.challenge.ConcurrentTransferTest.lambda$concurrentTransferTest$0(ConcurrentTransferTest.java:63) ~[test/:na]
	at java.base/java.util.concurrent.ThreadPoolExecutor.runWorker(ThreadPoolExecutor.java:1136) ~[na:na]
	at java.base/java.util.concurrent.ThreadPoolExecutor$Worker.run(ThreadPoolExecutor.java:635) ~[na:na]
	at java.base/java.lang.Thread.run(Thread.java:842) ~[na:na]

2024-02-22T18:23:40.713+05:30  INFO 11235 --- [ol-16-thread-18] c.dws.challenge.service.TransferService  : compareBalance -1 
2024-02-22T18:23:40.713+05:30  INFO 11235 --- [ool-16-thread-9] c.dws.challenge.service.TransferService  : compareBalance -1 
2024-02-22T18:23:40.713+05:30  INFO 11235 --- [ol-16-thread-17] c.dws.challenge.service.TransferService  : compareBalance -1 
2024-02-22T18:23:40.713+05:30 ERROR 11235 --- [ol-16-thread-18] c.d.c.web.AccountsTransferController     : Exception occurs

com.dws.challenge.exception.InsufficientBalanceException: Insufficient Balance in account Account123
	at com.dws.challenge.service.TransferService.transferAmount(TransferService.java:21) ~[main/:na]
	at com.dws.challenge.web.AccountsTransferController.transferAmount(AccountsTransferController.java:64) ~[main/:na]
	at com.dws.challenge.ConcurrentTransferTest.lambda$concurrentTransferTest$0(ConcurrentTransferTest.java:63) ~[test/:na]
	at java.base/java.util.concurrent.ThreadPoolExecutor.runWorker(ThreadPoolExecutor.java:1136) ~[na:na]
	at java.base/java.util.concurrent.ThreadPoolExecutor$Worker.run(ThreadPoolExecutor.java:635) ~[na:na]
	at java.base/java.lang.Thread.run(Thread.java:842) ~[na:na]

2024-02-22T18:23:40.713+05:30 ERROR 11235 --- [ol-16-thread-17] c.d.c.web.AccountsTransferController     : Exception occurs

com.dws.challenge.exception.InsufficientBalanceException: Insufficient Balance in account Account123
	at com.dws.challenge.service.TransferService.transferAmount(TransferService.java:21) ~[main/:na]
	at com.dws.challenge.web.AccountsTransferController.transferAmount(AccountsTransferController.java:64) ~[main/:na]
	at com.dws.challenge.ConcurrentTransferTest.lambda$concurrentTransferTest$0(ConcurrentTransferTest.java:63) ~[test/:na]
	at java.base/java.util.concurrent.ThreadPoolExecutor.runWorker(ThreadPoolExecutor.java:1136) ~[na:na]
	at java.base/java.util.concurrent.ThreadPoolExecutor$Worker.run(ThreadPoolExecutor.java:635) ~[na:na]
	at java.base/java.lang.Thread.run(Thread.java:842) ~[na:na]

2024-02-22T18:23:40.713+05:30 ERROR 11235 --- [ool-16-thread-9] c.d.c.web.AccountsTransferController     : Exception occurs

com.dws.challenge.exception.InsufficientBalanceException: Insufficient Balance in account Account123
	at com.dws.challenge.service.TransferService.transferAmount(TransferService.java:21) ~[main/:na]
	at com.dws.challenge.web.AccountsTransferController.transferAmount(AccountsTransferController.java:64) ~[main/:na]
	at com.dws.challenge.ConcurrentTransferTest.lambda$concurrentTransferTest$0(ConcurrentTransferTest.java:63) ~[test/:na]
	at java.base/java.util.concurrent.ThreadPoolExecutor.runWorker(ThreadPoolExecutor.java:1136) ~[na:na]
	at java.base/java.util.concurrent.ThreadPoolExecutor$Worker.run(ThreadPoolExecutor.java:635) ~[na:na]
	at java.base/java.lang.Thread.run(Thread.java:842) ~[na:na]

2024-02-22T18:23:40.713+05:30  INFO 11235 --- [ol-16-thread-16] c.dws.challenge.service.TransferService  : compareBalance -1 
2024-02-22T18:23:40.714+05:30 ERROR 11235 --- [ol-16-thread-16] c.d.c.web.AccountsTransferController     : Exception occurs

com.dws.challenge.exception.InsufficientBalanceException: Insufficient Balance in account Account123
	at com.dws.challenge.service.TransferService.transferAmount(TransferService.java:21) ~[main/:na]
	at com.dws.challenge.web.AccountsTransferController.transferAmount(AccountsTransferController.java:64) ~[main/:na]
	at com.dws.challenge.ConcurrentTransferTest.lambda$concurrentTransferTest$0(ConcurrentTransferTest.java:63) ~[test/:na]
	at java.base/java.util.concurrent.ThreadPoolExecutor.runWorker(ThreadPoolExecutor.java:1136) ~[na:na]
	at java.base/java.util.concurrent.ThreadPoolExecutor$Worker.run(ThreadPoolExecutor.java:635) ~[na:na]
	at java.base/java.lang.Thread.run(Thread.java:842) ~[na:na]

2024-02-22T18:23:40.714+05:30  INFO 11235 --- [ol-16-thread-13] c.dws.challenge.service.TransferService  : compareBalance -1 
2024-02-22T18:23:40.714+05:30  INFO 11235 --- [ol-16-thread-11] c.dws.challenge.service.TransferService  : compareBalance -1 
2024-02-22T18:23:40.714+05:30 ERROR 11235 --- [ol-16-thread-13] c.d.c.web.AccountsTransferController     : Exception occurs

com.dws.challenge.exception.InsufficientBalanceException: Insufficient Balance in account Account123
	at com.dws.challenge.service.TransferService.transferAmount(TransferService.java:21) ~[main/:na]
	at com.dws.challenge.web.AccountsTransferController.transferAmount(AccountsTransferController.java:64) ~[main/:na]
	at com.dws.challenge.ConcurrentTransferTest.lambda$concurrentTransferTest$0(ConcurrentTransferTest.java:63) ~[test/:na]
	at java.base/java.util.concurrent.ThreadPoolExecutor.runWorker(ThreadPoolExecutor.java:1136) ~[na:na]
	at java.base/java.util.concurrent.ThreadPoolExecutor$Worker.run(ThreadPoolExecutor.java:635) ~[na:na]
	at java.base/java.lang.Thread.run(Thread.java:842) ~[na:na]

2024-02-22T18:23:40.714+05:30  INFO 11235 --- [ool-16-thread-8] c.dws.challenge.service.TransferService  : compareBalance -1 
2024-02-22T18:23:40.714+05:30 ERROR 11235 --- [ol-16-thread-11] c.d.c.web.AccountsTransferController     : Exception occurs

com.dws.challenge.exception.InsufficientBalanceException: Insufficient Balance in account Account123
	at com.dws.challenge.service.TransferService.transferAmount(TransferService.java:21) ~[main/:na]
	at com.dws.challenge.web.AccountsTransferController.transferAmount(AccountsTransferController.java:64) ~[main/:na]
	at com.dws.challenge.ConcurrentTransferTest.lambda$concurrentTransferTest$0(ConcurrentTransferTest.java:63) ~[test/:na]
	at java.base/java.util.concurrent.ThreadPoolExecutor.runWorker(ThreadPoolExecutor.java:1136) ~[na:na]
	at java.base/java.util.concurrent.ThreadPoolExecutor$Worker.run(ThreadPoolExecutor.java:635) ~[na:na]
	at java.base/java.lang.Thread.run(Thread.java:842) ~[na:na]

2024-02-22T18:23:40.715+05:30 ERROR 11235 --- [ool-16-thread-8] c.d.c.web.AccountsTransferController     : Exception occurs

com.dws.challenge.exception.InsufficientBalanceException: Insufficient Balance in account Account123
	at com.dws.challenge.service.TransferService.transferAmount(TransferService.java:21) ~[main/:na]
	at com.dws.challenge.web.AccountsTransferController.transferAmount(AccountsTransferController.java:64) ~[main/:na]
	at com.dws.challenge.ConcurrentTransferTest.lambda$concurrentTransferTest$0(ConcurrentTransferTest.java:63) ~[test/:na]
	at java.base/java.util.concurrent.ThreadPoolExecutor.runWorker(ThreadPoolExecutor.java:1136) ~[na:na]
	at java.base/java.util.concurrent.ThreadPoolExecutor$Worker.run(ThreadPoolExecutor.java:635) ~[na:na]
	at java.base/java.lang.Thread.run(Thread.java:842) ~[na:na]

2024-02-22T18:23:40.722+05:30  INFO 11235 --- [ool-17-thread-3] c.d.c.web.AccountsTransferController     : Transfer Amount  Transfer(accountFrom=Account123, accountTo=Account124, amount=1000)
2024-02-22T18:23:40.723+05:30  INFO 11235 --- [ol-17-thread-11] c.d.c.web.AccountsTransferController     : Transfer Amount  Transfer(accountFrom=Account123, accountTo=Account124, amount=1000)
2024-02-22T18:23:40.723+05:30  INFO 11235 --- [ol-17-thread-12] c.d.c.web.AccountsTransferController     : Transfer Amount  Transfer(accountFrom=Account123, accountTo=Account124, amount=1000)
2024-02-22T18:23:40.723+05:30  INFO 11235 --- [ol-17-thread-15] c.d.c.web.AccountsTransferController     : Transfer Amount  Transfer(accountFrom=Account123, accountTo=Account124, amount=1000)
2024-02-22T18:23:40.722+05:30  INFO 11235 --- [ool-17-thread-7] c.d.c.web.AccountsTransferController     : Transfer Amount  Transfer(accountFrom=Account123, accountTo=Account124, amount=1000)
2024-02-22T18:23:40.722+05:30  INFO 11235 --- [ool-17-thread-4] c.d.c.web.AccountsTransferController     : Transfer Amount  Transfer(accountFrom=Account123, accountTo=Account124, amount=1000)
2024-02-22T18:23:40.722+05:30  INFO 11235 --- [ool-17-thread-8] c.d.c.web.AccountsTransferController     : Transfer Amount  Transfer(accountFrom=Account123, accountTo=Account124, amount=1000)
2024-02-22T18:23:40.722+05:30  INFO 11235 --- [ool-17-thread-5] c.d.c.web.AccountsTransferController     : Transfer Amount  Transfer(accountFrom=Account123, accountTo=Account124, amount=1000)
2024-02-22T18:23:40.722+05:30  INFO 11235 --- [ool-17-thread-2] c.d.c.web.AccountsTransferController     : Transfer Amount  Transfer(accountFrom=Account123, accountTo=Account124, amount=1000)
2024-02-22T18:23:40.722+05:30  INFO 11235 --- [ol-17-thread-20] c.d.c.web.AccountsTransferController     : Transfer Amount  Transfer(accountFrom=Account123, accountTo=Account124, amount=1000)
2024-02-22T18:23:40.722+05:30  INFO 11235 --- [ool-17-thread-9] c.d.c.web.AccountsTransferController     : Transfer Amount  Transfer(accountFrom=Account123, accountTo=Account124, amount=1000)
2024-02-22T18:23:40.722+05:30  INFO 11235 --- [ol-17-thread-10] c.d.c.web.AccountsTransferController     : Transfer Amount  Transfer(accountFrom=Account123, accountTo=Account124, amount=1000)
2024-02-22T18:23:40.722+05:30  INFO 11235 --- [ool-17-thread-1] c.d.c.web.AccountsTransferController     : Transfer Amount  Transfer(accountFrom=Account123, accountTo=Account124, amount=1000)
2024-02-22T18:23:40.723+05:30  INFO 11235 --- [ol-17-thread-13] c.d.c.web.AccountsTransferController     : Transfer Amount  Transfer(accountFrom=Account123, accountTo=Account124, amount=1000)
2024-02-22T18:23:40.722+05:30  INFO 11235 --- [ool-17-thread-6] c.d.c.web.AccountsTransferController     : Transfer Amount  Transfer(accountFrom=Account123, accountTo=Account124, amount=1000)
2024-02-22T18:23:40.723+05:30  INFO 11235 --- [ool-17-thread-3] c.dws.challenge.service.TransferService  : compareBalance 0 
2024-02-22T18:23:40.723+05:30  INFO 11235 --- [ol-17-thread-14] c.d.c.web.AccountsTransferController     : Transfer Amount  Transfer(accountFrom=Account123, accountTo=Account124, amount=1000)
2024-02-22T18:23:40.723+05:30  INFO 11235 --- [ol-17-thread-16] c.d.c.web.AccountsTransferController     : Transfer Amount  Transfer(accountFrom=Account123, accountTo=Account124, amount=1000)
2024-02-22T18:23:40.723+05:30  INFO 11235 --- [ol-17-thread-17] c.d.c.web.AccountsTransferController     : Transfer Amount  Transfer(accountFrom=Account123, accountTo=Account124, amount=1000)
2024-02-22T18:23:40.723+05:30  INFO 11235 --- [ol-17-thread-19] c.d.c.web.AccountsTransferController     : Transfer Amount  Transfer(accountFrom=Account123, accountTo=Account124, amount=1000)
2024-02-22T18:23:40.723+05:30  INFO 11235 --- [ol-17-thread-18] c.d.c.web.AccountsTransferController     : Transfer Amount  Transfer(accountFrom=Account123, accountTo=Account124, amount=1000)
2024-02-22T18:23:40.724+05:30  INFO 11235 --- [ool-17-thread-3] c.d.c.service.EmailNotificationService   : Sending notification to owner of Account123: 1000 has been debited and transferred to account Account124
2024-02-22T18:23:40.724+05:30  INFO 11235 --- [ool-17-thread-3] c.d.c.service.EmailNotificationService   : Sending notification to owner of Account124: 1000 has been credited to your account from account Account123
2024-02-22T18:23:40.724+05:30  INFO 11235 --- [ool-17-thread-3] c.d.c.web.AccountsTransferController     : notification sent successfully
2024-02-22T18:23:40.724+05:30  INFO 11235 --- [ol-17-thread-18] c.dws.challenge.service.TransferService  : compareBalance -1 
2024-02-22T18:23:40.724+05:30  INFO 11235 --- [ol-17-thread-19] c.dws.challenge.service.TransferService  : compareBalance -1 
2024-02-22T18:23:40.724+05:30 ERROR 11235 --- [ol-17-thread-18] c.d.c.web.AccountsTransferController     : Exception occurs

com.dws.challenge.exception.InsufficientBalanceException: Insufficient Balance in account Account123
	at com.dws.challenge.service.TransferService.transferAmount(TransferService.java:21) ~[main/:na]
	at com.dws.challenge.web.AccountsTransferController.transferAmount(AccountsTransferController.java:64) ~[main/:na]
	at com.dws.challenge.ConcurrentTransferTest.lambda$concurrentTransferTest$0(ConcurrentTransferTest.java:63) ~[test/:na]
	at java.base/java.util.concurrent.ThreadPoolExecutor.runWorker(ThreadPoolExecutor.java:1136) ~[na:na]
	at java.base/java.util.concurrent.ThreadPoolExecutor$Worker.run(ThreadPoolExecutor.java:635) ~[na:na]
	at java.base/java.lang.Thread.run(Thread.java:842) ~[na:na]

2024-02-22T18:23:40.724+05:30 ERROR 11235 --- [ol-17-thread-19] c.d.c.web.AccountsTransferController     : Exception occurs

com.dws.challenge.exception.InsufficientBalanceException: Insufficient Balance in account Account123
	at com.dws.challenge.service.TransferService.transferAmount(TransferService.java:21) ~[main/:na]
	at com.dws.challenge.web.AccountsTransferController.transferAmount(AccountsTransferController.java:64) ~[main/:na]
	at com.dws.challenge.ConcurrentTransferTest.lambda$concurrentTransferTest$0(ConcurrentTransferTest.java:63) ~[test/:na]
	at java.base/java.util.concurrent.ThreadPoolExecutor.runWorker(ThreadPoolExecutor.java:1136) ~[na:na]
	at java.base/java.util.concurrent.ThreadPoolExecutor$Worker.run(ThreadPoolExecutor.java:635) ~[na:na]
	at java.base/java.lang.Thread.run(Thread.java:842) ~[na:na]

2024-02-22T18:23:40.724+05:30  INFO 11235 --- [ol-17-thread-17] c.dws.challenge.service.TransferService  : compareBalance -1 
2024-02-22T18:23:40.725+05:30  INFO 11235 --- [ol-17-thread-16] c.dws.challenge.service.TransferService  : compareBalance -1 
2024-02-22T18:23:40.725+05:30 ERROR 11235 --- [ol-17-thread-17] c.d.c.web.AccountsTransferController     : Exception occurs

com.dws.challenge.exception.InsufficientBalanceException: Insufficient Balance in account Account123
	at com.dws.challenge.service.TransferService.transferAmount(TransferService.java:21) ~[main/:na]
	at com.dws.challenge.web.AccountsTransferController.transferAmount(AccountsTransferController.java:64) ~[main/:na]
	at com.dws.challenge.ConcurrentTransferTest.lambda$concurrentTransferTest$0(ConcurrentTransferTest.java:63) ~[test/:na]
	at java.base/java.util.concurrent.ThreadPoolExecutor.runWorker(ThreadPoolExecutor.java:1136) ~[na:na]
	at java.base/java.util.concurrent.ThreadPoolExecutor$Worker.run(ThreadPoolExecutor.java:635) ~[na:na]
	at java.base/java.lang.Thread.run(Thread.java:842) ~[na:na]

2024-02-22T18:23:40.725+05:30  INFO 11235 --- [ol-17-thread-14] c.dws.challenge.service.TransferService  : compareBalance -1 
2024-02-22T18:23:40.725+05:30 ERROR 11235 --- [ol-17-thread-16] c.d.c.web.AccountsTransferController     : Exception occurs

com.dws.challenge.exception.InsufficientBalanceException: Insufficient Balance in account Account123
	at com.dws.challenge.service.TransferService.transferAmount(TransferService.java:21) ~[main/:na]
	at com.dws.challenge.web.AccountsTransferController.transferAmount(AccountsTransferController.java:64) ~[main/:na]
	at com.dws.challenge.ConcurrentTransferTest.lambda$concurrentTransferTest$0(ConcurrentTransferTest.java:63) ~[test/:na]
	at java.base/java.util.concurrent.ThreadPoolExecutor.runWorker(ThreadPoolExecutor.java:1136) ~[na:na]
	at java.base/java.util.concurrent.ThreadPoolExecutor$Worker.run(ThreadPoolExecutor.java:635) ~[na:na]
	at java.base/java.lang.Thread.run(Thread.java:842) ~[na:na]

2024-02-22T18:23:40.725+05:30  INFO 11235 --- [ool-17-thread-6] c.dws.challenge.service.TransferService  : compareBalance -1 
2024-02-22T18:23:40.725+05:30 ERROR 11235 --- [ol-17-thread-14] c.d.c.web.AccountsTransferController     : Exception occurs

com.dws.challenge.exception.InsufficientBalanceException: Insufficient Balance in account Account123
	at com.dws.challenge.service.TransferService.transferAmount(TransferService.java:21) ~[main/:na]
	at com.dws.challenge.web.AccountsTransferController.transferAmount(AccountsTransferController.java:64) ~[main/:na]
	at com.dws.challenge.ConcurrentTransferTest.lambda$concurrentTransferTest$0(ConcurrentTransferTest.java:63) ~[test/:na]
	at java.base/java.util.concurrent.ThreadPoolExecutor.runWorker(ThreadPoolExecutor.java:1136) ~[na:na]
	at java.base/java.util.concurrent.ThreadPoolExecutor$Worker.run(ThreadPoolExecutor.java:635) ~[na:na]
	at java.base/java.lang.Thread.run(Thread.java:842) ~[na:na]

2024-02-22T18:23:40.725+05:30  INFO 11235 --- [ol-17-thread-13] c.dws.challenge.service.TransferService  : compareBalance -1 
2024-02-22T18:23:40.725+05:30 ERROR 11235 --- [ool-17-thread-6] c.d.c.web.AccountsTransferController     : Exception occurs

com.dws.challenge.exception.InsufficientBalanceException: Insufficient Balance in account Account123
	at com.dws.challenge.service.TransferService.transferAmount(TransferService.java:21) ~[main/:na]
	at com.dws.challenge.web.AccountsTransferController.transferAmount(AccountsTransferController.java:64) ~[main/:na]
	at com.dws.challenge.ConcurrentTransferTest.lambda$concurrentTransferTest$0(ConcurrentTransferTest.java:63) ~[test/:na]
	at java.base/java.util.concurrent.ThreadPoolExecutor.runWorker(ThreadPoolExecutor.java:1136) ~[na:na]
	at java.base/java.util.concurrent.ThreadPoolExecutor$Worker.run(ThreadPoolExecutor.java:635) ~[na:na]
	at java.base/java.lang.Thread.run(Thread.java:842) ~[na:na]

2024-02-22T18:23:40.725+05:30 ERROR 11235 --- [ol-17-thread-13] c.d.c.web.AccountsTransferController     : Exception occurs

com.dws.challenge.exception.InsufficientBalanceException: Insufficient Balance in account Account123
	at com.dws.challenge.service.TransferService.transferAmount(TransferService.java:21) ~[main/:na]
	at com.dws.challenge.web.AccountsTransferController.transferAmount(AccountsTransferController.java:64) ~[main/:na]
	at com.dws.challenge.ConcurrentTransferTest.lambda$concurrentTransferTest$0(ConcurrentTransferTest.java:63) ~[test/:na]
	at java.base/java.util.concurrent.ThreadPoolExecutor.runWorker(ThreadPoolExecutor.java:1136) ~[na:na]
	at java.base/java.util.concurrent.ThreadPoolExecutor$Worker.run(ThreadPoolExecutor.java:635) ~[na:na]
	at java.base/java.lang.Thread.run(Thread.java:842) ~[na:na]

2024-02-22T18:23:40.725+05:30  INFO 11235 --- [ool-17-thread-1] c.dws.challenge.service.TransferService  : compareBalance -1 
2024-02-22T18:23:40.726+05:30  INFO 11235 --- [ol-17-thread-10] c.dws.challenge.service.TransferService  : compareBalance -1 
2024-02-22T18:23:40.726+05:30 ERROR 11235 --- [ool-17-thread-1] c.d.c.web.AccountsTransferController     : Exception occurs

com.dws.challenge.exception.InsufficientBalanceException: Insufficient Balance in account Account123
	at com.dws.challenge.service.TransferService.transferAmount(TransferService.java:21) ~[main/:na]
	at com.dws.challenge.web.AccountsTransferController.transferAmount(AccountsTransferController.java:64) ~[main/:na]
	at com.dws.challenge.ConcurrentTransferTest.lambda$concurrentTransferTest$0(ConcurrentTransferTest.java:63) ~[test/:na]
	at java.base/java.util.concurrent.ThreadPoolExecutor.runWorker(ThreadPoolExecutor.java:1136) ~[na:na]
	at java.base/java.util.concurrent.ThreadPoolExecutor$Worker.run(ThreadPoolExecutor.java:635) ~[na:na]
	at java.base/java.lang.Thread.run(Thread.java:842) ~[na:na]

2024-02-22T18:23:40.726+05:30  INFO 11235 --- [ool-17-thread-9] c.dws.challenge.service.TransferService  : compareBalance -1 
2024-02-22T18:23:40.726+05:30 ERROR 11235 --- [ol-17-thread-10] c.d.c.web.AccountsTransferController     : Exception occurs

com.dws.challenge.exception.InsufficientBalanceException: Insufficient Balance in account Account123
	at com.dws.challenge.service.TransferService.transferAmount(TransferService.java:21) ~[main/:na]
	at com.dws.challenge.web.AccountsTransferController.transferAmount(AccountsTransferController.java:64) ~[main/:na]
	at com.dws.challenge.ConcurrentTransferTest.lambda$concurrentTransferTest$0(ConcurrentTransferTest.java:63) ~[test/:na]
	at java.base/java.util.concurrent.ThreadPoolExecutor.runWorker(ThreadPoolExecutor.java:1136) ~[na:na]
	at java.base/java.util.concurrent.ThreadPoolExecutor$Worker.run(ThreadPoolExecutor.java:635) ~[na:na]
	at java.base/java.lang.Thread.run(Thread.java:842) ~[na:na]

2024-02-22T18:23:40.726+05:30 ERROR 11235 --- [ool-17-thread-9] c.d.c.web.AccountsTransferController     : Exception occurs

com.dws.challenge.exception.InsufficientBalanceException: Insufficient Balance in account Account123
	at com.dws.challenge.service.TransferService.transferAmount(TransferService.java:21) ~[main/:na]
	at com.dws.challenge.web.AccountsTransferController.transferAmount(AccountsTransferController.java:64) ~[main/:na]
	at com.dws.challenge.ConcurrentTransferTest.lambda$concurrentTransferTest$0(ConcurrentTransferTest.java:63) ~[test/:na]
	at java.base/java.util.concurrent.ThreadPoolExecutor.runWorker(ThreadPoolExecutor.java:1136) ~[na:na]
	at java.base/java.util.concurrent.ThreadPoolExecutor$Worker.run(ThreadPoolExecutor.java:635) ~[na:na]
	at java.base/java.lang.Thread.run(Thread.java:842) ~[na:na]

2024-02-22T18:23:40.726+05:30  INFO 11235 --- [ol-17-thread-20] c.dws.challenge.service.TransferService  : compareBalance -1 
2024-02-22T18:23:40.726+05:30  INFO 11235 --- [ool-17-thread-2] c.dws.challenge.service.TransferService  : compareBalance -1 
2024-02-22T18:23:40.726+05:30 ERROR 11235 --- [ol-17-thread-20] c.d.c.web.AccountsTransferController     : Exception occurs

com.dws.challenge.exception.InsufficientBalanceException: Insufficient Balance in account Account123
	at com.dws.challenge.service.TransferService.transferAmount(TransferService.java:21) ~[main/:na]
	at com.dws.challenge.web.AccountsTransferController.transferAmount(AccountsTransferController.java:64) ~[main/:na]
	at com.dws.challenge.ConcurrentTransferTest.lambda$concurrentTransferTest$0(ConcurrentTransferTest.java:63) ~[test/:na]
	at java.base/java.util.concurrent.ThreadPoolExecutor.runWorker(ThreadPoolExecutor.java:1136) ~[na:na]
	at java.base/java.util.concurrent.ThreadPoolExecutor$Worker.run(ThreadPoolExecutor.java:635) ~[na:na]
	at java.base/java.lang.Thread.run(Thread.java:842) ~[na:na]

2024-02-22T18:23:40.726+05:30  INFO 11235 --- [ool-17-thread-5] c.dws.challenge.service.TransferService  : compareBalance -1 
2024-02-22T18:23:40.726+05:30 ERROR 11235 --- [ool-17-thread-2] c.d.c.web.AccountsTransferController     : Exception occurs

com.dws.challenge.exception.InsufficientBalanceException: Insufficient Balance in account Account123
	at com.dws.challenge.service.TransferService.transferAmount(TransferService.java:21) ~[main/:na]
	at com.dws.challenge.web.AccountsTransferController.transferAmount(AccountsTransferController.java:64) ~[main/:na]
	at com.dws.challenge.ConcurrentTransferTest.lambda$concurrentTransferTest$0(ConcurrentTransferTest.java:63) ~[test/:na]
	at java.base/java.util.concurrent.ThreadPoolExecutor.runWorker(ThreadPoolExecutor.java:1136) ~[na:na]
	at java.base/java.util.concurrent.ThreadPoolExecutor$Worker.run(ThreadPoolExecutor.java:635) ~[na:na]
	at java.base/java.lang.Thread.run(Thread.java:842) ~[na:na]

2024-02-22T18:23:40.727+05:30 ERROR 11235 --- [ool-17-thread-5] c.d.c.web.AccountsTransferController     : Exception occurs

com.dws.challenge.exception.InsufficientBalanceException: Insufficient Balance in account Account123
	at com.dws.challenge.service.TransferService.transferAmount(TransferService.java:21) ~[main/:na]
	at com.dws.challenge.web.AccountsTransferController.transferAmount(AccountsTransferController.java:64) ~[main/:na]
	at com.dws.challenge.ConcurrentTransferTest.lambda$concurrentTransferTest$0(ConcurrentTransferTest.java:63) ~[test/:na]
	at java.base/java.util.concurrent.ThreadPoolExecutor.runWorker(ThreadPoolExecutor.java:1136) ~[na:na]
	at java.base/java.util.concurrent.ThreadPoolExecutor$Worker.run(ThreadPoolExecutor.java:635) ~[na:na]
	at java.base/java.lang.Thread.run(Thread.java:842) ~[na:na]

2024-02-22T18:23:40.727+05:30  INFO 11235 --- [ool-17-thread-8] c.dws.challenge.service.TransferService  : compareBalance -1 
2024-02-22T18:23:40.727+05:30  INFO 11235 --- [ool-17-thread-4] c.dws.challenge.service.TransferService  : compareBalance -1 
2024-02-22T18:23:40.727+05:30 ERROR 11235 --- [ool-17-thread-8] c.d.c.web.AccountsTransferController     : Exception occurs

com.dws.challenge.exception.InsufficientBalanceException: Insufficient Balance in account Account123
	at com.dws.challenge.service.TransferService.transferAmount(TransferService.java:21) ~[main/:na]
	at com.dws.challenge.web.AccountsTransferController.transferAmount(AccountsTransferController.java:64) ~[main/:na]
	at com.dws.challenge.ConcurrentTransferTest.lambda$concurrentTransferTest$0(ConcurrentTransferTest.java:63) ~[test/:na]
	at java.base/java.util.concurrent.ThreadPoolExecutor.runWorker(ThreadPoolExecutor.java:1136) ~[na:na]
	at java.base/java.util.concurrent.ThreadPoolExecutor$Worker.run(ThreadPoolExecutor.java:635) ~[na:na]
	at java.base/java.lang.Thread.run(Thread.java:842) ~[na:na]

2024-02-22T18:23:40.727+05:30  INFO 11235 --- [ool-17-thread-7] c.dws.challenge.service.TransferService  : compareBalance -1 
2024-02-22T18:23:40.727+05:30 ERROR 11235 --- [ool-17-thread-4] c.d.c.web.AccountsTransferController     : Exception occurs

com.dws.challenge.exception.InsufficientBalanceException: Insufficient Balance in account Account123
	at com.dws.challenge.service.TransferService.transferAmount(TransferService.java:21) ~[main/:na]
	at com.dws.challenge.web.AccountsTransferController.transferAmount(AccountsTransferController.java:64) ~[main/:na]
	at com.dws.challenge.ConcurrentTransferTest.lambda$concurrentTransferTest$0(ConcurrentTransferTest.java:63) ~[test/:na]
	at java.base/java.util.concurrent.ThreadPoolExecutor.runWorker(ThreadPoolExecutor.java:1136) ~[na:na]
	at java.base/java.util.concurrent.ThreadPoolExecutor$Worker.run(ThreadPoolExecutor.java:635) ~[na:na]
	at java.base/java.lang.Thread.run(Thread.java:842) ~[na:na]

2024-02-22T18:23:40.727+05:30 ERROR 11235 --- [ool-17-thread-7] c.d.c.web.AccountsTransferController     : Exception occurs

com.dws.challenge.exception.InsufficientBalanceException: Insufficient Balance in account Account123
	at com.dws.challenge.service.TransferService.transferAmount(TransferService.java:21) ~[main/:na]
	at com.dws.challenge.web.AccountsTransferController.transferAmount(AccountsTransferController.java:64) ~[main/:na]
	at com.dws.challenge.ConcurrentTransferTest.lambda$concurrentTransferTest$0(ConcurrentTransferTest.java:63) ~[test/:na]
	at java.base/java.util.concurrent.ThreadPoolExecutor.runWorker(ThreadPoolExecutor.java:1136) ~[na:na]
	at java.base/java.util.concurrent.ThreadPoolExecutor$Worker.run(ThreadPoolExecutor.java:635) ~[na:na]
	at java.base/java.lang.Thread.run(Thread.java:842) ~[na:na]

2024-02-22T18:23:40.728+05:30  INFO 11235 --- [ol-17-thread-15] c.dws.challenge.service.TransferService  : compareBalance -1 
2024-02-22T18:23:40.728+05:30  INFO 11235 --- [ol-17-thread-12] c.dws.challenge.service.TransferService  : compareBalance -1 
2024-02-22T18:23:40.728+05:30 ERROR 11235 --- [ol-17-thread-15] c.d.c.web.AccountsTransferController     : Exception occurs

com.dws.challenge.exception.InsufficientBalanceException: Insufficient Balance in account Account123
	at com.dws.challenge.service.TransferService.transferAmount(TransferService.java:21) ~[main/:na]
	at com.dws.challenge.web.AccountsTransferController.transferAmount(AccountsTransferController.java:64) ~[main/:na]
	at com.dws.challenge.ConcurrentTransferTest.lambda$concurrentTransferTest$0(ConcurrentTransferTest.java:63) ~[test/:na]
	at java.base/java.util.concurrent.ThreadPoolExecutor.runWorker(ThreadPoolExecutor.java:1136) ~[na:na]
	at java.base/java.util.concurrent.ThreadPoolExecutor$Worker.run(ThreadPoolExecutor.java:635) ~[na:na]
	at java.base/java.lang.Thread.run(Thread.java:842) ~[na:na]

2024-02-22T18:23:40.728+05:30  INFO 11235 --- [ol-17-thread-11] c.dws.challenge.service.TransferService  : compareBalance -1 
2024-02-22T18:23:40.728+05:30 ERROR 11235 --- [ol-17-thread-12] c.d.c.web.AccountsTransferController     : Exception occurs

com.dws.challenge.exception.InsufficientBalanceException: Insufficient Balance in account Account123
	at com.dws.challenge.service.TransferService.transferAmount(TransferService.java:21) ~[main/:na]
	at com.dws.challenge.web.AccountsTransferController.transferAmount(AccountsTransferController.java:64) ~[main/:na]
	at com.dws.challenge.ConcurrentTransferTest.lambda$concurrentTransferTest$0(ConcurrentTransferTest.java:63) ~[test/:na]
	at java.base/java.util.concurrent.ThreadPoolExecutor.runWorker(ThreadPoolExecutor.java:1136) ~[na:na]
	at java.base/java.util.concurrent.ThreadPoolExecutor$Worker.run(ThreadPoolExecutor.java:635) ~[na:na]
	at java.base/java.lang.Thread.run(Thread.java:842) ~[na:na]

2024-02-22T18:23:40.728+05:30 ERROR 11235 --- [ol-17-thread-11] c.d.c.web.AccountsTransferController     : Exception occurs

com.dws.challenge.exception.InsufficientBalanceException: Insufficient Balance in account Account123
	at com.dws.challenge.service.TransferService.transferAmount(TransferService.java:21) ~[main/:na]
	at com.dws.challenge.web.AccountsTransferController.transferAmount(AccountsTransferController.java:64) ~[main/:na]
	at com.dws.challenge.ConcurrentTransferTest.lambda$concurrentTransferTest$0(ConcurrentTransferTest.java:63) ~[test/:na]
	at java.base/java.util.concurrent.ThreadPoolExecutor.runWorker(ThreadPoolExecutor.java:1136) ~[na:na]
	at java.base/java.util.concurrent.ThreadPoolExecutor$Worker.run(ThreadPoolExecutor.java:635) ~[na:na]
	at java.base/java.lang.Thread.run(Thread.java:842) ~[na:na]

2024-02-22T18:23:40.734+05:30  INFO 11235 --- [ool-18-thread-1] c.d.c.web.AccountsTransferController     : Transfer Amount  Transfer(accountFrom=Account123, accountTo=Account124, amount=1000)
2024-02-22T18:23:40.734+05:30  INFO 11235 --- [ool-18-thread-9] c.d.c.web.AccountsTransferController     : Transfer Amount  Transfer(accountFrom=Account123, accountTo=Account124, amount=1000)
2024-02-22T18:23:40.734+05:30  INFO 11235 --- [ol-18-thread-13] c.d.c.web.AccountsTransferController     : Transfer Amount  Transfer(accountFrom=Account123, accountTo=Account124, amount=1000)
2024-02-22T18:23:40.734+05:30  INFO 11235 --- [ool-18-thread-2] c.d.c.web.AccountsTransferController     : Transfer Amount  Transfer(accountFrom=Account123, accountTo=Account124, amount=1000)
2024-02-22T18:23:40.735+05:30  INFO 11235 --- [ol-18-thread-18] c.d.c.web.AccountsTransferController     : Transfer Amount  Transfer(accountFrom=Account123, accountTo=Account124, amount=1000)
2024-02-22T18:23:40.734+05:30  INFO 11235 --- [ol-18-thread-20] c.d.c.web.AccountsTransferController     : Transfer Amount  Transfer(accountFrom=Account123, accountTo=Account124, amount=1000)
2024-02-22T18:23:40.734+05:30  INFO 11235 --- [ool-18-thread-6] c.d.c.web.AccountsTransferController     : Transfer Amount  Transfer(accountFrom=Account123, accountTo=Account124, amount=1000)
2024-02-22T18:23:40.734+05:30  INFO 11235 --- [ool-18-thread-3] c.d.c.web.AccountsTransferController     : Transfer Amount  Transfer(accountFrom=Account123, accountTo=Account124, amount=1000)
2024-02-22T18:23:40.734+05:30  INFO 11235 --- [ool-18-thread-7] c.d.c.web.AccountsTransferController     : Transfer Amount  Transfer(accountFrom=Account123, accountTo=Account124, amount=1000)
2024-02-22T18:23:40.734+05:30  INFO 11235 --- [ool-18-thread-5] c.d.c.web.AccountsTransferController     : Transfer Amount  Transfer(accountFrom=Account123, accountTo=Account124, amount=1000)
2024-02-22T18:23:40.734+05:30  INFO 11235 --- [ool-18-thread-4] c.d.c.web.AccountsTransferController     : Transfer Amount  Transfer(accountFrom=Account123, accountTo=Account124, amount=1000)
2024-02-22T18:23:40.734+05:30  INFO 11235 --- [ool-18-thread-8] c.d.c.web.AccountsTransferController     : Transfer Amount  Transfer(accountFrom=Account123, accountTo=Account124, amount=1000)
2024-02-22T18:23:40.734+05:30  INFO 11235 --- [ool-18-thread-1] c.dws.challenge.service.TransferService  : compareBalance 0 
2024-02-22T18:23:40.734+05:30  INFO 11235 --- [ol-18-thread-10] c.d.c.web.AccountsTransferController     : Transfer Amount  Transfer(accountFrom=Account123, accountTo=Account124, amount=1000)
2024-02-22T18:23:40.734+05:30  INFO 11235 --- [ol-18-thread-11] c.d.c.web.AccountsTransferController     : Transfer Amount  Transfer(accountFrom=Account123, accountTo=Account124, amount=1000)
2024-02-22T18:23:40.734+05:30  INFO 11235 --- [ol-18-thread-12] c.d.c.web.AccountsTransferController     : Transfer Amount  Transfer(accountFrom=Account123, accountTo=Account124, amount=1000)
2024-02-22T18:23:40.735+05:30  INFO 11235 --- [ol-18-thread-14] c.d.c.web.AccountsTransferController     : Transfer Amount  Transfer(accountFrom=Account123, accountTo=Account124, amount=1000)
2024-02-22T18:23:40.735+05:30  INFO 11235 --- [ol-18-thread-15] c.d.c.web.AccountsTransferController     : Transfer Amount  Transfer(accountFrom=Account123, accountTo=Account124, amount=1000)
2024-02-22T18:23:40.735+05:30  INFO 11235 --- [ol-18-thread-16] c.d.c.web.AccountsTransferController     : Transfer Amount  Transfer(accountFrom=Account123, accountTo=Account124, amount=1000)
2024-02-22T18:23:40.735+05:30  INFO 11235 --- [ol-18-thread-17] c.d.c.web.AccountsTransferController     : Transfer Amount  Transfer(accountFrom=Account123, accountTo=Account124, amount=1000)
2024-02-22T18:23:40.735+05:30  INFO 11235 --- [ol-18-thread-19] c.d.c.web.AccountsTransferController     : Transfer Amount  Transfer(accountFrom=Account123, accountTo=Account124, amount=1000)
2024-02-22T18:23:40.735+05:30  INFO 11235 --- [ool-18-thread-1] c.d.c.service.EmailNotificationService   : Sending notification to owner of Account123: 1000 has been debited and transferred to account Account124
2024-02-22T18:23:40.736+05:30  INFO 11235 --- [ool-18-thread-1] c.d.c.service.EmailNotificationService   : Sending notification to owner of Account124: 1000 has been credited to your account from account Account123
2024-02-22T18:23:40.736+05:30  INFO 11235 --- [ool-18-thread-1] c.d.c.web.AccountsTransferController     : notification sent successfully
2024-02-22T18:23:40.736+05:30  INFO 11235 --- [ol-18-thread-19] c.dws.challenge.service.TransferService  : compareBalance -1 
2024-02-22T18:23:40.736+05:30  INFO 11235 --- [ol-18-thread-17] c.dws.challenge.service.TransferService  : compareBalance -1 
2024-02-22T18:23:40.736+05:30  INFO 11235 --- [ol-18-thread-16] c.dws.challenge.service.TransferService  : compareBalance -1 
2024-02-22T18:23:40.736+05:30 ERROR 11235 --- [ol-18-thread-19] c.d.c.web.AccountsTransferController     : Exception occurs

com.dws.challenge.exception.InsufficientBalanceException: Insufficient Balance in account Account123
	at com.dws.challenge.service.TransferService.transferAmount(TransferService.java:21) ~[main/:na]
	at com.dws.challenge.web.AccountsTransferController.transferAmount(AccountsTransferController.java:64) ~[main/:na]
	at com.dws.challenge.ConcurrentTransferTest.lambda$concurrentTransferTest$0(ConcurrentTransferTest.java:63) ~[test/:na]
	at java.base/java.util.concurrent.ThreadPoolExecutor.runWorker(ThreadPoolExecutor.java:1136) ~[na:na]
	at java.base/java.util.concurrent.ThreadPoolExecutor$Worker.run(ThreadPoolExecutor.java:635) ~[na:na]
	at java.base/java.lang.Thread.run(Thread.java:842) ~[na:na]

2024-02-22T18:23:40.736+05:30 ERROR 11235 --- [ol-18-thread-17] c.d.c.web.AccountsTransferController     : Exception occurs

com.dws.challenge.exception.InsufficientBalanceException: Insufficient Balance in account Account123
	at com.dws.challenge.service.TransferService.transferAmount(TransferService.java:21) ~[main/:na]
	at com.dws.challenge.web.AccountsTransferController.transferAmount(AccountsTransferController.java:64) ~[main/:na]
	at com.dws.challenge.ConcurrentTransferTest.lambda$concurrentTransferTest$0(ConcurrentTransferTest.java:63) ~[test/:na]
	at java.base/java.util.concurrent.ThreadPoolExecutor.runWorker(ThreadPoolExecutor.java:1136) ~[na:na]
	at java.base/java.util.concurrent.ThreadPoolExecutor$Worker.run(ThreadPoolExecutor.java:635) ~[na:na]
	at java.base/java.lang.Thread.run(Thread.java:842) ~[na:na]

2024-02-22T18:23:40.736+05:30  INFO 11235 --- [ol-18-thread-15] c.dws.challenge.service.TransferService  : compareBalance -1 
2024-02-22T18:23:40.736+05:30 ERROR 11235 --- [ol-18-thread-16] c.d.c.web.AccountsTransferController     : Exception occurs

com.dws.challenge.exception.InsufficientBalanceException: Insufficient Balance in account Account123
	at com.dws.challenge.service.TransferService.transferAmount(TransferService.java:21) ~[main/:na]
	at com.dws.challenge.web.AccountsTransferController.transferAmount(AccountsTransferController.java:64) ~[main/:na]
	at com.dws.challenge.ConcurrentTransferTest.lambda$concurrentTransferTest$0(ConcurrentTransferTest.java:63) ~[test/:na]
	at java.base/java.util.concurrent.ThreadPoolExecutor.runWorker(ThreadPoolExecutor.java:1136) ~[na:na]
	at java.base/java.util.concurrent.ThreadPoolExecutor$Worker.run(ThreadPoolExecutor.java:635) ~[na:na]
	at java.base/java.lang.Thread.run(Thread.java:842) ~[na:na]

2024-02-22T18:23:40.736+05:30  INFO 11235 --- [ol-18-thread-14] c.dws.challenge.service.TransferService  : compareBalance -1 
2024-02-22T18:23:40.736+05:30 ERROR 11235 --- [ol-18-thread-15] c.d.c.web.AccountsTransferController     : Exception occurs

com.dws.challenge.exception.InsufficientBalanceException: Insufficient Balance in account Account123
	at com.dws.challenge.service.TransferService.transferAmount(TransferService.java:21) ~[main/:na]
	at com.dws.challenge.web.AccountsTransferController.transferAmount(AccountsTransferController.java:64) ~[main/:na]
	at com.dws.challenge.ConcurrentTransferTest.lambda$concurrentTransferTest$0(ConcurrentTransferTest.java:63) ~[test/:na]
	at java.base/java.util.concurrent.ThreadPoolExecutor.runWorker(ThreadPoolExecutor.java:1136) ~[na:na]
	at java.base/java.util.concurrent.ThreadPoolExecutor$Worker.run(ThreadPoolExecutor.java:635) ~[na:na]
	at java.base/java.lang.Thread.run(Thread.java:842) ~[na:na]

2024-02-22T18:23:40.737+05:30  INFO 11235 --- [ol-18-thread-12] c.dws.challenge.service.TransferService  : compareBalance -1 
2024-02-22T18:23:40.737+05:30 ERROR 11235 --- [ol-18-thread-14] c.d.c.web.AccountsTransferController     : Exception occurs

com.dws.challenge.exception.InsufficientBalanceException: Insufficient Balance in account Account123
	at com.dws.challenge.service.TransferService.transferAmount(TransferService.java:21) ~[main/:na]
	at com.dws.challenge.web.AccountsTransferController.transferAmount(AccountsTransferController.java:64) ~[main/:na]
	at com.dws.challenge.ConcurrentTransferTest.lambda$concurrentTransferTest$0(ConcurrentTransferTest.java:63) ~[test/:na]
	at java.base/java.util.concurrent.ThreadPoolExecutor.runWorker(ThreadPoolExecutor.java:1136) ~[na:na]
	at java.base/java.util.concurrent.ThreadPoolExecutor$Worker.run(ThreadPoolExecutor.java:635) ~[na:na]
	at java.base/java.lang.Thread.run(Thread.java:842) ~[na:na]

2024-02-22T18:23:40.737+05:30  INFO 11235 --- [ol-18-thread-11] c.dws.challenge.service.TransferService  : compareBalance -1 
2024-02-22T18:23:40.737+05:30 ERROR 11235 --- [ol-18-thread-12] c.d.c.web.AccountsTransferController     : Exception occurs

com.dws.challenge.exception.InsufficientBalanceException: Insufficient Balance in account Account123
	at com.dws.challenge.service.TransferService.transferAmount(TransferService.java:21) ~[main/:na]
	at com.dws.challenge.web.AccountsTransferController.transferAmount(AccountsTransferController.java:64) ~[main/:na]
	at com.dws.challenge.ConcurrentTransferTest.lambda$concurrentTransferTest$0(ConcurrentTransferTest.java:63) ~[test/:na]
	at java.base/java.util.concurrent.ThreadPoolExecutor.runWorker(ThreadPoolExecutor.java:1136) ~[na:na]
	at java.base/java.util.concurrent.ThreadPoolExecutor$Worker.run(ThreadPoolExecutor.java:635) ~[na:na]
	at java.base/java.lang.Thread.run(Thread.java:842) ~[na:na]

2024-02-22T18:23:40.737+05:30  INFO 11235 --- [ol-18-thread-10] c.dws.challenge.service.TransferService  : compareBalance -1 
2024-02-22T18:23:40.737+05:30  INFO 11235 --- [ool-18-thread-8] c.dws.challenge.service.TransferService  : compareBalance -1 
2024-02-22T18:23:40.737+05:30 ERROR 11235 --- [ol-18-thread-10] c.d.c.web.AccountsTransferController     : Exception occurs

com.dws.challenge.exception.InsufficientBalanceException: Insufficient Balance in account Account123
	at com.dws.challenge.service.TransferService.transferAmount(TransferService.java:21) ~[main/:na]
	at com.dws.challenge.web.AccountsTransferController.transferAmount(AccountsTransferController.java:64) ~[main/:na]
	at com.dws.challenge.ConcurrentTransferTest.lambda$concurrentTransferTest$0(ConcurrentTransferTest.java:63) ~[test/:na]
	at java.base/java.util.concurrent.ThreadPoolExecutor.runWorker(ThreadPoolExecutor.java:1136) ~[na:na]
	at java.base/java.util.concurrent.ThreadPoolExecutor$Worker.run(ThreadPoolExecutor.java:635) ~[na:na]
	at java.base/java.lang.Thread.run(Thread.java:842) ~[na:na]

2024-02-22T18:23:40.737+05:30  INFO 11235 --- [ool-18-thread-4] c.dws.challenge.service.TransferService  : compareBalance -1 
2024-02-22T18:23:40.737+05:30 ERROR 11235 --- [ol-18-thread-11] c.d.c.web.AccountsTransferController     : Exception occurs

com.dws.challenge.exception.InsufficientBalanceException: Insufficient Balance in account Account123
	at com.dws.challenge.service.TransferService.transferAmount(TransferService.java:21) ~[main/:na]
	at com.dws.challenge.web.AccountsTransferController.transferAmount(AccountsTransferController.java:64) ~[main/:na]
	at com.dws.challenge.ConcurrentTransferTest.lambda$concurrentTransferTest$0(ConcurrentTransferTest.java:63) ~[test/:na]
	at java.base/java.util.concurrent.ThreadPoolExecutor.runWorker(ThreadPoolExecutor.java:1136) ~[na:na]
	at java.base/java.util.concurrent.ThreadPoolExecutor$Worker.run(ThreadPoolExecutor.java:635) ~[na:na]
	at java.base/java.lang.Thread.run(Thread.java:842) ~[na:na]

2024-02-22T18:23:40.737+05:30 ERROR 11235 --- [ool-18-thread-4] c.d.c.web.AccountsTransferController     : Exception occurs

com.dws.challenge.exception.InsufficientBalanceException: Insufficient Balance in account Account123
	at com.dws.challenge.service.TransferService.transferAmount(TransferService.java:21) ~[main/:na]
	at com.dws.challenge.web.AccountsTransferController.transferAmount(AccountsTransferController.java:64) ~[main/:na]
	at com.dws.challenge.ConcurrentTransferTest.lambda$concurrentTransferTest$0(ConcurrentTransferTest.java:63) ~[test/:na]
	at java.base/java.util.concurrent.ThreadPoolExecutor.runWorker(ThreadPoolExecutor.java:1136) ~[na:na]
	at java.base/java.util.concurrent.ThreadPoolExecutor$Worker.run(ThreadPoolExecutor.java:635) ~[na:na]
	at java.base/java.lang.Thread.run(Thread.java:842) ~[na:na]

2024-02-22T18:23:40.737+05:30 ERROR 11235 --- [ool-18-thread-8] c.d.c.web.AccountsTransferController     : Exception occurs

com.dws.challenge.exception.InsufficientBalanceException: Insufficient Balance in account Account123
	at com.dws.challenge.service.TransferService.transferAmount(TransferService.java:21) ~[main/:na]
	at com.dws.challenge.web.AccountsTransferController.transferAmount(AccountsTransferController.java:64) ~[main/:na]
	at com.dws.challenge.ConcurrentTransferTest.lambda$concurrentTransferTest$0(ConcurrentTransferTest.java:63) ~[test/:na]
	at java.base/java.util.concurrent.ThreadPoolExecutor.runWorker(ThreadPoolExecutor.java:1136) ~[na:na]
	at java.base/java.util.concurrent.ThreadPoolExecutor$Worker.run(ThreadPoolExecutor.java:635) ~[na:na]
	at java.base/java.lang.Thread.run(Thread.java:842) ~[na:na]

2024-02-22T18:23:40.737+05:30  INFO 11235 --- [ool-18-thread-5] c.dws.challenge.service.TransferService  : compareBalance -1 
2024-02-22T18:23:40.738+05:30  INFO 11235 --- [ool-18-thread-7] c.dws.challenge.service.TransferService  : compareBalance -1 
2024-02-22T18:23:40.738+05:30 ERROR 11235 --- [ool-18-thread-5] c.d.c.web.AccountsTransferController     : Exception occurs

com.dws.challenge.exception.InsufficientBalanceException: Insufficient Balance in account Account123
	at com.dws.challenge.service.TransferService.transferAmount(TransferService.java:21) ~[main/:na]
	at com.dws.challenge.web.AccountsTransferController.transferAmount(AccountsTransferController.java:64) ~[main/:na]
	at com.dws.challenge.ConcurrentTransferTest.lambda$concurrentTransferTest$0(ConcurrentTransferTest.java:63) ~[test/:na]
	at java.base/java.util.concurrent.ThreadPoolExecutor.runWorker(ThreadPoolExecutor.java:1136) ~[na:na]
	at java.base/java.util.concurrent.ThreadPoolExecutor$Worker.run(ThreadPoolExecutor.java:635) ~[na:na]
	at java.base/java.lang.Thread.run(Thread.java:842) ~[na:na]

2024-02-22T18:23:40.738+05:30  INFO 11235 --- [ool-18-thread-3] c.dws.challenge.service.TransferService  : compareBalance -1 
2024-02-22T18:23:40.738+05:30 ERROR 11235 --- [ool-18-thread-7] c.d.c.web.AccountsTransferController     : Exception occurs

com.dws.challenge.exception.InsufficientBalanceException: Insufficient Balance in account Account123
	at com.dws.challenge.service.TransferService.transferAmount(TransferService.java:21) ~[main/:na]
	at com.dws.challenge.web.AccountsTransferController.transferAmount(AccountsTransferController.java:64) ~[main/:na]
	at com.dws.challenge.ConcurrentTransferTest.lambda$concurrentTransferTest$0(ConcurrentTransferTest.java:63) ~[test/:na]
	at java.base/java.util.concurrent.ThreadPoolExecutor.runWorker(ThreadPoolExecutor.java:1136) ~[na:na]
	at java.base/java.util.concurrent.ThreadPoolExecutor$Worker.run(ThreadPoolExecutor.java:635) ~[na:na]
	at java.base/java.lang.Thread.run(Thread.java:842) ~[na:na]

2024-02-22T18:23:40.738+05:30 ERROR 11235 --- [ool-18-thread-3] c.d.c.web.AccountsTransferController     : Exception occurs

com.dws.challenge.exception.InsufficientBalanceException: Insufficient Balance in account Account123
	at com.dws.challenge.service.TransferService.transferAmount(TransferService.java:21) ~[main/:na]
	at com.dws.challenge.web.AccountsTransferController.transferAmount(AccountsTransferController.java:64) ~[main/:na]
	at com.dws.challenge.ConcurrentTransferTest.lambda$concurrentTransferTest$0(ConcurrentTransferTest.java:63) ~[test/:na]
	at java.base/java.util.concurrent.ThreadPoolExecutor.runWorker(ThreadPoolExecutor.java:1136) ~[na:na]
	at java.base/java.util.concurrent.ThreadPoolExecutor$Worker.run(ThreadPoolExecutor.java:635) ~[na:na]
	at java.base/java.lang.Thread.run(Thread.java:842) ~[na:na]

2024-02-22T18:23:40.738+05:30  INFO 11235 --- [ool-18-thread-6] c.dws.challenge.service.TransferService  : compareBalance -1 
2024-02-22T18:23:40.738+05:30  INFO 11235 --- [ol-18-thread-20] c.dws.challenge.service.TransferService  : compareBalance -1 
2024-02-22T18:23:40.738+05:30 ERROR 11235 --- [ool-18-thread-6] c.d.c.web.AccountsTransferController     : Exception occurs

com.dws.challenge.exception.InsufficientBalanceException: Insufficient Balance in account Account123
	at com.dws.challenge.service.TransferService.transferAmount(TransferService.java:21) ~[main/:na]
	at com.dws.challenge.web.AccountsTransferController.transferAmount(AccountsTransferController.java:64) ~[main/:na]
	at com.dws.challenge.ConcurrentTransferTest.lambda$concurrentTransferTest$0(ConcurrentTransferTest.java:63) ~[test/:na]
	at java.base/java.util.concurrent.ThreadPoolExecutor.runWorker(ThreadPoolExecutor.java:1136) ~[na:na]
	at java.base/java.util.concurrent.ThreadPoolExecutor$Worker.run(ThreadPoolExecutor.java:635) ~[na:na]
	at java.base/java.lang.Thread.run(Thread.java:842) ~[na:na]

2024-02-22T18:23:40.738+05:30  INFO 11235 --- [ol-18-thread-18] c.dws.challenge.service.TransferService  : compareBalance -1 
2024-02-22T18:23:40.738+05:30 ERROR 11235 --- [ol-18-thread-20] c.d.c.web.AccountsTransferController     : Exception occurs

com.dws.challenge.exception.InsufficientBalanceException: Insufficient Balance in account Account123
	at com.dws.challenge.service.TransferService.transferAmount(TransferService.java:21) ~[main/:na]
	at com.dws.challenge.web.AccountsTransferController.transferAmount(AccountsTransferController.java:64) ~[main/:na]
	at com.dws.challenge.ConcurrentTransferTest.lambda$concurrentTransferTest$0(ConcurrentTransferTest.java:63) ~[test/:na]
	at java.base/java.util.concurrent.ThreadPoolExecutor.runWorker(ThreadPoolExecutor.java:1136) ~[na:na]
	at java.base/java.util.concurrent.ThreadPoolExecutor$Worker.run(ThreadPoolExecutor.java:635) ~[na:na]
	at java.base/java.lang.Thread.run(Thread.java:842) ~[na:na]

2024-02-22T18:23:40.739+05:30  INFO 11235 --- [ool-18-thread-2] c.dws.challenge.service.TransferService  : compareBalance -1 
2024-02-22T18:23:40.739+05:30 ERROR 11235 --- [ol-18-thread-18] c.d.c.web.AccountsTransferController     : Exception occurs

com.dws.challenge.exception.InsufficientBalanceException: Insufficient Balance in account Account123
	at com.dws.challenge.service.TransferService.transferAmount(TransferService.java:21) ~[main/:na]
	at com.dws.challenge.web.AccountsTransferController.transferAmount(AccountsTransferController.java:64) ~[main/:na]
	at com.dws.challenge.ConcurrentTransferTest.lambda$concurrentTransferTest$0(ConcurrentTransferTest.java:63) ~[test/:na]
	at java.base/java.util.concurrent.ThreadPoolExecutor.runWorker(ThreadPoolExecutor.java:1136) ~[na:na]
	at java.base/java.util.concurrent.ThreadPoolExecutor$Worker.run(ThreadPoolExecutor.java:635) ~[na:na]
	at java.base/java.lang.Thread.run(Thread.java:842) ~[na:na]

2024-02-22T18:23:40.739+05:30  INFO 11235 --- [ol-18-thread-13] c.dws.challenge.service.TransferService  : compareBalance -1 
2024-02-22T18:23:40.739+05:30 ERROR 11235 --- [ool-18-thread-2] c.d.c.web.AccountsTransferController     : Exception occurs

com.dws.challenge.exception.InsufficientBalanceException: Insufficient Balance in account Account123
	at com.dws.challenge.service.TransferService.transferAmount(TransferService.java:21) ~[main/:na]
	at com.dws.challenge.web.AccountsTransferController.transferAmount(AccountsTransferController.java:64) ~[main/:na]
	at com.dws.challenge.ConcurrentTransferTest.lambda$concurrentTransferTest$0(ConcurrentTransferTest.java:63) ~[test/:na]
	at java.base/java.util.concurrent.ThreadPoolExecutor.runWorker(ThreadPoolExecutor.java:1136) ~[na:na]
	at java.base/java.util.concurrent.ThreadPoolExecutor$Worker.run(ThreadPoolExecutor.java:635) ~[na:na]
	at java.base/java.lang.Thread.run(Thread.java:842) ~[na:na]

2024-02-22T18:23:40.739+05:30  INFO 11235 --- [ool-18-thread-9] c.dws.challenge.service.TransferService  : compareBalance -1 
2024-02-22T18:23:40.739+05:30 ERROR 11235 --- [ol-18-thread-13] c.d.c.web.AccountsTransferController     : Exception occurs

com.dws.challenge.exception.InsufficientBalanceException: Insufficient Balance in account Account123
	at com.dws.challenge.service.TransferService.transferAmount(TransferService.java:21) ~[main/:na]
	at com.dws.challenge.web.AccountsTransferController.transferAmount(AccountsTransferController.java:64) ~[main/:na]
	at com.dws.challenge.ConcurrentTransferTest.lambda$concurrentTransferTest$0(ConcurrentTransferTest.java:63) ~[test/:na]
	at java.base/java.util.concurrent.ThreadPoolExecutor.runWorker(ThreadPoolExecutor.java:1136) ~[na:na]
	at java.base/java.util.concurrent.ThreadPoolExecutor$Worker.run(ThreadPoolExecutor.java:635) ~[na:na]
	at java.base/java.lang.Thread.run(Thread.java:842) ~[na:na]

2024-02-22T18:23:40.739+05:30 ERROR 11235 --- [ool-18-thread-9] c.d.c.web.AccountsTransferController     : Exception occurs

com.dws.challenge.exception.InsufficientBalanceException: Insufficient Balance in account Account123
	at com.dws.challenge.service.TransferService.transferAmount(TransferService.java:21) ~[main/:na]
	at com.dws.challenge.web.AccountsTransferController.transferAmount(AccountsTransferController.java:64) ~[main/:na]
	at com.dws.challenge.ConcurrentTransferTest.lambda$concurrentTransferTest$0(ConcurrentTransferTest.java:63) ~[test/:na]
	at java.base/java.util.concurrent.ThreadPoolExecutor.runWorker(ThreadPoolExecutor.java:1136) ~[na:na]
	at java.base/java.util.concurrent.ThreadPoolExecutor$Worker.run(ThreadPoolExecutor.java:635) ~[na:na]
	at java.base/java.lang.Thread.run(Thread.java:842) ~[na:na]

2024-02-22T18:23:40.746+05:30  INFO 11235 --- [ool-19-thread-7] c.d.c.web.AccountsTransferController     : Transfer Amount  Transfer(accountFrom=Account123, accountTo=Account124, amount=1000)
2024-02-22T18:23:40.745+05:30  INFO 11235 --- [ool-19-thread-2] c.d.c.web.AccountsTransferController     : Transfer Amount  Transfer(accountFrom=Account123, accountTo=Account124, amount=1000)
2024-02-22T18:23:40.746+05:30  INFO 11235 --- [ol-19-thread-13] c.d.c.web.AccountsTransferController     : Transfer Amount  Transfer(accountFrom=Account123, accountTo=Account124, amount=1000)
2024-02-22T18:23:40.745+05:30  INFO 11235 --- [ool-19-thread-3] c.d.c.web.AccountsTransferController     : Transfer Amount  Transfer(accountFrom=Account123, accountTo=Account124, amount=1000)
2024-02-22T18:23:40.746+05:30  INFO 11235 --- [ol-19-thread-18] c.d.c.web.AccountsTransferController     : Transfer Amount  Transfer(accountFrom=Account123, accountTo=Account124, amount=1000)
2024-02-22T18:23:40.745+05:30  INFO 11235 --- [ol-19-thread-20] c.d.c.web.AccountsTransferController     : Transfer Amount  Transfer(accountFrom=Account123, accountTo=Account124, amount=1000)
2024-02-22T18:23:40.745+05:30  INFO 11235 --- [ool-19-thread-1] c.d.c.web.AccountsTransferController     : Transfer Amount  Transfer(accountFrom=Account123, accountTo=Account124, amount=1000)
2024-02-22T18:23:40.746+05:30  INFO 11235 --- [ool-19-thread-9] c.d.c.web.AccountsTransferController     : Transfer Amount  Transfer(accountFrom=Account123, accountTo=Account124, amount=1000)
2024-02-22T18:23:40.745+05:30  INFO 11235 --- [ool-19-thread-6] c.d.c.web.AccountsTransferController     : Transfer Amount  Transfer(accountFrom=Account123, accountTo=Account124, amount=1000)
2024-02-22T18:23:40.746+05:30  INFO 11235 --- [ol-19-thread-10] c.d.c.web.AccountsTransferController     : Transfer Amount  Transfer(accountFrom=Account123, accountTo=Account124, amount=1000)
2024-02-22T18:23:40.746+05:30  INFO 11235 --- [ool-19-thread-8] c.d.c.web.AccountsTransferController     : Transfer Amount  Transfer(accountFrom=Account123, accountTo=Account124, amount=1000)
2024-02-22T18:23:40.745+05:30  INFO 11235 --- [ool-19-thread-4] c.d.c.web.AccountsTransferController     : Transfer Amount  Transfer(accountFrom=Account123, accountTo=Account124, amount=1000)
2024-02-22T18:23:40.745+05:30  INFO 11235 --- [ool-19-thread-5] c.d.c.web.AccountsTransferController     : Transfer Amount  Transfer(accountFrom=Account123, accountTo=Account124, amount=1000)
2024-02-22T18:23:40.746+05:30  INFO 11235 --- [ol-19-thread-11] c.d.c.web.AccountsTransferController     : Transfer Amount  Transfer(accountFrom=Account123, accountTo=Account124, amount=1000)
2024-02-22T18:23:40.746+05:30  INFO 11235 --- [ol-19-thread-12] c.d.c.web.AccountsTransferController     : Transfer Amount  Transfer(accountFrom=Account123, accountTo=Account124, amount=1000)
2024-02-22T18:23:40.746+05:30  INFO 11235 --- [ool-19-thread-7] c.dws.challenge.service.TransferService  : compareBalance 0 
2024-02-22T18:23:40.746+05:30  INFO 11235 --- [ol-19-thread-14] c.d.c.web.AccountsTransferController     : Transfer Amount  Transfer(accountFrom=Account123, accountTo=Account124, amount=1000)
2024-02-22T18:23:40.746+05:30  INFO 11235 --- [ol-19-thread-15] c.d.c.web.AccountsTransferController     : Transfer Amount  Transfer(accountFrom=Account123, accountTo=Account124, amount=1000)
2024-02-22T18:23:40.746+05:30  INFO 11235 --- [ol-19-thread-16] c.d.c.web.AccountsTransferController     : Transfer Amount  Transfer(accountFrom=Account123, accountTo=Account124, amount=1000)
2024-02-22T18:23:40.746+05:30  INFO 11235 --- [ol-19-thread-17] c.d.c.web.AccountsTransferController     : Transfer Amount  Transfer(accountFrom=Account123, accountTo=Account124, amount=1000)
2024-02-22T18:23:40.746+05:30  INFO 11235 --- [ol-19-thread-19] c.d.c.web.AccountsTransferController     : Transfer Amount  Transfer(accountFrom=Account123, accountTo=Account124, amount=1000)
2024-02-22T18:23:40.747+05:30  INFO 11235 --- [ool-19-thread-7] c.d.c.service.EmailNotificationService   : Sending notification to owner of Account123: 1000 has been debited and transferred to account Account124
2024-02-22T18:23:40.747+05:30  INFO 11235 --- [ool-19-thread-7] c.d.c.service.EmailNotificationService   : Sending notification to owner of Account124: 1000 has been credited to your account from account Account123
2024-02-22T18:23:40.747+05:30  INFO 11235 --- [ool-19-thread-7] c.d.c.web.AccountsTransferController     : notification sent successfully
2024-02-22T18:23:40.747+05:30  INFO 11235 --- [ol-19-thread-19] c.dws.challenge.service.TransferService  : compareBalance -1 
2024-02-22T18:23:40.747+05:30  INFO 11235 --- [ol-19-thread-17] c.dws.challenge.service.TransferService  : compareBalance -1 
2024-02-22T18:23:40.747+05:30 ERROR 11235 --- [ol-19-thread-19] c.d.c.web.AccountsTransferController     : Exception occurs

com.dws.challenge.exception.InsufficientBalanceException: Insufficient Balance in account Account123
	at com.dws.challenge.service.TransferService.transferAmount(TransferService.java:21) ~[main/:na]
	at com.dws.challenge.web.AccountsTransferController.transferAmount(AccountsTransferController.java:64) ~[main/:na]
	at com.dws.challenge.ConcurrentTransferTest.lambda$concurrentTransferTest$0(ConcurrentTransferTest.java:63) ~[test/:na]
	at java.base/java.util.concurrent.ThreadPoolExecutor.runWorker(ThreadPoolExecutor.java:1136) ~[na:na]
	at java.base/java.util.concurrent.ThreadPoolExecutor$Worker.run(ThreadPoolExecutor.java:635) ~[na:na]
	at java.base/java.lang.Thread.run(Thread.java:842) ~[na:na]

2024-02-22T18:23:40.747+05:30 ERROR 11235 --- [ol-19-thread-17] c.d.c.web.AccountsTransferController     : Exception occurs

com.dws.challenge.exception.InsufficientBalanceException: Insufficient Balance in account Account123
	at com.dws.challenge.service.TransferService.transferAmount(TransferService.java:21) ~[main/:na]
	at com.dws.challenge.web.AccountsTransferController.transferAmount(AccountsTransferController.java:64) ~[main/:na]
	at com.dws.challenge.ConcurrentTransferTest.lambda$concurrentTransferTest$0(ConcurrentTransferTest.java:63) ~[test/:na]
	at java.base/java.util.concurrent.ThreadPoolExecutor.runWorker(ThreadPoolExecutor.java:1136) ~[na:na]
	at java.base/java.util.concurrent.ThreadPoolExecutor$Worker.run(ThreadPoolExecutor.java:635) ~[na:na]
	at java.base/java.lang.Thread.run(Thread.java:842) ~[na:na]

2024-02-22T18:23:40.747+05:30  INFO 11235 --- [ol-19-thread-16] c.dws.challenge.service.TransferService  : compareBalance -1 
2024-02-22T18:23:40.748+05:30  INFO 11235 --- [ol-19-thread-15] c.dws.challenge.service.TransferService  : compareBalance -1 
2024-02-22T18:23:40.748+05:30 ERROR 11235 --- [ol-19-thread-16] c.d.c.web.AccountsTransferController     : Exception occurs

com.dws.challenge.exception.InsufficientBalanceException: Insufficient Balance in account Account123
	at com.dws.challenge.service.TransferService.transferAmount(TransferService.java:21) ~[main/:na]
	at com.dws.challenge.web.AccountsTransferController.transferAmount(AccountsTransferController.java:64) ~[main/:na]
	at com.dws.challenge.ConcurrentTransferTest.lambda$concurrentTransferTest$0(ConcurrentTransferTest.java:63) ~[test/:na]
	at java.base/java.util.concurrent.ThreadPoolExecutor.runWorker(ThreadPoolExecutor.java:1136) ~[na:na]
	at java.base/java.util.concurrent.ThreadPoolExecutor$Worker.run(ThreadPoolExecutor.java:635) ~[na:na]
	at java.base/java.lang.Thread.run(Thread.java:842) ~[na:na]

2024-02-22T18:23:40.748+05:30  INFO 11235 --- [ol-19-thread-14] c.dws.challenge.service.TransferService  : compareBalance -1 
2024-02-22T18:23:40.748+05:30 ERROR 11235 --- [ol-19-thread-15] c.d.c.web.AccountsTransferController     : Exception occurs

com.dws.challenge.exception.InsufficientBalanceException: Insufficient Balance in account Account123
	at com.dws.challenge.service.TransferService.transferAmount(TransferService.java:21) ~[main/:na]
	at com.dws.challenge.web.AccountsTransferController.transferAmount(AccountsTransferController.java:64) ~[main/:na]
	at com.dws.challenge.ConcurrentTransferTest.lambda$concurrentTransferTest$0(ConcurrentTransferTest.java:63) ~[test/:na]
	at java.base/java.util.concurrent.ThreadPoolExecutor.runWorker(ThreadPoolExecutor.java:1136) ~[na:na]
	at java.base/java.util.concurrent.ThreadPoolExecutor$Worker.run(ThreadPoolExecutor.java:635) ~[na:na]
	at java.base/java.lang.Thread.run(Thread.java:842) ~[na:na]

2024-02-22T18:23:40.748+05:30  INFO 11235 --- [ol-19-thread-12] c.dws.challenge.service.TransferService  : compareBalance -1 
2024-02-22T18:23:40.748+05:30 ERROR 11235 --- [ol-19-thread-14] c.d.c.web.AccountsTransferController     : Exception occurs

com.dws.challenge.exception.InsufficientBalanceException: Insufficient Balance in account Account123
	at com.dws.challenge.service.TransferService.transferAmount(TransferService.java:21) ~[main/:na]
	at com.dws.challenge.web.AccountsTransferController.transferAmount(AccountsTransferController.java:64) ~[main/:na]
	at com.dws.challenge.ConcurrentTransferTest.lambda$concurrentTransferTest$0(ConcurrentTransferTest.java:63) ~[test/:na]
	at java.base/java.util.concurrent.ThreadPoolExecutor.runWorker(ThreadPoolExecutor.java:1136) ~[na:na]
	at java.base/java.util.concurrent.ThreadPoolExecutor$Worker.run(ThreadPoolExecutor.java:635) ~[na:na]
	at java.base/java.lang.Thread.run(Thread.java:842) ~[na:na]

2024-02-22T18:23:40.748+05:30  INFO 11235 --- [ol-19-thread-11] c.dws.challenge.service.TransferService  : compareBalance -1 
2024-02-22T18:23:40.748+05:30 ERROR 11235 --- [ol-19-thread-12] c.d.c.web.AccountsTransferController     : Exception occurs

com.dws.challenge.exception.InsufficientBalanceException: Insufficient Balance in account Account123
	at com.dws.challenge.service.TransferService.transferAmount(TransferService.java:21) ~[main/:na]
	at com.dws.challenge.web.AccountsTransferController.transferAmount(AccountsTransferController.java:64) ~[main/:na]
	at com.dws.challenge.ConcurrentTransferTest.lambda$concurrentTransferTest$0(ConcurrentTransferTest.java:63) ~[test/:na]
	at java.base/java.util.concurrent.ThreadPoolExecutor.runWorker(ThreadPoolExecutor.java:1136) ~[na:na]
	at java.base/java.util.concurrent.ThreadPoolExecutor$Worker.run(ThreadPoolExecutor.java:635) ~[na:na]
	at java.base/java.lang.Thread.run(Thread.java:842) ~[na:na]

2024-02-22T18:23:40.748+05:30  INFO 11235 --- [ool-19-thread-5] c.dws.challenge.service.TransferService  : compareBalance -1 
2024-02-22T18:23:40.748+05:30 ERROR 11235 --- [ol-19-thread-11] c.d.c.web.AccountsTransferController     : Exception occurs

com.dws.challenge.exception.InsufficientBalanceException: Insufficient Balance in account Account123
	at com.dws.challenge.service.TransferService.transferAmount(TransferService.java:21) ~[main/:na]
	at com.dws.challenge.web.AccountsTransferController.transferAmount(AccountsTransferController.java:64) ~[main/:na]
	at com.dws.challenge.ConcurrentTransferTest.lambda$concurrentTransferTest$0(ConcurrentTransferTest.java:63) ~[test/:na]
	at java.base/java.util.concurrent.ThreadPoolExecutor.runWorker(ThreadPoolExecutor.java:1136) ~[na:na]
	at java.base/java.util.concurrent.ThreadPoolExecutor$Worker.run(ThreadPoolExecutor.java:635) ~[na:na]
	at java.base/java.lang.Thread.run(Thread.java:842) ~[na:na]

2024-02-22T18:23:40.748+05:30  INFO 11235 --- [ool-19-thread-4] c.dws.challenge.service.TransferService  : compareBalance -1 
2024-02-22T18:23:40.748+05:30 ERROR 11235 --- [ool-19-thread-5] c.d.c.web.AccountsTransferController     : Exception occurs

com.dws.challenge.exception.InsufficientBalanceException: Insufficient Balance in account Account123
	at com.dws.challenge.service.TransferService.transferAmount(TransferService.java:21) ~[main/:na]
	at com.dws.challenge.web.AccountsTransferController.transferAmount(AccountsTransferController.java:64) ~[main/:na]
	at com.dws.challenge.ConcurrentTransferTest.lambda$concurrentTransferTest$0(ConcurrentTransferTest.java:63) ~[test/:na]
	at java.base/java.util.concurrent.ThreadPoolExecutor.runWorker(ThreadPoolExecutor.java:1136) ~[na:na]
	at java.base/java.util.concurrent.ThreadPoolExecutor$Worker.run(ThreadPoolExecutor.java:635) ~[na:na]
	at java.base/java.lang.Thread.run(Thread.java:842) ~[na:na]

2024-02-22T18:23:40.749+05:30  INFO 11235 --- [ool-19-thread-8] c.dws.challenge.service.TransferService  : compareBalance -1 
2024-02-22T18:23:40.749+05:30 ERROR 11235 --- [ool-19-thread-4] c.d.c.web.AccountsTransferController     : Exception occurs

com.dws.challenge.exception.InsufficientBalanceException: Insufficient Balance in account Account123
	at com.dws.challenge.service.TransferService.transferAmount(TransferService.java:21) ~[main/:na]
	at com.dws.challenge.web.AccountsTransferController.transferAmount(AccountsTransferController.java:64) ~[main/:na]
	at com.dws.challenge.ConcurrentTransferTest.lambda$concurrentTransferTest$0(ConcurrentTransferTest.java:63) ~[test/:na]
	at java.base/java.util.concurrent.ThreadPoolExecutor.runWorker(ThreadPoolExecutor.java:1136) ~[na:na]
	at java.base/java.util.concurrent.ThreadPoolExecutor$Worker.run(ThreadPoolExecutor.java:635) ~[na:na]
	at java.base/java.lang.Thread.run(Thread.java:842) ~[na:na]

2024-02-22T18:23:40.749+05:30  INFO 11235 --- [ol-19-thread-10] c.dws.challenge.service.TransferService  : compareBalance -1 
2024-02-22T18:23:40.749+05:30 ERROR 11235 --- [ool-19-thread-8] c.d.c.web.AccountsTransferController     : Exception occurs

com.dws.challenge.exception.InsufficientBalanceException: Insufficient Balance in account Account123
	at com.dws.challenge.service.TransferService.transferAmount(TransferService.java:21) ~[main/:na]
	at com.dws.challenge.web.AccountsTransferController.transferAmount(AccountsTransferController.java:64) ~[main/:na]
	at com.dws.challenge.ConcurrentTransferTest.lambda$concurrentTransferTest$0(ConcurrentTransferTest.java:63) ~[test/:na]
	at java.base/java.util.concurrent.ThreadPoolExecutor.runWorker(ThreadPoolExecutor.java:1136) ~[na:na]
	at java.base/java.util.concurrent.ThreadPoolExecutor$Worker.run(ThreadPoolExecutor.java:635) ~[na:na]
	at java.base/java.lang.Thread.run(Thread.java:842) ~[na:na]

2024-02-22T18:23:40.749+05:30 ERROR 11235 --- [ol-19-thread-10] c.d.c.web.AccountsTransferController     : Exception occurs

com.dws.challenge.exception.InsufficientBalanceException: Insufficient Balance in account Account123
	at com.dws.challenge.service.TransferService.transferAmount(TransferService.java:21) ~[main/:na]
	at com.dws.challenge.web.AccountsTransferController.transferAmount(AccountsTransferController.java:64) ~[main/:na]
	at com.dws.challenge.ConcurrentTransferTest.lambda$concurrentTransferTest$0(ConcurrentTransferTest.java:63) ~[test/:na]
	at java.base/java.util.concurrent.ThreadPoolExecutor.runWorker(ThreadPoolExecutor.java:1136) ~[na:na]
	at java.base/java.util.concurrent.ThreadPoolExecutor$Worker.run(ThreadPoolExecutor.java:635) ~[na:na]
	at java.base/java.lang.Thread.run(Thread.java:842) ~[na:na]

2024-02-22T18:23:40.749+05:30  INFO 11235 --- [ool-19-thread-6] c.dws.challenge.service.TransferService  : compareBalance -1 
2024-02-22T18:23:40.749+05:30  INFO 11235 --- [ool-19-thread-9] c.dws.challenge.service.TransferService  : compareBalance -1 
2024-02-22T18:23:40.749+05:30  INFO 11235 --- [ool-19-thread-1] c.dws.challenge.service.TransferService  : compareBalance -1 
2024-02-22T18:23:40.749+05:30 ERROR 11235 --- [ool-19-thread-9] c.d.c.web.AccountsTransferController     : Exception occurs

com.dws.challenge.exception.InsufficientBalanceException: Insufficient Balance in account Account123
	at com.dws.challenge.service.TransferService.transferAmount(TransferService.java:21) ~[main/:na]
	at com.dws.challenge.web.AccountsTransferController.transferAmount(AccountsTransferController.java:64) ~[main/:na]
	at com.dws.challenge.ConcurrentTransferTest.lambda$concurrentTransferTest$0(ConcurrentTransferTest.java:63) ~[test/:na]
	at java.base/java.util.concurrent.ThreadPoolExecutor.runWorker(ThreadPoolExecutor.java:1136) ~[na:na]
	at java.base/java.util.concurrent.ThreadPoolExecutor$Worker.run(ThreadPoolExecutor.java:635) ~[na:na]
	at java.base/java.lang.Thread.run(Thread.java:842) ~[na:na]

2024-02-22T18:23:40.749+05:30 ERROR 11235 --- [ool-19-thread-6] c.d.c.web.AccountsTransferController     : Exception occurs

com.dws.challenge.exception.InsufficientBalanceException: Insufficient Balance in account Account123
	at com.dws.challenge.service.TransferService.transferAmount(TransferService.java:21) ~[main/:na]
	at com.dws.challenge.web.AccountsTransferController.transferAmount(AccountsTransferController.java:64) ~[main/:na]
	at com.dws.challenge.ConcurrentTransferTest.lambda$concurrentTransferTest$0(ConcurrentTransferTest.java:63) ~[test/:na]
	at java.base/java.util.concurrent.ThreadPoolExecutor.runWorker(ThreadPoolExecutor.java:1136) ~[na:na]
	at java.base/java.util.concurrent.ThreadPoolExecutor$Worker.run(ThreadPoolExecutor.java:635) ~[na:na]
	at java.base/java.lang.Thread.run(Thread.java:842) ~[na:na]

2024-02-22T18:23:40.750+05:30  INFO 11235 --- [ol-19-thread-20] c.dws.challenge.service.TransferService  : compareBalance -1 
2024-02-22T18:23:40.749+05:30 ERROR 11235 --- [ool-19-thread-1] c.d.c.web.AccountsTransferController     : Exception occurs

com.dws.challenge.exception.InsufficientBalanceException: Insufficient Balance in account Account123
	at com.dws.challenge.service.TransferService.transferAmount(TransferService.java:21) ~[main/:na]
	at com.dws.challenge.web.AccountsTransferController.transferAmount(AccountsTransferController.java:64) ~[main/:na]
	at com.dws.challenge.ConcurrentTransferTest.lambda$concurrentTransferTest$0(ConcurrentTransferTest.java:63) ~[test/:na]
	at java.base/java.util.concurrent.ThreadPoolExecutor.runWorker(ThreadPoolExecutor.java:1136) ~[na:na]
	at java.base/java.util.concurrent.ThreadPoolExecutor$Worker.run(ThreadPoolExecutor.java:635) ~[na:na]
	at java.base/java.lang.Thread.run(Thread.java:842) ~[na:na]

2024-02-22T18:23:40.750+05:30  INFO 11235 --- [ol-19-thread-18] c.dws.challenge.service.TransferService  : compareBalance -1 
2024-02-22T18:23:40.750+05:30 ERROR 11235 --- [ol-19-thread-20] c.d.c.web.AccountsTransferController     : Exception occurs

com.dws.challenge.exception.InsufficientBalanceException: Insufficient Balance in account Account123
	at com.dws.challenge.service.TransferService.transferAmount(TransferService.java:21) ~[main/:na]
	at com.dws.challenge.web.AccountsTransferController.transferAmount(AccountsTransferController.java:64) ~[main/:na]
	at com.dws.challenge.ConcurrentTransferTest.lambda$concurrentTransferTest$0(ConcurrentTransferTest.java:63) ~[test/:na]
	at java.base/java.util.concurrent.ThreadPoolExecutor.runWorker(ThreadPoolExecutor.java:1136) ~[na:na]
	at java.base/java.util.concurrent.ThreadPoolExecutor$Worker.run(ThreadPoolExecutor.java:635) ~[na:na]
	at java.base/java.lang.Thread.run(Thread.java:842) ~[na:na]

2024-02-22T18:23:40.750+05:30  INFO 11235 --- [ool-19-thread-3] c.dws.challenge.service.TransferService  : compareBalance -1 
2024-02-22T18:23:40.750+05:30 ERROR 11235 --- [ol-19-thread-18] c.d.c.web.AccountsTransferController     : Exception occurs

com.dws.challenge.exception.InsufficientBalanceException: Insufficient Balance in account Account123
	at com.dws.challenge.service.TransferService.transferAmount(TransferService.java:21) ~[main/:na]
	at com.dws.challenge.web.AccountsTransferController.transferAmount(AccountsTransferController.java:64) ~[main/:na]
	at com.dws.challenge.ConcurrentTransferTest.lambda$concurrentTransferTest$0(ConcurrentTransferTest.java:63) ~[test/:na]
	at java.base/java.util.concurrent.ThreadPoolExecutor.runWorker(ThreadPoolExecutor.java:1136) ~[na:na]
	at java.base/java.util.concurrent.ThreadPoolExecutor$Worker.run(ThreadPoolExecutor.java:635) ~[na:na]
	at java.base/java.lang.Thread.run(Thread.java:842) ~[na:na]

2024-02-22T18:23:40.750+05:30  INFO 11235 --- [ol-19-thread-13] c.dws.challenge.service.TransferService  : compareBalance -1 
2024-02-22T18:23:40.750+05:30  INFO 11235 --- [ool-19-thread-2] c.dws.challenge.service.TransferService  : compareBalance -1 
2024-02-22T18:23:40.750+05:30 ERROR 11235 --- [ool-19-thread-3] c.d.c.web.AccountsTransferController     : Exception occurs

com.dws.challenge.exception.InsufficientBalanceException: Insufficient Balance in account Account123
	at com.dws.challenge.service.TransferService.transferAmount(TransferService.java:21) ~[main/:na]
	at com.dws.challenge.web.AccountsTransferController.transferAmount(AccountsTransferController.java:64) ~[main/:na]
	at com.dws.challenge.ConcurrentTransferTest.lambda$concurrentTransferTest$0(ConcurrentTransferTest.java:63) ~[test/:na]
	at java.base/java.util.concurrent.ThreadPoolExecutor.runWorker(ThreadPoolExecutor.java:1136) ~[na:na]
	at java.base/java.util.concurrent.ThreadPoolExecutor$Worker.run(ThreadPoolExecutor.java:635) ~[na:na]
	at java.base/java.lang.Thread.run(Thread.java:842) ~[na:na]

2024-02-22T18:23:40.750+05:30 ERROR 11235 --- [ol-19-thread-13] c.d.c.web.AccountsTransferController     : Exception occurs

com.dws.challenge.exception.InsufficientBalanceException: Insufficient Balance in account Account123
	at com.dws.challenge.service.TransferService.transferAmount(TransferService.java:21) ~[main/:na]
	at com.dws.challenge.web.AccountsTransferController.transferAmount(AccountsTransferController.java:64) ~[main/:na]
	at com.dws.challenge.ConcurrentTransferTest.lambda$concurrentTransferTest$0(ConcurrentTransferTest.java:63) ~[test/:na]
	at java.base/java.util.concurrent.ThreadPoolExecutor.runWorker(ThreadPoolExecutor.java:1136) ~[na:na]
	at java.base/java.util.concurrent.ThreadPoolExecutor$Worker.run(ThreadPoolExecutor.java:635) ~[na:na]
	at java.base/java.lang.Thread.run(Thread.java:842) ~[na:na]

2024-02-22T18:23:40.750+05:30 ERROR 11235 --- [ool-19-thread-2] c.d.c.web.AccountsTransferController     : Exception occurs

com.dws.challenge.exception.InsufficientBalanceException: Insufficient Balance in account Account123
	at com.dws.challenge.service.TransferService.transferAmount(TransferService.java:21) ~[main/:na]
	at com.dws.challenge.web.AccountsTransferController.transferAmount(AccountsTransferController.java:64) ~[main/:na]
	at com.dws.challenge.ConcurrentTransferTest.lambda$concurrentTransferTest$0(ConcurrentTransferTest.java:63) ~[test/:na]
	at java.base/java.util.concurrent.ThreadPoolExecutor.runWorker(ThreadPoolExecutor.java:1136) ~[na:na]
	at java.base/java.util.concurrent.ThreadPoolExecutor$Worker.run(ThreadPoolExecutor.java:635) ~[na:na]
	at java.base/java.lang.Thread.run(Thread.java:842) ~[na:na]

2024-02-22T18:23:40.756+05:30  INFO 11235 --- [ool-20-thread-1] c.d.c.web.AccountsTransferController     : Transfer Amount  Transfer(accountFrom=Account123, accountTo=Account124, amount=1000)
2024-02-22T18:23:40.756+05:30  INFO 11235 --- [ool-20-thread-8] c.d.c.web.AccountsTransferController     : Transfer Amount  Transfer(accountFrom=Account123, accountTo=Account124, amount=1000)
2024-02-22T18:23:40.756+05:30  INFO 11235 --- [ol-20-thread-10] c.d.c.web.AccountsTransferController     : Transfer Amount  Transfer(accountFrom=Account123, accountTo=Account124, amount=1000)
2024-02-22T18:23:40.756+05:30  INFO 11235 --- [ol-20-thread-12] c.d.c.web.AccountsTransferController     : Transfer Amount  Transfer(accountFrom=Account123, accountTo=Account124, amount=1000)
2024-02-22T18:23:40.756+05:30  INFO 11235 --- [ol-20-thread-14] c.d.c.web.AccountsTransferController     : Transfer Amount  Transfer(accountFrom=Account123, accountTo=Account124, amount=1000)
2024-02-22T18:23:40.756+05:30  INFO 11235 --- [ool-20-thread-3] c.d.c.web.AccountsTransferController     : Transfer Amount  Transfer(accountFrom=Account123, accountTo=Account124, amount=1000)
2024-02-22T18:23:40.756+05:30  INFO 11235 --- [ol-20-thread-19] c.d.c.web.AccountsTransferController     : Transfer Amount  Transfer(accountFrom=Account123, accountTo=Account124, amount=1000)
2024-02-22T18:23:40.756+05:30  INFO 11235 --- [ool-20-thread-2] c.d.c.web.AccountsTransferController     : Transfer Amount  Transfer(accountFrom=Account123, accountTo=Account124, amount=1000)
2024-02-22T18:23:40.756+05:30  INFO 11235 --- [ool-20-thread-4] c.d.c.web.AccountsTransferController     : Transfer Amount  Transfer(accountFrom=Account123, accountTo=Account124, amount=1000)
2024-02-22T18:23:40.756+05:30  INFO 11235 --- [ol-20-thread-20] c.d.c.web.AccountsTransferController     : Transfer Amount  Transfer(accountFrom=Account123, accountTo=Account124, amount=1000)
2024-02-22T18:23:40.756+05:30  INFO 11235 --- [ool-20-thread-5] c.d.c.web.AccountsTransferController     : Transfer Amount  Transfer(accountFrom=Account123, accountTo=Account124, amount=1000)
2024-02-22T18:23:40.756+05:30  INFO 11235 --- [ool-20-thread-6] c.d.c.web.AccountsTransferController     : Transfer Amount  Transfer(accountFrom=Account123, accountTo=Account124, amount=1000)
2024-02-22T18:23:40.756+05:30  INFO 11235 --- [ool-20-thread-7] c.d.c.web.AccountsTransferController     : Transfer Amount  Transfer(accountFrom=Account123, accountTo=Account124, amount=1000)
2024-02-22T18:23:40.756+05:30  INFO 11235 --- [ool-20-thread-9] c.d.c.web.AccountsTransferController     : Transfer Amount  Transfer(accountFrom=Account123, accountTo=Account124, amount=1000)
2024-02-22T18:23:40.756+05:30  INFO 11235 --- [ool-20-thread-1] c.dws.challenge.service.TransferService  : compareBalance 0 
2024-02-22T18:23:40.756+05:30  INFO 11235 --- [ol-20-thread-11] c.d.c.web.AccountsTransferController     : Transfer Amount  Transfer(accountFrom=Account123, accountTo=Account124, amount=1000)
2024-02-22T18:23:40.756+05:30  INFO 11235 --- [ol-20-thread-13] c.d.c.web.AccountsTransferController     : Transfer Amount  Transfer(accountFrom=Account123, accountTo=Account124, amount=1000)
2024-02-22T18:23:40.756+05:30  INFO 11235 --- [ol-20-thread-15] c.d.c.web.AccountsTransferController     : Transfer Amount  Transfer(accountFrom=Account123, accountTo=Account124, amount=1000)
2024-02-22T18:23:40.756+05:30  INFO 11235 --- [ol-20-thread-16] c.d.c.web.AccountsTransferController     : Transfer Amount  Transfer(accountFrom=Account123, accountTo=Account124, amount=1000)
2024-02-22T18:23:40.756+05:30  INFO 11235 --- [ol-20-thread-17] c.d.c.web.AccountsTransferController     : Transfer Amount  Transfer(accountFrom=Account123, accountTo=Account124, amount=1000)
2024-02-22T18:23:40.756+05:30  INFO 11235 --- [ol-20-thread-18] c.d.c.web.AccountsTransferController     : Transfer Amount  Transfer(accountFrom=Account123, accountTo=Account124, amount=1000)
2024-02-22T18:23:40.757+05:30  INFO 11235 --- [ool-20-thread-1] c.d.c.service.EmailNotificationService   : Sending notification to owner of Account123: 1000 has been debited and transferred to account Account124
2024-02-22T18:23:40.757+05:30  INFO 11235 --- [ool-20-thread-1] c.d.c.service.EmailNotificationService   : Sending notification to owner of Account124: 1000 has been credited to your account from account Account123
2024-02-22T18:23:40.757+05:30  INFO 11235 --- [ool-20-thread-1] c.d.c.web.AccountsTransferController     : notification sent successfully
2024-02-22T18:23:40.757+05:30  INFO 11235 --- [ol-20-thread-18] c.dws.challenge.service.TransferService  : compareBalance -1 
2024-02-22T18:23:40.757+05:30  INFO 11235 --- [ol-20-thread-17] c.dws.challenge.service.TransferService  : compareBalance -1 
2024-02-22T18:23:40.757+05:30  INFO 11235 --- [ol-20-thread-16] c.dws.challenge.service.TransferService  : compareBalance -1 
2024-02-22T18:23:40.757+05:30 ERROR 11235 --- [ol-20-thread-18] c.d.c.web.AccountsTransferController     : Exception occurs

com.dws.challenge.exception.InsufficientBalanceException: Insufficient Balance in account Account123
	at com.dws.challenge.service.TransferService.transferAmount(TransferService.java:21) ~[main/:na]
	at com.dws.challenge.web.AccountsTransferController.transferAmount(AccountsTransferController.java:64) ~[main/:na]
	at com.dws.challenge.ConcurrentTransferTest.lambda$concurrentTransferTest$0(ConcurrentTransferTest.java:63) ~[test/:na]
	at java.base/java.util.concurrent.ThreadPoolExecutor.runWorker(ThreadPoolExecutor.java:1136) ~[na:na]
	at java.base/java.util.concurrent.ThreadPoolExecutor$Worker.run(ThreadPoolExecutor.java:635) ~[na:na]
	at java.base/java.lang.Thread.run(Thread.java:842) ~[na:na]

2024-02-22T18:23:40.757+05:30  INFO 11235 --- [ol-20-thread-15] c.dws.challenge.service.TransferService  : compareBalance -1 
2024-02-22T18:23:40.757+05:30 ERROR 11235 --- [ol-20-thread-17] c.d.c.web.AccountsTransferController     : Exception occurs

com.dws.challenge.exception.InsufficientBalanceException: Insufficient Balance in account Account123
	at com.dws.challenge.service.TransferService.transferAmount(TransferService.java:21) ~[main/:na]
	at com.dws.challenge.web.AccountsTransferController.transferAmount(AccountsTransferController.java:64) ~[main/:na]
	at com.dws.challenge.ConcurrentTransferTest.lambda$concurrentTransferTest$0(ConcurrentTransferTest.java:63) ~[test/:na]
	at java.base/java.util.concurrent.ThreadPoolExecutor.runWorker(ThreadPoolExecutor.java:1136) ~[na:na]
	at java.base/java.util.concurrent.ThreadPoolExecutor$Worker.run(ThreadPoolExecutor.java:635) ~[na:na]
	at java.base/java.lang.Thread.run(Thread.java:842) ~[na:na]

2024-02-22T18:23:40.757+05:30 ERROR 11235 --- [ol-20-thread-16] c.d.c.web.AccountsTransferController     : Exception occurs

com.dws.challenge.exception.InsufficientBalanceException: Insufficient Balance in account Account123
	at com.dws.challenge.service.TransferService.transferAmount(TransferService.java:21) ~[main/:na]
	at com.dws.challenge.web.AccountsTransferController.transferAmount(AccountsTransferController.java:64) ~[main/:na]
	at com.dws.challenge.ConcurrentTransferTest.lambda$concurrentTransferTest$0(ConcurrentTransferTest.java:63) ~[test/:na]
	at java.base/java.util.concurrent.ThreadPoolExecutor.runWorker(ThreadPoolExecutor.java:1136) ~[na:na]
	at java.base/java.util.concurrent.ThreadPoolExecutor$Worker.run(ThreadPoolExecutor.java:635) ~[na:na]
	at java.base/java.lang.Thread.run(Thread.java:842) ~[na:na]

2024-02-22T18:23:40.758+05:30  INFO 11235 --- [ol-20-thread-13] c.dws.challenge.service.TransferService  : compareBalance -1 
2024-02-22T18:23:40.758+05:30 ERROR 11235 --- [ol-20-thread-15] c.d.c.web.AccountsTransferController     : Exception occurs

com.dws.challenge.exception.InsufficientBalanceException: Insufficient Balance in account Account123
	at com.dws.challenge.service.TransferService.transferAmount(TransferService.java:21) ~[main/:na]
	at com.dws.challenge.web.AccountsTransferController.transferAmount(AccountsTransferController.java:64) ~[main/:na]
	at com.dws.challenge.ConcurrentTransferTest.lambda$concurrentTransferTest$0(ConcurrentTransferTest.java:63) ~[test/:na]
	at java.base/java.util.concurrent.ThreadPoolExecutor.runWorker(ThreadPoolExecutor.java:1136) ~[na:na]
	at java.base/java.util.concurrent.ThreadPoolExecutor$Worker.run(ThreadPoolExecutor.java:635) ~[na:na]
	at java.base/java.lang.Thread.run(Thread.java:842) ~[na:na]

2024-02-22T18:23:40.758+05:30  INFO 11235 --- [ol-20-thread-11] c.dws.challenge.service.TransferService  : compareBalance -1 
2024-02-22T18:23:40.758+05:30 ERROR 11235 --- [ol-20-thread-13] c.d.c.web.AccountsTransferController     : Exception occurs

com.dws.challenge.exception.InsufficientBalanceException: Insufficient Balance in account Account123
	at com.dws.challenge.service.TransferService.transferAmount(TransferService.java:21) ~[main/:na]
	at com.dws.challenge.web.AccountsTransferController.transferAmount(AccountsTransferController.java:64) ~[main/:na]
	at com.dws.challenge.ConcurrentTransferTest.lambda$concurrentTransferTest$0(ConcurrentTransferTest.java:63) ~[test/:na]
	at java.base/java.util.concurrent.ThreadPoolExecutor.runWorker(ThreadPoolExecutor.java:1136) ~[na:na]
	at java.base/java.util.concurrent.ThreadPoolExecutor$Worker.run(ThreadPoolExecutor.java:635) ~[na:na]
	at java.base/java.lang.Thread.run(Thread.java:842) ~[na:na]

2024-02-22T18:23:40.758+05:30  INFO 11235 --- [ool-20-thread-9] c.dws.challenge.service.TransferService  : compareBalance -1 
2024-02-22T18:23:40.758+05:30 ERROR 11235 --- [ol-20-thread-11] c.d.c.web.AccountsTransferController     : Exception occurs

com.dws.challenge.exception.InsufficientBalanceException: Insufficient Balance in account Account123
	at com.dws.challenge.service.TransferService.transferAmount(TransferService.java:21) ~[main/:na]
	at com.dws.challenge.web.AccountsTransferController.transferAmount(AccountsTransferController.java:64) ~[main/:na]
	at com.dws.challenge.ConcurrentTransferTest.lambda$concurrentTransferTest$0(ConcurrentTransferTest.java:63) ~[test/:na]
	at java.base/java.util.concurrent.ThreadPoolExecutor.runWorker(ThreadPoolExecutor.java:1136) ~[na:na]
	at java.base/java.util.concurrent.ThreadPoolExecutor$Worker.run(ThreadPoolExecutor.java:635) ~[na:na]
	at java.base/java.lang.Thread.run(Thread.java:842) ~[na:na]

2024-02-22T18:23:40.758+05:30  INFO 11235 --- [ool-20-thread-7] c.dws.challenge.service.TransferService  : compareBalance -1 
2024-02-22T18:23:40.758+05:30 ERROR 11235 --- [ool-20-thread-9] c.d.c.web.AccountsTransferController     : Exception occurs

com.dws.challenge.exception.InsufficientBalanceException: Insufficient Balance in account Account123
	at com.dws.challenge.service.TransferService.transferAmount(TransferService.java:21) ~[main/:na]
	at com.dws.challenge.web.AccountsTransferController.transferAmount(AccountsTransferController.java:64) ~[main/:na]
	at com.dws.challenge.ConcurrentTransferTest.lambda$concurrentTransferTest$0(ConcurrentTransferTest.java:63) ~[test/:na]
	at java.base/java.util.concurrent.ThreadPoolExecutor.runWorker(ThreadPoolExecutor.java:1136) ~[na:na]
	at java.base/java.util.concurrent.ThreadPoolExecutor$Worker.run(ThreadPoolExecutor.java:635) ~[na:na]
	at java.base/java.lang.Thread.run(Thread.java:842) ~[na:na]

2024-02-22T18:23:40.758+05:30  INFO 11235 --- [ool-20-thread-6] c.dws.challenge.service.TransferService  : compareBalance -1 
2024-02-22T18:23:40.758+05:30 ERROR 11235 --- [ool-20-thread-7] c.d.c.web.AccountsTransferController     : Exception occurs

com.dws.challenge.exception.InsufficientBalanceException: Insufficient Balance in account Account123
	at com.dws.challenge.service.TransferService.transferAmount(TransferService.java:21) ~[main/:na]
	at com.dws.challenge.web.AccountsTransferController.transferAmount(AccountsTransferController.java:64) ~[main/:na]
	at com.dws.challenge.ConcurrentTransferTest.lambda$concurrentTransferTest$0(ConcurrentTransferTest.java:63) ~[test/:na]
	at java.base/java.util.concurrent.ThreadPoolExecutor.runWorker(ThreadPoolExecutor.java:1136) ~[na:na]
	at java.base/java.util.concurrent.ThreadPoolExecutor$Worker.run(ThreadPoolExecutor.java:635) ~[na:na]
	at java.base/java.lang.Thread.run(Thread.java:842) ~[na:na]

2024-02-22T18:23:40.759+05:30  INFO 11235 --- [ool-20-thread-5] c.dws.challenge.service.TransferService  : compareBalance -1 
2024-02-22T18:23:40.759+05:30 ERROR 11235 --- [ool-20-thread-6] c.d.c.web.AccountsTransferController     : Exception occurs

com.dws.challenge.exception.InsufficientBalanceException: Insufficient Balance in account Account123
	at com.dws.challenge.service.TransferService.transferAmount(TransferService.java:21) ~[main/:na]
	at com.dws.challenge.web.AccountsTransferController.transferAmount(AccountsTransferController.java:64) ~[main/:na]
	at com.dws.challenge.ConcurrentTransferTest.lambda$concurrentTransferTest$0(ConcurrentTransferTest.java:63) ~[test/:na]
	at java.base/java.util.concurrent.ThreadPoolExecutor.runWorker(ThreadPoolExecutor.java:1136) ~[na:na]
	at java.base/java.util.concurrent.ThreadPoolExecutor$Worker.run(ThreadPoolExecutor.java:635) ~[na:na]
	at java.base/java.lang.Thread.run(Thread.java:842) ~[na:na]

2024-02-22T18:23:40.759+05:30  INFO 11235 --- [ol-20-thread-20] c.dws.challenge.service.TransferService  : compareBalance -1 
2024-02-22T18:23:40.759+05:30 ERROR 11235 --- [ool-20-thread-5] c.d.c.web.AccountsTransferController     : Exception occurs

com.dws.challenge.exception.InsufficientBalanceException: Insufficient Balance in account Account123
	at com.dws.challenge.service.TransferService.transferAmount(TransferService.java:21) ~[main/:na]
	at com.dws.challenge.web.AccountsTransferController.transferAmount(AccountsTransferController.java:64) ~[main/:na]
	at com.dws.challenge.ConcurrentTransferTest.lambda$concurrentTransferTest$0(ConcurrentTransferTest.java:63) ~[test/:na]
	at java.base/java.util.concurrent.ThreadPoolExecutor.runWorker(ThreadPoolExecutor.java:1136) ~[na:na]
	at java.base/java.util.concurrent.ThreadPoolExecutor$Worker.run(ThreadPoolExecutor.java:635) ~[na:na]
	at java.base/java.lang.Thread.run(Thread.java:842) ~[na:na]

2024-02-22T18:23:40.759+05:30  INFO 11235 --- [ool-20-thread-4] c.dws.challenge.service.TransferService  : compareBalance -1 
2024-02-22T18:23:40.759+05:30 ERROR 11235 --- [ol-20-thread-20] c.d.c.web.AccountsTransferController     : Exception occurs

com.dws.challenge.exception.InsufficientBalanceException: Insufficient Balance in account Account123
	at com.dws.challenge.service.TransferService.transferAmount(TransferService.java:21) ~[main/:na]
	at com.dws.challenge.web.AccountsTransferController.transferAmount(AccountsTransferController.java:64) ~[main/:na]
	at com.dws.challenge.ConcurrentTransferTest.lambda$concurrentTransferTest$0(ConcurrentTransferTest.java:63) ~[test/:na]
	at java.base/java.util.concurrent.ThreadPoolExecutor.runWorker(ThreadPoolExecutor.java:1136) ~[na:na]
	at java.base/java.util.concurrent.ThreadPoolExecutor$Worker.run(ThreadPoolExecutor.java:635) ~[na:na]
	at java.base/java.lang.Thread.run(Thread.java:842) ~[na:na]

2024-02-22T18:23:40.759+05:30  INFO 11235 --- [ool-20-thread-2] c.dws.challenge.service.TransferService  : compareBalance -1 
2024-02-22T18:23:40.759+05:30 ERROR 11235 --- [ool-20-thread-4] c.d.c.web.AccountsTransferController     : Exception occurs

com.dws.challenge.exception.InsufficientBalanceException: Insufficient Balance in account Account123
	at com.dws.challenge.service.TransferService.transferAmount(TransferService.java:21) ~[main/:na]
	at com.dws.challenge.web.AccountsTransferController.transferAmount(AccountsTransferController.java:64) ~[main/:na]
	at com.dws.challenge.ConcurrentTransferTest.lambda$concurrentTransferTest$0(ConcurrentTransferTest.java:63) ~[test/:na]
	at java.base/java.util.concurrent.ThreadPoolExecutor.runWorker(ThreadPoolExecutor.java:1136) ~[na:na]
	at java.base/java.util.concurrent.ThreadPoolExecutor$Worker.run(ThreadPoolExecutor.java:635) ~[na:na]
	at java.base/java.lang.Thread.run(Thread.java:842) ~[na:na]

2024-02-22T18:23:40.759+05:30  INFO 11235 --- [ol-20-thread-19] c.dws.challenge.service.TransferService  : compareBalance -1 
2024-02-22T18:23:40.759+05:30 ERROR 11235 --- [ool-20-thread-2] c.d.c.web.AccountsTransferController     : Exception occurs

com.dws.challenge.exception.InsufficientBalanceException: Insufficient Balance in account Account123
	at com.dws.challenge.service.TransferService.transferAmount(TransferService.java:21) ~[main/:na]
	at com.dws.challenge.web.AccountsTransferController.transferAmount(AccountsTransferController.java:64) ~[main/:na]
	at com.dws.challenge.ConcurrentTransferTest.lambda$concurrentTransferTest$0(ConcurrentTransferTest.java:63) ~[test/:na]
	at java.base/java.util.concurrent.ThreadPoolExecutor.runWorker(ThreadPoolExecutor.java:1136) ~[na:na]
	at java.base/java.util.concurrent.ThreadPoolExecutor$Worker.run(ThreadPoolExecutor.java:635) ~[na:na]
	at java.base/java.lang.Thread.run(Thread.java:842) ~[na:na]

2024-02-22T18:23:40.759+05:30 ERROR 11235 --- [ol-20-thread-19] c.d.c.web.AccountsTransferController     : Exception occurs

com.dws.challenge.exception.InsufficientBalanceException: Insufficient Balance in account Account123
	at com.dws.challenge.service.TransferService.transferAmount(TransferService.java:21) ~[main/:na]
	at com.dws.challenge.web.AccountsTransferController.transferAmount(AccountsTransferController.java:64) ~[main/:na]
	at com.dws.challenge.ConcurrentTransferTest.lambda$concurrentTransferTest$0(ConcurrentTransferTest.java:63) ~[test/:na]
	at java.base/java.util.concurrent.ThreadPoolExecutor.runWorker(ThreadPoolExecutor.java:1136) ~[na:na]
	at java.base/java.util.concurrent.ThreadPoolExecutor$Worker.run(ThreadPoolExecutor.java:635) ~[na:na]
	at java.base/java.lang.Thread.run(Thread.java:842) ~[na:na]

2024-02-22T18:23:40.759+05:30  INFO 11235 --- [ool-20-thread-3] c.dws.challenge.service.TransferService  : compareBalance -1 
2024-02-22T18:23:40.760+05:30  INFO 11235 --- [ol-20-thread-14] c.dws.challenge.service.TransferService  : compareBalance -1 
2024-02-22T18:23:40.760+05:30 ERROR 11235 --- [ool-20-thread-3] c.d.c.web.AccountsTransferController     : Exception occurs

com.dws.challenge.exception.InsufficientBalanceException: Insufficient Balance in account Account123
	at com.dws.challenge.service.TransferService.transferAmount(TransferService.java:21) ~[main/:na]
	at com.dws.challenge.web.AccountsTransferController.transferAmount(AccountsTransferController.java:64) ~[main/:na]
	at com.dws.challenge.ConcurrentTransferTest.lambda$concurrentTransferTest$0(ConcurrentTransferTest.java:63) ~[test/:na]
	at java.base/java.util.concurrent.ThreadPoolExecutor.runWorker(ThreadPoolExecutor.java:1136) ~[na:na]
	at java.base/java.util.concurrent.ThreadPoolExecutor$Worker.run(ThreadPoolExecutor.java:635) ~[na:na]
	at java.base/java.lang.Thread.run(Thread.java:842) ~[na:na]

2024-02-22T18:23:40.760+05:30 ERROR 11235 --- [ol-20-thread-14] c.d.c.web.AccountsTransferController     : Exception occurs

com.dws.challenge.exception.InsufficientBalanceException: Insufficient Balance in account Account123
	at com.dws.challenge.service.TransferService.transferAmount(TransferService.java:21) ~[main/:na]
	at com.dws.challenge.web.AccountsTransferController.transferAmount(AccountsTransferController.java:64) ~[main/:na]
	at com.dws.challenge.ConcurrentTransferTest.lambda$concurrentTransferTest$0(ConcurrentTransferTest.java:63) ~[test/:na]
	at java.base/java.util.concurrent.ThreadPoolExecutor.runWorker(ThreadPoolExecutor.java:1136) ~[na:na]
	at java.base/java.util.concurrent.ThreadPoolExecutor$Worker.run(ThreadPoolExecutor.java:635) ~[na:na]
	at java.base/java.lang.Thread.run(Thread.java:842) ~[na:na]

2024-02-22T18:23:40.760+05:30  INFO 11235 --- [ol-20-thread-12] c.dws.challenge.service.TransferService  : compareBalance -1 
2024-02-22T18:23:40.760+05:30  INFO 11235 --- [ol-20-thread-10] c.dws.challenge.service.TransferService  : compareBalance -1 
2024-02-22T18:23:40.760+05:30  INFO 11235 --- [ool-20-thread-8] c.dws.challenge.service.TransferService  : compareBalance -1 
2024-02-22T18:23:40.760+05:30 ERROR 11235 --- [ol-20-thread-12] c.d.c.web.AccountsTransferController     : Exception occurs

com.dws.challenge.exception.InsufficientBalanceException: Insufficient Balance in account Account123
	at com.dws.challenge.service.TransferService.transferAmount(TransferService.java:21) ~[main/:na]
	at com.dws.challenge.web.AccountsTransferController.transferAmount(AccountsTransferController.java:64) ~[main/:na]
	at com.dws.challenge.ConcurrentTransferTest.lambda$concurrentTransferTest$0(ConcurrentTransferTest.java:63) ~[test/:na]
	at java.base/java.util.concurrent.ThreadPoolExecutor.runWorker(ThreadPoolExecutor.java:1136) ~[na:na]
	at java.base/java.util.concurrent.ThreadPoolExecutor$Worker.run(ThreadPoolExecutor.java:635) ~[na:na]
	at java.base/java.lang.Thread.run(Thread.java:842) ~[na:na]

2024-02-22T18:23:40.760+05:30 ERROR 11235 --- [ol-20-thread-10] c.d.c.web.AccountsTransferController     : Exception occurs

com.dws.challenge.exception.InsufficientBalanceException: Insufficient Balance in account Account123
	at com.dws.challenge.service.TransferService.transferAmount(TransferService.java:21) ~[main/:na]
	at com.dws.challenge.web.AccountsTransferController.transferAmount(AccountsTransferController.java:64) ~[main/:na]
	at com.dws.challenge.ConcurrentTransferTest.lambda$concurrentTransferTest$0(ConcurrentTransferTest.java:63) ~[test/:na]
	at java.base/java.util.concurrent.ThreadPoolExecutor.runWorker(ThreadPoolExecutor.java:1136) ~[na:na]
	at java.base/java.util.concurrent.ThreadPoolExecutor$Worker.run(ThreadPoolExecutor.java:635) ~[na:na]
	at java.base/java.lang.Thread.run(Thread.java:842) ~[na:na]

2024-02-22T18:23:40.760+05:30 ERROR 11235 --- [ool-20-thread-8] c.d.c.web.AccountsTransferController     : Exception occurs

com.dws.challenge.exception.InsufficientBalanceException: Insufficient Balance in account Account123
	at com.dws.challenge.service.TransferService.transferAmount(TransferService.java:21) ~[main/:na]
	at com.dws.challenge.web.AccountsTransferController.transferAmount(AccountsTransferController.java:64) ~[main/:na]
	at com.dws.challenge.ConcurrentTransferTest.lambda$concurrentTransferTest$0(ConcurrentTransferTest.java:63) ~[test/:na]
	at java.base/java.util.concurrent.ThreadPoolExecutor.runWorker(ThreadPoolExecutor.java:1136) ~[na:na]
	at java.base/java.util.concurrent.ThreadPoolExecutor$Worker.run(ThreadPoolExecutor.java:635) ~[na:na]
	at java.base/java.lang.Thread.run(Thread.java:842) ~[na:na]

2024-02-22T18:23:40.766+05:30  INFO 11235 --- [ol-21-thread-20] c.d.c.web.AccountsTransferController     : Transfer Amount  Transfer(accountFrom=Account123, accountTo=Account124, amount=1000)
2024-02-22T18:23:40.766+05:30  INFO 11235 --- [ool-21-thread-9] c.d.c.web.AccountsTransferController     : Transfer Amount  Transfer(accountFrom=Account123, accountTo=Account124, amount=1000)
2024-02-22T18:23:40.766+05:30  INFO 11235 --- [ol-21-thread-11] c.d.c.web.AccountsTransferController     : Transfer Amount  Transfer(accountFrom=Account123, accountTo=Account124, amount=1000)
2024-02-22T18:23:40.766+05:30  INFO 11235 --- [ol-21-thread-15] c.d.c.web.AccountsTransferController     : Transfer Amount  Transfer(accountFrom=Account123, accountTo=Account124, amount=1000)
2024-02-22T18:23:40.766+05:30  INFO 11235 --- [ool-21-thread-1] c.d.c.web.AccountsTransferController     : Transfer Amount  Transfer(accountFrom=Account123, accountTo=Account124, amount=1000)
2024-02-22T18:23:40.766+05:30  INFO 11235 --- [ool-21-thread-4] c.d.c.web.AccountsTransferController     : Transfer Amount  Transfer(accountFrom=Account123, accountTo=Account124, amount=1000)
2024-02-22T18:23:40.766+05:30  INFO 11235 --- [ool-21-thread-3] c.d.c.web.AccountsTransferController     : Transfer Amount  Transfer(accountFrom=Account123, accountTo=Account124, amount=1000)
2024-02-22T18:23:40.766+05:30  INFO 11235 --- [ool-21-thread-2] c.d.c.web.AccountsTransferController     : Transfer Amount  Transfer(accountFrom=Account123, accountTo=Account124, amount=1000)
2024-02-22T18:23:40.766+05:30  INFO 11235 --- [ool-21-thread-6] c.d.c.web.AccountsTransferController     : Transfer Amount  Transfer(accountFrom=Account123, accountTo=Account124, amount=1000)
2024-02-22T18:23:40.766+05:30  INFO 11235 --- [ool-21-thread-5] c.d.c.web.AccountsTransferController     : Transfer Amount  Transfer(accountFrom=Account123, accountTo=Account124, amount=1000)
2024-02-22T18:23:40.766+05:30  INFO 11235 --- [ool-21-thread-7] c.d.c.web.AccountsTransferController     : Transfer Amount  Transfer(accountFrom=Account123, accountTo=Account124, amount=1000)
2024-02-22T18:23:40.766+05:30  INFO 11235 --- [ool-21-thread-8] c.d.c.web.AccountsTransferController     : Transfer Amount  Transfer(accountFrom=Account123, accountTo=Account124, amount=1000)
2024-02-22T18:23:40.766+05:30  INFO 11235 --- [ol-21-thread-10] c.d.c.web.AccountsTransferController     : Transfer Amount  Transfer(accountFrom=Account123, accountTo=Account124, amount=1000)
2024-02-22T18:23:40.766+05:30  INFO 11235 --- [ol-21-thread-20] c.dws.challenge.service.TransferService  : compareBalance 0 
2024-02-22T18:23:40.766+05:30  INFO 11235 --- [ol-21-thread-12] c.d.c.web.AccountsTransferController     : Transfer Amount  Transfer(accountFrom=Account123, accountTo=Account124, amount=1000)
2024-02-22T18:23:40.767+05:30  INFO 11235 --- [ol-21-thread-20] c.d.c.service.EmailNotificationService   : Sending notification to owner of Account123: 1000 has been debited and transferred to account Account124
2024-02-22T18:23:40.766+05:30  INFO 11235 --- [ol-21-thread-13] c.d.c.web.AccountsTransferController     : Transfer Amount  Transfer(accountFrom=Account123, accountTo=Account124, amount=1000)
2024-02-22T18:23:40.766+05:30  INFO 11235 --- [ol-21-thread-14] c.d.c.web.AccountsTransferController     : Transfer Amount  Transfer(accountFrom=Account123, accountTo=Account124, amount=1000)
2024-02-22T18:23:40.767+05:30  INFO 11235 --- [ol-21-thread-16] c.d.c.web.AccountsTransferController     : Transfer Amount  Transfer(accountFrom=Account123, accountTo=Account124, amount=1000)
2024-02-22T18:23:40.767+05:30  INFO 11235 --- [ol-21-thread-18] c.d.c.web.AccountsTransferController     : Transfer Amount  Transfer(accountFrom=Account123, accountTo=Account124, amount=1000)
2024-02-22T18:23:40.767+05:30  INFO 11235 --- [ol-21-thread-19] c.d.c.web.AccountsTransferController     : Transfer Amount  Transfer(accountFrom=Account123, accountTo=Account124, amount=1000)
2024-02-22T18:23:40.767+05:30  INFO 11235 --- [ol-21-thread-17] c.d.c.web.AccountsTransferController     : Transfer Amount  Transfer(accountFrom=Account123, accountTo=Account124, amount=1000)
2024-02-22T18:23:40.767+05:30  INFO 11235 --- [ol-21-thread-20] c.d.c.service.EmailNotificationService   : Sending notification to owner of Account124: 1000 has been credited to your account from account Account123
2024-02-22T18:23:40.768+05:30  INFO 11235 --- [ol-21-thread-20] c.d.c.web.AccountsTransferController     : notification sent successfully
2024-02-22T18:23:40.768+05:30  INFO 11235 --- [ol-21-thread-17] c.dws.challenge.service.TransferService  : compareBalance -1 
2024-02-22T18:23:40.768+05:30  INFO 11235 --- [ol-21-thread-19] c.dws.challenge.service.TransferService  : compareBalance -1 
2024-02-22T18:23:40.768+05:30  INFO 11235 --- [ol-21-thread-18] c.dws.challenge.service.TransferService  : compareBalance -1 
2024-02-22T18:23:40.768+05:30 ERROR 11235 --- [ol-21-thread-17] c.d.c.web.AccountsTransferController     : Exception occurs

com.dws.challenge.exception.InsufficientBalanceException: Insufficient Balance in account Account123
	at com.dws.challenge.service.TransferService.transferAmount(TransferService.java:21) ~[main/:na]
	at com.dws.challenge.web.AccountsTransferController.transferAmount(AccountsTransferController.java:64) ~[main/:na]
	at com.dws.challenge.ConcurrentTransferTest.lambda$concurrentTransferTest$0(ConcurrentTransferTest.java:63) ~[test/:na]
	at java.base/java.util.concurrent.ThreadPoolExecutor.runWorker(ThreadPoolExecutor.java:1136) ~[na:na]
	at java.base/java.util.concurrent.ThreadPoolExecutor$Worker.run(ThreadPoolExecutor.java:635) ~[na:na]
	at java.base/java.lang.Thread.run(Thread.java:842) ~[na:na]

2024-02-22T18:23:40.768+05:30  INFO 11235 --- [ol-21-thread-16] c.dws.challenge.service.TransferService  : compareBalance -1 
2024-02-22T18:23:40.768+05:30 ERROR 11235 --- [ol-21-thread-19] c.d.c.web.AccountsTransferController     : Exception occurs

com.dws.challenge.exception.InsufficientBalanceException: Insufficient Balance in account Account123
	at com.dws.challenge.service.TransferService.transferAmount(TransferService.java:21) ~[main/:na]
	at com.dws.challenge.web.AccountsTransferController.transferAmount(AccountsTransferController.java:64) ~[main/:na]
	at com.dws.challenge.ConcurrentTransferTest.lambda$concurrentTransferTest$0(ConcurrentTransferTest.java:63) ~[test/:na]
	at java.base/java.util.concurrent.ThreadPoolExecutor.runWorker(ThreadPoolExecutor.java:1136) ~[na:na]
	at java.base/java.util.concurrent.ThreadPoolExecutor$Worker.run(ThreadPoolExecutor.java:635) ~[na:na]
	at java.base/java.lang.Thread.run(Thread.java:842) ~[na:na]

2024-02-22T18:23:40.768+05:30 ERROR 11235 --- [ol-21-thread-18] c.d.c.web.AccountsTransferController     : Exception occurs

com.dws.challenge.exception.InsufficientBalanceException: Insufficient Balance in account Account123
	at com.dws.challenge.service.TransferService.transferAmount(TransferService.java:21) ~[main/:na]
	at com.dws.challenge.web.AccountsTransferController.transferAmount(AccountsTransferController.java:64) ~[main/:na]
	at com.dws.challenge.ConcurrentTransferTest.lambda$concurrentTransferTest$0(ConcurrentTransferTest.java:63) ~[test/:na]
	at java.base/java.util.concurrent.ThreadPoolExecutor.runWorker(ThreadPoolExecutor.java:1136) ~[na:na]
	at java.base/java.util.concurrent.ThreadPoolExecutor$Worker.run(ThreadPoolExecutor.java:635) ~[na:na]
	at java.base/java.lang.Thread.run(Thread.java:842) ~[na:na]

2024-02-22T18:23:40.768+05:30  INFO 11235 --- [ol-21-thread-14] c.dws.challenge.service.TransferService  : compareBalance -1 
2024-02-22T18:23:40.768+05:30 ERROR 11235 --- [ol-21-thread-16] c.d.c.web.AccountsTransferController     : Exception occurs

com.dws.challenge.exception.InsufficientBalanceException: Insufficient Balance in account Account123
	at com.dws.challenge.service.TransferService.transferAmount(TransferService.java:21) ~[main/:na]
	at com.dws.challenge.web.AccountsTransferController.transferAmount(AccountsTransferController.java:64) ~[main/:na]
	at com.dws.challenge.ConcurrentTransferTest.lambda$concurrentTransferTest$0(ConcurrentTransferTest.java:63) ~[test/:na]
	at java.base/java.util.concurrent.ThreadPoolExecutor.runWorker(ThreadPoolExecutor.java:1136) ~[na:na]
	at java.base/java.util.concurrent.ThreadPoolExecutor$Worker.run(ThreadPoolExecutor.java:635) ~[na:na]
	at java.base/java.lang.Thread.run(Thread.java:842) ~[na:na]

2024-02-22T18:23:40.768+05:30  INFO 11235 --- [ol-21-thread-13] c.dws.challenge.service.TransferService  : compareBalance -1 
2024-02-22T18:23:40.768+05:30 ERROR 11235 --- [ol-21-thread-14] c.d.c.web.AccountsTransferController     : Exception occurs

com.dws.challenge.exception.InsufficientBalanceException: Insufficient Balance in account Account123
	at com.dws.challenge.service.TransferService.transferAmount(TransferService.java:21) ~[main/:na]
	at com.dws.challenge.web.AccountsTransferController.transferAmount(AccountsTransferController.java:64) ~[main/:na]
	at com.dws.challenge.ConcurrentTransferTest.lambda$concurrentTransferTest$0(ConcurrentTransferTest.java:63) ~[test/:na]
	at java.base/java.util.concurrent.ThreadPoolExecutor.runWorker(ThreadPoolExecutor.java:1136) ~[na:na]
	at java.base/java.util.concurrent.ThreadPoolExecutor$Worker.run(ThreadPoolExecutor.java:635) ~[na:na]
	at java.base/java.lang.Thread.run(Thread.java:842) ~[na:na]

2024-02-22T18:23:40.769+05:30  INFO 11235 --- [ol-21-thread-12] c.dws.challenge.service.TransferService  : compareBalance -1 
2024-02-22T18:23:40.769+05:30 ERROR 11235 --- [ol-21-thread-13] c.d.c.web.AccountsTransferController     : Exception occurs

com.dws.challenge.exception.InsufficientBalanceException: Insufficient Balance in account Account123
	at com.dws.challenge.service.TransferService.transferAmount(TransferService.java:21) ~[main/:na]
	at com.dws.challenge.web.AccountsTransferController.transferAmount(AccountsTransferController.java:64) ~[main/:na]
	at com.dws.challenge.ConcurrentTransferTest.lambda$concurrentTransferTest$0(ConcurrentTransferTest.java:63) ~[test/:na]
	at java.base/java.util.concurrent.ThreadPoolExecutor.runWorker(ThreadPoolExecutor.java:1136) ~[na:na]
	at java.base/java.util.concurrent.ThreadPoolExecutor$Worker.run(ThreadPoolExecutor.java:635) ~[na:na]
	at java.base/java.lang.Thread.run(Thread.java:842) ~[na:na]

2024-02-22T18:23:40.769+05:30  INFO 11235 --- [ol-21-thread-10] c.dws.challenge.service.TransferService  : compareBalance -1 
2024-02-22T18:23:40.769+05:30 ERROR 11235 --- [ol-21-thread-12] c.d.c.web.AccountsTransferController     : Exception occurs

com.dws.challenge.exception.InsufficientBalanceException: Insufficient Balance in account Account123
	at com.dws.challenge.service.TransferService.transferAmount(TransferService.java:21) ~[main/:na]
	at com.dws.challenge.web.AccountsTransferController.transferAmount(AccountsTransferController.java:64) ~[main/:na]
	at com.dws.challenge.ConcurrentTransferTest.lambda$concurrentTransferTest$0(ConcurrentTransferTest.java:63) ~[test/:na]
	at java.base/java.util.concurrent.ThreadPoolExecutor.runWorker(ThreadPoolExecutor.java:1136) ~[na:na]
	at java.base/java.util.concurrent.ThreadPoolExecutor$Worker.run(ThreadPoolExecutor.java:635) ~[na:na]
	at java.base/java.lang.Thread.run(Thread.java:842) ~[na:na]

2024-02-22T18:23:40.769+05:30  INFO 11235 --- [ool-21-thread-8] c.dws.challenge.service.TransferService  : compareBalance -1 
2024-02-22T18:23:40.769+05:30  INFO 11235 --- [ool-21-thread-7] c.dws.challenge.service.TransferService  : compareBalance -1 
2024-02-22T18:23:40.769+05:30 ERROR 11235 --- [ol-21-thread-10] c.d.c.web.AccountsTransferController     : Exception occurs

com.dws.challenge.exception.InsufficientBalanceException: Insufficient Balance in account Account123
	at com.dws.challenge.service.TransferService.transferAmount(TransferService.java:21) ~[main/:na]
	at com.dws.challenge.web.AccountsTransferController.transferAmount(AccountsTransferController.java:64) ~[main/:na]
	at com.dws.challenge.ConcurrentTransferTest.lambda$concurrentTransferTest$0(ConcurrentTransferTest.java:63) ~[test/:na]
	at java.base/java.util.concurrent.ThreadPoolExecutor.runWorker(ThreadPoolExecutor.java:1136) ~[na:na]
	at java.base/java.util.concurrent.ThreadPoolExecutor$Worker.run(ThreadPoolExecutor.java:635) ~[na:na]
	at java.base/java.lang.Thread.run(Thread.java:842) ~[na:na]

2024-02-22T18:23:40.769+05:30 ERROR 11235 --- [ool-21-thread-8] c.d.c.web.AccountsTransferController     : Exception occurs

com.dws.challenge.exception.InsufficientBalanceException: Insufficient Balance in account Account123
	at com.dws.challenge.service.TransferService.transferAmount(TransferService.java:21) ~[main/:na]
	at com.dws.challenge.web.AccountsTransferController.transferAmount(AccountsTransferController.java:64) ~[main/:na]
	at com.dws.challenge.ConcurrentTransferTest.lambda$concurrentTransferTest$0(ConcurrentTransferTest.java:63) ~[test/:na]
	at java.base/java.util.concurrent.ThreadPoolExecutor.runWorker(ThreadPoolExecutor.java:1136) ~[na:na]
	at java.base/java.util.concurrent.ThreadPoolExecutor$Worker.run(ThreadPoolExecutor.java:635) ~[na:na]
	at java.base/java.lang.Thread.run(Thread.java:842) ~[na:na]

2024-02-22T18:23:40.769+05:30  INFO 11235 --- [ool-21-thread-5] c.dws.challenge.service.TransferService  : compareBalance -1 
2024-02-22T18:23:40.769+05:30 ERROR 11235 --- [ool-21-thread-7] c.d.c.web.AccountsTransferController     : Exception occurs

com.dws.challenge.exception.InsufficientBalanceException: Insufficient Balance in account Account123
	at com.dws.challenge.service.TransferService.transferAmount(TransferService.java:21) ~[main/:na]
	at com.dws.challenge.web.AccountsTransferController.transferAmount(AccountsTransferController.java:64) ~[main/:na]
	at com.dws.challenge.ConcurrentTransferTest.lambda$concurrentTransferTest$0(ConcurrentTransferTest.java:63) ~[test/:na]
	at java.base/java.util.concurrent.ThreadPoolExecutor.runWorker(ThreadPoolExecutor.java:1136) ~[na:na]
	at java.base/java.util.concurrent.ThreadPoolExecutor$Worker.run(ThreadPoolExecutor.java:635) ~[na:na]
	at java.base/java.lang.Thread.run(Thread.java:842) ~[na:na]

2024-02-22T18:23:40.769+05:30  INFO 11235 --- [ool-21-thread-6] c.dws.challenge.service.TransferService  : compareBalance -1 
2024-02-22T18:23:40.769+05:30 ERROR 11235 --- [ool-21-thread-5] c.d.c.web.AccountsTransferController     : Exception occurs

com.dws.challenge.exception.InsufficientBalanceException: Insufficient Balance in account Account123
	at com.dws.challenge.service.TransferService.transferAmount(TransferService.java:21) ~[main/:na]
	at com.dws.challenge.web.AccountsTransferController.transferAmount(AccountsTransferController.java:64) ~[main/:na]
	at com.dws.challenge.ConcurrentTransferTest.lambda$concurrentTransferTest$0(ConcurrentTransferTest.java:63) ~[test/:na]
	at java.base/java.util.concurrent.ThreadPoolExecutor.runWorker(ThreadPoolExecutor.java:1136) ~[na:na]
	at java.base/java.util.concurrent.ThreadPoolExecutor$Worker.run(ThreadPoolExecutor.java:635) ~[na:na]
	at java.base/java.lang.Thread.run(Thread.java:842) ~[na:na]

2024-02-22T18:23:40.770+05:30  INFO 11235 --- [ool-21-thread-2] c.dws.challenge.service.TransferService  : compareBalance -1 
2024-02-22T18:23:40.770+05:30 ERROR 11235 --- [ool-21-thread-6] c.d.c.web.AccountsTransferController     : Exception occurs

com.dws.challenge.exception.InsufficientBalanceException: Insufficient Balance in account Account123
	at com.dws.challenge.service.TransferService.transferAmount(TransferService.java:21) ~[main/:na]
	at com.dws.challenge.web.AccountsTransferController.transferAmount(AccountsTransferController.java:64) ~[main/:na]
	at com.dws.challenge.ConcurrentTransferTest.lambda$concurrentTransferTest$0(ConcurrentTransferTest.java:63) ~[test/:na]
	at java.base/java.util.concurrent.ThreadPoolExecutor.runWorker(ThreadPoolExecutor.java:1136) ~[na:na]
	at java.base/java.util.concurrent.ThreadPoolExecutor$Worker.run(ThreadPoolExecutor.java:635) ~[na:na]
	at java.base/java.lang.Thread.run(Thread.java:842) ~[na:na]

2024-02-22T18:23:40.770+05:30  INFO 11235 --- [ool-21-thread-3] c.dws.challenge.service.TransferService  : compareBalance -1 
2024-02-22T18:23:40.770+05:30 ERROR 11235 --- [ool-21-thread-2] c.d.c.web.AccountsTransferController     : Exception occurs

com.dws.challenge.exception.InsufficientBalanceException: Insufficient Balance in account Account123
	at com.dws.challenge.service.TransferService.transferAmount(TransferService.java:21) ~[main/:na]
	at com.dws.challenge.web.AccountsTransferController.transferAmount(AccountsTransferController.java:64) ~[main/:na]
	at com.dws.challenge.ConcurrentTransferTest.lambda$concurrentTransferTest$0(ConcurrentTransferTest.java:63) ~[test/:na]
	at java.base/java.util.concurrent.ThreadPoolExecutor.runWorker(ThreadPoolExecutor.java:1136) ~[na:na]
	at java.base/java.util.concurrent.ThreadPoolExecutor$Worker.run(ThreadPoolExecutor.java:635) ~[na:na]
	at java.base/java.lang.Thread.run(Thread.java:842) ~[na:na]

2024-02-22T18:23:40.770+05:30  INFO 11235 --- [ool-21-thread-4] c.dws.challenge.service.TransferService  : compareBalance -1 
2024-02-22T18:23:40.770+05:30 ERROR 11235 --- [ool-21-thread-3] c.d.c.web.AccountsTransferController     : Exception occurs

com.dws.challenge.exception.InsufficientBalanceException: Insufficient Balance in account Account123
	at com.dws.challenge.service.TransferService.transferAmount(TransferService.java:21) ~[main/:na]
	at com.dws.challenge.web.AccountsTransferController.transferAmount(AccountsTransferController.java:64) ~[main/:na]
	at com.dws.challenge.ConcurrentTransferTest.lambda$concurrentTransferTest$0(ConcurrentTransferTest.java:63) ~[test/:na]
	at java.base/java.util.concurrent.ThreadPoolExecutor.runWorker(ThreadPoolExecutor.java:1136) ~[na:na]
	at java.base/java.util.concurrent.ThreadPoolExecutor$Worker.run(ThreadPoolExecutor.java:635) ~[na:na]
	at java.base/java.lang.Thread.run(Thread.java:842) ~[na:na]

2024-02-22T18:23:40.770+05:30  INFO 11235 --- [ool-21-thread-1] c.dws.challenge.service.TransferService  : compareBalance -1 
2024-02-22T18:23:40.770+05:30 ERROR 11235 --- [ool-21-thread-4] c.d.c.web.AccountsTransferController     : Exception occurs

com.dws.challenge.exception.InsufficientBalanceException: Insufficient Balance in account Account123
	at com.dws.challenge.service.TransferService.transferAmount(TransferService.java:21) ~[main/:na]
	at com.dws.challenge.web.AccountsTransferController.transferAmount(AccountsTransferController.java:64) ~[main/:na]
	at com.dws.challenge.ConcurrentTransferTest.lambda$concurrentTransferTest$0(ConcurrentTransferTest.java:63) ~[test/:na]
	at java.base/java.util.concurrent.ThreadPoolExecutor.runWorker(ThreadPoolExecutor.java:1136) ~[na:na]
	at java.base/java.util.concurrent.ThreadPoolExecutor$Worker.run(ThreadPoolExecutor.java:635) ~[na:na]
	at java.base/java.lang.Thread.run(Thread.java:842) ~[na:na]

2024-02-22T18:23:40.770+05:30  INFO 11235 --- [ol-21-thread-15] c.dws.challenge.service.TransferService  : compareBalance -1 
2024-02-22T18:23:40.770+05:30 ERROR 11235 --- [ool-21-thread-1] c.d.c.web.AccountsTransferController     : Exception occurs

com.dws.challenge.exception.InsufficientBalanceException: Insufficient Balance in account Account123
	at com.dws.challenge.service.TransferService.transferAmount(TransferService.java:21) ~[main/:na]
	at com.dws.challenge.web.AccountsTransferController.transferAmount(AccountsTransferController.java:64) ~[main/:na]
	at com.dws.challenge.ConcurrentTransferTest.lambda$concurrentTransferTest$0(ConcurrentTransferTest.java:63) ~[test/:na]
	at java.base/java.util.concurrent.ThreadPoolExecutor.runWorker(ThreadPoolExecutor.java:1136) ~[na:na]
	at java.base/java.util.concurrent.ThreadPoolExecutor$Worker.run(ThreadPoolExecutor.java:635) ~[na:na]
	at java.base/java.lang.Thread.run(Thread.java:842) ~[na:na]

2024-02-22T18:23:40.770+05:30  INFO 11235 --- [ol-21-thread-11] c.dws.challenge.service.TransferService  : compareBalance -1 
2024-02-22T18:23:40.770+05:30 ERROR 11235 --- [ol-21-thread-15] c.d.c.web.AccountsTransferController     : Exception occurs

com.dws.challenge.exception.InsufficientBalanceException: Insufficient Balance in account Account123
	at com.dws.challenge.service.TransferService.transferAmount(TransferService.java:21) ~[main/:na]
	at com.dws.challenge.web.AccountsTransferController.transferAmount(AccountsTransferController.java:64) ~[main/:na]
	at com.dws.challenge.ConcurrentTransferTest.lambda$concurrentTransferTest$0(ConcurrentTransferTest.java:63) ~[test/:na]
	at java.base/java.util.concurrent.ThreadPoolExecutor.runWorker(ThreadPoolExecutor.java:1136) ~[na:na]
	at java.base/java.util.concurrent.ThreadPoolExecutor$Worker.run(ThreadPoolExecutor.java:635) ~[na:na]
	at java.base/java.lang.Thread.run(Thread.java:842) ~[na:na]

2024-02-22T18:23:40.771+05:30  INFO 11235 --- [ool-21-thread-9] c.dws.challenge.service.TransferService  : compareBalance -1 
2024-02-22T18:23:40.771+05:30 ERROR 11235 --- [ol-21-thread-11] c.d.c.web.AccountsTransferController     : Exception occurs

com.dws.challenge.exception.InsufficientBalanceException: Insufficient Balance in account Account123
	at com.dws.challenge.service.TransferService.transferAmount(TransferService.java:21) ~[main/:na]
	at com.dws.challenge.web.AccountsTransferController.transferAmount(AccountsTransferController.java:64) ~[main/:na]
	at com.dws.challenge.ConcurrentTransferTest.lambda$concurrentTransferTest$0(ConcurrentTransferTest.java:63) ~[test/:na]
	at java.base/java.util.concurrent.ThreadPoolExecutor.runWorker(ThreadPoolExecutor.java:1136) ~[na:na]
	at java.base/java.util.concurrent.ThreadPoolExecutor$Worker.run(ThreadPoolExecutor.java:635) ~[na:na]
	at java.base/java.lang.Thread.run(Thread.java:842) ~[na:na]

2024-02-22T18:23:40.771+05:30 ERROR 11235 --- [ool-21-thread-9] c.d.c.web.AccountsTransferController     : Exception occurs

com.dws.challenge.exception.InsufficientBalanceException: Insufficient Balance in account Account123
	at com.dws.challenge.service.TransferService.transferAmount(TransferService.java:21) ~[main/:na]
	at com.dws.challenge.web.AccountsTransferController.transferAmount(AccountsTransferController.java:64) ~[main/:na]
	at com.dws.challenge.ConcurrentTransferTest.lambda$concurrentTransferTest$0(ConcurrentTransferTest.java:63) ~[test/:na]
	at java.base/java.util.concurrent.ThreadPoolExecutor.runWorker(ThreadPoolExecutor.java:1136) ~[na:na]
	at java.base/java.util.concurrent.ThreadPoolExecutor$Worker.run(ThreadPoolExecutor.java:635) ~[na:na]
	at java.base/java.lang.Thread.run(Thread.java:842) ~[na:na]

]]></system-out>
  <system-err><![CDATA[]]></system-err>
</testsuite>
