<?xml version="1.0" encoding="UTF-8"?>
<testsuite name="com.dws.challenge.ConcurrentTransferTest" tests="20" skipped="0" failures="0" errors="0" timestamp="2024-02-22T17:06:14" hostname="shailendras-MacBook-Pro.local" time="0.632">
  <properties/>
  <testcase name="repetition 1 of 20" classname="com.dws.challenge.ConcurrentTransferTest" time="0.169"/>
  <testcase name="repetition 2 of 20" classname="com.dws.challenge.ConcurrentTransferTest" time="0.036"/>
  <testcase name="repetition 3 of 20" classname="com.dws.challenge.ConcurrentTransferTest" time="0.028"/>
  <testcase name="repetition 4 of 20" classname="com.dws.challenge.ConcurrentTransferTest" time="0.028"/>
  <testcase name="repetition 5 of 20" classname="com.dws.challenge.ConcurrentTransferTest" time="0.025"/>
  <testcase name="repetition 6 of 20" classname="com.dws.challenge.ConcurrentTransferTest" time="0.027"/>
  <testcase name="repetition 7 of 20" classname="com.dws.challenge.ConcurrentTransferTest" time="0.024"/>
  <testcase name="repetition 8 of 20" classname="com.dws.challenge.ConcurrentTransferTest" time="0.028"/>
  <testcase name="repetition 9 of 20" classname="com.dws.challenge.ConcurrentTransferTest" time="0.024"/>
  <testcase name="repetition 10 of 20" classname="com.dws.challenge.ConcurrentTransferTest" time="0.021"/>
  <testcase name="repetition 11 of 20" classname="com.dws.challenge.ConcurrentTransferTest" time="0.022"/>
  <testcase name="repetition 12 of 20" classname="com.dws.challenge.ConcurrentTransferTest" time="0.017"/>
  <testcase name="repetition 13 of 20" classname="com.dws.challenge.ConcurrentTransferTest" time="0.016"/>
  <testcase name="repetition 14 of 20" classname="com.dws.challenge.ConcurrentTransferTest" time="0.019"/>
  <testcase name="repetition 15 of 20" classname="com.dws.challenge.ConcurrentTransferTest" time="0.019"/>
  <testcase name="repetition 16 of 20" classname="com.dws.challenge.ConcurrentTransferTest" time="0.021"/>
  <testcase name="repetition 17 of 20" classname="com.dws.challenge.ConcurrentTransferTest" time="0.017"/>
  <testcase name="repetition 18 of 20" classname="com.dws.challenge.ConcurrentTransferTest" time="0.017"/>
  <testcase name="repetition 19 of 20" classname="com.dws.challenge.ConcurrentTransferTest" time="0.018"/>
  <testcase name="repetition 20 of 20" classname="com.dws.challenge.ConcurrentTransferTest" time="0.016"/>
  <system-out><![CDATA[22:36:12.149 [Test worker] INFO org.springframework.test.context.support.AnnotationConfigContextLoaderUtils -- Could not detect default configuration classes for test class [com.dws.challenge.ConcurrentTransferTest]: ConcurrentTransferTest does not declare any static, non-private, non-final, nested classes annotated with @Configuration.
22:36:12.298 [Test worker] INFO org.springframework.boot.test.context.SpringBootTestContextBootstrapper -- Found @SpringBootConfiguration com.dws.challenge.ChallengeApplication for test class com.dws.challenge.ConcurrentTransferTest

  .   ____          _            __ _ _
 /\\ / ___'_ __ _ _(_)_ __  __ _ \ \ \ \
( ( )\___ | '_ | '_| | '_ \/ _` | \ \ \ \
 \\/  ___)| |_)| | | | | || (_| |  ) ) ) )
  '  |____| .__|_| |_|_| |_\__, | / / / /
 =========|_|==============|___/=/_/_/_/
 :: Spring Boot ::                (v3.2.2)

2024-02-22T22:36:12.737+05:30  INFO 99627 --- [    Test worker] c.dws.challenge.ConcurrentTransferTest   : Starting ConcurrentTransferTest using Java 17.0.10 with PID 99627 (started by shailendra in /Users/shailendra/Documents/PersonalDoc/MyWork/mygithubwork/challenge)
2024-02-22T22:36:12.739+05:30  INFO 99627 --- [    Test worker] c.dws.challenge.ConcurrentTransferTest   : No active profile set, falling back to 1 default profile: "default"
2024-02-22T22:36:13.852+05:30  INFO 99627 --- [    Test worker] c.dws.challenge.ConcurrentTransferTest   : Started ConcurrentTransferTest in 1.394 seconds (process running for 2.654)
2024-02-22T22:36:14.897+05:30  INFO 99627 --- [ool-2-thread-14] c.d.c.web.AccountsTransferController     : Transfer Amount  Transfer(accountFrom=Account123, accountTo=Account124, amount=1000)
2024-02-22T22:36:14.896+05:30  INFO 99627 --- [pool-2-thread-2] c.d.c.web.AccountsTransferController     : Transfer Amount  Transfer(accountFrom=Account123, accountTo=Account124, amount=1000)
2024-02-22T22:36:14.897+05:30  INFO 99627 --- [ool-2-thread-17] c.d.c.web.AccountsTransferController     : Transfer Amount  Transfer(accountFrom=Account123, accountTo=Account124, amount=1000)
2024-02-22T22:36:14.896+05:30  INFO 99627 --- [pool-2-thread-4] c.d.c.web.AccountsTransferController     : Transfer Amount  Transfer(accountFrom=Account123, accountTo=Account124, amount=1000)
2024-02-22T22:36:14.897+05:30  INFO 99627 --- [ool-2-thread-12] c.d.c.web.AccountsTransferController     : Transfer Amount  Transfer(accountFrom=Account123, accountTo=Account124, amount=1000)
2024-02-22T22:36:14.897+05:30  INFO 99627 --- [ool-2-thread-13] c.d.c.web.AccountsTransferController     : Transfer Amount  Transfer(accountFrom=Account123, accountTo=Account124, amount=1000)
2024-02-22T22:36:14.897+05:30  INFO 99627 --- [ool-2-thread-18] c.d.c.web.AccountsTransferController     : Transfer Amount  Transfer(accountFrom=Account123, accountTo=Account124, amount=1000)
2024-02-22T22:36:14.897+05:30  INFO 99627 --- [ool-2-thread-15] c.d.c.web.AccountsTransferController     : Transfer Amount  Transfer(accountFrom=Account123, accountTo=Account124, amount=1000)
2024-02-22T22:36:14.897+05:30  INFO 99627 --- [ool-2-thread-19] c.d.c.web.AccountsTransferController     : Transfer Amount  Transfer(accountFrom=Account123, accountTo=Account124, amount=1000)
2024-02-22T22:36:14.897+05:30  INFO 99627 --- [ool-2-thread-11] c.d.c.web.AccountsTransferController     : Transfer Amount  Transfer(accountFrom=Account123, accountTo=Account124, amount=1000)
2024-02-22T22:36:14.896+05:30  INFO 99627 --- [ool-2-thread-10] c.d.c.web.AccountsTransferController     : Transfer Amount  Transfer(accountFrom=Account123, accountTo=Account124, amount=1000)
2024-02-22T22:36:14.897+05:30  INFO 99627 --- [ool-2-thread-16] c.d.c.web.AccountsTransferController     : Transfer Amount  Transfer(accountFrom=Account123, accountTo=Account124, amount=1000)
2024-02-22T22:36:14.896+05:30  INFO 99627 --- [pool-2-thread-1] c.d.c.web.AccountsTransferController     : Transfer Amount  Transfer(accountFrom=Account123, accountTo=Account124, amount=1000)
2024-02-22T22:36:14.896+05:30  INFO 99627 --- [pool-2-thread-5] c.d.c.web.AccountsTransferController     : Transfer Amount  Transfer(accountFrom=Account123, accountTo=Account124, amount=1000)
2024-02-22T22:36:14.896+05:30  INFO 99627 --- [pool-2-thread-3] c.d.c.web.AccountsTransferController     : Transfer Amount  Transfer(accountFrom=Account123, accountTo=Account124, amount=1000)
2024-02-22T22:36:14.896+05:30  INFO 99627 --- [ool-2-thread-20] c.d.c.web.AccountsTransferController     : Transfer Amount  Transfer(accountFrom=Account123, accountTo=Account124, amount=1000)
2024-02-22T22:36:14.896+05:30  INFO 99627 --- [pool-2-thread-9] c.d.c.web.AccountsTransferController     : Transfer Amount  Transfer(accountFrom=Account123, accountTo=Account124, amount=1000)
2024-02-22T22:36:14.896+05:30  INFO 99627 --- [pool-2-thread-7] c.d.c.web.AccountsTransferController     : Transfer Amount  Transfer(accountFrom=Account123, accountTo=Account124, amount=1000)
2024-02-22T22:36:14.896+05:30  INFO 99627 --- [pool-2-thread-8] c.d.c.web.AccountsTransferController     : Transfer Amount  Transfer(accountFrom=Account123, accountTo=Account124, amount=1000)
2024-02-22T22:36:14.896+05:30  INFO 99627 --- [pool-2-thread-6] c.d.c.web.AccountsTransferController     : Transfer Amount  Transfer(accountFrom=Account123, accountTo=Account124, amount=1000)
2024-02-22T22:36:14.899+05:30  INFO 99627 --- [ool-2-thread-14] c.dws.challenge.service.TransferService  : compareBalance 0 
2024-02-22T22:36:14.911+05:30  INFO 99627 --- [ool-2-thread-14] c.d.c.web.AccountsTransferController     : notification sent successfully
2024-02-22T22:36:14.911+05:30  INFO 99627 --- [pool-2-thread-6] c.dws.challenge.service.TransferService  : compareBalance -1 
2024-02-22T22:36:14.912+05:30  INFO 99627 --- [pool-2-thread-8] c.dws.challenge.service.TransferService  : compareBalance -1 
2024-02-22T22:36:14.912+05:30  INFO 99627 --- [pool-2-thread-7] c.dws.challenge.service.TransferService  : compareBalance -1 
2024-02-22T22:36:14.913+05:30  INFO 99627 --- [pool-2-thread-9] c.dws.challenge.service.TransferService  : compareBalance -1 
2024-02-22T22:36:14.913+05:30  INFO 99627 --- [ool-2-thread-20] c.dws.challenge.service.TransferService  : compareBalance -1 
2024-02-22T22:36:14.913+05:30  INFO 99627 --- [pool-2-thread-3] c.dws.challenge.service.TransferService  : compareBalance -1 
2024-02-22T22:36:14.914+05:30  INFO 99627 --- [pool-2-thread-5] c.dws.challenge.service.TransferService  : compareBalance -1 
2024-02-22T22:36:14.914+05:30  INFO 99627 --- [pool-2-thread-1] c.dws.challenge.service.TransferService  : compareBalance -1 
2024-02-22T22:36:14.914+05:30  INFO 99627 --- [ool-2-thread-16] c.dws.challenge.service.TransferService  : compareBalance -1 
2024-02-22T22:36:14.915+05:30  INFO 99627 --- [ool-2-thread-10] c.dws.challenge.service.TransferService  : compareBalance -1 
2024-02-22T22:36:14.915+05:30  INFO 99627 --- [ool-2-thread-11] c.dws.challenge.service.TransferService  : compareBalance -1 
2024-02-22T22:36:14.915+05:30  INFO 99627 --- [ool-2-thread-19] c.dws.challenge.service.TransferService  : compareBalance -1 
2024-02-22T22:36:14.916+05:30  INFO 99627 --- [ool-2-thread-15] c.dws.challenge.service.TransferService  : compareBalance -1 
2024-02-22T22:36:14.916+05:30  INFO 99627 --- [ool-2-thread-18] c.dws.challenge.service.TransferService  : compareBalance -1 
2024-02-22T22:36:14.917+05:30  INFO 99627 --- [ool-2-thread-13] c.dws.challenge.service.TransferService  : compareBalance -1 
2024-02-22T22:36:14.917+05:30  INFO 99627 --- [ool-2-thread-12] c.dws.challenge.service.TransferService  : compareBalance -1 
2024-02-22T22:36:14.916+05:30 ERROR 99627 --- [ool-2-thread-18] c.d.c.web.AccountsTransferController     : Exception occurs

com.dws.challenge.exception.InsufficientBalanceException: Insufficient Balance in account Account123
	at com.dws.challenge.service.TransferService.transferAmount(TransferService.java:21) ~[main/:na]
	at com.dws.challenge.web.AccountsTransferController.transferAmount(AccountsTransferController.java:65) ~[main/:na]
	at com.dws.challenge.ConcurrentTransferTest.lambda$concurrentTransferTest$0(ConcurrentTransferTest.java:77) ~[test/:na]
	at java.base/java.util.concurrent.ThreadPoolExecutor.runWorker(ThreadPoolExecutor.java:1136) ~[na:na]
	at java.base/java.util.concurrent.ThreadPoolExecutor$Worker.run(ThreadPoolExecutor.java:635) ~[na:na]
	at java.base/java.lang.Thread.run(Thread.java:842) ~[na:na]

2024-02-22T22:36:14.914+05:30 ERROR 99627 --- [pool-2-thread-3] c.d.c.web.AccountsTransferController     : Exception occurs

com.dws.challenge.exception.InsufficientBalanceException: Insufficient Balance in account Account123
	at com.dws.challenge.service.TransferService.transferAmount(TransferService.java:21) ~[main/:na]
	at com.dws.challenge.web.AccountsTransferController.transferAmount(AccountsTransferController.java:65) ~[main/:na]
	at com.dws.challenge.ConcurrentTransferTest.lambda$concurrentTransferTest$0(ConcurrentTransferTest.java:77) ~[test/:na]
	at java.base/java.util.concurrent.ThreadPoolExecutor.runWorker(ThreadPoolExecutor.java:1136) ~[na:na]
	at java.base/java.util.concurrent.ThreadPoolExecutor$Worker.run(ThreadPoolExecutor.java:635) ~[na:na]
	at java.base/java.lang.Thread.run(Thread.java:842) ~[na:na]

2024-02-22T22:36:14.913+05:30 ERROR 99627 --- [pool-2-thread-7] c.d.c.web.AccountsTransferController     : Exception occurs

com.dws.challenge.exception.InsufficientBalanceException: Insufficient Balance in account Account123
	at com.dws.challenge.service.TransferService.transferAmount(TransferService.java:21) ~[main/:na]
	at com.dws.challenge.web.AccountsTransferController.transferAmount(AccountsTransferController.java:65) ~[main/:na]
	at com.dws.challenge.ConcurrentTransferTest.lambda$concurrentTransferTest$0(ConcurrentTransferTest.java:77) ~[test/:na]
	at java.base/java.util.concurrent.ThreadPoolExecutor.runWorker(ThreadPoolExecutor.java:1136) ~[na:na]
	at java.base/java.util.concurrent.ThreadPoolExecutor$Worker.run(ThreadPoolExecutor.java:635) ~[na:na]
	at java.base/java.lang.Thread.run(Thread.java:842) ~[na:na]

2024-02-22T22:36:14.917+05:30 ERROR 99627 --- [ool-2-thread-13] c.d.c.web.AccountsTransferController     : Exception occurs

com.dws.challenge.exception.InsufficientBalanceException: Insufficient Balance in account Account123
	at com.dws.challenge.service.TransferService.transferAmount(TransferService.java:21) ~[main/:na]
	at com.dws.challenge.web.AccountsTransferController.transferAmount(AccountsTransferController.java:65) ~[main/:na]
	at com.dws.challenge.ConcurrentTransferTest.lambda$concurrentTransferTest$0(ConcurrentTransferTest.java:77) ~[test/:na]
	at java.base/java.util.concurrent.ThreadPoolExecutor.runWorker(ThreadPoolExecutor.java:1136) ~[na:na]
	at java.base/java.util.concurrent.ThreadPoolExecutor$Worker.run(ThreadPoolExecutor.java:635) ~[na:na]
	at java.base/java.lang.Thread.run(Thread.java:842) ~[na:na]

2024-02-22T22:36:14.912+05:30 ERROR 99627 --- [pool-2-thread-8] c.d.c.web.AccountsTransferController     : Exception occurs

com.dws.challenge.exception.InsufficientBalanceException: Insufficient Balance in account Account123
	at com.dws.challenge.service.TransferService.transferAmount(TransferService.java:21) ~[main/:na]
	at com.dws.challenge.web.AccountsTransferController.transferAmount(AccountsTransferController.java:65) ~[main/:na]
	at com.dws.challenge.ConcurrentTransferTest.lambda$concurrentTransferTest$0(ConcurrentTransferTest.java:77) ~[test/:na]
	at java.base/java.util.concurrent.ThreadPoolExecutor.runWorker(ThreadPoolExecutor.java:1136) ~[na:na]
	at java.base/java.util.concurrent.ThreadPoolExecutor$Worker.run(ThreadPoolExecutor.java:635) ~[na:na]
	at java.base/java.lang.Thread.run(Thread.java:842) ~[na:na]

2024-02-22T22:36:14.915+05:30 ERROR 99627 --- [ool-2-thread-16] c.d.c.web.AccountsTransferController     : Exception occurs

com.dws.challenge.exception.InsufficientBalanceException: Insufficient Balance in account Account123
	at com.dws.challenge.service.TransferService.transferAmount(TransferService.java:21) ~[main/:na]
	at com.dws.challenge.web.AccountsTransferController.transferAmount(AccountsTransferController.java:65) ~[main/:na]
	at com.dws.challenge.ConcurrentTransferTest.lambda$concurrentTransferTest$0(ConcurrentTransferTest.java:77) ~[test/:na]
	at java.base/java.util.concurrent.ThreadPoolExecutor.runWorker(ThreadPoolExecutor.java:1136) ~[na:na]
	at java.base/java.util.concurrent.ThreadPoolExecutor$Worker.run(ThreadPoolExecutor.java:635) ~[na:na]
	at java.base/java.lang.Thread.run(Thread.java:842) ~[na:na]

2024-02-22T22:36:14.918+05:30  INFO 99627 --- [pool-2-thread-4] c.dws.challenge.service.TransferService  : compareBalance -1 
2024-02-22T22:36:14.918+05:30 ERROR 99627 --- [ool-2-thread-12] c.d.c.web.AccountsTransferController     : Exception occurs

com.dws.challenge.exception.InsufficientBalanceException: Insufficient Balance in account Account123
	at com.dws.challenge.service.TransferService.transferAmount(TransferService.java:21) ~[main/:na]
	at com.dws.challenge.web.AccountsTransferController.transferAmount(AccountsTransferController.java:65) ~[main/:na]
	at com.dws.challenge.ConcurrentTransferTest.lambda$concurrentTransferTest$0(ConcurrentTransferTest.java:77) ~[test/:na]
	at java.base/java.util.concurrent.ThreadPoolExecutor.runWorker(ThreadPoolExecutor.java:1136) ~[na:na]
	at java.base/java.util.concurrent.ThreadPoolExecutor$Worker.run(ThreadPoolExecutor.java:635) ~[na:na]
	at java.base/java.lang.Thread.run(Thread.java:842) ~[na:na]

2024-02-22T22:36:14.915+05:30 ERROR 99627 --- [ool-2-thread-10] c.d.c.web.AccountsTransferController     : Exception occurs

com.dws.challenge.exception.InsufficientBalanceException: Insufficient Balance in account Account123
	at com.dws.challenge.service.TransferService.transferAmount(TransferService.java:21) ~[main/:na]
	at com.dws.challenge.web.AccountsTransferController.transferAmount(AccountsTransferController.java:65) ~[main/:na]
	at com.dws.challenge.ConcurrentTransferTest.lambda$concurrentTransferTest$0(ConcurrentTransferTest.java:77) ~[test/:na]
	at java.base/java.util.concurrent.ThreadPoolExecutor.runWorker(ThreadPoolExecutor.java:1136) ~[na:na]
	at java.base/java.util.concurrent.ThreadPoolExecutor$Worker.run(ThreadPoolExecutor.java:635) ~[na:na]
	at java.base/java.lang.Thread.run(Thread.java:842) ~[na:na]

2024-02-22T22:36:14.913+05:30 ERROR 99627 --- [ool-2-thread-20] c.d.c.web.AccountsTransferController     : Exception occurs

com.dws.challenge.exception.InsufficientBalanceException: Insufficient Balance in account Account123
	at com.dws.challenge.service.TransferService.transferAmount(TransferService.java:21) ~[main/:na]
	at com.dws.challenge.web.AccountsTransferController.transferAmount(AccountsTransferController.java:65) ~[main/:na]
	at com.dws.challenge.ConcurrentTransferTest.lambda$concurrentTransferTest$0(ConcurrentTransferTest.java:77) ~[test/:na]
	at java.base/java.util.concurrent.ThreadPoolExecutor.runWorker(ThreadPoolExecutor.java:1136) ~[na:na]
	at java.base/java.util.concurrent.ThreadPoolExecutor$Worker.run(ThreadPoolExecutor.java:635) ~[na:na]
	at java.base/java.lang.Thread.run(Thread.java:842) ~[na:na]

2024-02-22T22:36:14.915+05:30 ERROR 99627 --- [ool-2-thread-11] c.d.c.web.AccountsTransferController     : Exception occurs

com.dws.challenge.exception.InsufficientBalanceException: Insufficient Balance in account Account123
	at com.dws.challenge.service.TransferService.transferAmount(TransferService.java:21) ~[main/:na]
	at com.dws.challenge.web.AccountsTransferController.transferAmount(AccountsTransferController.java:65) ~[main/:na]
	at com.dws.challenge.ConcurrentTransferTest.lambda$concurrentTransferTest$0(ConcurrentTransferTest.java:77) ~[test/:na]
	at java.base/java.util.concurrent.ThreadPoolExecutor.runWorker(ThreadPoolExecutor.java:1136) ~[na:na]
	at java.base/java.util.concurrent.ThreadPoolExecutor$Worker.run(ThreadPoolExecutor.java:635) ~[na:na]
	at java.base/java.lang.Thread.run(Thread.java:842) ~[na:na]

2024-02-22T22:36:14.916+05:30 ERROR 99627 --- [ool-2-thread-15] c.d.c.web.AccountsTransferController     : Exception occurs

com.dws.challenge.exception.InsufficientBalanceException: Insufficient Balance in account Account123
	at com.dws.challenge.service.TransferService.transferAmount(TransferService.java:21) ~[main/:na]
	at com.dws.challenge.web.AccountsTransferController.transferAmount(AccountsTransferController.java:65) ~[main/:na]
	at com.dws.challenge.ConcurrentTransferTest.lambda$concurrentTransferTest$0(ConcurrentTransferTest.java:77) ~[test/:na]
	at java.base/java.util.concurrent.ThreadPoolExecutor.runWorker(ThreadPoolExecutor.java:1136) ~[na:na]
	at java.base/java.util.concurrent.ThreadPoolExecutor$Worker.run(ThreadPoolExecutor.java:635) ~[na:na]
	at java.base/java.lang.Thread.run(Thread.java:842) ~[na:na]

2024-02-22T22:36:14.914+05:30 ERROR 99627 --- [pool-2-thread-5] c.d.c.web.AccountsTransferController     : Exception occurs

com.dws.challenge.exception.InsufficientBalanceException: Insufficient Balance in account Account123
	at com.dws.challenge.service.TransferService.transferAmount(TransferService.java:21) ~[main/:na]
	at com.dws.challenge.web.AccountsTransferController.transferAmount(AccountsTransferController.java:65) ~[main/:na]
	at com.dws.challenge.ConcurrentTransferTest.lambda$concurrentTransferTest$0(ConcurrentTransferTest.java:77) ~[test/:na]
	at java.base/java.util.concurrent.ThreadPoolExecutor.runWorker(ThreadPoolExecutor.java:1136) ~[na:na]
	at java.base/java.util.concurrent.ThreadPoolExecutor$Worker.run(ThreadPoolExecutor.java:635) ~[na:na]
	at java.base/java.lang.Thread.run(Thread.java:842) ~[na:na]

2024-02-22T22:36:14.912+05:30 ERROR 99627 --- [pool-2-thread-6] c.d.c.web.AccountsTransferController     : Exception occurs

com.dws.challenge.exception.InsufficientBalanceException: Insufficient Balance in account Account123
	at com.dws.challenge.service.TransferService.transferAmount(TransferService.java:21) ~[main/:na]
	at com.dws.challenge.web.AccountsTransferController.transferAmount(AccountsTransferController.java:65) ~[main/:na]
	at com.dws.challenge.ConcurrentTransferTest.lambda$concurrentTransferTest$0(ConcurrentTransferTest.java:77) ~[test/:na]
	at java.base/java.util.concurrent.ThreadPoolExecutor.runWorker(ThreadPoolExecutor.java:1136) ~[na:na]
	at java.base/java.util.concurrent.ThreadPoolExecutor$Worker.run(ThreadPoolExecutor.java:635) ~[na:na]
	at java.base/java.lang.Thread.run(Thread.java:842) ~[na:na]

2024-02-22T22:36:14.913+05:30 ERROR 99627 --- [pool-2-thread-9] c.d.c.web.AccountsTransferController     : Exception occurs

com.dws.challenge.exception.InsufficientBalanceException: Insufficient Balance in account Account123
	at com.dws.challenge.service.TransferService.transferAmount(TransferService.java:21) ~[main/:na]
	at com.dws.challenge.web.AccountsTransferController.transferAmount(AccountsTransferController.java:65) ~[main/:na]
	at com.dws.challenge.ConcurrentTransferTest.lambda$concurrentTransferTest$0(ConcurrentTransferTest.java:77) ~[test/:na]
	at java.base/java.util.concurrent.ThreadPoolExecutor.runWorker(ThreadPoolExecutor.java:1136) ~[na:na]
	at java.base/java.util.concurrent.ThreadPoolExecutor$Worker.run(ThreadPoolExecutor.java:635) ~[na:na]
	at java.base/java.lang.Thread.run(Thread.java:842) ~[na:na]

2024-02-22T22:36:14.914+05:30 ERROR 99627 --- [pool-2-thread-1] c.d.c.web.AccountsTransferController     : Exception occurs

com.dws.challenge.exception.InsufficientBalanceException: Insufficient Balance in account Account123
	at com.dws.challenge.service.TransferService.transferAmount(TransferService.java:21) ~[main/:na]
	at com.dws.challenge.web.AccountsTransferController.transferAmount(AccountsTransferController.java:65) ~[main/:na]
	at com.dws.challenge.ConcurrentTransferTest.lambda$concurrentTransferTest$0(ConcurrentTransferTest.java:77) ~[test/:na]
	at java.base/java.util.concurrent.ThreadPoolExecutor.runWorker(ThreadPoolExecutor.java:1136) ~[na:na]
	at java.base/java.util.concurrent.ThreadPoolExecutor$Worker.run(ThreadPoolExecutor.java:635) ~[na:na]
	at java.base/java.lang.Thread.run(Thread.java:842) ~[na:na]

2024-02-22T22:36:14.916+05:30 ERROR 99627 --- [ool-2-thread-19] c.d.c.web.AccountsTransferController     : Exception occurs

com.dws.challenge.exception.InsufficientBalanceException: Insufficient Balance in account Account123
	at com.dws.challenge.service.TransferService.transferAmount(TransferService.java:21) ~[main/:na]
	at com.dws.challenge.web.AccountsTransferController.transferAmount(AccountsTransferController.java:65) ~[main/:na]
	at com.dws.challenge.ConcurrentTransferTest.lambda$concurrentTransferTest$0(ConcurrentTransferTest.java:77) ~[test/:na]
	at java.base/java.util.concurrent.ThreadPoolExecutor.runWorker(ThreadPoolExecutor.java:1136) ~[na:na]
	at java.base/java.util.concurrent.ThreadPoolExecutor$Worker.run(ThreadPoolExecutor.java:635) ~[na:na]
	at java.base/java.lang.Thread.run(Thread.java:842) ~[na:na]

2024-02-22T22:36:14.922+05:30  INFO 99627 --- [ool-2-thread-17] c.dws.challenge.service.TransferService  : compareBalance -1 
2024-02-22T22:36:14.922+05:30 ERROR 99627 --- [pool-2-thread-4] c.d.c.web.AccountsTransferController     : Exception occurs

com.dws.challenge.exception.InsufficientBalanceException: Insufficient Balance in account Account123
	at com.dws.challenge.service.TransferService.transferAmount(TransferService.java:21) ~[main/:na]
	at com.dws.challenge.web.AccountsTransferController.transferAmount(AccountsTransferController.java:65) ~[main/:na]
	at com.dws.challenge.ConcurrentTransferTest.lambda$concurrentTransferTest$0(ConcurrentTransferTest.java:77) ~[test/:na]
	at java.base/java.util.concurrent.ThreadPoolExecutor.runWorker(ThreadPoolExecutor.java:1136) ~[na:na]
	at java.base/java.util.concurrent.ThreadPoolExecutor$Worker.run(ThreadPoolExecutor.java:635) ~[na:na]
	at java.base/java.lang.Thread.run(Thread.java:842) ~[na:na]

2024-02-22T22:36:14.930+05:30  INFO 99627 --- [pool-2-thread-2] c.dws.challenge.service.TransferService  : compareBalance -1 
2024-02-22T22:36:14.930+05:30 ERROR 99627 --- [ool-2-thread-17] c.d.c.web.AccountsTransferController     : Exception occurs

com.dws.challenge.exception.InsufficientBalanceException: Insufficient Balance in account Account123
	at com.dws.challenge.service.TransferService.transferAmount(TransferService.java:21) ~[main/:na]
	at com.dws.challenge.web.AccountsTransferController.transferAmount(AccountsTransferController.java:65) ~[main/:na]
	at com.dws.challenge.ConcurrentTransferTest.lambda$concurrentTransferTest$0(ConcurrentTransferTest.java:77) ~[test/:na]
	at java.base/java.util.concurrent.ThreadPoolExecutor.runWorker(ThreadPoolExecutor.java:1136) ~[na:na]
	at java.base/java.util.concurrent.ThreadPoolExecutor$Worker.run(ThreadPoolExecutor.java:635) ~[na:na]
	at java.base/java.lang.Thread.run(Thread.java:842) ~[na:na]

2024-02-22T22:36:14.931+05:30 ERROR 99627 --- [pool-2-thread-2] c.d.c.web.AccountsTransferController     : Exception occurs

com.dws.challenge.exception.InsufficientBalanceException: Insufficient Balance in account Account123
	at com.dws.challenge.service.TransferService.transferAmount(TransferService.java:21) ~[main/:na]
	at com.dws.challenge.web.AccountsTransferController.transferAmount(AccountsTransferController.java:65) ~[main/:na]
	at com.dws.challenge.ConcurrentTransferTest.lambda$concurrentTransferTest$0(ConcurrentTransferTest.java:77) ~[test/:na]
	at java.base/java.util.concurrent.ThreadPoolExecutor.runWorker(ThreadPoolExecutor.java:1136) ~[na:na]
	at java.base/java.util.concurrent.ThreadPoolExecutor$Worker.run(ThreadPoolExecutor.java:635) ~[na:na]
	at java.base/java.lang.Thread.run(Thread.java:842) ~[na:na]

2024-02-22T22:36:15.033+05:30  INFO 99627 --- [pool-3-thread-2] c.d.c.web.AccountsTransferController     : Transfer Amount  Transfer(accountFrom=Account123, accountTo=Account124, amount=1000)
2024-02-22T22:36:15.034+05:30  INFO 99627 --- [ool-3-thread-10] c.d.c.web.AccountsTransferController     : Transfer Amount  Transfer(accountFrom=Account123, accountTo=Account124, amount=1000)
2024-02-22T22:36:15.033+05:30  INFO 99627 --- [ool-3-thread-20] c.d.c.web.AccountsTransferController     : Transfer Amount  Transfer(accountFrom=Account123, accountTo=Account124, amount=1000)
2024-02-22T22:36:15.033+05:30  INFO 99627 --- [pool-3-thread-1] c.d.c.web.AccountsTransferController     : Transfer Amount  Transfer(accountFrom=Account123, accountTo=Account124, amount=1000)
2024-02-22T22:36:15.033+05:30  INFO 99627 --- [pool-3-thread-3] c.d.c.web.AccountsTransferController     : Transfer Amount  Transfer(accountFrom=Account123, accountTo=Account124, amount=1000)
2024-02-22T22:36:15.033+05:30  INFO 99627 --- [pool-3-thread-6] c.d.c.web.AccountsTransferController     : Transfer Amount  Transfer(accountFrom=Account123, accountTo=Account124, amount=1000)
2024-02-22T22:36:15.033+05:30  INFO 99627 --- [pool-3-thread-5] c.d.c.web.AccountsTransferController     : Transfer Amount  Transfer(accountFrom=Account123, accountTo=Account124, amount=1000)
2024-02-22T22:36:15.033+05:30  INFO 99627 --- [pool-3-thread-7] c.d.c.web.AccountsTransferController     : Transfer Amount  Transfer(accountFrom=Account123, accountTo=Account124, amount=1000)
2024-02-22T22:36:15.033+05:30  INFO 99627 --- [pool-3-thread-8] c.d.c.web.AccountsTransferController     : Transfer Amount  Transfer(accountFrom=Account123, accountTo=Account124, amount=1000)
2024-02-22T22:36:15.033+05:30  INFO 99627 --- [pool-3-thread-4] c.d.c.web.AccountsTransferController     : Transfer Amount  Transfer(accountFrom=Account123, accountTo=Account124, amount=1000)
2024-02-22T22:36:15.033+05:30  INFO 99627 --- [pool-3-thread-9] c.d.c.web.AccountsTransferController     : Transfer Amount  Transfer(accountFrom=Account123, accountTo=Account124, amount=1000)
2024-02-22T22:36:15.034+05:30  INFO 99627 --- [ool-3-thread-12] c.d.c.web.AccountsTransferController     : Transfer Amount  Transfer(accountFrom=Account123, accountTo=Account124, amount=1000)
2024-02-22T22:36:15.034+05:30  INFO 99627 --- [ool-3-thread-11] c.d.c.web.AccountsTransferController     : Transfer Amount  Transfer(accountFrom=Account123, accountTo=Account124, amount=1000)
2024-02-22T22:36:15.034+05:30  INFO 99627 --- [pool-3-thread-2] c.dws.challenge.service.TransferService  : compareBalance 0 
2024-02-22T22:36:15.034+05:30  INFO 99627 --- [ool-3-thread-15] c.d.c.web.AccountsTransferController     : Transfer Amount  Transfer(accountFrom=Account123, accountTo=Account124, amount=1000)
2024-02-22T22:36:15.034+05:30  INFO 99627 --- [ool-3-thread-17] c.d.c.web.AccountsTransferController     : Transfer Amount  Transfer(accountFrom=Account123, accountTo=Account124, amount=1000)
2024-02-22T22:36:15.034+05:30  INFO 99627 --- [ool-3-thread-14] c.d.c.web.AccountsTransferController     : Transfer Amount  Transfer(accountFrom=Account123, accountTo=Account124, amount=1000)
2024-02-22T22:36:15.034+05:30  INFO 99627 --- [ool-3-thread-18] c.d.c.web.AccountsTransferController     : Transfer Amount  Transfer(accountFrom=Account123, accountTo=Account124, amount=1000)
2024-02-22T22:36:15.034+05:30  INFO 99627 --- [ool-3-thread-13] c.d.c.web.AccountsTransferController     : Transfer Amount  Transfer(accountFrom=Account123, accountTo=Account124, amount=1000)
2024-02-22T22:36:15.034+05:30  INFO 99627 --- [ool-3-thread-19] c.d.c.web.AccountsTransferController     : Transfer Amount  Transfer(accountFrom=Account123, accountTo=Account124, amount=1000)
2024-02-22T22:36:15.037+05:30  INFO 99627 --- [pool-3-thread-2] c.d.c.web.AccountsTransferController     : notification sent successfully
2024-02-22T22:36:15.034+05:30  INFO 99627 --- [ool-3-thread-16] c.d.c.web.AccountsTransferController     : Transfer Amount  Transfer(accountFrom=Account123, accountTo=Account124, amount=1000)
2024-02-22T22:36:15.037+05:30  INFO 99627 --- [ool-3-thread-19] c.dws.challenge.service.TransferService  : compareBalance -1 
2024-02-22T22:36:15.037+05:30  INFO 99627 --- [ool-3-thread-13] c.dws.challenge.service.TransferService  : compareBalance -1 
2024-02-22T22:36:15.037+05:30 ERROR 99627 --- [ool-3-thread-19] c.d.c.web.AccountsTransferController     : Exception occurs

com.dws.challenge.exception.InsufficientBalanceException: Insufficient Balance in account Account123
	at com.dws.challenge.service.TransferService.transferAmount(TransferService.java:21) ~[main/:na]
	at com.dws.challenge.web.AccountsTransferController.transferAmount(AccountsTransferController.java:65) ~[main/:na]
	at com.dws.challenge.ConcurrentTransferTest.lambda$concurrentTransferTest$0(ConcurrentTransferTest.java:77) ~[test/:na]
	at java.base/java.util.concurrent.ThreadPoolExecutor.runWorker(ThreadPoolExecutor.java:1136) ~[na:na]
	at java.base/java.util.concurrent.ThreadPoolExecutor$Worker.run(ThreadPoolExecutor.java:635) ~[na:na]
	at java.base/java.lang.Thread.run(Thread.java:842) ~[na:na]

2024-02-22T22:36:15.038+05:30 ERROR 99627 --- [ool-3-thread-13] c.d.c.web.AccountsTransferController     : Exception occurs

com.dws.challenge.exception.InsufficientBalanceException: Insufficient Balance in account Account123
	at com.dws.challenge.service.TransferService.transferAmount(TransferService.java:21) ~[main/:na]
	at com.dws.challenge.web.AccountsTransferController.transferAmount(AccountsTransferController.java:65) ~[main/:na]
	at com.dws.challenge.ConcurrentTransferTest.lambda$concurrentTransferTest$0(ConcurrentTransferTest.java:77) ~[test/:na]
	at java.base/java.util.concurrent.ThreadPoolExecutor.runWorker(ThreadPoolExecutor.java:1136) ~[na:na]
	at java.base/java.util.concurrent.ThreadPoolExecutor$Worker.run(ThreadPoolExecutor.java:635) ~[na:na]
	at java.base/java.lang.Thread.run(Thread.java:842) ~[na:na]

2024-02-22T22:36:15.038+05:30  INFO 99627 --- [ool-3-thread-18] c.dws.challenge.service.TransferService  : compareBalance -1 
2024-02-22T22:36:15.039+05:30  INFO 99627 --- [ool-3-thread-14] c.dws.challenge.service.TransferService  : compareBalance -1 
2024-02-22T22:36:15.039+05:30 ERROR 99627 --- [ool-3-thread-18] c.d.c.web.AccountsTransferController     : Exception occurs

com.dws.challenge.exception.InsufficientBalanceException: Insufficient Balance in account Account123
	at com.dws.challenge.service.TransferService.transferAmount(TransferService.java:21) ~[main/:na]
	at com.dws.challenge.web.AccountsTransferController.transferAmount(AccountsTransferController.java:65) ~[main/:na]
	at com.dws.challenge.ConcurrentTransferTest.lambda$concurrentTransferTest$0(ConcurrentTransferTest.java:77) ~[test/:na]
	at java.base/java.util.concurrent.ThreadPoolExecutor.runWorker(ThreadPoolExecutor.java:1136) ~[na:na]
	at java.base/java.util.concurrent.ThreadPoolExecutor$Worker.run(ThreadPoolExecutor.java:635) ~[na:na]
	at java.base/java.lang.Thread.run(Thread.java:842) ~[na:na]

2024-02-22T22:36:15.040+05:30  INFO 99627 --- [ool-3-thread-17] c.dws.challenge.service.TransferService  : compareBalance -1 
2024-02-22T22:36:15.040+05:30 ERROR 99627 --- [ool-3-thread-14] c.d.c.web.AccountsTransferController     : Exception occurs

com.dws.challenge.exception.InsufficientBalanceException: Insufficient Balance in account Account123
	at com.dws.challenge.service.TransferService.transferAmount(TransferService.java:21) ~[main/:na]
	at com.dws.challenge.web.AccountsTransferController.transferAmount(AccountsTransferController.java:65) ~[main/:na]
	at com.dws.challenge.ConcurrentTransferTest.lambda$concurrentTransferTest$0(ConcurrentTransferTest.java:77) ~[test/:na]
	at java.base/java.util.concurrent.ThreadPoolExecutor.runWorker(ThreadPoolExecutor.java:1136) ~[na:na]
	at java.base/java.util.concurrent.ThreadPoolExecutor$Worker.run(ThreadPoolExecutor.java:635) ~[na:na]
	at java.base/java.lang.Thread.run(Thread.java:842) ~[na:na]

2024-02-22T22:36:15.041+05:30  INFO 99627 --- [ool-3-thread-15] c.dws.challenge.service.TransferService  : compareBalance -1 
2024-02-22T22:36:15.041+05:30 ERROR 99627 --- [ool-3-thread-17] c.d.c.web.AccountsTransferController     : Exception occurs

com.dws.challenge.exception.InsufficientBalanceException: Insufficient Balance in account Account123
	at com.dws.challenge.service.TransferService.transferAmount(TransferService.java:21) ~[main/:na]
	at com.dws.challenge.web.AccountsTransferController.transferAmount(AccountsTransferController.java:65) ~[main/:na]
	at com.dws.challenge.ConcurrentTransferTest.lambda$concurrentTransferTest$0(ConcurrentTransferTest.java:77) ~[test/:na]
	at java.base/java.util.concurrent.ThreadPoolExecutor.runWorker(ThreadPoolExecutor.java:1136) ~[na:na]
	at java.base/java.util.concurrent.ThreadPoolExecutor$Worker.run(ThreadPoolExecutor.java:635) ~[na:na]
	at java.base/java.lang.Thread.run(Thread.java:842) ~[na:na]

2024-02-22T22:36:15.041+05:30  INFO 99627 --- [ool-3-thread-11] c.dws.challenge.service.TransferService  : compareBalance -1 
2024-02-22T22:36:15.041+05:30 ERROR 99627 --- [ool-3-thread-15] c.d.c.web.AccountsTransferController     : Exception occurs

com.dws.challenge.exception.InsufficientBalanceException: Insufficient Balance in account Account123
	at com.dws.challenge.service.TransferService.transferAmount(TransferService.java:21) ~[main/:na]
	at com.dws.challenge.web.AccountsTransferController.transferAmount(AccountsTransferController.java:65) ~[main/:na]
	at com.dws.challenge.ConcurrentTransferTest.lambda$concurrentTransferTest$0(ConcurrentTransferTest.java:77) ~[test/:na]
	at java.base/java.util.concurrent.ThreadPoolExecutor.runWorker(ThreadPoolExecutor.java:1136) ~[na:na]
	at java.base/java.util.concurrent.ThreadPoolExecutor$Worker.run(ThreadPoolExecutor.java:635) ~[na:na]
	at java.base/java.lang.Thread.run(Thread.java:842) ~[na:na]

2024-02-22T22:36:15.042+05:30  INFO 99627 --- [ool-3-thread-12] c.dws.challenge.service.TransferService  : compareBalance -1 
2024-02-22T22:36:15.042+05:30 ERROR 99627 --- [ool-3-thread-11] c.d.c.web.AccountsTransferController     : Exception occurs

com.dws.challenge.exception.InsufficientBalanceException: Insufficient Balance in account Account123
	at com.dws.challenge.service.TransferService.transferAmount(TransferService.java:21) ~[main/:na]
	at com.dws.challenge.web.AccountsTransferController.transferAmount(AccountsTransferController.java:65) ~[main/:na]
	at com.dws.challenge.ConcurrentTransferTest.lambda$concurrentTransferTest$0(ConcurrentTransferTest.java:77) ~[test/:na]
	at java.base/java.util.concurrent.ThreadPoolExecutor.runWorker(ThreadPoolExecutor.java:1136) ~[na:na]
	at java.base/java.util.concurrent.ThreadPoolExecutor$Worker.run(ThreadPoolExecutor.java:635) ~[na:na]
	at java.base/java.lang.Thread.run(Thread.java:842) ~[na:na]

2024-02-22T22:36:15.043+05:30  INFO 99627 --- [pool-3-thread-9] c.dws.challenge.service.TransferService  : compareBalance -1 
2024-02-22T22:36:15.043+05:30 ERROR 99627 --- [ool-3-thread-12] c.d.c.web.AccountsTransferController     : Exception occurs

com.dws.challenge.exception.InsufficientBalanceException: Insufficient Balance in account Account123
	at com.dws.challenge.service.TransferService.transferAmount(TransferService.java:21) ~[main/:na]
	at com.dws.challenge.web.AccountsTransferController.transferAmount(AccountsTransferController.java:65) ~[main/:na]
	at com.dws.challenge.ConcurrentTransferTest.lambda$concurrentTransferTest$0(ConcurrentTransferTest.java:77) ~[test/:na]
	at java.base/java.util.concurrent.ThreadPoolExecutor.runWorker(ThreadPoolExecutor.java:1136) ~[na:na]
	at java.base/java.util.concurrent.ThreadPoolExecutor$Worker.run(ThreadPoolExecutor.java:635) ~[na:na]
	at java.base/java.lang.Thread.run(Thread.java:842) ~[na:na]

2024-02-22T22:36:15.044+05:30 ERROR 99627 --- [pool-3-thread-9] c.d.c.web.AccountsTransferController     : Exception occurs

com.dws.challenge.exception.InsufficientBalanceException: Insufficient Balance in account Account123
	at com.dws.challenge.service.TransferService.transferAmount(TransferService.java:21) ~[main/:na]
	at com.dws.challenge.web.AccountsTransferController.transferAmount(AccountsTransferController.java:65) ~[main/:na]
	at com.dws.challenge.ConcurrentTransferTest.lambda$concurrentTransferTest$0(ConcurrentTransferTest.java:77) ~[test/:na]
	at java.base/java.util.concurrent.ThreadPoolExecutor.runWorker(ThreadPoolExecutor.java:1136) ~[na:na]
	at java.base/java.util.concurrent.ThreadPoolExecutor$Worker.run(ThreadPoolExecutor.java:635) ~[na:na]
	at java.base/java.lang.Thread.run(Thread.java:842) ~[na:na]

2024-02-22T22:36:15.044+05:30  INFO 99627 --- [pool-3-thread-4] c.dws.challenge.service.TransferService  : compareBalance -1 
2024-02-22T22:36:15.045+05:30  INFO 99627 --- [pool-3-thread-8] c.dws.challenge.service.TransferService  : compareBalance -1 
2024-02-22T22:36:15.045+05:30 ERROR 99627 --- [pool-3-thread-4] c.d.c.web.AccountsTransferController     : Exception occurs

com.dws.challenge.exception.InsufficientBalanceException: Insufficient Balance in account Account123
	at com.dws.challenge.service.TransferService.transferAmount(TransferService.java:21) ~[main/:na]
	at com.dws.challenge.web.AccountsTransferController.transferAmount(AccountsTransferController.java:65) ~[main/:na]
	at com.dws.challenge.ConcurrentTransferTest.lambda$concurrentTransferTest$0(ConcurrentTransferTest.java:77) ~[test/:na]
	at java.base/java.util.concurrent.ThreadPoolExecutor.runWorker(ThreadPoolExecutor.java:1136) ~[na:na]
	at java.base/java.util.concurrent.ThreadPoolExecutor$Worker.run(ThreadPoolExecutor.java:635) ~[na:na]
	at java.base/java.lang.Thread.run(Thread.java:842) ~[na:na]

2024-02-22T22:36:15.046+05:30  INFO 99627 --- [pool-3-thread-7] c.dws.challenge.service.TransferService  : compareBalance -1 
2024-02-22T22:36:15.046+05:30 ERROR 99627 --- [pool-3-thread-8] c.d.c.web.AccountsTransferController     : Exception occurs

com.dws.challenge.exception.InsufficientBalanceException: Insufficient Balance in account Account123
	at com.dws.challenge.service.TransferService.transferAmount(TransferService.java:21) ~[main/:na]
	at com.dws.challenge.web.AccountsTransferController.transferAmount(AccountsTransferController.java:65) ~[main/:na]
	at com.dws.challenge.ConcurrentTransferTest.lambda$concurrentTransferTest$0(ConcurrentTransferTest.java:77) ~[test/:na]
	at java.base/java.util.concurrent.ThreadPoolExecutor.runWorker(ThreadPoolExecutor.java:1136) ~[na:na]
	at java.base/java.util.concurrent.ThreadPoolExecutor$Worker.run(ThreadPoolExecutor.java:635) ~[na:na]
	at java.base/java.lang.Thread.run(Thread.java:842) ~[na:na]

2024-02-22T22:36:15.047+05:30 ERROR 99627 --- [pool-3-thread-7] c.d.c.web.AccountsTransferController     : Exception occurs

com.dws.challenge.exception.InsufficientBalanceException: Insufficient Balance in account Account123
	at com.dws.challenge.service.TransferService.transferAmount(TransferService.java:21) ~[main/:na]
	at com.dws.challenge.web.AccountsTransferController.transferAmount(AccountsTransferController.java:65) ~[main/:na]
	at com.dws.challenge.ConcurrentTransferTest.lambda$concurrentTransferTest$0(ConcurrentTransferTest.java:77) ~[test/:na]
	at java.base/java.util.concurrent.ThreadPoolExecutor.runWorker(ThreadPoolExecutor.java:1136) ~[na:na]
	at java.base/java.util.concurrent.ThreadPoolExecutor$Worker.run(ThreadPoolExecutor.java:635) ~[na:na]
	at java.base/java.lang.Thread.run(Thread.java:842) ~[na:na]

2024-02-22T22:36:15.047+05:30  INFO 99627 --- [pool-3-thread-5] c.dws.challenge.service.TransferService  : compareBalance -1 
2024-02-22T22:36:15.049+05:30  INFO 99627 --- [pool-3-thread-6] c.dws.challenge.service.TransferService  : compareBalance -1 
2024-02-22T22:36:15.049+05:30 ERROR 99627 --- [pool-3-thread-5] c.d.c.web.AccountsTransferController     : Exception occurs

com.dws.challenge.exception.InsufficientBalanceException: Insufficient Balance in account Account123
	at com.dws.challenge.service.TransferService.transferAmount(TransferService.java:21) ~[main/:na]
	at com.dws.challenge.web.AccountsTransferController.transferAmount(AccountsTransferController.java:65) ~[main/:na]
	at com.dws.challenge.ConcurrentTransferTest.lambda$concurrentTransferTest$0(ConcurrentTransferTest.java:77) ~[test/:na]
	at java.base/java.util.concurrent.ThreadPoolExecutor.runWorker(ThreadPoolExecutor.java:1136) ~[na:na]
	at java.base/java.util.concurrent.ThreadPoolExecutor$Worker.run(ThreadPoolExecutor.java:635) ~[na:na]
	at java.base/java.lang.Thread.run(Thread.java:842) ~[na:na]

2024-02-22T22:36:15.049+05:30  INFO 99627 --- [pool-3-thread-3] c.dws.challenge.service.TransferService  : compareBalance -1 
2024-02-22T22:36:15.049+05:30 ERROR 99627 --- [pool-3-thread-6] c.d.c.web.AccountsTransferController     : Exception occurs

com.dws.challenge.exception.InsufficientBalanceException: Insufficient Balance in account Account123
	at com.dws.challenge.service.TransferService.transferAmount(TransferService.java:21) ~[main/:na]
	at com.dws.challenge.web.AccountsTransferController.transferAmount(AccountsTransferController.java:65) ~[main/:na]
	at com.dws.challenge.ConcurrentTransferTest.lambda$concurrentTransferTest$0(ConcurrentTransferTest.java:77) ~[test/:na]
	at java.base/java.util.concurrent.ThreadPoolExecutor.runWorker(ThreadPoolExecutor.java:1136) ~[na:na]
	at java.base/java.util.concurrent.ThreadPoolExecutor$Worker.run(ThreadPoolExecutor.java:635) ~[na:na]
	at java.base/java.lang.Thread.run(Thread.java:842) ~[na:na]

2024-02-22T22:36:15.050+05:30  INFO 99627 --- [pool-3-thread-1] c.dws.challenge.service.TransferService  : compareBalance -1 
2024-02-22T22:36:15.050+05:30 ERROR 99627 --- [pool-3-thread-3] c.d.c.web.AccountsTransferController     : Exception occurs

com.dws.challenge.exception.InsufficientBalanceException: Insufficient Balance in account Account123
	at com.dws.challenge.service.TransferService.transferAmount(TransferService.java:21) ~[main/:na]
	at com.dws.challenge.web.AccountsTransferController.transferAmount(AccountsTransferController.java:65) ~[main/:na]
	at com.dws.challenge.ConcurrentTransferTest.lambda$concurrentTransferTest$0(ConcurrentTransferTest.java:77) ~[test/:na]
	at java.base/java.util.concurrent.ThreadPoolExecutor.runWorker(ThreadPoolExecutor.java:1136) ~[na:na]
	at java.base/java.util.concurrent.ThreadPoolExecutor$Worker.run(ThreadPoolExecutor.java:635) ~[na:na]
	at java.base/java.lang.Thread.run(Thread.java:842) ~[na:na]

2024-02-22T22:36:15.050+05:30 ERROR 99627 --- [pool-3-thread-1] c.d.c.web.AccountsTransferController     : Exception occurs

com.dws.challenge.exception.InsufficientBalanceException: Insufficient Balance in account Account123
	at com.dws.challenge.service.TransferService.transferAmount(TransferService.java:21) ~[main/:na]
	at com.dws.challenge.web.AccountsTransferController.transferAmount(AccountsTransferController.java:65) ~[main/:na]
	at com.dws.challenge.ConcurrentTransferTest.lambda$concurrentTransferTest$0(ConcurrentTransferTest.java:77) ~[test/:na]
	at java.base/java.util.concurrent.ThreadPoolExecutor.runWorker(ThreadPoolExecutor.java:1136) ~[na:na]
	at java.base/java.util.concurrent.ThreadPoolExecutor$Worker.run(ThreadPoolExecutor.java:635) ~[na:na]
	at java.base/java.lang.Thread.run(Thread.java:842) ~[na:na]

2024-02-22T22:36:15.051+05:30  INFO 99627 --- [ool-3-thread-20] c.dws.challenge.service.TransferService  : compareBalance -1 
2024-02-22T22:36:15.052+05:30 ERROR 99627 --- [ool-3-thread-20] c.d.c.web.AccountsTransferController     : Exception occurs

com.dws.challenge.exception.InsufficientBalanceException: Insufficient Balance in account Account123
	at com.dws.challenge.service.TransferService.transferAmount(TransferService.java:21) ~[main/:na]
	at com.dws.challenge.web.AccountsTransferController.transferAmount(AccountsTransferController.java:65) ~[main/:na]
	at com.dws.challenge.ConcurrentTransferTest.lambda$concurrentTransferTest$0(ConcurrentTransferTest.java:77) ~[test/:na]
	at java.base/java.util.concurrent.ThreadPoolExecutor.runWorker(ThreadPoolExecutor.java:1136) ~[na:na]
	at java.base/java.util.concurrent.ThreadPoolExecutor$Worker.run(ThreadPoolExecutor.java:635) ~[na:na]
	at java.base/java.lang.Thread.run(Thread.java:842) ~[na:na]

2024-02-22T22:36:15.052+05:30  INFO 99627 --- [ool-3-thread-10] c.dws.challenge.service.TransferService  : compareBalance -1 
2024-02-22T22:36:15.053+05:30  INFO 99627 --- [ool-3-thread-16] c.dws.challenge.service.TransferService  : compareBalance -1 
2024-02-22T22:36:15.053+05:30 ERROR 99627 --- [ool-3-thread-10] c.d.c.web.AccountsTransferController     : Exception occurs

com.dws.challenge.exception.InsufficientBalanceException: Insufficient Balance in account Account123
	at com.dws.challenge.service.TransferService.transferAmount(TransferService.java:21) ~[main/:na]
	at com.dws.challenge.web.AccountsTransferController.transferAmount(AccountsTransferController.java:65) ~[main/:na]
	at com.dws.challenge.ConcurrentTransferTest.lambda$concurrentTransferTest$0(ConcurrentTransferTest.java:77) ~[test/:na]
	at java.base/java.util.concurrent.ThreadPoolExecutor.runWorker(ThreadPoolExecutor.java:1136) ~[na:na]
	at java.base/java.util.concurrent.ThreadPoolExecutor$Worker.run(ThreadPoolExecutor.java:635) ~[na:na]
	at java.base/java.lang.Thread.run(Thread.java:842) ~[na:na]

2024-02-22T22:36:15.054+05:30 ERROR 99627 --- [ool-3-thread-16] c.d.c.web.AccountsTransferController     : Exception occurs

com.dws.challenge.exception.InsufficientBalanceException: Insufficient Balance in account Account123
	at com.dws.challenge.service.TransferService.transferAmount(TransferService.java:21) ~[main/:na]
	at com.dws.challenge.web.AccountsTransferController.transferAmount(AccountsTransferController.java:65) ~[main/:na]
	at com.dws.challenge.ConcurrentTransferTest.lambda$concurrentTransferTest$0(ConcurrentTransferTest.java:77) ~[test/:na]
	at java.base/java.util.concurrent.ThreadPoolExecutor.runWorker(ThreadPoolExecutor.java:1136) ~[na:na]
	at java.base/java.util.concurrent.ThreadPoolExecutor$Worker.run(ThreadPoolExecutor.java:635) ~[na:na]
	at java.base/java.lang.Thread.run(Thread.java:842) ~[na:na]

2024-02-22T22:36:15.073+05:30  INFO 99627 --- [pool-4-thread-3] c.d.c.web.AccountsTransferController     : Transfer Amount  Transfer(accountFrom=Account123, accountTo=Account124, amount=1000)
2024-02-22T22:36:15.073+05:30  INFO 99627 --- [pool-4-thread-7] c.d.c.web.AccountsTransferController     : Transfer Amount  Transfer(accountFrom=Account123, accountTo=Account124, amount=1000)
2024-02-22T22:36:15.073+05:30  INFO 99627 --- [pool-4-thread-4] c.d.c.web.AccountsTransferController     : Transfer Amount  Transfer(accountFrom=Account123, accountTo=Account124, amount=1000)
2024-02-22T22:36:15.073+05:30  INFO 99627 --- [pool-4-thread-2] c.d.c.web.AccountsTransferController     : Transfer Amount  Transfer(accountFrom=Account123, accountTo=Account124, amount=1000)
2024-02-22T22:36:15.073+05:30  INFO 99627 --- [ool-4-thread-20] c.d.c.web.AccountsTransferController     : Transfer Amount  Transfer(accountFrom=Account123, accountTo=Account124, amount=1000)
2024-02-22T22:36:15.073+05:30  INFO 99627 --- [pool-4-thread-1] c.d.c.web.AccountsTransferController     : Transfer Amount  Transfer(accountFrom=Account123, accountTo=Account124, amount=1000)
2024-02-22T22:36:15.073+05:30  INFO 99627 --- [pool-4-thread-5] c.d.c.web.AccountsTransferController     : Transfer Amount  Transfer(accountFrom=Account123, accountTo=Account124, amount=1000)
2024-02-22T22:36:15.073+05:30  INFO 99627 --- [pool-4-thread-6] c.d.c.web.AccountsTransferController     : Transfer Amount  Transfer(accountFrom=Account123, accountTo=Account124, amount=1000)
2024-02-22T22:36:15.073+05:30  INFO 99627 --- [pool-4-thread-8] c.d.c.web.AccountsTransferController     : Transfer Amount  Transfer(accountFrom=Account123, accountTo=Account124, amount=1000)
2024-02-22T22:36:15.073+05:30  INFO 99627 --- [ool-4-thread-10] c.d.c.web.AccountsTransferController     : Transfer Amount  Transfer(accountFrom=Account123, accountTo=Account124, amount=1000)
2024-02-22T22:36:15.073+05:30  INFO 99627 --- [pool-4-thread-3] c.dws.challenge.service.TransferService  : compareBalance 0 
2024-02-22T22:36:15.073+05:30  INFO 99627 --- [pool-4-thread-9] c.d.c.web.AccountsTransferController     : Transfer Amount  Transfer(accountFrom=Account123, accountTo=Account124, amount=1000)
2024-02-22T22:36:15.073+05:30  INFO 99627 --- [ool-4-thread-11] c.d.c.web.AccountsTransferController     : Transfer Amount  Transfer(accountFrom=Account123, accountTo=Account124, amount=1000)
2024-02-22T22:36:15.073+05:30  INFO 99627 --- [ool-4-thread-12] c.d.c.web.AccountsTransferController     : Transfer Amount  Transfer(accountFrom=Account123, accountTo=Account124, amount=1000)
2024-02-22T22:36:15.073+05:30  INFO 99627 --- [ool-4-thread-13] c.d.c.web.AccountsTransferController     : Transfer Amount  Transfer(accountFrom=Account123, accountTo=Account124, amount=1000)
2024-02-22T22:36:15.073+05:30  INFO 99627 --- [ool-4-thread-14] c.d.c.web.AccountsTransferController     : Transfer Amount  Transfer(accountFrom=Account123, accountTo=Account124, amount=1000)
2024-02-22T22:36:15.073+05:30  INFO 99627 --- [ool-4-thread-16] c.d.c.web.AccountsTransferController     : Transfer Amount  Transfer(accountFrom=Account123, accountTo=Account124, amount=1000)
2024-02-22T22:36:15.073+05:30  INFO 99627 --- [ool-4-thread-15] c.d.c.web.AccountsTransferController     : Transfer Amount  Transfer(accountFrom=Account123, accountTo=Account124, amount=1000)
2024-02-22T22:36:15.075+05:30  INFO 99627 --- [pool-4-thread-3] c.d.c.web.AccountsTransferController     : notification sent successfully
2024-02-22T22:36:15.073+05:30  INFO 99627 --- [ool-4-thread-17] c.d.c.web.AccountsTransferController     : Transfer Amount  Transfer(accountFrom=Account123, accountTo=Account124, amount=1000)
2024-02-22T22:36:15.073+05:30  INFO 99627 --- [ool-4-thread-18] c.d.c.web.AccountsTransferController     : Transfer Amount  Transfer(accountFrom=Account123, accountTo=Account124, amount=1000)
2024-02-22T22:36:15.073+05:30  INFO 99627 --- [ool-4-thread-19] c.d.c.web.AccountsTransferController     : Transfer Amount  Transfer(accountFrom=Account123, accountTo=Account124, amount=1000)
2024-02-22T22:36:15.076+05:30  INFO 99627 --- [ool-4-thread-15] c.dws.challenge.service.TransferService  : compareBalance -1 
2024-02-22T22:36:15.076+05:30  INFO 99627 --- [ool-4-thread-16] c.dws.challenge.service.TransferService  : compareBalance -1 
2024-02-22T22:36:15.076+05:30 ERROR 99627 --- [ool-4-thread-15] c.d.c.web.AccountsTransferController     : Exception occurs

com.dws.challenge.exception.InsufficientBalanceException: Insufficient Balance in account Account123
	at com.dws.challenge.service.TransferService.transferAmount(TransferService.java:21) ~[main/:na]
	at com.dws.challenge.web.AccountsTransferController.transferAmount(AccountsTransferController.java:65) ~[main/:na]
	at com.dws.challenge.ConcurrentTransferTest.lambda$concurrentTransferTest$0(ConcurrentTransferTest.java:77) ~[test/:na]
	at java.base/java.util.concurrent.ThreadPoolExecutor.runWorker(ThreadPoolExecutor.java:1136) ~[na:na]
	at java.base/java.util.concurrent.ThreadPoolExecutor$Worker.run(ThreadPoolExecutor.java:635) ~[na:na]
	at java.base/java.lang.Thread.run(Thread.java:842) ~[na:na]

2024-02-22T22:36:15.077+05:30  INFO 99627 --- [ool-4-thread-14] c.dws.challenge.service.TransferService  : compareBalance -1 
2024-02-22T22:36:15.077+05:30 ERROR 99627 --- [ool-4-thread-16] c.d.c.web.AccountsTransferController     : Exception occurs

com.dws.challenge.exception.InsufficientBalanceException: Insufficient Balance in account Account123
	at com.dws.challenge.service.TransferService.transferAmount(TransferService.java:21) ~[main/:na]
	at com.dws.challenge.web.AccountsTransferController.transferAmount(AccountsTransferController.java:65) ~[main/:na]
	at com.dws.challenge.ConcurrentTransferTest.lambda$concurrentTransferTest$0(ConcurrentTransferTest.java:77) ~[test/:na]
	at java.base/java.util.concurrent.ThreadPoolExecutor.runWorker(ThreadPoolExecutor.java:1136) ~[na:na]
	at java.base/java.util.concurrent.ThreadPoolExecutor$Worker.run(ThreadPoolExecutor.java:635) ~[na:na]
	at java.base/java.lang.Thread.run(Thread.java:842) ~[na:na]

2024-02-22T22:36:15.077+05:30  INFO 99627 --- [ool-4-thread-13] c.dws.challenge.service.TransferService  : compareBalance -1 
2024-02-22T22:36:15.077+05:30 ERROR 99627 --- [ool-4-thread-14] c.d.c.web.AccountsTransferController     : Exception occurs

com.dws.challenge.exception.InsufficientBalanceException: Insufficient Balance in account Account123
	at com.dws.challenge.service.TransferService.transferAmount(TransferService.java:21) ~[main/:na]
	at com.dws.challenge.web.AccountsTransferController.transferAmount(AccountsTransferController.java:65) ~[main/:na]
	at com.dws.challenge.ConcurrentTransferTest.lambda$concurrentTransferTest$0(ConcurrentTransferTest.java:77) ~[test/:na]
	at java.base/java.util.concurrent.ThreadPoolExecutor.runWorker(ThreadPoolExecutor.java:1136) ~[na:na]
	at java.base/java.util.concurrent.ThreadPoolExecutor$Worker.run(ThreadPoolExecutor.java:635) ~[na:na]
	at java.base/java.lang.Thread.run(Thread.java:842) ~[na:na]

2024-02-22T22:36:15.078+05:30  INFO 99627 --- [ool-4-thread-12] c.dws.challenge.service.TransferService  : compareBalance -1 
2024-02-22T22:36:15.078+05:30 ERROR 99627 --- [ool-4-thread-13] c.d.c.web.AccountsTransferController     : Exception occurs

com.dws.challenge.exception.InsufficientBalanceException: Insufficient Balance in account Account123
	at com.dws.challenge.service.TransferService.transferAmount(TransferService.java:21) ~[main/:na]
	at com.dws.challenge.web.AccountsTransferController.transferAmount(AccountsTransferController.java:65) ~[main/:na]
	at com.dws.challenge.ConcurrentTransferTest.lambda$concurrentTransferTest$0(ConcurrentTransferTest.java:77) ~[test/:na]
	at java.base/java.util.concurrent.ThreadPoolExecutor.runWorker(ThreadPoolExecutor.java:1136) ~[na:na]
	at java.base/java.util.concurrent.ThreadPoolExecutor$Worker.run(ThreadPoolExecutor.java:635) ~[na:na]
	at java.base/java.lang.Thread.run(Thread.java:842) ~[na:na]

2024-02-22T22:36:15.079+05:30  INFO 99627 --- [ool-4-thread-11] c.dws.challenge.service.TransferService  : compareBalance -1 
2024-02-22T22:36:15.079+05:30 ERROR 99627 --- [ool-4-thread-12] c.d.c.web.AccountsTransferController     : Exception occurs

com.dws.challenge.exception.InsufficientBalanceException: Insufficient Balance in account Account123
	at com.dws.challenge.service.TransferService.transferAmount(TransferService.java:21) ~[main/:na]
	at com.dws.challenge.web.AccountsTransferController.transferAmount(AccountsTransferController.java:65) ~[main/:na]
	at com.dws.challenge.ConcurrentTransferTest.lambda$concurrentTransferTest$0(ConcurrentTransferTest.java:77) ~[test/:na]
	at java.base/java.util.concurrent.ThreadPoolExecutor.runWorker(ThreadPoolExecutor.java:1136) ~[na:na]
	at java.base/java.util.concurrent.ThreadPoolExecutor$Worker.run(ThreadPoolExecutor.java:635) ~[na:na]
	at java.base/java.lang.Thread.run(Thread.java:842) ~[na:na]

2024-02-22T22:36:15.079+05:30  INFO 99627 --- [pool-4-thread-9] c.dws.challenge.service.TransferService  : compareBalance -1 
2024-02-22T22:36:15.079+05:30 ERROR 99627 --- [ool-4-thread-11] c.d.c.web.AccountsTransferController     : Exception occurs

com.dws.challenge.exception.InsufficientBalanceException: Insufficient Balance in account Account123
	at com.dws.challenge.service.TransferService.transferAmount(TransferService.java:21) ~[main/:na]
	at com.dws.challenge.web.AccountsTransferController.transferAmount(AccountsTransferController.java:65) ~[main/:na]
	at com.dws.challenge.ConcurrentTransferTest.lambda$concurrentTransferTest$0(ConcurrentTransferTest.java:77) ~[test/:na]
	at java.base/java.util.concurrent.ThreadPoolExecutor.runWorker(ThreadPoolExecutor.java:1136) ~[na:na]
	at java.base/java.util.concurrent.ThreadPoolExecutor$Worker.run(ThreadPoolExecutor.java:635) ~[na:na]
	at java.base/java.lang.Thread.run(Thread.java:842) ~[na:na]

2024-02-22T22:36:15.080+05:30  INFO 99627 --- [ool-4-thread-10] c.dws.challenge.service.TransferService  : compareBalance -1 
2024-02-22T22:36:15.080+05:30 ERROR 99627 --- [pool-4-thread-9] c.d.c.web.AccountsTransferController     : Exception occurs

com.dws.challenge.exception.InsufficientBalanceException: Insufficient Balance in account Account123
	at com.dws.challenge.service.TransferService.transferAmount(TransferService.java:21) ~[main/:na]
	at com.dws.challenge.web.AccountsTransferController.transferAmount(AccountsTransferController.java:65) ~[main/:na]
	at com.dws.challenge.ConcurrentTransferTest.lambda$concurrentTransferTest$0(ConcurrentTransferTest.java:77) ~[test/:na]
	at java.base/java.util.concurrent.ThreadPoolExecutor.runWorker(ThreadPoolExecutor.java:1136) ~[na:na]
	at java.base/java.util.concurrent.ThreadPoolExecutor$Worker.run(ThreadPoolExecutor.java:635) ~[na:na]
	at java.base/java.lang.Thread.run(Thread.java:842) ~[na:na]

2024-02-22T22:36:15.080+05:30 ERROR 99627 --- [ool-4-thread-10] c.d.c.web.AccountsTransferController     : Exception occurs

com.dws.challenge.exception.InsufficientBalanceException: Insufficient Balance in account Account123
	at com.dws.challenge.service.TransferService.transferAmount(TransferService.java:21) ~[main/:na]
	at com.dws.challenge.web.AccountsTransferController.transferAmount(AccountsTransferController.java:65) ~[main/:na]
	at com.dws.challenge.ConcurrentTransferTest.lambda$concurrentTransferTest$0(ConcurrentTransferTest.java:77) ~[test/:na]
	at java.base/java.util.concurrent.ThreadPoolExecutor.runWorker(ThreadPoolExecutor.java:1136) ~[na:na]
	at java.base/java.util.concurrent.ThreadPoolExecutor$Worker.run(ThreadPoolExecutor.java:635) ~[na:na]
	at java.base/java.lang.Thread.run(Thread.java:842) ~[na:na]

2024-02-22T22:36:15.080+05:30  INFO 99627 --- [pool-4-thread-8] c.dws.challenge.service.TransferService  : compareBalance -1 
2024-02-22T22:36:15.081+05:30  INFO 99627 --- [pool-4-thread-6] c.dws.challenge.service.TransferService  : compareBalance -1 
2024-02-22T22:36:15.081+05:30 ERROR 99627 --- [pool-4-thread-8] c.d.c.web.AccountsTransferController     : Exception occurs

com.dws.challenge.exception.InsufficientBalanceException: Insufficient Balance in account Account123
	at com.dws.challenge.service.TransferService.transferAmount(TransferService.java:21) ~[main/:na]
	at com.dws.challenge.web.AccountsTransferController.transferAmount(AccountsTransferController.java:65) ~[main/:na]
	at com.dws.challenge.ConcurrentTransferTest.lambda$concurrentTransferTest$0(ConcurrentTransferTest.java:77) ~[test/:na]
	at java.base/java.util.concurrent.ThreadPoolExecutor.runWorker(ThreadPoolExecutor.java:1136) ~[na:na]
	at java.base/java.util.concurrent.ThreadPoolExecutor$Worker.run(ThreadPoolExecutor.java:635) ~[na:na]
	at java.base/java.lang.Thread.run(Thread.java:842) ~[na:na]

2024-02-22T22:36:15.081+05:30  INFO 99627 --- [pool-4-thread-5] c.dws.challenge.service.TransferService  : compareBalance -1 
2024-02-22T22:36:15.081+05:30 ERROR 99627 --- [pool-4-thread-6] c.d.c.web.AccountsTransferController     : Exception occurs

com.dws.challenge.exception.InsufficientBalanceException: Insufficient Balance in account Account123
	at com.dws.challenge.service.TransferService.transferAmount(TransferService.java:21) ~[main/:na]
	at com.dws.challenge.web.AccountsTransferController.transferAmount(AccountsTransferController.java:65) ~[main/:na]
	at com.dws.challenge.ConcurrentTransferTest.lambda$concurrentTransferTest$0(ConcurrentTransferTest.java:77) ~[test/:na]
	at java.base/java.util.concurrent.ThreadPoolExecutor.runWorker(ThreadPoolExecutor.java:1136) ~[na:na]
	at java.base/java.util.concurrent.ThreadPoolExecutor$Worker.run(ThreadPoolExecutor.java:635) ~[na:na]
	at java.base/java.lang.Thread.run(Thread.java:842) ~[na:na]

2024-02-22T22:36:15.082+05:30  INFO 99627 --- [pool-4-thread-1] c.dws.challenge.service.TransferService  : compareBalance -1 
2024-02-22T22:36:15.082+05:30 ERROR 99627 --- [pool-4-thread-5] c.d.c.web.AccountsTransferController     : Exception occurs

com.dws.challenge.exception.InsufficientBalanceException: Insufficient Balance in account Account123
	at com.dws.challenge.service.TransferService.transferAmount(TransferService.java:21) ~[main/:na]
	at com.dws.challenge.web.AccountsTransferController.transferAmount(AccountsTransferController.java:65) ~[main/:na]
	at com.dws.challenge.ConcurrentTransferTest.lambda$concurrentTransferTest$0(ConcurrentTransferTest.java:77) ~[test/:na]
	at java.base/java.util.concurrent.ThreadPoolExecutor.runWorker(ThreadPoolExecutor.java:1136) ~[na:na]
	at java.base/java.util.concurrent.ThreadPoolExecutor$Worker.run(ThreadPoolExecutor.java:635) ~[na:na]
	at java.base/java.lang.Thread.run(Thread.java:842) ~[na:na]

2024-02-22T22:36:15.082+05:30  INFO 99627 --- [ool-4-thread-20] c.dws.challenge.service.TransferService  : compareBalance -1 
2024-02-22T22:36:15.082+05:30 ERROR 99627 --- [pool-4-thread-1] c.d.c.web.AccountsTransferController     : Exception occurs

com.dws.challenge.exception.InsufficientBalanceException: Insufficient Balance in account Account123
	at com.dws.challenge.service.TransferService.transferAmount(TransferService.java:21) ~[main/:na]
	at com.dws.challenge.web.AccountsTransferController.transferAmount(AccountsTransferController.java:65) ~[main/:na]
	at com.dws.challenge.ConcurrentTransferTest.lambda$concurrentTransferTest$0(ConcurrentTransferTest.java:77) ~[test/:na]
	at java.base/java.util.concurrent.ThreadPoolExecutor.runWorker(ThreadPoolExecutor.java:1136) ~[na:na]
	at java.base/java.util.concurrent.ThreadPoolExecutor$Worker.run(ThreadPoolExecutor.java:635) ~[na:na]
	at java.base/java.lang.Thread.run(Thread.java:842) ~[na:na]

2024-02-22T22:36:15.083+05:30  INFO 99627 --- [pool-4-thread-2] c.dws.challenge.service.TransferService  : compareBalance -1 
2024-02-22T22:36:15.083+05:30 ERROR 99627 --- [ool-4-thread-20] c.d.c.web.AccountsTransferController     : Exception occurs

com.dws.challenge.exception.InsufficientBalanceException: Insufficient Balance in account Account123
	at com.dws.challenge.service.TransferService.transferAmount(TransferService.java:21) ~[main/:na]
	at com.dws.challenge.web.AccountsTransferController.transferAmount(AccountsTransferController.java:65) ~[main/:na]
	at com.dws.challenge.ConcurrentTransferTest.lambda$concurrentTransferTest$0(ConcurrentTransferTest.java:77) ~[test/:na]
	at java.base/java.util.concurrent.ThreadPoolExecutor.runWorker(ThreadPoolExecutor.java:1136) ~[na:na]
	at java.base/java.util.concurrent.ThreadPoolExecutor$Worker.run(ThreadPoolExecutor.java:635) ~[na:na]
	at java.base/java.lang.Thread.run(Thread.java:842) ~[na:na]

2024-02-22T22:36:15.083+05:30  INFO 99627 --- [pool-4-thread-4] c.dws.challenge.service.TransferService  : compareBalance -1 
2024-02-22T22:36:15.083+05:30 ERROR 99627 --- [pool-4-thread-2] c.d.c.web.AccountsTransferController     : Exception occurs

com.dws.challenge.exception.InsufficientBalanceException: Insufficient Balance in account Account123
	at com.dws.challenge.service.TransferService.transferAmount(TransferService.java:21) ~[main/:na]
	at com.dws.challenge.web.AccountsTransferController.transferAmount(AccountsTransferController.java:65) ~[main/:na]
	at com.dws.challenge.ConcurrentTransferTest.lambda$concurrentTransferTest$0(ConcurrentTransferTest.java:77) ~[test/:na]
	at java.base/java.util.concurrent.ThreadPoolExecutor.runWorker(ThreadPoolExecutor.java:1136) ~[na:na]
	at java.base/java.util.concurrent.ThreadPoolExecutor$Worker.run(ThreadPoolExecutor.java:635) ~[na:na]
	at java.base/java.lang.Thread.run(Thread.java:842) ~[na:na]

2024-02-22T22:36:15.084+05:30  INFO 99627 --- [pool-4-thread-7] c.dws.challenge.service.TransferService  : compareBalance -1 
2024-02-22T22:36:15.084+05:30 ERROR 99627 --- [pool-4-thread-4] c.d.c.web.AccountsTransferController     : Exception occurs

com.dws.challenge.exception.InsufficientBalanceException: Insufficient Balance in account Account123
	at com.dws.challenge.service.TransferService.transferAmount(TransferService.java:21) ~[main/:na]
	at com.dws.challenge.web.AccountsTransferController.transferAmount(AccountsTransferController.java:65) ~[main/:na]
	at com.dws.challenge.ConcurrentTransferTest.lambda$concurrentTransferTest$0(ConcurrentTransferTest.java:77) ~[test/:na]
	at java.base/java.util.concurrent.ThreadPoolExecutor.runWorker(ThreadPoolExecutor.java:1136) ~[na:na]
	at java.base/java.util.concurrent.ThreadPoolExecutor$Worker.run(ThreadPoolExecutor.java:635) ~[na:na]
	at java.base/java.lang.Thread.run(Thread.java:842) ~[na:na]

2024-02-22T22:36:15.084+05:30  INFO 99627 --- [ool-4-thread-19] c.dws.challenge.service.TransferService  : compareBalance -1 
2024-02-22T22:36:15.084+05:30 ERROR 99627 --- [pool-4-thread-7] c.d.c.web.AccountsTransferController     : Exception occurs

com.dws.challenge.exception.InsufficientBalanceException: Insufficient Balance in account Account123
	at com.dws.challenge.service.TransferService.transferAmount(TransferService.java:21) ~[main/:na]
	at com.dws.challenge.web.AccountsTransferController.transferAmount(AccountsTransferController.java:65) ~[main/:na]
	at com.dws.challenge.ConcurrentTransferTest.lambda$concurrentTransferTest$0(ConcurrentTransferTest.java:77) ~[test/:na]
	at java.base/java.util.concurrent.ThreadPoolExecutor.runWorker(ThreadPoolExecutor.java:1136) ~[na:na]
	at java.base/java.util.concurrent.ThreadPoolExecutor$Worker.run(ThreadPoolExecutor.java:635) ~[na:na]
	at java.base/java.lang.Thread.run(Thread.java:842) ~[na:na]

2024-02-22T22:36:15.085+05:30  INFO 99627 --- [ool-4-thread-18] c.dws.challenge.service.TransferService  : compareBalance -1 
2024-02-22T22:36:15.085+05:30 ERROR 99627 --- [ool-4-thread-19] c.d.c.web.AccountsTransferController     : Exception occurs

com.dws.challenge.exception.InsufficientBalanceException: Insufficient Balance in account Account123
	at com.dws.challenge.service.TransferService.transferAmount(TransferService.java:21) ~[main/:na]
	at com.dws.challenge.web.AccountsTransferController.transferAmount(AccountsTransferController.java:65) ~[main/:na]
	at com.dws.challenge.ConcurrentTransferTest.lambda$concurrentTransferTest$0(ConcurrentTransferTest.java:77) ~[test/:na]
	at java.base/java.util.concurrent.ThreadPoolExecutor.runWorker(ThreadPoolExecutor.java:1136) ~[na:na]
	at java.base/java.util.concurrent.ThreadPoolExecutor$Worker.run(ThreadPoolExecutor.java:635) ~[na:na]
	at java.base/java.lang.Thread.run(Thread.java:842) ~[na:na]

2024-02-22T22:36:15.086+05:30  INFO 99627 --- [ool-4-thread-17] c.dws.challenge.service.TransferService  : compareBalance -1 
2024-02-22T22:36:15.086+05:30 ERROR 99627 --- [ool-4-thread-18] c.d.c.web.AccountsTransferController     : Exception occurs

com.dws.challenge.exception.InsufficientBalanceException: Insufficient Balance in account Account123
	at com.dws.challenge.service.TransferService.transferAmount(TransferService.java:21) ~[main/:na]
	at com.dws.challenge.web.AccountsTransferController.transferAmount(AccountsTransferController.java:65) ~[main/:na]
	at com.dws.challenge.ConcurrentTransferTest.lambda$concurrentTransferTest$0(ConcurrentTransferTest.java:77) ~[test/:na]
	at java.base/java.util.concurrent.ThreadPoolExecutor.runWorker(ThreadPoolExecutor.java:1136) ~[na:na]
	at java.base/java.util.concurrent.ThreadPoolExecutor$Worker.run(ThreadPoolExecutor.java:635) ~[na:na]
	at java.base/java.lang.Thread.run(Thread.java:842) ~[na:na]

2024-02-22T22:36:15.086+05:30 ERROR 99627 --- [ool-4-thread-17] c.d.c.web.AccountsTransferController     : Exception occurs

com.dws.challenge.exception.InsufficientBalanceException: Insufficient Balance in account Account123
	at com.dws.challenge.service.TransferService.transferAmount(TransferService.java:21) ~[main/:na]
	at com.dws.challenge.web.AccountsTransferController.transferAmount(AccountsTransferController.java:65) ~[main/:na]
	at com.dws.challenge.ConcurrentTransferTest.lambda$concurrentTransferTest$0(ConcurrentTransferTest.java:77) ~[test/:na]
	at java.base/java.util.concurrent.ThreadPoolExecutor.runWorker(ThreadPoolExecutor.java:1136) ~[na:na]
	at java.base/java.util.concurrent.ThreadPoolExecutor$Worker.run(ThreadPoolExecutor.java:635) ~[na:na]
	at java.base/java.lang.Thread.run(Thread.java:842) ~[na:na]

2024-02-22T22:36:15.104+05:30  INFO 99627 --- [pool-5-thread-5] c.d.c.web.AccountsTransferController     : Transfer Amount  Transfer(accountFrom=Account123, accountTo=Account124, amount=1000)
2024-02-22T22:36:15.104+05:30  INFO 99627 --- [ool-5-thread-17] c.d.c.web.AccountsTransferController     : Transfer Amount  Transfer(accountFrom=Account123, accountTo=Account124, amount=1000)
2024-02-22T22:36:15.104+05:30  INFO 99627 --- [ool-5-thread-20] c.d.c.web.AccountsTransferController     : Transfer Amount  Transfer(accountFrom=Account123, accountTo=Account124, amount=1000)
2024-02-22T22:36:15.104+05:30  INFO 99627 --- [pool-5-thread-4] c.d.c.web.AccountsTransferController     : Transfer Amount  Transfer(accountFrom=Account123, accountTo=Account124, amount=1000)
2024-02-22T22:36:15.104+05:30  INFO 99627 --- [pool-5-thread-6] c.d.c.web.AccountsTransferController     : Transfer Amount  Transfer(accountFrom=Account123, accountTo=Account124, amount=1000)
2024-02-22T22:36:15.104+05:30  INFO 99627 --- [pool-5-thread-9] c.d.c.web.AccountsTransferController     : Transfer Amount  Transfer(accountFrom=Account123, accountTo=Account124, amount=1000)
2024-02-22T22:36:15.104+05:30  INFO 99627 --- [pool-5-thread-2] c.d.c.web.AccountsTransferController     : Transfer Amount  Transfer(accountFrom=Account123, accountTo=Account124, amount=1000)
2024-02-22T22:36:15.104+05:30  INFO 99627 --- [pool-5-thread-3] c.d.c.web.AccountsTransferController     : Transfer Amount  Transfer(accountFrom=Account123, accountTo=Account124, amount=1000)
2024-02-22T22:36:15.104+05:30  INFO 99627 --- [pool-5-thread-7] c.d.c.web.AccountsTransferController     : Transfer Amount  Transfer(accountFrom=Account123, accountTo=Account124, amount=1000)
2024-02-22T22:36:15.104+05:30  INFO 99627 --- [pool-5-thread-8] c.d.c.web.AccountsTransferController     : Transfer Amount  Transfer(accountFrom=Account123, accountTo=Account124, amount=1000)
2024-02-22T22:36:15.104+05:30  INFO 99627 --- [ool-5-thread-10] c.d.c.web.AccountsTransferController     : Transfer Amount  Transfer(accountFrom=Account123, accountTo=Account124, amount=1000)
2024-02-22T22:36:15.104+05:30  INFO 99627 --- [ool-5-thread-11] c.d.c.web.AccountsTransferController     : Transfer Amount  Transfer(accountFrom=Account123, accountTo=Account124, amount=1000)
2024-02-22T22:36:15.104+05:30  INFO 99627 --- [pool-5-thread-1] c.d.c.web.AccountsTransferController     : Transfer Amount  Transfer(accountFrom=Account123, accountTo=Account124, amount=1000)
2024-02-22T22:36:15.104+05:30  INFO 99627 --- [ool-5-thread-12] c.d.c.web.AccountsTransferController     : Transfer Amount  Transfer(accountFrom=Account123, accountTo=Account124, amount=1000)
2024-02-22T22:36:15.104+05:30  INFO 99627 --- [ool-5-thread-13] c.d.c.web.AccountsTransferController     : Transfer Amount  Transfer(accountFrom=Account123, accountTo=Account124, amount=1000)
2024-02-22T22:36:15.104+05:30  INFO 99627 --- [ool-5-thread-14] c.d.c.web.AccountsTransferController     : Transfer Amount  Transfer(accountFrom=Account123, accountTo=Account124, amount=1000)
2024-02-22T22:36:15.104+05:30  INFO 99627 --- [ool-5-thread-15] c.d.c.web.AccountsTransferController     : Transfer Amount  Transfer(accountFrom=Account123, accountTo=Account124, amount=1000)
2024-02-22T22:36:15.104+05:30  INFO 99627 --- [ool-5-thread-16] c.d.c.web.AccountsTransferController     : Transfer Amount  Transfer(accountFrom=Account123, accountTo=Account124, amount=1000)
2024-02-22T22:36:15.104+05:30  INFO 99627 --- [ool-5-thread-19] c.d.c.web.AccountsTransferController     : Transfer Amount  Transfer(accountFrom=Account123, accountTo=Account124, amount=1000)
2024-02-22T22:36:15.104+05:30  INFO 99627 --- [ool-5-thread-18] c.d.c.web.AccountsTransferController     : Transfer Amount  Transfer(accountFrom=Account123, accountTo=Account124, amount=1000)
2024-02-22T22:36:15.104+05:30  INFO 99627 --- [pool-5-thread-5] c.dws.challenge.service.TransferService  : compareBalance 0 
2024-02-22T22:36:15.107+05:30  INFO 99627 --- [pool-5-thread-5] c.d.c.web.AccountsTransferController     : notification sent successfully
2024-02-22T22:36:15.108+05:30  INFO 99627 --- [ool-5-thread-18] c.dws.challenge.service.TransferService  : compareBalance -1 
2024-02-22T22:36:15.108+05:30  INFO 99627 --- [ool-5-thread-19] c.dws.challenge.service.TransferService  : compareBalance -1 
2024-02-22T22:36:15.108+05:30  INFO 99627 --- [ool-5-thread-16] c.dws.challenge.service.TransferService  : compareBalance -1 
2024-02-22T22:36:15.108+05:30 ERROR 99627 --- [ool-5-thread-18] c.d.c.web.AccountsTransferController     : Exception occurs

com.dws.challenge.exception.InsufficientBalanceException: Insufficient Balance in account Account123
	at com.dws.challenge.service.TransferService.transferAmount(TransferService.java:21) ~[main/:na]
	at com.dws.challenge.web.AccountsTransferController.transferAmount(AccountsTransferController.java:65) ~[main/:na]
	at com.dws.challenge.ConcurrentTransferTest.lambda$concurrentTransferTest$0(ConcurrentTransferTest.java:77) ~[test/:na]
	at java.base/java.util.concurrent.ThreadPoolExecutor.runWorker(ThreadPoolExecutor.java:1136) ~[na:na]
	at java.base/java.util.concurrent.ThreadPoolExecutor$Worker.run(ThreadPoolExecutor.java:635) ~[na:na]
	at java.base/java.lang.Thread.run(Thread.java:842) ~[na:na]

2024-02-22T22:36:15.108+05:30 ERROR 99627 --- [ool-5-thread-16] c.d.c.web.AccountsTransferController     : Exception occurs

com.dws.challenge.exception.InsufficientBalanceException: Insufficient Balance in account Account123
	at com.dws.challenge.service.TransferService.transferAmount(TransferService.java:21) ~[main/:na]
	at com.dws.challenge.web.AccountsTransferController.transferAmount(AccountsTransferController.java:65) ~[main/:na]
	at com.dws.challenge.ConcurrentTransferTest.lambda$concurrentTransferTest$0(ConcurrentTransferTest.java:77) ~[test/:na]
	at java.base/java.util.concurrent.ThreadPoolExecutor.runWorker(ThreadPoolExecutor.java:1136) ~[na:na]
	at java.base/java.util.concurrent.ThreadPoolExecutor$Worker.run(ThreadPoolExecutor.java:635) ~[na:na]
	at java.base/java.lang.Thread.run(Thread.java:842) ~[na:na]

2024-02-22T22:36:15.108+05:30 ERROR 99627 --- [ool-5-thread-19] c.d.c.web.AccountsTransferController     : Exception occurs

com.dws.challenge.exception.InsufficientBalanceException: Insufficient Balance in account Account123
	at com.dws.challenge.service.TransferService.transferAmount(TransferService.java:21) ~[main/:na]
	at com.dws.challenge.web.AccountsTransferController.transferAmount(AccountsTransferController.java:65) ~[main/:na]
	at com.dws.challenge.ConcurrentTransferTest.lambda$concurrentTransferTest$0(ConcurrentTransferTest.java:77) ~[test/:na]
	at java.base/java.util.concurrent.ThreadPoolExecutor.runWorker(ThreadPoolExecutor.java:1136) ~[na:na]
	at java.base/java.util.concurrent.ThreadPoolExecutor$Worker.run(ThreadPoolExecutor.java:635) ~[na:na]
	at java.base/java.lang.Thread.run(Thread.java:842) ~[na:na]

2024-02-22T22:36:15.108+05:30  INFO 99627 --- [ool-5-thread-15] c.dws.challenge.service.TransferService  : compareBalance -1 
2024-02-22T22:36:15.109+05:30  INFO 99627 --- [ool-5-thread-14] c.dws.challenge.service.TransferService  : compareBalance -1 
2024-02-22T22:36:15.109+05:30 ERROR 99627 --- [ool-5-thread-15] c.d.c.web.AccountsTransferController     : Exception occurs

com.dws.challenge.exception.InsufficientBalanceException: Insufficient Balance in account Account123
	at com.dws.challenge.service.TransferService.transferAmount(TransferService.java:21) ~[main/:na]
	at com.dws.challenge.web.AccountsTransferController.transferAmount(AccountsTransferController.java:65) ~[main/:na]
	at com.dws.challenge.ConcurrentTransferTest.lambda$concurrentTransferTest$0(ConcurrentTransferTest.java:77) ~[test/:na]
	at java.base/java.util.concurrent.ThreadPoolExecutor.runWorker(ThreadPoolExecutor.java:1136) ~[na:na]
	at java.base/java.util.concurrent.ThreadPoolExecutor$Worker.run(ThreadPoolExecutor.java:635) ~[na:na]
	at java.base/java.lang.Thread.run(Thread.java:842) ~[na:na]

2024-02-22T22:36:15.110+05:30  INFO 99627 --- [ool-5-thread-13] c.dws.challenge.service.TransferService  : compareBalance -1 
2024-02-22T22:36:15.110+05:30 ERROR 99627 --- [ool-5-thread-14] c.d.c.web.AccountsTransferController     : Exception occurs

com.dws.challenge.exception.InsufficientBalanceException: Insufficient Balance in account Account123
	at com.dws.challenge.service.TransferService.transferAmount(TransferService.java:21) ~[main/:na]
	at com.dws.challenge.web.AccountsTransferController.transferAmount(AccountsTransferController.java:65) ~[main/:na]
	at com.dws.challenge.ConcurrentTransferTest.lambda$concurrentTransferTest$0(ConcurrentTransferTest.java:77) ~[test/:na]
	at java.base/java.util.concurrent.ThreadPoolExecutor.runWorker(ThreadPoolExecutor.java:1136) ~[na:na]
	at java.base/java.util.concurrent.ThreadPoolExecutor$Worker.run(ThreadPoolExecutor.java:635) ~[na:na]
	at java.base/java.lang.Thread.run(Thread.java:842) ~[na:na]

2024-02-22T22:36:15.110+05:30  INFO 99627 --- [ool-5-thread-12] c.dws.challenge.service.TransferService  : compareBalance -1 
2024-02-22T22:36:15.110+05:30 ERROR 99627 --- [ool-5-thread-13] c.d.c.web.AccountsTransferController     : Exception occurs

com.dws.challenge.exception.InsufficientBalanceException: Insufficient Balance in account Account123
	at com.dws.challenge.service.TransferService.transferAmount(TransferService.java:21) ~[main/:na]
	at com.dws.challenge.web.AccountsTransferController.transferAmount(AccountsTransferController.java:65) ~[main/:na]
	at com.dws.challenge.ConcurrentTransferTest.lambda$concurrentTransferTest$0(ConcurrentTransferTest.java:77) ~[test/:na]
	at java.base/java.util.concurrent.ThreadPoolExecutor.runWorker(ThreadPoolExecutor.java:1136) ~[na:na]
	at java.base/java.util.concurrent.ThreadPoolExecutor$Worker.run(ThreadPoolExecutor.java:635) ~[na:na]
	at java.base/java.lang.Thread.run(Thread.java:842) ~[na:na]

2024-02-22T22:36:15.110+05:30  INFO 99627 --- [pool-5-thread-1] c.dws.challenge.service.TransferService  : compareBalance -1 
2024-02-22T22:36:15.110+05:30 ERROR 99627 --- [ool-5-thread-12] c.d.c.web.AccountsTransferController     : Exception occurs

com.dws.challenge.exception.InsufficientBalanceException: Insufficient Balance in account Account123
	at com.dws.challenge.service.TransferService.transferAmount(TransferService.java:21) ~[main/:na]
	at com.dws.challenge.web.AccountsTransferController.transferAmount(AccountsTransferController.java:65) ~[main/:na]
	at com.dws.challenge.ConcurrentTransferTest.lambda$concurrentTransferTest$0(ConcurrentTransferTest.java:77) ~[test/:na]
	at java.base/java.util.concurrent.ThreadPoolExecutor.runWorker(ThreadPoolExecutor.java:1136) ~[na:na]
	at java.base/java.util.concurrent.ThreadPoolExecutor$Worker.run(ThreadPoolExecutor.java:635) ~[na:na]
	at java.base/java.lang.Thread.run(Thread.java:842) ~[na:na]

2024-02-22T22:36:15.111+05:30  INFO 99627 --- [ool-5-thread-11] c.dws.challenge.service.TransferService  : compareBalance -1 
2024-02-22T22:36:15.111+05:30 ERROR 99627 --- [pool-5-thread-1] c.d.c.web.AccountsTransferController     : Exception occurs

com.dws.challenge.exception.InsufficientBalanceException: Insufficient Balance in account Account123
	at com.dws.challenge.service.TransferService.transferAmount(TransferService.java:21) ~[main/:na]
	at com.dws.challenge.web.AccountsTransferController.transferAmount(AccountsTransferController.java:65) ~[main/:na]
	at com.dws.challenge.ConcurrentTransferTest.lambda$concurrentTransferTest$0(ConcurrentTransferTest.java:77) ~[test/:na]
	at java.base/java.util.concurrent.ThreadPoolExecutor.runWorker(ThreadPoolExecutor.java:1136) ~[na:na]
	at java.base/java.util.concurrent.ThreadPoolExecutor$Worker.run(ThreadPoolExecutor.java:635) ~[na:na]
	at java.base/java.lang.Thread.run(Thread.java:842) ~[na:na]

2024-02-22T22:36:15.111+05:30 ERROR 99627 --- [ool-5-thread-11] c.d.c.web.AccountsTransferController     : Exception occurs

com.dws.challenge.exception.InsufficientBalanceException: Insufficient Balance in account Account123
	at com.dws.challenge.service.TransferService.transferAmount(TransferService.java:21) ~[main/:na]
	at com.dws.challenge.web.AccountsTransferController.transferAmount(AccountsTransferController.java:65) ~[main/:na]
	at com.dws.challenge.ConcurrentTransferTest.lambda$concurrentTransferTest$0(ConcurrentTransferTest.java:77) ~[test/:na]
	at java.base/java.util.concurrent.ThreadPoolExecutor.runWorker(ThreadPoolExecutor.java:1136) ~[na:na]
	at java.base/java.util.concurrent.ThreadPoolExecutor$Worker.run(ThreadPoolExecutor.java:635) ~[na:na]
	at java.base/java.lang.Thread.run(Thread.java:842) ~[na:na]

2024-02-22T22:36:15.111+05:30  INFO 99627 --- [ool-5-thread-10] c.dws.challenge.service.TransferService  : compareBalance -1 
2024-02-22T22:36:15.112+05:30  INFO 99627 --- [pool-5-thread-8] c.dws.challenge.service.TransferService  : compareBalance -1 
2024-02-22T22:36:15.112+05:30 ERROR 99627 --- [ool-5-thread-10] c.d.c.web.AccountsTransferController     : Exception occurs

com.dws.challenge.exception.InsufficientBalanceException: Insufficient Balance in account Account123
	at com.dws.challenge.service.TransferService.transferAmount(TransferService.java:21) ~[main/:na]
	at com.dws.challenge.web.AccountsTransferController.transferAmount(AccountsTransferController.java:65) ~[main/:na]
	at com.dws.challenge.ConcurrentTransferTest.lambda$concurrentTransferTest$0(ConcurrentTransferTest.java:77) ~[test/:na]
	at java.base/java.util.concurrent.ThreadPoolExecutor.runWorker(ThreadPoolExecutor.java:1136) ~[na:na]
	at java.base/java.util.concurrent.ThreadPoolExecutor$Worker.run(ThreadPoolExecutor.java:635) ~[na:na]
	at java.base/java.lang.Thread.run(Thread.java:842) ~[na:na]

2024-02-22T22:36:15.112+05:30  INFO 99627 --- [pool-5-thread-7] c.dws.challenge.service.TransferService  : compareBalance -1 
2024-02-22T22:36:15.112+05:30 ERROR 99627 --- [pool-5-thread-8] c.d.c.web.AccountsTransferController     : Exception occurs

com.dws.challenge.exception.InsufficientBalanceException: Insufficient Balance in account Account123
	at com.dws.challenge.service.TransferService.transferAmount(TransferService.java:21) ~[main/:na]
	at com.dws.challenge.web.AccountsTransferController.transferAmount(AccountsTransferController.java:65) ~[main/:na]
	at com.dws.challenge.ConcurrentTransferTest.lambda$concurrentTransferTest$0(ConcurrentTransferTest.java:77) ~[test/:na]
	at java.base/java.util.concurrent.ThreadPoolExecutor.runWorker(ThreadPoolExecutor.java:1136) ~[na:na]
	at java.base/java.util.concurrent.ThreadPoolExecutor$Worker.run(ThreadPoolExecutor.java:635) ~[na:na]
	at java.base/java.lang.Thread.run(Thread.java:842) ~[na:na]

2024-02-22T22:36:15.113+05:30  INFO 99627 --- [pool-5-thread-3] c.dws.challenge.service.TransferService  : compareBalance -1 
2024-02-22T22:36:15.113+05:30 ERROR 99627 --- [pool-5-thread-7] c.d.c.web.AccountsTransferController     : Exception occurs

com.dws.challenge.exception.InsufficientBalanceException: Insufficient Balance in account Account123
	at com.dws.challenge.service.TransferService.transferAmount(TransferService.java:21) ~[main/:na]
	at com.dws.challenge.web.AccountsTransferController.transferAmount(AccountsTransferController.java:65) ~[main/:na]
	at com.dws.challenge.ConcurrentTransferTest.lambda$concurrentTransferTest$0(ConcurrentTransferTest.java:77) ~[test/:na]
	at java.base/java.util.concurrent.ThreadPoolExecutor.runWorker(ThreadPoolExecutor.java:1136) ~[na:na]
	at java.base/java.util.concurrent.ThreadPoolExecutor$Worker.run(ThreadPoolExecutor.java:635) ~[na:na]
	at java.base/java.lang.Thread.run(Thread.java:842) ~[na:na]

2024-02-22T22:36:15.113+05:30  INFO 99627 --- [pool-5-thread-2] c.dws.challenge.service.TransferService  : compareBalance -1 
2024-02-22T22:36:15.113+05:30 ERROR 99627 --- [pool-5-thread-3] c.d.c.web.AccountsTransferController     : Exception occurs

com.dws.challenge.exception.InsufficientBalanceException: Insufficient Balance in account Account123
	at com.dws.challenge.service.TransferService.transferAmount(TransferService.java:21) ~[main/:na]
	at com.dws.challenge.web.AccountsTransferController.transferAmount(AccountsTransferController.java:65) ~[main/:na]
	at com.dws.challenge.ConcurrentTransferTest.lambda$concurrentTransferTest$0(ConcurrentTransferTest.java:77) ~[test/:na]
	at java.base/java.util.concurrent.ThreadPoolExecutor.runWorker(ThreadPoolExecutor.java:1136) ~[na:na]
	at java.base/java.util.concurrent.ThreadPoolExecutor$Worker.run(ThreadPoolExecutor.java:635) ~[na:na]
	at java.base/java.lang.Thread.run(Thread.java:842) ~[na:na]

2024-02-22T22:36:15.113+05:30  INFO 99627 --- [pool-5-thread-9] c.dws.challenge.service.TransferService  : compareBalance -1 
2024-02-22T22:36:15.113+05:30 ERROR 99627 --- [pool-5-thread-2] c.d.c.web.AccountsTransferController     : Exception occurs

com.dws.challenge.exception.InsufficientBalanceException: Insufficient Balance in account Account123
	at com.dws.challenge.service.TransferService.transferAmount(TransferService.java:21) ~[main/:na]
	at com.dws.challenge.web.AccountsTransferController.transferAmount(AccountsTransferController.java:65) ~[main/:na]
	at com.dws.challenge.ConcurrentTransferTest.lambda$concurrentTransferTest$0(ConcurrentTransferTest.java:77) ~[test/:na]
	at java.base/java.util.concurrent.ThreadPoolExecutor.runWorker(ThreadPoolExecutor.java:1136) ~[na:na]
	at java.base/java.util.concurrent.ThreadPoolExecutor$Worker.run(ThreadPoolExecutor.java:635) ~[na:na]
	at java.base/java.lang.Thread.run(Thread.java:842) ~[na:na]

2024-02-22T22:36:15.114+05:30  INFO 99627 --- [pool-5-thread-6] c.dws.challenge.service.TransferService  : compareBalance -1 
2024-02-22T22:36:15.114+05:30 ERROR 99627 --- [pool-5-thread-9] c.d.c.web.AccountsTransferController     : Exception occurs

com.dws.challenge.exception.InsufficientBalanceException: Insufficient Balance in account Account123
	at com.dws.challenge.service.TransferService.transferAmount(TransferService.java:21) ~[main/:na]
	at com.dws.challenge.web.AccountsTransferController.transferAmount(AccountsTransferController.java:65) ~[main/:na]
	at com.dws.challenge.ConcurrentTransferTest.lambda$concurrentTransferTest$0(ConcurrentTransferTest.java:77) ~[test/:na]
	at java.base/java.util.concurrent.ThreadPoolExecutor.runWorker(ThreadPoolExecutor.java:1136) ~[na:na]
	at java.base/java.util.concurrent.ThreadPoolExecutor$Worker.run(ThreadPoolExecutor.java:635) ~[na:na]
	at java.base/java.lang.Thread.run(Thread.java:842) ~[na:na]

2024-02-22T22:36:15.114+05:30 ERROR 99627 --- [pool-5-thread-6] c.d.c.web.AccountsTransferController     : Exception occurs

com.dws.challenge.exception.InsufficientBalanceException: Insufficient Balance in account Account123
	at com.dws.challenge.service.TransferService.transferAmount(TransferService.java:21) ~[main/:na]
	at com.dws.challenge.web.AccountsTransferController.transferAmount(AccountsTransferController.java:65) ~[main/:na]
	at com.dws.challenge.ConcurrentTransferTest.lambda$concurrentTransferTest$0(ConcurrentTransferTest.java:77) ~[test/:na]
	at java.base/java.util.concurrent.ThreadPoolExecutor.runWorker(ThreadPoolExecutor.java:1136) ~[na:na]
	at java.base/java.util.concurrent.ThreadPoolExecutor$Worker.run(ThreadPoolExecutor.java:635) ~[na:na]
	at java.base/java.lang.Thread.run(Thread.java:842) ~[na:na]

2024-02-22T22:36:15.114+05:30  INFO 99627 --- [pool-5-thread-4] c.dws.challenge.service.TransferService  : compareBalance -1 
2024-02-22T22:36:15.115+05:30  INFO 99627 --- [ool-5-thread-20] c.dws.challenge.service.TransferService  : compareBalance -1 
2024-02-22T22:36:15.115+05:30 ERROR 99627 --- [pool-5-thread-4] c.d.c.web.AccountsTransferController     : Exception occurs

com.dws.challenge.exception.InsufficientBalanceException: Insufficient Balance in account Account123
	at com.dws.challenge.service.TransferService.transferAmount(TransferService.java:21) ~[main/:na]
	at com.dws.challenge.web.AccountsTransferController.transferAmount(AccountsTransferController.java:65) ~[main/:na]
	at com.dws.challenge.ConcurrentTransferTest.lambda$concurrentTransferTest$0(ConcurrentTransferTest.java:77) ~[test/:na]
	at java.base/java.util.concurrent.ThreadPoolExecutor.runWorker(ThreadPoolExecutor.java:1136) ~[na:na]
	at java.base/java.util.concurrent.ThreadPoolExecutor$Worker.run(ThreadPoolExecutor.java:635) ~[na:na]
	at java.base/java.lang.Thread.run(Thread.java:842) ~[na:na]

2024-02-22T22:36:15.115+05:30  INFO 99627 --- [ool-5-thread-17] c.dws.challenge.service.TransferService  : compareBalance -1 
2024-02-22T22:36:15.115+05:30 ERROR 99627 --- [ool-5-thread-20] c.d.c.web.AccountsTransferController     : Exception occurs

com.dws.challenge.exception.InsufficientBalanceException: Insufficient Balance in account Account123
	at com.dws.challenge.service.TransferService.transferAmount(TransferService.java:21) ~[main/:na]
	at com.dws.challenge.web.AccountsTransferController.transferAmount(AccountsTransferController.java:65) ~[main/:na]
	at com.dws.challenge.ConcurrentTransferTest.lambda$concurrentTransferTest$0(ConcurrentTransferTest.java:77) ~[test/:na]
	at java.base/java.util.concurrent.ThreadPoolExecutor.runWorker(ThreadPoolExecutor.java:1136) ~[na:na]
	at java.base/java.util.concurrent.ThreadPoolExecutor$Worker.run(ThreadPoolExecutor.java:635) ~[na:na]
	at java.base/java.lang.Thread.run(Thread.java:842) ~[na:na]

2024-02-22T22:36:15.116+05:30 ERROR 99627 --- [ool-5-thread-17] c.d.c.web.AccountsTransferController     : Exception occurs

com.dws.challenge.exception.InsufficientBalanceException: Insufficient Balance in account Account123
	at com.dws.challenge.service.TransferService.transferAmount(TransferService.java:21) ~[main/:na]
	at com.dws.challenge.web.AccountsTransferController.transferAmount(AccountsTransferController.java:65) ~[main/:na]
	at com.dws.challenge.ConcurrentTransferTest.lambda$concurrentTransferTest$0(ConcurrentTransferTest.java:77) ~[test/:na]
	at java.base/java.util.concurrent.ThreadPoolExecutor.runWorker(ThreadPoolExecutor.java:1136) ~[na:na]
	at java.base/java.util.concurrent.ThreadPoolExecutor$Worker.run(ThreadPoolExecutor.java:635) ~[na:na]
	at java.base/java.lang.Thread.run(Thread.java:842) ~[na:na]

2024-02-22T22:36:15.133+05:30  INFO 99627 --- [pool-6-thread-5] c.d.c.web.AccountsTransferController     : Transfer Amount  Transfer(accountFrom=Account123, accountTo=Account124, amount=1000)
2024-02-22T22:36:15.133+05:30  INFO 99627 --- [ool-6-thread-14] c.d.c.web.AccountsTransferController     : Transfer Amount  Transfer(accountFrom=Account123, accountTo=Account124, amount=1000)
2024-02-22T22:36:15.133+05:30  INFO 99627 --- [pool-6-thread-4] c.d.c.web.AccountsTransferController     : Transfer Amount  Transfer(accountFrom=Account123, accountTo=Account124, amount=1000)
2024-02-22T22:36:15.133+05:30  INFO 99627 --- [pool-6-thread-7] c.d.c.web.AccountsTransferController     : Transfer Amount  Transfer(accountFrom=Account123, accountTo=Account124, amount=1000)
2024-02-22T22:36:15.133+05:30  INFO 99627 --- [ool-6-thread-11] c.d.c.web.AccountsTransferController     : Transfer Amount  Transfer(accountFrom=Account123, accountTo=Account124, amount=1000)
2024-02-22T22:36:15.133+05:30  INFO 99627 --- [pool-6-thread-6] c.d.c.web.AccountsTransferController     : Transfer Amount  Transfer(accountFrom=Account123, accountTo=Account124, amount=1000)
2024-02-22T22:36:15.133+05:30  INFO 99627 --- [ool-6-thread-12] c.d.c.web.AccountsTransferController     : Transfer Amount  Transfer(accountFrom=Account123, accountTo=Account124, amount=1000)
2024-02-22T22:36:15.133+05:30  INFO 99627 --- [pool-6-thread-3] c.d.c.web.AccountsTransferController     : Transfer Amount  Transfer(accountFrom=Account123, accountTo=Account124, amount=1000)
2024-02-22T22:36:15.133+05:30  INFO 99627 --- [ool-6-thread-20] c.d.c.web.AccountsTransferController     : Transfer Amount  Transfer(accountFrom=Account123, accountTo=Account124, amount=1000)
2024-02-22T22:36:15.133+05:30  INFO 99627 --- [ool-6-thread-10] c.d.c.web.AccountsTransferController     : Transfer Amount  Transfer(accountFrom=Account123, accountTo=Account124, amount=1000)
2024-02-22T22:36:15.133+05:30  INFO 99627 --- [pool-6-thread-9] c.d.c.web.AccountsTransferController     : Transfer Amount  Transfer(accountFrom=Account123, accountTo=Account124, amount=1000)
2024-02-22T22:36:15.133+05:30  INFO 99627 --- [pool-6-thread-8] c.d.c.web.AccountsTransferController     : Transfer Amount  Transfer(accountFrom=Account123, accountTo=Account124, amount=1000)
2024-02-22T22:36:15.133+05:30  INFO 99627 --- [pool-6-thread-1] c.d.c.web.AccountsTransferController     : Transfer Amount  Transfer(accountFrom=Account123, accountTo=Account124, amount=1000)
2024-02-22T22:36:15.133+05:30  INFO 99627 --- [pool-6-thread-2] c.d.c.web.AccountsTransferController     : Transfer Amount  Transfer(accountFrom=Account123, accountTo=Account124, amount=1000)
2024-02-22T22:36:15.133+05:30  INFO 99627 --- [ool-6-thread-13] c.d.c.web.AccountsTransferController     : Transfer Amount  Transfer(accountFrom=Account123, accountTo=Account124, amount=1000)
2024-02-22T22:36:15.133+05:30  INFO 99627 --- [ool-6-thread-15] c.d.c.web.AccountsTransferController     : Transfer Amount  Transfer(accountFrom=Account123, accountTo=Account124, amount=1000)
2024-02-22T22:36:15.133+05:30  INFO 99627 --- [ool-6-thread-16] c.d.c.web.AccountsTransferController     : Transfer Amount  Transfer(accountFrom=Account123, accountTo=Account124, amount=1000)
2024-02-22T22:36:15.133+05:30  INFO 99627 --- [ool-6-thread-17] c.d.c.web.AccountsTransferController     : Transfer Amount  Transfer(accountFrom=Account123, accountTo=Account124, amount=1000)
2024-02-22T22:36:15.133+05:30  INFO 99627 --- [ool-6-thread-18] c.d.c.web.AccountsTransferController     : Transfer Amount  Transfer(accountFrom=Account123, accountTo=Account124, amount=1000)
2024-02-22T22:36:15.133+05:30  INFO 99627 --- [pool-6-thread-5] c.dws.challenge.service.TransferService  : compareBalance 0 
2024-02-22T22:36:15.133+05:30  INFO 99627 --- [ool-6-thread-19] c.d.c.web.AccountsTransferController     : Transfer Amount  Transfer(accountFrom=Account123, accountTo=Account124, amount=1000)
2024-02-22T22:36:15.136+05:30  INFO 99627 --- [pool-6-thread-5] c.d.c.web.AccountsTransferController     : notification sent successfully
2024-02-22T22:36:15.136+05:30  INFO 99627 --- [ool-6-thread-19] c.dws.challenge.service.TransferService  : compareBalance -1 
2024-02-22T22:36:15.137+05:30  INFO 99627 --- [ool-6-thread-18] c.dws.challenge.service.TransferService  : compareBalance -1 
2024-02-22T22:36:15.137+05:30 ERROR 99627 --- [ool-6-thread-19] c.d.c.web.AccountsTransferController     : Exception occurs

com.dws.challenge.exception.InsufficientBalanceException: Insufficient Balance in account Account123
	at com.dws.challenge.service.TransferService.transferAmount(TransferService.java:21) ~[main/:na]
	at com.dws.challenge.web.AccountsTransferController.transferAmount(AccountsTransferController.java:65) ~[main/:na]
	at com.dws.challenge.ConcurrentTransferTest.lambda$concurrentTransferTest$0(ConcurrentTransferTest.java:77) ~[test/:na]
	at java.base/java.util.concurrent.ThreadPoolExecutor.runWorker(ThreadPoolExecutor.java:1136) ~[na:na]
	at java.base/java.util.concurrent.ThreadPoolExecutor$Worker.run(ThreadPoolExecutor.java:635) ~[na:na]
	at java.base/java.lang.Thread.run(Thread.java:842) ~[na:na]

2024-02-22T22:36:15.137+05:30  INFO 99627 --- [ool-6-thread-17] c.dws.challenge.service.TransferService  : compareBalance -1 
2024-02-22T22:36:15.137+05:30 ERROR 99627 --- [ool-6-thread-18] c.d.c.web.AccountsTransferController     : Exception occurs

com.dws.challenge.exception.InsufficientBalanceException: Insufficient Balance in account Account123
	at com.dws.challenge.service.TransferService.transferAmount(TransferService.java:21) ~[main/:na]
	at com.dws.challenge.web.AccountsTransferController.transferAmount(AccountsTransferController.java:65) ~[main/:na]
	at com.dws.challenge.ConcurrentTransferTest.lambda$concurrentTransferTest$0(ConcurrentTransferTest.java:77) ~[test/:na]
	at java.base/java.util.concurrent.ThreadPoolExecutor.runWorker(ThreadPoolExecutor.java:1136) ~[na:na]
	at java.base/java.util.concurrent.ThreadPoolExecutor$Worker.run(ThreadPoolExecutor.java:635) ~[na:na]
	at java.base/java.lang.Thread.run(Thread.java:842) ~[na:na]

2024-02-22T22:36:15.137+05:30 ERROR 99627 --- [ool-6-thread-17] c.d.c.web.AccountsTransferController     : Exception occurs

com.dws.challenge.exception.InsufficientBalanceException: Insufficient Balance in account Account123
	at com.dws.challenge.service.TransferService.transferAmount(TransferService.java:21) ~[main/:na]
	at com.dws.challenge.web.AccountsTransferController.transferAmount(AccountsTransferController.java:65) ~[main/:na]
	at com.dws.challenge.ConcurrentTransferTest.lambda$concurrentTransferTest$0(ConcurrentTransferTest.java:77) ~[test/:na]
	at java.base/java.util.concurrent.ThreadPoolExecutor.runWorker(ThreadPoolExecutor.java:1136) ~[na:na]
	at java.base/java.util.concurrent.ThreadPoolExecutor$Worker.run(ThreadPoolExecutor.java:635) ~[na:na]
	at java.base/java.lang.Thread.run(Thread.java:842) ~[na:na]

2024-02-22T22:36:15.137+05:30  INFO 99627 --- [ool-6-thread-16] c.dws.challenge.service.TransferService  : compareBalance -1 
2024-02-22T22:36:15.138+05:30  INFO 99627 --- [ool-6-thread-15] c.dws.challenge.service.TransferService  : compareBalance -1 
2024-02-22T22:36:15.138+05:30 ERROR 99627 --- [ool-6-thread-16] c.d.c.web.AccountsTransferController     : Exception occurs

com.dws.challenge.exception.InsufficientBalanceException: Insufficient Balance in account Account123
	at com.dws.challenge.service.TransferService.transferAmount(TransferService.java:21) ~[main/:na]
	at com.dws.challenge.web.AccountsTransferController.transferAmount(AccountsTransferController.java:65) ~[main/:na]
	at com.dws.challenge.ConcurrentTransferTest.lambda$concurrentTransferTest$0(ConcurrentTransferTest.java:77) ~[test/:na]
	at java.base/java.util.concurrent.ThreadPoolExecutor.runWorker(ThreadPoolExecutor.java:1136) ~[na:na]
	at java.base/java.util.concurrent.ThreadPoolExecutor$Worker.run(ThreadPoolExecutor.java:635) ~[na:na]
	at java.base/java.lang.Thread.run(Thread.java:842) ~[na:na]

2024-02-22T22:36:15.138+05:30  INFO 99627 --- [ool-6-thread-13] c.dws.challenge.service.TransferService  : compareBalance -1 
2024-02-22T22:36:15.138+05:30 ERROR 99627 --- [ool-6-thread-15] c.d.c.web.AccountsTransferController     : Exception occurs

com.dws.challenge.exception.InsufficientBalanceException: Insufficient Balance in account Account123
	at com.dws.challenge.service.TransferService.transferAmount(TransferService.java:21) ~[main/:na]
	at com.dws.challenge.web.AccountsTransferController.transferAmount(AccountsTransferController.java:65) ~[main/:na]
	at com.dws.challenge.ConcurrentTransferTest.lambda$concurrentTransferTest$0(ConcurrentTransferTest.java:77) ~[test/:na]
	at java.base/java.util.concurrent.ThreadPoolExecutor.runWorker(ThreadPoolExecutor.java:1136) ~[na:na]
	at java.base/java.util.concurrent.ThreadPoolExecutor$Worker.run(ThreadPoolExecutor.java:635) ~[na:na]
	at java.base/java.lang.Thread.run(Thread.java:842) ~[na:na]

2024-02-22T22:36:15.139+05:30  INFO 99627 --- [pool-6-thread-2] c.dws.challenge.service.TransferService  : compareBalance -1 
2024-02-22T22:36:15.139+05:30 ERROR 99627 --- [ool-6-thread-13] c.d.c.web.AccountsTransferController     : Exception occurs

com.dws.challenge.exception.InsufficientBalanceException: Insufficient Balance in account Account123
	at com.dws.challenge.service.TransferService.transferAmount(TransferService.java:21) ~[main/:na]
	at com.dws.challenge.web.AccountsTransferController.transferAmount(AccountsTransferController.java:65) ~[main/:na]
	at com.dws.challenge.ConcurrentTransferTest.lambda$concurrentTransferTest$0(ConcurrentTransferTest.java:77) ~[test/:na]
	at java.base/java.util.concurrent.ThreadPoolExecutor.runWorker(ThreadPoolExecutor.java:1136) ~[na:na]
	at java.base/java.util.concurrent.ThreadPoolExecutor$Worker.run(ThreadPoolExecutor.java:635) ~[na:na]
	at java.base/java.lang.Thread.run(Thread.java:842) ~[na:na]

2024-02-22T22:36:15.139+05:30  INFO 99627 --- [pool-6-thread-1] c.dws.challenge.service.TransferService  : compareBalance -1 
2024-02-22T22:36:15.139+05:30 ERROR 99627 --- [pool-6-thread-2] c.d.c.web.AccountsTransferController     : Exception occurs

com.dws.challenge.exception.InsufficientBalanceException: Insufficient Balance in account Account123
	at com.dws.challenge.service.TransferService.transferAmount(TransferService.java:21) ~[main/:na]
	at com.dws.challenge.web.AccountsTransferController.transferAmount(AccountsTransferController.java:65) ~[main/:na]
	at com.dws.challenge.ConcurrentTransferTest.lambda$concurrentTransferTest$0(ConcurrentTransferTest.java:77) ~[test/:na]
	at java.base/java.util.concurrent.ThreadPoolExecutor.runWorker(ThreadPoolExecutor.java:1136) ~[na:na]
	at java.base/java.util.concurrent.ThreadPoolExecutor$Worker.run(ThreadPoolExecutor.java:635) ~[na:na]
	at java.base/java.lang.Thread.run(Thread.java:842) ~[na:na]

2024-02-22T22:36:15.139+05:30  INFO 99627 --- [pool-6-thread-8] c.dws.challenge.service.TransferService  : compareBalance -1 
2024-02-22T22:36:15.139+05:30 ERROR 99627 --- [pool-6-thread-1] c.d.c.web.AccountsTransferController     : Exception occurs

com.dws.challenge.exception.InsufficientBalanceException: Insufficient Balance in account Account123
	at com.dws.challenge.service.TransferService.transferAmount(TransferService.java:21) ~[main/:na]
	at com.dws.challenge.web.AccountsTransferController.transferAmount(AccountsTransferController.java:65) ~[main/:na]
	at com.dws.challenge.ConcurrentTransferTest.lambda$concurrentTransferTest$0(ConcurrentTransferTest.java:77) ~[test/:na]
	at java.base/java.util.concurrent.ThreadPoolExecutor.runWorker(ThreadPoolExecutor.java:1136) ~[na:na]
	at java.base/java.util.concurrent.ThreadPoolExecutor$Worker.run(ThreadPoolExecutor.java:635) ~[na:na]
	at java.base/java.lang.Thread.run(Thread.java:842) ~[na:na]

2024-02-22T22:36:15.140+05:30  INFO 99627 --- [pool-6-thread-9] c.dws.challenge.service.TransferService  : compareBalance -1 
2024-02-22T22:36:15.140+05:30 ERROR 99627 --- [pool-6-thread-8] c.d.c.web.AccountsTransferController     : Exception occurs

com.dws.challenge.exception.InsufficientBalanceException: Insufficient Balance in account Account123
	at com.dws.challenge.service.TransferService.transferAmount(TransferService.java:21) ~[main/:na]
	at com.dws.challenge.web.AccountsTransferController.transferAmount(AccountsTransferController.java:65) ~[main/:na]
	at com.dws.challenge.ConcurrentTransferTest.lambda$concurrentTransferTest$0(ConcurrentTransferTest.java:77) ~[test/:na]
	at java.base/java.util.concurrent.ThreadPoolExecutor.runWorker(ThreadPoolExecutor.java:1136) ~[na:na]
	at java.base/java.util.concurrent.ThreadPoolExecutor$Worker.run(ThreadPoolExecutor.java:635) ~[na:na]
	at java.base/java.lang.Thread.run(Thread.java:842) ~[na:na]

2024-02-22T22:36:15.140+05:30  INFO 99627 --- [ool-6-thread-10] c.dws.challenge.service.TransferService  : compareBalance -1 
2024-02-22T22:36:15.140+05:30 ERROR 99627 --- [pool-6-thread-9] c.d.c.web.AccountsTransferController     : Exception occurs

com.dws.challenge.exception.InsufficientBalanceException: Insufficient Balance in account Account123
	at com.dws.challenge.service.TransferService.transferAmount(TransferService.java:21) ~[main/:na]
	at com.dws.challenge.web.AccountsTransferController.transferAmount(AccountsTransferController.java:65) ~[main/:na]
	at com.dws.challenge.ConcurrentTransferTest.lambda$concurrentTransferTest$0(ConcurrentTransferTest.java:77) ~[test/:na]
	at java.base/java.util.concurrent.ThreadPoolExecutor.runWorker(ThreadPoolExecutor.java:1136) ~[na:na]
	at java.base/java.util.concurrent.ThreadPoolExecutor$Worker.run(ThreadPoolExecutor.java:635) ~[na:na]
	at java.base/java.lang.Thread.run(Thread.java:842) ~[na:na]

2024-02-22T22:36:15.141+05:30  INFO 99627 --- [ool-6-thread-20] c.dws.challenge.service.TransferService  : compareBalance -1 
2024-02-22T22:36:15.141+05:30 ERROR 99627 --- [ool-6-thread-10] c.d.c.web.AccountsTransferController     : Exception occurs

com.dws.challenge.exception.InsufficientBalanceException: Insufficient Balance in account Account123
	at com.dws.challenge.service.TransferService.transferAmount(TransferService.java:21) ~[main/:na]
	at com.dws.challenge.web.AccountsTransferController.transferAmount(AccountsTransferController.java:65) ~[main/:na]
	at com.dws.challenge.ConcurrentTransferTest.lambda$concurrentTransferTest$0(ConcurrentTransferTest.java:77) ~[test/:na]
	at java.base/java.util.concurrent.ThreadPoolExecutor.runWorker(ThreadPoolExecutor.java:1136) ~[na:na]
	at java.base/java.util.concurrent.ThreadPoolExecutor$Worker.run(ThreadPoolExecutor.java:635) ~[na:na]
	at java.base/java.lang.Thread.run(Thread.java:842) ~[na:na]

2024-02-22T22:36:15.141+05:30  INFO 99627 --- [pool-6-thread-3] c.dws.challenge.service.TransferService  : compareBalance -1 
2024-02-22T22:36:15.141+05:30 ERROR 99627 --- [ool-6-thread-20] c.d.c.web.AccountsTransferController     : Exception occurs

com.dws.challenge.exception.InsufficientBalanceException: Insufficient Balance in account Account123
	at com.dws.challenge.service.TransferService.transferAmount(TransferService.java:21) ~[main/:na]
	at com.dws.challenge.web.AccountsTransferController.transferAmount(AccountsTransferController.java:65) ~[main/:na]
	at com.dws.challenge.ConcurrentTransferTest.lambda$concurrentTransferTest$0(ConcurrentTransferTest.java:77) ~[test/:na]
	at java.base/java.util.concurrent.ThreadPoolExecutor.runWorker(ThreadPoolExecutor.java:1136) ~[na:na]
	at java.base/java.util.concurrent.ThreadPoolExecutor$Worker.run(ThreadPoolExecutor.java:635) ~[na:na]
	at java.base/java.lang.Thread.run(Thread.java:842) ~[na:na]

2024-02-22T22:36:15.141+05:30  INFO 99627 --- [ool-6-thread-12] c.dws.challenge.service.TransferService  : compareBalance -1 
2024-02-22T22:36:15.141+05:30 ERROR 99627 --- [pool-6-thread-3] c.d.c.web.AccountsTransferController     : Exception occurs

com.dws.challenge.exception.InsufficientBalanceException: Insufficient Balance in account Account123
	at com.dws.challenge.service.TransferService.transferAmount(TransferService.java:21) ~[main/:na]
	at com.dws.challenge.web.AccountsTransferController.transferAmount(AccountsTransferController.java:65) ~[main/:na]
	at com.dws.challenge.ConcurrentTransferTest.lambda$concurrentTransferTest$0(ConcurrentTransferTest.java:77) ~[test/:na]
	at java.base/java.util.concurrent.ThreadPoolExecutor.runWorker(ThreadPoolExecutor.java:1136) ~[na:na]
	at java.base/java.util.concurrent.ThreadPoolExecutor$Worker.run(ThreadPoolExecutor.java:635) ~[na:na]
	at java.base/java.lang.Thread.run(Thread.java:842) ~[na:na]

2024-02-22T22:36:15.142+05:30  INFO 99627 --- [pool-6-thread-6] c.dws.challenge.service.TransferService  : compareBalance -1 
2024-02-22T22:36:15.142+05:30 ERROR 99627 --- [ool-6-thread-12] c.d.c.web.AccountsTransferController     : Exception occurs

com.dws.challenge.exception.InsufficientBalanceException: Insufficient Balance in account Account123
	at com.dws.challenge.service.TransferService.transferAmount(TransferService.java:21) ~[main/:na]
	at com.dws.challenge.web.AccountsTransferController.transferAmount(AccountsTransferController.java:65) ~[main/:na]
	at com.dws.challenge.ConcurrentTransferTest.lambda$concurrentTransferTest$0(ConcurrentTransferTest.java:77) ~[test/:na]
	at java.base/java.util.concurrent.ThreadPoolExecutor.runWorker(ThreadPoolExecutor.java:1136) ~[na:na]
	at java.base/java.util.concurrent.ThreadPoolExecutor$Worker.run(ThreadPoolExecutor.java:635) ~[na:na]
	at java.base/java.lang.Thread.run(Thread.java:842) ~[na:na]

2024-02-22T22:36:15.142+05:30  INFO 99627 --- [ool-6-thread-11] c.dws.challenge.service.TransferService  : compareBalance -1 
2024-02-22T22:36:15.142+05:30 ERROR 99627 --- [pool-6-thread-6] c.d.c.web.AccountsTransferController     : Exception occurs

com.dws.challenge.exception.InsufficientBalanceException: Insufficient Balance in account Account123
	at com.dws.challenge.service.TransferService.transferAmount(TransferService.java:21) ~[main/:na]
	at com.dws.challenge.web.AccountsTransferController.transferAmount(AccountsTransferController.java:65) ~[main/:na]
	at com.dws.challenge.ConcurrentTransferTest.lambda$concurrentTransferTest$0(ConcurrentTransferTest.java:77) ~[test/:na]
	at java.base/java.util.concurrent.ThreadPoolExecutor.runWorker(ThreadPoolExecutor.java:1136) ~[na:na]
	at java.base/java.util.concurrent.ThreadPoolExecutor$Worker.run(ThreadPoolExecutor.java:635) ~[na:na]
	at java.base/java.lang.Thread.run(Thread.java:842) ~[na:na]

2024-02-22T22:36:15.143+05:30  INFO 99627 --- [pool-6-thread-7] c.dws.challenge.service.TransferService  : compareBalance -1 
2024-02-22T22:36:15.143+05:30 ERROR 99627 --- [ool-6-thread-11] c.d.c.web.AccountsTransferController     : Exception occurs

com.dws.challenge.exception.InsufficientBalanceException: Insufficient Balance in account Account123
	at com.dws.challenge.service.TransferService.transferAmount(TransferService.java:21) ~[main/:na]
	at com.dws.challenge.web.AccountsTransferController.transferAmount(AccountsTransferController.java:65) ~[main/:na]
	at com.dws.challenge.ConcurrentTransferTest.lambda$concurrentTransferTest$0(ConcurrentTransferTest.java:77) ~[test/:na]
	at java.base/java.util.concurrent.ThreadPoolExecutor.runWorker(ThreadPoolExecutor.java:1136) ~[na:na]
	at java.base/java.util.concurrent.ThreadPoolExecutor$Worker.run(ThreadPoolExecutor.java:635) ~[na:na]
	at java.base/java.lang.Thread.run(Thread.java:842) ~[na:na]

2024-02-22T22:36:15.143+05:30  INFO 99627 --- [pool-6-thread-4] c.dws.challenge.service.TransferService  : compareBalance -1 
2024-02-22T22:36:15.143+05:30 ERROR 99627 --- [pool-6-thread-7] c.d.c.web.AccountsTransferController     : Exception occurs

com.dws.challenge.exception.InsufficientBalanceException: Insufficient Balance in account Account123
	at com.dws.challenge.service.TransferService.transferAmount(TransferService.java:21) ~[main/:na]
	at com.dws.challenge.web.AccountsTransferController.transferAmount(AccountsTransferController.java:65) ~[main/:na]
	at com.dws.challenge.ConcurrentTransferTest.lambda$concurrentTransferTest$0(ConcurrentTransferTest.java:77) ~[test/:na]
	at java.base/java.util.concurrent.ThreadPoolExecutor.runWorker(ThreadPoolExecutor.java:1136) ~[na:na]
	at java.base/java.util.concurrent.ThreadPoolExecutor$Worker.run(ThreadPoolExecutor.java:635) ~[na:na]
	at java.base/java.lang.Thread.run(Thread.java:842) ~[na:na]

2024-02-22T22:36:15.143+05:30  INFO 99627 --- [ool-6-thread-14] c.dws.challenge.service.TransferService  : compareBalance -1 
2024-02-22T22:36:15.143+05:30 ERROR 99627 --- [pool-6-thread-4] c.d.c.web.AccountsTransferController     : Exception occurs

com.dws.challenge.exception.InsufficientBalanceException: Insufficient Balance in account Account123
	at com.dws.challenge.service.TransferService.transferAmount(TransferService.java:21) ~[main/:na]
	at com.dws.challenge.web.AccountsTransferController.transferAmount(AccountsTransferController.java:65) ~[main/:na]
	at com.dws.challenge.ConcurrentTransferTest.lambda$concurrentTransferTest$0(ConcurrentTransferTest.java:77) ~[test/:na]
	at java.base/java.util.concurrent.ThreadPoolExecutor.runWorker(ThreadPoolExecutor.java:1136) ~[na:na]
	at java.base/java.util.concurrent.ThreadPoolExecutor$Worker.run(ThreadPoolExecutor.java:635) ~[na:na]
	at java.base/java.lang.Thread.run(Thread.java:842) ~[na:na]

2024-02-22T22:36:15.144+05:30 ERROR 99627 --- [ool-6-thread-14] c.d.c.web.AccountsTransferController     : Exception occurs

com.dws.challenge.exception.InsufficientBalanceException: Insufficient Balance in account Account123
	at com.dws.challenge.service.TransferService.transferAmount(TransferService.java:21) ~[main/:na]
	at com.dws.challenge.web.AccountsTransferController.transferAmount(AccountsTransferController.java:65) ~[main/:na]
	at com.dws.challenge.ConcurrentTransferTest.lambda$concurrentTransferTest$0(ConcurrentTransferTest.java:77) ~[test/:na]
	at java.base/java.util.concurrent.ThreadPoolExecutor.runWorker(ThreadPoolExecutor.java:1136) ~[na:na]
	at java.base/java.util.concurrent.ThreadPoolExecutor$Worker.run(ThreadPoolExecutor.java:635) ~[na:na]
	at java.base/java.lang.Thread.run(Thread.java:842) ~[na:na]

2024-02-22T22:36:15.161+05:30  INFO 99627 --- [ool-7-thread-13] c.d.c.web.AccountsTransferController     : Transfer Amount  Transfer(accountFrom=Account123, accountTo=Account124, amount=1000)
2024-02-22T22:36:15.161+05:30  INFO 99627 --- [pool-7-thread-8] c.d.c.web.AccountsTransferController     : Transfer Amount  Transfer(accountFrom=Account123, accountTo=Account124, amount=1000)
2024-02-22T22:36:15.161+05:30  INFO 99627 --- [pool-7-thread-6] c.d.c.web.AccountsTransferController     : Transfer Amount  Transfer(accountFrom=Account123, accountTo=Account124, amount=1000)
2024-02-22T22:36:15.161+05:30  INFO 99627 --- [ool-7-thread-10] c.d.c.web.AccountsTransferController     : Transfer Amount  Transfer(accountFrom=Account123, accountTo=Account124, amount=1000)
2024-02-22T22:36:15.161+05:30  INFO 99627 --- [ool-7-thread-18] c.d.c.web.AccountsTransferController     : Transfer Amount  Transfer(accountFrom=Account123, accountTo=Account124, amount=1000)
2024-02-22T22:36:15.160+05:30  INFO 99627 --- [pool-7-thread-4] c.d.c.web.AccountsTransferController     : Transfer Amount  Transfer(accountFrom=Account123, accountTo=Account124, amount=1000)
2024-02-22T22:36:15.161+05:30  INFO 99627 --- [ool-7-thread-16] c.d.c.web.AccountsTransferController     : Transfer Amount  Transfer(accountFrom=Account123, accountTo=Account124, amount=1000)
2024-02-22T22:36:15.161+05:30  INFO 99627 --- [ool-7-thread-15] c.d.c.web.AccountsTransferController     : Transfer Amount  Transfer(accountFrom=Account123, accountTo=Account124, amount=1000)
2024-02-22T22:36:15.160+05:30  INFO 99627 --- [pool-7-thread-5] c.d.c.web.AccountsTransferController     : Transfer Amount  Transfer(accountFrom=Account123, accountTo=Account124, amount=1000)
2024-02-22T22:36:15.161+05:30  INFO 99627 --- [ool-7-thread-19] c.d.c.web.AccountsTransferController     : Transfer Amount  Transfer(accountFrom=Account123, accountTo=Account124, amount=1000)
2024-02-22T22:36:15.161+05:30  INFO 99627 --- [ool-7-thread-11] c.d.c.web.AccountsTransferController     : Transfer Amount  Transfer(accountFrom=Account123, accountTo=Account124, amount=1000)
2024-02-22T22:36:15.160+05:30  INFO 99627 --- [pool-7-thread-2] c.d.c.web.AccountsTransferController     : Transfer Amount  Transfer(accountFrom=Account123, accountTo=Account124, amount=1000)
2024-02-22T22:36:15.161+05:30  INFO 99627 --- [pool-7-thread-7] c.d.c.web.AccountsTransferController     : Transfer Amount  Transfer(accountFrom=Account123, accountTo=Account124, amount=1000)
2024-02-22T22:36:15.160+05:30  INFO 99627 --- [pool-7-thread-1] c.d.c.web.AccountsTransferController     : Transfer Amount  Transfer(accountFrom=Account123, accountTo=Account124, amount=1000)
2024-02-22T22:36:15.160+05:30  INFO 99627 --- [ool-7-thread-20] c.d.c.web.AccountsTransferController     : Transfer Amount  Transfer(accountFrom=Account123, accountTo=Account124, amount=1000)
2024-02-22T22:36:15.161+05:30  INFO 99627 --- [ool-7-thread-12] c.d.c.web.AccountsTransferController     : Transfer Amount  Transfer(accountFrom=Account123, accountTo=Account124, amount=1000)
2024-02-22T22:36:15.160+05:30  INFO 99627 --- [pool-7-thread-3] c.d.c.web.AccountsTransferController     : Transfer Amount  Transfer(accountFrom=Account123, accountTo=Account124, amount=1000)
2024-02-22T22:36:15.161+05:30  INFO 99627 --- [ool-7-thread-17] c.d.c.web.AccountsTransferController     : Transfer Amount  Transfer(accountFrom=Account123, accountTo=Account124, amount=1000)
2024-02-22T22:36:15.161+05:30  INFO 99627 --- [ool-7-thread-14] c.d.c.web.AccountsTransferController     : Transfer Amount  Transfer(accountFrom=Account123, accountTo=Account124, amount=1000)
2024-02-22T22:36:15.161+05:30  INFO 99627 --- [pool-7-thread-9] c.d.c.web.AccountsTransferController     : Transfer Amount  Transfer(accountFrom=Account123, accountTo=Account124, amount=1000)
2024-02-22T22:36:15.161+05:30  INFO 99627 --- [ool-7-thread-13] c.dws.challenge.service.TransferService  : compareBalance 0 
2024-02-22T22:36:15.165+05:30  INFO 99627 --- [ool-7-thread-13] c.d.c.web.AccountsTransferController     : notification sent successfully
2024-02-22T22:36:15.165+05:30  INFO 99627 --- [pool-7-thread-9] c.dws.challenge.service.TransferService  : compareBalance -1 
2024-02-22T22:36:15.165+05:30  INFO 99627 --- [ool-7-thread-14] c.dws.challenge.service.TransferService  : compareBalance -1 
2024-02-22T22:36:15.165+05:30  INFO 99627 --- [ool-7-thread-17] c.dws.challenge.service.TransferService  : compareBalance -1 
2024-02-22T22:36:15.165+05:30 ERROR 99627 --- [ool-7-thread-14] c.d.c.web.AccountsTransferController     : Exception occurs

com.dws.challenge.exception.InsufficientBalanceException: Insufficient Balance in account Account123
	at com.dws.challenge.service.TransferService.transferAmount(TransferService.java:21) ~[main/:na]
	at com.dws.challenge.web.AccountsTransferController.transferAmount(AccountsTransferController.java:65) ~[main/:na]
	at com.dws.challenge.ConcurrentTransferTest.lambda$concurrentTransferTest$0(ConcurrentTransferTest.java:77) ~[test/:na]
	at java.base/java.util.concurrent.ThreadPoolExecutor.runWorker(ThreadPoolExecutor.java:1136) ~[na:na]
	at java.base/java.util.concurrent.ThreadPoolExecutor$Worker.run(ThreadPoolExecutor.java:635) ~[na:na]
	at java.base/java.lang.Thread.run(Thread.java:842) ~[na:na]

2024-02-22T22:36:15.165+05:30 ERROR 99627 --- [pool-7-thread-9] c.d.c.web.AccountsTransferController     : Exception occurs

com.dws.challenge.exception.InsufficientBalanceException: Insufficient Balance in account Account123
	at com.dws.challenge.service.TransferService.transferAmount(TransferService.java:21) ~[main/:na]
	at com.dws.challenge.web.AccountsTransferController.transferAmount(AccountsTransferController.java:65) ~[main/:na]
	at com.dws.challenge.ConcurrentTransferTest.lambda$concurrentTransferTest$0(ConcurrentTransferTest.java:77) ~[test/:na]
	at java.base/java.util.concurrent.ThreadPoolExecutor.runWorker(ThreadPoolExecutor.java:1136) ~[na:na]
	at java.base/java.util.concurrent.ThreadPoolExecutor$Worker.run(ThreadPoolExecutor.java:635) ~[na:na]
	at java.base/java.lang.Thread.run(Thread.java:842) ~[na:na]

2024-02-22T22:36:15.166+05:30  INFO 99627 --- [pool-7-thread-3] c.dws.challenge.service.TransferService  : compareBalance -1 
2024-02-22T22:36:15.166+05:30 ERROR 99627 --- [ool-7-thread-17] c.d.c.web.AccountsTransferController     : Exception occurs

com.dws.challenge.exception.InsufficientBalanceException: Insufficient Balance in account Account123
	at com.dws.challenge.service.TransferService.transferAmount(TransferService.java:21) ~[main/:na]
	at com.dws.challenge.web.AccountsTransferController.transferAmount(AccountsTransferController.java:65) ~[main/:na]
	at com.dws.challenge.ConcurrentTransferTest.lambda$concurrentTransferTest$0(ConcurrentTransferTest.java:77) ~[test/:na]
	at java.base/java.util.concurrent.ThreadPoolExecutor.runWorker(ThreadPoolExecutor.java:1136) ~[na:na]
	at java.base/java.util.concurrent.ThreadPoolExecutor$Worker.run(ThreadPoolExecutor.java:635) ~[na:na]
	at java.base/java.lang.Thread.run(Thread.java:842) ~[na:na]

2024-02-22T22:36:15.166+05:30  INFO 99627 --- [ool-7-thread-12] c.dws.challenge.service.TransferService  : compareBalance -1 
2024-02-22T22:36:15.166+05:30 ERROR 99627 --- [pool-7-thread-3] c.d.c.web.AccountsTransferController     : Exception occurs

com.dws.challenge.exception.InsufficientBalanceException: Insufficient Balance in account Account123
	at com.dws.challenge.service.TransferService.transferAmount(TransferService.java:21) ~[main/:na]
	at com.dws.challenge.web.AccountsTransferController.transferAmount(AccountsTransferController.java:65) ~[main/:na]
	at com.dws.challenge.ConcurrentTransferTest.lambda$concurrentTransferTest$0(ConcurrentTransferTest.java:77) ~[test/:na]
	at java.base/java.util.concurrent.ThreadPoolExecutor.runWorker(ThreadPoolExecutor.java:1136) ~[na:na]
	at java.base/java.util.concurrent.ThreadPoolExecutor$Worker.run(ThreadPoolExecutor.java:635) ~[na:na]
	at java.base/java.lang.Thread.run(Thread.java:842) ~[na:na]

2024-02-22T22:36:15.167+05:30 ERROR 99627 --- [ool-7-thread-12] c.d.c.web.AccountsTransferController     : Exception occurs

com.dws.challenge.exception.InsufficientBalanceException: Insufficient Balance in account Account123
	at com.dws.challenge.service.TransferService.transferAmount(TransferService.java:21) ~[main/:na]
	at com.dws.challenge.web.AccountsTransferController.transferAmount(AccountsTransferController.java:65) ~[main/:na]
	at com.dws.challenge.ConcurrentTransferTest.lambda$concurrentTransferTest$0(ConcurrentTransferTest.java:77) ~[test/:na]
	at java.base/java.util.concurrent.ThreadPoolExecutor.runWorker(ThreadPoolExecutor.java:1136) ~[na:na]
	at java.base/java.util.concurrent.ThreadPoolExecutor$Worker.run(ThreadPoolExecutor.java:635) ~[na:na]
	at java.base/java.lang.Thread.run(Thread.java:842) ~[na:na]

2024-02-22T22:36:15.167+05:30  INFO 99627 --- [ool-7-thread-20] c.dws.challenge.service.TransferService  : compareBalance -1 
2024-02-22T22:36:15.167+05:30  INFO 99627 --- [pool-7-thread-1] c.dws.challenge.service.TransferService  : compareBalance -1 
2024-02-22T22:36:15.167+05:30 ERROR 99627 --- [ool-7-thread-20] c.d.c.web.AccountsTransferController     : Exception occurs

com.dws.challenge.exception.InsufficientBalanceException: Insufficient Balance in account Account123
	at com.dws.challenge.service.TransferService.transferAmount(TransferService.java:21) ~[main/:na]
	at com.dws.challenge.web.AccountsTransferController.transferAmount(AccountsTransferController.java:65) ~[main/:na]
	at com.dws.challenge.ConcurrentTransferTest.lambda$concurrentTransferTest$0(ConcurrentTransferTest.java:77) ~[test/:na]
	at java.base/java.util.concurrent.ThreadPoolExecutor.runWorker(ThreadPoolExecutor.java:1136) ~[na:na]
	at java.base/java.util.concurrent.ThreadPoolExecutor$Worker.run(ThreadPoolExecutor.java:635) ~[na:na]
	at java.base/java.lang.Thread.run(Thread.java:842) ~[na:na]

2024-02-22T22:36:15.167+05:30  INFO 99627 --- [pool-7-thread-7] c.dws.challenge.service.TransferService  : compareBalance -1 
2024-02-22T22:36:15.167+05:30 ERROR 99627 --- [pool-7-thread-1] c.d.c.web.AccountsTransferController     : Exception occurs

com.dws.challenge.exception.InsufficientBalanceException: Insufficient Balance in account Account123
	at com.dws.challenge.service.TransferService.transferAmount(TransferService.java:21) ~[main/:na]
	at com.dws.challenge.web.AccountsTransferController.transferAmount(AccountsTransferController.java:65) ~[main/:na]
	at com.dws.challenge.ConcurrentTransferTest.lambda$concurrentTransferTest$0(ConcurrentTransferTest.java:77) ~[test/:na]
	at java.base/java.util.concurrent.ThreadPoolExecutor.runWorker(ThreadPoolExecutor.java:1136) ~[na:na]
	at java.base/java.util.concurrent.ThreadPoolExecutor$Worker.run(ThreadPoolExecutor.java:635) ~[na:na]
	at java.base/java.lang.Thread.run(Thread.java:842) ~[na:na]

2024-02-22T22:36:15.168+05:30 ERROR 99627 --- [pool-7-thread-7] c.d.c.web.AccountsTransferController     : Exception occurs

com.dws.challenge.exception.InsufficientBalanceException: Insufficient Balance in account Account123
	at com.dws.challenge.service.TransferService.transferAmount(TransferService.java:21) ~[main/:na]
	at com.dws.challenge.web.AccountsTransferController.transferAmount(AccountsTransferController.java:65) ~[main/:na]
	at com.dws.challenge.ConcurrentTransferTest.lambda$concurrentTransferTest$0(ConcurrentTransferTest.java:77) ~[test/:na]
	at java.base/java.util.concurrent.ThreadPoolExecutor.runWorker(ThreadPoolExecutor.java:1136) ~[na:na]
	at java.base/java.util.concurrent.ThreadPoolExecutor$Worker.run(ThreadPoolExecutor.java:635) ~[na:na]
	at java.base/java.lang.Thread.run(Thread.java:842) ~[na:na]

2024-02-22T22:36:15.168+05:30  INFO 99627 --- [pool-7-thread-2] c.dws.challenge.service.TransferService  : compareBalance -1 
2024-02-22T22:36:15.169+05:30  INFO 99627 --- [ool-7-thread-11] c.dws.challenge.service.TransferService  : compareBalance -1 
2024-02-22T22:36:15.169+05:30 ERROR 99627 --- [pool-7-thread-2] c.d.c.web.AccountsTransferController     : Exception occurs

com.dws.challenge.exception.InsufficientBalanceException: Insufficient Balance in account Account123
	at com.dws.challenge.service.TransferService.transferAmount(TransferService.java:21) ~[main/:na]
	at com.dws.challenge.web.AccountsTransferController.transferAmount(AccountsTransferController.java:65) ~[main/:na]
	at com.dws.challenge.ConcurrentTransferTest.lambda$concurrentTransferTest$0(ConcurrentTransferTest.java:77) ~[test/:na]
	at java.base/java.util.concurrent.ThreadPoolExecutor.runWorker(ThreadPoolExecutor.java:1136) ~[na:na]
	at java.base/java.util.concurrent.ThreadPoolExecutor$Worker.run(ThreadPoolExecutor.java:635) ~[na:na]
	at java.base/java.lang.Thread.run(Thread.java:842) ~[na:na]

2024-02-22T22:36:15.169+05:30  INFO 99627 --- [ool-7-thread-19] c.dws.challenge.service.TransferService  : compareBalance -1 
2024-02-22T22:36:15.169+05:30 ERROR 99627 --- [ool-7-thread-11] c.d.c.web.AccountsTransferController     : Exception occurs

com.dws.challenge.exception.InsufficientBalanceException: Insufficient Balance in account Account123
	at com.dws.challenge.service.TransferService.transferAmount(TransferService.java:21) ~[main/:na]
	at com.dws.challenge.web.AccountsTransferController.transferAmount(AccountsTransferController.java:65) ~[main/:na]
	at com.dws.challenge.ConcurrentTransferTest.lambda$concurrentTransferTest$0(ConcurrentTransferTest.java:77) ~[test/:na]
	at java.base/java.util.concurrent.ThreadPoolExecutor.runWorker(ThreadPoolExecutor.java:1136) ~[na:na]
	at java.base/java.util.concurrent.ThreadPoolExecutor$Worker.run(ThreadPoolExecutor.java:635) ~[na:na]
	at java.base/java.lang.Thread.run(Thread.java:842) ~[na:na]

2024-02-22T22:36:15.169+05:30  INFO 99627 --- [pool-7-thread-5] c.dws.challenge.service.TransferService  : compareBalance -1 
2024-02-22T22:36:15.169+05:30 ERROR 99627 --- [ool-7-thread-19] c.d.c.web.AccountsTransferController     : Exception occurs

com.dws.challenge.exception.InsufficientBalanceException: Insufficient Balance in account Account123
	at com.dws.challenge.service.TransferService.transferAmount(TransferService.java:21) ~[main/:na]
	at com.dws.challenge.web.AccountsTransferController.transferAmount(AccountsTransferController.java:65) ~[main/:na]
	at com.dws.challenge.ConcurrentTransferTest.lambda$concurrentTransferTest$0(ConcurrentTransferTest.java:77) ~[test/:na]
	at java.base/java.util.concurrent.ThreadPoolExecutor.runWorker(ThreadPoolExecutor.java:1136) ~[na:na]
	at java.base/java.util.concurrent.ThreadPoolExecutor$Worker.run(ThreadPoolExecutor.java:635) ~[na:na]
	at java.base/java.lang.Thread.run(Thread.java:842) ~[na:na]

2024-02-22T22:36:15.170+05:30  INFO 99627 --- [ool-7-thread-15] c.dws.challenge.service.TransferService  : compareBalance -1 
2024-02-22T22:36:15.170+05:30 ERROR 99627 --- [pool-7-thread-5] c.d.c.web.AccountsTransferController     : Exception occurs

com.dws.challenge.exception.InsufficientBalanceException: Insufficient Balance in account Account123
	at com.dws.challenge.service.TransferService.transferAmount(TransferService.java:21) ~[main/:na]
	at com.dws.challenge.web.AccountsTransferController.transferAmount(AccountsTransferController.java:65) ~[main/:na]
	at com.dws.challenge.ConcurrentTransferTest.lambda$concurrentTransferTest$0(ConcurrentTransferTest.java:77) ~[test/:na]
	at java.base/java.util.concurrent.ThreadPoolExecutor.runWorker(ThreadPoolExecutor.java:1136) ~[na:na]
	at java.base/java.util.concurrent.ThreadPoolExecutor$Worker.run(ThreadPoolExecutor.java:635) ~[na:na]
	at java.base/java.lang.Thread.run(Thread.java:842) ~[na:na]

2024-02-22T22:36:15.170+05:30  INFO 99627 --- [ool-7-thread-16] c.dws.challenge.service.TransferService  : compareBalance -1 
2024-02-22T22:36:15.170+05:30 ERROR 99627 --- [ool-7-thread-15] c.d.c.web.AccountsTransferController     : Exception occurs

com.dws.challenge.exception.InsufficientBalanceException: Insufficient Balance in account Account123
	at com.dws.challenge.service.TransferService.transferAmount(TransferService.java:21) ~[main/:na]
	at com.dws.challenge.web.AccountsTransferController.transferAmount(AccountsTransferController.java:65) ~[main/:na]
	at com.dws.challenge.ConcurrentTransferTest.lambda$concurrentTransferTest$0(ConcurrentTransferTest.java:77) ~[test/:na]
	at java.base/java.util.concurrent.ThreadPoolExecutor.runWorker(ThreadPoolExecutor.java:1136) ~[na:na]
	at java.base/java.util.concurrent.ThreadPoolExecutor$Worker.run(ThreadPoolExecutor.java:635) ~[na:na]
	at java.base/java.lang.Thread.run(Thread.java:842) ~[na:na]

2024-02-22T22:36:15.170+05:30  INFO 99627 --- [pool-7-thread-4] c.dws.challenge.service.TransferService  : compareBalance -1 
2024-02-22T22:36:15.170+05:30 ERROR 99627 --- [ool-7-thread-16] c.d.c.web.AccountsTransferController     : Exception occurs

com.dws.challenge.exception.InsufficientBalanceException: Insufficient Balance in account Account123
	at com.dws.challenge.service.TransferService.transferAmount(TransferService.java:21) ~[main/:na]
	at com.dws.challenge.web.AccountsTransferController.transferAmount(AccountsTransferController.java:65) ~[main/:na]
	at com.dws.challenge.ConcurrentTransferTest.lambda$concurrentTransferTest$0(ConcurrentTransferTest.java:77) ~[test/:na]
	at java.base/java.util.concurrent.ThreadPoolExecutor.runWorker(ThreadPoolExecutor.java:1136) ~[na:na]
	at java.base/java.util.concurrent.ThreadPoolExecutor$Worker.run(ThreadPoolExecutor.java:635) ~[na:na]
	at java.base/java.lang.Thread.run(Thread.java:842) ~[na:na]

2024-02-22T22:36:15.171+05:30  INFO 99627 --- [ool-7-thread-18] c.dws.challenge.service.TransferService  : compareBalance -1 
2024-02-22T22:36:15.171+05:30 ERROR 99627 --- [pool-7-thread-4] c.d.c.web.AccountsTransferController     : Exception occurs

com.dws.challenge.exception.InsufficientBalanceException: Insufficient Balance in account Account123
	at com.dws.challenge.service.TransferService.transferAmount(TransferService.java:21) ~[main/:na]
	at com.dws.challenge.web.AccountsTransferController.transferAmount(AccountsTransferController.java:65) ~[main/:na]
	at com.dws.challenge.ConcurrentTransferTest.lambda$concurrentTransferTest$0(ConcurrentTransferTest.java:77) ~[test/:na]
	at java.base/java.util.concurrent.ThreadPoolExecutor.runWorker(ThreadPoolExecutor.java:1136) ~[na:na]
	at java.base/java.util.concurrent.ThreadPoolExecutor$Worker.run(ThreadPoolExecutor.java:635) ~[na:na]
	at java.base/java.lang.Thread.run(Thread.java:842) ~[na:na]

2024-02-22T22:36:15.171+05:30  INFO 99627 --- [ool-7-thread-10] c.dws.challenge.service.TransferService  : compareBalance -1 
2024-02-22T22:36:15.171+05:30 ERROR 99627 --- [ool-7-thread-18] c.d.c.web.AccountsTransferController     : Exception occurs

com.dws.challenge.exception.InsufficientBalanceException: Insufficient Balance in account Account123
	at com.dws.challenge.service.TransferService.transferAmount(TransferService.java:21) ~[main/:na]
	at com.dws.challenge.web.AccountsTransferController.transferAmount(AccountsTransferController.java:65) ~[main/:na]
	at com.dws.challenge.ConcurrentTransferTest.lambda$concurrentTransferTest$0(ConcurrentTransferTest.java:77) ~[test/:na]
	at java.base/java.util.concurrent.ThreadPoolExecutor.runWorker(ThreadPoolExecutor.java:1136) ~[na:na]
	at java.base/java.util.concurrent.ThreadPoolExecutor$Worker.run(ThreadPoolExecutor.java:635) ~[na:na]
	at java.base/java.lang.Thread.run(Thread.java:842) ~[na:na]

2024-02-22T22:36:15.172+05:30  INFO 99627 --- [pool-7-thread-6] c.dws.challenge.service.TransferService  : compareBalance -1 
2024-02-22T22:36:15.172+05:30 ERROR 99627 --- [ool-7-thread-10] c.d.c.web.AccountsTransferController     : Exception occurs

com.dws.challenge.exception.InsufficientBalanceException: Insufficient Balance in account Account123
	at com.dws.challenge.service.TransferService.transferAmount(TransferService.java:21) ~[main/:na]
	at com.dws.challenge.web.AccountsTransferController.transferAmount(AccountsTransferController.java:65) ~[main/:na]
	at com.dws.challenge.ConcurrentTransferTest.lambda$concurrentTransferTest$0(ConcurrentTransferTest.java:77) ~[test/:na]
	at java.base/java.util.concurrent.ThreadPoolExecutor.runWorker(ThreadPoolExecutor.java:1136) ~[na:na]
	at java.base/java.util.concurrent.ThreadPoolExecutor$Worker.run(ThreadPoolExecutor.java:635) ~[na:na]
	at java.base/java.lang.Thread.run(Thread.java:842) ~[na:na]

2024-02-22T22:36:15.172+05:30 ERROR 99627 --- [pool-7-thread-6] c.d.c.web.AccountsTransferController     : Exception occurs

com.dws.challenge.exception.InsufficientBalanceException: Insufficient Balance in account Account123
	at com.dws.challenge.service.TransferService.transferAmount(TransferService.java:21) ~[main/:na]
	at com.dws.challenge.web.AccountsTransferController.transferAmount(AccountsTransferController.java:65) ~[main/:na]
	at com.dws.challenge.ConcurrentTransferTest.lambda$concurrentTransferTest$0(ConcurrentTransferTest.java:77) ~[test/:na]
	at java.base/java.util.concurrent.ThreadPoolExecutor.runWorker(ThreadPoolExecutor.java:1136) ~[na:na]
	at java.base/java.util.concurrent.ThreadPoolExecutor$Worker.run(ThreadPoolExecutor.java:635) ~[na:na]
	at java.base/java.lang.Thread.run(Thread.java:842) ~[na:na]

2024-02-22T22:36:15.172+05:30  INFO 99627 --- [pool-7-thread-8] c.dws.challenge.service.TransferService  : compareBalance -1 
2024-02-22T22:36:15.173+05:30 ERROR 99627 --- [pool-7-thread-8] c.d.c.web.AccountsTransferController     : Exception occurs

com.dws.challenge.exception.InsufficientBalanceException: Insufficient Balance in account Account123
	at com.dws.challenge.service.TransferService.transferAmount(TransferService.java:21) ~[main/:na]
	at com.dws.challenge.web.AccountsTransferController.transferAmount(AccountsTransferController.java:65) ~[main/:na]
	at com.dws.challenge.ConcurrentTransferTest.lambda$concurrentTransferTest$0(ConcurrentTransferTest.java:77) ~[test/:na]
	at java.base/java.util.concurrent.ThreadPoolExecutor.runWorker(ThreadPoolExecutor.java:1136) ~[na:na]
	at java.base/java.util.concurrent.ThreadPoolExecutor$Worker.run(ThreadPoolExecutor.java:635) ~[na:na]
	at java.base/java.lang.Thread.run(Thread.java:842) ~[na:na]

2024-02-22T22:36:15.188+05:30  INFO 99627 --- [ool-8-thread-20] c.d.c.web.AccountsTransferController     : Transfer Amount  Transfer(accountFrom=Account123, accountTo=Account124, amount=1000)
2024-02-22T22:36:15.189+05:30  INFO 99627 --- [ool-8-thread-19] c.d.c.web.AccountsTransferController     : Transfer Amount  Transfer(accountFrom=Account123, accountTo=Account124, amount=1000)
2024-02-22T22:36:15.189+05:30  INFO 99627 --- [ool-8-thread-20] c.dws.challenge.service.TransferService  : compareBalance 0 
2024-02-22T22:36:15.189+05:30  INFO 99627 --- [ool-8-thread-10] c.d.c.web.AccountsTransferController     : Transfer Amount  Transfer(accountFrom=Account123, accountTo=Account124, amount=1000)
2024-02-22T22:36:15.188+05:30  INFO 99627 --- [pool-8-thread-2] c.d.c.web.AccountsTransferController     : Transfer Amount  Transfer(accountFrom=Account123, accountTo=Account124, amount=1000)
2024-02-22T22:36:15.189+05:30  INFO 99627 --- [ool-8-thread-12] c.d.c.web.AccountsTransferController     : Transfer Amount  Transfer(accountFrom=Account123, accountTo=Account124, amount=1000)
2024-02-22T22:36:15.188+05:30  INFO 99627 --- [pool-8-thread-7] c.d.c.web.AccountsTransferController     : Transfer Amount  Transfer(accountFrom=Account123, accountTo=Account124, amount=1000)
2024-02-22T22:36:15.188+05:30  INFO 99627 --- [pool-8-thread-5] c.d.c.web.AccountsTransferController     : Transfer Amount  Transfer(accountFrom=Account123, accountTo=Account124, amount=1000)
2024-02-22T22:36:15.189+05:30  INFO 99627 --- [ool-8-thread-13] c.d.c.web.AccountsTransferController     : Transfer Amount  Transfer(accountFrom=Account123, accountTo=Account124, amount=1000)
2024-02-22T22:36:15.189+05:30  INFO 99627 --- [ool-8-thread-11] c.d.c.web.AccountsTransferController     : Transfer Amount  Transfer(accountFrom=Account123, accountTo=Account124, amount=1000)
2024-02-22T22:36:15.188+05:30  INFO 99627 --- [pool-8-thread-4] c.d.c.web.AccountsTransferController     : Transfer Amount  Transfer(accountFrom=Account123, accountTo=Account124, amount=1000)
2024-02-22T22:36:15.188+05:30  INFO 99627 --- [pool-8-thread-9] c.d.c.web.AccountsTransferController     : Transfer Amount  Transfer(accountFrom=Account123, accountTo=Account124, amount=1000)
2024-02-22T22:36:15.188+05:30  INFO 99627 --- [pool-8-thread-8] c.d.c.web.AccountsTransferController     : Transfer Amount  Transfer(accountFrom=Account123, accountTo=Account124, amount=1000)
2024-02-22T22:36:15.188+05:30  INFO 99627 --- [pool-8-thread-6] c.d.c.web.AccountsTransferController     : Transfer Amount  Transfer(accountFrom=Account123, accountTo=Account124, amount=1000)
2024-02-22T22:36:15.188+05:30  INFO 99627 --- [pool-8-thread-3] c.d.c.web.AccountsTransferController     : Transfer Amount  Transfer(accountFrom=Account123, accountTo=Account124, amount=1000)
2024-02-22T22:36:15.188+05:30  INFO 99627 --- [pool-8-thread-1] c.d.c.web.AccountsTransferController     : Transfer Amount  Transfer(accountFrom=Account123, accountTo=Account124, amount=1000)
2024-02-22T22:36:15.189+05:30  INFO 99627 --- [ool-8-thread-14] c.d.c.web.AccountsTransferController     : Transfer Amount  Transfer(accountFrom=Account123, accountTo=Account124, amount=1000)
2024-02-22T22:36:15.189+05:30  INFO 99627 --- [ool-8-thread-15] c.d.c.web.AccountsTransferController     : Transfer Amount  Transfer(accountFrom=Account123, accountTo=Account124, amount=1000)
2024-02-22T22:36:15.189+05:30  INFO 99627 --- [ool-8-thread-16] c.d.c.web.AccountsTransferController     : Transfer Amount  Transfer(accountFrom=Account123, accountTo=Account124, amount=1000)
2024-02-22T22:36:15.189+05:30  INFO 99627 --- [ool-8-thread-17] c.d.c.web.AccountsTransferController     : Transfer Amount  Transfer(accountFrom=Account123, accountTo=Account124, amount=1000)
2024-02-22T22:36:15.189+05:30  INFO 99627 --- [ool-8-thread-18] c.d.c.web.AccountsTransferController     : Transfer Amount  Transfer(accountFrom=Account123, accountTo=Account124, amount=1000)
2024-02-22T22:36:15.190+05:30  INFO 99627 --- [ool-8-thread-20] c.d.c.web.AccountsTransferController     : notification sent successfully
2024-02-22T22:36:15.191+05:30  INFO 99627 --- [ool-8-thread-18] c.dws.challenge.service.TransferService  : compareBalance -1 
2024-02-22T22:36:15.191+05:30  INFO 99627 --- [ool-8-thread-17] c.dws.challenge.service.TransferService  : compareBalance -1 
2024-02-22T22:36:15.191+05:30 ERROR 99627 --- [ool-8-thread-18] c.d.c.web.AccountsTransferController     : Exception occurs

com.dws.challenge.exception.InsufficientBalanceException: Insufficient Balance in account Account123
	at com.dws.challenge.service.TransferService.transferAmount(TransferService.java:21) ~[main/:na]
	at com.dws.challenge.web.AccountsTransferController.transferAmount(AccountsTransferController.java:65) ~[main/:na]
	at com.dws.challenge.ConcurrentTransferTest.lambda$concurrentTransferTest$0(ConcurrentTransferTest.java:77) ~[test/:na]
	at java.base/java.util.concurrent.ThreadPoolExecutor.runWorker(ThreadPoolExecutor.java:1136) ~[na:na]
	at java.base/java.util.concurrent.ThreadPoolExecutor$Worker.run(ThreadPoolExecutor.java:635) ~[na:na]
	at java.base/java.lang.Thread.run(Thread.java:842) ~[na:na]

2024-02-22T22:36:15.192+05:30  INFO 99627 --- [ool-8-thread-16] c.dws.challenge.service.TransferService  : compareBalance -1 
2024-02-22T22:36:15.192+05:30 ERROR 99627 --- [ool-8-thread-17] c.d.c.web.AccountsTransferController     : Exception occurs

com.dws.challenge.exception.InsufficientBalanceException: Insufficient Balance in account Account123
	at com.dws.challenge.service.TransferService.transferAmount(TransferService.java:21) ~[main/:na]
	at com.dws.challenge.web.AccountsTransferController.transferAmount(AccountsTransferController.java:65) ~[main/:na]
	at com.dws.challenge.ConcurrentTransferTest.lambda$concurrentTransferTest$0(ConcurrentTransferTest.java:77) ~[test/:na]
	at java.base/java.util.concurrent.ThreadPoolExecutor.runWorker(ThreadPoolExecutor.java:1136) ~[na:na]
	at java.base/java.util.concurrent.ThreadPoolExecutor$Worker.run(ThreadPoolExecutor.java:635) ~[na:na]
	at java.base/java.lang.Thread.run(Thread.java:842) ~[na:na]

2024-02-22T22:36:15.192+05:30  INFO 99627 --- [ool-8-thread-15] c.dws.challenge.service.TransferService  : compareBalance -1 
2024-02-22T22:36:15.192+05:30 ERROR 99627 --- [ool-8-thread-16] c.d.c.web.AccountsTransferController     : Exception occurs

com.dws.challenge.exception.InsufficientBalanceException: Insufficient Balance in account Account123
	at com.dws.challenge.service.TransferService.transferAmount(TransferService.java:21) ~[main/:na]
	at com.dws.challenge.web.AccountsTransferController.transferAmount(AccountsTransferController.java:65) ~[main/:na]
	at com.dws.challenge.ConcurrentTransferTest.lambda$concurrentTransferTest$0(ConcurrentTransferTest.java:77) ~[test/:na]
	at java.base/java.util.concurrent.ThreadPoolExecutor.runWorker(ThreadPoolExecutor.java:1136) ~[na:na]
	at java.base/java.util.concurrent.ThreadPoolExecutor$Worker.run(ThreadPoolExecutor.java:635) ~[na:na]
	at java.base/java.lang.Thread.run(Thread.java:842) ~[na:na]

2024-02-22T22:36:15.192+05:30  INFO 99627 --- [ool-8-thread-14] c.dws.challenge.service.TransferService  : compareBalance -1 
2024-02-22T22:36:15.192+05:30 ERROR 99627 --- [ool-8-thread-15] c.d.c.web.AccountsTransferController     : Exception occurs

com.dws.challenge.exception.InsufficientBalanceException: Insufficient Balance in account Account123
	at com.dws.challenge.service.TransferService.transferAmount(TransferService.java:21) ~[main/:na]
	at com.dws.challenge.web.AccountsTransferController.transferAmount(AccountsTransferController.java:65) ~[main/:na]
	at com.dws.challenge.ConcurrentTransferTest.lambda$concurrentTransferTest$0(ConcurrentTransferTest.java:77) ~[test/:na]
	at java.base/java.util.concurrent.ThreadPoolExecutor.runWorker(ThreadPoolExecutor.java:1136) ~[na:na]
	at java.base/java.util.concurrent.ThreadPoolExecutor$Worker.run(ThreadPoolExecutor.java:635) ~[na:na]
	at java.base/java.lang.Thread.run(Thread.java:842) ~[na:na]

2024-02-22T22:36:15.193+05:30  INFO 99627 --- [pool-8-thread-1] c.dws.challenge.service.TransferService  : compareBalance -1 
2024-02-22T22:36:15.193+05:30 ERROR 99627 --- [ool-8-thread-14] c.d.c.web.AccountsTransferController     : Exception occurs

com.dws.challenge.exception.InsufficientBalanceException: Insufficient Balance in account Account123
	at com.dws.challenge.service.TransferService.transferAmount(TransferService.java:21) ~[main/:na]
	at com.dws.challenge.web.AccountsTransferController.transferAmount(AccountsTransferController.java:65) ~[main/:na]
	at com.dws.challenge.ConcurrentTransferTest.lambda$concurrentTransferTest$0(ConcurrentTransferTest.java:77) ~[test/:na]
	at java.base/java.util.concurrent.ThreadPoolExecutor.runWorker(ThreadPoolExecutor.java:1136) ~[na:na]
	at java.base/java.util.concurrent.ThreadPoolExecutor$Worker.run(ThreadPoolExecutor.java:635) ~[na:na]
	at java.base/java.lang.Thread.run(Thread.java:842) ~[na:na]

2024-02-22T22:36:15.193+05:30  INFO 99627 --- [pool-8-thread-3] c.dws.challenge.service.TransferService  : compareBalance -1 
2024-02-22T22:36:15.193+05:30 ERROR 99627 --- [pool-8-thread-1] c.d.c.web.AccountsTransferController     : Exception occurs

com.dws.challenge.exception.InsufficientBalanceException: Insufficient Balance in account Account123
	at com.dws.challenge.service.TransferService.transferAmount(TransferService.java:21) ~[main/:na]
	at com.dws.challenge.web.AccountsTransferController.transferAmount(AccountsTransferController.java:65) ~[main/:na]
	at com.dws.challenge.ConcurrentTransferTest.lambda$concurrentTransferTest$0(ConcurrentTransferTest.java:77) ~[test/:na]
	at java.base/java.util.concurrent.ThreadPoolExecutor.runWorker(ThreadPoolExecutor.java:1136) ~[na:na]
	at java.base/java.util.concurrent.ThreadPoolExecutor$Worker.run(ThreadPoolExecutor.java:635) ~[na:na]
	at java.base/java.lang.Thread.run(Thread.java:842) ~[na:na]

2024-02-22T22:36:15.194+05:30  INFO 99627 --- [pool-8-thread-6] c.dws.challenge.service.TransferService  : compareBalance -1 
2024-02-22T22:36:15.194+05:30 ERROR 99627 --- [pool-8-thread-3] c.d.c.web.AccountsTransferController     : Exception occurs

com.dws.challenge.exception.InsufficientBalanceException: Insufficient Balance in account Account123
	at com.dws.challenge.service.TransferService.transferAmount(TransferService.java:21) ~[main/:na]
	at com.dws.challenge.web.AccountsTransferController.transferAmount(AccountsTransferController.java:65) ~[main/:na]
	at com.dws.challenge.ConcurrentTransferTest.lambda$concurrentTransferTest$0(ConcurrentTransferTest.java:77) ~[test/:na]
	at java.base/java.util.concurrent.ThreadPoolExecutor.runWorker(ThreadPoolExecutor.java:1136) ~[na:na]
	at java.base/java.util.concurrent.ThreadPoolExecutor$Worker.run(ThreadPoolExecutor.java:635) ~[na:na]
	at java.base/java.lang.Thread.run(Thread.java:842) ~[na:na]

2024-02-22T22:36:15.194+05:30 ERROR 99627 --- [pool-8-thread-6] c.d.c.web.AccountsTransferController     : Exception occurs

com.dws.challenge.exception.InsufficientBalanceException: Insufficient Balance in account Account123
	at com.dws.challenge.service.TransferService.transferAmount(TransferService.java:21) ~[main/:na]
	at com.dws.challenge.web.AccountsTransferController.transferAmount(AccountsTransferController.java:65) ~[main/:na]
	at com.dws.challenge.ConcurrentTransferTest.lambda$concurrentTransferTest$0(ConcurrentTransferTest.java:77) ~[test/:na]
	at java.base/java.util.concurrent.ThreadPoolExecutor.runWorker(ThreadPoolExecutor.java:1136) ~[na:na]
	at java.base/java.util.concurrent.ThreadPoolExecutor$Worker.run(ThreadPoolExecutor.java:635) ~[na:na]
	at java.base/java.lang.Thread.run(Thread.java:842) ~[na:na]

2024-02-22T22:36:15.194+05:30  INFO 99627 --- [pool-8-thread-8] c.dws.challenge.service.TransferService  : compareBalance -1 
2024-02-22T22:36:15.195+05:30  INFO 99627 --- [pool-8-thread-9] c.dws.challenge.service.TransferService  : compareBalance -1 
2024-02-22T22:36:15.195+05:30 ERROR 99627 --- [pool-8-thread-8] c.d.c.web.AccountsTransferController     : Exception occurs

com.dws.challenge.exception.InsufficientBalanceException: Insufficient Balance in account Account123
	at com.dws.challenge.service.TransferService.transferAmount(TransferService.java:21) ~[main/:na]
	at com.dws.challenge.web.AccountsTransferController.transferAmount(AccountsTransferController.java:65) ~[main/:na]
	at com.dws.challenge.ConcurrentTransferTest.lambda$concurrentTransferTest$0(ConcurrentTransferTest.java:77) ~[test/:na]
	at java.base/java.util.concurrent.ThreadPoolExecutor.runWorker(ThreadPoolExecutor.java:1136) ~[na:na]
	at java.base/java.util.concurrent.ThreadPoolExecutor$Worker.run(ThreadPoolExecutor.java:635) ~[na:na]
	at java.base/java.lang.Thread.run(Thread.java:842) ~[na:na]

2024-02-22T22:36:15.195+05:30  INFO 99627 --- [pool-8-thread-4] c.dws.challenge.service.TransferService  : compareBalance -1 
2024-02-22T22:36:15.195+05:30 ERROR 99627 --- [pool-8-thread-9] c.d.c.web.AccountsTransferController     : Exception occurs

com.dws.challenge.exception.InsufficientBalanceException: Insufficient Balance in account Account123
	at com.dws.challenge.service.TransferService.transferAmount(TransferService.java:21) ~[main/:na]
	at com.dws.challenge.web.AccountsTransferController.transferAmount(AccountsTransferController.java:65) ~[main/:na]
	at com.dws.challenge.ConcurrentTransferTest.lambda$concurrentTransferTest$0(ConcurrentTransferTest.java:77) ~[test/:na]
	at java.base/java.util.concurrent.ThreadPoolExecutor.runWorker(ThreadPoolExecutor.java:1136) ~[na:na]
	at java.base/java.util.concurrent.ThreadPoolExecutor$Worker.run(ThreadPoolExecutor.java:635) ~[na:na]
	at java.base/java.lang.Thread.run(Thread.java:842) ~[na:na]

2024-02-22T22:36:15.195+05:30  INFO 99627 --- [ool-8-thread-11] c.dws.challenge.service.TransferService  : compareBalance -1 
2024-02-22T22:36:15.195+05:30 ERROR 99627 --- [pool-8-thread-4] c.d.c.web.AccountsTransferController     : Exception occurs

com.dws.challenge.exception.InsufficientBalanceException: Insufficient Balance in account Account123
	at com.dws.challenge.service.TransferService.transferAmount(TransferService.java:21) ~[main/:na]
	at com.dws.challenge.web.AccountsTransferController.transferAmount(AccountsTransferController.java:65) ~[main/:na]
	at com.dws.challenge.ConcurrentTransferTest.lambda$concurrentTransferTest$0(ConcurrentTransferTest.java:77) ~[test/:na]
	at java.base/java.util.concurrent.ThreadPoolExecutor.runWorker(ThreadPoolExecutor.java:1136) ~[na:na]
	at java.base/java.util.concurrent.ThreadPoolExecutor$Worker.run(ThreadPoolExecutor.java:635) ~[na:na]
	at java.base/java.lang.Thread.run(Thread.java:842) ~[na:na]

2024-02-22T22:36:15.196+05:30  INFO 99627 --- [ool-8-thread-13] c.dws.challenge.service.TransferService  : compareBalance -1 
2024-02-22T22:36:15.196+05:30 ERROR 99627 --- [ool-8-thread-11] c.d.c.web.AccountsTransferController     : Exception occurs

com.dws.challenge.exception.InsufficientBalanceException: Insufficient Balance in account Account123
	at com.dws.challenge.service.TransferService.transferAmount(TransferService.java:21) ~[main/:na]
	at com.dws.challenge.web.AccountsTransferController.transferAmount(AccountsTransferController.java:65) ~[main/:na]
	at com.dws.challenge.ConcurrentTransferTest.lambda$concurrentTransferTest$0(ConcurrentTransferTest.java:77) ~[test/:na]
	at java.base/java.util.concurrent.ThreadPoolExecutor.runWorker(ThreadPoolExecutor.java:1136) ~[na:na]
	at java.base/java.util.concurrent.ThreadPoolExecutor$Worker.run(ThreadPoolExecutor.java:635) ~[na:na]
	at java.base/java.lang.Thread.run(Thread.java:842) ~[na:na]

2024-02-22T22:36:15.196+05:30  INFO 99627 --- [pool-8-thread-5] c.dws.challenge.service.TransferService  : compareBalance -1 
2024-02-22T22:36:15.196+05:30 ERROR 99627 --- [ool-8-thread-13] c.d.c.web.AccountsTransferController     : Exception occurs

com.dws.challenge.exception.InsufficientBalanceException: Insufficient Balance in account Account123
	at com.dws.challenge.service.TransferService.transferAmount(TransferService.java:21) ~[main/:na]
	at com.dws.challenge.web.AccountsTransferController.transferAmount(AccountsTransferController.java:65) ~[main/:na]
	at com.dws.challenge.ConcurrentTransferTest.lambda$concurrentTransferTest$0(ConcurrentTransferTest.java:77) ~[test/:na]
	at java.base/java.util.concurrent.ThreadPoolExecutor.runWorker(ThreadPoolExecutor.java:1136) ~[na:na]
	at java.base/java.util.concurrent.ThreadPoolExecutor$Worker.run(ThreadPoolExecutor.java:635) ~[na:na]
	at java.base/java.lang.Thread.run(Thread.java:842) ~[na:na]

2024-02-22T22:36:15.197+05:30  INFO 99627 --- [pool-8-thread-7] c.dws.challenge.service.TransferService  : compareBalance -1 
2024-02-22T22:36:15.197+05:30 ERROR 99627 --- [pool-8-thread-5] c.d.c.web.AccountsTransferController     : Exception occurs

com.dws.challenge.exception.InsufficientBalanceException: Insufficient Balance in account Account123
	at com.dws.challenge.service.TransferService.transferAmount(TransferService.java:21) ~[main/:na]
	at com.dws.challenge.web.AccountsTransferController.transferAmount(AccountsTransferController.java:65) ~[main/:na]
	at com.dws.challenge.ConcurrentTransferTest.lambda$concurrentTransferTest$0(ConcurrentTransferTest.java:77) ~[test/:na]
	at java.base/java.util.concurrent.ThreadPoolExecutor.runWorker(ThreadPoolExecutor.java:1136) ~[na:na]
	at java.base/java.util.concurrent.ThreadPoolExecutor$Worker.run(ThreadPoolExecutor.java:635) ~[na:na]
	at java.base/java.lang.Thread.run(Thread.java:842) ~[na:na]

2024-02-22T22:36:15.197+05:30 ERROR 99627 --- [pool-8-thread-7] c.d.c.web.AccountsTransferController     : Exception occurs

com.dws.challenge.exception.InsufficientBalanceException: Insufficient Balance in account Account123
	at com.dws.challenge.service.TransferService.transferAmount(TransferService.java:21) ~[main/:na]
	at com.dws.challenge.web.AccountsTransferController.transferAmount(AccountsTransferController.java:65) ~[main/:na]
	at com.dws.challenge.ConcurrentTransferTest.lambda$concurrentTransferTest$0(ConcurrentTransferTest.java:77) ~[test/:na]
	at java.base/java.util.concurrent.ThreadPoolExecutor.runWorker(ThreadPoolExecutor.java:1136) ~[na:na]
	at java.base/java.util.concurrent.ThreadPoolExecutor$Worker.run(ThreadPoolExecutor.java:635) ~[na:na]
	at java.base/java.lang.Thread.run(Thread.java:842) ~[na:na]

2024-02-22T22:36:15.197+05:30  INFO 99627 --- [ool-8-thread-12] c.dws.challenge.service.TransferService  : compareBalance -1 
2024-02-22T22:36:15.197+05:30  INFO 99627 --- [pool-8-thread-2] c.dws.challenge.service.TransferService  : compareBalance -1 
2024-02-22T22:36:15.197+05:30 ERROR 99627 --- [ool-8-thread-12] c.d.c.web.AccountsTransferController     : Exception occurs

com.dws.challenge.exception.InsufficientBalanceException: Insufficient Balance in account Account123
	at com.dws.challenge.service.TransferService.transferAmount(TransferService.java:21) ~[main/:na]
	at com.dws.challenge.web.AccountsTransferController.transferAmount(AccountsTransferController.java:65) ~[main/:na]
	at com.dws.challenge.ConcurrentTransferTest.lambda$concurrentTransferTest$0(ConcurrentTransferTest.java:77) ~[test/:na]
	at java.base/java.util.concurrent.ThreadPoolExecutor.runWorker(ThreadPoolExecutor.java:1136) ~[na:na]
	at java.base/java.util.concurrent.ThreadPoolExecutor$Worker.run(ThreadPoolExecutor.java:635) ~[na:na]
	at java.base/java.lang.Thread.run(Thread.java:842) ~[na:na]

2024-02-22T22:36:15.198+05:30  INFO 99627 --- [ool-8-thread-10] c.dws.challenge.service.TransferService  : compareBalance -1 
2024-02-22T22:36:15.198+05:30 ERROR 99627 --- [pool-8-thread-2] c.d.c.web.AccountsTransferController     : Exception occurs

com.dws.challenge.exception.InsufficientBalanceException: Insufficient Balance in account Account123
	at com.dws.challenge.service.TransferService.transferAmount(TransferService.java:21) ~[main/:na]
	at com.dws.challenge.web.AccountsTransferController.transferAmount(AccountsTransferController.java:65) ~[main/:na]
	at com.dws.challenge.ConcurrentTransferTest.lambda$concurrentTransferTest$0(ConcurrentTransferTest.java:77) ~[test/:na]
	at java.base/java.util.concurrent.ThreadPoolExecutor.runWorker(ThreadPoolExecutor.java:1136) ~[na:na]
	at java.base/java.util.concurrent.ThreadPoolExecutor$Worker.run(ThreadPoolExecutor.java:635) ~[na:na]
	at java.base/java.lang.Thread.run(Thread.java:842) ~[na:na]

2024-02-22T22:36:15.198+05:30 ERROR 99627 --- [ool-8-thread-10] c.d.c.web.AccountsTransferController     : Exception occurs

com.dws.challenge.exception.InsufficientBalanceException: Insufficient Balance in account Account123
	at com.dws.challenge.service.TransferService.transferAmount(TransferService.java:21) ~[main/:na]
	at com.dws.challenge.web.AccountsTransferController.transferAmount(AccountsTransferController.java:65) ~[main/:na]
	at com.dws.challenge.ConcurrentTransferTest.lambda$concurrentTransferTest$0(ConcurrentTransferTest.java:77) ~[test/:na]
	at java.base/java.util.concurrent.ThreadPoolExecutor.runWorker(ThreadPoolExecutor.java:1136) ~[na:na]
	at java.base/java.util.concurrent.ThreadPoolExecutor$Worker.run(ThreadPoolExecutor.java:635) ~[na:na]
	at java.base/java.lang.Thread.run(Thread.java:842) ~[na:na]

2024-02-22T22:36:15.198+05:30  INFO 99627 --- [ool-8-thread-19] c.dws.challenge.service.TransferService  : compareBalance -1 
2024-02-22T22:36:15.199+05:30 ERROR 99627 --- [ool-8-thread-19] c.d.c.web.AccountsTransferController     : Exception occurs

com.dws.challenge.exception.InsufficientBalanceException: Insufficient Balance in account Account123
	at com.dws.challenge.service.TransferService.transferAmount(TransferService.java:21) ~[main/:na]
	at com.dws.challenge.web.AccountsTransferController.transferAmount(AccountsTransferController.java:65) ~[main/:na]
	at com.dws.challenge.ConcurrentTransferTest.lambda$concurrentTransferTest$0(ConcurrentTransferTest.java:77) ~[test/:na]
	at java.base/java.util.concurrent.ThreadPoolExecutor.runWorker(ThreadPoolExecutor.java:1136) ~[na:na]
	at java.base/java.util.concurrent.ThreadPoolExecutor$Worker.run(ThreadPoolExecutor.java:635) ~[na:na]
	at java.base/java.lang.Thread.run(Thread.java:842) ~[na:na]

2024-02-22T22:36:15.218+05:30  INFO 99627 --- [pool-9-thread-3] c.d.c.web.AccountsTransferController     : Transfer Amount  Transfer(accountFrom=Account123, accountTo=Account124, amount=1000)
2024-02-22T22:36:15.218+05:30  INFO 99627 --- [ool-9-thread-11] c.d.c.web.AccountsTransferController     : Transfer Amount  Transfer(accountFrom=Account123, accountTo=Account124, amount=1000)
2024-02-22T22:36:15.218+05:30  INFO 99627 --- [ool-9-thread-20] c.d.c.web.AccountsTransferController     : Transfer Amount  Transfer(accountFrom=Account123, accountTo=Account124, amount=1000)
2024-02-22T22:36:15.218+05:30  INFO 99627 --- [pool-9-thread-1] c.d.c.web.AccountsTransferController     : Transfer Amount  Transfer(accountFrom=Account123, accountTo=Account124, amount=1000)
2024-02-22T22:36:15.218+05:30  INFO 99627 --- [pool-9-thread-4] c.d.c.web.AccountsTransferController     : Transfer Amount  Transfer(accountFrom=Account123, accountTo=Account124, amount=1000)
2024-02-22T22:36:15.218+05:30  INFO 99627 --- [pool-9-thread-5] c.d.c.web.AccountsTransferController     : Transfer Amount  Transfer(accountFrom=Account123, accountTo=Account124, amount=1000)
2024-02-22T22:36:15.218+05:30  INFO 99627 --- [pool-9-thread-7] c.d.c.web.AccountsTransferController     : Transfer Amount  Transfer(accountFrom=Account123, accountTo=Account124, amount=1000)
2024-02-22T22:36:15.218+05:30  INFO 99627 --- [pool-9-thread-2] c.d.c.web.AccountsTransferController     : Transfer Amount  Transfer(accountFrom=Account123, accountTo=Account124, amount=1000)
2024-02-22T22:36:15.218+05:30  INFO 99627 --- [pool-9-thread-8] c.d.c.web.AccountsTransferController     : Transfer Amount  Transfer(accountFrom=Account123, accountTo=Account124, amount=1000)
2024-02-22T22:36:15.218+05:30  INFO 99627 --- [pool-9-thread-6] c.d.c.web.AccountsTransferController     : Transfer Amount  Transfer(accountFrom=Account123, accountTo=Account124, amount=1000)
2024-02-22T22:36:15.218+05:30  INFO 99627 --- [pool-9-thread-9] c.d.c.web.AccountsTransferController     : Transfer Amount  Transfer(accountFrom=Account123, accountTo=Account124, amount=1000)
2024-02-22T22:36:15.218+05:30  INFO 99627 --- [ool-9-thread-10] c.d.c.web.AccountsTransferController     : Transfer Amount  Transfer(accountFrom=Account123, accountTo=Account124, amount=1000)
2024-02-22T22:36:15.218+05:30  INFO 99627 --- [ool-9-thread-12] c.d.c.web.AccountsTransferController     : Transfer Amount  Transfer(accountFrom=Account123, accountTo=Account124, amount=1000)
2024-02-22T22:36:15.218+05:30  INFO 99627 --- [ool-9-thread-13] c.d.c.web.AccountsTransferController     : Transfer Amount  Transfer(accountFrom=Account123, accountTo=Account124, amount=1000)
2024-02-22T22:36:15.218+05:30  INFO 99627 --- [ool-9-thread-14] c.d.c.web.AccountsTransferController     : Transfer Amount  Transfer(accountFrom=Account123, accountTo=Account124, amount=1000)
2024-02-22T22:36:15.218+05:30  INFO 99627 --- [pool-9-thread-3] c.dws.challenge.service.TransferService  : compareBalance 0 
2024-02-22T22:36:15.218+05:30  INFO 99627 --- [ool-9-thread-15] c.d.c.web.AccountsTransferController     : Transfer Amount  Transfer(accountFrom=Account123, accountTo=Account124, amount=1000)
2024-02-22T22:36:15.218+05:30  INFO 99627 --- [ool-9-thread-17] c.d.c.web.AccountsTransferController     : Transfer Amount  Transfer(accountFrom=Account123, accountTo=Account124, amount=1000)
2024-02-22T22:36:15.218+05:30  INFO 99627 --- [ool-9-thread-16] c.d.c.web.AccountsTransferController     : Transfer Amount  Transfer(accountFrom=Account123, accountTo=Account124, amount=1000)
2024-02-22T22:36:15.218+05:30  INFO 99627 --- [ool-9-thread-18] c.d.c.web.AccountsTransferController     : Transfer Amount  Transfer(accountFrom=Account123, accountTo=Account124, amount=1000)
2024-02-22T22:36:15.218+05:30  INFO 99627 --- [ool-9-thread-19] c.d.c.web.AccountsTransferController     : Transfer Amount  Transfer(accountFrom=Account123, accountTo=Account124, amount=1000)
2024-02-22T22:36:15.221+05:30  INFO 99627 --- [pool-9-thread-3] c.d.c.web.AccountsTransferController     : notification sent successfully
2024-02-22T22:36:15.221+05:30  INFO 99627 --- [ool-9-thread-19] c.dws.challenge.service.TransferService  : compareBalance -1 
2024-02-22T22:36:15.221+05:30  INFO 99627 --- [ool-9-thread-18] c.dws.challenge.service.TransferService  : compareBalance -1 
2024-02-22T22:36:15.221+05:30 ERROR 99627 --- [ool-9-thread-19] c.d.c.web.AccountsTransferController     : Exception occurs

com.dws.challenge.exception.InsufficientBalanceException: Insufficient Balance in account Account123
	at com.dws.challenge.service.TransferService.transferAmount(TransferService.java:21) ~[main/:na]
	at com.dws.challenge.web.AccountsTransferController.transferAmount(AccountsTransferController.java:65) ~[main/:na]
	at com.dws.challenge.ConcurrentTransferTest.lambda$concurrentTransferTest$0(ConcurrentTransferTest.java:77) ~[test/:na]
	at java.base/java.util.concurrent.ThreadPoolExecutor.runWorker(ThreadPoolExecutor.java:1136) ~[na:na]
	at java.base/java.util.concurrent.ThreadPoolExecutor$Worker.run(ThreadPoolExecutor.java:635) ~[na:na]
	at java.base/java.lang.Thread.run(Thread.java:842) ~[na:na]

2024-02-22T22:36:15.222+05:30  INFO 99627 --- [ool-9-thread-16] c.dws.challenge.service.TransferService  : compareBalance -1 
2024-02-22T22:36:15.222+05:30 ERROR 99627 --- [ool-9-thread-18] c.d.c.web.AccountsTransferController     : Exception occurs

com.dws.challenge.exception.InsufficientBalanceException: Insufficient Balance in account Account123
	at com.dws.challenge.service.TransferService.transferAmount(TransferService.java:21) ~[main/:na]
	at com.dws.challenge.web.AccountsTransferController.transferAmount(AccountsTransferController.java:65) ~[main/:na]
	at com.dws.challenge.ConcurrentTransferTest.lambda$concurrentTransferTest$0(ConcurrentTransferTest.java:77) ~[test/:na]
	at java.base/java.util.concurrent.ThreadPoolExecutor.runWorker(ThreadPoolExecutor.java:1136) ~[na:na]
	at java.base/java.util.concurrent.ThreadPoolExecutor$Worker.run(ThreadPoolExecutor.java:635) ~[na:na]
	at java.base/java.lang.Thread.run(Thread.java:842) ~[na:na]

2024-02-22T22:36:15.222+05:30  INFO 99627 --- [ool-9-thread-17] c.dws.challenge.service.TransferService  : compareBalance -1 
2024-02-22T22:36:15.222+05:30 ERROR 99627 --- [ool-9-thread-16] c.d.c.web.AccountsTransferController     : Exception occurs

com.dws.challenge.exception.InsufficientBalanceException: Insufficient Balance in account Account123
	at com.dws.challenge.service.TransferService.transferAmount(TransferService.java:21) ~[main/:na]
	at com.dws.challenge.web.AccountsTransferController.transferAmount(AccountsTransferController.java:65) ~[main/:na]
	at com.dws.challenge.ConcurrentTransferTest.lambda$concurrentTransferTest$0(ConcurrentTransferTest.java:77) ~[test/:na]
	at java.base/java.util.concurrent.ThreadPoolExecutor.runWorker(ThreadPoolExecutor.java:1136) ~[na:na]
	at java.base/java.util.concurrent.ThreadPoolExecutor$Worker.run(ThreadPoolExecutor.java:635) ~[na:na]
	at java.base/java.lang.Thread.run(Thread.java:842) ~[na:na]

2024-02-22T22:36:15.223+05:30  INFO 99627 --- [ool-9-thread-15] c.dws.challenge.service.TransferService  : compareBalance -1 
2024-02-22T22:36:15.222+05:30 ERROR 99627 --- [ool-9-thread-17] c.d.c.web.AccountsTransferController     : Exception occurs

com.dws.challenge.exception.InsufficientBalanceException: Insufficient Balance in account Account123
	at com.dws.challenge.service.TransferService.transferAmount(TransferService.java:21) ~[main/:na]
	at com.dws.challenge.web.AccountsTransferController.transferAmount(AccountsTransferController.java:65) ~[main/:na]
	at com.dws.challenge.ConcurrentTransferTest.lambda$concurrentTransferTest$0(ConcurrentTransferTest.java:77) ~[test/:na]
	at java.base/java.util.concurrent.ThreadPoolExecutor.runWorker(ThreadPoolExecutor.java:1136) ~[na:na]
	at java.base/java.util.concurrent.ThreadPoolExecutor$Worker.run(ThreadPoolExecutor.java:635) ~[na:na]
	at java.base/java.lang.Thread.run(Thread.java:842) ~[na:na]

2024-02-22T22:36:15.223+05:30  INFO 99627 --- [ool-9-thread-14] c.dws.challenge.service.TransferService  : compareBalance -1 
2024-02-22T22:36:15.223+05:30 ERROR 99627 --- [ool-9-thread-15] c.d.c.web.AccountsTransferController     : Exception occurs

com.dws.challenge.exception.InsufficientBalanceException: Insufficient Balance in account Account123
	at com.dws.challenge.service.TransferService.transferAmount(TransferService.java:21) ~[main/:na]
	at com.dws.challenge.web.AccountsTransferController.transferAmount(AccountsTransferController.java:65) ~[main/:na]
	at com.dws.challenge.ConcurrentTransferTest.lambda$concurrentTransferTest$0(ConcurrentTransferTest.java:77) ~[test/:na]
	at java.base/java.util.concurrent.ThreadPoolExecutor.runWorker(ThreadPoolExecutor.java:1136) ~[na:na]
	at java.base/java.util.concurrent.ThreadPoolExecutor$Worker.run(ThreadPoolExecutor.java:635) ~[na:na]
	at java.base/java.lang.Thread.run(Thread.java:842) ~[na:na]

2024-02-22T22:36:15.223+05:30 ERROR 99627 --- [ool-9-thread-14] c.d.c.web.AccountsTransferController     : Exception occurs

com.dws.challenge.exception.InsufficientBalanceException: Insufficient Balance in account Account123
	at com.dws.challenge.service.TransferService.transferAmount(TransferService.java:21) ~[main/:na]
	at com.dws.challenge.web.AccountsTransferController.transferAmount(AccountsTransferController.java:65) ~[main/:na]
	at com.dws.challenge.ConcurrentTransferTest.lambda$concurrentTransferTest$0(ConcurrentTransferTest.java:77) ~[test/:na]
	at java.base/java.util.concurrent.ThreadPoolExecutor.runWorker(ThreadPoolExecutor.java:1136) ~[na:na]
	at java.base/java.util.concurrent.ThreadPoolExecutor$Worker.run(ThreadPoolExecutor.java:635) ~[na:na]
	at java.base/java.lang.Thread.run(Thread.java:842) ~[na:na]

2024-02-22T22:36:15.223+05:30  INFO 99627 --- [ool-9-thread-13] c.dws.challenge.service.TransferService  : compareBalance -1 
2024-02-22T22:36:15.224+05:30  INFO 99627 --- [ool-9-thread-12] c.dws.challenge.service.TransferService  : compareBalance -1 
2024-02-22T22:36:15.224+05:30 ERROR 99627 --- [ool-9-thread-13] c.d.c.web.AccountsTransferController     : Exception occurs

com.dws.challenge.exception.InsufficientBalanceException: Insufficient Balance in account Account123
	at com.dws.challenge.service.TransferService.transferAmount(TransferService.java:21) ~[main/:na]
	at com.dws.challenge.web.AccountsTransferController.transferAmount(AccountsTransferController.java:65) ~[main/:na]
	at com.dws.challenge.ConcurrentTransferTest.lambda$concurrentTransferTest$0(ConcurrentTransferTest.java:77) ~[test/:na]
	at java.base/java.util.concurrent.ThreadPoolExecutor.runWorker(ThreadPoolExecutor.java:1136) ~[na:na]
	at java.base/java.util.concurrent.ThreadPoolExecutor$Worker.run(ThreadPoolExecutor.java:635) ~[na:na]
	at java.base/java.lang.Thread.run(Thread.java:842) ~[na:na]

2024-02-22T22:36:15.224+05:30  INFO 99627 --- [ool-9-thread-10] c.dws.challenge.service.TransferService  : compareBalance -1 
2024-02-22T22:36:15.224+05:30 ERROR 99627 --- [ool-9-thread-12] c.d.c.web.AccountsTransferController     : Exception occurs

com.dws.challenge.exception.InsufficientBalanceException: Insufficient Balance in account Account123
	at com.dws.challenge.service.TransferService.transferAmount(TransferService.java:21) ~[main/:na]
	at com.dws.challenge.web.AccountsTransferController.transferAmount(AccountsTransferController.java:65) ~[main/:na]
	at com.dws.challenge.ConcurrentTransferTest.lambda$concurrentTransferTest$0(ConcurrentTransferTest.java:77) ~[test/:na]
	at java.base/java.util.concurrent.ThreadPoolExecutor.runWorker(ThreadPoolExecutor.java:1136) ~[na:na]
	at java.base/java.util.concurrent.ThreadPoolExecutor$Worker.run(ThreadPoolExecutor.java:635) ~[na:na]
	at java.base/java.lang.Thread.run(Thread.java:842) ~[na:na]

2024-02-22T22:36:15.224+05:30  INFO 99627 --- [pool-9-thread-9] c.dws.challenge.service.TransferService  : compareBalance -1 
2024-02-22T22:36:15.224+05:30 ERROR 99627 --- [ool-9-thread-10] c.d.c.web.AccountsTransferController     : Exception occurs

com.dws.challenge.exception.InsufficientBalanceException: Insufficient Balance in account Account123
	at com.dws.challenge.service.TransferService.transferAmount(TransferService.java:21) ~[main/:na]
	at com.dws.challenge.web.AccountsTransferController.transferAmount(AccountsTransferController.java:65) ~[main/:na]
	at com.dws.challenge.ConcurrentTransferTest.lambda$concurrentTransferTest$0(ConcurrentTransferTest.java:77) ~[test/:na]
	at java.base/java.util.concurrent.ThreadPoolExecutor.runWorker(ThreadPoolExecutor.java:1136) ~[na:na]
	at java.base/java.util.concurrent.ThreadPoolExecutor$Worker.run(ThreadPoolExecutor.java:635) ~[na:na]
	at java.base/java.lang.Thread.run(Thread.java:842) ~[na:na]

2024-02-22T22:36:15.225+05:30  INFO 99627 --- [pool-9-thread-6] c.dws.challenge.service.TransferService  : compareBalance -1 
2024-02-22T22:36:15.225+05:30 ERROR 99627 --- [pool-9-thread-9] c.d.c.web.AccountsTransferController     : Exception occurs

com.dws.challenge.exception.InsufficientBalanceException: Insufficient Balance in account Account123
	at com.dws.challenge.service.TransferService.transferAmount(TransferService.java:21) ~[main/:na]
	at com.dws.challenge.web.AccountsTransferController.transferAmount(AccountsTransferController.java:65) ~[main/:na]
	at com.dws.challenge.ConcurrentTransferTest.lambda$concurrentTransferTest$0(ConcurrentTransferTest.java:77) ~[test/:na]
	at java.base/java.util.concurrent.ThreadPoolExecutor.runWorker(ThreadPoolExecutor.java:1136) ~[na:na]
	at java.base/java.util.concurrent.ThreadPoolExecutor$Worker.run(ThreadPoolExecutor.java:635) ~[na:na]
	at java.base/java.lang.Thread.run(Thread.java:842) ~[na:na]

2024-02-22T22:36:15.225+05:30  INFO 99627 --- [pool-9-thread-8] c.dws.challenge.service.TransferService  : compareBalance -1 
2024-02-22T22:36:15.225+05:30 ERROR 99627 --- [pool-9-thread-6] c.d.c.web.AccountsTransferController     : Exception occurs

com.dws.challenge.exception.InsufficientBalanceException: Insufficient Balance in account Account123
	at com.dws.challenge.service.TransferService.transferAmount(TransferService.java:21) ~[main/:na]
	at com.dws.challenge.web.AccountsTransferController.transferAmount(AccountsTransferController.java:65) ~[main/:na]
	at com.dws.challenge.ConcurrentTransferTest.lambda$concurrentTransferTest$0(ConcurrentTransferTest.java:77) ~[test/:na]
	at java.base/java.util.concurrent.ThreadPoolExecutor.runWorker(ThreadPoolExecutor.java:1136) ~[na:na]
	at java.base/java.util.concurrent.ThreadPoolExecutor$Worker.run(ThreadPoolExecutor.java:635) ~[na:na]
	at java.base/java.lang.Thread.run(Thread.java:842) ~[na:na]

2024-02-22T22:36:15.225+05:30 ERROR 99627 --- [pool-9-thread-8] c.d.c.web.AccountsTransferController     : Exception occurs

com.dws.challenge.exception.InsufficientBalanceException: Insufficient Balance in account Account123
	at com.dws.challenge.service.TransferService.transferAmount(TransferService.java:21) ~[main/:na]
	at com.dws.challenge.web.AccountsTransferController.transferAmount(AccountsTransferController.java:65) ~[main/:na]
	at com.dws.challenge.ConcurrentTransferTest.lambda$concurrentTransferTest$0(ConcurrentTransferTest.java:77) ~[test/:na]
	at java.base/java.util.concurrent.ThreadPoolExecutor.runWorker(ThreadPoolExecutor.java:1136) ~[na:na]
	at java.base/java.util.concurrent.ThreadPoolExecutor$Worker.run(ThreadPoolExecutor.java:635) ~[na:na]
	at java.base/java.lang.Thread.run(Thread.java:842) ~[na:na]

2024-02-22T22:36:15.225+05:30  INFO 99627 --- [pool-9-thread-2] c.dws.challenge.service.TransferService  : compareBalance -1 
2024-02-22T22:36:15.226+05:30  INFO 99627 --- [pool-9-thread-7] c.dws.challenge.service.TransferService  : compareBalance -1 
2024-02-22T22:36:15.226+05:30 ERROR 99627 --- [pool-9-thread-2] c.d.c.web.AccountsTransferController     : Exception occurs

com.dws.challenge.exception.InsufficientBalanceException: Insufficient Balance in account Account123
	at com.dws.challenge.service.TransferService.transferAmount(TransferService.java:21) ~[main/:na]
	at com.dws.challenge.web.AccountsTransferController.transferAmount(AccountsTransferController.java:65) ~[main/:na]
	at com.dws.challenge.ConcurrentTransferTest.lambda$concurrentTransferTest$0(ConcurrentTransferTest.java:77) ~[test/:na]
	at java.base/java.util.concurrent.ThreadPoolExecutor.runWorker(ThreadPoolExecutor.java:1136) ~[na:na]
	at java.base/java.util.concurrent.ThreadPoolExecutor$Worker.run(ThreadPoolExecutor.java:635) ~[na:na]
	at java.base/java.lang.Thread.run(Thread.java:842) ~[na:na]

2024-02-22T22:36:15.226+05:30  INFO 99627 --- [pool-9-thread-5] c.dws.challenge.service.TransferService  : compareBalance -1 
2024-02-22T22:36:15.226+05:30 ERROR 99627 --- [pool-9-thread-7] c.d.c.web.AccountsTransferController     : Exception occurs

com.dws.challenge.exception.InsufficientBalanceException: Insufficient Balance in account Account123
	at com.dws.challenge.service.TransferService.transferAmount(TransferService.java:21) ~[main/:na]
	at com.dws.challenge.web.AccountsTransferController.transferAmount(AccountsTransferController.java:65) ~[main/:na]
	at com.dws.challenge.ConcurrentTransferTest.lambda$concurrentTransferTest$0(ConcurrentTransferTest.java:77) ~[test/:na]
	at java.base/java.util.concurrent.ThreadPoolExecutor.runWorker(ThreadPoolExecutor.java:1136) ~[na:na]
	at java.base/java.util.concurrent.ThreadPoolExecutor$Worker.run(ThreadPoolExecutor.java:635) ~[na:na]
	at java.base/java.lang.Thread.run(Thread.java:842) ~[na:na]

2024-02-22T22:36:15.227+05:30  INFO 99627 --- [pool-9-thread-4] c.dws.challenge.service.TransferService  : compareBalance -1 
2024-02-22T22:36:15.227+05:30 ERROR 99627 --- [pool-9-thread-5] c.d.c.web.AccountsTransferController     : Exception occurs

com.dws.challenge.exception.InsufficientBalanceException: Insufficient Balance in account Account123
	at com.dws.challenge.service.TransferService.transferAmount(TransferService.java:21) ~[main/:na]
	at com.dws.challenge.web.AccountsTransferController.transferAmount(AccountsTransferController.java:65) ~[main/:na]
	at com.dws.challenge.ConcurrentTransferTest.lambda$concurrentTransferTest$0(ConcurrentTransferTest.java:77) ~[test/:na]
	at java.base/java.util.concurrent.ThreadPoolExecutor.runWorker(ThreadPoolExecutor.java:1136) ~[na:na]
	at java.base/java.util.concurrent.ThreadPoolExecutor$Worker.run(ThreadPoolExecutor.java:635) ~[na:na]
	at java.base/java.lang.Thread.run(Thread.java:842) ~[na:na]

2024-02-22T22:36:15.227+05:30  INFO 99627 --- [pool-9-thread-1] c.dws.challenge.service.TransferService  : compareBalance -1 
2024-02-22T22:36:15.227+05:30 ERROR 99627 --- [pool-9-thread-4] c.d.c.web.AccountsTransferController     : Exception occurs

com.dws.challenge.exception.InsufficientBalanceException: Insufficient Balance in account Account123
	at com.dws.challenge.service.TransferService.transferAmount(TransferService.java:21) ~[main/:na]
	at com.dws.challenge.web.AccountsTransferController.transferAmount(AccountsTransferController.java:65) ~[main/:na]
	at com.dws.challenge.ConcurrentTransferTest.lambda$concurrentTransferTest$0(ConcurrentTransferTest.java:77) ~[test/:na]
	at java.base/java.util.concurrent.ThreadPoolExecutor.runWorker(ThreadPoolExecutor.java:1136) ~[na:na]
	at java.base/java.util.concurrent.ThreadPoolExecutor$Worker.run(ThreadPoolExecutor.java:635) ~[na:na]
	at java.base/java.lang.Thread.run(Thread.java:842) ~[na:na]

2024-02-22T22:36:15.228+05:30  INFO 99627 --- [ool-9-thread-20] c.dws.challenge.service.TransferService  : compareBalance -1 
2024-02-22T22:36:15.228+05:30 ERROR 99627 --- [pool-9-thread-1] c.d.c.web.AccountsTransferController     : Exception occurs

com.dws.challenge.exception.InsufficientBalanceException: Insufficient Balance in account Account123
	at com.dws.challenge.service.TransferService.transferAmount(TransferService.java:21) ~[main/:na]
	at com.dws.challenge.web.AccountsTransferController.transferAmount(AccountsTransferController.java:65) ~[main/:na]
	at com.dws.challenge.ConcurrentTransferTest.lambda$concurrentTransferTest$0(ConcurrentTransferTest.java:77) ~[test/:na]
	at java.base/java.util.concurrent.ThreadPoolExecutor.runWorker(ThreadPoolExecutor.java:1136) ~[na:na]
	at java.base/java.util.concurrent.ThreadPoolExecutor$Worker.run(ThreadPoolExecutor.java:635) ~[na:na]
	at java.base/java.lang.Thread.run(Thread.java:842) ~[na:na]

2024-02-22T22:36:15.228+05:30 ERROR 99627 --- [ool-9-thread-20] c.d.c.web.AccountsTransferController     : Exception occurs

com.dws.challenge.exception.InsufficientBalanceException: Insufficient Balance in account Account123
	at com.dws.challenge.service.TransferService.transferAmount(TransferService.java:21) ~[main/:na]
	at com.dws.challenge.web.AccountsTransferController.transferAmount(AccountsTransferController.java:65) ~[main/:na]
	at com.dws.challenge.ConcurrentTransferTest.lambda$concurrentTransferTest$0(ConcurrentTransferTest.java:77) ~[test/:na]
	at java.base/java.util.concurrent.ThreadPoolExecutor.runWorker(ThreadPoolExecutor.java:1136) ~[na:na]
	at java.base/java.util.concurrent.ThreadPoolExecutor$Worker.run(ThreadPoolExecutor.java:635) ~[na:na]
	at java.base/java.lang.Thread.run(Thread.java:842) ~[na:na]

2024-02-22T22:36:15.228+05:30  INFO 99627 --- [ool-9-thread-11] c.dws.challenge.service.TransferService  : compareBalance -1 
2024-02-22T22:36:15.229+05:30 ERROR 99627 --- [ool-9-thread-11] c.d.c.web.AccountsTransferController     : Exception occurs

com.dws.challenge.exception.InsufficientBalanceException: Insufficient Balance in account Account123
	at com.dws.challenge.service.TransferService.transferAmount(TransferService.java:21) ~[main/:na]
	at com.dws.challenge.web.AccountsTransferController.transferAmount(AccountsTransferController.java:65) ~[main/:na]
	at com.dws.challenge.ConcurrentTransferTest.lambda$concurrentTransferTest$0(ConcurrentTransferTest.java:77) ~[test/:na]
	at java.base/java.util.concurrent.ThreadPoolExecutor.runWorker(ThreadPoolExecutor.java:1136) ~[na:na]
	at java.base/java.util.concurrent.ThreadPoolExecutor$Worker.run(ThreadPoolExecutor.java:635) ~[na:na]
	at java.base/java.lang.Thread.run(Thread.java:842) ~[na:na]

2024-02-22T22:36:15.244+05:30  INFO 99627 --- [ool-10-thread-5] c.d.c.web.AccountsTransferController     : Transfer Amount  Transfer(accountFrom=Account123, accountTo=Account124, amount=1000)
2024-02-22T22:36:15.245+05:30  INFO 99627 --- [ol-10-thread-16] c.d.c.web.AccountsTransferController     : Transfer Amount  Transfer(accountFrom=Account123, accountTo=Account124, amount=1000)
2024-02-22T22:36:15.244+05:30  INFO 99627 --- [ool-10-thread-4] c.d.c.web.AccountsTransferController     : Transfer Amount  Transfer(accountFrom=Account123, accountTo=Account124, amount=1000)
2024-02-22T22:36:15.244+05:30  INFO 99627 --- [ool-10-thread-7] c.d.c.web.AccountsTransferController     : Transfer Amount  Transfer(accountFrom=Account123, accountTo=Account124, amount=1000)
2024-02-22T22:36:15.244+05:30  INFO 99627 --- [ol-10-thread-20] c.d.c.web.AccountsTransferController     : Transfer Amount  Transfer(accountFrom=Account123, accountTo=Account124, amount=1000)
2024-02-22T22:36:15.244+05:30  INFO 99627 --- [ool-10-thread-6] c.d.c.web.AccountsTransferController     : Transfer Amount  Transfer(accountFrom=Account123, accountTo=Account124, amount=1000)
2024-02-22T22:36:15.245+05:30  INFO 99627 --- [ool-10-thread-8] c.d.c.web.AccountsTransferController     : Transfer Amount  Transfer(accountFrom=Account123, accountTo=Account124, amount=1000)
2024-02-22T22:36:15.244+05:30  INFO 99627 --- [ool-10-thread-2] c.d.c.web.AccountsTransferController     : Transfer Amount  Transfer(accountFrom=Account123, accountTo=Account124, amount=1000)
2024-02-22T22:36:15.244+05:30  INFO 99627 --- [ool-10-thread-3] c.d.c.web.AccountsTransferController     : Transfer Amount  Transfer(accountFrom=Account123, accountTo=Account124, amount=1000)
2024-02-22T22:36:15.244+05:30  INFO 99627 --- [ool-10-thread-1] c.d.c.web.AccountsTransferController     : Transfer Amount  Transfer(accountFrom=Account123, accountTo=Account124, amount=1000)
2024-02-22T22:36:15.245+05:30  INFO 99627 --- [ool-10-thread-9] c.d.c.web.AccountsTransferController     : Transfer Amount  Transfer(accountFrom=Account123, accountTo=Account124, amount=1000)
2024-02-22T22:36:15.245+05:30  INFO 99627 --- [ol-10-thread-10] c.d.c.web.AccountsTransferController     : Transfer Amount  Transfer(accountFrom=Account123, accountTo=Account124, amount=1000)
2024-02-22T22:36:15.245+05:30  INFO 99627 --- [ol-10-thread-12] c.d.c.web.AccountsTransferController     : Transfer Amount  Transfer(accountFrom=Account123, accountTo=Account124, amount=1000)
2024-02-22T22:36:15.245+05:30  INFO 99627 --- [ol-10-thread-11] c.d.c.web.AccountsTransferController     : Transfer Amount  Transfer(accountFrom=Account123, accountTo=Account124, amount=1000)
2024-02-22T22:36:15.245+05:30  INFO 99627 --- [ol-10-thread-13] c.d.c.web.AccountsTransferController     : Transfer Amount  Transfer(accountFrom=Account123, accountTo=Account124, amount=1000)
2024-02-22T22:36:15.245+05:30  INFO 99627 --- [ol-10-thread-14] c.d.c.web.AccountsTransferController     : Transfer Amount  Transfer(accountFrom=Account123, accountTo=Account124, amount=1000)
2024-02-22T22:36:15.245+05:30  INFO 99627 --- [ol-10-thread-15] c.d.c.web.AccountsTransferController     : Transfer Amount  Transfer(accountFrom=Account123, accountTo=Account124, amount=1000)
2024-02-22T22:36:15.245+05:30  INFO 99627 --- [ol-10-thread-17] c.d.c.web.AccountsTransferController     : Transfer Amount  Transfer(accountFrom=Account123, accountTo=Account124, amount=1000)
2024-02-22T22:36:15.245+05:30  INFO 99627 --- [ol-10-thread-18] c.d.c.web.AccountsTransferController     : Transfer Amount  Transfer(accountFrom=Account123, accountTo=Account124, amount=1000)
2024-02-22T22:36:15.245+05:30  INFO 99627 --- [ol-10-thread-19] c.d.c.web.AccountsTransferController     : Transfer Amount  Transfer(accountFrom=Account123, accountTo=Account124, amount=1000)
2024-02-22T22:36:15.245+05:30  INFO 99627 --- [ool-10-thread-5] c.dws.challenge.service.TransferService  : compareBalance 0 
2024-02-22T22:36:15.248+05:30  INFO 99627 --- [ool-10-thread-5] c.d.c.web.AccountsTransferController     : notification sent successfully
2024-02-22T22:36:15.248+05:30  INFO 99627 --- [ol-10-thread-19] c.dws.challenge.service.TransferService  : compareBalance -1 
2024-02-22T22:36:15.248+05:30  INFO 99627 --- [ol-10-thread-18] c.dws.challenge.service.TransferService  : compareBalance -1 
2024-02-22T22:36:15.248+05:30 ERROR 99627 --- [ol-10-thread-19] c.d.c.web.AccountsTransferController     : Exception occurs

com.dws.challenge.exception.InsufficientBalanceException: Insufficient Balance in account Account123
	at com.dws.challenge.service.TransferService.transferAmount(TransferService.java:21) ~[main/:na]
	at com.dws.challenge.web.AccountsTransferController.transferAmount(AccountsTransferController.java:65) ~[main/:na]
	at com.dws.challenge.ConcurrentTransferTest.lambda$concurrentTransferTest$0(ConcurrentTransferTest.java:77) ~[test/:na]
	at java.base/java.util.concurrent.ThreadPoolExecutor.runWorker(ThreadPoolExecutor.java:1136) ~[na:na]
	at java.base/java.util.concurrent.ThreadPoolExecutor$Worker.run(ThreadPoolExecutor.java:635) ~[na:na]
	at java.base/java.lang.Thread.run(Thread.java:842) ~[na:na]

2024-02-22T22:36:15.249+05:30  INFO 99627 --- [ol-10-thread-17] c.dws.challenge.service.TransferService  : compareBalance -1 
2024-02-22T22:36:15.249+05:30 ERROR 99627 --- [ol-10-thread-18] c.d.c.web.AccountsTransferController     : Exception occurs

com.dws.challenge.exception.InsufficientBalanceException: Insufficient Balance in account Account123
	at com.dws.challenge.service.TransferService.transferAmount(TransferService.java:21) ~[main/:na]
	at com.dws.challenge.web.AccountsTransferController.transferAmount(AccountsTransferController.java:65) ~[main/:na]
	at com.dws.challenge.ConcurrentTransferTest.lambda$concurrentTransferTest$0(ConcurrentTransferTest.java:77) ~[test/:na]
	at java.base/java.util.concurrent.ThreadPoolExecutor.runWorker(ThreadPoolExecutor.java:1136) ~[na:na]
	at java.base/java.util.concurrent.ThreadPoolExecutor$Worker.run(ThreadPoolExecutor.java:635) ~[na:na]
	at java.base/java.lang.Thread.run(Thread.java:842) ~[na:na]

2024-02-22T22:36:15.249+05:30  INFO 99627 --- [ol-10-thread-15] c.dws.challenge.service.TransferService  : compareBalance -1 
2024-02-22T22:36:15.249+05:30 ERROR 99627 --- [ol-10-thread-17] c.d.c.web.AccountsTransferController     : Exception occurs

com.dws.challenge.exception.InsufficientBalanceException: Insufficient Balance in account Account123
	at com.dws.challenge.service.TransferService.transferAmount(TransferService.java:21) ~[main/:na]
	at com.dws.challenge.web.AccountsTransferController.transferAmount(AccountsTransferController.java:65) ~[main/:na]
	at com.dws.challenge.ConcurrentTransferTest.lambda$concurrentTransferTest$0(ConcurrentTransferTest.java:77) ~[test/:na]
	at java.base/java.util.concurrent.ThreadPoolExecutor.runWorker(ThreadPoolExecutor.java:1136) ~[na:na]
	at java.base/java.util.concurrent.ThreadPoolExecutor$Worker.run(ThreadPoolExecutor.java:635) ~[na:na]
	at java.base/java.lang.Thread.run(Thread.java:842) ~[na:na]

2024-02-22T22:36:15.250+05:30  INFO 99627 --- [ol-10-thread-14] c.dws.challenge.service.TransferService  : compareBalance -1 
2024-02-22T22:36:15.250+05:30 ERROR 99627 --- [ol-10-thread-15] c.d.c.web.AccountsTransferController     : Exception occurs

com.dws.challenge.exception.InsufficientBalanceException: Insufficient Balance in account Account123
	at com.dws.challenge.service.TransferService.transferAmount(TransferService.java:21) ~[main/:na]
	at com.dws.challenge.web.AccountsTransferController.transferAmount(AccountsTransferController.java:65) ~[main/:na]
	at com.dws.challenge.ConcurrentTransferTest.lambda$concurrentTransferTest$0(ConcurrentTransferTest.java:77) ~[test/:na]
	at java.base/java.util.concurrent.ThreadPoolExecutor.runWorker(ThreadPoolExecutor.java:1136) ~[na:na]
	at java.base/java.util.concurrent.ThreadPoolExecutor$Worker.run(ThreadPoolExecutor.java:635) ~[na:na]
	at java.base/java.lang.Thread.run(Thread.java:842) ~[na:na]

2024-02-22T22:36:15.250+05:30  INFO 99627 --- [ol-10-thread-13] c.dws.challenge.service.TransferService  : compareBalance -1 
2024-02-22T22:36:15.250+05:30 ERROR 99627 --- [ol-10-thread-14] c.d.c.web.AccountsTransferController     : Exception occurs

com.dws.challenge.exception.InsufficientBalanceException: Insufficient Balance in account Account123
	at com.dws.challenge.service.TransferService.transferAmount(TransferService.java:21) ~[main/:na]
	at com.dws.challenge.web.AccountsTransferController.transferAmount(AccountsTransferController.java:65) ~[main/:na]
	at com.dws.challenge.ConcurrentTransferTest.lambda$concurrentTransferTest$0(ConcurrentTransferTest.java:77) ~[test/:na]
	at java.base/java.util.concurrent.ThreadPoolExecutor.runWorker(ThreadPoolExecutor.java:1136) ~[na:na]
	at java.base/java.util.concurrent.ThreadPoolExecutor$Worker.run(ThreadPoolExecutor.java:635) ~[na:na]
	at java.base/java.lang.Thread.run(Thread.java:842) ~[na:na]

2024-02-22T22:36:15.250+05:30  INFO 99627 --- [ol-10-thread-11] c.dws.challenge.service.TransferService  : compareBalance -1 
2024-02-22T22:36:15.250+05:30 ERROR 99627 --- [ol-10-thread-13] c.d.c.web.AccountsTransferController     : Exception occurs

com.dws.challenge.exception.InsufficientBalanceException: Insufficient Balance in account Account123
	at com.dws.challenge.service.TransferService.transferAmount(TransferService.java:21) ~[main/:na]
	at com.dws.challenge.web.AccountsTransferController.transferAmount(AccountsTransferController.java:65) ~[main/:na]
	at com.dws.challenge.ConcurrentTransferTest.lambda$concurrentTransferTest$0(ConcurrentTransferTest.java:77) ~[test/:na]
	at java.base/java.util.concurrent.ThreadPoolExecutor.runWorker(ThreadPoolExecutor.java:1136) ~[na:na]
	at java.base/java.util.concurrent.ThreadPoolExecutor$Worker.run(ThreadPoolExecutor.java:635) ~[na:na]
	at java.base/java.lang.Thread.run(Thread.java:842) ~[na:na]

2024-02-22T22:36:15.251+05:30  INFO 99627 --- [ol-10-thread-12] c.dws.challenge.service.TransferService  : compareBalance -1 
2024-02-22T22:36:15.251+05:30 ERROR 99627 --- [ol-10-thread-11] c.d.c.web.AccountsTransferController     : Exception occurs

com.dws.challenge.exception.InsufficientBalanceException: Insufficient Balance in account Account123
	at com.dws.challenge.service.TransferService.transferAmount(TransferService.java:21) ~[main/:na]
	at com.dws.challenge.web.AccountsTransferController.transferAmount(AccountsTransferController.java:65) ~[main/:na]
	at com.dws.challenge.ConcurrentTransferTest.lambda$concurrentTransferTest$0(ConcurrentTransferTest.java:77) ~[test/:na]
	at java.base/java.util.concurrent.ThreadPoolExecutor.runWorker(ThreadPoolExecutor.java:1136) ~[na:na]
	at java.base/java.util.concurrent.ThreadPoolExecutor$Worker.run(ThreadPoolExecutor.java:635) ~[na:na]
	at java.base/java.lang.Thread.run(Thread.java:842) ~[na:na]

2024-02-22T22:36:15.251+05:30  INFO 99627 --- [ol-10-thread-10] c.dws.challenge.service.TransferService  : compareBalance -1 
2024-02-22T22:36:15.251+05:30 ERROR 99627 --- [ol-10-thread-12] c.d.c.web.AccountsTransferController     : Exception occurs

com.dws.challenge.exception.InsufficientBalanceException: Insufficient Balance in account Account123
	at com.dws.challenge.service.TransferService.transferAmount(TransferService.java:21) ~[main/:na]
	at com.dws.challenge.web.AccountsTransferController.transferAmount(AccountsTransferController.java:65) ~[main/:na]
	at com.dws.challenge.ConcurrentTransferTest.lambda$concurrentTransferTest$0(ConcurrentTransferTest.java:77) ~[test/:na]
	at java.base/java.util.concurrent.ThreadPoolExecutor.runWorker(ThreadPoolExecutor.java:1136) ~[na:na]
	at java.base/java.util.concurrent.ThreadPoolExecutor$Worker.run(ThreadPoolExecutor.java:635) ~[na:na]
	at java.base/java.lang.Thread.run(Thread.java:842) ~[na:na]

2024-02-22T22:36:15.251+05:30  INFO 99627 --- [ool-10-thread-9] c.dws.challenge.service.TransferService  : compareBalance -1 
2024-02-22T22:36:15.251+05:30 ERROR 99627 --- [ol-10-thread-10] c.d.c.web.AccountsTransferController     : Exception occurs

com.dws.challenge.exception.InsufficientBalanceException: Insufficient Balance in account Account123
	at com.dws.challenge.service.TransferService.transferAmount(TransferService.java:21) ~[main/:na]
	at com.dws.challenge.web.AccountsTransferController.transferAmount(AccountsTransferController.java:65) ~[main/:na]
	at com.dws.challenge.ConcurrentTransferTest.lambda$concurrentTransferTest$0(ConcurrentTransferTest.java:77) ~[test/:na]
	at java.base/java.util.concurrent.ThreadPoolExecutor.runWorker(ThreadPoolExecutor.java:1136) ~[na:na]
	at java.base/java.util.concurrent.ThreadPoolExecutor$Worker.run(ThreadPoolExecutor.java:635) ~[na:na]
	at java.base/java.lang.Thread.run(Thread.java:842) ~[na:na]

2024-02-22T22:36:15.252+05:30  INFO 99627 --- [ool-10-thread-1] c.dws.challenge.service.TransferService  : compareBalance -1 
2024-02-22T22:36:15.252+05:30 ERROR 99627 --- [ool-10-thread-9] c.d.c.web.AccountsTransferController     : Exception occurs

com.dws.challenge.exception.InsufficientBalanceException: Insufficient Balance in account Account123
	at com.dws.challenge.service.TransferService.transferAmount(TransferService.java:21) ~[main/:na]
	at com.dws.challenge.web.AccountsTransferController.transferAmount(AccountsTransferController.java:65) ~[main/:na]
	at com.dws.challenge.ConcurrentTransferTest.lambda$concurrentTransferTest$0(ConcurrentTransferTest.java:77) ~[test/:na]
	at java.base/java.util.concurrent.ThreadPoolExecutor.runWorker(ThreadPoolExecutor.java:1136) ~[na:na]
	at java.base/java.util.concurrent.ThreadPoolExecutor$Worker.run(ThreadPoolExecutor.java:635) ~[na:na]
	at java.base/java.lang.Thread.run(Thread.java:842) ~[na:na]

2024-02-22T22:36:15.252+05:30 ERROR 99627 --- [ool-10-thread-1] c.d.c.web.AccountsTransferController     : Exception occurs

com.dws.challenge.exception.InsufficientBalanceException: Insufficient Balance in account Account123
	at com.dws.challenge.service.TransferService.transferAmount(TransferService.java:21) ~[main/:na]
	at com.dws.challenge.web.AccountsTransferController.transferAmount(AccountsTransferController.java:65) ~[main/:na]
	at com.dws.challenge.ConcurrentTransferTest.lambda$concurrentTransferTest$0(ConcurrentTransferTest.java:77) ~[test/:na]
	at java.base/java.util.concurrent.ThreadPoolExecutor.runWorker(ThreadPoolExecutor.java:1136) ~[na:na]
	at java.base/java.util.concurrent.ThreadPoolExecutor$Worker.run(ThreadPoolExecutor.java:635) ~[na:na]
	at java.base/java.lang.Thread.run(Thread.java:842) ~[na:na]

2024-02-22T22:36:15.252+05:30  INFO 99627 --- [ool-10-thread-3] c.dws.challenge.service.TransferService  : compareBalance -1 
2024-02-22T22:36:15.253+05:30  INFO 99627 --- [ool-10-thread-2] c.dws.challenge.service.TransferService  : compareBalance -1 
2024-02-22T22:36:15.253+05:30 ERROR 99627 --- [ool-10-thread-3] c.d.c.web.AccountsTransferController     : Exception occurs

com.dws.challenge.exception.InsufficientBalanceException: Insufficient Balance in account Account123
	at com.dws.challenge.service.TransferService.transferAmount(TransferService.java:21) ~[main/:na]
	at com.dws.challenge.web.AccountsTransferController.transferAmount(AccountsTransferController.java:65) ~[main/:na]
	at com.dws.challenge.ConcurrentTransferTest.lambda$concurrentTransferTest$0(ConcurrentTransferTest.java:77) ~[test/:na]
	at java.base/java.util.concurrent.ThreadPoolExecutor.runWorker(ThreadPoolExecutor.java:1136) ~[na:na]
	at java.base/java.util.concurrent.ThreadPoolExecutor$Worker.run(ThreadPoolExecutor.java:635) ~[na:na]
	at java.base/java.lang.Thread.run(Thread.java:842) ~[na:na]

2024-02-22T22:36:15.253+05:30 ERROR 99627 --- [ool-10-thread-2] c.d.c.web.AccountsTransferController     : Exception occurs

com.dws.challenge.exception.InsufficientBalanceException: Insufficient Balance in account Account123
	at com.dws.challenge.service.TransferService.transferAmount(TransferService.java:21) ~[main/:na]
	at com.dws.challenge.web.AccountsTransferController.transferAmount(AccountsTransferController.java:65) ~[main/:na]
	at com.dws.challenge.ConcurrentTransferTest.lambda$concurrentTransferTest$0(ConcurrentTransferTest.java:77) ~[test/:na]
	at java.base/java.util.concurrent.ThreadPoolExecutor.runWorker(ThreadPoolExecutor.java:1136) ~[na:na]
	at java.base/java.util.concurrent.ThreadPoolExecutor$Worker.run(ThreadPoolExecutor.java:635) ~[na:na]
	at java.base/java.lang.Thread.run(Thread.java:842) ~[na:na]

2024-02-22T22:36:15.253+05:30  INFO 99627 --- [ool-10-thread-8] c.dws.challenge.service.TransferService  : compareBalance -1 
2024-02-22T22:36:15.253+05:30  INFO 99627 --- [ool-10-thread-6] c.dws.challenge.service.TransferService  : compareBalance -1 
2024-02-22T22:36:15.253+05:30 ERROR 99627 --- [ool-10-thread-8] c.d.c.web.AccountsTransferController     : Exception occurs

com.dws.challenge.exception.InsufficientBalanceException: Insufficient Balance in account Account123
	at com.dws.challenge.service.TransferService.transferAmount(TransferService.java:21) ~[main/:na]
	at com.dws.challenge.web.AccountsTransferController.transferAmount(AccountsTransferController.java:65) ~[main/:na]
	at com.dws.challenge.ConcurrentTransferTest.lambda$concurrentTransferTest$0(ConcurrentTransferTest.java:77) ~[test/:na]
	at java.base/java.util.concurrent.ThreadPoolExecutor.runWorker(ThreadPoolExecutor.java:1136) ~[na:na]
	at java.base/java.util.concurrent.ThreadPoolExecutor$Worker.run(ThreadPoolExecutor.java:635) ~[na:na]
	at java.base/java.lang.Thread.run(Thread.java:842) ~[na:na]

2024-02-22T22:36:15.254+05:30  INFO 99627 --- [ol-10-thread-20] c.dws.challenge.service.TransferService  : compareBalance -1 
2024-02-22T22:36:15.254+05:30 ERROR 99627 --- [ool-10-thread-6] c.d.c.web.AccountsTransferController     : Exception occurs

com.dws.challenge.exception.InsufficientBalanceException: Insufficient Balance in account Account123
	at com.dws.challenge.service.TransferService.transferAmount(TransferService.java:21) ~[main/:na]
	at com.dws.challenge.web.AccountsTransferController.transferAmount(AccountsTransferController.java:65) ~[main/:na]
	at com.dws.challenge.ConcurrentTransferTest.lambda$concurrentTransferTest$0(ConcurrentTransferTest.java:77) ~[test/:na]
	at java.base/java.util.concurrent.ThreadPoolExecutor.runWorker(ThreadPoolExecutor.java:1136) ~[na:na]
	at java.base/java.util.concurrent.ThreadPoolExecutor$Worker.run(ThreadPoolExecutor.java:635) ~[na:na]
	at java.base/java.lang.Thread.run(Thread.java:842) ~[na:na]

2024-02-22T22:36:15.254+05:30  INFO 99627 --- [ool-10-thread-7] c.dws.challenge.service.TransferService  : compareBalance -1 
2024-02-22T22:36:15.254+05:30 ERROR 99627 --- [ol-10-thread-20] c.d.c.web.AccountsTransferController     : Exception occurs

com.dws.challenge.exception.InsufficientBalanceException: Insufficient Balance in account Account123
	at com.dws.challenge.service.TransferService.transferAmount(TransferService.java:21) ~[main/:na]
	at com.dws.challenge.web.AccountsTransferController.transferAmount(AccountsTransferController.java:65) ~[main/:na]
	at com.dws.challenge.ConcurrentTransferTest.lambda$concurrentTransferTest$0(ConcurrentTransferTest.java:77) ~[test/:na]
	at java.base/java.util.concurrent.ThreadPoolExecutor.runWorker(ThreadPoolExecutor.java:1136) ~[na:na]
	at java.base/java.util.concurrent.ThreadPoolExecutor$Worker.run(ThreadPoolExecutor.java:635) ~[na:na]
	at java.base/java.lang.Thread.run(Thread.java:842) ~[na:na]

2024-02-22T22:36:15.254+05:30 ERROR 99627 --- [ool-10-thread-7] c.d.c.web.AccountsTransferController     : Exception occurs

com.dws.challenge.exception.InsufficientBalanceException: Insufficient Balance in account Account123
	at com.dws.challenge.service.TransferService.transferAmount(TransferService.java:21) ~[main/:na]
	at com.dws.challenge.web.AccountsTransferController.transferAmount(AccountsTransferController.java:65) ~[main/:na]
	at com.dws.challenge.ConcurrentTransferTest.lambda$concurrentTransferTest$0(ConcurrentTransferTest.java:77) ~[test/:na]
	at java.base/java.util.concurrent.ThreadPoolExecutor.runWorker(ThreadPoolExecutor.java:1136) ~[na:na]
	at java.base/java.util.concurrent.ThreadPoolExecutor$Worker.run(ThreadPoolExecutor.java:635) ~[na:na]
	at java.base/java.lang.Thread.run(Thread.java:842) ~[na:na]

2024-02-22T22:36:15.254+05:30  INFO 99627 --- [ool-10-thread-4] c.dws.challenge.service.TransferService  : compareBalance -1 
2024-02-22T22:36:15.255+05:30  INFO 99627 --- [ol-10-thread-16] c.dws.challenge.service.TransferService  : compareBalance -1 
2024-02-22T22:36:15.255+05:30 ERROR 99627 --- [ool-10-thread-4] c.d.c.web.AccountsTransferController     : Exception occurs

com.dws.challenge.exception.InsufficientBalanceException: Insufficient Balance in account Account123
	at com.dws.challenge.service.TransferService.transferAmount(TransferService.java:21) ~[main/:na]
	at com.dws.challenge.web.AccountsTransferController.transferAmount(AccountsTransferController.java:65) ~[main/:na]
	at com.dws.challenge.ConcurrentTransferTest.lambda$concurrentTransferTest$0(ConcurrentTransferTest.java:77) ~[test/:na]
	at java.base/java.util.concurrent.ThreadPoolExecutor.runWorker(ThreadPoolExecutor.java:1136) ~[na:na]
	at java.base/java.util.concurrent.ThreadPoolExecutor$Worker.run(ThreadPoolExecutor.java:635) ~[na:na]
	at java.base/java.lang.Thread.run(Thread.java:842) ~[na:na]

2024-02-22T22:36:15.255+05:30 ERROR 99627 --- [ol-10-thread-16] c.d.c.web.AccountsTransferController     : Exception occurs

com.dws.challenge.exception.InsufficientBalanceException: Insufficient Balance in account Account123
	at com.dws.challenge.service.TransferService.transferAmount(TransferService.java:21) ~[main/:na]
	at com.dws.challenge.web.AccountsTransferController.transferAmount(AccountsTransferController.java:65) ~[main/:na]
	at com.dws.challenge.ConcurrentTransferTest.lambda$concurrentTransferTest$0(ConcurrentTransferTest.java:77) ~[test/:na]
	at java.base/java.util.concurrent.ThreadPoolExecutor.runWorker(ThreadPoolExecutor.java:1136) ~[na:na]
	at java.base/java.util.concurrent.ThreadPoolExecutor$Worker.run(ThreadPoolExecutor.java:635) ~[na:na]
	at java.base/java.lang.Thread.run(Thread.java:842) ~[na:na]

2024-02-22T22:36:15.270+05:30  INFO 99627 --- [ool-11-thread-3] c.d.c.web.AccountsTransferController     : Transfer Amount  Transfer(accountFrom=Account123, accountTo=Account124, amount=1000)
2024-02-22T22:36:15.270+05:30  INFO 99627 --- [ool-11-thread-1] c.d.c.web.AccountsTransferController     : Transfer Amount  Transfer(accountFrom=Account123, accountTo=Account124, amount=1000)
2024-02-22T22:36:15.271+05:30  INFO 99627 --- [ol-11-thread-18] c.d.c.web.AccountsTransferController     : Transfer Amount  Transfer(accountFrom=Account123, accountTo=Account124, amount=1000)
2024-02-22T22:36:15.270+05:30  INFO 99627 --- [ool-11-thread-4] c.d.c.web.AccountsTransferController     : Transfer Amount  Transfer(accountFrom=Account123, accountTo=Account124, amount=1000)
2024-02-22T22:36:15.270+05:30  INFO 99627 --- [ool-11-thread-5] c.d.c.web.AccountsTransferController     : Transfer Amount  Transfer(accountFrom=Account123, accountTo=Account124, amount=1000)
2024-02-22T22:36:15.270+05:30  INFO 99627 --- [ool-11-thread-6] c.d.c.web.AccountsTransferController     : Transfer Amount  Transfer(accountFrom=Account123, accountTo=Account124, amount=1000)
2024-02-22T22:36:15.270+05:30  INFO 99627 --- [ool-11-thread-2] c.d.c.web.AccountsTransferController     : Transfer Amount  Transfer(accountFrom=Account123, accountTo=Account124, amount=1000)
2024-02-22T22:36:15.270+05:30  INFO 99627 --- [ool-11-thread-8] c.d.c.web.AccountsTransferController     : Transfer Amount  Transfer(accountFrom=Account123, accountTo=Account124, amount=1000)
2024-02-22T22:36:15.270+05:30  INFO 99627 --- [ool-11-thread-9] c.d.c.web.AccountsTransferController     : Transfer Amount  Transfer(accountFrom=Account123, accountTo=Account124, amount=1000)
2024-02-22T22:36:15.270+05:30  INFO 99627 --- [ool-11-thread-7] c.d.c.web.AccountsTransferController     : Transfer Amount  Transfer(accountFrom=Account123, accountTo=Account124, amount=1000)
2024-02-22T22:36:15.271+05:30  INFO 99627 --- [ol-11-thread-11] c.d.c.web.AccountsTransferController     : Transfer Amount  Transfer(accountFrom=Account123, accountTo=Account124, amount=1000)
2024-02-22T22:36:15.271+05:30  INFO 99627 --- [ol-11-thread-10] c.d.c.web.AccountsTransferController     : Transfer Amount  Transfer(accountFrom=Account123, accountTo=Account124, amount=1000)
2024-02-22T22:36:15.271+05:30  INFO 99627 --- [ol-11-thread-12] c.d.c.web.AccountsTransferController     : Transfer Amount  Transfer(accountFrom=Account123, accountTo=Account124, amount=1000)
2024-02-22T22:36:15.271+05:30  INFO 99627 --- [ol-11-thread-13] c.d.c.web.AccountsTransferController     : Transfer Amount  Transfer(accountFrom=Account123, accountTo=Account124, amount=1000)
2024-02-22T22:36:15.271+05:30  INFO 99627 --- [ool-11-thread-3] c.dws.challenge.service.TransferService  : compareBalance 0 
2024-02-22T22:36:15.271+05:30  INFO 99627 --- [ol-11-thread-14] c.d.c.web.AccountsTransferController     : Transfer Amount  Transfer(accountFrom=Account123, accountTo=Account124, amount=1000)
2024-02-22T22:36:15.271+05:30  INFO 99627 --- [ol-11-thread-16] c.d.c.web.AccountsTransferController     : Transfer Amount  Transfer(accountFrom=Account123, accountTo=Account124, amount=1000)
2024-02-22T22:36:15.271+05:30  INFO 99627 --- [ol-11-thread-17] c.d.c.web.AccountsTransferController     : Transfer Amount  Transfer(accountFrom=Account123, accountTo=Account124, amount=1000)
2024-02-22T22:36:15.271+05:30  INFO 99627 --- [ol-11-thread-15] c.d.c.web.AccountsTransferController     : Transfer Amount  Transfer(accountFrom=Account123, accountTo=Account124, amount=1000)
2024-02-22T22:36:15.271+05:30  INFO 99627 --- [ol-11-thread-20] c.d.c.web.AccountsTransferController     : Transfer Amount  Transfer(accountFrom=Account123, accountTo=Account124, amount=1000)
2024-02-22T22:36:15.271+05:30  INFO 99627 --- [ol-11-thread-19] c.d.c.web.AccountsTransferController     : Transfer Amount  Transfer(accountFrom=Account123, accountTo=Account124, amount=1000)
2024-02-22T22:36:15.273+05:30  INFO 99627 --- [ool-11-thread-3] c.d.c.web.AccountsTransferController     : notification sent successfully
2024-02-22T22:36:15.273+05:30  INFO 99627 --- [ol-11-thread-19] c.dws.challenge.service.TransferService  : compareBalance -1 
2024-02-22T22:36:15.274+05:30  INFO 99627 --- [ol-11-thread-20] c.dws.challenge.service.TransferService  : compareBalance -1 
2024-02-22T22:36:15.274+05:30 ERROR 99627 --- [ol-11-thread-19] c.d.c.web.AccountsTransferController     : Exception occurs

com.dws.challenge.exception.InsufficientBalanceException: Insufficient Balance in account Account123
	at com.dws.challenge.service.TransferService.transferAmount(TransferService.java:21) ~[main/:na]
	at com.dws.challenge.web.AccountsTransferController.transferAmount(AccountsTransferController.java:65) ~[main/:na]
	at com.dws.challenge.ConcurrentTransferTest.lambda$concurrentTransferTest$0(ConcurrentTransferTest.java:77) ~[test/:na]
	at java.base/java.util.concurrent.ThreadPoolExecutor.runWorker(ThreadPoolExecutor.java:1136) ~[na:na]
	at java.base/java.util.concurrent.ThreadPoolExecutor$Worker.run(ThreadPoolExecutor.java:635) ~[na:na]
	at java.base/java.lang.Thread.run(Thread.java:842) ~[na:na]

2024-02-22T22:36:15.274+05:30  INFO 99627 --- [ol-11-thread-15] c.dws.challenge.service.TransferService  : compareBalance -1 
2024-02-22T22:36:15.274+05:30 ERROR 99627 --- [ol-11-thread-20] c.d.c.web.AccountsTransferController     : Exception occurs

com.dws.challenge.exception.InsufficientBalanceException: Insufficient Balance in account Account123
	at com.dws.challenge.service.TransferService.transferAmount(TransferService.java:21) ~[main/:na]
	at com.dws.challenge.web.AccountsTransferController.transferAmount(AccountsTransferController.java:65) ~[main/:na]
	at com.dws.challenge.ConcurrentTransferTest.lambda$concurrentTransferTest$0(ConcurrentTransferTest.java:77) ~[test/:na]
	at java.base/java.util.concurrent.ThreadPoolExecutor.runWorker(ThreadPoolExecutor.java:1136) ~[na:na]
	at java.base/java.util.concurrent.ThreadPoolExecutor$Worker.run(ThreadPoolExecutor.java:635) ~[na:na]
	at java.base/java.lang.Thread.run(Thread.java:842) ~[na:na]

2024-02-22T22:36:15.274+05:30  INFO 99627 --- [ol-11-thread-17] c.dws.challenge.service.TransferService  : compareBalance -1 
2024-02-22T22:36:15.274+05:30 ERROR 99627 --- [ol-11-thread-15] c.d.c.web.AccountsTransferController     : Exception occurs

com.dws.challenge.exception.InsufficientBalanceException: Insufficient Balance in account Account123
	at com.dws.challenge.service.TransferService.transferAmount(TransferService.java:21) ~[main/:na]
	at com.dws.challenge.web.AccountsTransferController.transferAmount(AccountsTransferController.java:65) ~[main/:na]
	at com.dws.challenge.ConcurrentTransferTest.lambda$concurrentTransferTest$0(ConcurrentTransferTest.java:77) ~[test/:na]
	at java.base/java.util.concurrent.ThreadPoolExecutor.runWorker(ThreadPoolExecutor.java:1136) ~[na:na]
	at java.base/java.util.concurrent.ThreadPoolExecutor$Worker.run(ThreadPoolExecutor.java:635) ~[na:na]
	at java.base/java.lang.Thread.run(Thread.java:842) ~[na:na]

2024-02-22T22:36:15.274+05:30  INFO 99627 --- [ol-11-thread-16] c.dws.challenge.service.TransferService  : compareBalance -1 
2024-02-22T22:36:15.274+05:30 ERROR 99627 --- [ol-11-thread-17] c.d.c.web.AccountsTransferController     : Exception occurs

com.dws.challenge.exception.InsufficientBalanceException: Insufficient Balance in account Account123
	at com.dws.challenge.service.TransferService.transferAmount(TransferService.java:21) ~[main/:na]
	at com.dws.challenge.web.AccountsTransferController.transferAmount(AccountsTransferController.java:65) ~[main/:na]
	at com.dws.challenge.ConcurrentTransferTest.lambda$concurrentTransferTest$0(ConcurrentTransferTest.java:77) ~[test/:na]
	at java.base/java.util.concurrent.ThreadPoolExecutor.runWorker(ThreadPoolExecutor.java:1136) ~[na:na]
	at java.base/java.util.concurrent.ThreadPoolExecutor$Worker.run(ThreadPoolExecutor.java:635) ~[na:na]
	at java.base/java.lang.Thread.run(Thread.java:842) ~[na:na]

2024-02-22T22:36:15.275+05:30  INFO 99627 --- [ol-11-thread-14] c.dws.challenge.service.TransferService  : compareBalance -1 
2024-02-22T22:36:15.275+05:30 ERROR 99627 --- [ol-11-thread-16] c.d.c.web.AccountsTransferController     : Exception occurs

com.dws.challenge.exception.InsufficientBalanceException: Insufficient Balance in account Account123
	at com.dws.challenge.service.TransferService.transferAmount(TransferService.java:21) ~[main/:na]
	at com.dws.challenge.web.AccountsTransferController.transferAmount(AccountsTransferController.java:65) ~[main/:na]
	at com.dws.challenge.ConcurrentTransferTest.lambda$concurrentTransferTest$0(ConcurrentTransferTest.java:77) ~[test/:na]
	at java.base/java.util.concurrent.ThreadPoolExecutor.runWorker(ThreadPoolExecutor.java:1136) ~[na:na]
	at java.base/java.util.concurrent.ThreadPoolExecutor$Worker.run(ThreadPoolExecutor.java:635) ~[na:na]
	at java.base/java.lang.Thread.run(Thread.java:842) ~[na:na]

2024-02-22T22:36:15.275+05:30 ERROR 99627 --- [ol-11-thread-14] c.d.c.web.AccountsTransferController     : Exception occurs

com.dws.challenge.exception.InsufficientBalanceException: Insufficient Balance in account Account123
	at com.dws.challenge.service.TransferService.transferAmount(TransferService.java:21) ~[main/:na]
	at com.dws.challenge.web.AccountsTransferController.transferAmount(AccountsTransferController.java:65) ~[main/:na]
	at com.dws.challenge.ConcurrentTransferTest.lambda$concurrentTransferTest$0(ConcurrentTransferTest.java:77) ~[test/:na]
	at java.base/java.util.concurrent.ThreadPoolExecutor.runWorker(ThreadPoolExecutor.java:1136) ~[na:na]
	at java.base/java.util.concurrent.ThreadPoolExecutor$Worker.run(ThreadPoolExecutor.java:635) ~[na:na]
	at java.base/java.lang.Thread.run(Thread.java:842) ~[na:na]

2024-02-22T22:36:15.275+05:30  INFO 99627 --- [ol-11-thread-13] c.dws.challenge.service.TransferService  : compareBalance -1 
2024-02-22T22:36:15.275+05:30  INFO 99627 --- [ol-11-thread-12] c.dws.challenge.service.TransferService  : compareBalance -1 
2024-02-22T22:36:15.275+05:30  INFO 99627 --- [ol-11-thread-10] c.dws.challenge.service.TransferService  : compareBalance -1 
2024-02-22T22:36:15.275+05:30 ERROR 99627 --- [ol-11-thread-13] c.d.c.web.AccountsTransferController     : Exception occurs

com.dws.challenge.exception.InsufficientBalanceException: Insufficient Balance in account Account123
	at com.dws.challenge.service.TransferService.transferAmount(TransferService.java:21) ~[main/:na]
	at com.dws.challenge.web.AccountsTransferController.transferAmount(AccountsTransferController.java:65) ~[main/:na]
	at com.dws.challenge.ConcurrentTransferTest.lambda$concurrentTransferTest$0(ConcurrentTransferTest.java:77) ~[test/:na]
	at java.base/java.util.concurrent.ThreadPoolExecutor.runWorker(ThreadPoolExecutor.java:1136) ~[na:na]
	at java.base/java.util.concurrent.ThreadPoolExecutor$Worker.run(ThreadPoolExecutor.java:635) ~[na:na]
	at java.base/java.lang.Thread.run(Thread.java:842) ~[na:na]

2024-02-22T22:36:15.275+05:30 ERROR 99627 --- [ol-11-thread-12] c.d.c.web.AccountsTransferController     : Exception occurs

com.dws.challenge.exception.InsufficientBalanceException: Insufficient Balance in account Account123
	at com.dws.challenge.service.TransferService.transferAmount(TransferService.java:21) ~[main/:na]
	at com.dws.challenge.web.AccountsTransferController.transferAmount(AccountsTransferController.java:65) ~[main/:na]
	at com.dws.challenge.ConcurrentTransferTest.lambda$concurrentTransferTest$0(ConcurrentTransferTest.java:77) ~[test/:na]
	at java.base/java.util.concurrent.ThreadPoolExecutor.runWorker(ThreadPoolExecutor.java:1136) ~[na:na]
	at java.base/java.util.concurrent.ThreadPoolExecutor$Worker.run(ThreadPoolExecutor.java:635) ~[na:na]
	at java.base/java.lang.Thread.run(Thread.java:842) ~[na:na]

2024-02-22T22:36:15.276+05:30  INFO 99627 --- [ol-11-thread-11] c.dws.challenge.service.TransferService  : compareBalance -1 
2024-02-22T22:36:15.276+05:30 ERROR 99627 --- [ol-11-thread-10] c.d.c.web.AccountsTransferController     : Exception occurs

com.dws.challenge.exception.InsufficientBalanceException: Insufficient Balance in account Account123
	at com.dws.challenge.service.TransferService.transferAmount(TransferService.java:21) ~[main/:na]
	at com.dws.challenge.web.AccountsTransferController.transferAmount(AccountsTransferController.java:65) ~[main/:na]
	at com.dws.challenge.ConcurrentTransferTest.lambda$concurrentTransferTest$0(ConcurrentTransferTest.java:77) ~[test/:na]
	at java.base/java.util.concurrent.ThreadPoolExecutor.runWorker(ThreadPoolExecutor.java:1136) ~[na:na]
	at java.base/java.util.concurrent.ThreadPoolExecutor$Worker.run(ThreadPoolExecutor.java:635) ~[na:na]
	at java.base/java.lang.Thread.run(Thread.java:842) ~[na:na]

2024-02-22T22:36:15.276+05:30  INFO 99627 --- [ool-11-thread-7] c.dws.challenge.service.TransferService  : compareBalance -1 
2024-02-22T22:36:15.276+05:30 ERROR 99627 --- [ol-11-thread-11] c.d.c.web.AccountsTransferController     : Exception occurs

com.dws.challenge.exception.InsufficientBalanceException: Insufficient Balance in account Account123
	at com.dws.challenge.service.TransferService.transferAmount(TransferService.java:21) ~[main/:na]
	at com.dws.challenge.web.AccountsTransferController.transferAmount(AccountsTransferController.java:65) ~[main/:na]
	at com.dws.challenge.ConcurrentTransferTest.lambda$concurrentTransferTest$0(ConcurrentTransferTest.java:77) ~[test/:na]
	at java.base/java.util.concurrent.ThreadPoolExecutor.runWorker(ThreadPoolExecutor.java:1136) ~[na:na]
	at java.base/java.util.concurrent.ThreadPoolExecutor$Worker.run(ThreadPoolExecutor.java:635) ~[na:na]
	at java.base/java.lang.Thread.run(Thread.java:842) ~[na:na]

2024-02-22T22:36:15.276+05:30  INFO 99627 --- [ool-11-thread-9] c.dws.challenge.service.TransferService  : compareBalance -1 
2024-02-22T22:36:15.276+05:30 ERROR 99627 --- [ool-11-thread-7] c.d.c.web.AccountsTransferController     : Exception occurs

com.dws.challenge.exception.InsufficientBalanceException: Insufficient Balance in account Account123
	at com.dws.challenge.service.TransferService.transferAmount(TransferService.java:21) ~[main/:na]
	at com.dws.challenge.web.AccountsTransferController.transferAmount(AccountsTransferController.java:65) ~[main/:na]
	at com.dws.challenge.ConcurrentTransferTest.lambda$concurrentTransferTest$0(ConcurrentTransferTest.java:77) ~[test/:na]
	at java.base/java.util.concurrent.ThreadPoolExecutor.runWorker(ThreadPoolExecutor.java:1136) ~[na:na]
	at java.base/java.util.concurrent.ThreadPoolExecutor$Worker.run(ThreadPoolExecutor.java:635) ~[na:na]
	at java.base/java.lang.Thread.run(Thread.java:842) ~[na:na]

2024-02-22T22:36:15.277+05:30  INFO 99627 --- [ool-11-thread-8] c.dws.challenge.service.TransferService  : compareBalance -1 
2024-02-22T22:36:15.277+05:30 ERROR 99627 --- [ool-11-thread-9] c.d.c.web.AccountsTransferController     : Exception occurs

com.dws.challenge.exception.InsufficientBalanceException: Insufficient Balance in account Account123
	at com.dws.challenge.service.TransferService.transferAmount(TransferService.java:21) ~[main/:na]
	at com.dws.challenge.web.AccountsTransferController.transferAmount(AccountsTransferController.java:65) ~[main/:na]
	at com.dws.challenge.ConcurrentTransferTest.lambda$concurrentTransferTest$0(ConcurrentTransferTest.java:77) ~[test/:na]
	at java.base/java.util.concurrent.ThreadPoolExecutor.runWorker(ThreadPoolExecutor.java:1136) ~[na:na]
	at java.base/java.util.concurrent.ThreadPoolExecutor$Worker.run(ThreadPoolExecutor.java:635) ~[na:na]
	at java.base/java.lang.Thread.run(Thread.java:842) ~[na:na]

2024-02-22T22:36:15.277+05:30  INFO 99627 --- [ool-11-thread-2] c.dws.challenge.service.TransferService  : compareBalance -1 
2024-02-22T22:36:15.277+05:30 ERROR 99627 --- [ool-11-thread-8] c.d.c.web.AccountsTransferController     : Exception occurs

com.dws.challenge.exception.InsufficientBalanceException: Insufficient Balance in account Account123
	at com.dws.challenge.service.TransferService.transferAmount(TransferService.java:21) ~[main/:na]
	at com.dws.challenge.web.AccountsTransferController.transferAmount(AccountsTransferController.java:65) ~[main/:na]
	at com.dws.challenge.ConcurrentTransferTest.lambda$concurrentTransferTest$0(ConcurrentTransferTest.java:77) ~[test/:na]
	at java.base/java.util.concurrent.ThreadPoolExecutor.runWorker(ThreadPoolExecutor.java:1136) ~[na:na]
	at java.base/java.util.concurrent.ThreadPoolExecutor$Worker.run(ThreadPoolExecutor.java:635) ~[na:na]
	at java.base/java.lang.Thread.run(Thread.java:842) ~[na:na]

2024-02-22T22:36:15.277+05:30  INFO 99627 --- [ool-11-thread-6] c.dws.challenge.service.TransferService  : compareBalance -1 
2024-02-22T22:36:15.277+05:30 ERROR 99627 --- [ool-11-thread-2] c.d.c.web.AccountsTransferController     : Exception occurs

com.dws.challenge.exception.InsufficientBalanceException: Insufficient Balance in account Account123
	at com.dws.challenge.service.TransferService.transferAmount(TransferService.java:21) ~[main/:na]
	at com.dws.challenge.web.AccountsTransferController.transferAmount(AccountsTransferController.java:65) ~[main/:na]
	at com.dws.challenge.ConcurrentTransferTest.lambda$concurrentTransferTest$0(ConcurrentTransferTest.java:77) ~[test/:na]
	at java.base/java.util.concurrent.ThreadPoolExecutor.runWorker(ThreadPoolExecutor.java:1136) ~[na:na]
	at java.base/java.util.concurrent.ThreadPoolExecutor$Worker.run(ThreadPoolExecutor.java:635) ~[na:na]
	at java.base/java.lang.Thread.run(Thread.java:842) ~[na:na]

2024-02-22T22:36:15.277+05:30  INFO 99627 --- [ool-11-thread-5] c.dws.challenge.service.TransferService  : compareBalance -1 
2024-02-22T22:36:15.277+05:30 ERROR 99627 --- [ool-11-thread-6] c.d.c.web.AccountsTransferController     : Exception occurs

com.dws.challenge.exception.InsufficientBalanceException: Insufficient Balance in account Account123
	at com.dws.challenge.service.TransferService.transferAmount(TransferService.java:21) ~[main/:na]
	at com.dws.challenge.web.AccountsTransferController.transferAmount(AccountsTransferController.java:65) ~[main/:na]
	at com.dws.challenge.ConcurrentTransferTest.lambda$concurrentTransferTest$0(ConcurrentTransferTest.java:77) ~[test/:na]
	at java.base/java.util.concurrent.ThreadPoolExecutor.runWorker(ThreadPoolExecutor.java:1136) ~[na:na]
	at java.base/java.util.concurrent.ThreadPoolExecutor$Worker.run(ThreadPoolExecutor.java:635) ~[na:na]
	at java.base/java.lang.Thread.run(Thread.java:842) ~[na:na]

2024-02-22T22:36:15.277+05:30  INFO 99627 --- [ool-11-thread-4] c.dws.challenge.service.TransferService  : compareBalance -1 
2024-02-22T22:36:15.277+05:30 ERROR 99627 --- [ool-11-thread-5] c.d.c.web.AccountsTransferController     : Exception occurs

com.dws.challenge.exception.InsufficientBalanceException: Insufficient Balance in account Account123
	at com.dws.challenge.service.TransferService.transferAmount(TransferService.java:21) ~[main/:na]
	at com.dws.challenge.web.AccountsTransferController.transferAmount(AccountsTransferController.java:65) ~[main/:na]
	at com.dws.challenge.ConcurrentTransferTest.lambda$concurrentTransferTest$0(ConcurrentTransferTest.java:77) ~[test/:na]
	at java.base/java.util.concurrent.ThreadPoolExecutor.runWorker(ThreadPoolExecutor.java:1136) ~[na:na]
	at java.base/java.util.concurrent.ThreadPoolExecutor$Worker.run(ThreadPoolExecutor.java:635) ~[na:na]
	at java.base/java.lang.Thread.run(Thread.java:842) ~[na:na]

2024-02-22T22:36:15.278+05:30 ERROR 99627 --- [ool-11-thread-4] c.d.c.web.AccountsTransferController     : Exception occurs

com.dws.challenge.exception.InsufficientBalanceException: Insufficient Balance in account Account123
	at com.dws.challenge.service.TransferService.transferAmount(TransferService.java:21) ~[main/:na]
	at com.dws.challenge.web.AccountsTransferController.transferAmount(AccountsTransferController.java:65) ~[main/:na]
	at com.dws.challenge.ConcurrentTransferTest.lambda$concurrentTransferTest$0(ConcurrentTransferTest.java:77) ~[test/:na]
	at java.base/java.util.concurrent.ThreadPoolExecutor.runWorker(ThreadPoolExecutor.java:1136) ~[na:na]
	at java.base/java.util.concurrent.ThreadPoolExecutor$Worker.run(ThreadPoolExecutor.java:635) ~[na:na]
	at java.base/java.lang.Thread.run(Thread.java:842) ~[na:na]

2024-02-22T22:36:15.278+05:30  INFO 99627 --- [ol-11-thread-18] c.dws.challenge.service.TransferService  : compareBalance -1 
2024-02-22T22:36:15.278+05:30  INFO 99627 --- [ool-11-thread-1] c.dws.challenge.service.TransferService  : compareBalance -1 
2024-02-22T22:36:15.278+05:30 ERROR 99627 --- [ol-11-thread-18] c.d.c.web.AccountsTransferController     : Exception occurs

com.dws.challenge.exception.InsufficientBalanceException: Insufficient Balance in account Account123
	at com.dws.challenge.service.TransferService.transferAmount(TransferService.java:21) ~[main/:na]
	at com.dws.challenge.web.AccountsTransferController.transferAmount(AccountsTransferController.java:65) ~[main/:na]
	at com.dws.challenge.ConcurrentTransferTest.lambda$concurrentTransferTest$0(ConcurrentTransferTest.java:77) ~[test/:na]
	at java.base/java.util.concurrent.ThreadPoolExecutor.runWorker(ThreadPoolExecutor.java:1136) ~[na:na]
	at java.base/java.util.concurrent.ThreadPoolExecutor$Worker.run(ThreadPoolExecutor.java:635) ~[na:na]
	at java.base/java.lang.Thread.run(Thread.java:842) ~[na:na]

2024-02-22T22:36:15.278+05:30 ERROR 99627 --- [ool-11-thread-1] c.d.c.web.AccountsTransferController     : Exception occurs

com.dws.challenge.exception.InsufficientBalanceException: Insufficient Balance in account Account123
	at com.dws.challenge.service.TransferService.transferAmount(TransferService.java:21) ~[main/:na]
	at com.dws.challenge.web.AccountsTransferController.transferAmount(AccountsTransferController.java:65) ~[main/:na]
	at com.dws.challenge.ConcurrentTransferTest.lambda$concurrentTransferTest$0(ConcurrentTransferTest.java:77) ~[test/:na]
	at java.base/java.util.concurrent.ThreadPoolExecutor.runWorker(ThreadPoolExecutor.java:1136) ~[na:na]
	at java.base/java.util.concurrent.ThreadPoolExecutor$Worker.run(ThreadPoolExecutor.java:635) ~[na:na]
	at java.base/java.lang.Thread.run(Thread.java:842) ~[na:na]

2024-02-22T22:36:15.296+05:30  INFO 99627 --- [ool-12-thread-1] c.d.c.web.AccountsTransferController     : Transfer Amount  Transfer(accountFrom=Account123, accountTo=Account124, amount=1000)
2024-02-22T22:36:15.296+05:30  INFO 99627 --- [ool-12-thread-5] c.d.c.web.AccountsTransferController     : Transfer Amount  Transfer(accountFrom=Account123, accountTo=Account124, amount=1000)
2024-02-22T22:36:15.296+05:30  INFO 99627 --- [ool-12-thread-2] c.d.c.web.AccountsTransferController     : Transfer Amount  Transfer(accountFrom=Account123, accountTo=Account124, amount=1000)
2024-02-22T22:36:15.296+05:30  INFO 99627 --- [ool-12-thread-4] c.d.c.web.AccountsTransferController     : Transfer Amount  Transfer(accountFrom=Account123, accountTo=Account124, amount=1000)
2024-02-22T22:36:15.296+05:30  INFO 99627 --- [ool-12-thread-7] c.d.c.web.AccountsTransferController     : Transfer Amount  Transfer(accountFrom=Account123, accountTo=Account124, amount=1000)
2024-02-22T22:36:15.296+05:30  INFO 99627 --- [ool-12-thread-6] c.d.c.web.AccountsTransferController     : Transfer Amount  Transfer(accountFrom=Account123, accountTo=Account124, amount=1000)
2024-02-22T22:36:15.296+05:30  INFO 99627 --- [ol-12-thread-20] c.d.c.web.AccountsTransferController     : Transfer Amount  Transfer(accountFrom=Account123, accountTo=Account124, amount=1000)
2024-02-22T22:36:15.296+05:30  INFO 99627 --- [ool-12-thread-3] c.d.c.web.AccountsTransferController     : Transfer Amount  Transfer(accountFrom=Account123, accountTo=Account124, amount=1000)
2024-02-22T22:36:15.297+05:30  INFO 99627 --- [ool-12-thread-9] c.d.c.web.AccountsTransferController     : Transfer Amount  Transfer(accountFrom=Account123, accountTo=Account124, amount=1000)
2024-02-22T22:36:15.297+05:30  INFO 99627 --- [ol-12-thread-11] c.d.c.web.AccountsTransferController     : Transfer Amount  Transfer(accountFrom=Account123, accountTo=Account124, amount=1000)
2024-02-22T22:36:15.297+05:30  INFO 99627 --- [ool-12-thread-8] c.d.c.web.AccountsTransferController     : Transfer Amount  Transfer(accountFrom=Account123, accountTo=Account124, amount=1000)
2024-02-22T22:36:15.297+05:30  INFO 99627 --- [ol-12-thread-10] c.d.c.web.AccountsTransferController     : Transfer Amount  Transfer(accountFrom=Account123, accountTo=Account124, amount=1000)
2024-02-22T22:36:15.297+05:30  INFO 99627 --- [ol-12-thread-12] c.d.c.web.AccountsTransferController     : Transfer Amount  Transfer(accountFrom=Account123, accountTo=Account124, amount=1000)
2024-02-22T22:36:15.297+05:30  INFO 99627 --- [ol-12-thread-14] c.d.c.web.AccountsTransferController     : Transfer Amount  Transfer(accountFrom=Account123, accountTo=Account124, amount=1000)
2024-02-22T22:36:15.297+05:30  INFO 99627 --- [ol-12-thread-13] c.d.c.web.AccountsTransferController     : Transfer Amount  Transfer(accountFrom=Account123, accountTo=Account124, amount=1000)
2024-02-22T22:36:15.297+05:30  INFO 99627 --- [ol-12-thread-15] c.d.c.web.AccountsTransferController     : Transfer Amount  Transfer(accountFrom=Account123, accountTo=Account124, amount=1000)
2024-02-22T22:36:15.297+05:30  INFO 99627 --- [ol-12-thread-16] c.d.c.web.AccountsTransferController     : Transfer Amount  Transfer(accountFrom=Account123, accountTo=Account124, amount=1000)
2024-02-22T22:36:15.297+05:30  INFO 99627 --- [ool-12-thread-1] c.dws.challenge.service.TransferService  : compareBalance 0 
2024-02-22T22:36:15.297+05:30  INFO 99627 --- [ol-12-thread-17] c.d.c.web.AccountsTransferController     : Transfer Amount  Transfer(accountFrom=Account123, accountTo=Account124, amount=1000)
2024-02-22T22:36:15.297+05:30  INFO 99627 --- [ol-12-thread-18] c.d.c.web.AccountsTransferController     : Transfer Amount  Transfer(accountFrom=Account123, accountTo=Account124, amount=1000)
2024-02-22T22:36:15.297+05:30  INFO 99627 --- [ol-12-thread-19] c.d.c.web.AccountsTransferController     : Transfer Amount  Transfer(accountFrom=Account123, accountTo=Account124, amount=1000)
2024-02-22T22:36:15.299+05:30  INFO 99627 --- [ool-12-thread-1] c.d.c.web.AccountsTransferController     : notification sent successfully
2024-02-22T22:36:15.299+05:30  INFO 99627 --- [ol-12-thread-19] c.dws.challenge.service.TransferService  : compareBalance -1 
2024-02-22T22:36:15.300+05:30  INFO 99627 --- [ol-12-thread-18] c.dws.challenge.service.TransferService  : compareBalance -1 
2024-02-22T22:36:15.300+05:30 ERROR 99627 --- [ol-12-thread-19] c.d.c.web.AccountsTransferController     : Exception occurs

com.dws.challenge.exception.InsufficientBalanceException: Insufficient Balance in account Account123
	at com.dws.challenge.service.TransferService.transferAmount(TransferService.java:21) ~[main/:na]
	at com.dws.challenge.web.AccountsTransferController.transferAmount(AccountsTransferController.java:65) ~[main/:na]
	at com.dws.challenge.ConcurrentTransferTest.lambda$concurrentTransferTest$0(ConcurrentTransferTest.java:77) ~[test/:na]
	at java.base/java.util.concurrent.ThreadPoolExecutor.runWorker(ThreadPoolExecutor.java:1136) ~[na:na]
	at java.base/java.util.concurrent.ThreadPoolExecutor$Worker.run(ThreadPoolExecutor.java:635) ~[na:na]
	at java.base/java.lang.Thread.run(Thread.java:842) ~[na:na]

2024-02-22T22:36:15.300+05:30  INFO 99627 --- [ol-12-thread-17] c.dws.challenge.service.TransferService  : compareBalance -1 
2024-02-22T22:36:15.300+05:30 ERROR 99627 --- [ol-12-thread-18] c.d.c.web.AccountsTransferController     : Exception occurs

com.dws.challenge.exception.InsufficientBalanceException: Insufficient Balance in account Account123
	at com.dws.challenge.service.TransferService.transferAmount(TransferService.java:21) ~[main/:na]
	at com.dws.challenge.web.AccountsTransferController.transferAmount(AccountsTransferController.java:65) ~[main/:na]
	at com.dws.challenge.ConcurrentTransferTest.lambda$concurrentTransferTest$0(ConcurrentTransferTest.java:77) ~[test/:na]
	at java.base/java.util.concurrent.ThreadPoolExecutor.runWorker(ThreadPoolExecutor.java:1136) ~[na:na]
	at java.base/java.util.concurrent.ThreadPoolExecutor$Worker.run(ThreadPoolExecutor.java:635) ~[na:na]
	at java.base/java.lang.Thread.run(Thread.java:842) ~[na:na]

2024-02-22T22:36:15.300+05:30  INFO 99627 --- [ol-12-thread-16] c.dws.challenge.service.TransferService  : compareBalance -1 
2024-02-22T22:36:15.300+05:30 ERROR 99627 --- [ol-12-thread-17] c.d.c.web.AccountsTransferController     : Exception occurs

com.dws.challenge.exception.InsufficientBalanceException: Insufficient Balance in account Account123
	at com.dws.challenge.service.TransferService.transferAmount(TransferService.java:21) ~[main/:na]
	at com.dws.challenge.web.AccountsTransferController.transferAmount(AccountsTransferController.java:65) ~[main/:na]
	at com.dws.challenge.ConcurrentTransferTest.lambda$concurrentTransferTest$0(ConcurrentTransferTest.java:77) ~[test/:na]
	at java.base/java.util.concurrent.ThreadPoolExecutor.runWorker(ThreadPoolExecutor.java:1136) ~[na:na]
	at java.base/java.util.concurrent.ThreadPoolExecutor$Worker.run(ThreadPoolExecutor.java:635) ~[na:na]
	at java.base/java.lang.Thread.run(Thread.java:842) ~[na:na]

2024-02-22T22:36:15.300+05:30  INFO 99627 --- [ol-12-thread-15] c.dws.challenge.service.TransferService  : compareBalance -1 
2024-02-22T22:36:15.300+05:30 ERROR 99627 --- [ol-12-thread-16] c.d.c.web.AccountsTransferController     : Exception occurs

com.dws.challenge.exception.InsufficientBalanceException: Insufficient Balance in account Account123
	at com.dws.challenge.service.TransferService.transferAmount(TransferService.java:21) ~[main/:na]
	at com.dws.challenge.web.AccountsTransferController.transferAmount(AccountsTransferController.java:65) ~[main/:na]
	at com.dws.challenge.ConcurrentTransferTest.lambda$concurrentTransferTest$0(ConcurrentTransferTest.java:77) ~[test/:na]
	at java.base/java.util.concurrent.ThreadPoolExecutor.runWorker(ThreadPoolExecutor.java:1136) ~[na:na]
	at java.base/java.util.concurrent.ThreadPoolExecutor$Worker.run(ThreadPoolExecutor.java:635) ~[na:na]
	at java.base/java.lang.Thread.run(Thread.java:842) ~[na:na]

2024-02-22T22:36:15.301+05:30  INFO 99627 --- [ol-12-thread-13] c.dws.challenge.service.TransferService  : compareBalance -1 
2024-02-22T22:36:15.300+05:30 ERROR 99627 --- [ol-12-thread-15] c.d.c.web.AccountsTransferController     : Exception occurs

com.dws.challenge.exception.InsufficientBalanceException: Insufficient Balance in account Account123
	at com.dws.challenge.service.TransferService.transferAmount(TransferService.java:21) ~[main/:na]
	at com.dws.challenge.web.AccountsTransferController.transferAmount(AccountsTransferController.java:65) ~[main/:na]
	at com.dws.challenge.ConcurrentTransferTest.lambda$concurrentTransferTest$0(ConcurrentTransferTest.java:77) ~[test/:na]
	at java.base/java.util.concurrent.ThreadPoolExecutor.runWorker(ThreadPoolExecutor.java:1136) ~[na:na]
	at java.base/java.util.concurrent.ThreadPoolExecutor$Worker.run(ThreadPoolExecutor.java:635) ~[na:na]
	at java.base/java.lang.Thread.run(Thread.java:842) ~[na:na]

2024-02-22T22:36:15.301+05:30  INFO 99627 --- [ol-12-thread-14] c.dws.challenge.service.TransferService  : compareBalance -1 
2024-02-22T22:36:15.301+05:30 ERROR 99627 --- [ol-12-thread-13] c.d.c.web.AccountsTransferController     : Exception occurs

com.dws.challenge.exception.InsufficientBalanceException: Insufficient Balance in account Account123
	at com.dws.challenge.service.TransferService.transferAmount(TransferService.java:21) ~[main/:na]
	at com.dws.challenge.web.AccountsTransferController.transferAmount(AccountsTransferController.java:65) ~[main/:na]
	at com.dws.challenge.ConcurrentTransferTest.lambda$concurrentTransferTest$0(ConcurrentTransferTest.java:77) ~[test/:na]
	at java.base/java.util.concurrent.ThreadPoolExecutor.runWorker(ThreadPoolExecutor.java:1136) ~[na:na]
	at java.base/java.util.concurrent.ThreadPoolExecutor$Worker.run(ThreadPoolExecutor.java:635) ~[na:na]
	at java.base/java.lang.Thread.run(Thread.java:842) ~[na:na]

2024-02-22T22:36:15.301+05:30  INFO 99627 --- [ol-12-thread-12] c.dws.challenge.service.TransferService  : compareBalance -1 
2024-02-22T22:36:15.301+05:30 ERROR 99627 --- [ol-12-thread-14] c.d.c.web.AccountsTransferController     : Exception occurs

com.dws.challenge.exception.InsufficientBalanceException: Insufficient Balance in account Account123
	at com.dws.challenge.service.TransferService.transferAmount(TransferService.java:21) ~[main/:na]
	at com.dws.challenge.web.AccountsTransferController.transferAmount(AccountsTransferController.java:65) ~[main/:na]
	at com.dws.challenge.ConcurrentTransferTest.lambda$concurrentTransferTest$0(ConcurrentTransferTest.java:77) ~[test/:na]
	at java.base/java.util.concurrent.ThreadPoolExecutor.runWorker(ThreadPoolExecutor.java:1136) ~[na:na]
	at java.base/java.util.concurrent.ThreadPoolExecutor$Worker.run(ThreadPoolExecutor.java:635) ~[na:na]
	at java.base/java.lang.Thread.run(Thread.java:842) ~[na:na]

2024-02-22T22:36:15.301+05:30  INFO 99627 --- [ol-12-thread-10] c.dws.challenge.service.TransferService  : compareBalance -1 
2024-02-22T22:36:15.301+05:30 ERROR 99627 --- [ol-12-thread-12] c.d.c.web.AccountsTransferController     : Exception occurs

com.dws.challenge.exception.InsufficientBalanceException: Insufficient Balance in account Account123
	at com.dws.challenge.service.TransferService.transferAmount(TransferService.java:21) ~[main/:na]
	at com.dws.challenge.web.AccountsTransferController.transferAmount(AccountsTransferController.java:65) ~[main/:na]
	at com.dws.challenge.ConcurrentTransferTest.lambda$concurrentTransferTest$0(ConcurrentTransferTest.java:77) ~[test/:na]
	at java.base/java.util.concurrent.ThreadPoolExecutor.runWorker(ThreadPoolExecutor.java:1136) ~[na:na]
	at java.base/java.util.concurrent.ThreadPoolExecutor$Worker.run(ThreadPoolExecutor.java:635) ~[na:na]
	at java.base/java.lang.Thread.run(Thread.java:842) ~[na:na]

2024-02-22T22:36:15.301+05:30  INFO 99627 --- [ool-12-thread-8] c.dws.challenge.service.TransferService  : compareBalance -1 
2024-02-22T22:36:15.301+05:30 ERROR 99627 --- [ol-12-thread-10] c.d.c.web.AccountsTransferController     : Exception occurs

com.dws.challenge.exception.InsufficientBalanceException: Insufficient Balance in account Account123
	at com.dws.challenge.service.TransferService.transferAmount(TransferService.java:21) ~[main/:na]
	at com.dws.challenge.web.AccountsTransferController.transferAmount(AccountsTransferController.java:65) ~[main/:na]
	at com.dws.challenge.ConcurrentTransferTest.lambda$concurrentTransferTest$0(ConcurrentTransferTest.java:77) ~[test/:na]
	at java.base/java.util.concurrent.ThreadPoolExecutor.runWorker(ThreadPoolExecutor.java:1136) ~[na:na]
	at java.base/java.util.concurrent.ThreadPoolExecutor$Worker.run(ThreadPoolExecutor.java:635) ~[na:na]
	at java.base/java.lang.Thread.run(Thread.java:842) ~[na:na]

2024-02-22T22:36:15.302+05:30  INFO 99627 --- [ol-12-thread-11] c.dws.challenge.service.TransferService  : compareBalance -1 
2024-02-22T22:36:15.302+05:30 ERROR 99627 --- [ool-12-thread-8] c.d.c.web.AccountsTransferController     : Exception occurs

com.dws.challenge.exception.InsufficientBalanceException: Insufficient Balance in account Account123
	at com.dws.challenge.service.TransferService.transferAmount(TransferService.java:21) ~[main/:na]
	at com.dws.challenge.web.AccountsTransferController.transferAmount(AccountsTransferController.java:65) ~[main/:na]
	at com.dws.challenge.ConcurrentTransferTest.lambda$concurrentTransferTest$0(ConcurrentTransferTest.java:77) ~[test/:na]
	at java.base/java.util.concurrent.ThreadPoolExecutor.runWorker(ThreadPoolExecutor.java:1136) ~[na:na]
	at java.base/java.util.concurrent.ThreadPoolExecutor$Worker.run(ThreadPoolExecutor.java:635) ~[na:na]
	at java.base/java.lang.Thread.run(Thread.java:842) ~[na:na]

2024-02-22T22:36:15.302+05:30  INFO 99627 --- [ool-12-thread-9] c.dws.challenge.service.TransferService  : compareBalance -1 
2024-02-22T22:36:15.302+05:30 ERROR 99627 --- [ol-12-thread-11] c.d.c.web.AccountsTransferController     : Exception occurs

com.dws.challenge.exception.InsufficientBalanceException: Insufficient Balance in account Account123
	at com.dws.challenge.service.TransferService.transferAmount(TransferService.java:21) ~[main/:na]
	at com.dws.challenge.web.AccountsTransferController.transferAmount(AccountsTransferController.java:65) ~[main/:na]
	at com.dws.challenge.ConcurrentTransferTest.lambda$concurrentTransferTest$0(ConcurrentTransferTest.java:77) ~[test/:na]
	at java.base/java.util.concurrent.ThreadPoolExecutor.runWorker(ThreadPoolExecutor.java:1136) ~[na:na]
	at java.base/java.util.concurrent.ThreadPoolExecutor$Worker.run(ThreadPoolExecutor.java:635) ~[na:na]
	at java.base/java.lang.Thread.run(Thread.java:842) ~[na:na]

2024-02-22T22:36:15.302+05:30  INFO 99627 --- [ool-12-thread-3] c.dws.challenge.service.TransferService  : compareBalance -1 
2024-02-22T22:36:15.302+05:30 ERROR 99627 --- [ool-12-thread-9] c.d.c.web.AccountsTransferController     : Exception occurs

com.dws.challenge.exception.InsufficientBalanceException: Insufficient Balance in account Account123
	at com.dws.challenge.service.TransferService.transferAmount(TransferService.java:21) ~[main/:na]
	at com.dws.challenge.web.AccountsTransferController.transferAmount(AccountsTransferController.java:65) ~[main/:na]
	at com.dws.challenge.ConcurrentTransferTest.lambda$concurrentTransferTest$0(ConcurrentTransferTest.java:77) ~[test/:na]
	at java.base/java.util.concurrent.ThreadPoolExecutor.runWorker(ThreadPoolExecutor.java:1136) ~[na:na]
	at java.base/java.util.concurrent.ThreadPoolExecutor$Worker.run(ThreadPoolExecutor.java:635) ~[na:na]
	at java.base/java.lang.Thread.run(Thread.java:842) ~[na:na]

2024-02-22T22:36:15.302+05:30  INFO 99627 --- [ol-12-thread-20] c.dws.challenge.service.TransferService  : compareBalance -1 
2024-02-22T22:36:15.302+05:30 ERROR 99627 --- [ool-12-thread-3] c.d.c.web.AccountsTransferController     : Exception occurs

com.dws.challenge.exception.InsufficientBalanceException: Insufficient Balance in account Account123
	at com.dws.challenge.service.TransferService.transferAmount(TransferService.java:21) ~[main/:na]
	at com.dws.challenge.web.AccountsTransferController.transferAmount(AccountsTransferController.java:65) ~[main/:na]
	at com.dws.challenge.ConcurrentTransferTest.lambda$concurrentTransferTest$0(ConcurrentTransferTest.java:77) ~[test/:na]
	at java.base/java.util.concurrent.ThreadPoolExecutor.runWorker(ThreadPoolExecutor.java:1136) ~[na:na]
	at java.base/java.util.concurrent.ThreadPoolExecutor$Worker.run(ThreadPoolExecutor.java:635) ~[na:na]
	at java.base/java.lang.Thread.run(Thread.java:842) ~[na:na]

2024-02-22T22:36:15.302+05:30  INFO 99627 --- [ool-12-thread-6] c.dws.challenge.service.TransferService  : compareBalance -1 
2024-02-22T22:36:15.302+05:30  INFO 99627 --- [ool-12-thread-7] c.dws.challenge.service.TransferService  : compareBalance -1 
2024-02-22T22:36:15.302+05:30 ERROR 99627 --- [ol-12-thread-20] c.d.c.web.AccountsTransferController     : Exception occurs

com.dws.challenge.exception.InsufficientBalanceException: Insufficient Balance in account Account123
	at com.dws.challenge.service.TransferService.transferAmount(TransferService.java:21) ~[main/:na]
	at com.dws.challenge.web.AccountsTransferController.transferAmount(AccountsTransferController.java:65) ~[main/:na]
	at com.dws.challenge.ConcurrentTransferTest.lambda$concurrentTransferTest$0(ConcurrentTransferTest.java:77) ~[test/:na]
	at java.base/java.util.concurrent.ThreadPoolExecutor.runWorker(ThreadPoolExecutor.java:1136) ~[na:na]
	at java.base/java.util.concurrent.ThreadPoolExecutor$Worker.run(ThreadPoolExecutor.java:635) ~[na:na]
	at java.base/java.lang.Thread.run(Thread.java:842) ~[na:na]

2024-02-22T22:36:15.302+05:30 ERROR 99627 --- [ool-12-thread-6] c.d.c.web.AccountsTransferController     : Exception occurs

com.dws.challenge.exception.InsufficientBalanceException: Insufficient Balance in account Account123
	at com.dws.challenge.service.TransferService.transferAmount(TransferService.java:21) ~[main/:na]
	at com.dws.challenge.web.AccountsTransferController.transferAmount(AccountsTransferController.java:65) ~[main/:na]
	at com.dws.challenge.ConcurrentTransferTest.lambda$concurrentTransferTest$0(ConcurrentTransferTest.java:77) ~[test/:na]
	at java.base/java.util.concurrent.ThreadPoolExecutor.runWorker(ThreadPoolExecutor.java:1136) ~[na:na]
	at java.base/java.util.concurrent.ThreadPoolExecutor$Worker.run(ThreadPoolExecutor.java:635) ~[na:na]
	at java.base/java.lang.Thread.run(Thread.java:842) ~[na:na]

2024-02-22T22:36:15.303+05:30  INFO 99627 --- [ool-12-thread-4] c.dws.challenge.service.TransferService  : compareBalance -1 
2024-02-22T22:36:15.303+05:30 ERROR 99627 --- [ool-12-thread-7] c.d.c.web.AccountsTransferController     : Exception occurs

com.dws.challenge.exception.InsufficientBalanceException: Insufficient Balance in account Account123
	at com.dws.challenge.service.TransferService.transferAmount(TransferService.java:21) ~[main/:na]
	at com.dws.challenge.web.AccountsTransferController.transferAmount(AccountsTransferController.java:65) ~[main/:na]
	at com.dws.challenge.ConcurrentTransferTest.lambda$concurrentTransferTest$0(ConcurrentTransferTest.java:77) ~[test/:na]
	at java.base/java.util.concurrent.ThreadPoolExecutor.runWorker(ThreadPoolExecutor.java:1136) ~[na:na]
	at java.base/java.util.concurrent.ThreadPoolExecutor$Worker.run(ThreadPoolExecutor.java:635) ~[na:na]
	at java.base/java.lang.Thread.run(Thread.java:842) ~[na:na]

2024-02-22T22:36:15.303+05:30  INFO 99627 --- [ool-12-thread-2] c.dws.challenge.service.TransferService  : compareBalance -1 
2024-02-22T22:36:15.303+05:30 ERROR 99627 --- [ool-12-thread-4] c.d.c.web.AccountsTransferController     : Exception occurs

com.dws.challenge.exception.InsufficientBalanceException: Insufficient Balance in account Account123
	at com.dws.challenge.service.TransferService.transferAmount(TransferService.java:21) ~[main/:na]
	at com.dws.challenge.web.AccountsTransferController.transferAmount(AccountsTransferController.java:65) ~[main/:na]
	at com.dws.challenge.ConcurrentTransferTest.lambda$concurrentTransferTest$0(ConcurrentTransferTest.java:77) ~[test/:na]
	at java.base/java.util.concurrent.ThreadPoolExecutor.runWorker(ThreadPoolExecutor.java:1136) ~[na:na]
	at java.base/java.util.concurrent.ThreadPoolExecutor$Worker.run(ThreadPoolExecutor.java:635) ~[na:na]
	at java.base/java.lang.Thread.run(Thread.java:842) ~[na:na]

2024-02-22T22:36:15.303+05:30  INFO 99627 --- [ool-12-thread-5] c.dws.challenge.service.TransferService  : compareBalance -1 
2024-02-22T22:36:15.303+05:30 ERROR 99627 --- [ool-12-thread-2] c.d.c.web.AccountsTransferController     : Exception occurs

com.dws.challenge.exception.InsufficientBalanceException: Insufficient Balance in account Account123
	at com.dws.challenge.service.TransferService.transferAmount(TransferService.java:21) ~[main/:na]
	at com.dws.challenge.web.AccountsTransferController.transferAmount(AccountsTransferController.java:65) ~[main/:na]
	at com.dws.challenge.ConcurrentTransferTest.lambda$concurrentTransferTest$0(ConcurrentTransferTest.java:77) ~[test/:na]
	at java.base/java.util.concurrent.ThreadPoolExecutor.runWorker(ThreadPoolExecutor.java:1136) ~[na:na]
	at java.base/java.util.concurrent.ThreadPoolExecutor$Worker.run(ThreadPoolExecutor.java:635) ~[na:na]
	at java.base/java.lang.Thread.run(Thread.java:842) ~[na:na]

2024-02-22T22:36:15.303+05:30 ERROR 99627 --- [ool-12-thread-5] c.d.c.web.AccountsTransferController     : Exception occurs

com.dws.challenge.exception.InsufficientBalanceException: Insufficient Balance in account Account123
	at com.dws.challenge.service.TransferService.transferAmount(TransferService.java:21) ~[main/:na]
	at com.dws.challenge.web.AccountsTransferController.transferAmount(AccountsTransferController.java:65) ~[main/:na]
	at com.dws.challenge.ConcurrentTransferTest.lambda$concurrentTransferTest$0(ConcurrentTransferTest.java:77) ~[test/:na]
	at java.base/java.util.concurrent.ThreadPoolExecutor.runWorker(ThreadPoolExecutor.java:1136) ~[na:na]
	at java.base/java.util.concurrent.ThreadPoolExecutor$Worker.run(ThreadPoolExecutor.java:635) ~[na:na]
	at java.base/java.lang.Thread.run(Thread.java:842) ~[na:na]

2024-02-22T22:36:15.318+05:30  INFO 99627 --- [ol-13-thread-20] c.d.c.web.AccountsTransferController     : Transfer Amount  Transfer(accountFrom=Account123, accountTo=Account124, amount=1000)
2024-02-22T22:36:15.318+05:30  INFO 99627 --- [ol-13-thread-15] c.d.c.web.AccountsTransferController     : Transfer Amount  Transfer(accountFrom=Account123, accountTo=Account124, amount=1000)
2024-02-22T22:36:15.318+05:30  INFO 99627 --- [ool-13-thread-1] c.d.c.web.AccountsTransferController     : Transfer Amount  Transfer(accountFrom=Account123, accountTo=Account124, amount=1000)
2024-02-22T22:36:15.318+05:30  INFO 99627 --- [ol-13-thread-12] c.d.c.web.AccountsTransferController     : Transfer Amount  Transfer(accountFrom=Account123, accountTo=Account124, amount=1000)
2024-02-22T22:36:15.318+05:30  INFO 99627 --- [ol-13-thread-11] c.d.c.web.AccountsTransferController     : Transfer Amount  Transfer(accountFrom=Account123, accountTo=Account124, amount=1000)
2024-02-22T22:36:15.318+05:30  INFO 99627 --- [ool-13-thread-4] c.d.c.web.AccountsTransferController     : Transfer Amount  Transfer(accountFrom=Account123, accountTo=Account124, amount=1000)
2024-02-22T22:36:15.318+05:30  INFO 99627 --- [ool-13-thread-7] c.d.c.web.AccountsTransferController     : Transfer Amount  Transfer(accountFrom=Account123, accountTo=Account124, amount=1000)
2024-02-22T22:36:15.318+05:30  INFO 99627 --- [ool-13-thread-6] c.d.c.web.AccountsTransferController     : Transfer Amount  Transfer(accountFrom=Account123, accountTo=Account124, amount=1000)
2024-02-22T22:36:15.318+05:30  INFO 99627 --- [ol-13-thread-13] c.d.c.web.AccountsTransferController     : Transfer Amount  Transfer(accountFrom=Account123, accountTo=Account124, amount=1000)
2024-02-22T22:36:15.318+05:30  INFO 99627 --- [ool-13-thread-5] c.d.c.web.AccountsTransferController     : Transfer Amount  Transfer(accountFrom=Account123, accountTo=Account124, amount=1000)
2024-02-22T22:36:15.318+05:30  INFO 99627 --- [ool-13-thread-8] c.d.c.web.AccountsTransferController     : Transfer Amount  Transfer(accountFrom=Account123, accountTo=Account124, amount=1000)
2024-02-22T22:36:15.318+05:30  INFO 99627 --- [ol-13-thread-10] c.d.c.web.AccountsTransferController     : Transfer Amount  Transfer(accountFrom=Account123, accountTo=Account124, amount=1000)
2024-02-22T22:36:15.318+05:30  INFO 99627 --- [ool-13-thread-3] c.d.c.web.AccountsTransferController     : Transfer Amount  Transfer(accountFrom=Account123, accountTo=Account124, amount=1000)
2024-02-22T22:36:15.318+05:30  INFO 99627 --- [ool-13-thread-9] c.d.c.web.AccountsTransferController     : Transfer Amount  Transfer(accountFrom=Account123, accountTo=Account124, amount=1000)
2024-02-22T22:36:15.318+05:30  INFO 99627 --- [ool-13-thread-2] c.d.c.web.AccountsTransferController     : Transfer Amount  Transfer(accountFrom=Account123, accountTo=Account124, amount=1000)
2024-02-22T22:36:15.318+05:30  INFO 99627 --- [ol-13-thread-14] c.d.c.web.AccountsTransferController     : Transfer Amount  Transfer(accountFrom=Account123, accountTo=Account124, amount=1000)
2024-02-22T22:36:15.318+05:30  INFO 99627 --- [ol-13-thread-16] c.d.c.web.AccountsTransferController     : Transfer Amount  Transfer(accountFrom=Account123, accountTo=Account124, amount=1000)
2024-02-22T22:36:15.318+05:30  INFO 99627 --- [ol-13-thread-17] c.d.c.web.AccountsTransferController     : Transfer Amount  Transfer(accountFrom=Account123, accountTo=Account124, amount=1000)
2024-02-22T22:36:15.318+05:30  INFO 99627 --- [ol-13-thread-18] c.d.c.web.AccountsTransferController     : Transfer Amount  Transfer(accountFrom=Account123, accountTo=Account124, amount=1000)
2024-02-22T22:36:15.318+05:30  INFO 99627 --- [ol-13-thread-19] c.d.c.web.AccountsTransferController     : Transfer Amount  Transfer(accountFrom=Account123, accountTo=Account124, amount=1000)
2024-02-22T22:36:15.318+05:30  INFO 99627 --- [ol-13-thread-20] c.dws.challenge.service.TransferService  : compareBalance 0 
2024-02-22T22:36:15.320+05:30  INFO 99627 --- [ol-13-thread-20] c.d.c.web.AccountsTransferController     : notification sent successfully
2024-02-22T22:36:15.320+05:30  INFO 99627 --- [ol-13-thread-19] c.dws.challenge.service.TransferService  : compareBalance -1 
2024-02-22T22:36:15.321+05:30  INFO 99627 --- [ol-13-thread-18] c.dws.challenge.service.TransferService  : compareBalance -1 
2024-02-22T22:36:15.321+05:30  INFO 99627 --- [ol-13-thread-17] c.dws.challenge.service.TransferService  : compareBalance -1 
2024-02-22T22:36:15.321+05:30 ERROR 99627 --- [ol-13-thread-19] c.d.c.web.AccountsTransferController     : Exception occurs

com.dws.challenge.exception.InsufficientBalanceException: Insufficient Balance in account Account123
	at com.dws.challenge.service.TransferService.transferAmount(TransferService.java:21) ~[main/:na]
	at com.dws.challenge.web.AccountsTransferController.transferAmount(AccountsTransferController.java:65) ~[main/:na]
	at com.dws.challenge.ConcurrentTransferTest.lambda$concurrentTransferTest$0(ConcurrentTransferTest.java:77) ~[test/:na]
	at java.base/java.util.concurrent.ThreadPoolExecutor.runWorker(ThreadPoolExecutor.java:1136) ~[na:na]
	at java.base/java.util.concurrent.ThreadPoolExecutor$Worker.run(ThreadPoolExecutor.java:635) ~[na:na]
	at java.base/java.lang.Thread.run(Thread.java:842) ~[na:na]

2024-02-22T22:36:15.321+05:30 ERROR 99627 --- [ol-13-thread-18] c.d.c.web.AccountsTransferController     : Exception occurs

com.dws.challenge.exception.InsufficientBalanceException: Insufficient Balance in account Account123
	at com.dws.challenge.service.TransferService.transferAmount(TransferService.java:21) ~[main/:na]
	at com.dws.challenge.web.AccountsTransferController.transferAmount(AccountsTransferController.java:65) ~[main/:na]
	at com.dws.challenge.ConcurrentTransferTest.lambda$concurrentTransferTest$0(ConcurrentTransferTest.java:77) ~[test/:na]
	at java.base/java.util.concurrent.ThreadPoolExecutor.runWorker(ThreadPoolExecutor.java:1136) ~[na:na]
	at java.base/java.util.concurrent.ThreadPoolExecutor$Worker.run(ThreadPoolExecutor.java:635) ~[na:na]
	at java.base/java.lang.Thread.run(Thread.java:842) ~[na:na]

2024-02-22T22:36:15.321+05:30 ERROR 99627 --- [ol-13-thread-17] c.d.c.web.AccountsTransferController     : Exception occurs

com.dws.challenge.exception.InsufficientBalanceException: Insufficient Balance in account Account123
	at com.dws.challenge.service.TransferService.transferAmount(TransferService.java:21) ~[main/:na]
	at com.dws.challenge.web.AccountsTransferController.transferAmount(AccountsTransferController.java:65) ~[main/:na]
	at com.dws.challenge.ConcurrentTransferTest.lambda$concurrentTransferTest$0(ConcurrentTransferTest.java:77) ~[test/:na]
	at java.base/java.util.concurrent.ThreadPoolExecutor.runWorker(ThreadPoolExecutor.java:1136) ~[na:na]
	at java.base/java.util.concurrent.ThreadPoolExecutor$Worker.run(ThreadPoolExecutor.java:635) ~[na:na]
	at java.base/java.lang.Thread.run(Thread.java:842) ~[na:na]

2024-02-22T22:36:15.321+05:30  INFO 99627 --- [ol-13-thread-16] c.dws.challenge.service.TransferService  : compareBalance -1 
2024-02-22T22:36:15.321+05:30  INFO 99627 --- [ol-13-thread-14] c.dws.challenge.service.TransferService  : compareBalance -1 
2024-02-22T22:36:15.321+05:30 ERROR 99627 --- [ol-13-thread-16] c.d.c.web.AccountsTransferController     : Exception occurs

com.dws.challenge.exception.InsufficientBalanceException: Insufficient Balance in account Account123
	at com.dws.challenge.service.TransferService.transferAmount(TransferService.java:21) ~[main/:na]
	at com.dws.challenge.web.AccountsTransferController.transferAmount(AccountsTransferController.java:65) ~[main/:na]
	at com.dws.challenge.ConcurrentTransferTest.lambda$concurrentTransferTest$0(ConcurrentTransferTest.java:77) ~[test/:na]
	at java.base/java.util.concurrent.ThreadPoolExecutor.runWorker(ThreadPoolExecutor.java:1136) ~[na:na]
	at java.base/java.util.concurrent.ThreadPoolExecutor$Worker.run(ThreadPoolExecutor.java:635) ~[na:na]
	at java.base/java.lang.Thread.run(Thread.java:842) ~[na:na]

2024-02-22T22:36:15.321+05:30  INFO 99627 --- [ool-13-thread-2] c.dws.challenge.service.TransferService  : compareBalance -1 
2024-02-22T22:36:15.321+05:30 ERROR 99627 --- [ol-13-thread-14] c.d.c.web.AccountsTransferController     : Exception occurs

com.dws.challenge.exception.InsufficientBalanceException: Insufficient Balance in account Account123
	at com.dws.challenge.service.TransferService.transferAmount(TransferService.java:21) ~[main/:na]
	at com.dws.challenge.web.AccountsTransferController.transferAmount(AccountsTransferController.java:65) ~[main/:na]
	at com.dws.challenge.ConcurrentTransferTest.lambda$concurrentTransferTest$0(ConcurrentTransferTest.java:77) ~[test/:na]
	at java.base/java.util.concurrent.ThreadPoolExecutor.runWorker(ThreadPoolExecutor.java:1136) ~[na:na]
	at java.base/java.util.concurrent.ThreadPoolExecutor$Worker.run(ThreadPoolExecutor.java:635) ~[na:na]
	at java.base/java.lang.Thread.run(Thread.java:842) ~[na:na]

2024-02-22T22:36:15.322+05:30  INFO 99627 --- [ool-13-thread-9] c.dws.challenge.service.TransferService  : compareBalance -1 
2024-02-22T22:36:15.322+05:30 ERROR 99627 --- [ool-13-thread-2] c.d.c.web.AccountsTransferController     : Exception occurs

com.dws.challenge.exception.InsufficientBalanceException: Insufficient Balance in account Account123
	at com.dws.challenge.service.TransferService.transferAmount(TransferService.java:21) ~[main/:na]
	at com.dws.challenge.web.AccountsTransferController.transferAmount(AccountsTransferController.java:65) ~[main/:na]
	at com.dws.challenge.ConcurrentTransferTest.lambda$concurrentTransferTest$0(ConcurrentTransferTest.java:77) ~[test/:na]
	at java.base/java.util.concurrent.ThreadPoolExecutor.runWorker(ThreadPoolExecutor.java:1136) ~[na:na]
	at java.base/java.util.concurrent.ThreadPoolExecutor$Worker.run(ThreadPoolExecutor.java:635) ~[na:na]
	at java.base/java.lang.Thread.run(Thread.java:842) ~[na:na]

2024-02-22T22:36:15.322+05:30  INFO 99627 --- [ool-13-thread-3] c.dws.challenge.service.TransferService  : compareBalance -1 
2024-02-22T22:36:15.322+05:30 ERROR 99627 --- [ool-13-thread-9] c.d.c.web.AccountsTransferController     : Exception occurs

com.dws.challenge.exception.InsufficientBalanceException: Insufficient Balance in account Account123
	at com.dws.challenge.service.TransferService.transferAmount(TransferService.java:21) ~[main/:na]
	at com.dws.challenge.web.AccountsTransferController.transferAmount(AccountsTransferController.java:65) ~[main/:na]
	at com.dws.challenge.ConcurrentTransferTest.lambda$concurrentTransferTest$0(ConcurrentTransferTest.java:77) ~[test/:na]
	at java.base/java.util.concurrent.ThreadPoolExecutor.runWorker(ThreadPoolExecutor.java:1136) ~[na:na]
	at java.base/java.util.concurrent.ThreadPoolExecutor$Worker.run(ThreadPoolExecutor.java:635) ~[na:na]
	at java.base/java.lang.Thread.run(Thread.java:842) ~[na:na]

2024-02-22T22:36:15.322+05:30  INFO 99627 --- [ol-13-thread-10] c.dws.challenge.service.TransferService  : compareBalance -1 
2024-02-22T22:36:15.322+05:30 ERROR 99627 --- [ool-13-thread-3] c.d.c.web.AccountsTransferController     : Exception occurs

com.dws.challenge.exception.InsufficientBalanceException: Insufficient Balance in account Account123
	at com.dws.challenge.service.TransferService.transferAmount(TransferService.java:21) ~[main/:na]
	at com.dws.challenge.web.AccountsTransferController.transferAmount(AccountsTransferController.java:65) ~[main/:na]
	at com.dws.challenge.ConcurrentTransferTest.lambda$concurrentTransferTest$0(ConcurrentTransferTest.java:77) ~[test/:na]
	at java.base/java.util.concurrent.ThreadPoolExecutor.runWorker(ThreadPoolExecutor.java:1136) ~[na:na]
	at java.base/java.util.concurrent.ThreadPoolExecutor$Worker.run(ThreadPoolExecutor.java:635) ~[na:na]
	at java.base/java.lang.Thread.run(Thread.java:842) ~[na:na]

2024-02-22T22:36:15.322+05:30  INFO 99627 --- [ool-13-thread-8] c.dws.challenge.service.TransferService  : compareBalance -1 
2024-02-22T22:36:15.322+05:30 ERROR 99627 --- [ol-13-thread-10] c.d.c.web.AccountsTransferController     : Exception occurs

com.dws.challenge.exception.InsufficientBalanceException: Insufficient Balance in account Account123
	at com.dws.challenge.service.TransferService.transferAmount(TransferService.java:21) ~[main/:na]
	at com.dws.challenge.web.AccountsTransferController.transferAmount(AccountsTransferController.java:65) ~[main/:na]
	at com.dws.challenge.ConcurrentTransferTest.lambda$concurrentTransferTest$0(ConcurrentTransferTest.java:77) ~[test/:na]
	at java.base/java.util.concurrent.ThreadPoolExecutor.runWorker(ThreadPoolExecutor.java:1136) ~[na:na]
	at java.base/java.util.concurrent.ThreadPoolExecutor$Worker.run(ThreadPoolExecutor.java:635) ~[na:na]
	at java.base/java.lang.Thread.run(Thread.java:842) ~[na:na]

2024-02-22T22:36:15.322+05:30  INFO 99627 --- [ool-13-thread-5] c.dws.challenge.service.TransferService  : compareBalance -1 
2024-02-22T22:36:15.322+05:30 ERROR 99627 --- [ool-13-thread-8] c.d.c.web.AccountsTransferController     : Exception occurs

com.dws.challenge.exception.InsufficientBalanceException: Insufficient Balance in account Account123
	at com.dws.challenge.service.TransferService.transferAmount(TransferService.java:21) ~[main/:na]
	at com.dws.challenge.web.AccountsTransferController.transferAmount(AccountsTransferController.java:65) ~[main/:na]
	at com.dws.challenge.ConcurrentTransferTest.lambda$concurrentTransferTest$0(ConcurrentTransferTest.java:77) ~[test/:na]
	at java.base/java.util.concurrent.ThreadPoolExecutor.runWorker(ThreadPoolExecutor.java:1136) ~[na:na]
	at java.base/java.util.concurrent.ThreadPoolExecutor$Worker.run(ThreadPoolExecutor.java:635) ~[na:na]
	at java.base/java.lang.Thread.run(Thread.java:842) ~[na:na]

2024-02-22T22:36:15.323+05:30 ERROR 99627 --- [ool-13-thread-5] c.d.c.web.AccountsTransferController     : Exception occurs

com.dws.challenge.exception.InsufficientBalanceException: Insufficient Balance in account Account123
	at com.dws.challenge.service.TransferService.transferAmount(TransferService.java:21) ~[main/:na]
	at com.dws.challenge.web.AccountsTransferController.transferAmount(AccountsTransferController.java:65) ~[main/:na]
	at com.dws.challenge.ConcurrentTransferTest.lambda$concurrentTransferTest$0(ConcurrentTransferTest.java:77) ~[test/:na]
	at java.base/java.util.concurrent.ThreadPoolExecutor.runWorker(ThreadPoolExecutor.java:1136) ~[na:na]
	at java.base/java.util.concurrent.ThreadPoolExecutor$Worker.run(ThreadPoolExecutor.java:635) ~[na:na]
	at java.base/java.lang.Thread.run(Thread.java:842) ~[na:na]

2024-02-22T22:36:15.323+05:30  INFO 99627 --- [ol-13-thread-13] c.dws.challenge.service.TransferService  : compareBalance -1 
2024-02-22T22:36:15.323+05:30  INFO 99627 --- [ool-13-thread-6] c.dws.challenge.service.TransferService  : compareBalance -1 
2024-02-22T22:36:15.323+05:30 ERROR 99627 --- [ol-13-thread-13] c.d.c.web.AccountsTransferController     : Exception occurs

com.dws.challenge.exception.InsufficientBalanceException: Insufficient Balance in account Account123
	at com.dws.challenge.service.TransferService.transferAmount(TransferService.java:21) ~[main/:na]
	at com.dws.challenge.web.AccountsTransferController.transferAmount(AccountsTransferController.java:65) ~[main/:na]
	at com.dws.challenge.ConcurrentTransferTest.lambda$concurrentTransferTest$0(ConcurrentTransferTest.java:77) ~[test/:na]
	at java.base/java.util.concurrent.ThreadPoolExecutor.runWorker(ThreadPoolExecutor.java:1136) ~[na:na]
	at java.base/java.util.concurrent.ThreadPoolExecutor$Worker.run(ThreadPoolExecutor.java:635) ~[na:na]
	at java.base/java.lang.Thread.run(Thread.java:842) ~[na:na]

2024-02-22T22:36:15.323+05:30  INFO 99627 --- [ool-13-thread-7] c.dws.challenge.service.TransferService  : compareBalance -1 
2024-02-22T22:36:15.323+05:30 ERROR 99627 --- [ool-13-thread-6] c.d.c.web.AccountsTransferController     : Exception occurs

com.dws.challenge.exception.InsufficientBalanceException: Insufficient Balance in account Account123
	at com.dws.challenge.service.TransferService.transferAmount(TransferService.java:21) ~[main/:na]
	at com.dws.challenge.web.AccountsTransferController.transferAmount(AccountsTransferController.java:65) ~[main/:na]
	at com.dws.challenge.ConcurrentTransferTest.lambda$concurrentTransferTest$0(ConcurrentTransferTest.java:77) ~[test/:na]
	at java.base/java.util.concurrent.ThreadPoolExecutor.runWorker(ThreadPoolExecutor.java:1136) ~[na:na]
	at java.base/java.util.concurrent.ThreadPoolExecutor$Worker.run(ThreadPoolExecutor.java:635) ~[na:na]
	at java.base/java.lang.Thread.run(Thread.java:842) ~[na:na]

2024-02-22T22:36:15.323+05:30  INFO 99627 --- [ool-13-thread-4] c.dws.challenge.service.TransferService  : compareBalance -1 
2024-02-22T22:36:15.323+05:30  INFO 99627 --- [ol-13-thread-11] c.dws.challenge.service.TransferService  : compareBalance -1 
2024-02-22T22:36:15.323+05:30 ERROR 99627 --- [ool-13-thread-7] c.d.c.web.AccountsTransferController     : Exception occurs

com.dws.challenge.exception.InsufficientBalanceException: Insufficient Balance in account Account123
	at com.dws.challenge.service.TransferService.transferAmount(TransferService.java:21) ~[main/:na]
	at com.dws.challenge.web.AccountsTransferController.transferAmount(AccountsTransferController.java:65) ~[main/:na]
	at com.dws.challenge.ConcurrentTransferTest.lambda$concurrentTransferTest$0(ConcurrentTransferTest.java:77) ~[test/:na]
	at java.base/java.util.concurrent.ThreadPoolExecutor.runWorker(ThreadPoolExecutor.java:1136) ~[na:na]
	at java.base/java.util.concurrent.ThreadPoolExecutor$Worker.run(ThreadPoolExecutor.java:635) ~[na:na]
	at java.base/java.lang.Thread.run(Thread.java:842) ~[na:na]

2024-02-22T22:36:15.323+05:30  INFO 99627 --- [ol-13-thread-12] c.dws.challenge.service.TransferService  : compareBalance -1 
2024-02-22T22:36:15.323+05:30 ERROR 99627 --- [ool-13-thread-4] c.d.c.web.AccountsTransferController     : Exception occurs

com.dws.challenge.exception.InsufficientBalanceException: Insufficient Balance in account Account123
	at com.dws.challenge.service.TransferService.transferAmount(TransferService.java:21) ~[main/:na]
	at com.dws.challenge.web.AccountsTransferController.transferAmount(AccountsTransferController.java:65) ~[main/:na]
	at com.dws.challenge.ConcurrentTransferTest.lambda$concurrentTransferTest$0(ConcurrentTransferTest.java:77) ~[test/:na]
	at java.base/java.util.concurrent.ThreadPoolExecutor.runWorker(ThreadPoolExecutor.java:1136) ~[na:na]
	at java.base/java.util.concurrent.ThreadPoolExecutor$Worker.run(ThreadPoolExecutor.java:635) ~[na:na]
	at java.base/java.lang.Thread.run(Thread.java:842) ~[na:na]

2024-02-22T22:36:15.323+05:30 ERROR 99627 --- [ol-13-thread-11] c.d.c.web.AccountsTransferController     : Exception occurs

com.dws.challenge.exception.InsufficientBalanceException: Insufficient Balance in account Account123
	at com.dws.challenge.service.TransferService.transferAmount(TransferService.java:21) ~[main/:na]
	at com.dws.challenge.web.AccountsTransferController.transferAmount(AccountsTransferController.java:65) ~[main/:na]
	at com.dws.challenge.ConcurrentTransferTest.lambda$concurrentTransferTest$0(ConcurrentTransferTest.java:77) ~[test/:na]
	at java.base/java.util.concurrent.ThreadPoolExecutor.runWorker(ThreadPoolExecutor.java:1136) ~[na:na]
	at java.base/java.util.concurrent.ThreadPoolExecutor$Worker.run(ThreadPoolExecutor.java:635) ~[na:na]
	at java.base/java.lang.Thread.run(Thread.java:842) ~[na:na]

2024-02-22T22:36:15.324+05:30  INFO 99627 --- [ool-13-thread-1] c.dws.challenge.service.TransferService  : compareBalance -1 
2024-02-22T22:36:15.324+05:30 ERROR 99627 --- [ol-13-thread-12] c.d.c.web.AccountsTransferController     : Exception occurs

com.dws.challenge.exception.InsufficientBalanceException: Insufficient Balance in account Account123
	at com.dws.challenge.service.TransferService.transferAmount(TransferService.java:21) ~[main/:na]
	at com.dws.challenge.web.AccountsTransferController.transferAmount(AccountsTransferController.java:65) ~[main/:na]
	at com.dws.challenge.ConcurrentTransferTest.lambda$concurrentTransferTest$0(ConcurrentTransferTest.java:77) ~[test/:na]
	at java.base/java.util.concurrent.ThreadPoolExecutor.runWorker(ThreadPoolExecutor.java:1136) ~[na:na]
	at java.base/java.util.concurrent.ThreadPoolExecutor$Worker.run(ThreadPoolExecutor.java:635) ~[na:na]
	at java.base/java.lang.Thread.run(Thread.java:842) ~[na:na]

2024-02-22T22:36:15.324+05:30  INFO 99627 --- [ol-13-thread-15] c.dws.challenge.service.TransferService  : compareBalance -1 
2024-02-22T22:36:15.324+05:30 ERROR 99627 --- [ool-13-thread-1] c.d.c.web.AccountsTransferController     : Exception occurs

com.dws.challenge.exception.InsufficientBalanceException: Insufficient Balance in account Account123
	at com.dws.challenge.service.TransferService.transferAmount(TransferService.java:21) ~[main/:na]
	at com.dws.challenge.web.AccountsTransferController.transferAmount(AccountsTransferController.java:65) ~[main/:na]
	at com.dws.challenge.ConcurrentTransferTest.lambda$concurrentTransferTest$0(ConcurrentTransferTest.java:77) ~[test/:na]
	at java.base/java.util.concurrent.ThreadPoolExecutor.runWorker(ThreadPoolExecutor.java:1136) ~[na:na]
	at java.base/java.util.concurrent.ThreadPoolExecutor$Worker.run(ThreadPoolExecutor.java:635) ~[na:na]
	at java.base/java.lang.Thread.run(Thread.java:842) ~[na:na]

2024-02-22T22:36:15.324+05:30 ERROR 99627 --- [ol-13-thread-15] c.d.c.web.AccountsTransferController     : Exception occurs

com.dws.challenge.exception.InsufficientBalanceException: Insufficient Balance in account Account123
	at com.dws.challenge.service.TransferService.transferAmount(TransferService.java:21) ~[main/:na]
	at com.dws.challenge.web.AccountsTransferController.transferAmount(AccountsTransferController.java:65) ~[main/:na]
	at com.dws.challenge.ConcurrentTransferTest.lambda$concurrentTransferTest$0(ConcurrentTransferTest.java:77) ~[test/:na]
	at java.base/java.util.concurrent.ThreadPoolExecutor.runWorker(ThreadPoolExecutor.java:1136) ~[na:na]
	at java.base/java.util.concurrent.ThreadPoolExecutor$Worker.run(ThreadPoolExecutor.java:635) ~[na:na]
	at java.base/java.lang.Thread.run(Thread.java:842) ~[na:na]

2024-02-22T22:36:15.336+05:30  INFO 99627 --- [ool-14-thread-1] c.d.c.web.AccountsTransferController     : Transfer Amount  Transfer(accountFrom=Account123, accountTo=Account124, amount=1000)
2024-02-22T22:36:15.336+05:30  INFO 99627 --- [ol-14-thread-13] c.d.c.web.AccountsTransferController     : Transfer Amount  Transfer(accountFrom=Account123, accountTo=Account124, amount=1000)
2024-02-22T22:36:15.336+05:30  INFO 99627 --- [ol-14-thread-15] c.d.c.web.AccountsTransferController     : Transfer Amount  Transfer(accountFrom=Account123, accountTo=Account124, amount=1000)
2024-02-22T22:36:15.336+05:30  INFO 99627 --- [ol-14-thread-18] c.d.c.web.AccountsTransferController     : Transfer Amount  Transfer(accountFrom=Account123, accountTo=Account124, amount=1000)
2024-02-22T22:36:15.336+05:30  INFO 99627 --- [ool-14-thread-4] c.d.c.web.AccountsTransferController     : Transfer Amount  Transfer(accountFrom=Account123, accountTo=Account124, amount=1000)
2024-02-22T22:36:15.336+05:30  INFO 99627 --- [ool-14-thread-3] c.d.c.web.AccountsTransferController     : Transfer Amount  Transfer(accountFrom=Account123, accountTo=Account124, amount=1000)
2024-02-22T22:36:15.336+05:30  INFO 99627 --- [ool-14-thread-5] c.d.c.web.AccountsTransferController     : Transfer Amount  Transfer(accountFrom=Account123, accountTo=Account124, amount=1000)
2024-02-22T22:36:15.336+05:30  INFO 99627 --- [ool-14-thread-8] c.d.c.web.AccountsTransferController     : Transfer Amount  Transfer(accountFrom=Account123, accountTo=Account124, amount=1000)
2024-02-22T22:36:15.336+05:30  INFO 99627 --- [ool-14-thread-2] c.d.c.web.AccountsTransferController     : Transfer Amount  Transfer(accountFrom=Account123, accountTo=Account124, amount=1000)
2024-02-22T22:36:15.336+05:30  INFO 99627 --- [ool-14-thread-6] c.d.c.web.AccountsTransferController     : Transfer Amount  Transfer(accountFrom=Account123, accountTo=Account124, amount=1000)
2024-02-22T22:36:15.336+05:30  INFO 99627 --- [ol-14-thread-20] c.d.c.web.AccountsTransferController     : Transfer Amount  Transfer(accountFrom=Account123, accountTo=Account124, amount=1000)
2024-02-22T22:36:15.336+05:30  INFO 99627 --- [ool-14-thread-7] c.d.c.web.AccountsTransferController     : Transfer Amount  Transfer(accountFrom=Account123, accountTo=Account124, amount=1000)
2024-02-22T22:36:15.336+05:30  INFO 99627 --- [ool-14-thread-9] c.d.c.web.AccountsTransferController     : Transfer Amount  Transfer(accountFrom=Account123, accountTo=Account124, amount=1000)
2024-02-22T22:36:15.336+05:30  INFO 99627 --- [ol-14-thread-10] c.d.c.web.AccountsTransferController     : Transfer Amount  Transfer(accountFrom=Account123, accountTo=Account124, amount=1000)
2024-02-22T22:36:15.336+05:30  INFO 99627 --- [ol-14-thread-11] c.d.c.web.AccountsTransferController     : Transfer Amount  Transfer(accountFrom=Account123, accountTo=Account124, amount=1000)
2024-02-22T22:36:15.336+05:30  INFO 99627 --- [ol-14-thread-12] c.d.c.web.AccountsTransferController     : Transfer Amount  Transfer(accountFrom=Account123, accountTo=Account124, amount=1000)
2024-02-22T22:36:15.336+05:30  INFO 99627 --- [ol-14-thread-14] c.d.c.web.AccountsTransferController     : Transfer Amount  Transfer(accountFrom=Account123, accountTo=Account124, amount=1000)
2024-02-22T22:36:15.336+05:30  INFO 99627 --- [ool-14-thread-1] c.dws.challenge.service.TransferService  : compareBalance 0 
2024-02-22T22:36:15.336+05:30  INFO 99627 --- [ol-14-thread-16] c.d.c.web.AccountsTransferController     : Transfer Amount  Transfer(accountFrom=Account123, accountTo=Account124, amount=1000)
2024-02-22T22:36:15.336+05:30  INFO 99627 --- [ol-14-thread-17] c.d.c.web.AccountsTransferController     : Transfer Amount  Transfer(accountFrom=Account123, accountTo=Account124, amount=1000)
2024-02-22T22:36:15.336+05:30  INFO 99627 --- [ol-14-thread-19] c.d.c.web.AccountsTransferController     : Transfer Amount  Transfer(accountFrom=Account123, accountTo=Account124, amount=1000)
2024-02-22T22:36:15.338+05:30  INFO 99627 --- [ool-14-thread-1] c.d.c.web.AccountsTransferController     : notification sent successfully
2024-02-22T22:36:15.338+05:30  INFO 99627 --- [ol-14-thread-19] c.dws.challenge.service.TransferService  : compareBalance -1 
2024-02-22T22:36:15.338+05:30  INFO 99627 --- [ol-14-thread-17] c.dws.challenge.service.TransferService  : compareBalance -1 
2024-02-22T22:36:15.339+05:30  INFO 99627 --- [ol-14-thread-16] c.dws.challenge.service.TransferService  : compareBalance -1 
2024-02-22T22:36:15.338+05:30 ERROR 99627 --- [ol-14-thread-19] c.d.c.web.AccountsTransferController     : Exception occurs

com.dws.challenge.exception.InsufficientBalanceException: Insufficient Balance in account Account123
	at com.dws.challenge.service.TransferService.transferAmount(TransferService.java:21) ~[main/:na]
	at com.dws.challenge.web.AccountsTransferController.transferAmount(AccountsTransferController.java:65) ~[main/:na]
	at com.dws.challenge.ConcurrentTransferTest.lambda$concurrentTransferTest$0(ConcurrentTransferTest.java:77) ~[test/:na]
	at java.base/java.util.concurrent.ThreadPoolExecutor.runWorker(ThreadPoolExecutor.java:1136) ~[na:na]
	at java.base/java.util.concurrent.ThreadPoolExecutor$Worker.run(ThreadPoolExecutor.java:635) ~[na:na]
	at java.base/java.lang.Thread.run(Thread.java:842) ~[na:na]

2024-02-22T22:36:15.339+05:30 ERROR 99627 --- [ol-14-thread-17] c.d.c.web.AccountsTransferController     : Exception occurs

com.dws.challenge.exception.InsufficientBalanceException: Insufficient Balance in account Account123
	at com.dws.challenge.service.TransferService.transferAmount(TransferService.java:21) ~[main/:na]
	at com.dws.challenge.web.AccountsTransferController.transferAmount(AccountsTransferController.java:65) ~[main/:na]
	at com.dws.challenge.ConcurrentTransferTest.lambda$concurrentTransferTest$0(ConcurrentTransferTest.java:77) ~[test/:na]
	at java.base/java.util.concurrent.ThreadPoolExecutor.runWorker(ThreadPoolExecutor.java:1136) ~[na:na]
	at java.base/java.util.concurrent.ThreadPoolExecutor$Worker.run(ThreadPoolExecutor.java:635) ~[na:na]
	at java.base/java.lang.Thread.run(Thread.java:842) ~[na:na]

2024-02-22T22:36:15.339+05:30  INFO 99627 --- [ol-14-thread-14] c.dws.challenge.service.TransferService  : compareBalance -1 
2024-02-22T22:36:15.339+05:30 ERROR 99627 --- [ol-14-thread-16] c.d.c.web.AccountsTransferController     : Exception occurs

com.dws.challenge.exception.InsufficientBalanceException: Insufficient Balance in account Account123
	at com.dws.challenge.service.TransferService.transferAmount(TransferService.java:21) ~[main/:na]
	at com.dws.challenge.web.AccountsTransferController.transferAmount(AccountsTransferController.java:65) ~[main/:na]
	at com.dws.challenge.ConcurrentTransferTest.lambda$concurrentTransferTest$0(ConcurrentTransferTest.java:77) ~[test/:na]
	at java.base/java.util.concurrent.ThreadPoolExecutor.runWorker(ThreadPoolExecutor.java:1136) ~[na:na]
	at java.base/java.util.concurrent.ThreadPoolExecutor$Worker.run(ThreadPoolExecutor.java:635) ~[na:na]
	at java.base/java.lang.Thread.run(Thread.java:842) ~[na:na]

2024-02-22T22:36:15.339+05:30  INFO 99627 --- [ol-14-thread-12] c.dws.challenge.service.TransferService  : compareBalance -1 
2024-02-22T22:36:15.339+05:30 ERROR 99627 --- [ol-14-thread-14] c.d.c.web.AccountsTransferController     : Exception occurs

com.dws.challenge.exception.InsufficientBalanceException: Insufficient Balance in account Account123
	at com.dws.challenge.service.TransferService.transferAmount(TransferService.java:21) ~[main/:na]
	at com.dws.challenge.web.AccountsTransferController.transferAmount(AccountsTransferController.java:65) ~[main/:na]
	at com.dws.challenge.ConcurrentTransferTest.lambda$concurrentTransferTest$0(ConcurrentTransferTest.java:77) ~[test/:na]
	at java.base/java.util.concurrent.ThreadPoolExecutor.runWorker(ThreadPoolExecutor.java:1136) ~[na:na]
	at java.base/java.util.concurrent.ThreadPoolExecutor$Worker.run(ThreadPoolExecutor.java:635) ~[na:na]
	at java.base/java.lang.Thread.run(Thread.java:842) ~[na:na]

2024-02-22T22:36:15.339+05:30  INFO 99627 --- [ol-14-thread-11] c.dws.challenge.service.TransferService  : compareBalance -1 
2024-02-22T22:36:15.339+05:30 ERROR 99627 --- [ol-14-thread-12] c.d.c.web.AccountsTransferController     : Exception occurs

com.dws.challenge.exception.InsufficientBalanceException: Insufficient Balance in account Account123
	at com.dws.challenge.service.TransferService.transferAmount(TransferService.java:21) ~[main/:na]
	at com.dws.challenge.web.AccountsTransferController.transferAmount(AccountsTransferController.java:65) ~[main/:na]
	at com.dws.challenge.ConcurrentTransferTest.lambda$concurrentTransferTest$0(ConcurrentTransferTest.java:77) ~[test/:na]
	at java.base/java.util.concurrent.ThreadPoolExecutor.runWorker(ThreadPoolExecutor.java:1136) ~[na:na]
	at java.base/java.util.concurrent.ThreadPoolExecutor$Worker.run(ThreadPoolExecutor.java:635) ~[na:na]
	at java.base/java.lang.Thread.run(Thread.java:842) ~[na:na]

2024-02-22T22:36:15.339+05:30 ERROR 99627 --- [ol-14-thread-11] c.d.c.web.AccountsTransferController     : Exception occurs

com.dws.challenge.exception.InsufficientBalanceException: Insufficient Balance in account Account123
	at com.dws.challenge.service.TransferService.transferAmount(TransferService.java:21) ~[main/:na]
	at com.dws.challenge.web.AccountsTransferController.transferAmount(AccountsTransferController.java:65) ~[main/:na]
	at com.dws.challenge.ConcurrentTransferTest.lambda$concurrentTransferTest$0(ConcurrentTransferTest.java:77) ~[test/:na]
	at java.base/java.util.concurrent.ThreadPoolExecutor.runWorker(ThreadPoolExecutor.java:1136) ~[na:na]
	at java.base/java.util.concurrent.ThreadPoolExecutor$Worker.run(ThreadPoolExecutor.java:635) ~[na:na]
	at java.base/java.lang.Thread.run(Thread.java:842) ~[na:na]

2024-02-22T22:36:15.339+05:30  INFO 99627 --- [ol-14-thread-10] c.dws.challenge.service.TransferService  : compareBalance -1 
2024-02-22T22:36:15.340+05:30  INFO 99627 --- [ool-14-thread-9] c.dws.challenge.service.TransferService  : compareBalance -1 
2024-02-22T22:36:15.340+05:30 ERROR 99627 --- [ol-14-thread-10] c.d.c.web.AccountsTransferController     : Exception occurs

com.dws.challenge.exception.InsufficientBalanceException: Insufficient Balance in account Account123
	at com.dws.challenge.service.TransferService.transferAmount(TransferService.java:21) ~[main/:na]
	at com.dws.challenge.web.AccountsTransferController.transferAmount(AccountsTransferController.java:65) ~[main/:na]
	at com.dws.challenge.ConcurrentTransferTest.lambda$concurrentTransferTest$0(ConcurrentTransferTest.java:77) ~[test/:na]
	at java.base/java.util.concurrent.ThreadPoolExecutor.runWorker(ThreadPoolExecutor.java:1136) ~[na:na]
	at java.base/java.util.concurrent.ThreadPoolExecutor$Worker.run(ThreadPoolExecutor.java:635) ~[na:na]
	at java.base/java.lang.Thread.run(Thread.java:842) ~[na:na]

2024-02-22T22:36:15.340+05:30  INFO 99627 --- [ool-14-thread-7] c.dws.challenge.service.TransferService  : compareBalance -1 
2024-02-22T22:36:15.340+05:30 ERROR 99627 --- [ool-14-thread-9] c.d.c.web.AccountsTransferController     : Exception occurs

com.dws.challenge.exception.InsufficientBalanceException: Insufficient Balance in account Account123
	at com.dws.challenge.service.TransferService.transferAmount(TransferService.java:21) ~[main/:na]
	at com.dws.challenge.web.AccountsTransferController.transferAmount(AccountsTransferController.java:65) ~[main/:na]
	at com.dws.challenge.ConcurrentTransferTest.lambda$concurrentTransferTest$0(ConcurrentTransferTest.java:77) ~[test/:na]
	at java.base/java.util.concurrent.ThreadPoolExecutor.runWorker(ThreadPoolExecutor.java:1136) ~[na:na]
	at java.base/java.util.concurrent.ThreadPoolExecutor$Worker.run(ThreadPoolExecutor.java:635) ~[na:na]
	at java.base/java.lang.Thread.run(Thread.java:842) ~[na:na]

2024-02-22T22:36:15.340+05:30  INFO 99627 --- [ol-14-thread-20] c.dws.challenge.service.TransferService  : compareBalance -1 
2024-02-22T22:36:15.340+05:30 ERROR 99627 --- [ool-14-thread-7] c.d.c.web.AccountsTransferController     : Exception occurs

com.dws.challenge.exception.InsufficientBalanceException: Insufficient Balance in account Account123
	at com.dws.challenge.service.TransferService.transferAmount(TransferService.java:21) ~[main/:na]
	at com.dws.challenge.web.AccountsTransferController.transferAmount(AccountsTransferController.java:65) ~[main/:na]
	at com.dws.challenge.ConcurrentTransferTest.lambda$concurrentTransferTest$0(ConcurrentTransferTest.java:77) ~[test/:na]
	at java.base/java.util.concurrent.ThreadPoolExecutor.runWorker(ThreadPoolExecutor.java:1136) ~[na:na]
	at java.base/java.util.concurrent.ThreadPoolExecutor$Worker.run(ThreadPoolExecutor.java:635) ~[na:na]
	at java.base/java.lang.Thread.run(Thread.java:842) ~[na:na]

2024-02-22T22:36:15.340+05:30  INFO 99627 --- [ool-14-thread-6] c.dws.challenge.service.TransferService  : compareBalance -1 
2024-02-22T22:36:15.340+05:30 ERROR 99627 --- [ol-14-thread-20] c.d.c.web.AccountsTransferController     : Exception occurs

com.dws.challenge.exception.InsufficientBalanceException: Insufficient Balance in account Account123
	at com.dws.challenge.service.TransferService.transferAmount(TransferService.java:21) ~[main/:na]
	at com.dws.challenge.web.AccountsTransferController.transferAmount(AccountsTransferController.java:65) ~[main/:na]
	at com.dws.challenge.ConcurrentTransferTest.lambda$concurrentTransferTest$0(ConcurrentTransferTest.java:77) ~[test/:na]
	at java.base/java.util.concurrent.ThreadPoolExecutor.runWorker(ThreadPoolExecutor.java:1136) ~[na:na]
	at java.base/java.util.concurrent.ThreadPoolExecutor$Worker.run(ThreadPoolExecutor.java:635) ~[na:na]
	at java.base/java.lang.Thread.run(Thread.java:842) ~[na:na]

2024-02-22T22:36:15.340+05:30  INFO 99627 --- [ool-14-thread-2] c.dws.challenge.service.TransferService  : compareBalance -1 
2024-02-22T22:36:15.340+05:30 ERROR 99627 --- [ool-14-thread-6] c.d.c.web.AccountsTransferController     : Exception occurs

com.dws.challenge.exception.InsufficientBalanceException: Insufficient Balance in account Account123
	at com.dws.challenge.service.TransferService.transferAmount(TransferService.java:21) ~[main/:na]
	at com.dws.challenge.web.AccountsTransferController.transferAmount(AccountsTransferController.java:65) ~[main/:na]
	at com.dws.challenge.ConcurrentTransferTest.lambda$concurrentTransferTest$0(ConcurrentTransferTest.java:77) ~[test/:na]
	at java.base/java.util.concurrent.ThreadPoolExecutor.runWorker(ThreadPoolExecutor.java:1136) ~[na:na]
	at java.base/java.util.concurrent.ThreadPoolExecutor$Worker.run(ThreadPoolExecutor.java:635) ~[na:na]
	at java.base/java.lang.Thread.run(Thread.java:842) ~[na:na]

2024-02-22T22:36:15.341+05:30  INFO 99627 --- [ool-14-thread-8] c.dws.challenge.service.TransferService  : compareBalance -1 
2024-02-22T22:36:15.341+05:30 ERROR 99627 --- [ool-14-thread-2] c.d.c.web.AccountsTransferController     : Exception occurs

com.dws.challenge.exception.InsufficientBalanceException: Insufficient Balance in account Account123
	at com.dws.challenge.service.TransferService.transferAmount(TransferService.java:21) ~[main/:na]
	at com.dws.challenge.web.AccountsTransferController.transferAmount(AccountsTransferController.java:65) ~[main/:na]
	at com.dws.challenge.ConcurrentTransferTest.lambda$concurrentTransferTest$0(ConcurrentTransferTest.java:77) ~[test/:na]
	at java.base/java.util.concurrent.ThreadPoolExecutor.runWorker(ThreadPoolExecutor.java:1136) ~[na:na]
	at java.base/java.util.concurrent.ThreadPoolExecutor$Worker.run(ThreadPoolExecutor.java:635) ~[na:na]
	at java.base/java.lang.Thread.run(Thread.java:842) ~[na:na]

2024-02-22T22:36:15.341+05:30  INFO 99627 --- [ool-14-thread-5] c.dws.challenge.service.TransferService  : compareBalance -1 
2024-02-22T22:36:15.341+05:30 ERROR 99627 --- [ool-14-thread-8] c.d.c.web.AccountsTransferController     : Exception occurs

com.dws.challenge.exception.InsufficientBalanceException: Insufficient Balance in account Account123
	at com.dws.challenge.service.TransferService.transferAmount(TransferService.java:21) ~[main/:na]
	at com.dws.challenge.web.AccountsTransferController.transferAmount(AccountsTransferController.java:65) ~[main/:na]
	at com.dws.challenge.ConcurrentTransferTest.lambda$concurrentTransferTest$0(ConcurrentTransferTest.java:77) ~[test/:na]
	at java.base/java.util.concurrent.ThreadPoolExecutor.runWorker(ThreadPoolExecutor.java:1136) ~[na:na]
	at java.base/java.util.concurrent.ThreadPoolExecutor$Worker.run(ThreadPoolExecutor.java:635) ~[na:na]
	at java.base/java.lang.Thread.run(Thread.java:842) ~[na:na]

2024-02-22T22:36:15.341+05:30  INFO 99627 --- [ool-14-thread-3] c.dws.challenge.service.TransferService  : compareBalance -1 
2024-02-22T22:36:15.341+05:30 ERROR 99627 --- [ool-14-thread-5] c.d.c.web.AccountsTransferController     : Exception occurs

com.dws.challenge.exception.InsufficientBalanceException: Insufficient Balance in account Account123
	at com.dws.challenge.service.TransferService.transferAmount(TransferService.java:21) ~[main/:na]
	at com.dws.challenge.web.AccountsTransferController.transferAmount(AccountsTransferController.java:65) ~[main/:na]
	at com.dws.challenge.ConcurrentTransferTest.lambda$concurrentTransferTest$0(ConcurrentTransferTest.java:77) ~[test/:na]
	at java.base/java.util.concurrent.ThreadPoolExecutor.runWorker(ThreadPoolExecutor.java:1136) ~[na:na]
	at java.base/java.util.concurrent.ThreadPoolExecutor$Worker.run(ThreadPoolExecutor.java:635) ~[na:na]
	at java.base/java.lang.Thread.run(Thread.java:842) ~[na:na]

2024-02-22T22:36:15.341+05:30 ERROR 99627 --- [ool-14-thread-3] c.d.c.web.AccountsTransferController     : Exception occurs

com.dws.challenge.exception.InsufficientBalanceException: Insufficient Balance in account Account123
	at com.dws.challenge.service.TransferService.transferAmount(TransferService.java:21) ~[main/:na]
	at com.dws.challenge.web.AccountsTransferController.transferAmount(AccountsTransferController.java:65) ~[main/:na]
	at com.dws.challenge.ConcurrentTransferTest.lambda$concurrentTransferTest$0(ConcurrentTransferTest.java:77) ~[test/:na]
	at java.base/java.util.concurrent.ThreadPoolExecutor.runWorker(ThreadPoolExecutor.java:1136) ~[na:na]
	at java.base/java.util.concurrent.ThreadPoolExecutor$Worker.run(ThreadPoolExecutor.java:635) ~[na:na]
	at java.base/java.lang.Thread.run(Thread.java:842) ~[na:na]

2024-02-22T22:36:15.341+05:30  INFO 99627 --- [ool-14-thread-4] c.dws.challenge.service.TransferService  : compareBalance -1 
2024-02-22T22:36:15.341+05:30  INFO 99627 --- [ol-14-thread-18] c.dws.challenge.service.TransferService  : compareBalance -1 
2024-02-22T22:36:15.341+05:30 ERROR 99627 --- [ool-14-thread-4] c.d.c.web.AccountsTransferController     : Exception occurs

com.dws.challenge.exception.InsufficientBalanceException: Insufficient Balance in account Account123
	at com.dws.challenge.service.TransferService.transferAmount(TransferService.java:21) ~[main/:na]
	at com.dws.challenge.web.AccountsTransferController.transferAmount(AccountsTransferController.java:65) ~[main/:na]
	at com.dws.challenge.ConcurrentTransferTest.lambda$concurrentTransferTest$0(ConcurrentTransferTest.java:77) ~[test/:na]
	at java.base/java.util.concurrent.ThreadPoolExecutor.runWorker(ThreadPoolExecutor.java:1136) ~[na:na]
	at java.base/java.util.concurrent.ThreadPoolExecutor$Worker.run(ThreadPoolExecutor.java:635) ~[na:na]
	at java.base/java.lang.Thread.run(Thread.java:842) ~[na:na]

2024-02-22T22:36:15.342+05:30  INFO 99627 --- [ol-14-thread-15] c.dws.challenge.service.TransferService  : compareBalance -1 
2024-02-22T22:36:15.342+05:30 ERROR 99627 --- [ol-14-thread-18] c.d.c.web.AccountsTransferController     : Exception occurs

com.dws.challenge.exception.InsufficientBalanceException: Insufficient Balance in account Account123
	at com.dws.challenge.service.TransferService.transferAmount(TransferService.java:21) ~[main/:na]
	at com.dws.challenge.web.AccountsTransferController.transferAmount(AccountsTransferController.java:65) ~[main/:na]
	at com.dws.challenge.ConcurrentTransferTest.lambda$concurrentTransferTest$0(ConcurrentTransferTest.java:77) ~[test/:na]
	at java.base/java.util.concurrent.ThreadPoolExecutor.runWorker(ThreadPoolExecutor.java:1136) ~[na:na]
	at java.base/java.util.concurrent.ThreadPoolExecutor$Worker.run(ThreadPoolExecutor.java:635) ~[na:na]
	at java.base/java.lang.Thread.run(Thread.java:842) ~[na:na]

2024-02-22T22:36:15.342+05:30  INFO 99627 --- [ol-14-thread-13] c.dws.challenge.service.TransferService  : compareBalance -1 
2024-02-22T22:36:15.342+05:30 ERROR 99627 --- [ol-14-thread-15] c.d.c.web.AccountsTransferController     : Exception occurs

com.dws.challenge.exception.InsufficientBalanceException: Insufficient Balance in account Account123
	at com.dws.challenge.service.TransferService.transferAmount(TransferService.java:21) ~[main/:na]
	at com.dws.challenge.web.AccountsTransferController.transferAmount(AccountsTransferController.java:65) ~[main/:na]
	at com.dws.challenge.ConcurrentTransferTest.lambda$concurrentTransferTest$0(ConcurrentTransferTest.java:77) ~[test/:na]
	at java.base/java.util.concurrent.ThreadPoolExecutor.runWorker(ThreadPoolExecutor.java:1136) ~[na:na]
	at java.base/java.util.concurrent.ThreadPoolExecutor$Worker.run(ThreadPoolExecutor.java:635) ~[na:na]
	at java.base/java.lang.Thread.run(Thread.java:842) ~[na:na]

2024-02-22T22:36:15.342+05:30 ERROR 99627 --- [ol-14-thread-13] c.d.c.web.AccountsTransferController     : Exception occurs

com.dws.challenge.exception.InsufficientBalanceException: Insufficient Balance in account Account123
	at com.dws.challenge.service.TransferService.transferAmount(TransferService.java:21) ~[main/:na]
	at com.dws.challenge.web.AccountsTransferController.transferAmount(AccountsTransferController.java:65) ~[main/:na]
	at com.dws.challenge.ConcurrentTransferTest.lambda$concurrentTransferTest$0(ConcurrentTransferTest.java:77) ~[test/:na]
	at java.base/java.util.concurrent.ThreadPoolExecutor.runWorker(ThreadPoolExecutor.java:1136) ~[na:na]
	at java.base/java.util.concurrent.ThreadPoolExecutor$Worker.run(ThreadPoolExecutor.java:635) ~[na:na]
	at java.base/java.lang.Thread.run(Thread.java:842) ~[na:na]

2024-02-22T22:36:15.356+05:30  INFO 99627 --- [ool-15-thread-2] c.d.c.web.AccountsTransferController     : Transfer Amount  Transfer(accountFrom=Account123, accountTo=Account124, amount=1000)
2024-02-22T22:36:15.356+05:30  INFO 99627 --- [ol-15-thread-12] c.d.c.web.AccountsTransferController     : Transfer Amount  Transfer(accountFrom=Account123, accountTo=Account124, amount=1000)
2024-02-22T22:36:15.356+05:30  INFO 99627 --- [ol-15-thread-19] c.d.c.web.AccountsTransferController     : Transfer Amount  Transfer(accountFrom=Account123, accountTo=Account124, amount=1000)
2024-02-22T22:36:15.356+05:30  INFO 99627 --- [ol-15-thread-20] c.d.c.web.AccountsTransferController     : Transfer Amount  Transfer(accountFrom=Account123, accountTo=Account124, amount=1000)
2024-02-22T22:36:15.356+05:30  INFO 99627 --- [ool-15-thread-7] c.d.c.web.AccountsTransferController     : Transfer Amount  Transfer(accountFrom=Account123, accountTo=Account124, amount=1000)
2024-02-22T22:36:15.356+05:30  INFO 99627 --- [ool-15-thread-5] c.d.c.web.AccountsTransferController     : Transfer Amount  Transfer(accountFrom=Account123, accountTo=Account124, amount=1000)
2024-02-22T22:36:15.356+05:30  INFO 99627 --- [ool-15-thread-6] c.d.c.web.AccountsTransferController     : Transfer Amount  Transfer(accountFrom=Account123, accountTo=Account124, amount=1000)
2024-02-22T22:36:15.356+05:30  INFO 99627 --- [ool-15-thread-9] c.d.c.web.AccountsTransferController     : Transfer Amount  Transfer(accountFrom=Account123, accountTo=Account124, amount=1000)
2024-02-22T22:36:15.356+05:30  INFO 99627 --- [ool-15-thread-4] c.d.c.web.AccountsTransferController     : Transfer Amount  Transfer(accountFrom=Account123, accountTo=Account124, amount=1000)
2024-02-22T22:36:15.356+05:30  INFO 99627 --- [ol-15-thread-15] c.d.c.web.AccountsTransferController     : Transfer Amount  Transfer(accountFrom=Account123, accountTo=Account124, amount=1000)
2024-02-22T22:36:15.356+05:30  INFO 99627 --- [ool-15-thread-3] c.d.c.web.AccountsTransferController     : Transfer Amount  Transfer(accountFrom=Account123, accountTo=Account124, amount=1000)
2024-02-22T22:36:15.356+05:30  INFO 99627 --- [ol-15-thread-13] c.d.c.web.AccountsTransferController     : Transfer Amount  Transfer(accountFrom=Account123, accountTo=Account124, amount=1000)
2024-02-22T22:36:15.356+05:30  INFO 99627 --- [ol-15-thread-11] c.d.c.web.AccountsTransferController     : Transfer Amount  Transfer(accountFrom=Account123, accountTo=Account124, amount=1000)
2024-02-22T22:36:15.356+05:30  INFO 99627 --- [ool-15-thread-8] c.d.c.web.AccountsTransferController     : Transfer Amount  Transfer(accountFrom=Account123, accountTo=Account124, amount=1000)
2024-02-22T22:36:15.356+05:30  INFO 99627 --- [ol-15-thread-14] c.d.c.web.AccountsTransferController     : Transfer Amount  Transfer(accountFrom=Account123, accountTo=Account124, amount=1000)
2024-02-22T22:36:15.356+05:30  INFO 99627 --- [ool-15-thread-1] c.d.c.web.AccountsTransferController     : Transfer Amount  Transfer(accountFrom=Account123, accountTo=Account124, amount=1000)
2024-02-22T22:36:15.356+05:30  INFO 99627 --- [ol-15-thread-16] c.d.c.web.AccountsTransferController     : Transfer Amount  Transfer(accountFrom=Account123, accountTo=Account124, amount=1000)
2024-02-22T22:36:15.356+05:30  INFO 99627 --- [ol-15-thread-17] c.d.c.web.AccountsTransferController     : Transfer Amount  Transfer(accountFrom=Account123, accountTo=Account124, amount=1000)
2024-02-22T22:36:15.356+05:30  INFO 99627 --- [ol-15-thread-10] c.d.c.web.AccountsTransferController     : Transfer Amount  Transfer(accountFrom=Account123, accountTo=Account124, amount=1000)
2024-02-22T22:36:15.356+05:30  INFO 99627 --- [ol-15-thread-18] c.d.c.web.AccountsTransferController     : Transfer Amount  Transfer(accountFrom=Account123, accountTo=Account124, amount=1000)
2024-02-22T22:36:15.357+05:30  INFO 99627 --- [ool-15-thread-2] c.dws.challenge.service.TransferService  : compareBalance 0 
2024-02-22T22:36:15.359+05:30  INFO 99627 --- [ool-15-thread-2] c.d.c.web.AccountsTransferController     : notification sent successfully
2024-02-22T22:36:15.359+05:30  INFO 99627 --- [ol-15-thread-18] c.dws.challenge.service.TransferService  : compareBalance -1 
2024-02-22T22:36:15.359+05:30  INFO 99627 --- [ol-15-thread-10] c.dws.challenge.service.TransferService  : compareBalance -1 
2024-02-22T22:36:15.359+05:30  INFO 99627 --- [ol-15-thread-17] c.dws.challenge.service.TransferService  : compareBalance -1 
2024-02-22T22:36:15.359+05:30  INFO 99627 --- [ol-15-thread-16] c.dws.challenge.service.TransferService  : compareBalance -1 
2024-02-22T22:36:15.359+05:30 ERROR 99627 --- [ol-15-thread-18] c.d.c.web.AccountsTransferController     : Exception occurs

com.dws.challenge.exception.InsufficientBalanceException: Insufficient Balance in account Account123
	at com.dws.challenge.service.TransferService.transferAmount(TransferService.java:21) ~[main/:na]
	at com.dws.challenge.web.AccountsTransferController.transferAmount(AccountsTransferController.java:65) ~[main/:na]
	at com.dws.challenge.ConcurrentTransferTest.lambda$concurrentTransferTest$0(ConcurrentTransferTest.java:77) ~[test/:na]
	at java.base/java.util.concurrent.ThreadPoolExecutor.runWorker(ThreadPoolExecutor.java:1136) ~[na:na]
	at java.base/java.util.concurrent.ThreadPoolExecutor$Worker.run(ThreadPoolExecutor.java:635) ~[na:na]
	at java.base/java.lang.Thread.run(Thread.java:842) ~[na:na]

2024-02-22T22:36:15.359+05:30 ERROR 99627 --- [ol-15-thread-17] c.d.c.web.AccountsTransferController     : Exception occurs

com.dws.challenge.exception.InsufficientBalanceException: Insufficient Balance in account Account123
	at com.dws.challenge.service.TransferService.transferAmount(TransferService.java:21) ~[main/:na]
	at com.dws.challenge.web.AccountsTransferController.transferAmount(AccountsTransferController.java:65) ~[main/:na]
	at com.dws.challenge.ConcurrentTransferTest.lambda$concurrentTransferTest$0(ConcurrentTransferTest.java:77) ~[test/:na]
	at java.base/java.util.concurrent.ThreadPoolExecutor.runWorker(ThreadPoolExecutor.java:1136) ~[na:na]
	at java.base/java.util.concurrent.ThreadPoolExecutor$Worker.run(ThreadPoolExecutor.java:635) ~[na:na]
	at java.base/java.lang.Thread.run(Thread.java:842) ~[na:na]

2024-02-22T22:36:15.359+05:30 ERROR 99627 --- [ol-15-thread-10] c.d.c.web.AccountsTransferController     : Exception occurs

com.dws.challenge.exception.InsufficientBalanceException: Insufficient Balance in account Account123
	at com.dws.challenge.service.TransferService.transferAmount(TransferService.java:21) ~[main/:na]
	at com.dws.challenge.web.AccountsTransferController.transferAmount(AccountsTransferController.java:65) ~[main/:na]
	at com.dws.challenge.ConcurrentTransferTest.lambda$concurrentTransferTest$0(ConcurrentTransferTest.java:77) ~[test/:na]
	at java.base/java.util.concurrent.ThreadPoolExecutor.runWorker(ThreadPoolExecutor.java:1136) ~[na:na]
	at java.base/java.util.concurrent.ThreadPoolExecutor$Worker.run(ThreadPoolExecutor.java:635) ~[na:na]
	at java.base/java.lang.Thread.run(Thread.java:842) ~[na:na]

2024-02-22T22:36:15.359+05:30  INFO 99627 --- [ool-15-thread-1] c.dws.challenge.service.TransferService  : compareBalance -1 
2024-02-22T22:36:15.359+05:30 ERROR 99627 --- [ol-15-thread-16] c.d.c.web.AccountsTransferController     : Exception occurs

com.dws.challenge.exception.InsufficientBalanceException: Insufficient Balance in account Account123
	at com.dws.challenge.service.TransferService.transferAmount(TransferService.java:21) ~[main/:na]
	at com.dws.challenge.web.AccountsTransferController.transferAmount(AccountsTransferController.java:65) ~[main/:na]
	at com.dws.challenge.ConcurrentTransferTest.lambda$concurrentTransferTest$0(ConcurrentTransferTest.java:77) ~[test/:na]
	at java.base/java.util.concurrent.ThreadPoolExecutor.runWorker(ThreadPoolExecutor.java:1136) ~[na:na]
	at java.base/java.util.concurrent.ThreadPoolExecutor$Worker.run(ThreadPoolExecutor.java:635) ~[na:na]
	at java.base/java.lang.Thread.run(Thread.java:842) ~[na:na]

2024-02-22T22:36:15.360+05:30  INFO 99627 --- [ol-15-thread-14] c.dws.challenge.service.TransferService  : compareBalance -1 
2024-02-22T22:36:15.360+05:30 ERROR 99627 --- [ool-15-thread-1] c.d.c.web.AccountsTransferController     : Exception occurs

com.dws.challenge.exception.InsufficientBalanceException: Insufficient Balance in account Account123
	at com.dws.challenge.service.TransferService.transferAmount(TransferService.java:21) ~[main/:na]
	at com.dws.challenge.web.AccountsTransferController.transferAmount(AccountsTransferController.java:65) ~[main/:na]
	at com.dws.challenge.ConcurrentTransferTest.lambda$concurrentTransferTest$0(ConcurrentTransferTest.java:77) ~[test/:na]
	at java.base/java.util.concurrent.ThreadPoolExecutor.runWorker(ThreadPoolExecutor.java:1136) ~[na:na]
	at java.base/java.util.concurrent.ThreadPoolExecutor$Worker.run(ThreadPoolExecutor.java:635) ~[na:na]
	at java.base/java.lang.Thread.run(Thread.java:842) ~[na:na]

2024-02-22T22:36:15.360+05:30  INFO 99627 --- [ool-15-thread-8] c.dws.challenge.service.TransferService  : compareBalance -1 
2024-02-22T22:36:15.360+05:30 ERROR 99627 --- [ol-15-thread-14] c.d.c.web.AccountsTransferController     : Exception occurs

com.dws.challenge.exception.InsufficientBalanceException: Insufficient Balance in account Account123
	at com.dws.challenge.service.TransferService.transferAmount(TransferService.java:21) ~[main/:na]
	at com.dws.challenge.web.AccountsTransferController.transferAmount(AccountsTransferController.java:65) ~[main/:na]
	at com.dws.challenge.ConcurrentTransferTest.lambda$concurrentTransferTest$0(ConcurrentTransferTest.java:77) ~[test/:na]
	at java.base/java.util.concurrent.ThreadPoolExecutor.runWorker(ThreadPoolExecutor.java:1136) ~[na:na]
	at java.base/java.util.concurrent.ThreadPoolExecutor$Worker.run(ThreadPoolExecutor.java:635) ~[na:na]
	at java.base/java.lang.Thread.run(Thread.java:842) ~[na:na]

2024-02-22T22:36:15.360+05:30  INFO 99627 --- [ol-15-thread-11] c.dws.challenge.service.TransferService  : compareBalance -1 
2024-02-22T22:36:15.360+05:30 ERROR 99627 --- [ool-15-thread-8] c.d.c.web.AccountsTransferController     : Exception occurs

com.dws.challenge.exception.InsufficientBalanceException: Insufficient Balance in account Account123
	at com.dws.challenge.service.TransferService.transferAmount(TransferService.java:21) ~[main/:na]
	at com.dws.challenge.web.AccountsTransferController.transferAmount(AccountsTransferController.java:65) ~[main/:na]
	at com.dws.challenge.ConcurrentTransferTest.lambda$concurrentTransferTest$0(ConcurrentTransferTest.java:77) ~[test/:na]
	at java.base/java.util.concurrent.ThreadPoolExecutor.runWorker(ThreadPoolExecutor.java:1136) ~[na:na]
	at java.base/java.util.concurrent.ThreadPoolExecutor$Worker.run(ThreadPoolExecutor.java:635) ~[na:na]
	at java.base/java.lang.Thread.run(Thread.java:842) ~[na:na]

2024-02-22T22:36:15.360+05:30  INFO 99627 --- [ol-15-thread-13] c.dws.challenge.service.TransferService  : compareBalance -1 
2024-02-22T22:36:15.360+05:30 ERROR 99627 --- [ol-15-thread-11] c.d.c.web.AccountsTransferController     : Exception occurs

com.dws.challenge.exception.InsufficientBalanceException: Insufficient Balance in account Account123
	at com.dws.challenge.service.TransferService.transferAmount(TransferService.java:21) ~[main/:na]
	at com.dws.challenge.web.AccountsTransferController.transferAmount(AccountsTransferController.java:65) ~[main/:na]
	at com.dws.challenge.ConcurrentTransferTest.lambda$concurrentTransferTest$0(ConcurrentTransferTest.java:77) ~[test/:na]
	at java.base/java.util.concurrent.ThreadPoolExecutor.runWorker(ThreadPoolExecutor.java:1136) ~[na:na]
	at java.base/java.util.concurrent.ThreadPoolExecutor$Worker.run(ThreadPoolExecutor.java:635) ~[na:na]
	at java.base/java.lang.Thread.run(Thread.java:842) ~[na:na]

2024-02-22T22:36:15.360+05:30  INFO 99627 --- [ool-15-thread-3] c.dws.challenge.service.TransferService  : compareBalance -1 
2024-02-22T22:36:15.360+05:30 ERROR 99627 --- [ol-15-thread-13] c.d.c.web.AccountsTransferController     : Exception occurs

com.dws.challenge.exception.InsufficientBalanceException: Insufficient Balance in account Account123
	at com.dws.challenge.service.TransferService.transferAmount(TransferService.java:21) ~[main/:na]
	at com.dws.challenge.web.AccountsTransferController.transferAmount(AccountsTransferController.java:65) ~[main/:na]
	at com.dws.challenge.ConcurrentTransferTest.lambda$concurrentTransferTest$0(ConcurrentTransferTest.java:77) ~[test/:na]
	at java.base/java.util.concurrent.ThreadPoolExecutor.runWorker(ThreadPoolExecutor.java:1136) ~[na:na]
	at java.base/java.util.concurrent.ThreadPoolExecutor$Worker.run(ThreadPoolExecutor.java:635) ~[na:na]
	at java.base/java.lang.Thread.run(Thread.java:842) ~[na:na]

2024-02-22T22:36:15.361+05:30  INFO 99627 --- [ol-15-thread-15] c.dws.challenge.service.TransferService  : compareBalance -1 
2024-02-22T22:36:15.361+05:30 ERROR 99627 --- [ool-15-thread-3] c.d.c.web.AccountsTransferController     : Exception occurs

com.dws.challenge.exception.InsufficientBalanceException: Insufficient Balance in account Account123
	at com.dws.challenge.service.TransferService.transferAmount(TransferService.java:21) ~[main/:na]
	at com.dws.challenge.web.AccountsTransferController.transferAmount(AccountsTransferController.java:65) ~[main/:na]
	at com.dws.challenge.ConcurrentTransferTest.lambda$concurrentTransferTest$0(ConcurrentTransferTest.java:77) ~[test/:na]
	at java.base/java.util.concurrent.ThreadPoolExecutor.runWorker(ThreadPoolExecutor.java:1136) ~[na:na]
	at java.base/java.util.concurrent.ThreadPoolExecutor$Worker.run(ThreadPoolExecutor.java:635) ~[na:na]
	at java.base/java.lang.Thread.run(Thread.java:842) ~[na:na]

2024-02-22T22:36:15.361+05:30  INFO 99627 --- [ool-15-thread-4] c.dws.challenge.service.TransferService  : compareBalance -1 
2024-02-22T22:36:15.361+05:30 ERROR 99627 --- [ol-15-thread-15] c.d.c.web.AccountsTransferController     : Exception occurs

com.dws.challenge.exception.InsufficientBalanceException: Insufficient Balance in account Account123
	at com.dws.challenge.service.TransferService.transferAmount(TransferService.java:21) ~[main/:na]
	at com.dws.challenge.web.AccountsTransferController.transferAmount(AccountsTransferController.java:65) ~[main/:na]
	at com.dws.challenge.ConcurrentTransferTest.lambda$concurrentTransferTest$0(ConcurrentTransferTest.java:77) ~[test/:na]
	at java.base/java.util.concurrent.ThreadPoolExecutor.runWorker(ThreadPoolExecutor.java:1136) ~[na:na]
	at java.base/java.util.concurrent.ThreadPoolExecutor$Worker.run(ThreadPoolExecutor.java:635) ~[na:na]
	at java.base/java.lang.Thread.run(Thread.java:842) ~[na:na]

2024-02-22T22:36:15.361+05:30  INFO 99627 --- [ool-15-thread-9] c.dws.challenge.service.TransferService  : compareBalance -1 
2024-02-22T22:36:15.361+05:30 ERROR 99627 --- [ool-15-thread-4] c.d.c.web.AccountsTransferController     : Exception occurs

com.dws.challenge.exception.InsufficientBalanceException: Insufficient Balance in account Account123
	at com.dws.challenge.service.TransferService.transferAmount(TransferService.java:21) ~[main/:na]
	at com.dws.challenge.web.AccountsTransferController.transferAmount(AccountsTransferController.java:65) ~[main/:na]
	at com.dws.challenge.ConcurrentTransferTest.lambda$concurrentTransferTest$0(ConcurrentTransferTest.java:77) ~[test/:na]
	at java.base/java.util.concurrent.ThreadPoolExecutor.runWorker(ThreadPoolExecutor.java:1136) ~[na:na]
	at java.base/java.util.concurrent.ThreadPoolExecutor$Worker.run(ThreadPoolExecutor.java:635) ~[na:na]
	at java.base/java.lang.Thread.run(Thread.java:842) ~[na:na]

2024-02-22T22:36:15.361+05:30  INFO 99627 --- [ool-15-thread-6] c.dws.challenge.service.TransferService  : compareBalance -1 
2024-02-22T22:36:15.361+05:30 ERROR 99627 --- [ool-15-thread-9] c.d.c.web.AccountsTransferController     : Exception occurs

com.dws.challenge.exception.InsufficientBalanceException: Insufficient Balance in account Account123
	at com.dws.challenge.service.TransferService.transferAmount(TransferService.java:21) ~[main/:na]
	at com.dws.challenge.web.AccountsTransferController.transferAmount(AccountsTransferController.java:65) ~[main/:na]
	at com.dws.challenge.ConcurrentTransferTest.lambda$concurrentTransferTest$0(ConcurrentTransferTest.java:77) ~[test/:na]
	at java.base/java.util.concurrent.ThreadPoolExecutor.runWorker(ThreadPoolExecutor.java:1136) ~[na:na]
	at java.base/java.util.concurrent.ThreadPoolExecutor$Worker.run(ThreadPoolExecutor.java:635) ~[na:na]
	at java.base/java.lang.Thread.run(Thread.java:842) ~[na:na]

2024-02-22T22:36:15.361+05:30 ERROR 99627 --- [ool-15-thread-6] c.d.c.web.AccountsTransferController     : Exception occurs

com.dws.challenge.exception.InsufficientBalanceException: Insufficient Balance in account Account123
	at com.dws.challenge.service.TransferService.transferAmount(TransferService.java:21) ~[main/:na]
	at com.dws.challenge.web.AccountsTransferController.transferAmount(AccountsTransferController.java:65) ~[main/:na]
	at com.dws.challenge.ConcurrentTransferTest.lambda$concurrentTransferTest$0(ConcurrentTransferTest.java:77) ~[test/:na]
	at java.base/java.util.concurrent.ThreadPoolExecutor.runWorker(ThreadPoolExecutor.java:1136) ~[na:na]
	at java.base/java.util.concurrent.ThreadPoolExecutor$Worker.run(ThreadPoolExecutor.java:635) ~[na:na]
	at java.base/java.lang.Thread.run(Thread.java:842) ~[na:na]

2024-02-22T22:36:15.361+05:30  INFO 99627 --- [ool-15-thread-5] c.dws.challenge.service.TransferService  : compareBalance -1 
2024-02-22T22:36:15.362+05:30  INFO 99627 --- [ool-15-thread-7] c.dws.challenge.service.TransferService  : compareBalance -1 
2024-02-22T22:36:15.362+05:30 ERROR 99627 --- [ool-15-thread-5] c.d.c.web.AccountsTransferController     : Exception occurs

com.dws.challenge.exception.InsufficientBalanceException: Insufficient Balance in account Account123
	at com.dws.challenge.service.TransferService.transferAmount(TransferService.java:21) ~[main/:na]
	at com.dws.challenge.web.AccountsTransferController.transferAmount(AccountsTransferController.java:65) ~[main/:na]
	at com.dws.challenge.ConcurrentTransferTest.lambda$concurrentTransferTest$0(ConcurrentTransferTest.java:77) ~[test/:na]
	at java.base/java.util.concurrent.ThreadPoolExecutor.runWorker(ThreadPoolExecutor.java:1136) ~[na:na]
	at java.base/java.util.concurrent.ThreadPoolExecutor$Worker.run(ThreadPoolExecutor.java:635) ~[na:na]
	at java.base/java.lang.Thread.run(Thread.java:842) ~[na:na]

2024-02-22T22:36:15.362+05:30  INFO 99627 --- [ol-15-thread-20] c.dws.challenge.service.TransferService  : compareBalance -1 
2024-02-22T22:36:15.362+05:30 ERROR 99627 --- [ool-15-thread-7] c.d.c.web.AccountsTransferController     : Exception occurs

com.dws.challenge.exception.InsufficientBalanceException: Insufficient Balance in account Account123
	at com.dws.challenge.service.TransferService.transferAmount(TransferService.java:21) ~[main/:na]
	at com.dws.challenge.web.AccountsTransferController.transferAmount(AccountsTransferController.java:65) ~[main/:na]
	at com.dws.challenge.ConcurrentTransferTest.lambda$concurrentTransferTest$0(ConcurrentTransferTest.java:77) ~[test/:na]
	at java.base/java.util.concurrent.ThreadPoolExecutor.runWorker(ThreadPoolExecutor.java:1136) ~[na:na]
	at java.base/java.util.concurrent.ThreadPoolExecutor$Worker.run(ThreadPoolExecutor.java:635) ~[na:na]
	at java.base/java.lang.Thread.run(Thread.java:842) ~[na:na]

2024-02-22T22:36:15.362+05:30  INFO 99627 --- [ol-15-thread-19] c.dws.challenge.service.TransferService  : compareBalance -1 
2024-02-22T22:36:15.362+05:30 ERROR 99627 --- [ol-15-thread-20] c.d.c.web.AccountsTransferController     : Exception occurs

com.dws.challenge.exception.InsufficientBalanceException: Insufficient Balance in account Account123
	at com.dws.challenge.service.TransferService.transferAmount(TransferService.java:21) ~[main/:na]
	at com.dws.challenge.web.AccountsTransferController.transferAmount(AccountsTransferController.java:65) ~[main/:na]
	at com.dws.challenge.ConcurrentTransferTest.lambda$concurrentTransferTest$0(ConcurrentTransferTest.java:77) ~[test/:na]
	at java.base/java.util.concurrent.ThreadPoolExecutor.runWorker(ThreadPoolExecutor.java:1136) ~[na:na]
	at java.base/java.util.concurrent.ThreadPoolExecutor$Worker.run(ThreadPoolExecutor.java:635) ~[na:na]
	at java.base/java.lang.Thread.run(Thread.java:842) ~[na:na]

2024-02-22T22:36:15.362+05:30  INFO 99627 --- [ol-15-thread-12] c.dws.challenge.service.TransferService  : compareBalance -1 
2024-02-22T22:36:15.362+05:30 ERROR 99627 --- [ol-15-thread-19] c.d.c.web.AccountsTransferController     : Exception occurs

com.dws.challenge.exception.InsufficientBalanceException: Insufficient Balance in account Account123
	at com.dws.challenge.service.TransferService.transferAmount(TransferService.java:21) ~[main/:na]
	at com.dws.challenge.web.AccountsTransferController.transferAmount(AccountsTransferController.java:65) ~[main/:na]
	at com.dws.challenge.ConcurrentTransferTest.lambda$concurrentTransferTest$0(ConcurrentTransferTest.java:77) ~[test/:na]
	at java.base/java.util.concurrent.ThreadPoolExecutor.runWorker(ThreadPoolExecutor.java:1136) ~[na:na]
	at java.base/java.util.concurrent.ThreadPoolExecutor$Worker.run(ThreadPoolExecutor.java:635) ~[na:na]
	at java.base/java.lang.Thread.run(Thread.java:842) ~[na:na]

2024-02-22T22:36:15.362+05:30 ERROR 99627 --- [ol-15-thread-12] c.d.c.web.AccountsTransferController     : Exception occurs

com.dws.challenge.exception.InsufficientBalanceException: Insufficient Balance in account Account123
	at com.dws.challenge.service.TransferService.transferAmount(TransferService.java:21) ~[main/:na]
	at com.dws.challenge.web.AccountsTransferController.transferAmount(AccountsTransferController.java:65) ~[main/:na]
	at com.dws.challenge.ConcurrentTransferTest.lambda$concurrentTransferTest$0(ConcurrentTransferTest.java:77) ~[test/:na]
	at java.base/java.util.concurrent.ThreadPoolExecutor.runWorker(ThreadPoolExecutor.java:1136) ~[na:na]
	at java.base/java.util.concurrent.ThreadPoolExecutor$Worker.run(ThreadPoolExecutor.java:635) ~[na:na]
	at java.base/java.lang.Thread.run(Thread.java:842) ~[na:na]

2024-02-22T22:36:15.377+05:30  INFO 99627 --- [ol-16-thread-20] c.d.c.web.AccountsTransferController     : Transfer Amount  Transfer(accountFrom=Account123, accountTo=Account124, amount=1000)
2024-02-22T22:36:15.377+05:30  INFO 99627 --- [ool-16-thread-5] c.d.c.web.AccountsTransferController     : Transfer Amount  Transfer(accountFrom=Account123, accountTo=Account124, amount=1000)
2024-02-22T22:36:15.377+05:30  INFO 99627 --- [ool-16-thread-1] c.d.c.web.AccountsTransferController     : Transfer Amount  Transfer(accountFrom=Account123, accountTo=Account124, amount=1000)
2024-02-22T22:36:15.377+05:30  INFO 99627 --- [ool-16-thread-3] c.d.c.web.AccountsTransferController     : Transfer Amount  Transfer(accountFrom=Account123, accountTo=Account124, amount=1000)
2024-02-22T22:36:15.378+05:30  INFO 99627 --- [ol-16-thread-20] c.dws.challenge.service.TransferService  : compareBalance 0 
2024-02-22T22:36:15.377+05:30  INFO 99627 --- [ol-16-thread-11] c.d.c.web.AccountsTransferController     : Transfer Amount  Transfer(accountFrom=Account123, accountTo=Account124, amount=1000)
2024-02-22T22:36:15.377+05:30  INFO 99627 --- [ol-16-thread-10] c.d.c.web.AccountsTransferController     : Transfer Amount  Transfer(accountFrom=Account123, accountTo=Account124, amount=1000)
2024-02-22T22:36:15.377+05:30  INFO 99627 --- [ool-16-thread-7] c.d.c.web.AccountsTransferController     : Transfer Amount  Transfer(accountFrom=Account123, accountTo=Account124, amount=1000)
2024-02-22T22:36:15.377+05:30  INFO 99627 --- [ool-16-thread-6] c.d.c.web.AccountsTransferController     : Transfer Amount  Transfer(accountFrom=Account123, accountTo=Account124, amount=1000)
2024-02-22T22:36:15.377+05:30  INFO 99627 --- [ool-16-thread-9] c.d.c.web.AccountsTransferController     : Transfer Amount  Transfer(accountFrom=Account123, accountTo=Account124, amount=1000)
2024-02-22T22:36:15.377+05:30  INFO 99627 --- [ool-16-thread-4] c.d.c.web.AccountsTransferController     : Transfer Amount  Transfer(accountFrom=Account123, accountTo=Account124, amount=1000)
2024-02-22T22:36:15.377+05:30  INFO 99627 --- [ool-16-thread-8] c.d.c.web.AccountsTransferController     : Transfer Amount  Transfer(accountFrom=Account123, accountTo=Account124, amount=1000)
2024-02-22T22:36:15.377+05:30  INFO 99627 --- [ool-16-thread-2] c.d.c.web.AccountsTransferController     : Transfer Amount  Transfer(accountFrom=Account123, accountTo=Account124, amount=1000)
2024-02-22T22:36:15.377+05:30  INFO 99627 --- [ol-16-thread-12] c.d.c.web.AccountsTransferController     : Transfer Amount  Transfer(accountFrom=Account123, accountTo=Account124, amount=1000)
2024-02-22T22:36:15.377+05:30  INFO 99627 --- [ol-16-thread-13] c.d.c.web.AccountsTransferController     : Transfer Amount  Transfer(accountFrom=Account123, accountTo=Account124, amount=1000)
2024-02-22T22:36:15.377+05:30  INFO 99627 --- [ol-16-thread-14] c.d.c.web.AccountsTransferController     : Transfer Amount  Transfer(accountFrom=Account123, accountTo=Account124, amount=1000)
2024-02-22T22:36:15.377+05:30  INFO 99627 --- [ol-16-thread-15] c.d.c.web.AccountsTransferController     : Transfer Amount  Transfer(accountFrom=Account123, accountTo=Account124, amount=1000)
2024-02-22T22:36:15.377+05:30  INFO 99627 --- [ol-16-thread-16] c.d.c.web.AccountsTransferController     : Transfer Amount  Transfer(accountFrom=Account123, accountTo=Account124, amount=1000)
2024-02-22T22:36:15.378+05:30  INFO 99627 --- [ol-16-thread-17] c.d.c.web.AccountsTransferController     : Transfer Amount  Transfer(accountFrom=Account123, accountTo=Account124, amount=1000)
2024-02-22T22:36:15.378+05:30  INFO 99627 --- [ol-16-thread-18] c.d.c.web.AccountsTransferController     : Transfer Amount  Transfer(accountFrom=Account123, accountTo=Account124, amount=1000)
2024-02-22T22:36:15.378+05:30  INFO 99627 --- [ol-16-thread-19] c.d.c.web.AccountsTransferController     : Transfer Amount  Transfer(accountFrom=Account123, accountTo=Account124, amount=1000)
2024-02-22T22:36:15.378+05:30  INFO 99627 --- [ol-16-thread-20] c.d.c.web.AccountsTransferController     : notification sent successfully
2024-02-22T22:36:15.379+05:30  INFO 99627 --- [ol-16-thread-19] c.dws.challenge.service.TransferService  : compareBalance -1 
2024-02-22T22:36:15.379+05:30  INFO 99627 --- [ol-16-thread-18] c.dws.challenge.service.TransferService  : compareBalance -1 
2024-02-22T22:36:15.379+05:30  INFO 99627 --- [ol-16-thread-17] c.dws.challenge.service.TransferService  : compareBalance -1 
2024-02-22T22:36:15.379+05:30 ERROR 99627 --- [ol-16-thread-19] c.d.c.web.AccountsTransferController     : Exception occurs

com.dws.challenge.exception.InsufficientBalanceException: Insufficient Balance in account Account123
	at com.dws.challenge.service.TransferService.transferAmount(TransferService.java:21) ~[main/:na]
	at com.dws.challenge.web.AccountsTransferController.transferAmount(AccountsTransferController.java:65) ~[main/:na]
	at com.dws.challenge.ConcurrentTransferTest.lambda$concurrentTransferTest$0(ConcurrentTransferTest.java:77) ~[test/:na]
	at java.base/java.util.concurrent.ThreadPoolExecutor.runWorker(ThreadPoolExecutor.java:1136) ~[na:na]
	at java.base/java.util.concurrent.ThreadPoolExecutor$Worker.run(ThreadPoolExecutor.java:635) ~[na:na]
	at java.base/java.lang.Thread.run(Thread.java:842) ~[na:na]

2024-02-22T22:36:15.379+05:30 ERROR 99627 --- [ol-16-thread-18] c.d.c.web.AccountsTransferController     : Exception occurs

com.dws.challenge.exception.InsufficientBalanceException: Insufficient Balance in account Account123
	at com.dws.challenge.service.TransferService.transferAmount(TransferService.java:21) ~[main/:na]
	at com.dws.challenge.web.AccountsTransferController.transferAmount(AccountsTransferController.java:65) ~[main/:na]
	at com.dws.challenge.ConcurrentTransferTest.lambda$concurrentTransferTest$0(ConcurrentTransferTest.java:77) ~[test/:na]
	at java.base/java.util.concurrent.ThreadPoolExecutor.runWorker(ThreadPoolExecutor.java:1136) ~[na:na]
	at java.base/java.util.concurrent.ThreadPoolExecutor$Worker.run(ThreadPoolExecutor.java:635) ~[na:na]
	at java.base/java.lang.Thread.run(Thread.java:842) ~[na:na]

2024-02-22T22:36:15.379+05:30 ERROR 99627 --- [ol-16-thread-17] c.d.c.web.AccountsTransferController     : Exception occurs

com.dws.challenge.exception.InsufficientBalanceException: Insufficient Balance in account Account123
	at com.dws.challenge.service.TransferService.transferAmount(TransferService.java:21) ~[main/:na]
	at com.dws.challenge.web.AccountsTransferController.transferAmount(AccountsTransferController.java:65) ~[main/:na]
	at com.dws.challenge.ConcurrentTransferTest.lambda$concurrentTransferTest$0(ConcurrentTransferTest.java:77) ~[test/:na]
	at java.base/java.util.concurrent.ThreadPoolExecutor.runWorker(ThreadPoolExecutor.java:1136) ~[na:na]
	at java.base/java.util.concurrent.ThreadPoolExecutor$Worker.run(ThreadPoolExecutor.java:635) ~[na:na]
	at java.base/java.lang.Thread.run(Thread.java:842) ~[na:na]

2024-02-22T22:36:15.379+05:30  INFO 99627 --- [ol-16-thread-16] c.dws.challenge.service.TransferService  : compareBalance -1 
2024-02-22T22:36:15.380+05:30  INFO 99627 --- [ol-16-thread-15] c.dws.challenge.service.TransferService  : compareBalance -1 
2024-02-22T22:36:15.380+05:30 ERROR 99627 --- [ol-16-thread-16] c.d.c.web.AccountsTransferController     : Exception occurs

com.dws.challenge.exception.InsufficientBalanceException: Insufficient Balance in account Account123
	at com.dws.challenge.service.TransferService.transferAmount(TransferService.java:21) ~[main/:na]
	at com.dws.challenge.web.AccountsTransferController.transferAmount(AccountsTransferController.java:65) ~[main/:na]
	at com.dws.challenge.ConcurrentTransferTest.lambda$concurrentTransferTest$0(ConcurrentTransferTest.java:77) ~[test/:na]
	at java.base/java.util.concurrent.ThreadPoolExecutor.runWorker(ThreadPoolExecutor.java:1136) ~[na:na]
	at java.base/java.util.concurrent.ThreadPoolExecutor$Worker.run(ThreadPoolExecutor.java:635) ~[na:na]
	at java.base/java.lang.Thread.run(Thread.java:842) ~[na:na]

2024-02-22T22:36:15.380+05:30  INFO 99627 --- [ol-16-thread-14] c.dws.challenge.service.TransferService  : compareBalance -1 
2024-02-22T22:36:15.380+05:30 ERROR 99627 --- [ol-16-thread-15] c.d.c.web.AccountsTransferController     : Exception occurs

com.dws.challenge.exception.InsufficientBalanceException: Insufficient Balance in account Account123
	at com.dws.challenge.service.TransferService.transferAmount(TransferService.java:21) ~[main/:na]
	at com.dws.challenge.web.AccountsTransferController.transferAmount(AccountsTransferController.java:65) ~[main/:na]
	at com.dws.challenge.ConcurrentTransferTest.lambda$concurrentTransferTest$0(ConcurrentTransferTest.java:77) ~[test/:na]
	at java.base/java.util.concurrent.ThreadPoolExecutor.runWorker(ThreadPoolExecutor.java:1136) ~[na:na]
	at java.base/java.util.concurrent.ThreadPoolExecutor$Worker.run(ThreadPoolExecutor.java:635) ~[na:na]
	at java.base/java.lang.Thread.run(Thread.java:842) ~[na:na]

2024-02-22T22:36:15.380+05:30  INFO 99627 --- [ol-16-thread-13] c.dws.challenge.service.TransferService  : compareBalance -1 
2024-02-22T22:36:15.380+05:30 ERROR 99627 --- [ol-16-thread-14] c.d.c.web.AccountsTransferController     : Exception occurs

com.dws.challenge.exception.InsufficientBalanceException: Insufficient Balance in account Account123
	at com.dws.challenge.service.TransferService.transferAmount(TransferService.java:21) ~[main/:na]
	at com.dws.challenge.web.AccountsTransferController.transferAmount(AccountsTransferController.java:65) ~[main/:na]
	at com.dws.challenge.ConcurrentTransferTest.lambda$concurrentTransferTest$0(ConcurrentTransferTest.java:77) ~[test/:na]
	at java.base/java.util.concurrent.ThreadPoolExecutor.runWorker(ThreadPoolExecutor.java:1136) ~[na:na]
	at java.base/java.util.concurrent.ThreadPoolExecutor$Worker.run(ThreadPoolExecutor.java:635) ~[na:na]
	at java.base/java.lang.Thread.run(Thread.java:842) ~[na:na]

2024-02-22T22:36:15.381+05:30  INFO 99627 --- [ol-16-thread-12] c.dws.challenge.service.TransferService  : compareBalance -1 
2024-02-22T22:36:15.380+05:30 ERROR 99627 --- [ol-16-thread-13] c.d.c.web.AccountsTransferController     : Exception occurs

com.dws.challenge.exception.InsufficientBalanceException: Insufficient Balance in account Account123
	at com.dws.challenge.service.TransferService.transferAmount(TransferService.java:21) ~[main/:na]
	at com.dws.challenge.web.AccountsTransferController.transferAmount(AccountsTransferController.java:65) ~[main/:na]
	at com.dws.challenge.ConcurrentTransferTest.lambda$concurrentTransferTest$0(ConcurrentTransferTest.java:77) ~[test/:na]
	at java.base/java.util.concurrent.ThreadPoolExecutor.runWorker(ThreadPoolExecutor.java:1136) ~[na:na]
	at java.base/java.util.concurrent.ThreadPoolExecutor$Worker.run(ThreadPoolExecutor.java:635) ~[na:na]
	at java.base/java.lang.Thread.run(Thread.java:842) ~[na:na]

2024-02-22T22:36:15.381+05:30  INFO 99627 --- [ool-16-thread-2] c.dws.challenge.service.TransferService  : compareBalance -1 
2024-02-22T22:36:15.381+05:30 ERROR 99627 --- [ol-16-thread-12] c.d.c.web.AccountsTransferController     : Exception occurs

com.dws.challenge.exception.InsufficientBalanceException: Insufficient Balance in account Account123
	at com.dws.challenge.service.TransferService.transferAmount(TransferService.java:21) ~[main/:na]
	at com.dws.challenge.web.AccountsTransferController.transferAmount(AccountsTransferController.java:65) ~[main/:na]
	at com.dws.challenge.ConcurrentTransferTest.lambda$concurrentTransferTest$0(ConcurrentTransferTest.java:77) ~[test/:na]
	at java.base/java.util.concurrent.ThreadPoolExecutor.runWorker(ThreadPoolExecutor.java:1136) ~[na:na]
	at java.base/java.util.concurrent.ThreadPoolExecutor$Worker.run(ThreadPoolExecutor.java:635) ~[na:na]
	at java.base/java.lang.Thread.run(Thread.java:842) ~[na:na]

2024-02-22T22:36:15.381+05:30  INFO 99627 --- [ool-16-thread-8] c.dws.challenge.service.TransferService  : compareBalance -1 
2024-02-22T22:36:15.381+05:30 ERROR 99627 --- [ool-16-thread-2] c.d.c.web.AccountsTransferController     : Exception occurs

com.dws.challenge.exception.InsufficientBalanceException: Insufficient Balance in account Account123
	at com.dws.challenge.service.TransferService.transferAmount(TransferService.java:21) ~[main/:na]
	at com.dws.challenge.web.AccountsTransferController.transferAmount(AccountsTransferController.java:65) ~[main/:na]
	at com.dws.challenge.ConcurrentTransferTest.lambda$concurrentTransferTest$0(ConcurrentTransferTest.java:77) ~[test/:na]
	at java.base/java.util.concurrent.ThreadPoolExecutor.runWorker(ThreadPoolExecutor.java:1136) ~[na:na]
	at java.base/java.util.concurrent.ThreadPoolExecutor$Worker.run(ThreadPoolExecutor.java:635) ~[na:na]
	at java.base/java.lang.Thread.run(Thread.java:842) ~[na:na]

2024-02-22T22:36:15.381+05:30  INFO 99627 --- [ool-16-thread-4] c.dws.challenge.service.TransferService  : compareBalance -1 
2024-02-22T22:36:15.381+05:30 ERROR 99627 --- [ool-16-thread-8] c.d.c.web.AccountsTransferController     : Exception occurs

com.dws.challenge.exception.InsufficientBalanceException: Insufficient Balance in account Account123
	at com.dws.challenge.service.TransferService.transferAmount(TransferService.java:21) ~[main/:na]
	at com.dws.challenge.web.AccountsTransferController.transferAmount(AccountsTransferController.java:65) ~[main/:na]
	at com.dws.challenge.ConcurrentTransferTest.lambda$concurrentTransferTest$0(ConcurrentTransferTest.java:77) ~[test/:na]
	at java.base/java.util.concurrent.ThreadPoolExecutor.runWorker(ThreadPoolExecutor.java:1136) ~[na:na]
	at java.base/java.util.concurrent.ThreadPoolExecutor$Worker.run(ThreadPoolExecutor.java:635) ~[na:na]
	at java.base/java.lang.Thread.run(Thread.java:842) ~[na:na]

2024-02-22T22:36:15.381+05:30  INFO 99627 --- [ool-16-thread-9] c.dws.challenge.service.TransferService  : compareBalance -1 
2024-02-22T22:36:15.381+05:30 ERROR 99627 --- [ool-16-thread-4] c.d.c.web.AccountsTransferController     : Exception occurs

com.dws.challenge.exception.InsufficientBalanceException: Insufficient Balance in account Account123
	at com.dws.challenge.service.TransferService.transferAmount(TransferService.java:21) ~[main/:na]
	at com.dws.challenge.web.AccountsTransferController.transferAmount(AccountsTransferController.java:65) ~[main/:na]
	at com.dws.challenge.ConcurrentTransferTest.lambda$concurrentTransferTest$0(ConcurrentTransferTest.java:77) ~[test/:na]
	at java.base/java.util.concurrent.ThreadPoolExecutor.runWorker(ThreadPoolExecutor.java:1136) ~[na:na]
	at java.base/java.util.concurrent.ThreadPoolExecutor$Worker.run(ThreadPoolExecutor.java:635) ~[na:na]
	at java.base/java.lang.Thread.run(Thread.java:842) ~[na:na]

2024-02-22T22:36:15.381+05:30  INFO 99627 --- [ool-16-thread-6] c.dws.challenge.service.TransferService  : compareBalance -1 
2024-02-22T22:36:15.381+05:30 ERROR 99627 --- [ool-16-thread-9] c.d.c.web.AccountsTransferController     : Exception occurs

com.dws.challenge.exception.InsufficientBalanceException: Insufficient Balance in account Account123
	at com.dws.challenge.service.TransferService.transferAmount(TransferService.java:21) ~[main/:na]
	at com.dws.challenge.web.AccountsTransferController.transferAmount(AccountsTransferController.java:65) ~[main/:na]
	at com.dws.challenge.ConcurrentTransferTest.lambda$concurrentTransferTest$0(ConcurrentTransferTest.java:77) ~[test/:na]
	at java.base/java.util.concurrent.ThreadPoolExecutor.runWorker(ThreadPoolExecutor.java:1136) ~[na:na]
	at java.base/java.util.concurrent.ThreadPoolExecutor$Worker.run(ThreadPoolExecutor.java:635) ~[na:na]
	at java.base/java.lang.Thread.run(Thread.java:842) ~[na:na]

2024-02-22T22:36:15.382+05:30  INFO 99627 --- [ool-16-thread-7] c.dws.challenge.service.TransferService  : compareBalance -1 
2024-02-22T22:36:15.382+05:30 ERROR 99627 --- [ool-16-thread-6] c.d.c.web.AccountsTransferController     : Exception occurs

com.dws.challenge.exception.InsufficientBalanceException: Insufficient Balance in account Account123
	at com.dws.challenge.service.TransferService.transferAmount(TransferService.java:21) ~[main/:na]
	at com.dws.challenge.web.AccountsTransferController.transferAmount(AccountsTransferController.java:65) ~[main/:na]
	at com.dws.challenge.ConcurrentTransferTest.lambda$concurrentTransferTest$0(ConcurrentTransferTest.java:77) ~[test/:na]
	at java.base/java.util.concurrent.ThreadPoolExecutor.runWorker(ThreadPoolExecutor.java:1136) ~[na:na]
	at java.base/java.util.concurrent.ThreadPoolExecutor$Worker.run(ThreadPoolExecutor.java:635) ~[na:na]
	at java.base/java.lang.Thread.run(Thread.java:842) ~[na:na]

2024-02-22T22:36:15.382+05:30  INFO 99627 --- [ol-16-thread-10] c.dws.challenge.service.TransferService  : compareBalance -1 
2024-02-22T22:36:15.382+05:30 ERROR 99627 --- [ool-16-thread-7] c.d.c.web.AccountsTransferController     : Exception occurs

com.dws.challenge.exception.InsufficientBalanceException: Insufficient Balance in account Account123
	at com.dws.challenge.service.TransferService.transferAmount(TransferService.java:21) ~[main/:na]
	at com.dws.challenge.web.AccountsTransferController.transferAmount(AccountsTransferController.java:65) ~[main/:na]
	at com.dws.challenge.ConcurrentTransferTest.lambda$concurrentTransferTest$0(ConcurrentTransferTest.java:77) ~[test/:na]
	at java.base/java.util.concurrent.ThreadPoolExecutor.runWorker(ThreadPoolExecutor.java:1136) ~[na:na]
	at java.base/java.util.concurrent.ThreadPoolExecutor$Worker.run(ThreadPoolExecutor.java:635) ~[na:na]
	at java.base/java.lang.Thread.run(Thread.java:842) ~[na:na]

2024-02-22T22:36:15.382+05:30  INFO 99627 --- [ol-16-thread-11] c.dws.challenge.service.TransferService  : compareBalance -1 
2024-02-22T22:36:15.382+05:30 ERROR 99627 --- [ol-16-thread-10] c.d.c.web.AccountsTransferController     : Exception occurs

com.dws.challenge.exception.InsufficientBalanceException: Insufficient Balance in account Account123
	at com.dws.challenge.service.TransferService.transferAmount(TransferService.java:21) ~[main/:na]
	at com.dws.challenge.web.AccountsTransferController.transferAmount(AccountsTransferController.java:65) ~[main/:na]
	at com.dws.challenge.ConcurrentTransferTest.lambda$concurrentTransferTest$0(ConcurrentTransferTest.java:77) ~[test/:na]
	at java.base/java.util.concurrent.ThreadPoolExecutor.runWorker(ThreadPoolExecutor.java:1136) ~[na:na]
	at java.base/java.util.concurrent.ThreadPoolExecutor$Worker.run(ThreadPoolExecutor.java:635) ~[na:na]
	at java.base/java.lang.Thread.run(Thread.java:842) ~[na:na]

2024-02-22T22:36:15.382+05:30  INFO 99627 --- [ool-16-thread-3] c.dws.challenge.service.TransferService  : compareBalance -1 
2024-02-22T22:36:15.382+05:30 ERROR 99627 --- [ol-16-thread-11] c.d.c.web.AccountsTransferController     : Exception occurs

com.dws.challenge.exception.InsufficientBalanceException: Insufficient Balance in account Account123
	at com.dws.challenge.service.TransferService.transferAmount(TransferService.java:21) ~[main/:na]
	at com.dws.challenge.web.AccountsTransferController.transferAmount(AccountsTransferController.java:65) ~[main/:na]
	at com.dws.challenge.ConcurrentTransferTest.lambda$concurrentTransferTest$0(ConcurrentTransferTest.java:77) ~[test/:na]
	at java.base/java.util.concurrent.ThreadPoolExecutor.runWorker(ThreadPoolExecutor.java:1136) ~[na:na]
	at java.base/java.util.concurrent.ThreadPoolExecutor$Worker.run(ThreadPoolExecutor.java:635) ~[na:na]
	at java.base/java.lang.Thread.run(Thread.java:842) ~[na:na]

2024-02-22T22:36:15.382+05:30  INFO 99627 --- [ool-16-thread-1] c.dws.challenge.service.TransferService  : compareBalance -1 
2024-02-22T22:36:15.382+05:30 ERROR 99627 --- [ool-16-thread-3] c.d.c.web.AccountsTransferController     : Exception occurs

com.dws.challenge.exception.InsufficientBalanceException: Insufficient Balance in account Account123
	at com.dws.challenge.service.TransferService.transferAmount(TransferService.java:21) ~[main/:na]
	at com.dws.challenge.web.AccountsTransferController.transferAmount(AccountsTransferController.java:65) ~[main/:na]
	at com.dws.challenge.ConcurrentTransferTest.lambda$concurrentTransferTest$0(ConcurrentTransferTest.java:77) ~[test/:na]
	at java.base/java.util.concurrent.ThreadPoolExecutor.runWorker(ThreadPoolExecutor.java:1136) ~[na:na]
	at java.base/java.util.concurrent.ThreadPoolExecutor$Worker.run(ThreadPoolExecutor.java:635) ~[na:na]
	at java.base/java.lang.Thread.run(Thread.java:842) ~[na:na]

2024-02-22T22:36:15.382+05:30 ERROR 99627 --- [ool-16-thread-1] c.d.c.web.AccountsTransferController     : Exception occurs

com.dws.challenge.exception.InsufficientBalanceException: Insufficient Balance in account Account123
	at com.dws.challenge.service.TransferService.transferAmount(TransferService.java:21) ~[main/:na]
	at com.dws.challenge.web.AccountsTransferController.transferAmount(AccountsTransferController.java:65) ~[main/:na]
	at com.dws.challenge.ConcurrentTransferTest.lambda$concurrentTransferTest$0(ConcurrentTransferTest.java:77) ~[test/:na]
	at java.base/java.util.concurrent.ThreadPoolExecutor.runWorker(ThreadPoolExecutor.java:1136) ~[na:na]
	at java.base/java.util.concurrent.ThreadPoolExecutor$Worker.run(ThreadPoolExecutor.java:635) ~[na:na]
	at java.base/java.lang.Thread.run(Thread.java:842) ~[na:na]

2024-02-22T22:36:15.383+05:30  INFO 99627 --- [ool-16-thread-5] c.dws.challenge.service.TransferService  : compareBalance -1 
2024-02-22T22:36:15.383+05:30 ERROR 99627 --- [ool-16-thread-5] c.d.c.web.AccountsTransferController     : Exception occurs

com.dws.challenge.exception.InsufficientBalanceException: Insufficient Balance in account Account123
	at com.dws.challenge.service.TransferService.transferAmount(TransferService.java:21) ~[main/:na]
	at com.dws.challenge.web.AccountsTransferController.transferAmount(AccountsTransferController.java:65) ~[main/:na]
	at com.dws.challenge.ConcurrentTransferTest.lambda$concurrentTransferTest$0(ConcurrentTransferTest.java:77) ~[test/:na]
	at java.base/java.util.concurrent.ThreadPoolExecutor.runWorker(ThreadPoolExecutor.java:1136) ~[na:na]
	at java.base/java.util.concurrent.ThreadPoolExecutor$Worker.run(ThreadPoolExecutor.java:635) ~[na:na]
	at java.base/java.lang.Thread.run(Thread.java:842) ~[na:na]

2024-02-22T22:36:15.399+05:30  INFO 99627 --- [ool-17-thread-5] c.d.c.web.AccountsTransferController     : Transfer Amount  Transfer(accountFrom=Account123, accountTo=Account124, amount=1000)
2024-02-22T22:36:15.399+05:30  INFO 99627 --- [ool-17-thread-6] c.d.c.web.AccountsTransferController     : Transfer Amount  Transfer(accountFrom=Account123, accountTo=Account124, amount=1000)
2024-02-22T22:36:15.397+05:30  INFO 99627 --- [ool-17-thread-2] c.d.c.web.AccountsTransferController     : Transfer Amount  Transfer(accountFrom=Account123, accountTo=Account124, amount=1000)
2024-02-22T22:36:15.397+05:30  INFO 99627 --- [ool-17-thread-3] c.d.c.web.AccountsTransferController     : Transfer Amount  Transfer(accountFrom=Account123, accountTo=Account124, amount=1000)
2024-02-22T22:36:15.399+05:30  INFO 99627 --- [ool-17-thread-4] c.d.c.web.AccountsTransferController     : Transfer Amount  Transfer(accountFrom=Account123, accountTo=Account124, amount=1000)
2024-02-22T22:36:15.399+05:30  INFO 99627 --- [ool-17-thread-8] c.d.c.web.AccountsTransferController     : Transfer Amount  Transfer(accountFrom=Account123, accountTo=Account124, amount=1000)
2024-02-22T22:36:15.399+05:30  INFO 99627 --- [ool-17-thread-9] c.d.c.web.AccountsTransferController     : Transfer Amount  Transfer(accountFrom=Account123, accountTo=Account124, amount=1000)
2024-02-22T22:36:15.399+05:30  INFO 99627 --- [ool-17-thread-7] c.d.c.web.AccountsTransferController     : Transfer Amount  Transfer(accountFrom=Account123, accountTo=Account124, amount=1000)
2024-02-22T22:36:15.397+05:30  INFO 99627 --- [ool-17-thread-1] c.d.c.web.AccountsTransferController     : Transfer Amount  Transfer(accountFrom=Account123, accountTo=Account124, amount=1000)
2024-02-22T22:36:15.399+05:30  INFO 99627 --- [ol-17-thread-10] c.d.c.web.AccountsTransferController     : Transfer Amount  Transfer(accountFrom=Account123, accountTo=Account124, amount=1000)
2024-02-22T22:36:15.399+05:30  INFO 99627 --- [ol-17-thread-11] c.d.c.web.AccountsTransferController     : Transfer Amount  Transfer(accountFrom=Account123, accountTo=Account124, amount=1000)
2024-02-22T22:36:15.399+05:30  INFO 99627 --- [ol-17-thread-12] c.d.c.web.AccountsTransferController     : Transfer Amount  Transfer(accountFrom=Account123, accountTo=Account124, amount=1000)
2024-02-22T22:36:15.399+05:30  INFO 99627 --- [ol-17-thread-13] c.d.c.web.AccountsTransferController     : Transfer Amount  Transfer(accountFrom=Account123, accountTo=Account124, amount=1000)
2024-02-22T22:36:15.399+05:30  INFO 99627 --- [ol-17-thread-14] c.d.c.web.AccountsTransferController     : Transfer Amount  Transfer(accountFrom=Account123, accountTo=Account124, amount=1000)
2024-02-22T22:36:15.399+05:30  INFO 99627 --- [ol-17-thread-15] c.d.c.web.AccountsTransferController     : Transfer Amount  Transfer(accountFrom=Account123, accountTo=Account124, amount=1000)
2024-02-22T22:36:15.399+05:30  INFO 99627 --- [ol-17-thread-16] c.d.c.web.AccountsTransferController     : Transfer Amount  Transfer(accountFrom=Account123, accountTo=Account124, amount=1000)
2024-02-22T22:36:15.399+05:30  INFO 99627 --- [ol-17-thread-17] c.d.c.web.AccountsTransferController     : Transfer Amount  Transfer(accountFrom=Account123, accountTo=Account124, amount=1000)
2024-02-22T22:36:15.399+05:30  INFO 99627 --- [ol-17-thread-18] c.d.c.web.AccountsTransferController     : Transfer Amount  Transfer(accountFrom=Account123, accountTo=Account124, amount=1000)
2024-02-22T22:36:15.399+05:30  INFO 99627 --- [ol-17-thread-19] c.d.c.web.AccountsTransferController     : Transfer Amount  Transfer(accountFrom=Account123, accountTo=Account124, amount=1000)
2024-02-22T22:36:15.399+05:30  INFO 99627 --- [ool-17-thread-5] c.dws.challenge.service.TransferService  : compareBalance 0 
2024-02-22T22:36:15.399+05:30  INFO 99627 --- [ol-17-thread-20] c.d.c.web.AccountsTransferController     : Transfer Amount  Transfer(accountFrom=Account123, accountTo=Account124, amount=1000)
2024-02-22T22:36:15.401+05:30  INFO 99627 --- [ool-17-thread-5] c.d.c.web.AccountsTransferController     : notification sent successfully
2024-02-22T22:36:15.402+05:30  INFO 99627 --- [ol-17-thread-20] c.dws.challenge.service.TransferService  : compareBalance -1 
2024-02-22T22:36:15.402+05:30  INFO 99627 --- [ol-17-thread-19] c.dws.challenge.service.TransferService  : compareBalance -1 
2024-02-22T22:36:15.402+05:30  INFO 99627 --- [ol-17-thread-18] c.dws.challenge.service.TransferService  : compareBalance -1 
2024-02-22T22:36:15.402+05:30 ERROR 99627 --- [ol-17-thread-20] c.d.c.web.AccountsTransferController     : Exception occurs

com.dws.challenge.exception.InsufficientBalanceException: Insufficient Balance in account Account123
	at com.dws.challenge.service.TransferService.transferAmount(TransferService.java:21) ~[main/:na]
	at com.dws.challenge.web.AccountsTransferController.transferAmount(AccountsTransferController.java:65) ~[main/:na]
	at com.dws.challenge.ConcurrentTransferTest.lambda$concurrentTransferTest$0(ConcurrentTransferTest.java:77) ~[test/:na]
	at java.base/java.util.concurrent.ThreadPoolExecutor.runWorker(ThreadPoolExecutor.java:1136) ~[na:na]
	at java.base/java.util.concurrent.ThreadPoolExecutor$Worker.run(ThreadPoolExecutor.java:635) ~[na:na]
	at java.base/java.lang.Thread.run(Thread.java:842) ~[na:na]

2024-02-22T22:36:15.402+05:30  INFO 99627 --- [ol-17-thread-17] c.dws.challenge.service.TransferService  : compareBalance -1 
2024-02-22T22:36:15.402+05:30 ERROR 99627 --- [ol-17-thread-19] c.d.c.web.AccountsTransferController     : Exception occurs

com.dws.challenge.exception.InsufficientBalanceException: Insufficient Balance in account Account123
	at com.dws.challenge.service.TransferService.transferAmount(TransferService.java:21) ~[main/:na]
	at com.dws.challenge.web.AccountsTransferController.transferAmount(AccountsTransferController.java:65) ~[main/:na]
	at com.dws.challenge.ConcurrentTransferTest.lambda$concurrentTransferTest$0(ConcurrentTransferTest.java:77) ~[test/:na]
	at java.base/java.util.concurrent.ThreadPoolExecutor.runWorker(ThreadPoolExecutor.java:1136) ~[na:na]
	at java.base/java.util.concurrent.ThreadPoolExecutor$Worker.run(ThreadPoolExecutor.java:635) ~[na:na]
	at java.base/java.lang.Thread.run(Thread.java:842) ~[na:na]

2024-02-22T22:36:15.402+05:30  INFO 99627 --- [ol-17-thread-16] c.dws.challenge.service.TransferService  : compareBalance -1 
2024-02-22T22:36:15.402+05:30 ERROR 99627 --- [ol-17-thread-18] c.d.c.web.AccountsTransferController     : Exception occurs

com.dws.challenge.exception.InsufficientBalanceException: Insufficient Balance in account Account123
	at com.dws.challenge.service.TransferService.transferAmount(TransferService.java:21) ~[main/:na]
	at com.dws.challenge.web.AccountsTransferController.transferAmount(AccountsTransferController.java:65) ~[main/:na]
	at com.dws.challenge.ConcurrentTransferTest.lambda$concurrentTransferTest$0(ConcurrentTransferTest.java:77) ~[test/:na]
	at java.base/java.util.concurrent.ThreadPoolExecutor.runWorker(ThreadPoolExecutor.java:1136) ~[na:na]
	at java.base/java.util.concurrent.ThreadPoolExecutor$Worker.run(ThreadPoolExecutor.java:635) ~[na:na]
	at java.base/java.lang.Thread.run(Thread.java:842) ~[na:na]

2024-02-22T22:36:15.402+05:30 ERROR 99627 --- [ol-17-thread-16] c.d.c.web.AccountsTransferController     : Exception occurs

com.dws.challenge.exception.InsufficientBalanceException: Insufficient Balance in account Account123
	at com.dws.challenge.service.TransferService.transferAmount(TransferService.java:21) ~[main/:na]
	at com.dws.challenge.web.AccountsTransferController.transferAmount(AccountsTransferController.java:65) ~[main/:na]
	at com.dws.challenge.ConcurrentTransferTest.lambda$concurrentTransferTest$0(ConcurrentTransferTest.java:77) ~[test/:na]
	at java.base/java.util.concurrent.ThreadPoolExecutor.runWorker(ThreadPoolExecutor.java:1136) ~[na:na]
	at java.base/java.util.concurrent.ThreadPoolExecutor$Worker.run(ThreadPoolExecutor.java:635) ~[na:na]
	at java.base/java.lang.Thread.run(Thread.java:842) ~[na:na]

2024-02-22T22:36:15.402+05:30 ERROR 99627 --- [ol-17-thread-17] c.d.c.web.AccountsTransferController     : Exception occurs

com.dws.challenge.exception.InsufficientBalanceException: Insufficient Balance in account Account123
	at com.dws.challenge.service.TransferService.transferAmount(TransferService.java:21) ~[main/:na]
	at com.dws.challenge.web.AccountsTransferController.transferAmount(AccountsTransferController.java:65) ~[main/:na]
	at com.dws.challenge.ConcurrentTransferTest.lambda$concurrentTransferTest$0(ConcurrentTransferTest.java:77) ~[test/:na]
	at java.base/java.util.concurrent.ThreadPoolExecutor.runWorker(ThreadPoolExecutor.java:1136) ~[na:na]
	at java.base/java.util.concurrent.ThreadPoolExecutor$Worker.run(ThreadPoolExecutor.java:635) ~[na:na]
	at java.base/java.lang.Thread.run(Thread.java:842) ~[na:na]

2024-02-22T22:36:15.402+05:30  INFO 99627 --- [ol-17-thread-15] c.dws.challenge.service.TransferService  : compareBalance -1 
2024-02-22T22:36:15.403+05:30  INFO 99627 --- [ol-17-thread-14] c.dws.challenge.service.TransferService  : compareBalance -1 
2024-02-22T22:36:15.403+05:30 ERROR 99627 --- [ol-17-thread-15] c.d.c.web.AccountsTransferController     : Exception occurs

com.dws.challenge.exception.InsufficientBalanceException: Insufficient Balance in account Account123
	at com.dws.challenge.service.TransferService.transferAmount(TransferService.java:21) ~[main/:na]
	at com.dws.challenge.web.AccountsTransferController.transferAmount(AccountsTransferController.java:65) ~[main/:na]
	at com.dws.challenge.ConcurrentTransferTest.lambda$concurrentTransferTest$0(ConcurrentTransferTest.java:77) ~[test/:na]
	at java.base/java.util.concurrent.ThreadPoolExecutor.runWorker(ThreadPoolExecutor.java:1136) ~[na:na]
	at java.base/java.util.concurrent.ThreadPoolExecutor$Worker.run(ThreadPoolExecutor.java:635) ~[na:na]
	at java.base/java.lang.Thread.run(Thread.java:842) ~[na:na]

2024-02-22T22:36:15.403+05:30  INFO 99627 --- [ol-17-thread-13] c.dws.challenge.service.TransferService  : compareBalance -1 
2024-02-22T22:36:15.403+05:30 ERROR 99627 --- [ol-17-thread-14] c.d.c.web.AccountsTransferController     : Exception occurs

com.dws.challenge.exception.InsufficientBalanceException: Insufficient Balance in account Account123
	at com.dws.challenge.service.TransferService.transferAmount(TransferService.java:21) ~[main/:na]
	at com.dws.challenge.web.AccountsTransferController.transferAmount(AccountsTransferController.java:65) ~[main/:na]
	at com.dws.challenge.ConcurrentTransferTest.lambda$concurrentTransferTest$0(ConcurrentTransferTest.java:77) ~[test/:na]
	at java.base/java.util.concurrent.ThreadPoolExecutor.runWorker(ThreadPoolExecutor.java:1136) ~[na:na]
	at java.base/java.util.concurrent.ThreadPoolExecutor$Worker.run(ThreadPoolExecutor.java:635) ~[na:na]
	at java.base/java.lang.Thread.run(Thread.java:842) ~[na:na]

2024-02-22T22:36:15.403+05:30  INFO 99627 --- [ol-17-thread-12] c.dws.challenge.service.TransferService  : compareBalance -1 
2024-02-22T22:36:15.403+05:30 ERROR 99627 --- [ol-17-thread-13] c.d.c.web.AccountsTransferController     : Exception occurs

com.dws.challenge.exception.InsufficientBalanceException: Insufficient Balance in account Account123
	at com.dws.challenge.service.TransferService.transferAmount(TransferService.java:21) ~[main/:na]
	at com.dws.challenge.web.AccountsTransferController.transferAmount(AccountsTransferController.java:65) ~[main/:na]
	at com.dws.challenge.ConcurrentTransferTest.lambda$concurrentTransferTest$0(ConcurrentTransferTest.java:77) ~[test/:na]
	at java.base/java.util.concurrent.ThreadPoolExecutor.runWorker(ThreadPoolExecutor.java:1136) ~[na:na]
	at java.base/java.util.concurrent.ThreadPoolExecutor$Worker.run(ThreadPoolExecutor.java:635) ~[na:na]
	at java.base/java.lang.Thread.run(Thread.java:842) ~[na:na]

2024-02-22T22:36:15.403+05:30  INFO 99627 --- [ol-17-thread-11] c.dws.challenge.service.TransferService  : compareBalance -1 
2024-02-22T22:36:15.403+05:30 ERROR 99627 --- [ol-17-thread-12] c.d.c.web.AccountsTransferController     : Exception occurs

com.dws.challenge.exception.InsufficientBalanceException: Insufficient Balance in account Account123
	at com.dws.challenge.service.TransferService.transferAmount(TransferService.java:21) ~[main/:na]
	at com.dws.challenge.web.AccountsTransferController.transferAmount(AccountsTransferController.java:65) ~[main/:na]
	at com.dws.challenge.ConcurrentTransferTest.lambda$concurrentTransferTest$0(ConcurrentTransferTest.java:77) ~[test/:na]
	at java.base/java.util.concurrent.ThreadPoolExecutor.runWorker(ThreadPoolExecutor.java:1136) ~[na:na]
	at java.base/java.util.concurrent.ThreadPoolExecutor$Worker.run(ThreadPoolExecutor.java:635) ~[na:na]
	at java.base/java.lang.Thread.run(Thread.java:842) ~[na:na]

2024-02-22T22:36:15.404+05:30  INFO 99627 --- [ol-17-thread-10] c.dws.challenge.service.TransferService  : compareBalance -1 
2024-02-22T22:36:15.404+05:30 ERROR 99627 --- [ol-17-thread-11] c.d.c.web.AccountsTransferController     : Exception occurs

com.dws.challenge.exception.InsufficientBalanceException: Insufficient Balance in account Account123
	at com.dws.challenge.service.TransferService.transferAmount(TransferService.java:21) ~[main/:na]
	at com.dws.challenge.web.AccountsTransferController.transferAmount(AccountsTransferController.java:65) ~[main/:na]
	at com.dws.challenge.ConcurrentTransferTest.lambda$concurrentTransferTest$0(ConcurrentTransferTest.java:77) ~[test/:na]
	at java.base/java.util.concurrent.ThreadPoolExecutor.runWorker(ThreadPoolExecutor.java:1136) ~[na:na]
	at java.base/java.util.concurrent.ThreadPoolExecutor$Worker.run(ThreadPoolExecutor.java:635) ~[na:na]
	at java.base/java.lang.Thread.run(Thread.java:842) ~[na:na]

2024-02-22T22:36:15.404+05:30  INFO 99627 --- [ool-17-thread-1] c.dws.challenge.service.TransferService  : compareBalance -1 
2024-02-22T22:36:15.404+05:30 ERROR 99627 --- [ol-17-thread-10] c.d.c.web.AccountsTransferController     : Exception occurs

com.dws.challenge.exception.InsufficientBalanceException: Insufficient Balance in account Account123
	at com.dws.challenge.service.TransferService.transferAmount(TransferService.java:21) ~[main/:na]
	at com.dws.challenge.web.AccountsTransferController.transferAmount(AccountsTransferController.java:65) ~[main/:na]
	at com.dws.challenge.ConcurrentTransferTest.lambda$concurrentTransferTest$0(ConcurrentTransferTest.java:77) ~[test/:na]
	at java.base/java.util.concurrent.ThreadPoolExecutor.runWorker(ThreadPoolExecutor.java:1136) ~[na:na]
	at java.base/java.util.concurrent.ThreadPoolExecutor$Worker.run(ThreadPoolExecutor.java:635) ~[na:na]
	at java.base/java.lang.Thread.run(Thread.java:842) ~[na:na]

2024-02-22T22:36:15.404+05:30  INFO 99627 --- [ool-17-thread-7] c.dws.challenge.service.TransferService  : compareBalance -1 
2024-02-22T22:36:15.404+05:30 ERROR 99627 --- [ool-17-thread-1] c.d.c.web.AccountsTransferController     : Exception occurs

com.dws.challenge.exception.InsufficientBalanceException: Insufficient Balance in account Account123
	at com.dws.challenge.service.TransferService.transferAmount(TransferService.java:21) ~[main/:na]
	at com.dws.challenge.web.AccountsTransferController.transferAmount(AccountsTransferController.java:65) ~[main/:na]
	at com.dws.challenge.ConcurrentTransferTest.lambda$concurrentTransferTest$0(ConcurrentTransferTest.java:77) ~[test/:na]
	at java.base/java.util.concurrent.ThreadPoolExecutor.runWorker(ThreadPoolExecutor.java:1136) ~[na:na]
	at java.base/java.util.concurrent.ThreadPoolExecutor$Worker.run(ThreadPoolExecutor.java:635) ~[na:na]
	at java.base/java.lang.Thread.run(Thread.java:842) ~[na:na]

2024-02-22T22:36:15.404+05:30  INFO 99627 --- [ool-17-thread-9] c.dws.challenge.service.TransferService  : compareBalance -1 
2024-02-22T22:36:15.404+05:30 ERROR 99627 --- [ool-17-thread-7] c.d.c.web.AccountsTransferController     : Exception occurs

com.dws.challenge.exception.InsufficientBalanceException: Insufficient Balance in account Account123
	at com.dws.challenge.service.TransferService.transferAmount(TransferService.java:21) ~[main/:na]
	at com.dws.challenge.web.AccountsTransferController.transferAmount(AccountsTransferController.java:65) ~[main/:na]
	at com.dws.challenge.ConcurrentTransferTest.lambda$concurrentTransferTest$0(ConcurrentTransferTest.java:77) ~[test/:na]
	at java.base/java.util.concurrent.ThreadPoolExecutor.runWorker(ThreadPoolExecutor.java:1136) ~[na:na]
	at java.base/java.util.concurrent.ThreadPoolExecutor$Worker.run(ThreadPoolExecutor.java:635) ~[na:na]
	at java.base/java.lang.Thread.run(Thread.java:842) ~[na:na]

2024-02-22T22:36:15.404+05:30  INFO 99627 --- [ool-17-thread-8] c.dws.challenge.service.TransferService  : compareBalance -1 
2024-02-22T22:36:15.404+05:30 ERROR 99627 --- [ool-17-thread-9] c.d.c.web.AccountsTransferController     : Exception occurs

com.dws.challenge.exception.InsufficientBalanceException: Insufficient Balance in account Account123
	at com.dws.challenge.service.TransferService.transferAmount(TransferService.java:21) ~[main/:na]
	at com.dws.challenge.web.AccountsTransferController.transferAmount(AccountsTransferController.java:65) ~[main/:na]
	at com.dws.challenge.ConcurrentTransferTest.lambda$concurrentTransferTest$0(ConcurrentTransferTest.java:77) ~[test/:na]
	at java.base/java.util.concurrent.ThreadPoolExecutor.runWorker(ThreadPoolExecutor.java:1136) ~[na:na]
	at java.base/java.util.concurrent.ThreadPoolExecutor$Worker.run(ThreadPoolExecutor.java:635) ~[na:na]
	at java.base/java.lang.Thread.run(Thread.java:842) ~[na:na]

2024-02-22T22:36:15.404+05:30  INFO 99627 --- [ool-17-thread-4] c.dws.challenge.service.TransferService  : compareBalance -1 
2024-02-22T22:36:15.404+05:30 ERROR 99627 --- [ool-17-thread-8] c.d.c.web.AccountsTransferController     : Exception occurs

com.dws.challenge.exception.InsufficientBalanceException: Insufficient Balance in account Account123
	at com.dws.challenge.service.TransferService.transferAmount(TransferService.java:21) ~[main/:na]
	at com.dws.challenge.web.AccountsTransferController.transferAmount(AccountsTransferController.java:65) ~[main/:na]
	at com.dws.challenge.ConcurrentTransferTest.lambda$concurrentTransferTest$0(ConcurrentTransferTest.java:77) ~[test/:na]
	at java.base/java.util.concurrent.ThreadPoolExecutor.runWorker(ThreadPoolExecutor.java:1136) ~[na:na]
	at java.base/java.util.concurrent.ThreadPoolExecutor$Worker.run(ThreadPoolExecutor.java:635) ~[na:na]
	at java.base/java.lang.Thread.run(Thread.java:842) ~[na:na]

2024-02-22T22:36:15.405+05:30  INFO 99627 --- [ool-17-thread-3] c.dws.challenge.service.TransferService  : compareBalance -1 
2024-02-22T22:36:15.405+05:30 ERROR 99627 --- [ool-17-thread-4] c.d.c.web.AccountsTransferController     : Exception occurs

com.dws.challenge.exception.InsufficientBalanceException: Insufficient Balance in account Account123
	at com.dws.challenge.service.TransferService.transferAmount(TransferService.java:21) ~[main/:na]
	at com.dws.challenge.web.AccountsTransferController.transferAmount(AccountsTransferController.java:65) ~[main/:na]
	at com.dws.challenge.ConcurrentTransferTest.lambda$concurrentTransferTest$0(ConcurrentTransferTest.java:77) ~[test/:na]
	at java.base/java.util.concurrent.ThreadPoolExecutor.runWorker(ThreadPoolExecutor.java:1136) ~[na:na]
	at java.base/java.util.concurrent.ThreadPoolExecutor$Worker.run(ThreadPoolExecutor.java:635) ~[na:na]
	at java.base/java.lang.Thread.run(Thread.java:842) ~[na:na]

2024-02-22T22:36:15.405+05:30  INFO 99627 --- [ool-17-thread-2] c.dws.challenge.service.TransferService  : compareBalance -1 
2024-02-22T22:36:15.405+05:30 ERROR 99627 --- [ool-17-thread-3] c.d.c.web.AccountsTransferController     : Exception occurs

com.dws.challenge.exception.InsufficientBalanceException: Insufficient Balance in account Account123
	at com.dws.challenge.service.TransferService.transferAmount(TransferService.java:21) ~[main/:na]
	at com.dws.challenge.web.AccountsTransferController.transferAmount(AccountsTransferController.java:65) ~[main/:na]
	at com.dws.challenge.ConcurrentTransferTest.lambda$concurrentTransferTest$0(ConcurrentTransferTest.java:77) ~[test/:na]
	at java.base/java.util.concurrent.ThreadPoolExecutor.runWorker(ThreadPoolExecutor.java:1136) ~[na:na]
	at java.base/java.util.concurrent.ThreadPoolExecutor$Worker.run(ThreadPoolExecutor.java:635) ~[na:na]
	at java.base/java.lang.Thread.run(Thread.java:842) ~[na:na]

2024-02-22T22:36:15.405+05:30  INFO 99627 --- [ool-17-thread-6] c.dws.challenge.service.TransferService  : compareBalance -1 
2024-02-22T22:36:15.405+05:30 ERROR 99627 --- [ool-17-thread-2] c.d.c.web.AccountsTransferController     : Exception occurs

com.dws.challenge.exception.InsufficientBalanceException: Insufficient Balance in account Account123
	at com.dws.challenge.service.TransferService.transferAmount(TransferService.java:21) ~[main/:na]
	at com.dws.challenge.web.AccountsTransferController.transferAmount(AccountsTransferController.java:65) ~[main/:na]
	at com.dws.challenge.ConcurrentTransferTest.lambda$concurrentTransferTest$0(ConcurrentTransferTest.java:77) ~[test/:na]
	at java.base/java.util.concurrent.ThreadPoolExecutor.runWorker(ThreadPoolExecutor.java:1136) ~[na:na]
	at java.base/java.util.concurrent.ThreadPoolExecutor$Worker.run(ThreadPoolExecutor.java:635) ~[na:na]
	at java.base/java.lang.Thread.run(Thread.java:842) ~[na:na]

2024-02-22T22:36:15.405+05:30 ERROR 99627 --- [ool-17-thread-6] c.d.c.web.AccountsTransferController     : Exception occurs

com.dws.challenge.exception.InsufficientBalanceException: Insufficient Balance in account Account123
	at com.dws.challenge.service.TransferService.transferAmount(TransferService.java:21) ~[main/:na]
	at com.dws.challenge.web.AccountsTransferController.transferAmount(AccountsTransferController.java:65) ~[main/:na]
	at com.dws.challenge.ConcurrentTransferTest.lambda$concurrentTransferTest$0(ConcurrentTransferTest.java:77) ~[test/:na]
	at java.base/java.util.concurrent.ThreadPoolExecutor.runWorker(ThreadPoolExecutor.java:1136) ~[na:na]
	at java.base/java.util.concurrent.ThreadPoolExecutor$Worker.run(ThreadPoolExecutor.java:635) ~[na:na]
	at java.base/java.lang.Thread.run(Thread.java:842) ~[na:na]

2024-02-22T22:36:15.420+05:30  INFO 99627 --- [ol-18-thread-12] c.d.c.web.AccountsTransferController     : Transfer Amount  Transfer(accountFrom=Account123, accountTo=Account124, amount=1000)
2024-02-22T22:36:15.420+05:30  INFO 99627 --- [ol-18-thread-16] c.d.c.web.AccountsTransferController     : Transfer Amount  Transfer(accountFrom=Account123, accountTo=Account124, amount=1000)
2024-02-22T22:36:15.420+05:30  INFO 99627 --- [ol-18-thread-12] c.dws.challenge.service.TransferService  : compareBalance 0 
2024-02-22T22:36:15.420+05:30  INFO 99627 --- [ool-18-thread-1] c.d.c.web.AccountsTransferController     : Transfer Amount  Transfer(accountFrom=Account123, accountTo=Account124, amount=1000)
2024-02-22T22:36:15.420+05:30  INFO 99627 --- [ol-18-thread-10] c.d.c.web.AccountsTransferController     : Transfer Amount  Transfer(accountFrom=Account123, accountTo=Account124, amount=1000)
2024-02-22T22:36:15.420+05:30  INFO 99627 --- [ool-18-thread-4] c.d.c.web.AccountsTransferController     : Transfer Amount  Transfer(accountFrom=Account123, accountTo=Account124, amount=1000)
2024-02-22T22:36:15.420+05:30  INFO 99627 --- [ol-18-thread-13] c.d.c.web.AccountsTransferController     : Transfer Amount  Transfer(accountFrom=Account123, accountTo=Account124, amount=1000)
2024-02-22T22:36:15.420+05:30  INFO 99627 --- [ool-18-thread-2] c.d.c.web.AccountsTransferController     : Transfer Amount  Transfer(accountFrom=Account123, accountTo=Account124, amount=1000)
2024-02-22T22:36:15.420+05:30  INFO 99627 --- [ool-18-thread-6] c.d.c.web.AccountsTransferController     : Transfer Amount  Transfer(accountFrom=Account123, accountTo=Account124, amount=1000)
2024-02-22T22:36:15.420+05:30  INFO 99627 --- [ol-18-thread-11] c.d.c.web.AccountsTransferController     : Transfer Amount  Transfer(accountFrom=Account123, accountTo=Account124, amount=1000)
2024-02-22T22:36:15.420+05:30  INFO 99627 --- [ol-18-thread-14] c.d.c.web.AccountsTransferController     : Transfer Amount  Transfer(accountFrom=Account123, accountTo=Account124, amount=1000)
2024-02-22T22:36:15.420+05:30  INFO 99627 --- [ool-18-thread-7] c.d.c.web.AccountsTransferController     : Transfer Amount  Transfer(accountFrom=Account123, accountTo=Account124, amount=1000)
2024-02-22T22:36:15.420+05:30  INFO 99627 --- [ool-18-thread-5] c.d.c.web.AccountsTransferController     : Transfer Amount  Transfer(accountFrom=Account123, accountTo=Account124, amount=1000)
2024-02-22T22:36:15.420+05:30  INFO 99627 --- [ool-18-thread-3] c.d.c.web.AccountsTransferController     : Transfer Amount  Transfer(accountFrom=Account123, accountTo=Account124, amount=1000)
2024-02-22T22:36:15.420+05:30  INFO 99627 --- [ol-18-thread-20] c.d.c.web.AccountsTransferController     : Transfer Amount  Transfer(accountFrom=Account123, accountTo=Account124, amount=1000)
2024-02-22T22:36:15.420+05:30  INFO 99627 --- [ool-18-thread-8] c.d.c.web.AccountsTransferController     : Transfer Amount  Transfer(accountFrom=Account123, accountTo=Account124, amount=1000)
2024-02-22T22:36:15.420+05:30  INFO 99627 --- [ool-18-thread-9] c.d.c.web.AccountsTransferController     : Transfer Amount  Transfer(accountFrom=Account123, accountTo=Account124, amount=1000)
2024-02-22T22:36:15.420+05:30  INFO 99627 --- [ol-18-thread-15] c.d.c.web.AccountsTransferController     : Transfer Amount  Transfer(accountFrom=Account123, accountTo=Account124, amount=1000)
2024-02-22T22:36:15.420+05:30  INFO 99627 --- [ol-18-thread-17] c.d.c.web.AccountsTransferController     : Transfer Amount  Transfer(accountFrom=Account123, accountTo=Account124, amount=1000)
2024-02-22T22:36:15.420+05:30  INFO 99627 --- [ol-18-thread-18] c.d.c.web.AccountsTransferController     : Transfer Amount  Transfer(accountFrom=Account123, accountTo=Account124, amount=1000)
2024-02-22T22:36:15.420+05:30  INFO 99627 --- [ol-18-thread-19] c.d.c.web.AccountsTransferController     : Transfer Amount  Transfer(accountFrom=Account123, accountTo=Account124, amount=1000)
2024-02-22T22:36:15.421+05:30  INFO 99627 --- [ol-18-thread-12] c.d.c.web.AccountsTransferController     : notification sent successfully
2024-02-22T22:36:15.422+05:30  INFO 99627 --- [ol-18-thread-19] c.dws.challenge.service.TransferService  : compareBalance -1 
2024-02-22T22:36:15.422+05:30  INFO 99627 --- [ol-18-thread-18] c.dws.challenge.service.TransferService  : compareBalance -1 
2024-02-22T22:36:15.422+05:30  INFO 99627 --- [ol-18-thread-17] c.dws.challenge.service.TransferService  : compareBalance -1 
2024-02-22T22:36:15.422+05:30 ERROR 99627 --- [ol-18-thread-19] c.d.c.web.AccountsTransferController     : Exception occurs

com.dws.challenge.exception.InsufficientBalanceException: Insufficient Balance in account Account123
	at com.dws.challenge.service.TransferService.transferAmount(TransferService.java:21) ~[main/:na]
	at com.dws.challenge.web.AccountsTransferController.transferAmount(AccountsTransferController.java:65) ~[main/:na]
	at com.dws.challenge.ConcurrentTransferTest.lambda$concurrentTransferTest$0(ConcurrentTransferTest.java:77) ~[test/:na]
	at java.base/java.util.concurrent.ThreadPoolExecutor.runWorker(ThreadPoolExecutor.java:1136) ~[na:na]
	at java.base/java.util.concurrent.ThreadPoolExecutor$Worker.run(ThreadPoolExecutor.java:635) ~[na:na]
	at java.base/java.lang.Thread.run(Thread.java:842) ~[na:na]

2024-02-22T22:36:15.422+05:30  INFO 99627 --- [ol-18-thread-15] c.dws.challenge.service.TransferService  : compareBalance -1 
2024-02-22T22:36:15.422+05:30 ERROR 99627 --- [ol-18-thread-18] c.d.c.web.AccountsTransferController     : Exception occurs

com.dws.challenge.exception.InsufficientBalanceException: Insufficient Balance in account Account123
	at com.dws.challenge.service.TransferService.transferAmount(TransferService.java:21) ~[main/:na]
	at com.dws.challenge.web.AccountsTransferController.transferAmount(AccountsTransferController.java:65) ~[main/:na]
	at com.dws.challenge.ConcurrentTransferTest.lambda$concurrentTransferTest$0(ConcurrentTransferTest.java:77) ~[test/:na]
	at java.base/java.util.concurrent.ThreadPoolExecutor.runWorker(ThreadPoolExecutor.java:1136) ~[na:na]
	at java.base/java.util.concurrent.ThreadPoolExecutor$Worker.run(ThreadPoolExecutor.java:635) ~[na:na]
	at java.base/java.lang.Thread.run(Thread.java:842) ~[na:na]

2024-02-22T22:36:15.422+05:30 ERROR 99627 --- [ol-18-thread-17] c.d.c.web.AccountsTransferController     : Exception occurs

com.dws.challenge.exception.InsufficientBalanceException: Insufficient Balance in account Account123
	at com.dws.challenge.service.TransferService.transferAmount(TransferService.java:21) ~[main/:na]
	at com.dws.challenge.web.AccountsTransferController.transferAmount(AccountsTransferController.java:65) ~[main/:na]
	at com.dws.challenge.ConcurrentTransferTest.lambda$concurrentTransferTest$0(ConcurrentTransferTest.java:77) ~[test/:na]
	at java.base/java.util.concurrent.ThreadPoolExecutor.runWorker(ThreadPoolExecutor.java:1136) ~[na:na]
	at java.base/java.util.concurrent.ThreadPoolExecutor$Worker.run(ThreadPoolExecutor.java:635) ~[na:na]
	at java.base/java.lang.Thread.run(Thread.java:842) ~[na:na]

2024-02-22T22:36:15.422+05:30  INFO 99627 --- [ool-18-thread-9] c.dws.challenge.service.TransferService  : compareBalance -1 
2024-02-22T22:36:15.422+05:30 ERROR 99627 --- [ol-18-thread-15] c.d.c.web.AccountsTransferController     : Exception occurs

com.dws.challenge.exception.InsufficientBalanceException: Insufficient Balance in account Account123
	at com.dws.challenge.service.TransferService.transferAmount(TransferService.java:21) ~[main/:na]
	at com.dws.challenge.web.AccountsTransferController.transferAmount(AccountsTransferController.java:65) ~[main/:na]
	at com.dws.challenge.ConcurrentTransferTest.lambda$concurrentTransferTest$0(ConcurrentTransferTest.java:77) ~[test/:na]
	at java.base/java.util.concurrent.ThreadPoolExecutor.runWorker(ThreadPoolExecutor.java:1136) ~[na:na]
	at java.base/java.util.concurrent.ThreadPoolExecutor$Worker.run(ThreadPoolExecutor.java:635) ~[na:na]
	at java.base/java.lang.Thread.run(Thread.java:842) ~[na:na]

2024-02-22T22:36:15.423+05:30  INFO 99627 --- [ool-18-thread-8] c.dws.challenge.service.TransferService  : compareBalance -1 
2024-02-22T22:36:15.423+05:30 ERROR 99627 --- [ool-18-thread-9] c.d.c.web.AccountsTransferController     : Exception occurs

com.dws.challenge.exception.InsufficientBalanceException: Insufficient Balance in account Account123
	at com.dws.challenge.service.TransferService.transferAmount(TransferService.java:21) ~[main/:na]
	at com.dws.challenge.web.AccountsTransferController.transferAmount(AccountsTransferController.java:65) ~[main/:na]
	at com.dws.challenge.ConcurrentTransferTest.lambda$concurrentTransferTest$0(ConcurrentTransferTest.java:77) ~[test/:na]
	at java.base/java.util.concurrent.ThreadPoolExecutor.runWorker(ThreadPoolExecutor.java:1136) ~[na:na]
	at java.base/java.util.concurrent.ThreadPoolExecutor$Worker.run(ThreadPoolExecutor.java:635) ~[na:na]
	at java.base/java.lang.Thread.run(Thread.java:842) ~[na:na]

2024-02-22T22:36:15.423+05:30  INFO 99627 --- [ol-18-thread-20] c.dws.challenge.service.TransferService  : compareBalance -1 
2024-02-22T22:36:15.423+05:30 ERROR 99627 --- [ool-18-thread-8] c.d.c.web.AccountsTransferController     : Exception occurs

com.dws.challenge.exception.InsufficientBalanceException: Insufficient Balance in account Account123
	at com.dws.challenge.service.TransferService.transferAmount(TransferService.java:21) ~[main/:na]
	at com.dws.challenge.web.AccountsTransferController.transferAmount(AccountsTransferController.java:65) ~[main/:na]
	at com.dws.challenge.ConcurrentTransferTest.lambda$concurrentTransferTest$0(ConcurrentTransferTest.java:77) ~[test/:na]
	at java.base/java.util.concurrent.ThreadPoolExecutor.runWorker(ThreadPoolExecutor.java:1136) ~[na:na]
	at java.base/java.util.concurrent.ThreadPoolExecutor$Worker.run(ThreadPoolExecutor.java:635) ~[na:na]
	at java.base/java.lang.Thread.run(Thread.java:842) ~[na:na]

2024-02-22T22:36:15.423+05:30  INFO 99627 --- [ool-18-thread-3] c.dws.challenge.service.TransferService  : compareBalance -1 
2024-02-22T22:36:15.423+05:30 ERROR 99627 --- [ol-18-thread-20] c.d.c.web.AccountsTransferController     : Exception occurs

com.dws.challenge.exception.InsufficientBalanceException: Insufficient Balance in account Account123
	at com.dws.challenge.service.TransferService.transferAmount(TransferService.java:21) ~[main/:na]
	at com.dws.challenge.web.AccountsTransferController.transferAmount(AccountsTransferController.java:65) ~[main/:na]
	at com.dws.challenge.ConcurrentTransferTest.lambda$concurrentTransferTest$0(ConcurrentTransferTest.java:77) ~[test/:na]
	at java.base/java.util.concurrent.ThreadPoolExecutor.runWorker(ThreadPoolExecutor.java:1136) ~[na:na]
	at java.base/java.util.concurrent.ThreadPoolExecutor$Worker.run(ThreadPoolExecutor.java:635) ~[na:na]
	at java.base/java.lang.Thread.run(Thread.java:842) ~[na:na]

2024-02-22T22:36:15.423+05:30  INFO 99627 --- [ool-18-thread-5] c.dws.challenge.service.TransferService  : compareBalance -1 
2024-02-22T22:36:15.423+05:30 ERROR 99627 --- [ool-18-thread-3] c.d.c.web.AccountsTransferController     : Exception occurs

com.dws.challenge.exception.InsufficientBalanceException: Insufficient Balance in account Account123
	at com.dws.challenge.service.TransferService.transferAmount(TransferService.java:21) ~[main/:na]
	at com.dws.challenge.web.AccountsTransferController.transferAmount(AccountsTransferController.java:65) ~[main/:na]
	at com.dws.challenge.ConcurrentTransferTest.lambda$concurrentTransferTest$0(ConcurrentTransferTest.java:77) ~[test/:na]
	at java.base/java.util.concurrent.ThreadPoolExecutor.runWorker(ThreadPoolExecutor.java:1136) ~[na:na]
	at java.base/java.util.concurrent.ThreadPoolExecutor$Worker.run(ThreadPoolExecutor.java:635) ~[na:na]
	at java.base/java.lang.Thread.run(Thread.java:842) ~[na:na]

2024-02-22T22:36:15.423+05:30  INFO 99627 --- [ool-18-thread-7] c.dws.challenge.service.TransferService  : compareBalance -1 
2024-02-22T22:36:15.423+05:30 ERROR 99627 --- [ool-18-thread-5] c.d.c.web.AccountsTransferController     : Exception occurs

com.dws.challenge.exception.InsufficientBalanceException: Insufficient Balance in account Account123
	at com.dws.challenge.service.TransferService.transferAmount(TransferService.java:21) ~[main/:na]
	at com.dws.challenge.web.AccountsTransferController.transferAmount(AccountsTransferController.java:65) ~[main/:na]
	at com.dws.challenge.ConcurrentTransferTest.lambda$concurrentTransferTest$0(ConcurrentTransferTest.java:77) ~[test/:na]
	at java.base/java.util.concurrent.ThreadPoolExecutor.runWorker(ThreadPoolExecutor.java:1136) ~[na:na]
	at java.base/java.util.concurrent.ThreadPoolExecutor$Worker.run(ThreadPoolExecutor.java:635) ~[na:na]
	at java.base/java.lang.Thread.run(Thread.java:842) ~[na:na]

2024-02-22T22:36:15.424+05:30  INFO 99627 --- [ol-18-thread-14] c.dws.challenge.service.TransferService  : compareBalance -1 
2024-02-22T22:36:15.424+05:30 ERROR 99627 --- [ool-18-thread-7] c.d.c.web.AccountsTransferController     : Exception occurs

com.dws.challenge.exception.InsufficientBalanceException: Insufficient Balance in account Account123
	at com.dws.challenge.service.TransferService.transferAmount(TransferService.java:21) ~[main/:na]
	at com.dws.challenge.web.AccountsTransferController.transferAmount(AccountsTransferController.java:65) ~[main/:na]
	at com.dws.challenge.ConcurrentTransferTest.lambda$concurrentTransferTest$0(ConcurrentTransferTest.java:77) ~[test/:na]
	at java.base/java.util.concurrent.ThreadPoolExecutor.runWorker(ThreadPoolExecutor.java:1136) ~[na:na]
	at java.base/java.util.concurrent.ThreadPoolExecutor$Worker.run(ThreadPoolExecutor.java:635) ~[na:na]
	at java.base/java.lang.Thread.run(Thread.java:842) ~[na:na]

2024-02-22T22:36:15.424+05:30  INFO 99627 --- [ol-18-thread-11] c.dws.challenge.service.TransferService  : compareBalance -1 
2024-02-22T22:36:15.424+05:30 ERROR 99627 --- [ol-18-thread-14] c.d.c.web.AccountsTransferController     : Exception occurs

com.dws.challenge.exception.InsufficientBalanceException: Insufficient Balance in account Account123
	at com.dws.challenge.service.TransferService.transferAmount(TransferService.java:21) ~[main/:na]
	at com.dws.challenge.web.AccountsTransferController.transferAmount(AccountsTransferController.java:65) ~[main/:na]
	at com.dws.challenge.ConcurrentTransferTest.lambda$concurrentTransferTest$0(ConcurrentTransferTest.java:77) ~[test/:na]
	at java.base/java.util.concurrent.ThreadPoolExecutor.runWorker(ThreadPoolExecutor.java:1136) ~[na:na]
	at java.base/java.util.concurrent.ThreadPoolExecutor$Worker.run(ThreadPoolExecutor.java:635) ~[na:na]
	at java.base/java.lang.Thread.run(Thread.java:842) ~[na:na]

2024-02-22T22:36:15.424+05:30  INFO 99627 --- [ool-18-thread-6] c.dws.challenge.service.TransferService  : compareBalance -1 
2024-02-22T22:36:15.424+05:30 ERROR 99627 --- [ol-18-thread-11] c.d.c.web.AccountsTransferController     : Exception occurs

com.dws.challenge.exception.InsufficientBalanceException: Insufficient Balance in account Account123
	at com.dws.challenge.service.TransferService.transferAmount(TransferService.java:21) ~[main/:na]
	at com.dws.challenge.web.AccountsTransferController.transferAmount(AccountsTransferController.java:65) ~[main/:na]
	at com.dws.challenge.ConcurrentTransferTest.lambda$concurrentTransferTest$0(ConcurrentTransferTest.java:77) ~[test/:na]
	at java.base/java.util.concurrent.ThreadPoolExecutor.runWorker(ThreadPoolExecutor.java:1136) ~[na:na]
	at java.base/java.util.concurrent.ThreadPoolExecutor$Worker.run(ThreadPoolExecutor.java:635) ~[na:na]
	at java.base/java.lang.Thread.run(Thread.java:842) ~[na:na]

2024-02-22T22:36:15.424+05:30  INFO 99627 --- [ool-18-thread-2] c.dws.challenge.service.TransferService  : compareBalance -1 
2024-02-22T22:36:15.424+05:30 ERROR 99627 --- [ool-18-thread-6] c.d.c.web.AccountsTransferController     : Exception occurs

com.dws.challenge.exception.InsufficientBalanceException: Insufficient Balance in account Account123
	at com.dws.challenge.service.TransferService.transferAmount(TransferService.java:21) ~[main/:na]
	at com.dws.challenge.web.AccountsTransferController.transferAmount(AccountsTransferController.java:65) ~[main/:na]
	at com.dws.challenge.ConcurrentTransferTest.lambda$concurrentTransferTest$0(ConcurrentTransferTest.java:77) ~[test/:na]
	at java.base/java.util.concurrent.ThreadPoolExecutor.runWorker(ThreadPoolExecutor.java:1136) ~[na:na]
	at java.base/java.util.concurrent.ThreadPoolExecutor$Worker.run(ThreadPoolExecutor.java:635) ~[na:na]
	at java.base/java.lang.Thread.run(Thread.java:842) ~[na:na]

2024-02-22T22:36:15.424+05:30  INFO 99627 --- [ol-18-thread-13] c.dws.challenge.service.TransferService  : compareBalance -1 
2024-02-22T22:36:15.424+05:30 ERROR 99627 --- [ool-18-thread-2] c.d.c.web.AccountsTransferController     : Exception occurs

com.dws.challenge.exception.InsufficientBalanceException: Insufficient Balance in account Account123
	at com.dws.challenge.service.TransferService.transferAmount(TransferService.java:21) ~[main/:na]
	at com.dws.challenge.web.AccountsTransferController.transferAmount(AccountsTransferController.java:65) ~[main/:na]
	at com.dws.challenge.ConcurrentTransferTest.lambda$concurrentTransferTest$0(ConcurrentTransferTest.java:77) ~[test/:na]
	at java.base/java.util.concurrent.ThreadPoolExecutor.runWorker(ThreadPoolExecutor.java:1136) ~[na:na]
	at java.base/java.util.concurrent.ThreadPoolExecutor$Worker.run(ThreadPoolExecutor.java:635) ~[na:na]
	at java.base/java.lang.Thread.run(Thread.java:842) ~[na:na]

2024-02-22T22:36:15.424+05:30  INFO 99627 --- [ool-18-thread-4] c.dws.challenge.service.TransferService  : compareBalance -1 
2024-02-22T22:36:15.424+05:30 ERROR 99627 --- [ol-18-thread-13] c.d.c.web.AccountsTransferController     : Exception occurs

com.dws.challenge.exception.InsufficientBalanceException: Insufficient Balance in account Account123
	at com.dws.challenge.service.TransferService.transferAmount(TransferService.java:21) ~[main/:na]
	at com.dws.challenge.web.AccountsTransferController.transferAmount(AccountsTransferController.java:65) ~[main/:na]
	at com.dws.challenge.ConcurrentTransferTest.lambda$concurrentTransferTest$0(ConcurrentTransferTest.java:77) ~[test/:na]
	at java.base/java.util.concurrent.ThreadPoolExecutor.runWorker(ThreadPoolExecutor.java:1136) ~[na:na]
	at java.base/java.util.concurrent.ThreadPoolExecutor$Worker.run(ThreadPoolExecutor.java:635) ~[na:na]
	at java.base/java.lang.Thread.run(Thread.java:842) ~[na:na]

2024-02-22T22:36:15.425+05:30  INFO 99627 --- [ol-18-thread-10] c.dws.challenge.service.TransferService  : compareBalance -1 
2024-02-22T22:36:15.425+05:30 ERROR 99627 --- [ool-18-thread-4] c.d.c.web.AccountsTransferController     : Exception occurs

com.dws.challenge.exception.InsufficientBalanceException: Insufficient Balance in account Account123
	at com.dws.challenge.service.TransferService.transferAmount(TransferService.java:21) ~[main/:na]
	at com.dws.challenge.web.AccountsTransferController.transferAmount(AccountsTransferController.java:65) ~[main/:na]
	at com.dws.challenge.ConcurrentTransferTest.lambda$concurrentTransferTest$0(ConcurrentTransferTest.java:77) ~[test/:na]
	at java.base/java.util.concurrent.ThreadPoolExecutor.runWorker(ThreadPoolExecutor.java:1136) ~[na:na]
	at java.base/java.util.concurrent.ThreadPoolExecutor$Worker.run(ThreadPoolExecutor.java:635) ~[na:na]
	at java.base/java.lang.Thread.run(Thread.java:842) ~[na:na]

2024-02-22T22:36:15.425+05:30  INFO 99627 --- [ool-18-thread-1] c.dws.challenge.service.TransferService  : compareBalance -1 
2024-02-22T22:36:15.425+05:30 ERROR 99627 --- [ol-18-thread-10] c.d.c.web.AccountsTransferController     : Exception occurs

com.dws.challenge.exception.InsufficientBalanceException: Insufficient Balance in account Account123
	at com.dws.challenge.service.TransferService.transferAmount(TransferService.java:21) ~[main/:na]
	at com.dws.challenge.web.AccountsTransferController.transferAmount(AccountsTransferController.java:65) ~[main/:na]
	at com.dws.challenge.ConcurrentTransferTest.lambda$concurrentTransferTest$0(ConcurrentTransferTest.java:77) ~[test/:na]
	at java.base/java.util.concurrent.ThreadPoolExecutor.runWorker(ThreadPoolExecutor.java:1136) ~[na:na]
	at java.base/java.util.concurrent.ThreadPoolExecutor$Worker.run(ThreadPoolExecutor.java:635) ~[na:na]
	at java.base/java.lang.Thread.run(Thread.java:842) ~[na:na]

2024-02-22T22:36:15.425+05:30  INFO 99627 --- [ol-18-thread-16] c.dws.challenge.service.TransferService  : compareBalance -1 
2024-02-22T22:36:15.425+05:30 ERROR 99627 --- [ool-18-thread-1] c.d.c.web.AccountsTransferController     : Exception occurs

com.dws.challenge.exception.InsufficientBalanceException: Insufficient Balance in account Account123
	at com.dws.challenge.service.TransferService.transferAmount(TransferService.java:21) ~[main/:na]
	at com.dws.challenge.web.AccountsTransferController.transferAmount(AccountsTransferController.java:65) ~[main/:na]
	at com.dws.challenge.ConcurrentTransferTest.lambda$concurrentTransferTest$0(ConcurrentTransferTest.java:77) ~[test/:na]
	at java.base/java.util.concurrent.ThreadPoolExecutor.runWorker(ThreadPoolExecutor.java:1136) ~[na:na]
	at java.base/java.util.concurrent.ThreadPoolExecutor$Worker.run(ThreadPoolExecutor.java:635) ~[na:na]
	at java.base/java.lang.Thread.run(Thread.java:842) ~[na:na]

2024-02-22T22:36:15.425+05:30 ERROR 99627 --- [ol-18-thread-16] c.d.c.web.AccountsTransferController     : Exception occurs

com.dws.challenge.exception.InsufficientBalanceException: Insufficient Balance in account Account123
	at com.dws.challenge.service.TransferService.transferAmount(TransferService.java:21) ~[main/:na]
	at com.dws.challenge.web.AccountsTransferController.transferAmount(AccountsTransferController.java:65) ~[main/:na]
	at com.dws.challenge.ConcurrentTransferTest.lambda$concurrentTransferTest$0(ConcurrentTransferTest.java:77) ~[test/:na]
	at java.base/java.util.concurrent.ThreadPoolExecutor.runWorker(ThreadPoolExecutor.java:1136) ~[na:na]
	at java.base/java.util.concurrent.ThreadPoolExecutor$Worker.run(ThreadPoolExecutor.java:635) ~[na:na]
	at java.base/java.lang.Thread.run(Thread.java:842) ~[na:na]

2024-02-22T22:36:15.438+05:30  INFO 99627 --- [ool-19-thread-1] c.d.c.web.AccountsTransferController     : Transfer Amount  Transfer(accountFrom=Account123, accountTo=Account124, amount=1000)
2024-02-22T22:36:15.438+05:30  INFO 99627 --- [ool-19-thread-4] c.d.c.web.AccountsTransferController     : Transfer Amount  Transfer(accountFrom=Account123, accountTo=Account124, amount=1000)
2024-02-22T22:36:15.438+05:30  INFO 99627 --- [ol-19-thread-18] c.d.c.web.AccountsTransferController     : Transfer Amount  Transfer(accountFrom=Account123, accountTo=Account124, amount=1000)
2024-02-22T22:36:15.438+05:30  INFO 99627 --- [ool-19-thread-7] c.d.c.web.AccountsTransferController     : Transfer Amount  Transfer(accountFrom=Account123, accountTo=Account124, amount=1000)
2024-02-22T22:36:15.438+05:30  INFO 99627 --- [ool-19-thread-8] c.d.c.web.AccountsTransferController     : Transfer Amount  Transfer(accountFrom=Account123, accountTo=Account124, amount=1000)
2024-02-22T22:36:15.438+05:30  INFO 99627 --- [ool-19-thread-3] c.d.c.web.AccountsTransferController     : Transfer Amount  Transfer(accountFrom=Account123, accountTo=Account124, amount=1000)
2024-02-22T22:36:15.438+05:30  INFO 99627 --- [ool-19-thread-2] c.d.c.web.AccountsTransferController     : Transfer Amount  Transfer(accountFrom=Account123, accountTo=Account124, amount=1000)
2024-02-22T22:36:15.438+05:30  INFO 99627 --- [ool-19-thread-6] c.d.c.web.AccountsTransferController     : Transfer Amount  Transfer(accountFrom=Account123, accountTo=Account124, amount=1000)
2024-02-22T22:36:15.438+05:30  INFO 99627 --- [ol-19-thread-20] c.d.c.web.AccountsTransferController     : Transfer Amount  Transfer(accountFrom=Account123, accountTo=Account124, amount=1000)
2024-02-22T22:36:15.438+05:30  INFO 99627 --- [ool-19-thread-5] c.d.c.web.AccountsTransferController     : Transfer Amount  Transfer(accountFrom=Account123, accountTo=Account124, amount=1000)
2024-02-22T22:36:15.438+05:30  INFO 99627 --- [ool-19-thread-9] c.d.c.web.AccountsTransferController     : Transfer Amount  Transfer(accountFrom=Account123, accountTo=Account124, amount=1000)
2024-02-22T22:36:15.438+05:30  INFO 99627 --- [ol-19-thread-10] c.d.c.web.AccountsTransferController     : Transfer Amount  Transfer(accountFrom=Account123, accountTo=Account124, amount=1000)
2024-02-22T22:36:15.438+05:30  INFO 99627 --- [ol-19-thread-11] c.d.c.web.AccountsTransferController     : Transfer Amount  Transfer(accountFrom=Account123, accountTo=Account124, amount=1000)
2024-02-22T22:36:15.438+05:30  INFO 99627 --- [ol-19-thread-13] c.d.c.web.AccountsTransferController     : Transfer Amount  Transfer(accountFrom=Account123, accountTo=Account124, amount=1000)
2024-02-22T22:36:15.438+05:30  INFO 99627 --- [ol-19-thread-12] c.d.c.web.AccountsTransferController     : Transfer Amount  Transfer(accountFrom=Account123, accountTo=Account124, amount=1000)
2024-02-22T22:36:15.438+05:30  INFO 99627 --- [ol-19-thread-14] c.d.c.web.AccountsTransferController     : Transfer Amount  Transfer(accountFrom=Account123, accountTo=Account124, amount=1000)
2024-02-22T22:36:15.438+05:30  INFO 99627 --- [ol-19-thread-16] c.d.c.web.AccountsTransferController     : Transfer Amount  Transfer(accountFrom=Account123, accountTo=Account124, amount=1000)
2024-02-22T22:36:15.438+05:30  INFO 99627 --- [ol-19-thread-15] c.d.c.web.AccountsTransferController     : Transfer Amount  Transfer(accountFrom=Account123, accountTo=Account124, amount=1000)
2024-02-22T22:36:15.438+05:30  INFO 99627 --- [ool-19-thread-1] c.dws.challenge.service.TransferService  : compareBalance 0 
2024-02-22T22:36:15.438+05:30  INFO 99627 --- [ol-19-thread-19] c.d.c.web.AccountsTransferController     : Transfer Amount  Transfer(accountFrom=Account123, accountTo=Account124, amount=1000)
2024-02-22T22:36:15.438+05:30  INFO 99627 --- [ol-19-thread-17] c.d.c.web.AccountsTransferController     : Transfer Amount  Transfer(accountFrom=Account123, accountTo=Account124, amount=1000)
2024-02-22T22:36:15.440+05:30  INFO 99627 --- [ool-19-thread-1] c.d.c.web.AccountsTransferController     : notification sent successfully
2024-02-22T22:36:15.440+05:30  INFO 99627 --- [ol-19-thread-17] c.dws.challenge.service.TransferService  : compareBalance -1 
2024-02-22T22:36:15.441+05:30  INFO 99627 --- [ol-19-thread-19] c.dws.challenge.service.TransferService  : compareBalance -1 
2024-02-22T22:36:15.441+05:30 ERROR 99627 --- [ol-19-thread-17] c.d.c.web.AccountsTransferController     : Exception occurs

com.dws.challenge.exception.InsufficientBalanceException: Insufficient Balance in account Account123
	at com.dws.challenge.service.TransferService.transferAmount(TransferService.java:21) ~[main/:na]
	at com.dws.challenge.web.AccountsTransferController.transferAmount(AccountsTransferController.java:65) ~[main/:na]
	at com.dws.challenge.ConcurrentTransferTest.lambda$concurrentTransferTest$0(ConcurrentTransferTest.java:77) ~[test/:na]
	at java.base/java.util.concurrent.ThreadPoolExecutor.runWorker(ThreadPoolExecutor.java:1136) ~[na:na]
	at java.base/java.util.concurrent.ThreadPoolExecutor$Worker.run(ThreadPoolExecutor.java:635) ~[na:na]
	at java.base/java.lang.Thread.run(Thread.java:842) ~[na:na]

2024-02-22T22:36:15.441+05:30  INFO 99627 --- [ol-19-thread-15] c.dws.challenge.service.TransferService  : compareBalance -1 
2024-02-22T22:36:15.441+05:30 ERROR 99627 --- [ol-19-thread-19] c.d.c.web.AccountsTransferController     : Exception occurs

com.dws.challenge.exception.InsufficientBalanceException: Insufficient Balance in account Account123
	at com.dws.challenge.service.TransferService.transferAmount(TransferService.java:21) ~[main/:na]
	at com.dws.challenge.web.AccountsTransferController.transferAmount(AccountsTransferController.java:65) ~[main/:na]
	at com.dws.challenge.ConcurrentTransferTest.lambda$concurrentTransferTest$0(ConcurrentTransferTest.java:77) ~[test/:na]
	at java.base/java.util.concurrent.ThreadPoolExecutor.runWorker(ThreadPoolExecutor.java:1136) ~[na:na]
	at java.base/java.util.concurrent.ThreadPoolExecutor$Worker.run(ThreadPoolExecutor.java:635) ~[na:na]
	at java.base/java.lang.Thread.run(Thread.java:842) ~[na:na]

2024-02-22T22:36:15.441+05:30  INFO 99627 --- [ol-19-thread-16] c.dws.challenge.service.TransferService  : compareBalance -1 
2024-02-22T22:36:15.441+05:30 ERROR 99627 --- [ol-19-thread-15] c.d.c.web.AccountsTransferController     : Exception occurs

com.dws.challenge.exception.InsufficientBalanceException: Insufficient Balance in account Account123
	at com.dws.challenge.service.TransferService.transferAmount(TransferService.java:21) ~[main/:na]
	at com.dws.challenge.web.AccountsTransferController.transferAmount(AccountsTransferController.java:65) ~[main/:na]
	at com.dws.challenge.ConcurrentTransferTest.lambda$concurrentTransferTest$0(ConcurrentTransferTest.java:77) ~[test/:na]
	at java.base/java.util.concurrent.ThreadPoolExecutor.runWorker(ThreadPoolExecutor.java:1136) ~[na:na]
	at java.base/java.util.concurrent.ThreadPoolExecutor$Worker.run(ThreadPoolExecutor.java:635) ~[na:na]
	at java.base/java.lang.Thread.run(Thread.java:842) ~[na:na]

2024-02-22T22:36:15.441+05:30  INFO 99627 --- [ol-19-thread-14] c.dws.challenge.service.TransferService  : compareBalance -1 
2024-02-22T22:36:15.441+05:30 ERROR 99627 --- [ol-19-thread-16] c.d.c.web.AccountsTransferController     : Exception occurs

com.dws.challenge.exception.InsufficientBalanceException: Insufficient Balance in account Account123
	at com.dws.challenge.service.TransferService.transferAmount(TransferService.java:21) ~[main/:na]
	at com.dws.challenge.web.AccountsTransferController.transferAmount(AccountsTransferController.java:65) ~[main/:na]
	at com.dws.challenge.ConcurrentTransferTest.lambda$concurrentTransferTest$0(ConcurrentTransferTest.java:77) ~[test/:na]
	at java.base/java.util.concurrent.ThreadPoolExecutor.runWorker(ThreadPoolExecutor.java:1136) ~[na:na]
	at java.base/java.util.concurrent.ThreadPoolExecutor$Worker.run(ThreadPoolExecutor.java:635) ~[na:na]
	at java.base/java.lang.Thread.run(Thread.java:842) ~[na:na]

2024-02-22T22:36:15.441+05:30  INFO 99627 --- [ol-19-thread-12] c.dws.challenge.service.TransferService  : compareBalance -1 
2024-02-22T22:36:15.441+05:30 ERROR 99627 --- [ol-19-thread-14] c.d.c.web.AccountsTransferController     : Exception occurs

com.dws.challenge.exception.InsufficientBalanceException: Insufficient Balance in account Account123
	at com.dws.challenge.service.TransferService.transferAmount(TransferService.java:21) ~[main/:na]
	at com.dws.challenge.web.AccountsTransferController.transferAmount(AccountsTransferController.java:65) ~[main/:na]
	at com.dws.challenge.ConcurrentTransferTest.lambda$concurrentTransferTest$0(ConcurrentTransferTest.java:77) ~[test/:na]
	at java.base/java.util.concurrent.ThreadPoolExecutor.runWorker(ThreadPoolExecutor.java:1136) ~[na:na]
	at java.base/java.util.concurrent.ThreadPoolExecutor$Worker.run(ThreadPoolExecutor.java:635) ~[na:na]
	at java.base/java.lang.Thread.run(Thread.java:842) ~[na:na]

2024-02-22T22:36:15.441+05:30 ERROR 99627 --- [ol-19-thread-12] c.d.c.web.AccountsTransferController     : Exception occurs

com.dws.challenge.exception.InsufficientBalanceException: Insufficient Balance in account Account123
	at com.dws.challenge.service.TransferService.transferAmount(TransferService.java:21) ~[main/:na]
	at com.dws.challenge.web.AccountsTransferController.transferAmount(AccountsTransferController.java:65) ~[main/:na]
	at com.dws.challenge.ConcurrentTransferTest.lambda$concurrentTransferTest$0(ConcurrentTransferTest.java:77) ~[test/:na]
	at java.base/java.util.concurrent.ThreadPoolExecutor.runWorker(ThreadPoolExecutor.java:1136) ~[na:na]
	at java.base/java.util.concurrent.ThreadPoolExecutor$Worker.run(ThreadPoolExecutor.java:635) ~[na:na]
	at java.base/java.lang.Thread.run(Thread.java:842) ~[na:na]

2024-02-22T22:36:15.441+05:30  INFO 99627 --- [ol-19-thread-13] c.dws.challenge.service.TransferService  : compareBalance -1 
2024-02-22T22:36:15.442+05:30  INFO 99627 --- [ol-19-thread-11] c.dws.challenge.service.TransferService  : compareBalance -1 
2024-02-22T22:36:15.442+05:30 ERROR 99627 --- [ol-19-thread-13] c.d.c.web.AccountsTransferController     : Exception occurs

com.dws.challenge.exception.InsufficientBalanceException: Insufficient Balance in account Account123
	at com.dws.challenge.service.TransferService.transferAmount(TransferService.java:21) ~[main/:na]
	at com.dws.challenge.web.AccountsTransferController.transferAmount(AccountsTransferController.java:65) ~[main/:na]
	at com.dws.challenge.ConcurrentTransferTest.lambda$concurrentTransferTest$0(ConcurrentTransferTest.java:77) ~[test/:na]
	at java.base/java.util.concurrent.ThreadPoolExecutor.runWorker(ThreadPoolExecutor.java:1136) ~[na:na]
	at java.base/java.util.concurrent.ThreadPoolExecutor$Worker.run(ThreadPoolExecutor.java:635) ~[na:na]
	at java.base/java.lang.Thread.run(Thread.java:842) ~[na:na]

2024-02-22T22:36:15.442+05:30  INFO 99627 --- [ol-19-thread-10] c.dws.challenge.service.TransferService  : compareBalance -1 
2024-02-22T22:36:15.442+05:30 ERROR 99627 --- [ol-19-thread-11] c.d.c.web.AccountsTransferController     : Exception occurs

com.dws.challenge.exception.InsufficientBalanceException: Insufficient Balance in account Account123
	at com.dws.challenge.service.TransferService.transferAmount(TransferService.java:21) ~[main/:na]
	at com.dws.challenge.web.AccountsTransferController.transferAmount(AccountsTransferController.java:65) ~[main/:na]
	at com.dws.challenge.ConcurrentTransferTest.lambda$concurrentTransferTest$0(ConcurrentTransferTest.java:77) ~[test/:na]
	at java.base/java.util.concurrent.ThreadPoolExecutor.runWorker(ThreadPoolExecutor.java:1136) ~[na:na]
	at java.base/java.util.concurrent.ThreadPoolExecutor$Worker.run(ThreadPoolExecutor.java:635) ~[na:na]
	at java.base/java.lang.Thread.run(Thread.java:842) ~[na:na]

2024-02-22T22:36:15.442+05:30  INFO 99627 --- [ool-19-thread-9] c.dws.challenge.service.TransferService  : compareBalance -1 
2024-02-22T22:36:15.442+05:30 ERROR 99627 --- [ol-19-thread-10] c.d.c.web.AccountsTransferController     : Exception occurs

com.dws.challenge.exception.InsufficientBalanceException: Insufficient Balance in account Account123
	at com.dws.challenge.service.TransferService.transferAmount(TransferService.java:21) ~[main/:na]
	at com.dws.challenge.web.AccountsTransferController.transferAmount(AccountsTransferController.java:65) ~[main/:na]
	at com.dws.challenge.ConcurrentTransferTest.lambda$concurrentTransferTest$0(ConcurrentTransferTest.java:77) ~[test/:na]
	at java.base/java.util.concurrent.ThreadPoolExecutor.runWorker(ThreadPoolExecutor.java:1136) ~[na:na]
	at java.base/java.util.concurrent.ThreadPoolExecutor$Worker.run(ThreadPoolExecutor.java:635) ~[na:na]
	at java.base/java.lang.Thread.run(Thread.java:842) ~[na:na]

2024-02-22T22:36:15.442+05:30  INFO 99627 --- [ool-19-thread-5] c.dws.challenge.service.TransferService  : compareBalance -1 
2024-02-22T22:36:15.442+05:30 ERROR 99627 --- [ool-19-thread-9] c.d.c.web.AccountsTransferController     : Exception occurs

com.dws.challenge.exception.InsufficientBalanceException: Insufficient Balance in account Account123
	at com.dws.challenge.service.TransferService.transferAmount(TransferService.java:21) ~[main/:na]
	at com.dws.challenge.web.AccountsTransferController.transferAmount(AccountsTransferController.java:65) ~[main/:na]
	at com.dws.challenge.ConcurrentTransferTest.lambda$concurrentTransferTest$0(ConcurrentTransferTest.java:77) ~[test/:na]
	at java.base/java.util.concurrent.ThreadPoolExecutor.runWorker(ThreadPoolExecutor.java:1136) ~[na:na]
	at java.base/java.util.concurrent.ThreadPoolExecutor$Worker.run(ThreadPoolExecutor.java:635) ~[na:na]
	at java.base/java.lang.Thread.run(Thread.java:842) ~[na:na]

2024-02-22T22:36:15.442+05:30  INFO 99627 --- [ol-19-thread-20] c.dws.challenge.service.TransferService  : compareBalance -1 
2024-02-22T22:36:15.442+05:30 ERROR 99627 --- [ool-19-thread-5] c.d.c.web.AccountsTransferController     : Exception occurs

com.dws.challenge.exception.InsufficientBalanceException: Insufficient Balance in account Account123
	at com.dws.challenge.service.TransferService.transferAmount(TransferService.java:21) ~[main/:na]
	at com.dws.challenge.web.AccountsTransferController.transferAmount(AccountsTransferController.java:65) ~[main/:na]
	at com.dws.challenge.ConcurrentTransferTest.lambda$concurrentTransferTest$0(ConcurrentTransferTest.java:77) ~[test/:na]
	at java.base/java.util.concurrent.ThreadPoolExecutor.runWorker(ThreadPoolExecutor.java:1136) ~[na:na]
	at java.base/java.util.concurrent.ThreadPoolExecutor$Worker.run(ThreadPoolExecutor.java:635) ~[na:na]
	at java.base/java.lang.Thread.run(Thread.java:842) ~[na:na]

2024-02-22T22:36:15.442+05:30  INFO 99627 --- [ool-19-thread-6] c.dws.challenge.service.TransferService  : compareBalance -1 
2024-02-22T22:36:15.442+05:30 ERROR 99627 --- [ol-19-thread-20] c.d.c.web.AccountsTransferController     : Exception occurs

com.dws.challenge.exception.InsufficientBalanceException: Insufficient Balance in account Account123
	at com.dws.challenge.service.TransferService.transferAmount(TransferService.java:21) ~[main/:na]
	at com.dws.challenge.web.AccountsTransferController.transferAmount(AccountsTransferController.java:65) ~[main/:na]
	at com.dws.challenge.ConcurrentTransferTest.lambda$concurrentTransferTest$0(ConcurrentTransferTest.java:77) ~[test/:na]
	at java.base/java.util.concurrent.ThreadPoolExecutor.runWorker(ThreadPoolExecutor.java:1136) ~[na:na]
	at java.base/java.util.concurrent.ThreadPoolExecutor$Worker.run(ThreadPoolExecutor.java:635) ~[na:na]
	at java.base/java.lang.Thread.run(Thread.java:842) ~[na:na]

2024-02-22T22:36:15.443+05:30  INFO 99627 --- [ool-19-thread-2] c.dws.challenge.service.TransferService  : compareBalance -1 
2024-02-22T22:36:15.443+05:30 ERROR 99627 --- [ool-19-thread-6] c.d.c.web.AccountsTransferController     : Exception occurs

com.dws.challenge.exception.InsufficientBalanceException: Insufficient Balance in account Account123
	at com.dws.challenge.service.TransferService.transferAmount(TransferService.java:21) ~[main/:na]
	at com.dws.challenge.web.AccountsTransferController.transferAmount(AccountsTransferController.java:65) ~[main/:na]
	at com.dws.challenge.ConcurrentTransferTest.lambda$concurrentTransferTest$0(ConcurrentTransferTest.java:77) ~[test/:na]
	at java.base/java.util.concurrent.ThreadPoolExecutor.runWorker(ThreadPoolExecutor.java:1136) ~[na:na]
	at java.base/java.util.concurrent.ThreadPoolExecutor$Worker.run(ThreadPoolExecutor.java:635) ~[na:na]
	at java.base/java.lang.Thread.run(Thread.java:842) ~[na:na]

2024-02-22T22:36:15.443+05:30  INFO 99627 --- [ool-19-thread-3] c.dws.challenge.service.TransferService  : compareBalance -1 
2024-02-22T22:36:15.443+05:30 ERROR 99627 --- [ool-19-thread-2] c.d.c.web.AccountsTransferController     : Exception occurs

com.dws.challenge.exception.InsufficientBalanceException: Insufficient Balance in account Account123
	at com.dws.challenge.service.TransferService.transferAmount(TransferService.java:21) ~[main/:na]
	at com.dws.challenge.web.AccountsTransferController.transferAmount(AccountsTransferController.java:65) ~[main/:na]
	at com.dws.challenge.ConcurrentTransferTest.lambda$concurrentTransferTest$0(ConcurrentTransferTest.java:77) ~[test/:na]
	at java.base/java.util.concurrent.ThreadPoolExecutor.runWorker(ThreadPoolExecutor.java:1136) ~[na:na]
	at java.base/java.util.concurrent.ThreadPoolExecutor$Worker.run(ThreadPoolExecutor.java:635) ~[na:na]
	at java.base/java.lang.Thread.run(Thread.java:842) ~[na:na]

2024-02-22T22:36:15.443+05:30  INFO 99627 --- [ool-19-thread-8] c.dws.challenge.service.TransferService  : compareBalance -1 
2024-02-22T22:36:15.443+05:30  INFO 99627 --- [ool-19-thread-7] c.dws.challenge.service.TransferService  : compareBalance -1 
2024-02-22T22:36:15.443+05:30 ERROR 99627 --- [ool-19-thread-3] c.d.c.web.AccountsTransferController     : Exception occurs

com.dws.challenge.exception.InsufficientBalanceException: Insufficient Balance in account Account123
	at com.dws.challenge.service.TransferService.transferAmount(TransferService.java:21) ~[main/:na]
	at com.dws.challenge.web.AccountsTransferController.transferAmount(AccountsTransferController.java:65) ~[main/:na]
	at com.dws.challenge.ConcurrentTransferTest.lambda$concurrentTransferTest$0(ConcurrentTransferTest.java:77) ~[test/:na]
	at java.base/java.util.concurrent.ThreadPoolExecutor.runWorker(ThreadPoolExecutor.java:1136) ~[na:na]
	at java.base/java.util.concurrent.ThreadPoolExecutor$Worker.run(ThreadPoolExecutor.java:635) ~[na:na]
	at java.base/java.lang.Thread.run(Thread.java:842) ~[na:na]

2024-02-22T22:36:15.443+05:30 ERROR 99627 --- [ool-19-thread-8] c.d.c.web.AccountsTransferController     : Exception occurs

com.dws.challenge.exception.InsufficientBalanceException: Insufficient Balance in account Account123
	at com.dws.challenge.service.TransferService.transferAmount(TransferService.java:21) ~[main/:na]
	at com.dws.challenge.web.AccountsTransferController.transferAmount(AccountsTransferController.java:65) ~[main/:na]
	at com.dws.challenge.ConcurrentTransferTest.lambda$concurrentTransferTest$0(ConcurrentTransferTest.java:77) ~[test/:na]
	at java.base/java.util.concurrent.ThreadPoolExecutor.runWorker(ThreadPoolExecutor.java:1136) ~[na:na]
	at java.base/java.util.concurrent.ThreadPoolExecutor$Worker.run(ThreadPoolExecutor.java:635) ~[na:na]
	at java.base/java.lang.Thread.run(Thread.java:842) ~[na:na]

2024-02-22T22:36:15.443+05:30  INFO 99627 --- [ol-19-thread-18] c.dws.challenge.service.TransferService  : compareBalance -1 
2024-02-22T22:36:15.443+05:30 ERROR 99627 --- [ool-19-thread-7] c.d.c.web.AccountsTransferController     : Exception occurs

com.dws.challenge.exception.InsufficientBalanceException: Insufficient Balance in account Account123
	at com.dws.challenge.service.TransferService.transferAmount(TransferService.java:21) ~[main/:na]
	at com.dws.challenge.web.AccountsTransferController.transferAmount(AccountsTransferController.java:65) ~[main/:na]
	at com.dws.challenge.ConcurrentTransferTest.lambda$concurrentTransferTest$0(ConcurrentTransferTest.java:77) ~[test/:na]
	at java.base/java.util.concurrent.ThreadPoolExecutor.runWorker(ThreadPoolExecutor.java:1136) ~[na:na]
	at java.base/java.util.concurrent.ThreadPoolExecutor$Worker.run(ThreadPoolExecutor.java:635) ~[na:na]
	at java.base/java.lang.Thread.run(Thread.java:842) ~[na:na]

2024-02-22T22:36:15.444+05:30  INFO 99627 --- [ool-19-thread-4] c.dws.challenge.service.TransferService  : compareBalance -1 
2024-02-22T22:36:15.444+05:30 ERROR 99627 --- [ol-19-thread-18] c.d.c.web.AccountsTransferController     : Exception occurs

com.dws.challenge.exception.InsufficientBalanceException: Insufficient Balance in account Account123
	at com.dws.challenge.service.TransferService.transferAmount(TransferService.java:21) ~[main/:na]
	at com.dws.challenge.web.AccountsTransferController.transferAmount(AccountsTransferController.java:65) ~[main/:na]
	at com.dws.challenge.ConcurrentTransferTest.lambda$concurrentTransferTest$0(ConcurrentTransferTest.java:77) ~[test/:na]
	at java.base/java.util.concurrent.ThreadPoolExecutor.runWorker(ThreadPoolExecutor.java:1136) ~[na:na]
	at java.base/java.util.concurrent.ThreadPoolExecutor$Worker.run(ThreadPoolExecutor.java:635) ~[na:na]
	at java.base/java.lang.Thread.run(Thread.java:842) ~[na:na]

2024-02-22T22:36:15.444+05:30 ERROR 99627 --- [ool-19-thread-4] c.d.c.web.AccountsTransferController     : Exception occurs

com.dws.challenge.exception.InsufficientBalanceException: Insufficient Balance in account Account123
	at com.dws.challenge.service.TransferService.transferAmount(TransferService.java:21) ~[main/:na]
	at com.dws.challenge.web.AccountsTransferController.transferAmount(AccountsTransferController.java:65) ~[main/:na]
	at com.dws.challenge.ConcurrentTransferTest.lambda$concurrentTransferTest$0(ConcurrentTransferTest.java:77) ~[test/:na]
	at java.base/java.util.concurrent.ThreadPoolExecutor.runWorker(ThreadPoolExecutor.java:1136) ~[na:na]
	at java.base/java.util.concurrent.ThreadPoolExecutor$Worker.run(ThreadPoolExecutor.java:635) ~[na:na]
	at java.base/java.lang.Thread.run(Thread.java:842) ~[na:na]

2024-02-22T22:36:15.457+05:30  INFO 99627 --- [ool-20-thread-9] c.d.c.web.AccountsTransferController     : Transfer Amount  Transfer(accountFrom=Account123, accountTo=Account124, amount=1000)
2024-02-22T22:36:15.457+05:30  INFO 99627 --- [ool-20-thread-2] c.d.c.web.AccountsTransferController     : Transfer Amount  Transfer(accountFrom=Account123, accountTo=Account124, amount=1000)
2024-02-22T22:36:15.457+05:30  INFO 99627 --- [ool-20-thread-3] c.d.c.web.AccountsTransferController     : Transfer Amount  Transfer(accountFrom=Account123, accountTo=Account124, amount=1000)
2024-02-22T22:36:15.457+05:30  INFO 99627 --- [ool-20-thread-1] c.d.c.web.AccountsTransferController     : Transfer Amount  Transfer(accountFrom=Account123, accountTo=Account124, amount=1000)
2024-02-22T22:36:15.457+05:30  INFO 99627 --- [ol-20-thread-10] c.d.c.web.AccountsTransferController     : Transfer Amount  Transfer(accountFrom=Account123, accountTo=Account124, amount=1000)
2024-02-22T22:36:15.457+05:30  INFO 99627 --- [ool-20-thread-4] c.d.c.web.AccountsTransferController     : Transfer Amount  Transfer(accountFrom=Account123, accountTo=Account124, amount=1000)
2024-02-22T22:36:15.457+05:30  INFO 99627 --- [ol-20-thread-11] c.d.c.web.AccountsTransferController     : Transfer Amount  Transfer(accountFrom=Account123, accountTo=Account124, amount=1000)
2024-02-22T22:36:15.457+05:30  INFO 99627 --- [ool-20-thread-8] c.d.c.web.AccountsTransferController     : Transfer Amount  Transfer(accountFrom=Account123, accountTo=Account124, amount=1000)
2024-02-22T22:36:15.457+05:30  INFO 99627 --- [ool-20-thread-7] c.d.c.web.AccountsTransferController     : Transfer Amount  Transfer(accountFrom=Account123, accountTo=Account124, amount=1000)
2024-02-22T22:36:15.457+05:30  INFO 99627 --- [ol-20-thread-20] c.d.c.web.AccountsTransferController     : Transfer Amount  Transfer(accountFrom=Account123, accountTo=Account124, amount=1000)
2024-02-22T22:36:15.457+05:30  INFO 99627 --- [ool-20-thread-6] c.d.c.web.AccountsTransferController     : Transfer Amount  Transfer(accountFrom=Account123, accountTo=Account124, amount=1000)
2024-02-22T22:36:15.457+05:30  INFO 99627 --- [ool-20-thread-5] c.d.c.web.AccountsTransferController     : Transfer Amount  Transfer(accountFrom=Account123, accountTo=Account124, amount=1000)
2024-02-22T22:36:15.457+05:30  INFO 99627 --- [ol-20-thread-12] c.d.c.web.AccountsTransferController     : Transfer Amount  Transfer(accountFrom=Account123, accountTo=Account124, amount=1000)
2024-02-22T22:36:15.457+05:30  INFO 99627 --- [ol-20-thread-13] c.d.c.web.AccountsTransferController     : Transfer Amount  Transfer(accountFrom=Account123, accountTo=Account124, amount=1000)
2024-02-22T22:36:15.457+05:30  INFO 99627 --- [ol-20-thread-14] c.d.c.web.AccountsTransferController     : Transfer Amount  Transfer(accountFrom=Account123, accountTo=Account124, amount=1000)
2024-02-22T22:36:15.457+05:30  INFO 99627 --- [ol-20-thread-15] c.d.c.web.AccountsTransferController     : Transfer Amount  Transfer(accountFrom=Account123, accountTo=Account124, amount=1000)
2024-02-22T22:36:15.457+05:30  INFO 99627 --- [ol-20-thread-16] c.d.c.web.AccountsTransferController     : Transfer Amount  Transfer(accountFrom=Account123, accountTo=Account124, amount=1000)
2024-02-22T22:36:15.457+05:30  INFO 99627 --- [ol-20-thread-17] c.d.c.web.AccountsTransferController     : Transfer Amount  Transfer(accountFrom=Account123, accountTo=Account124, amount=1000)
2024-02-22T22:36:15.457+05:30  INFO 99627 --- [ol-20-thread-18] c.d.c.web.AccountsTransferController     : Transfer Amount  Transfer(accountFrom=Account123, accountTo=Account124, amount=1000)
2024-02-22T22:36:15.457+05:30  INFO 99627 --- [ool-20-thread-9] c.dws.challenge.service.TransferService  : compareBalance 0 
2024-02-22T22:36:15.457+05:30  INFO 99627 --- [ol-20-thread-19] c.d.c.web.AccountsTransferController     : Transfer Amount  Transfer(accountFrom=Account123, accountTo=Account124, amount=1000)
2024-02-22T22:36:15.459+05:30  INFO 99627 --- [ool-20-thread-9] c.d.c.web.AccountsTransferController     : notification sent successfully
2024-02-22T22:36:15.460+05:30  INFO 99627 --- [ol-20-thread-19] c.dws.challenge.service.TransferService  : compareBalance -1 
2024-02-22T22:36:15.460+05:30  INFO 99627 --- [ol-20-thread-18] c.dws.challenge.service.TransferService  : compareBalance -1 
2024-02-22T22:36:15.460+05:30  INFO 99627 --- [ol-20-thread-17] c.dws.challenge.service.TransferService  : compareBalance -1 
2024-02-22T22:36:15.460+05:30  INFO 99627 --- [ol-20-thread-16] c.dws.challenge.service.TransferService  : compareBalance -1 
2024-02-22T22:36:15.460+05:30 ERROR 99627 --- [ol-20-thread-18] c.d.c.web.AccountsTransferController     : Exception occurs

com.dws.challenge.exception.InsufficientBalanceException: Insufficient Balance in account Account123
	at com.dws.challenge.service.TransferService.transferAmount(TransferService.java:21) ~[main/:na]
	at com.dws.challenge.web.AccountsTransferController.transferAmount(AccountsTransferController.java:65) ~[main/:na]
	at com.dws.challenge.ConcurrentTransferTest.lambda$concurrentTransferTest$0(ConcurrentTransferTest.java:77) ~[test/:na]
	at java.base/java.util.concurrent.ThreadPoolExecutor.runWorker(ThreadPoolExecutor.java:1136) ~[na:na]
	at java.base/java.util.concurrent.ThreadPoolExecutor$Worker.run(ThreadPoolExecutor.java:635) ~[na:na]
	at java.base/java.lang.Thread.run(Thread.java:842) ~[na:na]

2024-02-22T22:36:15.460+05:30 ERROR 99627 --- [ol-20-thread-19] c.d.c.web.AccountsTransferController     : Exception occurs

com.dws.challenge.exception.InsufficientBalanceException: Insufficient Balance in account Account123
	at com.dws.challenge.service.TransferService.transferAmount(TransferService.java:21) ~[main/:na]
	at com.dws.challenge.web.AccountsTransferController.transferAmount(AccountsTransferController.java:65) ~[main/:na]
	at com.dws.challenge.ConcurrentTransferTest.lambda$concurrentTransferTest$0(ConcurrentTransferTest.java:77) ~[test/:na]
	at java.base/java.util.concurrent.ThreadPoolExecutor.runWorker(ThreadPoolExecutor.java:1136) ~[na:na]
	at java.base/java.util.concurrent.ThreadPoolExecutor$Worker.run(ThreadPoolExecutor.java:635) ~[na:na]
	at java.base/java.lang.Thread.run(Thread.java:842) ~[na:na]

2024-02-22T22:36:15.460+05:30 ERROR 99627 --- [ol-20-thread-17] c.d.c.web.AccountsTransferController     : Exception occurs

com.dws.challenge.exception.InsufficientBalanceException: Insufficient Balance in account Account123
	at com.dws.challenge.service.TransferService.transferAmount(TransferService.java:21) ~[main/:na]
	at com.dws.challenge.web.AccountsTransferController.transferAmount(AccountsTransferController.java:65) ~[main/:na]
	at com.dws.challenge.ConcurrentTransferTest.lambda$concurrentTransferTest$0(ConcurrentTransferTest.java:77) ~[test/:na]
	at java.base/java.util.concurrent.ThreadPoolExecutor.runWorker(ThreadPoolExecutor.java:1136) ~[na:na]
	at java.base/java.util.concurrent.ThreadPoolExecutor$Worker.run(ThreadPoolExecutor.java:635) ~[na:na]
	at java.base/java.lang.Thread.run(Thread.java:842) ~[na:na]

2024-02-22T22:36:15.460+05:30  INFO 99627 --- [ol-20-thread-15] c.dws.challenge.service.TransferService  : compareBalance -1 
2024-02-22T22:36:15.460+05:30 ERROR 99627 --- [ol-20-thread-16] c.d.c.web.AccountsTransferController     : Exception occurs

com.dws.challenge.exception.InsufficientBalanceException: Insufficient Balance in account Account123
	at com.dws.challenge.service.TransferService.transferAmount(TransferService.java:21) ~[main/:na]
	at com.dws.challenge.web.AccountsTransferController.transferAmount(AccountsTransferController.java:65) ~[main/:na]
	at com.dws.challenge.ConcurrentTransferTest.lambda$concurrentTransferTest$0(ConcurrentTransferTest.java:77) ~[test/:na]
	at java.base/java.util.concurrent.ThreadPoolExecutor.runWorker(ThreadPoolExecutor.java:1136) ~[na:na]
	at java.base/java.util.concurrent.ThreadPoolExecutor$Worker.run(ThreadPoolExecutor.java:635) ~[na:na]
	at java.base/java.lang.Thread.run(Thread.java:842) ~[na:na]

2024-02-22T22:36:15.461+05:30  INFO 99627 --- [ol-20-thread-14] c.dws.challenge.service.TransferService  : compareBalance -1 
2024-02-22T22:36:15.461+05:30 ERROR 99627 --- [ol-20-thread-15] c.d.c.web.AccountsTransferController     : Exception occurs

com.dws.challenge.exception.InsufficientBalanceException: Insufficient Balance in account Account123
	at com.dws.challenge.service.TransferService.transferAmount(TransferService.java:21) ~[main/:na]
	at com.dws.challenge.web.AccountsTransferController.transferAmount(AccountsTransferController.java:65) ~[main/:na]
	at com.dws.challenge.ConcurrentTransferTest.lambda$concurrentTransferTest$0(ConcurrentTransferTest.java:77) ~[test/:na]
	at java.base/java.util.concurrent.ThreadPoolExecutor.runWorker(ThreadPoolExecutor.java:1136) ~[na:na]
	at java.base/java.util.concurrent.ThreadPoolExecutor$Worker.run(ThreadPoolExecutor.java:635) ~[na:na]
	at java.base/java.lang.Thread.run(Thread.java:842) ~[na:na]

2024-02-22T22:36:15.461+05:30  INFO 99627 --- [ol-20-thread-13] c.dws.challenge.service.TransferService  : compareBalance -1 
2024-02-22T22:36:15.461+05:30 ERROR 99627 --- [ol-20-thread-14] c.d.c.web.AccountsTransferController     : Exception occurs

com.dws.challenge.exception.InsufficientBalanceException: Insufficient Balance in account Account123
	at com.dws.challenge.service.TransferService.transferAmount(TransferService.java:21) ~[main/:na]
	at com.dws.challenge.web.AccountsTransferController.transferAmount(AccountsTransferController.java:65) ~[main/:na]
	at com.dws.challenge.ConcurrentTransferTest.lambda$concurrentTransferTest$0(ConcurrentTransferTest.java:77) ~[test/:na]
	at java.base/java.util.concurrent.ThreadPoolExecutor.runWorker(ThreadPoolExecutor.java:1136) ~[na:na]
	at java.base/java.util.concurrent.ThreadPoolExecutor$Worker.run(ThreadPoolExecutor.java:635) ~[na:na]
	at java.base/java.lang.Thread.run(Thread.java:842) ~[na:na]

2024-02-22T22:36:15.461+05:30  INFO 99627 --- [ol-20-thread-12] c.dws.challenge.service.TransferService  : compareBalance -1 
2024-02-22T22:36:15.461+05:30 ERROR 99627 --- [ol-20-thread-13] c.d.c.web.AccountsTransferController     : Exception occurs

com.dws.challenge.exception.InsufficientBalanceException: Insufficient Balance in account Account123
	at com.dws.challenge.service.TransferService.transferAmount(TransferService.java:21) ~[main/:na]
	at com.dws.challenge.web.AccountsTransferController.transferAmount(AccountsTransferController.java:65) ~[main/:na]
	at com.dws.challenge.ConcurrentTransferTest.lambda$concurrentTransferTest$0(ConcurrentTransferTest.java:77) ~[test/:na]
	at java.base/java.util.concurrent.ThreadPoolExecutor.runWorker(ThreadPoolExecutor.java:1136) ~[na:na]
	at java.base/java.util.concurrent.ThreadPoolExecutor$Worker.run(ThreadPoolExecutor.java:635) ~[na:na]
	at java.base/java.lang.Thread.run(Thread.java:842) ~[na:na]

2024-02-22T22:36:15.461+05:30  INFO 99627 --- [ool-20-thread-5] c.dws.challenge.service.TransferService  : compareBalance -1 
2024-02-22T22:36:15.461+05:30 ERROR 99627 --- [ol-20-thread-12] c.d.c.web.AccountsTransferController     : Exception occurs

com.dws.challenge.exception.InsufficientBalanceException: Insufficient Balance in account Account123
	at com.dws.challenge.service.TransferService.transferAmount(TransferService.java:21) ~[main/:na]
	at com.dws.challenge.web.AccountsTransferController.transferAmount(AccountsTransferController.java:65) ~[main/:na]
	at com.dws.challenge.ConcurrentTransferTest.lambda$concurrentTransferTest$0(ConcurrentTransferTest.java:77) ~[test/:na]
	at java.base/java.util.concurrent.ThreadPoolExecutor.runWorker(ThreadPoolExecutor.java:1136) ~[na:na]
	at java.base/java.util.concurrent.ThreadPoolExecutor$Worker.run(ThreadPoolExecutor.java:635) ~[na:na]
	at java.base/java.lang.Thread.run(Thread.java:842) ~[na:na]

2024-02-22T22:36:15.461+05:30  INFO 99627 --- [ool-20-thread-6] c.dws.challenge.service.TransferService  : compareBalance -1 
2024-02-22T22:36:15.461+05:30 ERROR 99627 --- [ool-20-thread-5] c.d.c.web.AccountsTransferController     : Exception occurs

com.dws.challenge.exception.InsufficientBalanceException: Insufficient Balance in account Account123
	at com.dws.challenge.service.TransferService.transferAmount(TransferService.java:21) ~[main/:na]
	at com.dws.challenge.web.AccountsTransferController.transferAmount(AccountsTransferController.java:65) ~[main/:na]
	at com.dws.challenge.ConcurrentTransferTest.lambda$concurrentTransferTest$0(ConcurrentTransferTest.java:77) ~[test/:na]
	at java.base/java.util.concurrent.ThreadPoolExecutor.runWorker(ThreadPoolExecutor.java:1136) ~[na:na]
	at java.base/java.util.concurrent.ThreadPoolExecutor$Worker.run(ThreadPoolExecutor.java:635) ~[na:na]
	at java.base/java.lang.Thread.run(Thread.java:842) ~[na:na]

2024-02-22T22:36:15.461+05:30  INFO 99627 --- [ol-20-thread-20] c.dws.challenge.service.TransferService  : compareBalance -1 
2024-02-22T22:36:15.461+05:30 ERROR 99627 --- [ool-20-thread-6] c.d.c.web.AccountsTransferController     : Exception occurs

com.dws.challenge.exception.InsufficientBalanceException: Insufficient Balance in account Account123
	at com.dws.challenge.service.TransferService.transferAmount(TransferService.java:21) ~[main/:na]
	at com.dws.challenge.web.AccountsTransferController.transferAmount(AccountsTransferController.java:65) ~[main/:na]
	at com.dws.challenge.ConcurrentTransferTest.lambda$concurrentTransferTest$0(ConcurrentTransferTest.java:77) ~[test/:na]
	at java.base/java.util.concurrent.ThreadPoolExecutor.runWorker(ThreadPoolExecutor.java:1136) ~[na:na]
	at java.base/java.util.concurrent.ThreadPoolExecutor$Worker.run(ThreadPoolExecutor.java:635) ~[na:na]
	at java.base/java.lang.Thread.run(Thread.java:842) ~[na:na]

2024-02-22T22:36:15.462+05:30  INFO 99627 --- [ool-20-thread-7] c.dws.challenge.service.TransferService  : compareBalance -1 
2024-02-22T22:36:15.462+05:30 ERROR 99627 --- [ol-20-thread-20] c.d.c.web.AccountsTransferController     : Exception occurs

com.dws.challenge.exception.InsufficientBalanceException: Insufficient Balance in account Account123
	at com.dws.challenge.service.TransferService.transferAmount(TransferService.java:21) ~[main/:na]
	at com.dws.challenge.web.AccountsTransferController.transferAmount(AccountsTransferController.java:65) ~[main/:na]
	at com.dws.challenge.ConcurrentTransferTest.lambda$concurrentTransferTest$0(ConcurrentTransferTest.java:77) ~[test/:na]
	at java.base/java.util.concurrent.ThreadPoolExecutor.runWorker(ThreadPoolExecutor.java:1136) ~[na:na]
	at java.base/java.util.concurrent.ThreadPoolExecutor$Worker.run(ThreadPoolExecutor.java:635) ~[na:na]
	at java.base/java.lang.Thread.run(Thread.java:842) ~[na:na]

2024-02-22T22:36:15.462+05:30  INFO 99627 --- [ool-20-thread-8] c.dws.challenge.service.TransferService  : compareBalance -1 
2024-02-22T22:36:15.462+05:30 ERROR 99627 --- [ool-20-thread-7] c.d.c.web.AccountsTransferController     : Exception occurs

com.dws.challenge.exception.InsufficientBalanceException: Insufficient Balance in account Account123
	at com.dws.challenge.service.TransferService.transferAmount(TransferService.java:21) ~[main/:na]
	at com.dws.challenge.web.AccountsTransferController.transferAmount(AccountsTransferController.java:65) ~[main/:na]
	at com.dws.challenge.ConcurrentTransferTest.lambda$concurrentTransferTest$0(ConcurrentTransferTest.java:77) ~[test/:na]
	at java.base/java.util.concurrent.ThreadPoolExecutor.runWorker(ThreadPoolExecutor.java:1136) ~[na:na]
	at java.base/java.util.concurrent.ThreadPoolExecutor$Worker.run(ThreadPoolExecutor.java:635) ~[na:na]
	at java.base/java.lang.Thread.run(Thread.java:842) ~[na:na]

2024-02-22T22:36:15.462+05:30  INFO 99627 --- [ol-20-thread-11] c.dws.challenge.service.TransferService  : compareBalance -1 
2024-02-22T22:36:15.462+05:30 ERROR 99627 --- [ool-20-thread-8] c.d.c.web.AccountsTransferController     : Exception occurs

com.dws.challenge.exception.InsufficientBalanceException: Insufficient Balance in account Account123
	at com.dws.challenge.service.TransferService.transferAmount(TransferService.java:21) ~[main/:na]
	at com.dws.challenge.web.AccountsTransferController.transferAmount(AccountsTransferController.java:65) ~[main/:na]
	at com.dws.challenge.ConcurrentTransferTest.lambda$concurrentTransferTest$0(ConcurrentTransferTest.java:77) ~[test/:na]
	at java.base/java.util.concurrent.ThreadPoolExecutor.runWorker(ThreadPoolExecutor.java:1136) ~[na:na]
	at java.base/java.util.concurrent.ThreadPoolExecutor$Worker.run(ThreadPoolExecutor.java:635) ~[na:na]
	at java.base/java.lang.Thread.run(Thread.java:842) ~[na:na]

2024-02-22T22:36:15.462+05:30  INFO 99627 --- [ool-20-thread-4] c.dws.challenge.service.TransferService  : compareBalance -1 
2024-02-22T22:36:15.462+05:30 ERROR 99627 --- [ol-20-thread-11] c.d.c.web.AccountsTransferController     : Exception occurs

com.dws.challenge.exception.InsufficientBalanceException: Insufficient Balance in account Account123
	at com.dws.challenge.service.TransferService.transferAmount(TransferService.java:21) ~[main/:na]
	at com.dws.challenge.web.AccountsTransferController.transferAmount(AccountsTransferController.java:65) ~[main/:na]
	at com.dws.challenge.ConcurrentTransferTest.lambda$concurrentTransferTest$0(ConcurrentTransferTest.java:77) ~[test/:na]
	at java.base/java.util.concurrent.ThreadPoolExecutor.runWorker(ThreadPoolExecutor.java:1136) ~[na:na]
	at java.base/java.util.concurrent.ThreadPoolExecutor$Worker.run(ThreadPoolExecutor.java:635) ~[na:na]
	at java.base/java.lang.Thread.run(Thread.java:842) ~[na:na]

2024-02-22T22:36:15.462+05:30  INFO 99627 --- [ol-20-thread-10] c.dws.challenge.service.TransferService  : compareBalance -1 
2024-02-22T22:36:15.462+05:30 ERROR 99627 --- [ool-20-thread-4] c.d.c.web.AccountsTransferController     : Exception occurs

com.dws.challenge.exception.InsufficientBalanceException: Insufficient Balance in account Account123
	at com.dws.challenge.service.TransferService.transferAmount(TransferService.java:21) ~[main/:na]
	at com.dws.challenge.web.AccountsTransferController.transferAmount(AccountsTransferController.java:65) ~[main/:na]
	at com.dws.challenge.ConcurrentTransferTest.lambda$concurrentTransferTest$0(ConcurrentTransferTest.java:77) ~[test/:na]
	at java.base/java.util.concurrent.ThreadPoolExecutor.runWorker(ThreadPoolExecutor.java:1136) ~[na:na]
	at java.base/java.util.concurrent.ThreadPoolExecutor$Worker.run(ThreadPoolExecutor.java:635) ~[na:na]
	at java.base/java.lang.Thread.run(Thread.java:842) ~[na:na]

2024-02-22T22:36:15.463+05:30  INFO 99627 --- [ool-20-thread-1] c.dws.challenge.service.TransferService  : compareBalance -1 
2024-02-22T22:36:15.463+05:30 ERROR 99627 --- [ol-20-thread-10] c.d.c.web.AccountsTransferController     : Exception occurs

com.dws.challenge.exception.InsufficientBalanceException: Insufficient Balance in account Account123
	at com.dws.challenge.service.TransferService.transferAmount(TransferService.java:21) ~[main/:na]
	at com.dws.challenge.web.AccountsTransferController.transferAmount(AccountsTransferController.java:65) ~[main/:na]
	at com.dws.challenge.ConcurrentTransferTest.lambda$concurrentTransferTest$0(ConcurrentTransferTest.java:77) ~[test/:na]
	at java.base/java.util.concurrent.ThreadPoolExecutor.runWorker(ThreadPoolExecutor.java:1136) ~[na:na]
	at java.base/java.util.concurrent.ThreadPoolExecutor$Worker.run(ThreadPoolExecutor.java:635) ~[na:na]
	at java.base/java.lang.Thread.run(Thread.java:842) ~[na:na]

2024-02-22T22:36:15.463+05:30  INFO 99627 --- [ool-20-thread-3] c.dws.challenge.service.TransferService  : compareBalance -1 
2024-02-22T22:36:15.463+05:30 ERROR 99627 --- [ool-20-thread-1] c.d.c.web.AccountsTransferController     : Exception occurs

com.dws.challenge.exception.InsufficientBalanceException: Insufficient Balance in account Account123
	at com.dws.challenge.service.TransferService.transferAmount(TransferService.java:21) ~[main/:na]
	at com.dws.challenge.web.AccountsTransferController.transferAmount(AccountsTransferController.java:65) ~[main/:na]
	at com.dws.challenge.ConcurrentTransferTest.lambda$concurrentTransferTest$0(ConcurrentTransferTest.java:77) ~[test/:na]
	at java.base/java.util.concurrent.ThreadPoolExecutor.runWorker(ThreadPoolExecutor.java:1136) ~[na:na]
	at java.base/java.util.concurrent.ThreadPoolExecutor$Worker.run(ThreadPoolExecutor.java:635) ~[na:na]
	at java.base/java.lang.Thread.run(Thread.java:842) ~[na:na]

2024-02-22T22:36:15.463+05:30  INFO 99627 --- [ool-20-thread-2] c.dws.challenge.service.TransferService  : compareBalance -1 
2024-02-22T22:36:15.463+05:30 ERROR 99627 --- [ool-20-thread-3] c.d.c.web.AccountsTransferController     : Exception occurs

com.dws.challenge.exception.InsufficientBalanceException: Insufficient Balance in account Account123
	at com.dws.challenge.service.TransferService.transferAmount(TransferService.java:21) ~[main/:na]
	at com.dws.challenge.web.AccountsTransferController.transferAmount(AccountsTransferController.java:65) ~[main/:na]
	at com.dws.challenge.ConcurrentTransferTest.lambda$concurrentTransferTest$0(ConcurrentTransferTest.java:77) ~[test/:na]
	at java.base/java.util.concurrent.ThreadPoolExecutor.runWorker(ThreadPoolExecutor.java:1136) ~[na:na]
	at java.base/java.util.concurrent.ThreadPoolExecutor$Worker.run(ThreadPoolExecutor.java:635) ~[na:na]
	at java.base/java.lang.Thread.run(Thread.java:842) ~[na:na]

2024-02-22T22:36:15.463+05:30 ERROR 99627 --- [ool-20-thread-2] c.d.c.web.AccountsTransferController     : Exception occurs

com.dws.challenge.exception.InsufficientBalanceException: Insufficient Balance in account Account123
	at com.dws.challenge.service.TransferService.transferAmount(TransferService.java:21) ~[main/:na]
	at com.dws.challenge.web.AccountsTransferController.transferAmount(AccountsTransferController.java:65) ~[main/:na]
	at com.dws.challenge.ConcurrentTransferTest.lambda$concurrentTransferTest$0(ConcurrentTransferTest.java:77) ~[test/:na]
	at java.base/java.util.concurrent.ThreadPoolExecutor.runWorker(ThreadPoolExecutor.java:1136) ~[na:na]
	at java.base/java.util.concurrent.ThreadPoolExecutor$Worker.run(ThreadPoolExecutor.java:635) ~[na:na]
	at java.base/java.lang.Thread.run(Thread.java:842) ~[na:na]

2024-02-22T22:36:15.475+05:30  INFO 99627 --- [ool-21-thread-1] c.d.c.web.AccountsTransferController     : Transfer Amount  Transfer(accountFrom=Account123, accountTo=Account124, amount=1000)
2024-02-22T22:36:15.475+05:30  INFO 99627 --- [ool-21-thread-3] c.d.c.web.AccountsTransferController     : Transfer Amount  Transfer(accountFrom=Account123, accountTo=Account124, amount=1000)
2024-02-22T22:36:15.475+05:30  INFO 99627 --- [ool-21-thread-2] c.d.c.web.AccountsTransferController     : Transfer Amount  Transfer(accountFrom=Account123, accountTo=Account124, amount=1000)
2024-02-22T22:36:15.475+05:30  INFO 99627 --- [ool-21-thread-7] c.d.c.web.AccountsTransferController     : Transfer Amount  Transfer(accountFrom=Account123, accountTo=Account124, amount=1000)
2024-02-22T22:36:15.475+05:30  INFO 99627 --- [ol-21-thread-13] c.d.c.web.AccountsTransferController     : Transfer Amount  Transfer(accountFrom=Account123, accountTo=Account124, amount=1000)
2024-02-22T22:36:15.475+05:30  INFO 99627 --- [ol-21-thread-11] c.d.c.web.AccountsTransferController     : Transfer Amount  Transfer(accountFrom=Account123, accountTo=Account124, amount=1000)
2024-02-22T22:36:15.475+05:30  INFO 99627 --- [ool-21-thread-8] c.d.c.web.AccountsTransferController     : Transfer Amount  Transfer(accountFrom=Account123, accountTo=Account124, amount=1000)
2024-02-22T22:36:15.475+05:30  INFO 99627 --- [ol-21-thread-14] c.d.c.web.AccountsTransferController     : Transfer Amount  Transfer(accountFrom=Account123, accountTo=Account124, amount=1000)
2024-02-22T22:36:15.475+05:30  INFO 99627 --- [ol-21-thread-15] c.d.c.web.AccountsTransferController     : Transfer Amount  Transfer(accountFrom=Account123, accountTo=Account124, amount=1000)
2024-02-22T22:36:15.475+05:30  INFO 99627 --- [ool-21-thread-9] c.d.c.web.AccountsTransferController     : Transfer Amount  Transfer(accountFrom=Account123, accountTo=Account124, amount=1000)
2024-02-22T22:36:15.475+05:30  INFO 99627 --- [ool-21-thread-4] c.d.c.web.AccountsTransferController     : Transfer Amount  Transfer(accountFrom=Account123, accountTo=Account124, amount=1000)
2024-02-22T22:36:15.475+05:30  INFO 99627 --- [ool-21-thread-5] c.d.c.web.AccountsTransferController     : Transfer Amount  Transfer(accountFrom=Account123, accountTo=Account124, amount=1000)
2024-02-22T22:36:15.475+05:30  INFO 99627 --- [ol-21-thread-20] c.d.c.web.AccountsTransferController     : Transfer Amount  Transfer(accountFrom=Account123, accountTo=Account124, amount=1000)
2024-02-22T22:36:15.475+05:30  INFO 99627 --- [ool-21-thread-6] c.d.c.web.AccountsTransferController     : Transfer Amount  Transfer(accountFrom=Account123, accountTo=Account124, amount=1000)
2024-02-22T22:36:15.475+05:30  INFO 99627 --- [ol-21-thread-12] c.d.c.web.AccountsTransferController     : Transfer Amount  Transfer(accountFrom=Account123, accountTo=Account124, amount=1000)
2024-02-22T22:36:15.475+05:30  INFO 99627 --- [ol-21-thread-10] c.d.c.web.AccountsTransferController     : Transfer Amount  Transfer(accountFrom=Account123, accountTo=Account124, amount=1000)
2024-02-22T22:36:15.475+05:30  INFO 99627 --- [ol-21-thread-16] c.d.c.web.AccountsTransferController     : Transfer Amount  Transfer(accountFrom=Account123, accountTo=Account124, amount=1000)
2024-02-22T22:36:15.475+05:30  INFO 99627 --- [ol-21-thread-17] c.d.c.web.AccountsTransferController     : Transfer Amount  Transfer(accountFrom=Account123, accountTo=Account124, amount=1000)
2024-02-22T22:36:15.475+05:30  INFO 99627 --- [ol-21-thread-19] c.d.c.web.AccountsTransferController     : Transfer Amount  Transfer(accountFrom=Account123, accountTo=Account124, amount=1000)
2024-02-22T22:36:15.475+05:30  INFO 99627 --- [ol-21-thread-18] c.d.c.web.AccountsTransferController     : Transfer Amount  Transfer(accountFrom=Account123, accountTo=Account124, amount=1000)
2024-02-22T22:36:15.476+05:30  INFO 99627 --- [ool-21-thread-1] c.dws.challenge.service.TransferService  : compareBalance 0 
2024-02-22T22:36:15.478+05:30  INFO 99627 --- [ool-21-thread-1] c.d.c.web.AccountsTransferController     : notification sent successfully
2024-02-22T22:36:15.478+05:30  INFO 99627 --- [ol-21-thread-18] c.dws.challenge.service.TransferService  : compareBalance -1 
2024-02-22T22:36:15.478+05:30  INFO 99627 --- [ol-21-thread-19] c.dws.challenge.service.TransferService  : compareBalance -1 
2024-02-22T22:36:15.478+05:30  INFO 99627 --- [ol-21-thread-17] c.dws.challenge.service.TransferService  : compareBalance -1 
2024-02-22T22:36:15.478+05:30  INFO 99627 --- [ol-21-thread-16] c.dws.challenge.service.TransferService  : compareBalance -1 
2024-02-22T22:36:15.478+05:30 ERROR 99627 --- [ol-21-thread-19] c.d.c.web.AccountsTransferController     : Exception occurs

com.dws.challenge.exception.InsufficientBalanceException: Insufficient Balance in account Account123
	at com.dws.challenge.service.TransferService.transferAmount(TransferService.java:21) ~[main/:na]
	at com.dws.challenge.web.AccountsTransferController.transferAmount(AccountsTransferController.java:65) ~[main/:na]
	at com.dws.challenge.ConcurrentTransferTest.lambda$concurrentTransferTest$0(ConcurrentTransferTest.java:77) ~[test/:na]
	at java.base/java.util.concurrent.ThreadPoolExecutor.runWorker(ThreadPoolExecutor.java:1136) ~[na:na]
	at java.base/java.util.concurrent.ThreadPoolExecutor$Worker.run(ThreadPoolExecutor.java:635) ~[na:na]
	at java.base/java.lang.Thread.run(Thread.java:842) ~[na:na]

2024-02-22T22:36:15.478+05:30 ERROR 99627 --- [ol-21-thread-18] c.d.c.web.AccountsTransferController     : Exception occurs

com.dws.challenge.exception.InsufficientBalanceException: Insufficient Balance in account Account123
	at com.dws.challenge.service.TransferService.transferAmount(TransferService.java:21) ~[main/:na]
	at com.dws.challenge.web.AccountsTransferController.transferAmount(AccountsTransferController.java:65) ~[main/:na]
	at com.dws.challenge.ConcurrentTransferTest.lambda$concurrentTransferTest$0(ConcurrentTransferTest.java:77) ~[test/:na]
	at java.base/java.util.concurrent.ThreadPoolExecutor.runWorker(ThreadPoolExecutor.java:1136) ~[na:na]
	at java.base/java.util.concurrent.ThreadPoolExecutor$Worker.run(ThreadPoolExecutor.java:635) ~[na:na]
	at java.base/java.lang.Thread.run(Thread.java:842) ~[na:na]

2024-02-22T22:36:15.478+05:30 ERROR 99627 --- [ol-21-thread-17] c.d.c.web.AccountsTransferController     : Exception occurs

com.dws.challenge.exception.InsufficientBalanceException: Insufficient Balance in account Account123
	at com.dws.challenge.service.TransferService.transferAmount(TransferService.java:21) ~[main/:na]
	at com.dws.challenge.web.AccountsTransferController.transferAmount(AccountsTransferController.java:65) ~[main/:na]
	at com.dws.challenge.ConcurrentTransferTest.lambda$concurrentTransferTest$0(ConcurrentTransferTest.java:77) ~[test/:na]
	at java.base/java.util.concurrent.ThreadPoolExecutor.runWorker(ThreadPoolExecutor.java:1136) ~[na:na]
	at java.base/java.util.concurrent.ThreadPoolExecutor$Worker.run(ThreadPoolExecutor.java:635) ~[na:na]
	at java.base/java.lang.Thread.run(Thread.java:842) ~[na:na]

2024-02-22T22:36:15.478+05:30  INFO 99627 --- [ol-21-thread-10] c.dws.challenge.service.TransferService  : compareBalance -1 
2024-02-22T22:36:15.478+05:30 ERROR 99627 --- [ol-21-thread-16] c.d.c.web.AccountsTransferController     : Exception occurs

com.dws.challenge.exception.InsufficientBalanceException: Insufficient Balance in account Account123
	at com.dws.challenge.service.TransferService.transferAmount(TransferService.java:21) ~[main/:na]
	at com.dws.challenge.web.AccountsTransferController.transferAmount(AccountsTransferController.java:65) ~[main/:na]
	at com.dws.challenge.ConcurrentTransferTest.lambda$concurrentTransferTest$0(ConcurrentTransferTest.java:77) ~[test/:na]
	at java.base/java.util.concurrent.ThreadPoolExecutor.runWorker(ThreadPoolExecutor.java:1136) ~[na:na]
	at java.base/java.util.concurrent.ThreadPoolExecutor$Worker.run(ThreadPoolExecutor.java:635) ~[na:na]
	at java.base/java.lang.Thread.run(Thread.java:842) ~[na:na]

2024-02-22T22:36:15.479+05:30  INFO 99627 --- [ol-21-thread-12] c.dws.challenge.service.TransferService  : compareBalance -1 
2024-02-22T22:36:15.479+05:30 ERROR 99627 --- [ol-21-thread-10] c.d.c.web.AccountsTransferController     : Exception occurs

com.dws.challenge.exception.InsufficientBalanceException: Insufficient Balance in account Account123
	at com.dws.challenge.service.TransferService.transferAmount(TransferService.java:21) ~[main/:na]
	at com.dws.challenge.web.AccountsTransferController.transferAmount(AccountsTransferController.java:65) ~[main/:na]
	at com.dws.challenge.ConcurrentTransferTest.lambda$concurrentTransferTest$0(ConcurrentTransferTest.java:77) ~[test/:na]
	at java.base/java.util.concurrent.ThreadPoolExecutor.runWorker(ThreadPoolExecutor.java:1136) ~[na:na]
	at java.base/java.util.concurrent.ThreadPoolExecutor$Worker.run(ThreadPoolExecutor.java:635) ~[na:na]
	at java.base/java.lang.Thread.run(Thread.java:842) ~[na:na]

2024-02-22T22:36:15.479+05:30  INFO 99627 --- [ool-21-thread-6] c.dws.challenge.service.TransferService  : compareBalance -1 
2024-02-22T22:36:15.479+05:30 ERROR 99627 --- [ol-21-thread-12] c.d.c.web.AccountsTransferController     : Exception occurs

com.dws.challenge.exception.InsufficientBalanceException: Insufficient Balance in account Account123
	at com.dws.challenge.service.TransferService.transferAmount(TransferService.java:21) ~[main/:na]
	at com.dws.challenge.web.AccountsTransferController.transferAmount(AccountsTransferController.java:65) ~[main/:na]
	at com.dws.challenge.ConcurrentTransferTest.lambda$concurrentTransferTest$0(ConcurrentTransferTest.java:77) ~[test/:na]
	at java.base/java.util.concurrent.ThreadPoolExecutor.runWorker(ThreadPoolExecutor.java:1136) ~[na:na]
	at java.base/java.util.concurrent.ThreadPoolExecutor$Worker.run(ThreadPoolExecutor.java:635) ~[na:na]
	at java.base/java.lang.Thread.run(Thread.java:842) ~[na:na]

2024-02-22T22:36:15.479+05:30  INFO 99627 --- [ol-21-thread-20] c.dws.challenge.service.TransferService  : compareBalance -1 
2024-02-22T22:36:15.479+05:30 ERROR 99627 --- [ool-21-thread-6] c.d.c.web.AccountsTransferController     : Exception occurs

com.dws.challenge.exception.InsufficientBalanceException: Insufficient Balance in account Account123
	at com.dws.challenge.service.TransferService.transferAmount(TransferService.java:21) ~[main/:na]
	at com.dws.challenge.web.AccountsTransferController.transferAmount(AccountsTransferController.java:65) ~[main/:na]
	at com.dws.challenge.ConcurrentTransferTest.lambda$concurrentTransferTest$0(ConcurrentTransferTest.java:77) ~[test/:na]
	at java.base/java.util.concurrent.ThreadPoolExecutor.runWorker(ThreadPoolExecutor.java:1136) ~[na:na]
	at java.base/java.util.concurrent.ThreadPoolExecutor$Worker.run(ThreadPoolExecutor.java:635) ~[na:na]
	at java.base/java.lang.Thread.run(Thread.java:842) ~[na:na]

2024-02-22T22:36:15.479+05:30  INFO 99627 --- [ool-21-thread-5] c.dws.challenge.service.TransferService  : compareBalance -1 
2024-02-22T22:36:15.479+05:30 ERROR 99627 --- [ol-21-thread-20] c.d.c.web.AccountsTransferController     : Exception occurs

com.dws.challenge.exception.InsufficientBalanceException: Insufficient Balance in account Account123
	at com.dws.challenge.service.TransferService.transferAmount(TransferService.java:21) ~[main/:na]
	at com.dws.challenge.web.AccountsTransferController.transferAmount(AccountsTransferController.java:65) ~[main/:na]
	at com.dws.challenge.ConcurrentTransferTest.lambda$concurrentTransferTest$0(ConcurrentTransferTest.java:77) ~[test/:na]
	at java.base/java.util.concurrent.ThreadPoolExecutor.runWorker(ThreadPoolExecutor.java:1136) ~[na:na]
	at java.base/java.util.concurrent.ThreadPoolExecutor$Worker.run(ThreadPoolExecutor.java:635) ~[na:na]
	at java.base/java.lang.Thread.run(Thread.java:842) ~[na:na]

2024-02-22T22:36:15.480+05:30  INFO 99627 --- [ool-21-thread-4] c.dws.challenge.service.TransferService  : compareBalance -1 
2024-02-22T22:36:15.480+05:30 ERROR 99627 --- [ool-21-thread-5] c.d.c.web.AccountsTransferController     : Exception occurs

com.dws.challenge.exception.InsufficientBalanceException: Insufficient Balance in account Account123
	at com.dws.challenge.service.TransferService.transferAmount(TransferService.java:21) ~[main/:na]
	at com.dws.challenge.web.AccountsTransferController.transferAmount(AccountsTransferController.java:65) ~[main/:na]
	at com.dws.challenge.ConcurrentTransferTest.lambda$concurrentTransferTest$0(ConcurrentTransferTest.java:77) ~[test/:na]
	at java.base/java.util.concurrent.ThreadPoolExecutor.runWorker(ThreadPoolExecutor.java:1136) ~[na:na]
	at java.base/java.util.concurrent.ThreadPoolExecutor$Worker.run(ThreadPoolExecutor.java:635) ~[na:na]
	at java.base/java.lang.Thread.run(Thread.java:842) ~[na:na]

2024-02-22T22:36:15.480+05:30  INFO 99627 --- [ool-21-thread-9] c.dws.challenge.service.TransferService  : compareBalance -1 
2024-02-22T22:36:15.480+05:30 ERROR 99627 --- [ool-21-thread-4] c.d.c.web.AccountsTransferController     : Exception occurs

com.dws.challenge.exception.InsufficientBalanceException: Insufficient Balance in account Account123
	at com.dws.challenge.service.TransferService.transferAmount(TransferService.java:21) ~[main/:na]
	at com.dws.challenge.web.AccountsTransferController.transferAmount(AccountsTransferController.java:65) ~[main/:na]
	at com.dws.challenge.ConcurrentTransferTest.lambda$concurrentTransferTest$0(ConcurrentTransferTest.java:77) ~[test/:na]
	at java.base/java.util.concurrent.ThreadPoolExecutor.runWorker(ThreadPoolExecutor.java:1136) ~[na:na]
	at java.base/java.util.concurrent.ThreadPoolExecutor$Worker.run(ThreadPoolExecutor.java:635) ~[na:na]
	at java.base/java.lang.Thread.run(Thread.java:842) ~[na:na]

2024-02-22T22:36:15.480+05:30  INFO 99627 --- [ol-21-thread-15] c.dws.challenge.service.TransferService  : compareBalance -1 
2024-02-22T22:36:15.480+05:30 ERROR 99627 --- [ool-21-thread-9] c.d.c.web.AccountsTransferController     : Exception occurs

com.dws.challenge.exception.InsufficientBalanceException: Insufficient Balance in account Account123
	at com.dws.challenge.service.TransferService.transferAmount(TransferService.java:21) ~[main/:na]
	at com.dws.challenge.web.AccountsTransferController.transferAmount(AccountsTransferController.java:65) ~[main/:na]
	at com.dws.challenge.ConcurrentTransferTest.lambda$concurrentTransferTest$0(ConcurrentTransferTest.java:77) ~[test/:na]
	at java.base/java.util.concurrent.ThreadPoolExecutor.runWorker(ThreadPoolExecutor.java:1136) ~[na:na]
	at java.base/java.util.concurrent.ThreadPoolExecutor$Worker.run(ThreadPoolExecutor.java:635) ~[na:na]
	at java.base/java.lang.Thread.run(Thread.java:842) ~[na:na]

2024-02-22T22:36:15.480+05:30  INFO 99627 --- [ol-21-thread-14] c.dws.challenge.service.TransferService  : compareBalance -1 
2024-02-22T22:36:15.480+05:30 ERROR 99627 --- [ol-21-thread-15] c.d.c.web.AccountsTransferController     : Exception occurs

com.dws.challenge.exception.InsufficientBalanceException: Insufficient Balance in account Account123
	at com.dws.challenge.service.TransferService.transferAmount(TransferService.java:21) ~[main/:na]
	at com.dws.challenge.web.AccountsTransferController.transferAmount(AccountsTransferController.java:65) ~[main/:na]
	at com.dws.challenge.ConcurrentTransferTest.lambda$concurrentTransferTest$0(ConcurrentTransferTest.java:77) ~[test/:na]
	at java.base/java.util.concurrent.ThreadPoolExecutor.runWorker(ThreadPoolExecutor.java:1136) ~[na:na]
	at java.base/java.util.concurrent.ThreadPoolExecutor$Worker.run(ThreadPoolExecutor.java:635) ~[na:na]
	at java.base/java.lang.Thread.run(Thread.java:842) ~[na:na]

2024-02-22T22:36:15.480+05:30  INFO 99627 --- [ool-21-thread-8] c.dws.challenge.service.TransferService  : compareBalance -1 
2024-02-22T22:36:15.480+05:30 ERROR 99627 --- [ol-21-thread-14] c.d.c.web.AccountsTransferController     : Exception occurs

com.dws.challenge.exception.InsufficientBalanceException: Insufficient Balance in account Account123
	at com.dws.challenge.service.TransferService.transferAmount(TransferService.java:21) ~[main/:na]
	at com.dws.challenge.web.AccountsTransferController.transferAmount(AccountsTransferController.java:65) ~[main/:na]
	at com.dws.challenge.ConcurrentTransferTest.lambda$concurrentTransferTest$0(ConcurrentTransferTest.java:77) ~[test/:na]
	at java.base/java.util.concurrent.ThreadPoolExecutor.runWorker(ThreadPoolExecutor.java:1136) ~[na:na]
	at java.base/java.util.concurrent.ThreadPoolExecutor$Worker.run(ThreadPoolExecutor.java:635) ~[na:na]
	at java.base/java.lang.Thread.run(Thread.java:842) ~[na:na]

2024-02-22T22:36:15.480+05:30  INFO 99627 --- [ol-21-thread-11] c.dws.challenge.service.TransferService  : compareBalance -1 
2024-02-22T22:36:15.480+05:30  INFO 99627 --- [ol-21-thread-13] c.dws.challenge.service.TransferService  : compareBalance -1 
2024-02-22T22:36:15.480+05:30 ERROR 99627 --- [ol-21-thread-11] c.d.c.web.AccountsTransferController     : Exception occurs

com.dws.challenge.exception.InsufficientBalanceException: Insufficient Balance in account Account123
	at com.dws.challenge.service.TransferService.transferAmount(TransferService.java:21) ~[main/:na]
	at com.dws.challenge.web.AccountsTransferController.transferAmount(AccountsTransferController.java:65) ~[main/:na]
	at com.dws.challenge.ConcurrentTransferTest.lambda$concurrentTransferTest$0(ConcurrentTransferTest.java:77) ~[test/:na]
	at java.base/java.util.concurrent.ThreadPoolExecutor.runWorker(ThreadPoolExecutor.java:1136) ~[na:na]
	at java.base/java.util.concurrent.ThreadPoolExecutor$Worker.run(ThreadPoolExecutor.java:635) ~[na:na]
	at java.base/java.lang.Thread.run(Thread.java:842) ~[na:na]

2024-02-22T22:36:15.480+05:30 ERROR 99627 --- [ool-21-thread-8] c.d.c.web.AccountsTransferController     : Exception occurs

com.dws.challenge.exception.InsufficientBalanceException: Insufficient Balance in account Account123
	at com.dws.challenge.service.TransferService.transferAmount(TransferService.java:21) ~[main/:na]
	at com.dws.challenge.web.AccountsTransferController.transferAmount(AccountsTransferController.java:65) ~[main/:na]
	at com.dws.challenge.ConcurrentTransferTest.lambda$concurrentTransferTest$0(ConcurrentTransferTest.java:77) ~[test/:na]
	at java.base/java.util.concurrent.ThreadPoolExecutor.runWorker(ThreadPoolExecutor.java:1136) ~[na:na]
	at java.base/java.util.concurrent.ThreadPoolExecutor$Worker.run(ThreadPoolExecutor.java:635) ~[na:na]
	at java.base/java.lang.Thread.run(Thread.java:842) ~[na:na]

2024-02-22T22:36:15.481+05:30  INFO 99627 --- [ool-21-thread-7] c.dws.challenge.service.TransferService  : compareBalance -1 
2024-02-22T22:36:15.481+05:30 ERROR 99627 --- [ol-21-thread-13] c.d.c.web.AccountsTransferController     : Exception occurs

com.dws.challenge.exception.InsufficientBalanceException: Insufficient Balance in account Account123
	at com.dws.challenge.service.TransferService.transferAmount(TransferService.java:21) ~[main/:na]
	at com.dws.challenge.web.AccountsTransferController.transferAmount(AccountsTransferController.java:65) ~[main/:na]
	at com.dws.challenge.ConcurrentTransferTest.lambda$concurrentTransferTest$0(ConcurrentTransferTest.java:77) ~[test/:na]
	at java.base/java.util.concurrent.ThreadPoolExecutor.runWorker(ThreadPoolExecutor.java:1136) ~[na:na]
	at java.base/java.util.concurrent.ThreadPoolExecutor$Worker.run(ThreadPoolExecutor.java:635) ~[na:na]
	at java.base/java.lang.Thread.run(Thread.java:842) ~[na:na]

2024-02-22T22:36:15.481+05:30  INFO 99627 --- [ool-21-thread-2] c.dws.challenge.service.TransferService  : compareBalance -1 
2024-02-22T22:36:15.481+05:30  INFO 99627 --- [ool-21-thread-3] c.dws.challenge.service.TransferService  : compareBalance -1 
2024-02-22T22:36:15.481+05:30 ERROR 99627 --- [ool-21-thread-7] c.d.c.web.AccountsTransferController     : Exception occurs

com.dws.challenge.exception.InsufficientBalanceException: Insufficient Balance in account Account123
	at com.dws.challenge.service.TransferService.transferAmount(TransferService.java:21) ~[main/:na]
	at com.dws.challenge.web.AccountsTransferController.transferAmount(AccountsTransferController.java:65) ~[main/:na]
	at com.dws.challenge.ConcurrentTransferTest.lambda$concurrentTransferTest$0(ConcurrentTransferTest.java:77) ~[test/:na]
	at java.base/java.util.concurrent.ThreadPoolExecutor.runWorker(ThreadPoolExecutor.java:1136) ~[na:na]
	at java.base/java.util.concurrent.ThreadPoolExecutor$Worker.run(ThreadPoolExecutor.java:635) ~[na:na]
	at java.base/java.lang.Thread.run(Thread.java:842) ~[na:na]

2024-02-22T22:36:15.481+05:30 ERROR 99627 --- [ool-21-thread-2] c.d.c.web.AccountsTransferController     : Exception occurs

com.dws.challenge.exception.InsufficientBalanceException: Insufficient Balance in account Account123
	at com.dws.challenge.service.TransferService.transferAmount(TransferService.java:21) ~[main/:na]
	at com.dws.challenge.web.AccountsTransferController.transferAmount(AccountsTransferController.java:65) ~[main/:na]
	at com.dws.challenge.ConcurrentTransferTest.lambda$concurrentTransferTest$0(ConcurrentTransferTest.java:77) ~[test/:na]
	at java.base/java.util.concurrent.ThreadPoolExecutor.runWorker(ThreadPoolExecutor.java:1136) ~[na:na]
	at java.base/java.util.concurrent.ThreadPoolExecutor$Worker.run(ThreadPoolExecutor.java:635) ~[na:na]
	at java.base/java.lang.Thread.run(Thread.java:842) ~[na:na]

2024-02-22T22:36:15.481+05:30 ERROR 99627 --- [ool-21-thread-3] c.d.c.web.AccountsTransferController     : Exception occurs

com.dws.challenge.exception.InsufficientBalanceException: Insufficient Balance in account Account123
	at com.dws.challenge.service.TransferService.transferAmount(TransferService.java:21) ~[main/:na]
	at com.dws.challenge.web.AccountsTransferController.transferAmount(AccountsTransferController.java:65) ~[main/:na]
	at com.dws.challenge.ConcurrentTransferTest.lambda$concurrentTransferTest$0(ConcurrentTransferTest.java:77) ~[test/:na]
	at java.base/java.util.concurrent.ThreadPoolExecutor.runWorker(ThreadPoolExecutor.java:1136) ~[na:na]
	at java.base/java.util.concurrent.ThreadPoolExecutor$Worker.run(ThreadPoolExecutor.java:635) ~[na:na]
	at java.base/java.lang.Thread.run(Thread.java:842) ~[na:na]

]]></system-out>
  <system-err><![CDATA[]]></system-err>
</testsuite>
