<?xml version="1.0" encoding="UTF-8"?>
<testsuite name="com.dws.challenge.AccountsControllerTest" tests="8" skipped="0" failures="0" errors="0" timestamp="2024-02-22T12:53:38" hostname="shailendras-MacBook-Pro.local" time="0.994">
  <properties/>
  <testcase name="createDuplicateAccount()" classname="com.dws.challenge.AccountsControllerTest" time="0.879"/>
  <testcase name="getAccount()" classname="com.dws.challenge.AccountsControllerTest" time="0.026"/>
  <testcase name="createAccountNegativeBalance()" classname="com.dws.challenge.AccountsControllerTest" time="0.005"/>
  <testcase name="createAccountEmptyAccountId()" classname="com.dws.challenge.AccountsControllerTest" time="0.004"/>
  <testcase name="createAccountNoBody()" classname="com.dws.challenge.AccountsControllerTest" time="0.006"/>
  <testcase name="createAccount()" classname="com.dws.challenge.AccountsControllerTest" time="0.055"/>
  <testcase name="createAccountNoAccountId()" classname="com.dws.challenge.AccountsControllerTest" time="0.005"/>
  <testcase name="createAccountNoBalance()" classname="com.dws.challenge.AccountsControllerTest" time="0.005"/>
  <system-out><![CDATA[18:23:37.551 [Test worker] INFO org.springframework.test.context.support.AnnotationConfigContextLoaderUtils -- Could not detect default configuration classes for test class [com.dws.challenge.AccountsControllerTest]: AccountsControllerTest does not declare any static, non-private, non-final, nested classes annotated with @Configuration.
18:23:37.644 [Test worker] INFO org.springframework.boot.test.context.SpringBootTestContextBootstrapper -- Found @SpringBootConfiguration com.dws.challenge.ChallengeApplication for test class com.dws.challenge.AccountsControllerTest

  .   ____          _            __ _ _
 /\\ / ___'_ __ _ _(_)_ __  __ _ \ \ \ \
( ( )\___ | '_ | '_| | '_ \/ _` | \ \ \ \
 \\/  ___)| |_)| | | | | || (_| |  ) ) ) )
  '  |____| .__|_| |_|_| |_\__, | / / / /
 =========|_|==============|___/=/_/_/_/
 :: Spring Boot ::                (v3.2.2)

2024-02-22T18:23:37.973+05:30  INFO 11235 --- [    Test worker] c.dws.challenge.AccountsControllerTest   : Starting AccountsControllerTest using Java 17.0.10 with PID 11235 (started by shailendra in /Users/shailendra/Documents/PersonalDoc/MyWork/luxoft/challenge)
2024-02-22T18:23:37.975+05:30  INFO 11235 --- [    Test worker] c.dws.challenge.AccountsControllerTest   : No active profile set, falling back to 1 default profile: "default"
2024-02-22T18:23:38.887+05:30  INFO 11235 --- [    Test worker] c.dws.challenge.AccountsControllerTest   : Started AccountsControllerTest in 1.105 seconds (process running for 2.039)
2024-02-22T18:23:39.631+05:30  INFO 11235 --- [    Test worker] o.s.b.t.m.w.SpringBootMockServletContext : Initializing Spring TestDispatcherServlet ''
2024-02-22T18:23:39.631+05:30  INFO 11235 --- [    Test worker] o.s.t.web.servlet.TestDispatcherServlet  : Initializing Servlet ''
2024-02-22T18:23:39.633+05:30  INFO 11235 --- [    Test worker] o.s.t.web.servlet.TestDispatcherServlet  : Completed initialization in 0 ms
2024-02-22T18:23:39.757+05:30  INFO 11235 --- [    Test worker] c.dws.challenge.web.AccountsController   : Creating account com.dws.challenge.domain.Account@84f51d9
2024-02-22T18:23:39.771+05:30  INFO 11235 --- [    Test worker] c.dws.challenge.web.AccountsController   : Creating account com.dws.challenge.domain.Account@7a2a7492
2024-02-22T18:23:39.785+05:30  INFO 11235 --- [    Test worker] o.s.b.t.m.w.SpringBootMockServletContext : Initializing Spring TestDispatcherServlet ''
2024-02-22T18:23:39.785+05:30  INFO 11235 --- [    Test worker] o.s.t.web.servlet.TestDispatcherServlet  : Initializing Servlet ''
2024-02-22T18:23:39.786+05:30  INFO 11235 --- [    Test worker] o.s.t.web.servlet.TestDispatcherServlet  : Completed initialization in 0 ms
2024-02-22T18:23:39.788+05:30  INFO 11235 --- [    Test worker] c.dws.challenge.web.AccountsController   : Retrieving account for id Id-1708606419786
2024-02-22T18:23:39.812+05:30  INFO 11235 --- [    Test worker] o.s.b.t.m.w.SpringBootMockServletContext : Initializing Spring TestDispatcherServlet ''
2024-02-22T18:23:39.812+05:30  INFO 11235 --- [    Test worker] o.s.t.web.servlet.TestDispatcherServlet  : Initializing Servlet ''
2024-02-22T18:23:39.812+05:30  INFO 11235 --- [    Test worker] o.s.t.web.servlet.TestDispatcherServlet  : Completed initialization in 0 ms
2024-02-22T18:23:39.814+05:30  INFO 11235 --- [    Test worker] c.dws.challenge.web.AccountsController   : Creating account com.dws.challenge.domain.Account@6b126187
2024-02-22T18:23:39.817+05:30  INFO 11235 --- [    Test worker] o.s.b.t.m.w.SpringBootMockServletContext : Initializing Spring TestDispatcherServlet ''
2024-02-22T18:23:39.817+05:30  INFO 11235 --- [    Test worker] o.s.t.web.servlet.TestDispatcherServlet  : Initializing Servlet ''
2024-02-22T18:23:39.818+05:30  INFO 11235 --- [    Test worker] o.s.t.web.servlet.TestDispatcherServlet  : Completed initialization in 1 ms
2024-02-22T18:23:39.819+05:30  INFO 11235 --- [    Test worker] c.dws.challenge.web.AccountsController   : Creating account com.dws.challenge.domain.Account@5cffec7
2024-02-22T18:23:39.823+05:30  INFO 11235 --- [    Test worker] o.s.b.t.m.w.SpringBootMockServletContext : Initializing Spring TestDispatcherServlet ''
2024-02-22T18:23:39.823+05:30  INFO 11235 --- [    Test worker] o.s.t.web.servlet.TestDispatcherServlet  : Initializing Servlet ''
2024-02-22T18:23:39.824+05:30  INFO 11235 --- [    Test worker] o.s.t.web.servlet.TestDispatcherServlet  : Completed initialization in 0 ms
2024-02-22T18:23:39.827+05:30  WARN 11235 --- [    Test worker] .w.s.m.s.DefaultHandlerExceptionResolver : Resolved [org.springframework.http.converter.HttpMessageNotReadableException: Required request body is missing: public org.springframework.http.ResponseEntity<java.lang.Object> com.dws.challenge.web.AccountsController.createAccount(com.dws.challenge.domain.Account)]
2024-02-22T18:23:39.831+05:30  INFO 11235 --- [    Test worker] o.s.b.t.m.w.SpringBootMockServletContext : Initializing Spring TestDispatcherServlet ''
2024-02-22T18:23:39.832+05:30  INFO 11235 --- [    Test worker] o.s.t.web.servlet.TestDispatcherServlet  : Initializing Servlet ''
2024-02-22T18:23:39.832+05:30  INFO 11235 --- [    Test worker] o.s.t.web.servlet.TestDispatcherServlet  : Completed initialization in 0 ms
2024-02-22T18:23:39.833+05:30  INFO 11235 --- [    Test worker] c.dws.challenge.web.AccountsController   : Creating account com.dws.challenge.domain.Account@521ba38f
2024-02-22T18:23:39.888+05:30  INFO 11235 --- [    Test worker] o.s.b.t.m.w.SpringBootMockServletContext : Initializing Spring TestDispatcherServlet ''
2024-02-22T18:23:39.888+05:30  INFO 11235 --- [    Test worker] o.s.t.web.servlet.TestDispatcherServlet  : Initializing Servlet ''
2024-02-22T18:23:39.889+05:30  INFO 11235 --- [    Test worker] o.s.t.web.servlet.TestDispatcherServlet  : Completed initialization in 1 ms
2024-02-22T18:23:39.890+05:30  INFO 11235 --- [    Test worker] c.dws.challenge.web.AccountsController   : Creating account com.dws.challenge.domain.Account@1e477944
2024-02-22T18:23:39.894+05:30  INFO 11235 --- [    Test worker] o.s.b.t.m.w.SpringBootMockServletContext : Initializing Spring TestDispatcherServlet ''
2024-02-22T18:23:39.894+05:30  INFO 11235 --- [    Test worker] o.s.t.web.servlet.TestDispatcherServlet  : Initializing Servlet ''
2024-02-22T18:23:39.895+05:30  INFO 11235 --- [    Test worker] o.s.t.web.servlet.TestDispatcherServlet  : Completed initialization in 1 ms
2024-02-22T18:23:39.896+05:30  INFO 11235 --- [    Test worker] c.dws.challenge.web.AccountsController   : Creating account com.dws.challenge.domain.Account@1c92a549
]]></system-out>
  <system-err><![CDATA[]]></system-err>
</testsuite>
