<?xml version="1.0" encoding="UTF-8"?>
<testsuite name="com.dws.challenge.TransferServiceTest" tests="2" skipped="0" failures="0" errors="0" timestamp="2024-02-22T12:53:40" hostname="shailendras-MacBook-Pro.local" time="0.007">
  <properties/>
  <testcase name="transferAmountTest()" classname="com.dws.challenge.TransferServiceTest" time="0.002"/>
  <testcase name="transferAmount_InsufficientBalance_Test()" classname="com.dws.challenge.TransferServiceTest" time="0.004"/>
  <system-out><![CDATA[2024-02-22T18:23:40.777+05:30  INFO 11235 --- [    Test worker] t.c.s.AnnotationConfigContextLoaderUtils : Could not detect default configuration classes for test class [com.dws.challenge.TransferServiceTest]: TransferServiceTest does not declare any static, non-private, non-final, nested classes annotated with @Configuration.
2024-02-22T18:23:40.779+05:30  INFO 11235 --- [    Test worker] .b.t.c.SpringBootTestContextBootstrapper : Found @SpringBootConfiguration com.dws.challenge.ChallengeApplication for test class com.dws.challenge.TransferServiceTest
2024-02-22T18:23:40.784+05:30  INFO 11235 --- [    Test worker] c.dws.challenge.service.TransferService  : compareBalance 0 
2024-02-22T18:23:40.788+05:30  INFO 11235 --- [    Test worker] c.dws.challenge.service.TransferService  : compareBalance -1 
]]></system-out>
  <system-err><![CDATA[]]></system-err>
</testsuite>
