<?xml version="1.0" encoding="UTF-8"?>
<testsuite name="com.dws.challenge.ConcurrentTransferTest" tests="20" skipped="0" failures="0" errors="0" timestamp="2024-02-22T16:50:18" hostname="shailendras-MacBook-Pro.local" time="0.675">
  <properties/>
  <testcase name="repetition 1 of 20" classname="com.dws.challenge.ConcurrentTransferTest" time="0.173"/>
  <testcase name="repetition 2 of 20" classname="com.dws.challenge.ConcurrentTransferTest" time="0.037"/>
  <testcase name="repetition 3 of 20" classname="com.dws.challenge.ConcurrentTransferTest" time="0.03"/>
  <testcase name="repetition 4 of 20" classname="com.dws.challenge.ConcurrentTransferTest" time="0.03"/>
  <testcase name="repetition 5 of 20" classname="com.dws.challenge.ConcurrentTransferTest" time="0.029"/>
  <testcase name="repetition 6 of 20" classname="com.dws.challenge.ConcurrentTransferTest" time="0.021"/>
  <testcase name="repetition 7 of 20" classname="com.dws.challenge.ConcurrentTransferTest" time="0.02"/>
  <testcase name="repetition 8 of 20" classname="com.dws.challenge.ConcurrentTransferTest" time="0.02"/>
  <testcase name="repetition 9 of 20" classname="com.dws.challenge.ConcurrentTransferTest" time="0.022"/>
  <testcase name="repetition 10 of 20" classname="com.dws.challenge.ConcurrentTransferTest" time="0.021"/>
  <testcase name="repetition 11 of 20" classname="com.dws.challenge.ConcurrentTransferTest" time="0.02"/>
  <testcase name="repetition 12 of 20" classname="com.dws.challenge.ConcurrentTransferTest" time="0.019"/>
  <testcase name="repetition 13 of 20" classname="com.dws.challenge.ConcurrentTransferTest" time="0.024"/>
  <testcase name="repetition 14 of 20" classname="com.dws.challenge.ConcurrentTransferTest" time="0.025"/>
  <testcase name="repetition 15 of 20" classname="com.dws.challenge.ConcurrentTransferTest" time="0.025"/>
  <testcase name="repetition 16 of 20" classname="com.dws.challenge.ConcurrentTransferTest" time="0.033"/>
  <testcase name="repetition 17 of 20" classname="com.dws.challenge.ConcurrentTransferTest" time="0.025"/>
  <testcase name="repetition 18 of 20" classname="com.dws.challenge.ConcurrentTransferTest" time="0.023"/>
  <testcase name="repetition 19 of 20" classname="com.dws.challenge.ConcurrentTransferTest" time="0.027"/>
  <testcase name="repetition 20 of 20" classname="com.dws.challenge.ConcurrentTransferTest" time="0.018"/>
  <system-out><![CDATA[22:20:16.154 [Test worker] INFO org.springframework.test.context.support.AnnotationConfigContextLoaderUtils -- Could not detect default configuration classes for test class [com.dws.challenge.ConcurrentTransferTest]: ConcurrentTransferTest does not declare any static, non-private, non-final, nested classes annotated with @Configuration.
22:20:16.290 [Test worker] INFO org.springframework.boot.test.context.SpringBootTestContextBootstrapper -- Found @SpringBootConfiguration com.dws.challenge.ChallengeApplication for test class com.dws.challenge.ConcurrentTransferTest

  .   ____          _            __ _ _
 /\\ / ___'_ __ _ _(_)_ __  __ _ \ \ \ \
( ( )\___ | '_ | '_| | '_ \/ _` | \ \ \ \
 \\/  ___)| |_)| | | | | || (_| |  ) ) ) )
  '  |____| .__|_| |_|_| |_\__, | / / / /
 =========|_|==============|___/=/_/_/_/
 :: Spring Boot ::                (v3.2.2)

2024-02-22T22:20:16.697+05:30  INFO 89386 --- [    Test worker] c.dws.challenge.ConcurrentTransferTest   : Starting ConcurrentTransferTest using Java 17.0.10 with PID 89386 (started by shailendra in /Users/shailendra/Documents/PersonalDoc/MyWork/mygithubwork/challenge)
2024-02-22T22:20:16.698+05:30  INFO 89386 --- [    Test worker] c.dws.challenge.ConcurrentTransferTest   : No active profile set, falling back to 1 default profile: "default"
2024-02-22T22:20:17.769+05:30  INFO 89386 --- [    Test worker] c.dws.challenge.ConcurrentTransferTest   : Started ConcurrentTransferTest in 1.314 seconds (process running for 2.454)
2024-02-22T22:20:18.706+05:30  INFO 89386 --- [pool-2-thread-8] c.d.c.web.AccountsTransferController     : Transfer Amount  Transfer(accountFrom=Account123, accountTo=Account124, amount=1000)
2024-02-22T22:20:18.706+05:30  INFO 89386 --- [ool-2-thread-13] c.d.c.web.AccountsTransferController     : Transfer Amount  Transfer(accountFrom=Account123, accountTo=Account124, amount=1000)
2024-02-22T22:20:18.706+05:30  INFO 89386 --- [pool-2-thread-5] c.d.c.web.AccountsTransferController     : Transfer Amount  Transfer(accountFrom=Account123, accountTo=Account124, amount=1000)
2024-02-22T22:20:18.706+05:30  INFO 89386 --- [pool-2-thread-9] c.d.c.web.AccountsTransferController     : Transfer Amount  Transfer(accountFrom=Account123, accountTo=Account124, amount=1000)
2024-02-22T22:20:18.706+05:30  INFO 89386 --- [ool-2-thread-16] c.d.c.web.AccountsTransferController     : Transfer Amount  Transfer(accountFrom=Account123, accountTo=Account124, amount=1000)
2024-02-22T22:20:18.706+05:30  INFO 89386 --- [ool-2-thread-19] c.d.c.web.AccountsTransferController     : Transfer Amount  Transfer(accountFrom=Account123, accountTo=Account124, amount=1000)
2024-02-22T22:20:18.706+05:30  INFO 89386 --- [ool-2-thread-17] c.d.c.web.AccountsTransferController     : Transfer Amount  Transfer(accountFrom=Account123, accountTo=Account124, amount=1000)
2024-02-22T22:20:18.706+05:30  INFO 89386 --- [ool-2-thread-14] c.d.c.web.AccountsTransferController     : Transfer Amount  Transfer(accountFrom=Account123, accountTo=Account124, amount=1000)
2024-02-22T22:20:18.705+05:30  INFO 89386 --- [pool-2-thread-3] c.d.c.web.AccountsTransferController     : Transfer Amount  Transfer(accountFrom=Account123, accountTo=Account124, amount=1000)
2024-02-22T22:20:18.706+05:30  INFO 89386 --- [ool-2-thread-11] c.d.c.web.AccountsTransferController     : Transfer Amount  Transfer(accountFrom=Account123, accountTo=Account124, amount=1000)
2024-02-22T22:20:18.706+05:30  INFO 89386 --- [ool-2-thread-10] c.d.c.web.AccountsTransferController     : Transfer Amount  Transfer(accountFrom=Account123, accountTo=Account124, amount=1000)
2024-02-22T22:20:18.705+05:30  INFO 89386 --- [ool-2-thread-20] c.d.c.web.AccountsTransferController     : Transfer Amount  Transfer(accountFrom=Account123, accountTo=Account124, amount=1000)
2024-02-22T22:20:18.705+05:30  INFO 89386 --- [pool-2-thread-1] c.d.c.web.AccountsTransferController     : Transfer Amount  Transfer(accountFrom=Account123, accountTo=Account124, amount=1000)
2024-02-22T22:20:18.705+05:30  INFO 89386 --- [pool-2-thread-2] c.d.c.web.AccountsTransferController     : Transfer Amount  Transfer(accountFrom=Account123, accountTo=Account124, amount=1000)
2024-02-22T22:20:18.706+05:30  INFO 89386 --- [pool-2-thread-4] c.d.c.web.AccountsTransferController     : Transfer Amount  Transfer(accountFrom=Account123, accountTo=Account124, amount=1000)
2024-02-22T22:20:18.706+05:30  INFO 89386 --- [pool-2-thread-7] c.d.c.web.AccountsTransferController     : Transfer Amount  Transfer(accountFrom=Account123, accountTo=Account124, amount=1000)
2024-02-22T22:20:18.706+05:30  INFO 89386 --- [ool-2-thread-15] c.d.c.web.AccountsTransferController     : Transfer Amount  Transfer(accountFrom=Account123, accountTo=Account124, amount=1000)
2024-02-22T22:20:18.706+05:30  INFO 89386 --- [ool-2-thread-18] c.d.c.web.AccountsTransferController     : Transfer Amount  Transfer(accountFrom=Account123, accountTo=Account124, amount=1000)
2024-02-22T22:20:18.706+05:30  INFO 89386 --- [pool-2-thread-6] c.d.c.web.AccountsTransferController     : Transfer Amount  Transfer(accountFrom=Account123, accountTo=Account124, amount=1000)
2024-02-22T22:20:18.706+05:30  INFO 89386 --- [ool-2-thread-12] c.d.c.web.AccountsTransferController     : Transfer Amount  Transfer(accountFrom=Account123, accountTo=Account124, amount=1000)
2024-02-22T22:20:18.709+05:30  INFO 89386 --- [pool-2-thread-8] c.dws.challenge.service.TransferService  : compareBalance 0 
2024-02-22T22:20:18.722+05:30  INFO 89386 --- [pool-2-thread-8] c.d.c.web.AccountsTransferController     : notification sent successfully
2024-02-22T22:20:18.722+05:30  INFO 89386 --- [ool-2-thread-12] c.dws.challenge.service.TransferService  : compareBalance -1 
2024-02-22T22:20:18.723+05:30  INFO 89386 --- [pool-2-thread-6] c.dws.challenge.service.TransferService  : compareBalance -1 
2024-02-22T22:20:18.723+05:30  INFO 89386 --- [ool-2-thread-18] c.dws.challenge.service.TransferService  : compareBalance -1 
2024-02-22T22:20:18.724+05:30  INFO 89386 --- [ool-2-thread-15] c.dws.challenge.service.TransferService  : compareBalance -1 
2024-02-22T22:20:18.724+05:30  INFO 89386 --- [pool-2-thread-7] c.dws.challenge.service.TransferService  : compareBalance -1 
2024-02-22T22:20:18.724+05:30  INFO 89386 --- [pool-2-thread-4] c.dws.challenge.service.TransferService  : compareBalance -1 
2024-02-22T22:20:18.725+05:30  INFO 89386 --- [pool-2-thread-2] c.dws.challenge.service.TransferService  : compareBalance -1 
2024-02-22T22:20:18.725+05:30  INFO 89386 --- [pool-2-thread-1] c.dws.challenge.service.TransferService  : compareBalance -1 
2024-02-22T22:20:18.726+05:30  INFO 89386 --- [ool-2-thread-20] c.dws.challenge.service.TransferService  : compareBalance -1 
2024-02-22T22:20:18.726+05:30  INFO 89386 --- [ool-2-thread-10] c.dws.challenge.service.TransferService  : compareBalance -1 
2024-02-22T22:20:18.727+05:30  INFO 89386 --- [ool-2-thread-11] c.dws.challenge.service.TransferService  : compareBalance -1 
2024-02-22T22:20:18.727+05:30  INFO 89386 --- [pool-2-thread-3] c.dws.challenge.service.TransferService  : compareBalance -1 
2024-02-22T22:20:18.727+05:30  INFO 89386 --- [ool-2-thread-14] c.dws.challenge.service.TransferService  : compareBalance -1 
2024-02-22T22:20:18.728+05:30  INFO 89386 --- [ool-2-thread-17] c.dws.challenge.service.TransferService  : compareBalance -1 
2024-02-22T22:20:18.723+05:30 ERROR 89386 --- [pool-2-thread-6] c.d.c.web.AccountsTransferController     : Exception occurs

com.dws.challenge.exception.InsufficientBalanceException: Insufficient Balance in account Account123
	at com.dws.challenge.service.TransferService.transferAmount(TransferService.java:21) ~[main/:na]
	at com.dws.challenge.web.AccountsTransferController.transferAmount(AccountsTransferController.java:64) ~[main/:na]
	at com.dws.challenge.ConcurrentTransferTest.lambda$concurrentTransferTest$0(ConcurrentTransferTest.java:77) ~[test/:na]
	at java.base/java.util.concurrent.ThreadPoolExecutor.runWorker(ThreadPoolExecutor.java:1136) ~[na:na]
	at java.base/java.util.concurrent.ThreadPoolExecutor$Worker.run(ThreadPoolExecutor.java:635) ~[na:na]
	at java.base/java.lang.Thread.run(Thread.java:842) ~[na:na]

2024-02-22T22:20:18.725+05:30 ERROR 89386 --- [pool-2-thread-2] c.d.c.web.AccountsTransferController     : Exception occurs

com.dws.challenge.exception.InsufficientBalanceException: Insufficient Balance in account Account123
	at com.dws.challenge.service.TransferService.transferAmount(TransferService.java:21) ~[main/:na]
	at com.dws.challenge.web.AccountsTransferController.transferAmount(AccountsTransferController.java:64) ~[main/:na]
	at com.dws.challenge.ConcurrentTransferTest.lambda$concurrentTransferTest$0(ConcurrentTransferTest.java:77) ~[test/:na]
	at java.base/java.util.concurrent.ThreadPoolExecutor.runWorker(ThreadPoolExecutor.java:1136) ~[na:na]
	at java.base/java.util.concurrent.ThreadPoolExecutor$Worker.run(ThreadPoolExecutor.java:635) ~[na:na]
	at java.base/java.lang.Thread.run(Thread.java:842) ~[na:na]

2024-02-22T22:20:18.724+05:30 ERROR 89386 --- [ool-2-thread-15] c.d.c.web.AccountsTransferController     : Exception occurs

com.dws.challenge.exception.InsufficientBalanceException: Insufficient Balance in account Account123
	at com.dws.challenge.service.TransferService.transferAmount(TransferService.java:21) ~[main/:na]
	at com.dws.challenge.web.AccountsTransferController.transferAmount(AccountsTransferController.java:64) ~[main/:na]
	at com.dws.challenge.ConcurrentTransferTest.lambda$concurrentTransferTest$0(ConcurrentTransferTest.java:77) ~[test/:na]
	at java.base/java.util.concurrent.ThreadPoolExecutor.runWorker(ThreadPoolExecutor.java:1136) ~[na:na]
	at java.base/java.util.concurrent.ThreadPoolExecutor$Worker.run(ThreadPoolExecutor.java:635) ~[na:na]
	at java.base/java.lang.Thread.run(Thread.java:842) ~[na:na]

2024-02-22T22:20:18.724+05:30 ERROR 89386 --- [ool-2-thread-18] c.d.c.web.AccountsTransferController     : Exception occurs

com.dws.challenge.exception.InsufficientBalanceException: Insufficient Balance in account Account123
	at com.dws.challenge.service.TransferService.transferAmount(TransferService.java:21) ~[main/:na]
	at com.dws.challenge.web.AccountsTransferController.transferAmount(AccountsTransferController.java:64) ~[main/:na]
	at com.dws.challenge.ConcurrentTransferTest.lambda$concurrentTransferTest$0(ConcurrentTransferTest.java:77) ~[test/:na]
	at java.base/java.util.concurrent.ThreadPoolExecutor.runWorker(ThreadPoolExecutor.java:1136) ~[na:na]
	at java.base/java.util.concurrent.ThreadPoolExecutor$Worker.run(ThreadPoolExecutor.java:635) ~[na:na]
	at java.base/java.lang.Thread.run(Thread.java:842) ~[na:na]

2024-02-22T22:20:18.725+05:30 ERROR 89386 --- [pool-2-thread-4] c.d.c.web.AccountsTransferController     : Exception occurs

com.dws.challenge.exception.InsufficientBalanceException: Insufficient Balance in account Account123
	at com.dws.challenge.service.TransferService.transferAmount(TransferService.java:21) ~[main/:na]
	at com.dws.challenge.web.AccountsTransferController.transferAmount(AccountsTransferController.java:64) ~[main/:na]
	at com.dws.challenge.ConcurrentTransferTest.lambda$concurrentTransferTest$0(ConcurrentTransferTest.java:77) ~[test/:na]
	at java.base/java.util.concurrent.ThreadPoolExecutor.runWorker(ThreadPoolExecutor.java:1136) ~[na:na]
	at java.base/java.util.concurrent.ThreadPoolExecutor$Worker.run(ThreadPoolExecutor.java:635) ~[na:na]
	at java.base/java.lang.Thread.run(Thread.java:842) ~[na:na]

2024-02-22T22:20:18.726+05:30 ERROR 89386 --- [ool-2-thread-20] c.d.c.web.AccountsTransferController     : Exception occurs

com.dws.challenge.exception.InsufficientBalanceException: Insufficient Balance in account Account123
	at com.dws.challenge.service.TransferService.transferAmount(TransferService.java:21) ~[main/:na]
	at com.dws.challenge.web.AccountsTransferController.transferAmount(AccountsTransferController.java:64) ~[main/:na]
	at com.dws.challenge.ConcurrentTransferTest.lambda$concurrentTransferTest$0(ConcurrentTransferTest.java:77) ~[test/:na]
	at java.base/java.util.concurrent.ThreadPoolExecutor.runWorker(ThreadPoolExecutor.java:1136) ~[na:na]
	at java.base/java.util.concurrent.ThreadPoolExecutor$Worker.run(ThreadPoolExecutor.java:635) ~[na:na]
	at java.base/java.lang.Thread.run(Thread.java:842) ~[na:na]

2024-02-22T22:20:18.727+05:30 ERROR 89386 --- [pool-2-thread-3] c.d.c.web.AccountsTransferController     : Exception occurs

com.dws.challenge.exception.InsufficientBalanceException: Insufficient Balance in account Account123
	at com.dws.challenge.service.TransferService.transferAmount(TransferService.java:21) ~[main/:na]
	at com.dws.challenge.web.AccountsTransferController.transferAmount(AccountsTransferController.java:64) ~[main/:na]
	at com.dws.challenge.ConcurrentTransferTest.lambda$concurrentTransferTest$0(ConcurrentTransferTest.java:77) ~[test/:na]
	at java.base/java.util.concurrent.ThreadPoolExecutor.runWorker(ThreadPoolExecutor.java:1136) ~[na:na]
	at java.base/java.util.concurrent.ThreadPoolExecutor$Worker.run(ThreadPoolExecutor.java:635) ~[na:na]
	at java.base/java.lang.Thread.run(Thread.java:842) ~[na:na]

2024-02-22T22:20:18.729+05:30  INFO 89386 --- [ool-2-thread-19] c.dws.challenge.service.TransferService  : compareBalance -1 
2024-02-22T22:20:18.724+05:30 ERROR 89386 --- [pool-2-thread-7] c.d.c.web.AccountsTransferController     : Exception occurs

com.dws.challenge.exception.InsufficientBalanceException: Insufficient Balance in account Account123
	at com.dws.challenge.service.TransferService.transferAmount(TransferService.java:21) ~[main/:na]
	at com.dws.challenge.web.AccountsTransferController.transferAmount(AccountsTransferController.java:64) ~[main/:na]
	at com.dws.challenge.ConcurrentTransferTest.lambda$concurrentTransferTest$0(ConcurrentTransferTest.java:77) ~[test/:na]
	at java.base/java.util.concurrent.ThreadPoolExecutor.runWorker(ThreadPoolExecutor.java:1136) ~[na:na]
	at java.base/java.util.concurrent.ThreadPoolExecutor$Worker.run(ThreadPoolExecutor.java:635) ~[na:na]
	at java.base/java.lang.Thread.run(Thread.java:842) ~[na:na]

2024-02-22T22:20:18.727+05:30 ERROR 89386 --- [ool-2-thread-11] c.d.c.web.AccountsTransferController     : Exception occurs

com.dws.challenge.exception.InsufficientBalanceException: Insufficient Balance in account Account123
	at com.dws.challenge.service.TransferService.transferAmount(TransferService.java:21) ~[main/:na]
	at com.dws.challenge.web.AccountsTransferController.transferAmount(AccountsTransferController.java:64) ~[main/:na]
	at com.dws.challenge.ConcurrentTransferTest.lambda$concurrentTransferTest$0(ConcurrentTransferTest.java:77) ~[test/:na]
	at java.base/java.util.concurrent.ThreadPoolExecutor.runWorker(ThreadPoolExecutor.java:1136) ~[na:na]
	at java.base/java.util.concurrent.ThreadPoolExecutor$Worker.run(ThreadPoolExecutor.java:635) ~[na:na]
	at java.base/java.lang.Thread.run(Thread.java:842) ~[na:na]

2024-02-22T22:20:18.723+05:30 ERROR 89386 --- [ool-2-thread-12] c.d.c.web.AccountsTransferController     : Exception occurs

com.dws.challenge.exception.InsufficientBalanceException: Insufficient Balance in account Account123
	at com.dws.challenge.service.TransferService.transferAmount(TransferService.java:21) ~[main/:na]
	at com.dws.challenge.web.AccountsTransferController.transferAmount(AccountsTransferController.java:64) ~[main/:na]
	at com.dws.challenge.ConcurrentTransferTest.lambda$concurrentTransferTest$0(ConcurrentTransferTest.java:77) ~[test/:na]
	at java.base/java.util.concurrent.ThreadPoolExecutor.runWorker(ThreadPoolExecutor.java:1136) ~[na:na]
	at java.base/java.util.concurrent.ThreadPoolExecutor$Worker.run(ThreadPoolExecutor.java:635) ~[na:na]
	at java.base/java.lang.Thread.run(Thread.java:842) ~[na:na]

2024-02-22T22:20:18.728+05:30 ERROR 89386 --- [ool-2-thread-14] c.d.c.web.AccountsTransferController     : Exception occurs

com.dws.challenge.exception.InsufficientBalanceException: Insufficient Balance in account Account123
	at com.dws.challenge.service.TransferService.transferAmount(TransferService.java:21) ~[main/:na]
	at com.dws.challenge.web.AccountsTransferController.transferAmount(AccountsTransferController.java:64) ~[main/:na]
	at com.dws.challenge.ConcurrentTransferTest.lambda$concurrentTransferTest$0(ConcurrentTransferTest.java:77) ~[test/:na]
	at java.base/java.util.concurrent.ThreadPoolExecutor.runWorker(ThreadPoolExecutor.java:1136) ~[na:na]
	at java.base/java.util.concurrent.ThreadPoolExecutor$Worker.run(ThreadPoolExecutor.java:635) ~[na:na]
	at java.base/java.lang.Thread.run(Thread.java:842) ~[na:na]

2024-02-22T22:20:18.728+05:30 ERROR 89386 --- [ool-2-thread-17] c.d.c.web.AccountsTransferController     : Exception occurs

com.dws.challenge.exception.InsufficientBalanceException: Insufficient Balance in account Account123
	at com.dws.challenge.service.TransferService.transferAmount(TransferService.java:21) ~[main/:na]
	at com.dws.challenge.web.AccountsTransferController.transferAmount(AccountsTransferController.java:64) ~[main/:na]
	at com.dws.challenge.ConcurrentTransferTest.lambda$concurrentTransferTest$0(ConcurrentTransferTest.java:77) ~[test/:na]
	at java.base/java.util.concurrent.ThreadPoolExecutor.runWorker(ThreadPoolExecutor.java:1136) ~[na:na]
	at java.base/java.util.concurrent.ThreadPoolExecutor$Worker.run(ThreadPoolExecutor.java:635) ~[na:na]
	at java.base/java.lang.Thread.run(Thread.java:842) ~[na:na]

2024-02-22T22:20:18.726+05:30 ERROR 89386 --- [ool-2-thread-10] c.d.c.web.AccountsTransferController     : Exception occurs

com.dws.challenge.exception.InsufficientBalanceException: Insufficient Balance in account Account123
	at com.dws.challenge.service.TransferService.transferAmount(TransferService.java:21) ~[main/:na]
	at com.dws.challenge.web.AccountsTransferController.transferAmount(AccountsTransferController.java:64) ~[main/:na]
	at com.dws.challenge.ConcurrentTransferTest.lambda$concurrentTransferTest$0(ConcurrentTransferTest.java:77) ~[test/:na]
	at java.base/java.util.concurrent.ThreadPoolExecutor.runWorker(ThreadPoolExecutor.java:1136) ~[na:na]
	at java.base/java.util.concurrent.ThreadPoolExecutor$Worker.run(ThreadPoolExecutor.java:635) ~[na:na]
	at java.base/java.lang.Thread.run(Thread.java:842) ~[na:na]

2024-02-22T22:20:18.726+05:30 ERROR 89386 --- [pool-2-thread-1] c.d.c.web.AccountsTransferController     : Exception occurs

com.dws.challenge.exception.InsufficientBalanceException: Insufficient Balance in account Account123
	at com.dws.challenge.service.TransferService.transferAmount(TransferService.java:21) ~[main/:na]
	at com.dws.challenge.web.AccountsTransferController.transferAmount(AccountsTransferController.java:64) ~[main/:na]
	at com.dws.challenge.ConcurrentTransferTest.lambda$concurrentTransferTest$0(ConcurrentTransferTest.java:77) ~[test/:na]
	at java.base/java.util.concurrent.ThreadPoolExecutor.runWorker(ThreadPoolExecutor.java:1136) ~[na:na]
	at java.base/java.util.concurrent.ThreadPoolExecutor$Worker.run(ThreadPoolExecutor.java:635) ~[na:na]
	at java.base/java.lang.Thread.run(Thread.java:842) ~[na:na]

2024-02-22T22:20:18.734+05:30  INFO 89386 --- [ool-2-thread-16] c.dws.challenge.service.TransferService  : compareBalance -1 
2024-02-22T22:20:18.734+05:30 ERROR 89386 --- [ool-2-thread-19] c.d.c.web.AccountsTransferController     : Exception occurs

com.dws.challenge.exception.InsufficientBalanceException: Insufficient Balance in account Account123
	at com.dws.challenge.service.TransferService.transferAmount(TransferService.java:21) ~[main/:na]
	at com.dws.challenge.web.AccountsTransferController.transferAmount(AccountsTransferController.java:64) ~[main/:na]
	at com.dws.challenge.ConcurrentTransferTest.lambda$concurrentTransferTest$0(ConcurrentTransferTest.java:77) ~[test/:na]
	at java.base/java.util.concurrent.ThreadPoolExecutor.runWorker(ThreadPoolExecutor.java:1136) ~[na:na]
	at java.base/java.util.concurrent.ThreadPoolExecutor$Worker.run(ThreadPoolExecutor.java:635) ~[na:na]
	at java.base/java.lang.Thread.run(Thread.java:842) ~[na:na]

2024-02-22T22:20:18.738+05:30 ERROR 89386 --- [ool-2-thread-16] c.d.c.web.AccountsTransferController     : Exception occurs

com.dws.challenge.exception.InsufficientBalanceException: Insufficient Balance in account Account123
	at com.dws.challenge.service.TransferService.transferAmount(TransferService.java:21) ~[main/:na]
	at com.dws.challenge.web.AccountsTransferController.transferAmount(AccountsTransferController.java:64) ~[main/:na]
	at com.dws.challenge.ConcurrentTransferTest.lambda$concurrentTransferTest$0(ConcurrentTransferTest.java:77) ~[test/:na]
	at java.base/java.util.concurrent.ThreadPoolExecutor.runWorker(ThreadPoolExecutor.java:1136) ~[na:na]
	at java.base/java.util.concurrent.ThreadPoolExecutor$Worker.run(ThreadPoolExecutor.java:635) ~[na:na]
	at java.base/java.lang.Thread.run(Thread.java:842) ~[na:na]

2024-02-22T22:20:18.738+05:30  INFO 89386 --- [pool-2-thread-9] c.dws.challenge.service.TransferService  : compareBalance -1 
2024-02-22T22:20:18.739+05:30  INFO 89386 --- [pool-2-thread-5] c.dws.challenge.service.TransferService  : compareBalance -1 
2024-02-22T22:20:18.739+05:30 ERROR 89386 --- [pool-2-thread-9] c.d.c.web.AccountsTransferController     : Exception occurs

com.dws.challenge.exception.InsufficientBalanceException: Insufficient Balance in account Account123
	at com.dws.challenge.service.TransferService.transferAmount(TransferService.java:21) ~[main/:na]
	at com.dws.challenge.web.AccountsTransferController.transferAmount(AccountsTransferController.java:64) ~[main/:na]
	at com.dws.challenge.ConcurrentTransferTest.lambda$concurrentTransferTest$0(ConcurrentTransferTest.java:77) ~[test/:na]
	at java.base/java.util.concurrent.ThreadPoolExecutor.runWorker(ThreadPoolExecutor.java:1136) ~[na:na]
	at java.base/java.util.concurrent.ThreadPoolExecutor$Worker.run(ThreadPoolExecutor.java:635) ~[na:na]
	at java.base/java.lang.Thread.run(Thread.java:842) ~[na:na]

2024-02-22T22:20:18.740+05:30  INFO 89386 --- [ool-2-thread-13] c.dws.challenge.service.TransferService  : compareBalance -1 
2024-02-22T22:20:18.740+05:30 ERROR 89386 --- [pool-2-thread-5] c.d.c.web.AccountsTransferController     : Exception occurs

com.dws.challenge.exception.InsufficientBalanceException: Insufficient Balance in account Account123
	at com.dws.challenge.service.TransferService.transferAmount(TransferService.java:21) ~[main/:na]
	at com.dws.challenge.web.AccountsTransferController.transferAmount(AccountsTransferController.java:64) ~[main/:na]
	at com.dws.challenge.ConcurrentTransferTest.lambda$concurrentTransferTest$0(ConcurrentTransferTest.java:77) ~[test/:na]
	at java.base/java.util.concurrent.ThreadPoolExecutor.runWorker(ThreadPoolExecutor.java:1136) ~[na:na]
	at java.base/java.util.concurrent.ThreadPoolExecutor$Worker.run(ThreadPoolExecutor.java:635) ~[na:na]
	at java.base/java.lang.Thread.run(Thread.java:842) ~[na:na]

2024-02-22T22:20:18.740+05:30 ERROR 89386 --- [ool-2-thread-13] c.d.c.web.AccountsTransferController     : Exception occurs

com.dws.challenge.exception.InsufficientBalanceException: Insufficient Balance in account Account123
	at com.dws.challenge.service.TransferService.transferAmount(TransferService.java:21) ~[main/:na]
	at com.dws.challenge.web.AccountsTransferController.transferAmount(AccountsTransferController.java:64) ~[main/:na]
	at com.dws.challenge.ConcurrentTransferTest.lambda$concurrentTransferTest$0(ConcurrentTransferTest.java:77) ~[test/:na]
	at java.base/java.util.concurrent.ThreadPoolExecutor.runWorker(ThreadPoolExecutor.java:1136) ~[na:na]
	at java.base/java.util.concurrent.ThreadPoolExecutor$Worker.run(ThreadPoolExecutor.java:635) ~[na:na]
	at java.base/java.lang.Thread.run(Thread.java:842) ~[na:na]

2024-02-22T22:20:18.847+05:30  INFO 89386 --- [pool-3-thread-8] c.d.c.web.AccountsTransferController     : Transfer Amount  Transfer(accountFrom=Account123, accountTo=Account124, amount=1000)
2024-02-22T22:20:18.847+05:30  INFO 89386 --- [pool-3-thread-4] c.d.c.web.AccountsTransferController     : Transfer Amount  Transfer(accountFrom=Account123, accountTo=Account124, amount=1000)
2024-02-22T22:20:18.847+05:30  INFO 89386 --- [pool-3-thread-8] c.dws.challenge.service.TransferService  : compareBalance 0 
2024-02-22T22:20:18.846+05:30  INFO 89386 --- [pool-3-thread-2] c.d.c.web.AccountsTransferController     : Transfer Amount  Transfer(accountFrom=Account123, accountTo=Account124, amount=1000)
2024-02-22T22:20:18.846+05:30  INFO 89386 --- [ool-3-thread-20] c.d.c.web.AccountsTransferController     : Transfer Amount  Transfer(accountFrom=Account123, accountTo=Account124, amount=1000)
2024-02-22T22:20:18.847+05:30  INFO 89386 --- [pool-3-thread-7] c.d.c.web.AccountsTransferController     : Transfer Amount  Transfer(accountFrom=Account123, accountTo=Account124, amount=1000)
2024-02-22T22:20:18.846+05:30  INFO 89386 --- [pool-3-thread-1] c.d.c.web.AccountsTransferController     : Transfer Amount  Transfer(accountFrom=Account123, accountTo=Account124, amount=1000)
2024-02-22T22:20:18.848+05:30  INFO 89386 --- [pool-3-thread-8] c.d.c.web.AccountsTransferController     : notification sent successfully
2024-02-22T22:20:18.846+05:30  INFO 89386 --- [pool-3-thread-3] c.d.c.web.AccountsTransferController     : Transfer Amount  Transfer(accountFrom=Account123, accountTo=Account124, amount=1000)
2024-02-22T22:20:18.847+05:30  INFO 89386 --- [pool-3-thread-9] c.d.c.web.AccountsTransferController     : Transfer Amount  Transfer(accountFrom=Account123, accountTo=Account124, amount=1000)
2024-02-22T22:20:18.847+05:30  INFO 89386 --- [ool-3-thread-13] c.d.c.web.AccountsTransferController     : Transfer Amount  Transfer(accountFrom=Account123, accountTo=Account124, amount=1000)
2024-02-22T22:20:18.847+05:30  INFO 89386 --- [ool-3-thread-10] c.d.c.web.AccountsTransferController     : Transfer Amount  Transfer(accountFrom=Account123, accountTo=Account124, amount=1000)
2024-02-22T22:20:18.847+05:30  INFO 89386 --- [pool-3-thread-5] c.d.c.web.AccountsTransferController     : Transfer Amount  Transfer(accountFrom=Account123, accountTo=Account124, amount=1000)
2024-02-22T22:20:18.847+05:30  INFO 89386 --- [ool-3-thread-14] c.d.c.web.AccountsTransferController     : Transfer Amount  Transfer(accountFrom=Account123, accountTo=Account124, amount=1000)
2024-02-22T22:20:18.847+05:30  INFO 89386 --- [pool-3-thread-6] c.d.c.web.AccountsTransferController     : Transfer Amount  Transfer(accountFrom=Account123, accountTo=Account124, amount=1000)
2024-02-22T22:20:18.847+05:30  INFO 89386 --- [ool-3-thread-11] c.d.c.web.AccountsTransferController     : Transfer Amount  Transfer(accountFrom=Account123, accountTo=Account124, amount=1000)
2024-02-22T22:20:18.847+05:30  INFO 89386 --- [ool-3-thread-15] c.d.c.web.AccountsTransferController     : Transfer Amount  Transfer(accountFrom=Account123, accountTo=Account124, amount=1000)
2024-02-22T22:20:18.847+05:30  INFO 89386 --- [ool-3-thread-16] c.d.c.web.AccountsTransferController     : Transfer Amount  Transfer(accountFrom=Account123, accountTo=Account124, amount=1000)
2024-02-22T22:20:18.847+05:30  INFO 89386 --- [ool-3-thread-12] c.d.c.web.AccountsTransferController     : Transfer Amount  Transfer(accountFrom=Account123, accountTo=Account124, amount=1000)
2024-02-22T22:20:18.847+05:30  INFO 89386 --- [ool-3-thread-17] c.d.c.web.AccountsTransferController     : Transfer Amount  Transfer(accountFrom=Account123, accountTo=Account124, amount=1000)
2024-02-22T22:20:18.847+05:30  INFO 89386 --- [ool-3-thread-19] c.d.c.web.AccountsTransferController     : Transfer Amount  Transfer(accountFrom=Account123, accountTo=Account124, amount=1000)
2024-02-22T22:20:18.847+05:30  INFO 89386 --- [ool-3-thread-18] c.d.c.web.AccountsTransferController     : Transfer Amount  Transfer(accountFrom=Account123, accountTo=Account124, amount=1000)
2024-02-22T22:20:18.849+05:30  INFO 89386 --- [pool-3-thread-1] c.dws.challenge.service.TransferService  : compareBalance -1 
2024-02-22T22:20:18.851+05:30  INFO 89386 --- [pool-3-thread-7] c.dws.challenge.service.TransferService  : compareBalance -1 
2024-02-22T22:20:18.851+05:30 ERROR 89386 --- [pool-3-thread-1] c.d.c.web.AccountsTransferController     : Exception occurs

com.dws.challenge.exception.InsufficientBalanceException: Insufficient Balance in account Account123
	at com.dws.challenge.service.TransferService.transferAmount(TransferService.java:21) ~[main/:na]
	at com.dws.challenge.web.AccountsTransferController.transferAmount(AccountsTransferController.java:64) ~[main/:na]
	at com.dws.challenge.ConcurrentTransferTest.lambda$concurrentTransferTest$0(ConcurrentTransferTest.java:77) ~[test/:na]
	at java.base/java.util.concurrent.ThreadPoolExecutor.runWorker(ThreadPoolExecutor.java:1136) ~[na:na]
	at java.base/java.util.concurrent.ThreadPoolExecutor$Worker.run(ThreadPoolExecutor.java:635) ~[na:na]
	at java.base/java.lang.Thread.run(Thread.java:842) ~[na:na]

2024-02-22T22:20:18.852+05:30  INFO 89386 --- [ool-3-thread-20] c.dws.challenge.service.TransferService  : compareBalance -1 
2024-02-22T22:20:18.852+05:30 ERROR 89386 --- [pool-3-thread-7] c.d.c.web.AccountsTransferController     : Exception occurs

com.dws.challenge.exception.InsufficientBalanceException: Insufficient Balance in account Account123
	at com.dws.challenge.service.TransferService.transferAmount(TransferService.java:21) ~[main/:na]
	at com.dws.challenge.web.AccountsTransferController.transferAmount(AccountsTransferController.java:64) ~[main/:na]
	at com.dws.challenge.ConcurrentTransferTest.lambda$concurrentTransferTest$0(ConcurrentTransferTest.java:77) ~[test/:na]
	at java.base/java.util.concurrent.ThreadPoolExecutor.runWorker(ThreadPoolExecutor.java:1136) ~[na:na]
	at java.base/java.util.concurrent.ThreadPoolExecutor$Worker.run(ThreadPoolExecutor.java:635) ~[na:na]
	at java.base/java.lang.Thread.run(Thread.java:842) ~[na:na]

2024-02-22T22:20:18.853+05:30 ERROR 89386 --- [ool-3-thread-20] c.d.c.web.AccountsTransferController     : Exception occurs

com.dws.challenge.exception.InsufficientBalanceException: Insufficient Balance in account Account123
	at com.dws.challenge.service.TransferService.transferAmount(TransferService.java:21) ~[main/:na]
	at com.dws.challenge.web.AccountsTransferController.transferAmount(AccountsTransferController.java:64) ~[main/:na]
	at com.dws.challenge.ConcurrentTransferTest.lambda$concurrentTransferTest$0(ConcurrentTransferTest.java:77) ~[test/:na]
	at java.base/java.util.concurrent.ThreadPoolExecutor.runWorker(ThreadPoolExecutor.java:1136) ~[na:na]
	at java.base/java.util.concurrent.ThreadPoolExecutor$Worker.run(ThreadPoolExecutor.java:635) ~[na:na]
	at java.base/java.lang.Thread.run(Thread.java:842) ~[na:na]

2024-02-22T22:20:18.854+05:30  INFO 89386 --- [pool-3-thread-2] c.dws.challenge.service.TransferService  : compareBalance -1 
2024-02-22T22:20:18.855+05:30  INFO 89386 --- [pool-3-thread-4] c.dws.challenge.service.TransferService  : compareBalance -1 
2024-02-22T22:20:18.855+05:30 ERROR 89386 --- [pool-3-thread-2] c.d.c.web.AccountsTransferController     : Exception occurs

com.dws.challenge.exception.InsufficientBalanceException: Insufficient Balance in account Account123
	at com.dws.challenge.service.TransferService.transferAmount(TransferService.java:21) ~[main/:na]
	at com.dws.challenge.web.AccountsTransferController.transferAmount(AccountsTransferController.java:64) ~[main/:na]
	at com.dws.challenge.ConcurrentTransferTest.lambda$concurrentTransferTest$0(ConcurrentTransferTest.java:77) ~[test/:na]
	at java.base/java.util.concurrent.ThreadPoolExecutor.runWorker(ThreadPoolExecutor.java:1136) ~[na:na]
	at java.base/java.util.concurrent.ThreadPoolExecutor$Worker.run(ThreadPoolExecutor.java:635) ~[na:na]
	at java.base/java.lang.Thread.run(Thread.java:842) ~[na:na]

2024-02-22T22:20:18.856+05:30  INFO 89386 --- [ool-3-thread-18] c.dws.challenge.service.TransferService  : compareBalance -1 
2024-02-22T22:20:18.856+05:30 ERROR 89386 --- [pool-3-thread-4] c.d.c.web.AccountsTransferController     : Exception occurs

com.dws.challenge.exception.InsufficientBalanceException: Insufficient Balance in account Account123
	at com.dws.challenge.service.TransferService.transferAmount(TransferService.java:21) ~[main/:na]
	at com.dws.challenge.web.AccountsTransferController.transferAmount(AccountsTransferController.java:64) ~[main/:na]
	at com.dws.challenge.ConcurrentTransferTest.lambda$concurrentTransferTest$0(ConcurrentTransferTest.java:77) ~[test/:na]
	at java.base/java.util.concurrent.ThreadPoolExecutor.runWorker(ThreadPoolExecutor.java:1136) ~[na:na]
	at java.base/java.util.concurrent.ThreadPoolExecutor$Worker.run(ThreadPoolExecutor.java:635) ~[na:na]
	at java.base/java.lang.Thread.run(Thread.java:842) ~[na:na]

2024-02-22T22:20:18.857+05:30  INFO 89386 --- [ool-3-thread-19] c.dws.challenge.service.TransferService  : compareBalance -1 
2024-02-22T22:20:18.857+05:30 ERROR 89386 --- [ool-3-thread-18] c.d.c.web.AccountsTransferController     : Exception occurs

com.dws.challenge.exception.InsufficientBalanceException: Insufficient Balance in account Account123
	at com.dws.challenge.service.TransferService.transferAmount(TransferService.java:21) ~[main/:na]
	at com.dws.challenge.web.AccountsTransferController.transferAmount(AccountsTransferController.java:64) ~[main/:na]
	at com.dws.challenge.ConcurrentTransferTest.lambda$concurrentTransferTest$0(ConcurrentTransferTest.java:77) ~[test/:na]
	at java.base/java.util.concurrent.ThreadPoolExecutor.runWorker(ThreadPoolExecutor.java:1136) ~[na:na]
	at java.base/java.util.concurrent.ThreadPoolExecutor$Worker.run(ThreadPoolExecutor.java:635) ~[na:na]
	at java.base/java.lang.Thread.run(Thread.java:842) ~[na:na]

2024-02-22T22:20:18.857+05:30 ERROR 89386 --- [ool-3-thread-19] c.d.c.web.AccountsTransferController     : Exception occurs

com.dws.challenge.exception.InsufficientBalanceException: Insufficient Balance in account Account123
	at com.dws.challenge.service.TransferService.transferAmount(TransferService.java:21) ~[main/:na]
	at com.dws.challenge.web.AccountsTransferController.transferAmount(AccountsTransferController.java:64) ~[main/:na]
	at com.dws.challenge.ConcurrentTransferTest.lambda$concurrentTransferTest$0(ConcurrentTransferTest.java:77) ~[test/:na]
	at java.base/java.util.concurrent.ThreadPoolExecutor.runWorker(ThreadPoolExecutor.java:1136) ~[na:na]
	at java.base/java.util.concurrent.ThreadPoolExecutor$Worker.run(ThreadPoolExecutor.java:635) ~[na:na]
	at java.base/java.lang.Thread.run(Thread.java:842) ~[na:na]

2024-02-22T22:20:18.858+05:30  INFO 89386 --- [ool-3-thread-17] c.dws.challenge.service.TransferService  : compareBalance -1 
2024-02-22T22:20:18.859+05:30  INFO 89386 --- [ool-3-thread-12] c.dws.challenge.service.TransferService  : compareBalance -1 
2024-02-22T22:20:18.859+05:30 ERROR 89386 --- [ool-3-thread-17] c.d.c.web.AccountsTransferController     : Exception occurs

com.dws.challenge.exception.InsufficientBalanceException: Insufficient Balance in account Account123
	at com.dws.challenge.service.TransferService.transferAmount(TransferService.java:21) ~[main/:na]
	at com.dws.challenge.web.AccountsTransferController.transferAmount(AccountsTransferController.java:64) ~[main/:na]
	at com.dws.challenge.ConcurrentTransferTest.lambda$concurrentTransferTest$0(ConcurrentTransferTest.java:77) ~[test/:na]
	at java.base/java.util.concurrent.ThreadPoolExecutor.runWorker(ThreadPoolExecutor.java:1136) ~[na:na]
	at java.base/java.util.concurrent.ThreadPoolExecutor$Worker.run(ThreadPoolExecutor.java:635) ~[na:na]
	at java.base/java.lang.Thread.run(Thread.java:842) ~[na:na]

2024-02-22T22:20:18.860+05:30  INFO 89386 --- [ool-3-thread-16] c.dws.challenge.service.TransferService  : compareBalance -1 
2024-02-22T22:20:18.859+05:30 ERROR 89386 --- [ool-3-thread-12] c.d.c.web.AccountsTransferController     : Exception occurs

com.dws.challenge.exception.InsufficientBalanceException: Insufficient Balance in account Account123
	at com.dws.challenge.service.TransferService.transferAmount(TransferService.java:21) ~[main/:na]
	at com.dws.challenge.web.AccountsTransferController.transferAmount(AccountsTransferController.java:64) ~[main/:na]
	at com.dws.challenge.ConcurrentTransferTest.lambda$concurrentTransferTest$0(ConcurrentTransferTest.java:77) ~[test/:na]
	at java.base/java.util.concurrent.ThreadPoolExecutor.runWorker(ThreadPoolExecutor.java:1136) ~[na:na]
	at java.base/java.util.concurrent.ThreadPoolExecutor$Worker.run(ThreadPoolExecutor.java:635) ~[na:na]
	at java.base/java.lang.Thread.run(Thread.java:842) ~[na:na]

2024-02-22T22:20:18.860+05:30  INFO 89386 --- [ool-3-thread-15] c.dws.challenge.service.TransferService  : compareBalance -1 
2024-02-22T22:20:18.860+05:30 ERROR 89386 --- [ool-3-thread-16] c.d.c.web.AccountsTransferController     : Exception occurs

com.dws.challenge.exception.InsufficientBalanceException: Insufficient Balance in account Account123
	at com.dws.challenge.service.TransferService.transferAmount(TransferService.java:21) ~[main/:na]
	at com.dws.challenge.web.AccountsTransferController.transferAmount(AccountsTransferController.java:64) ~[main/:na]
	at com.dws.challenge.ConcurrentTransferTest.lambda$concurrentTransferTest$0(ConcurrentTransferTest.java:77) ~[test/:na]
	at java.base/java.util.concurrent.ThreadPoolExecutor.runWorker(ThreadPoolExecutor.java:1136) ~[na:na]
	at java.base/java.util.concurrent.ThreadPoolExecutor$Worker.run(ThreadPoolExecutor.java:635) ~[na:na]
	at java.base/java.lang.Thread.run(Thread.java:842) ~[na:na]

2024-02-22T22:20:18.861+05:30  INFO 89386 --- [ool-3-thread-11] c.dws.challenge.service.TransferService  : compareBalance -1 
2024-02-22T22:20:18.861+05:30 ERROR 89386 --- [ool-3-thread-15] c.d.c.web.AccountsTransferController     : Exception occurs

com.dws.challenge.exception.InsufficientBalanceException: Insufficient Balance in account Account123
	at com.dws.challenge.service.TransferService.transferAmount(TransferService.java:21) ~[main/:na]
	at com.dws.challenge.web.AccountsTransferController.transferAmount(AccountsTransferController.java:64) ~[main/:na]
	at com.dws.challenge.ConcurrentTransferTest.lambda$concurrentTransferTest$0(ConcurrentTransferTest.java:77) ~[test/:na]
	at java.base/java.util.concurrent.ThreadPoolExecutor.runWorker(ThreadPoolExecutor.java:1136) ~[na:na]
	at java.base/java.util.concurrent.ThreadPoolExecutor$Worker.run(ThreadPoolExecutor.java:635) ~[na:na]
	at java.base/java.lang.Thread.run(Thread.java:842) ~[na:na]

2024-02-22T22:20:18.861+05:30  INFO 89386 --- [pool-3-thread-6] c.dws.challenge.service.TransferService  : compareBalance -1 
2024-02-22T22:20:18.861+05:30 ERROR 89386 --- [ool-3-thread-11] c.d.c.web.AccountsTransferController     : Exception occurs

com.dws.challenge.exception.InsufficientBalanceException: Insufficient Balance in account Account123
	at com.dws.challenge.service.TransferService.transferAmount(TransferService.java:21) ~[main/:na]
	at com.dws.challenge.web.AccountsTransferController.transferAmount(AccountsTransferController.java:64) ~[main/:na]
	at com.dws.challenge.ConcurrentTransferTest.lambda$concurrentTransferTest$0(ConcurrentTransferTest.java:77) ~[test/:na]
	at java.base/java.util.concurrent.ThreadPoolExecutor.runWorker(ThreadPoolExecutor.java:1136) ~[na:na]
	at java.base/java.util.concurrent.ThreadPoolExecutor$Worker.run(ThreadPoolExecutor.java:635) ~[na:na]
	at java.base/java.lang.Thread.run(Thread.java:842) ~[na:na]

2024-02-22T22:20:18.862+05:30  INFO 89386 --- [ool-3-thread-14] c.dws.challenge.service.TransferService  : compareBalance -1 
2024-02-22T22:20:18.862+05:30 ERROR 89386 --- [pool-3-thread-6] c.d.c.web.AccountsTransferController     : Exception occurs

com.dws.challenge.exception.InsufficientBalanceException: Insufficient Balance in account Account123
	at com.dws.challenge.service.TransferService.transferAmount(TransferService.java:21) ~[main/:na]
	at com.dws.challenge.web.AccountsTransferController.transferAmount(AccountsTransferController.java:64) ~[main/:na]
	at com.dws.challenge.ConcurrentTransferTest.lambda$concurrentTransferTest$0(ConcurrentTransferTest.java:77) ~[test/:na]
	at java.base/java.util.concurrent.ThreadPoolExecutor.runWorker(ThreadPoolExecutor.java:1136) ~[na:na]
	at java.base/java.util.concurrent.ThreadPoolExecutor$Worker.run(ThreadPoolExecutor.java:635) ~[na:na]
	at java.base/java.lang.Thread.run(Thread.java:842) ~[na:na]

2024-02-22T22:20:18.863+05:30  INFO 89386 --- [pool-3-thread-5] c.dws.challenge.service.TransferService  : compareBalance -1 
2024-02-22T22:20:18.863+05:30 ERROR 89386 --- [ool-3-thread-14] c.d.c.web.AccountsTransferController     : Exception occurs

com.dws.challenge.exception.InsufficientBalanceException: Insufficient Balance in account Account123
	at com.dws.challenge.service.TransferService.transferAmount(TransferService.java:21) ~[main/:na]
	at com.dws.challenge.web.AccountsTransferController.transferAmount(AccountsTransferController.java:64) ~[main/:na]
	at com.dws.challenge.ConcurrentTransferTest.lambda$concurrentTransferTest$0(ConcurrentTransferTest.java:77) ~[test/:na]
	at java.base/java.util.concurrent.ThreadPoolExecutor.runWorker(ThreadPoolExecutor.java:1136) ~[na:na]
	at java.base/java.util.concurrent.ThreadPoolExecutor$Worker.run(ThreadPoolExecutor.java:635) ~[na:na]
	at java.base/java.lang.Thread.run(Thread.java:842) ~[na:na]

2024-02-22T22:20:18.864+05:30  INFO 89386 --- [ool-3-thread-10] c.dws.challenge.service.TransferService  : compareBalance -1 
2024-02-22T22:20:18.864+05:30 ERROR 89386 --- [pool-3-thread-5] c.d.c.web.AccountsTransferController     : Exception occurs

com.dws.challenge.exception.InsufficientBalanceException: Insufficient Balance in account Account123
	at com.dws.challenge.service.TransferService.transferAmount(TransferService.java:21) ~[main/:na]
	at com.dws.challenge.web.AccountsTransferController.transferAmount(AccountsTransferController.java:64) ~[main/:na]
	at com.dws.challenge.ConcurrentTransferTest.lambda$concurrentTransferTest$0(ConcurrentTransferTest.java:77) ~[test/:na]
	at java.base/java.util.concurrent.ThreadPoolExecutor.runWorker(ThreadPoolExecutor.java:1136) ~[na:na]
	at java.base/java.util.concurrent.ThreadPoolExecutor$Worker.run(ThreadPoolExecutor.java:635) ~[na:na]
	at java.base/java.lang.Thread.run(Thread.java:842) ~[na:na]

2024-02-22T22:20:18.865+05:30  INFO 89386 --- [ool-3-thread-13] c.dws.challenge.service.TransferService  : compareBalance -1 
2024-02-22T22:20:18.864+05:30 ERROR 89386 --- [ool-3-thread-10] c.d.c.web.AccountsTransferController     : Exception occurs

com.dws.challenge.exception.InsufficientBalanceException: Insufficient Balance in account Account123
	at com.dws.challenge.service.TransferService.transferAmount(TransferService.java:21) ~[main/:na]
	at com.dws.challenge.web.AccountsTransferController.transferAmount(AccountsTransferController.java:64) ~[main/:na]
	at com.dws.challenge.ConcurrentTransferTest.lambda$concurrentTransferTest$0(ConcurrentTransferTest.java:77) ~[test/:na]
	at java.base/java.util.concurrent.ThreadPoolExecutor.runWorker(ThreadPoolExecutor.java:1136) ~[na:na]
	at java.base/java.util.concurrent.ThreadPoolExecutor$Worker.run(ThreadPoolExecutor.java:635) ~[na:na]
	at java.base/java.lang.Thread.run(Thread.java:842) ~[na:na]

2024-02-22T22:20:18.865+05:30  INFO 89386 --- [pool-3-thread-9] c.dws.challenge.service.TransferService  : compareBalance -1 
2024-02-22T22:20:18.865+05:30 ERROR 89386 --- [ool-3-thread-13] c.d.c.web.AccountsTransferController     : Exception occurs

com.dws.challenge.exception.InsufficientBalanceException: Insufficient Balance in account Account123
	at com.dws.challenge.service.TransferService.transferAmount(TransferService.java:21) ~[main/:na]
	at com.dws.challenge.web.AccountsTransferController.transferAmount(AccountsTransferController.java:64) ~[main/:na]
	at com.dws.challenge.ConcurrentTransferTest.lambda$concurrentTransferTest$0(ConcurrentTransferTest.java:77) ~[test/:na]
	at java.base/java.util.concurrent.ThreadPoolExecutor.runWorker(ThreadPoolExecutor.java:1136) ~[na:na]
	at java.base/java.util.concurrent.ThreadPoolExecutor$Worker.run(ThreadPoolExecutor.java:635) ~[na:na]
	at java.base/java.lang.Thread.run(Thread.java:842) ~[na:na]

2024-02-22T22:20:18.866+05:30  INFO 89386 --- [pool-3-thread-3] c.dws.challenge.service.TransferService  : compareBalance -1 
2024-02-22T22:20:18.866+05:30 ERROR 89386 --- [pool-3-thread-9] c.d.c.web.AccountsTransferController     : Exception occurs

com.dws.challenge.exception.InsufficientBalanceException: Insufficient Balance in account Account123
	at com.dws.challenge.service.TransferService.transferAmount(TransferService.java:21) ~[main/:na]
	at com.dws.challenge.web.AccountsTransferController.transferAmount(AccountsTransferController.java:64) ~[main/:na]
	at com.dws.challenge.ConcurrentTransferTest.lambda$concurrentTransferTest$0(ConcurrentTransferTest.java:77) ~[test/:na]
	at java.base/java.util.concurrent.ThreadPoolExecutor.runWorker(ThreadPoolExecutor.java:1136) ~[na:na]
	at java.base/java.util.concurrent.ThreadPoolExecutor$Worker.run(ThreadPoolExecutor.java:635) ~[na:na]
	at java.base/java.lang.Thread.run(Thread.java:842) ~[na:na]

2024-02-22T22:20:18.866+05:30 ERROR 89386 --- [pool-3-thread-3] c.d.c.web.AccountsTransferController     : Exception occurs

com.dws.challenge.exception.InsufficientBalanceException: Insufficient Balance in account Account123
	at com.dws.challenge.service.TransferService.transferAmount(TransferService.java:21) ~[main/:na]
	at com.dws.challenge.web.AccountsTransferController.transferAmount(AccountsTransferController.java:64) ~[main/:na]
	at com.dws.challenge.ConcurrentTransferTest.lambda$concurrentTransferTest$0(ConcurrentTransferTest.java:77) ~[test/:na]
	at java.base/java.util.concurrent.ThreadPoolExecutor.runWorker(ThreadPoolExecutor.java:1136) ~[na:na]
	at java.base/java.util.concurrent.ThreadPoolExecutor$Worker.run(ThreadPoolExecutor.java:635) ~[na:na]
	at java.base/java.lang.Thread.run(Thread.java:842) ~[na:na]

2024-02-22T22:20:18.884+05:30  INFO 89386 --- [pool-4-thread-2] c.d.c.web.AccountsTransferController     : Transfer Amount  Transfer(accountFrom=Account123, accountTo=Account124, amount=1000)
2024-02-22T22:20:18.884+05:30  INFO 89386 --- [pool-4-thread-3] c.d.c.web.AccountsTransferController     : Transfer Amount  Transfer(accountFrom=Account123, accountTo=Account124, amount=1000)
2024-02-22T22:20:18.885+05:30  INFO 89386 --- [ool-4-thread-12] c.d.c.web.AccountsTransferController     : Transfer Amount  Transfer(accountFrom=Account123, accountTo=Account124, amount=1000)
2024-02-22T22:20:18.885+05:30  INFO 89386 --- [ool-4-thread-16] c.d.c.web.AccountsTransferController     : Transfer Amount  Transfer(accountFrom=Account123, accountTo=Account124, amount=1000)
2024-02-22T22:20:18.885+05:30  INFO 89386 --- [ool-4-thread-18] c.d.c.web.AccountsTransferController     : Transfer Amount  Transfer(accountFrom=Account123, accountTo=Account124, amount=1000)
2024-02-22T22:20:18.885+05:30  INFO 89386 --- [ool-4-thread-19] c.d.c.web.AccountsTransferController     : Transfer Amount  Transfer(accountFrom=Account123, accountTo=Account124, amount=1000)
2024-02-22T22:20:18.884+05:30  INFO 89386 --- [pool-4-thread-5] c.d.c.web.AccountsTransferController     : Transfer Amount  Transfer(accountFrom=Account123, accountTo=Account124, amount=1000)
2024-02-22T22:20:18.884+05:30  INFO 89386 --- [ool-4-thread-20] c.d.c.web.AccountsTransferController     : Transfer Amount  Transfer(accountFrom=Account123, accountTo=Account124, amount=1000)
2024-02-22T22:20:18.884+05:30  INFO 89386 --- [pool-4-thread-4] c.d.c.web.AccountsTransferController     : Transfer Amount  Transfer(accountFrom=Account123, accountTo=Account124, amount=1000)
2024-02-22T22:20:18.884+05:30  INFO 89386 --- [pool-4-thread-6] c.d.c.web.AccountsTransferController     : Transfer Amount  Transfer(accountFrom=Account123, accountTo=Account124, amount=1000)
2024-02-22T22:20:18.884+05:30  INFO 89386 --- [pool-4-thread-1] c.d.c.web.AccountsTransferController     : Transfer Amount  Transfer(accountFrom=Account123, accountTo=Account124, amount=1000)
2024-02-22T22:20:18.884+05:30  INFO 89386 --- [pool-4-thread-8] c.d.c.web.AccountsTransferController     : Transfer Amount  Transfer(accountFrom=Account123, accountTo=Account124, amount=1000)
2024-02-22T22:20:18.884+05:30  INFO 89386 --- [pool-4-thread-9] c.d.c.web.AccountsTransferController     : Transfer Amount  Transfer(accountFrom=Account123, accountTo=Account124, amount=1000)
2024-02-22T22:20:18.884+05:30  INFO 89386 --- [ool-4-thread-10] c.d.c.web.AccountsTransferController     : Transfer Amount  Transfer(accountFrom=Account123, accountTo=Account124, amount=1000)
2024-02-22T22:20:18.884+05:30  INFO 89386 --- [pool-4-thread-7] c.d.c.web.AccountsTransferController     : Transfer Amount  Transfer(accountFrom=Account123, accountTo=Account124, amount=1000)
2024-02-22T22:20:18.885+05:30  INFO 89386 --- [ool-4-thread-11] c.d.c.web.AccountsTransferController     : Transfer Amount  Transfer(accountFrom=Account123, accountTo=Account124, amount=1000)
2024-02-22T22:20:18.885+05:30  INFO 89386 --- [pool-4-thread-2] c.dws.challenge.service.TransferService  : compareBalance 0 
2024-02-22T22:20:18.885+05:30  INFO 89386 --- [ool-4-thread-14] c.d.c.web.AccountsTransferController     : Transfer Amount  Transfer(accountFrom=Account123, accountTo=Account124, amount=1000)
2024-02-22T22:20:18.885+05:30  INFO 89386 --- [ool-4-thread-13] c.d.c.web.AccountsTransferController     : Transfer Amount  Transfer(accountFrom=Account123, accountTo=Account124, amount=1000)
2024-02-22T22:20:18.885+05:30  INFO 89386 --- [ool-4-thread-15] c.d.c.web.AccountsTransferController     : Transfer Amount  Transfer(accountFrom=Account123, accountTo=Account124, amount=1000)
2024-02-22T22:20:18.885+05:30  INFO 89386 --- [ool-4-thread-17] c.d.c.web.AccountsTransferController     : Transfer Amount  Transfer(accountFrom=Account123, accountTo=Account124, amount=1000)
2024-02-22T22:20:18.888+05:30  INFO 89386 --- [pool-4-thread-2] c.d.c.web.AccountsTransferController     : notification sent successfully
2024-02-22T22:20:18.888+05:30  INFO 89386 --- [ool-4-thread-17] c.dws.challenge.service.TransferService  : compareBalance -1 
2024-02-22T22:20:18.889+05:30  INFO 89386 --- [ool-4-thread-15] c.dws.challenge.service.TransferService  : compareBalance -1 
2024-02-22T22:20:18.889+05:30 ERROR 89386 --- [ool-4-thread-17] c.d.c.web.AccountsTransferController     : Exception occurs

com.dws.challenge.exception.InsufficientBalanceException: Insufficient Balance in account Account123
	at com.dws.challenge.service.TransferService.transferAmount(TransferService.java:21) ~[main/:na]
	at com.dws.challenge.web.AccountsTransferController.transferAmount(AccountsTransferController.java:64) ~[main/:na]
	at com.dws.challenge.ConcurrentTransferTest.lambda$concurrentTransferTest$0(ConcurrentTransferTest.java:77) ~[test/:na]
	at java.base/java.util.concurrent.ThreadPoolExecutor.runWorker(ThreadPoolExecutor.java:1136) ~[na:na]
	at java.base/java.util.concurrent.ThreadPoolExecutor$Worker.run(ThreadPoolExecutor.java:635) ~[na:na]
	at java.base/java.lang.Thread.run(Thread.java:842) ~[na:na]

2024-02-22T22:20:18.889+05:30  INFO 89386 --- [ool-4-thread-13] c.dws.challenge.service.TransferService  : compareBalance -1 
2024-02-22T22:20:18.889+05:30 ERROR 89386 --- [ool-4-thread-15] c.d.c.web.AccountsTransferController     : Exception occurs

com.dws.challenge.exception.InsufficientBalanceException: Insufficient Balance in account Account123
	at com.dws.challenge.service.TransferService.transferAmount(TransferService.java:21) ~[main/:na]
	at com.dws.challenge.web.AccountsTransferController.transferAmount(AccountsTransferController.java:64) ~[main/:na]
	at com.dws.challenge.ConcurrentTransferTest.lambda$concurrentTransferTest$0(ConcurrentTransferTest.java:77) ~[test/:na]
	at java.base/java.util.concurrent.ThreadPoolExecutor.runWorker(ThreadPoolExecutor.java:1136) ~[na:na]
	at java.base/java.util.concurrent.ThreadPoolExecutor$Worker.run(ThreadPoolExecutor.java:635) ~[na:na]
	at java.base/java.lang.Thread.run(Thread.java:842) ~[na:na]

2024-02-22T22:20:18.890+05:30  INFO 89386 --- [ool-4-thread-14] c.dws.challenge.service.TransferService  : compareBalance -1 
2024-02-22T22:20:18.890+05:30 ERROR 89386 --- [ool-4-thread-13] c.d.c.web.AccountsTransferController     : Exception occurs

com.dws.challenge.exception.InsufficientBalanceException: Insufficient Balance in account Account123
	at com.dws.challenge.service.TransferService.transferAmount(TransferService.java:21) ~[main/:na]
	at com.dws.challenge.web.AccountsTransferController.transferAmount(AccountsTransferController.java:64) ~[main/:na]
	at com.dws.challenge.ConcurrentTransferTest.lambda$concurrentTransferTest$0(ConcurrentTransferTest.java:77) ~[test/:na]
	at java.base/java.util.concurrent.ThreadPoolExecutor.runWorker(ThreadPoolExecutor.java:1136) ~[na:na]
	at java.base/java.util.concurrent.ThreadPoolExecutor$Worker.run(ThreadPoolExecutor.java:635) ~[na:na]
	at java.base/java.lang.Thread.run(Thread.java:842) ~[na:na]

2024-02-22T22:20:18.890+05:30  INFO 89386 --- [ool-4-thread-11] c.dws.challenge.service.TransferService  : compareBalance -1 
2024-02-22T22:20:18.890+05:30 ERROR 89386 --- [ool-4-thread-14] c.d.c.web.AccountsTransferController     : Exception occurs

com.dws.challenge.exception.InsufficientBalanceException: Insufficient Balance in account Account123
	at com.dws.challenge.service.TransferService.transferAmount(TransferService.java:21) ~[main/:na]
	at com.dws.challenge.web.AccountsTransferController.transferAmount(AccountsTransferController.java:64) ~[main/:na]
	at com.dws.challenge.ConcurrentTransferTest.lambda$concurrentTransferTest$0(ConcurrentTransferTest.java:77) ~[test/:na]
	at java.base/java.util.concurrent.ThreadPoolExecutor.runWorker(ThreadPoolExecutor.java:1136) ~[na:na]
	at java.base/java.util.concurrent.ThreadPoolExecutor$Worker.run(ThreadPoolExecutor.java:635) ~[na:na]
	at java.base/java.lang.Thread.run(Thread.java:842) ~[na:na]

2024-02-22T22:20:18.891+05:30 ERROR 89386 --- [ool-4-thread-11] c.d.c.web.AccountsTransferController     : Exception occurs

com.dws.challenge.exception.InsufficientBalanceException: Insufficient Balance in account Account123
	at com.dws.challenge.service.TransferService.transferAmount(TransferService.java:21) ~[main/:na]
	at com.dws.challenge.web.AccountsTransferController.transferAmount(AccountsTransferController.java:64) ~[main/:na]
	at com.dws.challenge.ConcurrentTransferTest.lambda$concurrentTransferTest$0(ConcurrentTransferTest.java:77) ~[test/:na]
	at java.base/java.util.concurrent.ThreadPoolExecutor.runWorker(ThreadPoolExecutor.java:1136) ~[na:na]
	at java.base/java.util.concurrent.ThreadPoolExecutor$Worker.run(ThreadPoolExecutor.java:635) ~[na:na]
	at java.base/java.lang.Thread.run(Thread.java:842) ~[na:na]

2024-02-22T22:20:18.891+05:30  INFO 89386 --- [pool-4-thread-7] c.dws.challenge.service.TransferService  : compareBalance -1 
2024-02-22T22:20:18.892+05:30  INFO 89386 --- [ool-4-thread-10] c.dws.challenge.service.TransferService  : compareBalance -1 
2024-02-22T22:20:18.892+05:30 ERROR 89386 --- [pool-4-thread-7] c.d.c.web.AccountsTransferController     : Exception occurs

com.dws.challenge.exception.InsufficientBalanceException: Insufficient Balance in account Account123
	at com.dws.challenge.service.TransferService.transferAmount(TransferService.java:21) ~[main/:na]
	at com.dws.challenge.web.AccountsTransferController.transferAmount(AccountsTransferController.java:64) ~[main/:na]
	at com.dws.challenge.ConcurrentTransferTest.lambda$concurrentTransferTest$0(ConcurrentTransferTest.java:77) ~[test/:na]
	at java.base/java.util.concurrent.ThreadPoolExecutor.runWorker(ThreadPoolExecutor.java:1136) ~[na:na]
	at java.base/java.util.concurrent.ThreadPoolExecutor$Worker.run(ThreadPoolExecutor.java:635) ~[na:na]
	at java.base/java.lang.Thread.run(Thread.java:842) ~[na:na]

2024-02-22T22:20:18.893+05:30  INFO 89386 --- [pool-4-thread-9] c.dws.challenge.service.TransferService  : compareBalance -1 
2024-02-22T22:20:18.893+05:30 ERROR 89386 --- [ool-4-thread-10] c.d.c.web.AccountsTransferController     : Exception occurs

com.dws.challenge.exception.InsufficientBalanceException: Insufficient Balance in account Account123
	at com.dws.challenge.service.TransferService.transferAmount(TransferService.java:21) ~[main/:na]
	at com.dws.challenge.web.AccountsTransferController.transferAmount(AccountsTransferController.java:64) ~[main/:na]
	at com.dws.challenge.ConcurrentTransferTest.lambda$concurrentTransferTest$0(ConcurrentTransferTest.java:77) ~[test/:na]
	at java.base/java.util.concurrent.ThreadPoolExecutor.runWorker(ThreadPoolExecutor.java:1136) ~[na:na]
	at java.base/java.util.concurrent.ThreadPoolExecutor$Worker.run(ThreadPoolExecutor.java:635) ~[na:na]
	at java.base/java.lang.Thread.run(Thread.java:842) ~[na:na]

2024-02-22T22:20:18.893+05:30  INFO 89386 --- [pool-4-thread-8] c.dws.challenge.service.TransferService  : compareBalance -1 
2024-02-22T22:20:18.893+05:30 ERROR 89386 --- [pool-4-thread-9] c.d.c.web.AccountsTransferController     : Exception occurs

com.dws.challenge.exception.InsufficientBalanceException: Insufficient Balance in account Account123
	at com.dws.challenge.service.TransferService.transferAmount(TransferService.java:21) ~[main/:na]
	at com.dws.challenge.web.AccountsTransferController.transferAmount(AccountsTransferController.java:64) ~[main/:na]
	at com.dws.challenge.ConcurrentTransferTest.lambda$concurrentTransferTest$0(ConcurrentTransferTest.java:77) ~[test/:na]
	at java.base/java.util.concurrent.ThreadPoolExecutor.runWorker(ThreadPoolExecutor.java:1136) ~[na:na]
	at java.base/java.util.concurrent.ThreadPoolExecutor$Worker.run(ThreadPoolExecutor.java:635) ~[na:na]
	at java.base/java.lang.Thread.run(Thread.java:842) ~[na:na]

2024-02-22T22:20:18.894+05:30  INFO 89386 --- [pool-4-thread-1] c.dws.challenge.service.TransferService  : compareBalance -1 
2024-02-22T22:20:18.894+05:30 ERROR 89386 --- [pool-4-thread-8] c.d.c.web.AccountsTransferController     : Exception occurs

com.dws.challenge.exception.InsufficientBalanceException: Insufficient Balance in account Account123
	at com.dws.challenge.service.TransferService.transferAmount(TransferService.java:21) ~[main/:na]
	at com.dws.challenge.web.AccountsTransferController.transferAmount(AccountsTransferController.java:64) ~[main/:na]
	at com.dws.challenge.ConcurrentTransferTest.lambda$concurrentTransferTest$0(ConcurrentTransferTest.java:77) ~[test/:na]
	at java.base/java.util.concurrent.ThreadPoolExecutor.runWorker(ThreadPoolExecutor.java:1136) ~[na:na]
	at java.base/java.util.concurrent.ThreadPoolExecutor$Worker.run(ThreadPoolExecutor.java:635) ~[na:na]
	at java.base/java.lang.Thread.run(Thread.java:842) ~[na:na]

2024-02-22T22:20:18.895+05:30  INFO 89386 --- [pool-4-thread-6] c.dws.challenge.service.TransferService  : compareBalance -1 
2024-02-22T22:20:18.895+05:30 ERROR 89386 --- [pool-4-thread-1] c.d.c.web.AccountsTransferController     : Exception occurs

com.dws.challenge.exception.InsufficientBalanceException: Insufficient Balance in account Account123
	at com.dws.challenge.service.TransferService.transferAmount(TransferService.java:21) ~[main/:na]
	at com.dws.challenge.web.AccountsTransferController.transferAmount(AccountsTransferController.java:64) ~[main/:na]
	at com.dws.challenge.ConcurrentTransferTest.lambda$concurrentTransferTest$0(ConcurrentTransferTest.java:77) ~[test/:na]
	at java.base/java.util.concurrent.ThreadPoolExecutor.runWorker(ThreadPoolExecutor.java:1136) ~[na:na]
	at java.base/java.util.concurrent.ThreadPoolExecutor$Worker.run(ThreadPoolExecutor.java:635) ~[na:na]
	at java.base/java.lang.Thread.run(Thread.java:842) ~[na:na]

2024-02-22T22:20:18.895+05:30  INFO 89386 --- [pool-4-thread-4] c.dws.challenge.service.TransferService  : compareBalance -1 
2024-02-22T22:20:18.895+05:30 ERROR 89386 --- [pool-4-thread-6] c.d.c.web.AccountsTransferController     : Exception occurs

com.dws.challenge.exception.InsufficientBalanceException: Insufficient Balance in account Account123
	at com.dws.challenge.service.TransferService.transferAmount(TransferService.java:21) ~[main/:na]
	at com.dws.challenge.web.AccountsTransferController.transferAmount(AccountsTransferController.java:64) ~[main/:na]
	at com.dws.challenge.ConcurrentTransferTest.lambda$concurrentTransferTest$0(ConcurrentTransferTest.java:77) ~[test/:na]
	at java.base/java.util.concurrent.ThreadPoolExecutor.runWorker(ThreadPoolExecutor.java:1136) ~[na:na]
	at java.base/java.util.concurrent.ThreadPoolExecutor$Worker.run(ThreadPoolExecutor.java:635) ~[na:na]
	at java.base/java.lang.Thread.run(Thread.java:842) ~[na:na]

2024-02-22T22:20:18.896+05:30  INFO 89386 --- [ool-4-thread-20] c.dws.challenge.service.TransferService  : compareBalance -1 
2024-02-22T22:20:18.896+05:30 ERROR 89386 --- [pool-4-thread-4] c.d.c.web.AccountsTransferController     : Exception occurs

com.dws.challenge.exception.InsufficientBalanceException: Insufficient Balance in account Account123
	at com.dws.challenge.service.TransferService.transferAmount(TransferService.java:21) ~[main/:na]
	at com.dws.challenge.web.AccountsTransferController.transferAmount(AccountsTransferController.java:64) ~[main/:na]
	at com.dws.challenge.ConcurrentTransferTest.lambda$concurrentTransferTest$0(ConcurrentTransferTest.java:77) ~[test/:na]
	at java.base/java.util.concurrent.ThreadPoolExecutor.runWorker(ThreadPoolExecutor.java:1136) ~[na:na]
	at java.base/java.util.concurrent.ThreadPoolExecutor$Worker.run(ThreadPoolExecutor.java:635) ~[na:na]
	at java.base/java.lang.Thread.run(Thread.java:842) ~[na:na]

2024-02-22T22:20:18.896+05:30 ERROR 89386 --- [ool-4-thread-20] c.d.c.web.AccountsTransferController     : Exception occurs

com.dws.challenge.exception.InsufficientBalanceException: Insufficient Balance in account Account123
	at com.dws.challenge.service.TransferService.transferAmount(TransferService.java:21) ~[main/:na]
	at com.dws.challenge.web.AccountsTransferController.transferAmount(AccountsTransferController.java:64) ~[main/:na]
	at com.dws.challenge.ConcurrentTransferTest.lambda$concurrentTransferTest$0(ConcurrentTransferTest.java:77) ~[test/:na]
	at java.base/java.util.concurrent.ThreadPoolExecutor.runWorker(ThreadPoolExecutor.java:1136) ~[na:na]
	at java.base/java.util.concurrent.ThreadPoolExecutor$Worker.run(ThreadPoolExecutor.java:635) ~[na:na]
	at java.base/java.lang.Thread.run(Thread.java:842) ~[na:na]

2024-02-22T22:20:18.897+05:30  INFO 89386 --- [pool-4-thread-5] c.dws.challenge.service.TransferService  : compareBalance -1 
2024-02-22T22:20:18.897+05:30  INFO 89386 --- [ool-4-thread-19] c.dws.challenge.service.TransferService  : compareBalance -1 
2024-02-22T22:20:18.897+05:30 ERROR 89386 --- [pool-4-thread-5] c.d.c.web.AccountsTransferController     : Exception occurs

com.dws.challenge.exception.InsufficientBalanceException: Insufficient Balance in account Account123
	at com.dws.challenge.service.TransferService.transferAmount(TransferService.java:21) ~[main/:na]
	at com.dws.challenge.web.AccountsTransferController.transferAmount(AccountsTransferController.java:64) ~[main/:na]
	at com.dws.challenge.ConcurrentTransferTest.lambda$concurrentTransferTest$0(ConcurrentTransferTest.java:77) ~[test/:na]
	at java.base/java.util.concurrent.ThreadPoolExecutor.runWorker(ThreadPoolExecutor.java:1136) ~[na:na]
	at java.base/java.util.concurrent.ThreadPoolExecutor$Worker.run(ThreadPoolExecutor.java:635) ~[na:na]
	at java.base/java.lang.Thread.run(Thread.java:842) ~[na:na]

2024-02-22T22:20:18.898+05:30  INFO 89386 --- [ool-4-thread-18] c.dws.challenge.service.TransferService  : compareBalance -1 
2024-02-22T22:20:18.898+05:30 ERROR 89386 --- [ool-4-thread-19] c.d.c.web.AccountsTransferController     : Exception occurs

com.dws.challenge.exception.InsufficientBalanceException: Insufficient Balance in account Account123
	at com.dws.challenge.service.TransferService.transferAmount(TransferService.java:21) ~[main/:na]
	at com.dws.challenge.web.AccountsTransferController.transferAmount(AccountsTransferController.java:64) ~[main/:na]
	at com.dws.challenge.ConcurrentTransferTest.lambda$concurrentTransferTest$0(ConcurrentTransferTest.java:77) ~[test/:na]
	at java.base/java.util.concurrent.ThreadPoolExecutor.runWorker(ThreadPoolExecutor.java:1136) ~[na:na]
	at java.base/java.util.concurrent.ThreadPoolExecutor$Worker.run(ThreadPoolExecutor.java:635) ~[na:na]
	at java.base/java.lang.Thread.run(Thread.java:842) ~[na:na]

2024-02-22T22:20:18.898+05:30  INFO 89386 --- [ool-4-thread-16] c.dws.challenge.service.TransferService  : compareBalance -1 
2024-02-22T22:20:18.898+05:30 ERROR 89386 --- [ool-4-thread-18] c.d.c.web.AccountsTransferController     : Exception occurs

com.dws.challenge.exception.InsufficientBalanceException: Insufficient Balance in account Account123
	at com.dws.challenge.service.TransferService.transferAmount(TransferService.java:21) ~[main/:na]
	at com.dws.challenge.web.AccountsTransferController.transferAmount(AccountsTransferController.java:64) ~[main/:na]
	at com.dws.challenge.ConcurrentTransferTest.lambda$concurrentTransferTest$0(ConcurrentTransferTest.java:77) ~[test/:na]
	at java.base/java.util.concurrent.ThreadPoolExecutor.runWorker(ThreadPoolExecutor.java:1136) ~[na:na]
	at java.base/java.util.concurrent.ThreadPoolExecutor$Worker.run(ThreadPoolExecutor.java:635) ~[na:na]
	at java.base/java.lang.Thread.run(Thread.java:842) ~[na:na]

2024-02-22T22:20:18.899+05:30  INFO 89386 --- [ool-4-thread-12] c.dws.challenge.service.TransferService  : compareBalance -1 
2024-02-22T22:20:18.899+05:30 ERROR 89386 --- [ool-4-thread-16] c.d.c.web.AccountsTransferController     : Exception occurs

com.dws.challenge.exception.InsufficientBalanceException: Insufficient Balance in account Account123
	at com.dws.challenge.service.TransferService.transferAmount(TransferService.java:21) ~[main/:na]
	at com.dws.challenge.web.AccountsTransferController.transferAmount(AccountsTransferController.java:64) ~[main/:na]
	at com.dws.challenge.ConcurrentTransferTest.lambda$concurrentTransferTest$0(ConcurrentTransferTest.java:77) ~[test/:na]
	at java.base/java.util.concurrent.ThreadPoolExecutor.runWorker(ThreadPoolExecutor.java:1136) ~[na:na]
	at java.base/java.util.concurrent.ThreadPoolExecutor$Worker.run(ThreadPoolExecutor.java:635) ~[na:na]
	at java.base/java.lang.Thread.run(Thread.java:842) ~[na:na]

2024-02-22T22:20:18.899+05:30 ERROR 89386 --- [ool-4-thread-12] c.d.c.web.AccountsTransferController     : Exception occurs

com.dws.challenge.exception.InsufficientBalanceException: Insufficient Balance in account Account123
	at com.dws.challenge.service.TransferService.transferAmount(TransferService.java:21) ~[main/:na]
	at com.dws.challenge.web.AccountsTransferController.transferAmount(AccountsTransferController.java:64) ~[main/:na]
	at com.dws.challenge.ConcurrentTransferTest.lambda$concurrentTransferTest$0(ConcurrentTransferTest.java:77) ~[test/:na]
	at java.base/java.util.concurrent.ThreadPoolExecutor.runWorker(ThreadPoolExecutor.java:1136) ~[na:na]
	at java.base/java.util.concurrent.ThreadPoolExecutor$Worker.run(ThreadPoolExecutor.java:635) ~[na:na]
	at java.base/java.lang.Thread.run(Thread.java:842) ~[na:na]

2024-02-22T22:20:18.900+05:30  INFO 89386 --- [pool-4-thread-3] c.dws.challenge.service.TransferService  : compareBalance -1 
2024-02-22T22:20:18.900+05:30 ERROR 89386 --- [pool-4-thread-3] c.d.c.web.AccountsTransferController     : Exception occurs

com.dws.challenge.exception.InsufficientBalanceException: Insufficient Balance in account Account123
	at com.dws.challenge.service.TransferService.transferAmount(TransferService.java:21) ~[main/:na]
	at com.dws.challenge.web.AccountsTransferController.transferAmount(AccountsTransferController.java:64) ~[main/:na]
	at com.dws.challenge.ConcurrentTransferTest.lambda$concurrentTransferTest$0(ConcurrentTransferTest.java:77) ~[test/:na]
	at java.base/java.util.concurrent.ThreadPoolExecutor.runWorker(ThreadPoolExecutor.java:1136) ~[na:na]
	at java.base/java.util.concurrent.ThreadPoolExecutor$Worker.run(ThreadPoolExecutor.java:635) ~[na:na]
	at java.base/java.lang.Thread.run(Thread.java:842) ~[na:na]

2024-02-22T22:20:18.918+05:30  INFO 89386 --- [pool-5-thread-1] c.d.c.web.AccountsTransferController     : Transfer Amount  Transfer(accountFrom=Account123, accountTo=Account124, amount=1000)
2024-02-22T22:20:18.918+05:30  INFO 89386 --- [pool-5-thread-7] c.d.c.web.AccountsTransferController     : Transfer Amount  Transfer(accountFrom=Account123, accountTo=Account124, amount=1000)
2024-02-22T22:20:18.918+05:30  INFO 89386 --- [pool-5-thread-9] c.d.c.web.AccountsTransferController     : Transfer Amount  Transfer(accountFrom=Account123, accountTo=Account124, amount=1000)
2024-02-22T22:20:18.918+05:30  INFO 89386 --- [ool-5-thread-11] c.d.c.web.AccountsTransferController     : Transfer Amount  Transfer(accountFrom=Account123, accountTo=Account124, amount=1000)
2024-02-22T22:20:18.918+05:30  INFO 89386 --- [pool-5-thread-2] c.d.c.web.AccountsTransferController     : Transfer Amount  Transfer(accountFrom=Account123, accountTo=Account124, amount=1000)
2024-02-22T22:20:18.919+05:30  INFO 89386 --- [ool-5-thread-13] c.d.c.web.AccountsTransferController     : Transfer Amount  Transfer(accountFrom=Account123, accountTo=Account124, amount=1000)
2024-02-22T22:20:18.918+05:30  INFO 89386 --- [ool-5-thread-20] c.d.c.web.AccountsTransferController     : Transfer Amount  Transfer(accountFrom=Account123, accountTo=Account124, amount=1000)
2024-02-22T22:20:18.918+05:30  INFO 89386 --- [pool-5-thread-4] c.d.c.web.AccountsTransferController     : Transfer Amount  Transfer(accountFrom=Account123, accountTo=Account124, amount=1000)
2024-02-22T22:20:18.918+05:30  INFO 89386 --- [pool-5-thread-3] c.d.c.web.AccountsTransferController     : Transfer Amount  Transfer(accountFrom=Account123, accountTo=Account124, amount=1000)
2024-02-22T22:20:18.918+05:30  INFO 89386 --- [pool-5-thread-5] c.d.c.web.AccountsTransferController     : Transfer Amount  Transfer(accountFrom=Account123, accountTo=Account124, amount=1000)
2024-02-22T22:20:18.918+05:30  INFO 89386 --- [pool-5-thread-6] c.d.c.web.AccountsTransferController     : Transfer Amount  Transfer(accountFrom=Account123, accountTo=Account124, amount=1000)
2024-02-22T22:20:18.918+05:30  INFO 89386 --- [pool-5-thread-8] c.d.c.web.AccountsTransferController     : Transfer Amount  Transfer(accountFrom=Account123, accountTo=Account124, amount=1000)
2024-02-22T22:20:18.918+05:30  INFO 89386 --- [pool-5-thread-1] c.dws.challenge.service.TransferService  : compareBalance 0 
2024-02-22T22:20:18.918+05:30  INFO 89386 --- [ool-5-thread-10] c.d.c.web.AccountsTransferController     : Transfer Amount  Transfer(accountFrom=Account123, accountTo=Account124, amount=1000)
2024-02-22T22:20:18.918+05:30  INFO 89386 --- [ool-5-thread-12] c.d.c.web.AccountsTransferController     : Transfer Amount  Transfer(accountFrom=Account123, accountTo=Account124, amount=1000)
2024-02-22T22:20:18.919+05:30  INFO 89386 --- [ool-5-thread-14] c.d.c.web.AccountsTransferController     : Transfer Amount  Transfer(accountFrom=Account123, accountTo=Account124, amount=1000)
2024-02-22T22:20:18.919+05:30  INFO 89386 --- [ool-5-thread-15] c.d.c.web.AccountsTransferController     : Transfer Amount  Transfer(accountFrom=Account123, accountTo=Account124, amount=1000)
2024-02-22T22:20:18.919+05:30  INFO 89386 --- [ool-5-thread-16] c.d.c.web.AccountsTransferController     : Transfer Amount  Transfer(accountFrom=Account123, accountTo=Account124, amount=1000)
2024-02-22T22:20:18.919+05:30  INFO 89386 --- [ool-5-thread-17] c.d.c.web.AccountsTransferController     : Transfer Amount  Transfer(accountFrom=Account123, accountTo=Account124, amount=1000)
2024-02-22T22:20:18.921+05:30  INFO 89386 --- [pool-5-thread-1] c.d.c.web.AccountsTransferController     : notification sent successfully
2024-02-22T22:20:18.919+05:30  INFO 89386 --- [ool-5-thread-18] c.d.c.web.AccountsTransferController     : Transfer Amount  Transfer(accountFrom=Account123, accountTo=Account124, amount=1000)
2024-02-22T22:20:18.919+05:30  INFO 89386 --- [ool-5-thread-19] c.d.c.web.AccountsTransferController     : Transfer Amount  Transfer(accountFrom=Account123, accountTo=Account124, amount=1000)
2024-02-22T22:20:18.922+05:30  INFO 89386 --- [ool-5-thread-17] c.dws.challenge.service.TransferService  : compareBalance -1 
2024-02-22T22:20:18.922+05:30  INFO 89386 --- [ool-5-thread-19] c.dws.challenge.service.TransferService  : compareBalance -1 
2024-02-22T22:20:18.922+05:30 ERROR 89386 --- [ool-5-thread-17] c.d.c.web.AccountsTransferController     : Exception occurs

com.dws.challenge.exception.InsufficientBalanceException: Insufficient Balance in account Account123
	at com.dws.challenge.service.TransferService.transferAmount(TransferService.java:21) ~[main/:na]
	at com.dws.challenge.web.AccountsTransferController.transferAmount(AccountsTransferController.java:64) ~[main/:na]
	at com.dws.challenge.ConcurrentTransferTest.lambda$concurrentTransferTest$0(ConcurrentTransferTest.java:77) ~[test/:na]
	at java.base/java.util.concurrent.ThreadPoolExecutor.runWorker(ThreadPoolExecutor.java:1136) ~[na:na]
	at java.base/java.util.concurrent.ThreadPoolExecutor$Worker.run(ThreadPoolExecutor.java:635) ~[na:na]
	at java.base/java.lang.Thread.run(Thread.java:842) ~[na:na]

2024-02-22T22:20:18.923+05:30 ERROR 89386 --- [ool-5-thread-19] c.d.c.web.AccountsTransferController     : Exception occurs

com.dws.challenge.exception.InsufficientBalanceException: Insufficient Balance in account Account123
	at com.dws.challenge.service.TransferService.transferAmount(TransferService.java:21) ~[main/:na]
	at com.dws.challenge.web.AccountsTransferController.transferAmount(AccountsTransferController.java:64) ~[main/:na]
	at com.dws.challenge.ConcurrentTransferTest.lambda$concurrentTransferTest$0(ConcurrentTransferTest.java:77) ~[test/:na]
	at java.base/java.util.concurrent.ThreadPoolExecutor.runWorker(ThreadPoolExecutor.java:1136) ~[na:na]
	at java.base/java.util.concurrent.ThreadPoolExecutor$Worker.run(ThreadPoolExecutor.java:635) ~[na:na]
	at java.base/java.lang.Thread.run(Thread.java:842) ~[na:na]

2024-02-22T22:20:18.923+05:30  INFO 89386 --- [ool-5-thread-18] c.dws.challenge.service.TransferService  : compareBalance -1 
2024-02-22T22:20:18.924+05:30  INFO 89386 --- [ool-5-thread-16] c.dws.challenge.service.TransferService  : compareBalance -1 
2024-02-22T22:20:18.924+05:30 ERROR 89386 --- [ool-5-thread-18] c.d.c.web.AccountsTransferController     : Exception occurs

com.dws.challenge.exception.InsufficientBalanceException: Insufficient Balance in account Account123
	at com.dws.challenge.service.TransferService.transferAmount(TransferService.java:21) ~[main/:na]
	at com.dws.challenge.web.AccountsTransferController.transferAmount(AccountsTransferController.java:64) ~[main/:na]
	at com.dws.challenge.ConcurrentTransferTest.lambda$concurrentTransferTest$0(ConcurrentTransferTest.java:77) ~[test/:na]
	at java.base/java.util.concurrent.ThreadPoolExecutor.runWorker(ThreadPoolExecutor.java:1136) ~[na:na]
	at java.base/java.util.concurrent.ThreadPoolExecutor$Worker.run(ThreadPoolExecutor.java:635) ~[na:na]
	at java.base/java.lang.Thread.run(Thread.java:842) ~[na:na]

2024-02-22T22:20:18.924+05:30  INFO 89386 --- [ool-5-thread-15] c.dws.challenge.service.TransferService  : compareBalance -1 
2024-02-22T22:20:18.924+05:30 ERROR 89386 --- [ool-5-thread-16] c.d.c.web.AccountsTransferController     : Exception occurs

com.dws.challenge.exception.InsufficientBalanceException: Insufficient Balance in account Account123
	at com.dws.challenge.service.TransferService.transferAmount(TransferService.java:21) ~[main/:na]
	at com.dws.challenge.web.AccountsTransferController.transferAmount(AccountsTransferController.java:64) ~[main/:na]
	at com.dws.challenge.ConcurrentTransferTest.lambda$concurrentTransferTest$0(ConcurrentTransferTest.java:77) ~[test/:na]
	at java.base/java.util.concurrent.ThreadPoolExecutor.runWorker(ThreadPoolExecutor.java:1136) ~[na:na]
	at java.base/java.util.concurrent.ThreadPoolExecutor$Worker.run(ThreadPoolExecutor.java:635) ~[na:na]
	at java.base/java.lang.Thread.run(Thread.java:842) ~[na:na]

2024-02-22T22:20:18.925+05:30 ERROR 89386 --- [ool-5-thread-15] c.d.c.web.AccountsTransferController     : Exception occurs

com.dws.challenge.exception.InsufficientBalanceException: Insufficient Balance in account Account123
	at com.dws.challenge.service.TransferService.transferAmount(TransferService.java:21) ~[main/:na]
	at com.dws.challenge.web.AccountsTransferController.transferAmount(AccountsTransferController.java:64) ~[main/:na]
	at com.dws.challenge.ConcurrentTransferTest.lambda$concurrentTransferTest$0(ConcurrentTransferTest.java:77) ~[test/:na]
	at java.base/java.util.concurrent.ThreadPoolExecutor.runWorker(ThreadPoolExecutor.java:1136) ~[na:na]
	at java.base/java.util.concurrent.ThreadPoolExecutor$Worker.run(ThreadPoolExecutor.java:635) ~[na:na]
	at java.base/java.lang.Thread.run(Thread.java:842) ~[na:na]

2024-02-22T22:20:18.925+05:30  INFO 89386 --- [ool-5-thread-14] c.dws.challenge.service.TransferService  : compareBalance -1 
2024-02-22T22:20:18.925+05:30  INFO 89386 --- [ool-5-thread-12] c.dws.challenge.service.TransferService  : compareBalance -1 
2024-02-22T22:20:18.925+05:30 ERROR 89386 --- [ool-5-thread-14] c.d.c.web.AccountsTransferController     : Exception occurs

com.dws.challenge.exception.InsufficientBalanceException: Insufficient Balance in account Account123
	at com.dws.challenge.service.TransferService.transferAmount(TransferService.java:21) ~[main/:na]
	at com.dws.challenge.web.AccountsTransferController.transferAmount(AccountsTransferController.java:64) ~[main/:na]
	at com.dws.challenge.ConcurrentTransferTest.lambda$concurrentTransferTest$0(ConcurrentTransferTest.java:77) ~[test/:na]
	at java.base/java.util.concurrent.ThreadPoolExecutor.runWorker(ThreadPoolExecutor.java:1136) ~[na:na]
	at java.base/java.util.concurrent.ThreadPoolExecutor$Worker.run(ThreadPoolExecutor.java:635) ~[na:na]
	at java.base/java.lang.Thread.run(Thread.java:842) ~[na:na]

2024-02-22T22:20:18.926+05:30  INFO 89386 --- [ool-5-thread-10] c.dws.challenge.service.TransferService  : compareBalance -1 
2024-02-22T22:20:18.926+05:30 ERROR 89386 --- [ool-5-thread-12] c.d.c.web.AccountsTransferController     : Exception occurs

com.dws.challenge.exception.InsufficientBalanceException: Insufficient Balance in account Account123
	at com.dws.challenge.service.TransferService.transferAmount(TransferService.java:21) ~[main/:na]
	at com.dws.challenge.web.AccountsTransferController.transferAmount(AccountsTransferController.java:64) ~[main/:na]
	at com.dws.challenge.ConcurrentTransferTest.lambda$concurrentTransferTest$0(ConcurrentTransferTest.java:77) ~[test/:na]
	at java.base/java.util.concurrent.ThreadPoolExecutor.runWorker(ThreadPoolExecutor.java:1136) ~[na:na]
	at java.base/java.util.concurrent.ThreadPoolExecutor$Worker.run(ThreadPoolExecutor.java:635) ~[na:na]
	at java.base/java.lang.Thread.run(Thread.java:842) ~[na:na]

2024-02-22T22:20:18.926+05:30  INFO 89386 --- [pool-5-thread-8] c.dws.challenge.service.TransferService  : compareBalance -1 
2024-02-22T22:20:18.926+05:30 ERROR 89386 --- [ool-5-thread-10] c.d.c.web.AccountsTransferController     : Exception occurs

com.dws.challenge.exception.InsufficientBalanceException: Insufficient Balance in account Account123
	at com.dws.challenge.service.TransferService.transferAmount(TransferService.java:21) ~[main/:na]
	at com.dws.challenge.web.AccountsTransferController.transferAmount(AccountsTransferController.java:64) ~[main/:na]
	at com.dws.challenge.ConcurrentTransferTest.lambda$concurrentTransferTest$0(ConcurrentTransferTest.java:77) ~[test/:na]
	at java.base/java.util.concurrent.ThreadPoolExecutor.runWorker(ThreadPoolExecutor.java:1136) ~[na:na]
	at java.base/java.util.concurrent.ThreadPoolExecutor$Worker.run(ThreadPoolExecutor.java:635) ~[na:na]
	at java.base/java.lang.Thread.run(Thread.java:842) ~[na:na]

2024-02-22T22:20:18.927+05:30  INFO 89386 --- [pool-5-thread-6] c.dws.challenge.service.TransferService  : compareBalance -1 
2024-02-22T22:20:18.927+05:30 ERROR 89386 --- [pool-5-thread-8] c.d.c.web.AccountsTransferController     : Exception occurs

com.dws.challenge.exception.InsufficientBalanceException: Insufficient Balance in account Account123
	at com.dws.challenge.service.TransferService.transferAmount(TransferService.java:21) ~[main/:na]
	at com.dws.challenge.web.AccountsTransferController.transferAmount(AccountsTransferController.java:64) ~[main/:na]
	at com.dws.challenge.ConcurrentTransferTest.lambda$concurrentTransferTest$0(ConcurrentTransferTest.java:77) ~[test/:na]
	at java.base/java.util.concurrent.ThreadPoolExecutor.runWorker(ThreadPoolExecutor.java:1136) ~[na:na]
	at java.base/java.util.concurrent.ThreadPoolExecutor$Worker.run(ThreadPoolExecutor.java:635) ~[na:na]
	at java.base/java.lang.Thread.run(Thread.java:842) ~[na:na]

2024-02-22T22:20:18.927+05:30  INFO 89386 --- [pool-5-thread-5] c.dws.challenge.service.TransferService  : compareBalance -1 
2024-02-22T22:20:18.927+05:30 ERROR 89386 --- [pool-5-thread-6] c.d.c.web.AccountsTransferController     : Exception occurs

com.dws.challenge.exception.InsufficientBalanceException: Insufficient Balance in account Account123
	at com.dws.challenge.service.TransferService.transferAmount(TransferService.java:21) ~[main/:na]
	at com.dws.challenge.web.AccountsTransferController.transferAmount(AccountsTransferController.java:64) ~[main/:na]
	at com.dws.challenge.ConcurrentTransferTest.lambda$concurrentTransferTest$0(ConcurrentTransferTest.java:77) ~[test/:na]
	at java.base/java.util.concurrent.ThreadPoolExecutor.runWorker(ThreadPoolExecutor.java:1136) ~[na:na]
	at java.base/java.util.concurrent.ThreadPoolExecutor$Worker.run(ThreadPoolExecutor.java:635) ~[na:na]
	at java.base/java.lang.Thread.run(Thread.java:842) ~[na:na]

2024-02-22T22:20:18.928+05:30  INFO 89386 --- [pool-5-thread-3] c.dws.challenge.service.TransferService  : compareBalance -1 
2024-02-22T22:20:18.928+05:30 ERROR 89386 --- [pool-5-thread-5] c.d.c.web.AccountsTransferController     : Exception occurs

com.dws.challenge.exception.InsufficientBalanceException: Insufficient Balance in account Account123
	at com.dws.challenge.service.TransferService.transferAmount(TransferService.java:21) ~[main/:na]
	at com.dws.challenge.web.AccountsTransferController.transferAmount(AccountsTransferController.java:64) ~[main/:na]
	at com.dws.challenge.ConcurrentTransferTest.lambda$concurrentTransferTest$0(ConcurrentTransferTest.java:77) ~[test/:na]
	at java.base/java.util.concurrent.ThreadPoolExecutor.runWorker(ThreadPoolExecutor.java:1136) ~[na:na]
	at java.base/java.util.concurrent.ThreadPoolExecutor$Worker.run(ThreadPoolExecutor.java:635) ~[na:na]
	at java.base/java.lang.Thread.run(Thread.java:842) ~[na:na]

2024-02-22T22:20:18.928+05:30  INFO 89386 --- [pool-5-thread-4] c.dws.challenge.service.TransferService  : compareBalance -1 
2024-02-22T22:20:18.928+05:30 ERROR 89386 --- [pool-5-thread-3] c.d.c.web.AccountsTransferController     : Exception occurs

com.dws.challenge.exception.InsufficientBalanceException: Insufficient Balance in account Account123
	at com.dws.challenge.service.TransferService.transferAmount(TransferService.java:21) ~[main/:na]
	at com.dws.challenge.web.AccountsTransferController.transferAmount(AccountsTransferController.java:64) ~[main/:na]
	at com.dws.challenge.ConcurrentTransferTest.lambda$concurrentTransferTest$0(ConcurrentTransferTest.java:77) ~[test/:na]
	at java.base/java.util.concurrent.ThreadPoolExecutor.runWorker(ThreadPoolExecutor.java:1136) ~[na:na]
	at java.base/java.util.concurrent.ThreadPoolExecutor$Worker.run(ThreadPoolExecutor.java:635) ~[na:na]
	at java.base/java.lang.Thread.run(Thread.java:842) ~[na:na]

2024-02-22T22:20:18.929+05:30 ERROR 89386 --- [pool-5-thread-4] c.d.c.web.AccountsTransferController     : Exception occurs

com.dws.challenge.exception.InsufficientBalanceException: Insufficient Balance in account Account123
	at com.dws.challenge.service.TransferService.transferAmount(TransferService.java:21) ~[main/:na]
	at com.dws.challenge.web.AccountsTransferController.transferAmount(AccountsTransferController.java:64) ~[main/:na]
	at com.dws.challenge.ConcurrentTransferTest.lambda$concurrentTransferTest$0(ConcurrentTransferTest.java:77) ~[test/:na]
	at java.base/java.util.concurrent.ThreadPoolExecutor.runWorker(ThreadPoolExecutor.java:1136) ~[na:na]
	at java.base/java.util.concurrent.ThreadPoolExecutor$Worker.run(ThreadPoolExecutor.java:635) ~[na:na]
	at java.base/java.lang.Thread.run(Thread.java:842) ~[na:na]

2024-02-22T22:20:18.929+05:30  INFO 89386 --- [ool-5-thread-20] c.dws.challenge.service.TransferService  : compareBalance -1 
2024-02-22T22:20:18.930+05:30  INFO 89386 --- [ool-5-thread-13] c.dws.challenge.service.TransferService  : compareBalance -1 
2024-02-22T22:20:18.930+05:30 ERROR 89386 --- [ool-5-thread-20] c.d.c.web.AccountsTransferController     : Exception occurs

com.dws.challenge.exception.InsufficientBalanceException: Insufficient Balance in account Account123
	at com.dws.challenge.service.TransferService.transferAmount(TransferService.java:21) ~[main/:na]
	at com.dws.challenge.web.AccountsTransferController.transferAmount(AccountsTransferController.java:64) ~[main/:na]
	at com.dws.challenge.ConcurrentTransferTest.lambda$concurrentTransferTest$0(ConcurrentTransferTest.java:77) ~[test/:na]
	at java.base/java.util.concurrent.ThreadPoolExecutor.runWorker(ThreadPoolExecutor.java:1136) ~[na:na]
	at java.base/java.util.concurrent.ThreadPoolExecutor$Worker.run(ThreadPoolExecutor.java:635) ~[na:na]
	at java.base/java.lang.Thread.run(Thread.java:842) ~[na:na]

2024-02-22T22:20:18.930+05:30  INFO 89386 --- [pool-5-thread-2] c.dws.challenge.service.TransferService  : compareBalance -1 
2024-02-22T22:20:18.930+05:30 ERROR 89386 --- [ool-5-thread-13] c.d.c.web.AccountsTransferController     : Exception occurs

com.dws.challenge.exception.InsufficientBalanceException: Insufficient Balance in account Account123
	at com.dws.challenge.service.TransferService.transferAmount(TransferService.java:21) ~[main/:na]
	at com.dws.challenge.web.AccountsTransferController.transferAmount(AccountsTransferController.java:64) ~[main/:na]
	at com.dws.challenge.ConcurrentTransferTest.lambda$concurrentTransferTest$0(ConcurrentTransferTest.java:77) ~[test/:na]
	at java.base/java.util.concurrent.ThreadPoolExecutor.runWorker(ThreadPoolExecutor.java:1136) ~[na:na]
	at java.base/java.util.concurrent.ThreadPoolExecutor$Worker.run(ThreadPoolExecutor.java:635) ~[na:na]
	at java.base/java.lang.Thread.run(Thread.java:842) ~[na:na]

2024-02-22T22:20:18.931+05:30  INFO 89386 --- [ool-5-thread-11] c.dws.challenge.service.TransferService  : compareBalance -1 
2024-02-22T22:20:18.931+05:30 ERROR 89386 --- [pool-5-thread-2] c.d.c.web.AccountsTransferController     : Exception occurs

com.dws.challenge.exception.InsufficientBalanceException: Insufficient Balance in account Account123
	at com.dws.challenge.service.TransferService.transferAmount(TransferService.java:21) ~[main/:na]
	at com.dws.challenge.web.AccountsTransferController.transferAmount(AccountsTransferController.java:64) ~[main/:na]
	at com.dws.challenge.ConcurrentTransferTest.lambda$concurrentTransferTest$0(ConcurrentTransferTest.java:77) ~[test/:na]
	at java.base/java.util.concurrent.ThreadPoolExecutor.runWorker(ThreadPoolExecutor.java:1136) ~[na:na]
	at java.base/java.util.concurrent.ThreadPoolExecutor$Worker.run(ThreadPoolExecutor.java:635) ~[na:na]
	at java.base/java.lang.Thread.run(Thread.java:842) ~[na:na]

2024-02-22T22:20:18.931+05:30 ERROR 89386 --- [ool-5-thread-11] c.d.c.web.AccountsTransferController     : Exception occurs

com.dws.challenge.exception.InsufficientBalanceException: Insufficient Balance in account Account123
	at com.dws.challenge.service.TransferService.transferAmount(TransferService.java:21) ~[main/:na]
	at com.dws.challenge.web.AccountsTransferController.transferAmount(AccountsTransferController.java:64) ~[main/:na]
	at com.dws.challenge.ConcurrentTransferTest.lambda$concurrentTransferTest$0(ConcurrentTransferTest.java:77) ~[test/:na]
	at java.base/java.util.concurrent.ThreadPoolExecutor.runWorker(ThreadPoolExecutor.java:1136) ~[na:na]
	at java.base/java.util.concurrent.ThreadPoolExecutor$Worker.run(ThreadPoolExecutor.java:635) ~[na:na]
	at java.base/java.lang.Thread.run(Thread.java:842) ~[na:na]

2024-02-22T22:20:18.931+05:30  INFO 89386 --- [pool-5-thread-9] c.dws.challenge.service.TransferService  : compareBalance -1 
2024-02-22T22:20:18.932+05:30  INFO 89386 --- [pool-5-thread-7] c.dws.challenge.service.TransferService  : compareBalance -1 
2024-02-22T22:20:18.932+05:30 ERROR 89386 --- [pool-5-thread-9] c.d.c.web.AccountsTransferController     : Exception occurs

com.dws.challenge.exception.InsufficientBalanceException: Insufficient Balance in account Account123
	at com.dws.challenge.service.TransferService.transferAmount(TransferService.java:21) ~[main/:na]
	at com.dws.challenge.web.AccountsTransferController.transferAmount(AccountsTransferController.java:64) ~[main/:na]
	at com.dws.challenge.ConcurrentTransferTest.lambda$concurrentTransferTest$0(ConcurrentTransferTest.java:77) ~[test/:na]
	at java.base/java.util.concurrent.ThreadPoolExecutor.runWorker(ThreadPoolExecutor.java:1136) ~[na:na]
	at java.base/java.util.concurrent.ThreadPoolExecutor$Worker.run(ThreadPoolExecutor.java:635) ~[na:na]
	at java.base/java.lang.Thread.run(Thread.java:842) ~[na:na]

2024-02-22T22:20:18.932+05:30 ERROR 89386 --- [pool-5-thread-7] c.d.c.web.AccountsTransferController     : Exception occurs

com.dws.challenge.exception.InsufficientBalanceException: Insufficient Balance in account Account123
	at com.dws.challenge.service.TransferService.transferAmount(TransferService.java:21) ~[main/:na]
	at com.dws.challenge.web.AccountsTransferController.transferAmount(AccountsTransferController.java:64) ~[main/:na]
	at com.dws.challenge.ConcurrentTransferTest.lambda$concurrentTransferTest$0(ConcurrentTransferTest.java:77) ~[test/:na]
	at java.base/java.util.concurrent.ThreadPoolExecutor.runWorker(ThreadPoolExecutor.java:1136) ~[na:na]
	at java.base/java.util.concurrent.ThreadPoolExecutor$Worker.run(ThreadPoolExecutor.java:635) ~[na:na]
	at java.base/java.lang.Thread.run(Thread.java:842) ~[na:na]

2024-02-22T22:20:18.946+05:30  INFO 89386 --- [pool-6-thread-3] c.d.c.web.AccountsTransferController     : Transfer Amount  Transfer(accountFrom=Account123, accountTo=Account124, amount=1000)
2024-02-22T22:20:18.947+05:30  INFO 89386 --- [pool-6-thread-7] c.d.c.web.AccountsTransferController     : Transfer Amount  Transfer(accountFrom=Account123, accountTo=Account124, amount=1000)
2024-02-22T22:20:18.947+05:30  INFO 89386 --- [pool-6-thread-8] c.d.c.web.AccountsTransferController     : Transfer Amount  Transfer(accountFrom=Account123, accountTo=Account124, amount=1000)
2024-02-22T22:20:18.947+05:30  INFO 89386 --- [pool-6-thread-9] c.d.c.web.AccountsTransferController     : Transfer Amount  Transfer(accountFrom=Account123, accountTo=Account124, amount=1000)
2024-02-22T22:20:18.946+05:30  INFO 89386 --- [ool-6-thread-20] c.d.c.web.AccountsTransferController     : Transfer Amount  Transfer(accountFrom=Account123, accountTo=Account124, amount=1000)
2024-02-22T22:20:18.947+05:30  INFO 89386 --- [ool-6-thread-12] c.d.c.web.AccountsTransferController     : Transfer Amount  Transfer(accountFrom=Account123, accountTo=Account124, amount=1000)
2024-02-22T22:20:18.946+05:30  INFO 89386 --- [pool-6-thread-1] c.d.c.web.AccountsTransferController     : Transfer Amount  Transfer(accountFrom=Account123, accountTo=Account124, amount=1000)
2024-02-22T22:20:18.946+05:30  INFO 89386 --- [pool-6-thread-4] c.d.c.web.AccountsTransferController     : Transfer Amount  Transfer(accountFrom=Account123, accountTo=Account124, amount=1000)
2024-02-22T22:20:18.946+05:30  INFO 89386 --- [pool-6-thread-2] c.d.c.web.AccountsTransferController     : Transfer Amount  Transfer(accountFrom=Account123, accountTo=Account124, amount=1000)
2024-02-22T22:20:18.946+05:30  INFO 89386 --- [pool-6-thread-5] c.d.c.web.AccountsTransferController     : Transfer Amount  Transfer(accountFrom=Account123, accountTo=Account124, amount=1000)
2024-02-22T22:20:18.946+05:30  INFO 89386 --- [pool-6-thread-6] c.d.c.web.AccountsTransferController     : Transfer Amount  Transfer(accountFrom=Account123, accountTo=Account124, amount=1000)
2024-02-22T22:20:18.947+05:30  INFO 89386 --- [pool-6-thread-3] c.dws.challenge.service.TransferService  : compareBalance 0 
2024-02-22T22:20:18.947+05:30  INFO 89386 --- [ool-6-thread-11] c.d.c.web.AccountsTransferController     : Transfer Amount  Transfer(accountFrom=Account123, accountTo=Account124, amount=1000)
2024-02-22T22:20:18.947+05:30  INFO 89386 --- [ool-6-thread-10] c.d.c.web.AccountsTransferController     : Transfer Amount  Transfer(accountFrom=Account123, accountTo=Account124, amount=1000)
2024-02-22T22:20:18.947+05:30  INFO 89386 --- [ool-6-thread-13] c.d.c.web.AccountsTransferController     : Transfer Amount  Transfer(accountFrom=Account123, accountTo=Account124, amount=1000)
2024-02-22T22:20:18.948+05:30  INFO 89386 --- [ool-6-thread-14] c.d.c.web.AccountsTransferController     : Transfer Amount  Transfer(accountFrom=Account123, accountTo=Account124, amount=1000)
2024-02-22T22:20:18.948+05:30  INFO 89386 --- [ool-6-thread-15] c.d.c.web.AccountsTransferController     : Transfer Amount  Transfer(accountFrom=Account123, accountTo=Account124, amount=1000)
2024-02-22T22:20:18.948+05:30  INFO 89386 --- [ool-6-thread-16] c.d.c.web.AccountsTransferController     : Transfer Amount  Transfer(accountFrom=Account123, accountTo=Account124, amount=1000)
2024-02-22T22:20:18.948+05:30  INFO 89386 --- [ool-6-thread-17] c.d.c.web.AccountsTransferController     : Transfer Amount  Transfer(accountFrom=Account123, accountTo=Account124, amount=1000)
2024-02-22T22:20:18.950+05:30  INFO 89386 --- [pool-6-thread-3] c.d.c.web.AccountsTransferController     : notification sent successfully
2024-02-22T22:20:18.948+05:30  INFO 89386 --- [ool-6-thread-18] c.d.c.web.AccountsTransferController     : Transfer Amount  Transfer(accountFrom=Account123, accountTo=Account124, amount=1000)
2024-02-22T22:20:18.948+05:30  INFO 89386 --- [ool-6-thread-19] c.d.c.web.AccountsTransferController     : Transfer Amount  Transfer(accountFrom=Account123, accountTo=Account124, amount=1000)
2024-02-22T22:20:18.951+05:30  INFO 89386 --- [ool-6-thread-18] c.dws.challenge.service.TransferService  : compareBalance -1 
2024-02-22T22:20:18.951+05:30  INFO 89386 --- [ool-6-thread-17] c.dws.challenge.service.TransferService  : compareBalance -1 
2024-02-22T22:20:18.951+05:30  INFO 89386 --- [ool-6-thread-16] c.dws.challenge.service.TransferService  : compareBalance -1 
2024-02-22T22:20:18.951+05:30 ERROR 89386 --- [ool-6-thread-18] c.d.c.web.AccountsTransferController     : Exception occurs

com.dws.challenge.exception.InsufficientBalanceException: Insufficient Balance in account Account123
	at com.dws.challenge.service.TransferService.transferAmount(TransferService.java:21) ~[main/:na]
	at com.dws.challenge.web.AccountsTransferController.transferAmount(AccountsTransferController.java:64) ~[main/:na]
	at com.dws.challenge.ConcurrentTransferTest.lambda$concurrentTransferTest$0(ConcurrentTransferTest.java:77) ~[test/:na]
	at java.base/java.util.concurrent.ThreadPoolExecutor.runWorker(ThreadPoolExecutor.java:1136) ~[na:na]
	at java.base/java.util.concurrent.ThreadPoolExecutor$Worker.run(ThreadPoolExecutor.java:635) ~[na:na]
	at java.base/java.lang.Thread.run(Thread.java:842) ~[na:na]

2024-02-22T22:20:18.951+05:30 ERROR 89386 --- [ool-6-thread-17] c.d.c.web.AccountsTransferController     : Exception occurs

com.dws.challenge.exception.InsufficientBalanceException: Insufficient Balance in account Account123
	at com.dws.challenge.service.TransferService.transferAmount(TransferService.java:21) ~[main/:na]
	at com.dws.challenge.web.AccountsTransferController.transferAmount(AccountsTransferController.java:64) ~[main/:na]
	at com.dws.challenge.ConcurrentTransferTest.lambda$concurrentTransferTest$0(ConcurrentTransferTest.java:77) ~[test/:na]
	at java.base/java.util.concurrent.ThreadPoolExecutor.runWorker(ThreadPoolExecutor.java:1136) ~[na:na]
	at java.base/java.util.concurrent.ThreadPoolExecutor$Worker.run(ThreadPoolExecutor.java:635) ~[na:na]
	at java.base/java.lang.Thread.run(Thread.java:842) ~[na:na]

2024-02-22T22:20:18.952+05:30  INFO 89386 --- [ool-6-thread-15] c.dws.challenge.service.TransferService  : compareBalance -1 
2024-02-22T22:20:18.952+05:30 ERROR 89386 --- [ool-6-thread-16] c.d.c.web.AccountsTransferController     : Exception occurs

com.dws.challenge.exception.InsufficientBalanceException: Insufficient Balance in account Account123
	at com.dws.challenge.service.TransferService.transferAmount(TransferService.java:21) ~[main/:na]
	at com.dws.challenge.web.AccountsTransferController.transferAmount(AccountsTransferController.java:64) ~[main/:na]
	at com.dws.challenge.ConcurrentTransferTest.lambda$concurrentTransferTest$0(ConcurrentTransferTest.java:77) ~[test/:na]
	at java.base/java.util.concurrent.ThreadPoolExecutor.runWorker(ThreadPoolExecutor.java:1136) ~[na:na]
	at java.base/java.util.concurrent.ThreadPoolExecutor$Worker.run(ThreadPoolExecutor.java:635) ~[na:na]
	at java.base/java.lang.Thread.run(Thread.java:842) ~[na:na]

2024-02-22T22:20:18.953+05:30  INFO 89386 --- [ool-6-thread-14] c.dws.challenge.service.TransferService  : compareBalance -1 
2024-02-22T22:20:18.953+05:30 ERROR 89386 --- [ool-6-thread-15] c.d.c.web.AccountsTransferController     : Exception occurs

com.dws.challenge.exception.InsufficientBalanceException: Insufficient Balance in account Account123
	at com.dws.challenge.service.TransferService.transferAmount(TransferService.java:21) ~[main/:na]
	at com.dws.challenge.web.AccountsTransferController.transferAmount(AccountsTransferController.java:64) ~[main/:na]
	at com.dws.challenge.ConcurrentTransferTest.lambda$concurrentTransferTest$0(ConcurrentTransferTest.java:77) ~[test/:na]
	at java.base/java.util.concurrent.ThreadPoolExecutor.runWorker(ThreadPoolExecutor.java:1136) ~[na:na]
	at java.base/java.util.concurrent.ThreadPoolExecutor$Worker.run(ThreadPoolExecutor.java:635) ~[na:na]
	at java.base/java.lang.Thread.run(Thread.java:842) ~[na:na]

2024-02-22T22:20:18.953+05:30  INFO 89386 --- [ool-6-thread-13] c.dws.challenge.service.TransferService  : compareBalance -1 
2024-02-22T22:20:18.953+05:30 ERROR 89386 --- [ool-6-thread-14] c.d.c.web.AccountsTransferController     : Exception occurs

com.dws.challenge.exception.InsufficientBalanceException: Insufficient Balance in account Account123
	at com.dws.challenge.service.TransferService.transferAmount(TransferService.java:21) ~[main/:na]
	at com.dws.challenge.web.AccountsTransferController.transferAmount(AccountsTransferController.java:64) ~[main/:na]
	at com.dws.challenge.ConcurrentTransferTest.lambda$concurrentTransferTest$0(ConcurrentTransferTest.java:77) ~[test/:na]
	at java.base/java.util.concurrent.ThreadPoolExecutor.runWorker(ThreadPoolExecutor.java:1136) ~[na:na]
	at java.base/java.util.concurrent.ThreadPoolExecutor$Worker.run(ThreadPoolExecutor.java:635) ~[na:na]
	at java.base/java.lang.Thread.run(Thread.java:842) ~[na:na]

2024-02-22T22:20:18.954+05:30  INFO 89386 --- [ool-6-thread-10] c.dws.challenge.service.TransferService  : compareBalance -1 
2024-02-22T22:20:18.954+05:30 ERROR 89386 --- [ool-6-thread-13] c.d.c.web.AccountsTransferController     : Exception occurs

com.dws.challenge.exception.InsufficientBalanceException: Insufficient Balance in account Account123
	at com.dws.challenge.service.TransferService.transferAmount(TransferService.java:21) ~[main/:na]
	at com.dws.challenge.web.AccountsTransferController.transferAmount(AccountsTransferController.java:64) ~[main/:na]
	at com.dws.challenge.ConcurrentTransferTest.lambda$concurrentTransferTest$0(ConcurrentTransferTest.java:77) ~[test/:na]
	at java.base/java.util.concurrent.ThreadPoolExecutor.runWorker(ThreadPoolExecutor.java:1136) ~[na:na]
	at java.base/java.util.concurrent.ThreadPoolExecutor$Worker.run(ThreadPoolExecutor.java:635) ~[na:na]
	at java.base/java.lang.Thread.run(Thread.java:842) ~[na:na]

2024-02-22T22:20:18.954+05:30 ERROR 89386 --- [ool-6-thread-10] c.d.c.web.AccountsTransferController     : Exception occurs

com.dws.challenge.exception.InsufficientBalanceException: Insufficient Balance in account Account123
	at com.dws.challenge.service.TransferService.transferAmount(TransferService.java:21) ~[main/:na]
	at com.dws.challenge.web.AccountsTransferController.transferAmount(AccountsTransferController.java:64) ~[main/:na]
	at com.dws.challenge.ConcurrentTransferTest.lambda$concurrentTransferTest$0(ConcurrentTransferTest.java:77) ~[test/:na]
	at java.base/java.util.concurrent.ThreadPoolExecutor.runWorker(ThreadPoolExecutor.java:1136) ~[na:na]
	at java.base/java.util.concurrent.ThreadPoolExecutor$Worker.run(ThreadPoolExecutor.java:635) ~[na:na]
	at java.base/java.lang.Thread.run(Thread.java:842) ~[na:na]

2024-02-22T22:20:18.954+05:30  INFO 89386 --- [ool-6-thread-11] c.dws.challenge.service.TransferService  : compareBalance -1 
2024-02-22T22:20:18.955+05:30  INFO 89386 --- [pool-6-thread-6] c.dws.challenge.service.TransferService  : compareBalance -1 
2024-02-22T22:20:18.955+05:30 ERROR 89386 --- [ool-6-thread-11] c.d.c.web.AccountsTransferController     : Exception occurs

com.dws.challenge.exception.InsufficientBalanceException: Insufficient Balance in account Account123
	at com.dws.challenge.service.TransferService.transferAmount(TransferService.java:21) ~[main/:na]
	at com.dws.challenge.web.AccountsTransferController.transferAmount(AccountsTransferController.java:64) ~[main/:na]
	at com.dws.challenge.ConcurrentTransferTest.lambda$concurrentTransferTest$0(ConcurrentTransferTest.java:77) ~[test/:na]
	at java.base/java.util.concurrent.ThreadPoolExecutor.runWorker(ThreadPoolExecutor.java:1136) ~[na:na]
	at java.base/java.util.concurrent.ThreadPoolExecutor$Worker.run(ThreadPoolExecutor.java:635) ~[na:na]
	at java.base/java.lang.Thread.run(Thread.java:842) ~[na:na]

2024-02-22T22:20:18.956+05:30  INFO 89386 --- [pool-6-thread-5] c.dws.challenge.service.TransferService  : compareBalance -1 
2024-02-22T22:20:18.955+05:30 ERROR 89386 --- [pool-6-thread-6] c.d.c.web.AccountsTransferController     : Exception occurs

com.dws.challenge.exception.InsufficientBalanceException: Insufficient Balance in account Account123
	at com.dws.challenge.service.TransferService.transferAmount(TransferService.java:21) ~[main/:na]
	at com.dws.challenge.web.AccountsTransferController.transferAmount(AccountsTransferController.java:64) ~[main/:na]
	at com.dws.challenge.ConcurrentTransferTest.lambda$concurrentTransferTest$0(ConcurrentTransferTest.java:77) ~[test/:na]
	at java.base/java.util.concurrent.ThreadPoolExecutor.runWorker(ThreadPoolExecutor.java:1136) ~[na:na]
	at java.base/java.util.concurrent.ThreadPoolExecutor$Worker.run(ThreadPoolExecutor.java:635) ~[na:na]
	at java.base/java.lang.Thread.run(Thread.java:842) ~[na:na]

2024-02-22T22:20:18.956+05:30 ERROR 89386 --- [pool-6-thread-5] c.d.c.web.AccountsTransferController     : Exception occurs

com.dws.challenge.exception.InsufficientBalanceException: Insufficient Balance in account Account123
	at com.dws.challenge.service.TransferService.transferAmount(TransferService.java:21) ~[main/:na]
	at com.dws.challenge.web.AccountsTransferController.transferAmount(AccountsTransferController.java:64) ~[main/:na]
	at com.dws.challenge.ConcurrentTransferTest.lambda$concurrentTransferTest$0(ConcurrentTransferTest.java:77) ~[test/:na]
	at java.base/java.util.concurrent.ThreadPoolExecutor.runWorker(ThreadPoolExecutor.java:1136) ~[na:na]
	at java.base/java.util.concurrent.ThreadPoolExecutor$Worker.run(ThreadPoolExecutor.java:635) ~[na:na]
	at java.base/java.lang.Thread.run(Thread.java:842) ~[na:na]

2024-02-22T22:20:18.957+05:30  INFO 89386 --- [pool-6-thread-2] c.dws.challenge.service.TransferService  : compareBalance -1 
2024-02-22T22:20:18.957+05:30 ERROR 89386 --- [pool-6-thread-2] c.d.c.web.AccountsTransferController     : Exception occurs

com.dws.challenge.exception.InsufficientBalanceException: Insufficient Balance in account Account123
	at com.dws.challenge.service.TransferService.transferAmount(TransferService.java:21) ~[main/:na]
	at com.dws.challenge.web.AccountsTransferController.transferAmount(AccountsTransferController.java:64) ~[main/:na]
	at com.dws.challenge.ConcurrentTransferTest.lambda$concurrentTransferTest$0(ConcurrentTransferTest.java:77) ~[test/:na]
	at java.base/java.util.concurrent.ThreadPoolExecutor.runWorker(ThreadPoolExecutor.java:1136) ~[na:na]
	at java.base/java.util.concurrent.ThreadPoolExecutor$Worker.run(ThreadPoolExecutor.java:635) ~[na:na]
	at java.base/java.lang.Thread.run(Thread.java:842) ~[na:na]

2024-02-22T22:20:18.958+05:30  INFO 89386 --- [pool-6-thread-4] c.dws.challenge.service.TransferService  : compareBalance -1 
2024-02-22T22:20:18.958+05:30 ERROR 89386 --- [pool-6-thread-4] c.d.c.web.AccountsTransferController     : Exception occurs

com.dws.challenge.exception.InsufficientBalanceException: Insufficient Balance in account Account123
	at com.dws.challenge.service.TransferService.transferAmount(TransferService.java:21) ~[main/:na]
	at com.dws.challenge.web.AccountsTransferController.transferAmount(AccountsTransferController.java:64) ~[main/:na]
	at com.dws.challenge.ConcurrentTransferTest.lambda$concurrentTransferTest$0(ConcurrentTransferTest.java:77) ~[test/:na]
	at java.base/java.util.concurrent.ThreadPoolExecutor.runWorker(ThreadPoolExecutor.java:1136) ~[na:na]
	at java.base/java.util.concurrent.ThreadPoolExecutor$Worker.run(ThreadPoolExecutor.java:635) ~[na:na]
	at java.base/java.lang.Thread.run(Thread.java:842) ~[na:na]

2024-02-22T22:20:18.959+05:30  INFO 89386 --- [pool-6-thread-1] c.dws.challenge.service.TransferService  : compareBalance -1 
2024-02-22T22:20:18.959+05:30 ERROR 89386 --- [pool-6-thread-1] c.d.c.web.AccountsTransferController     : Exception occurs

com.dws.challenge.exception.InsufficientBalanceException: Insufficient Balance in account Account123
	at com.dws.challenge.service.TransferService.transferAmount(TransferService.java:21) ~[main/:na]
	at com.dws.challenge.web.AccountsTransferController.transferAmount(AccountsTransferController.java:64) ~[main/:na]
	at com.dws.challenge.ConcurrentTransferTest.lambda$concurrentTransferTest$0(ConcurrentTransferTest.java:77) ~[test/:na]
	at java.base/java.util.concurrent.ThreadPoolExecutor.runWorker(ThreadPoolExecutor.java:1136) ~[na:na]
	at java.base/java.util.concurrent.ThreadPoolExecutor$Worker.run(ThreadPoolExecutor.java:635) ~[na:na]
	at java.base/java.lang.Thread.run(Thread.java:842) ~[na:na]

2024-02-22T22:20:18.960+05:30  INFO 89386 --- [ool-6-thread-12] c.dws.challenge.service.TransferService  : compareBalance -1 
2024-02-22T22:20:18.960+05:30  INFO 89386 --- [ool-6-thread-20] c.dws.challenge.service.TransferService  : compareBalance -1 
2024-02-22T22:20:18.960+05:30 ERROR 89386 --- [ool-6-thread-12] c.d.c.web.AccountsTransferController     : Exception occurs

com.dws.challenge.exception.InsufficientBalanceException: Insufficient Balance in account Account123
	at com.dws.challenge.service.TransferService.transferAmount(TransferService.java:21) ~[main/:na]
	at com.dws.challenge.web.AccountsTransferController.transferAmount(AccountsTransferController.java:64) ~[main/:na]
	at com.dws.challenge.ConcurrentTransferTest.lambda$concurrentTransferTest$0(ConcurrentTransferTest.java:77) ~[test/:na]
	at java.base/java.util.concurrent.ThreadPoolExecutor.runWorker(ThreadPoolExecutor.java:1136) ~[na:na]
	at java.base/java.util.concurrent.ThreadPoolExecutor$Worker.run(ThreadPoolExecutor.java:635) ~[na:na]
	at java.base/java.lang.Thread.run(Thread.java:842) ~[na:na]

2024-02-22T22:20:18.961+05:30  INFO 89386 --- [pool-6-thread-9] c.dws.challenge.service.TransferService  : compareBalance -1 
2024-02-22T22:20:18.961+05:30 ERROR 89386 --- [ool-6-thread-20] c.d.c.web.AccountsTransferController     : Exception occurs

com.dws.challenge.exception.InsufficientBalanceException: Insufficient Balance in account Account123
	at com.dws.challenge.service.TransferService.transferAmount(TransferService.java:21) ~[main/:na]
	at com.dws.challenge.web.AccountsTransferController.transferAmount(AccountsTransferController.java:64) ~[main/:na]
	at com.dws.challenge.ConcurrentTransferTest.lambda$concurrentTransferTest$0(ConcurrentTransferTest.java:77) ~[test/:na]
	at java.base/java.util.concurrent.ThreadPoolExecutor.runWorker(ThreadPoolExecutor.java:1136) ~[na:na]
	at java.base/java.util.concurrent.ThreadPoolExecutor$Worker.run(ThreadPoolExecutor.java:635) ~[na:na]
	at java.base/java.lang.Thread.run(Thread.java:842) ~[na:na]

2024-02-22T22:20:18.961+05:30 ERROR 89386 --- [pool-6-thread-9] c.d.c.web.AccountsTransferController     : Exception occurs

com.dws.challenge.exception.InsufficientBalanceException: Insufficient Balance in account Account123
	at com.dws.challenge.service.TransferService.transferAmount(TransferService.java:21) ~[main/:na]
	at com.dws.challenge.web.AccountsTransferController.transferAmount(AccountsTransferController.java:64) ~[main/:na]
	at com.dws.challenge.ConcurrentTransferTest.lambda$concurrentTransferTest$0(ConcurrentTransferTest.java:77) ~[test/:na]
	at java.base/java.util.concurrent.ThreadPoolExecutor.runWorker(ThreadPoolExecutor.java:1136) ~[na:na]
	at java.base/java.util.concurrent.ThreadPoolExecutor$Worker.run(ThreadPoolExecutor.java:635) ~[na:na]
	at java.base/java.lang.Thread.run(Thread.java:842) ~[na:na]

2024-02-22T22:20:18.961+05:30  INFO 89386 --- [pool-6-thread-8] c.dws.challenge.service.TransferService  : compareBalance -1 
2024-02-22T22:20:18.962+05:30  INFO 89386 --- [pool-6-thread-7] c.dws.challenge.service.TransferService  : compareBalance -1 
2024-02-22T22:20:18.962+05:30 ERROR 89386 --- [pool-6-thread-8] c.d.c.web.AccountsTransferController     : Exception occurs

com.dws.challenge.exception.InsufficientBalanceException: Insufficient Balance in account Account123
	at com.dws.challenge.service.TransferService.transferAmount(TransferService.java:21) ~[main/:na]
	at com.dws.challenge.web.AccountsTransferController.transferAmount(AccountsTransferController.java:64) ~[main/:na]
	at com.dws.challenge.ConcurrentTransferTest.lambda$concurrentTransferTest$0(ConcurrentTransferTest.java:77) ~[test/:na]
	at java.base/java.util.concurrent.ThreadPoolExecutor.runWorker(ThreadPoolExecutor.java:1136) ~[na:na]
	at java.base/java.util.concurrent.ThreadPoolExecutor$Worker.run(ThreadPoolExecutor.java:635) ~[na:na]
	at java.base/java.lang.Thread.run(Thread.java:842) ~[na:na]

2024-02-22T22:20:18.962+05:30 ERROR 89386 --- [pool-6-thread-7] c.d.c.web.AccountsTransferController     : Exception occurs

com.dws.challenge.exception.InsufficientBalanceException: Insufficient Balance in account Account123
	at com.dws.challenge.service.TransferService.transferAmount(TransferService.java:21) ~[main/:na]
	at com.dws.challenge.web.AccountsTransferController.transferAmount(AccountsTransferController.java:64) ~[main/:na]
	at com.dws.challenge.ConcurrentTransferTest.lambda$concurrentTransferTest$0(ConcurrentTransferTest.java:77) ~[test/:na]
	at java.base/java.util.concurrent.ThreadPoolExecutor.runWorker(ThreadPoolExecutor.java:1136) ~[na:na]
	at java.base/java.util.concurrent.ThreadPoolExecutor$Worker.run(ThreadPoolExecutor.java:635) ~[na:na]
	at java.base/java.lang.Thread.run(Thread.java:842) ~[na:na]

2024-02-22T22:20:18.962+05:30  INFO 89386 --- [ool-6-thread-19] c.dws.challenge.service.TransferService  : compareBalance -1 
2024-02-22T22:20:18.963+05:30 ERROR 89386 --- [ool-6-thread-19] c.d.c.web.AccountsTransferController     : Exception occurs

com.dws.challenge.exception.InsufficientBalanceException: Insufficient Balance in account Account123
	at com.dws.challenge.service.TransferService.transferAmount(TransferService.java:21) ~[main/:na]
	at com.dws.challenge.web.AccountsTransferController.transferAmount(AccountsTransferController.java:64) ~[main/:na]
	at com.dws.challenge.ConcurrentTransferTest.lambda$concurrentTransferTest$0(ConcurrentTransferTest.java:77) ~[test/:na]
	at java.base/java.util.concurrent.ThreadPoolExecutor.runWorker(ThreadPoolExecutor.java:1136) ~[na:na]
	at java.base/java.util.concurrent.ThreadPoolExecutor$Worker.run(ThreadPoolExecutor.java:635) ~[na:na]
	at java.base/java.lang.Thread.run(Thread.java:842) ~[na:na]

2024-02-22T22:20:18.977+05:30  INFO 89386 --- [pool-7-thread-4] c.d.c.web.AccountsTransferController     : Transfer Amount  Transfer(accountFrom=Account123, accountTo=Account124, amount=1000)
2024-02-22T22:20:18.977+05:30  INFO 89386 --- [pool-7-thread-1] c.d.c.web.AccountsTransferController     : Transfer Amount  Transfer(accountFrom=Account123, accountTo=Account124, amount=1000)
2024-02-22T22:20:18.977+05:30  INFO 89386 --- [ool-7-thread-16] c.d.c.web.AccountsTransferController     : Transfer Amount  Transfer(accountFrom=Account123, accountTo=Account124, amount=1000)
2024-02-22T22:20:18.977+05:30  INFO 89386 --- [ool-7-thread-20] c.d.c.web.AccountsTransferController     : Transfer Amount  Transfer(accountFrom=Account123, accountTo=Account124, amount=1000)
2024-02-22T22:20:18.977+05:30  INFO 89386 --- [pool-7-thread-8] c.d.c.web.AccountsTransferController     : Transfer Amount  Transfer(accountFrom=Account123, accountTo=Account124, amount=1000)
2024-02-22T22:20:18.977+05:30  INFO 89386 --- [pool-7-thread-5] c.d.c.web.AccountsTransferController     : Transfer Amount  Transfer(accountFrom=Account123, accountTo=Account124, amount=1000)
2024-02-22T22:20:18.977+05:30  INFO 89386 --- [pool-7-thread-7] c.d.c.web.AccountsTransferController     : Transfer Amount  Transfer(accountFrom=Account123, accountTo=Account124, amount=1000)
2024-02-22T22:20:18.977+05:30  INFO 89386 --- [pool-7-thread-9] c.d.c.web.AccountsTransferController     : Transfer Amount  Transfer(accountFrom=Account123, accountTo=Account124, amount=1000)
2024-02-22T22:20:18.977+05:30  INFO 89386 --- [pool-7-thread-3] c.d.c.web.AccountsTransferController     : Transfer Amount  Transfer(accountFrom=Account123, accountTo=Account124, amount=1000)
2024-02-22T22:20:18.977+05:30  INFO 89386 --- [pool-7-thread-6] c.d.c.web.AccountsTransferController     : Transfer Amount  Transfer(accountFrom=Account123, accountTo=Account124, amount=1000)
2024-02-22T22:20:18.977+05:30  INFO 89386 --- [pool-7-thread-2] c.d.c.web.AccountsTransferController     : Transfer Amount  Transfer(accountFrom=Account123, accountTo=Account124, amount=1000)
2024-02-22T22:20:18.977+05:30  INFO 89386 --- [ool-7-thread-10] c.d.c.web.AccountsTransferController     : Transfer Amount  Transfer(accountFrom=Account123, accountTo=Account124, amount=1000)
2024-02-22T22:20:18.977+05:30  INFO 89386 --- [ool-7-thread-11] c.d.c.web.AccountsTransferController     : Transfer Amount  Transfer(accountFrom=Account123, accountTo=Account124, amount=1000)
2024-02-22T22:20:18.977+05:30  INFO 89386 --- [ool-7-thread-13] c.d.c.web.AccountsTransferController     : Transfer Amount  Transfer(accountFrom=Account123, accountTo=Account124, amount=1000)
2024-02-22T22:20:18.977+05:30  INFO 89386 --- [ool-7-thread-12] c.d.c.web.AccountsTransferController     : Transfer Amount  Transfer(accountFrom=Account123, accountTo=Account124, amount=1000)
2024-02-22T22:20:18.977+05:30  INFO 89386 --- [ool-7-thread-14] c.d.c.web.AccountsTransferController     : Transfer Amount  Transfer(accountFrom=Account123, accountTo=Account124, amount=1000)
2024-02-22T22:20:18.977+05:30  INFO 89386 --- [pool-7-thread-4] c.dws.challenge.service.TransferService  : compareBalance 0 
2024-02-22T22:20:18.977+05:30  INFO 89386 --- [ool-7-thread-15] c.d.c.web.AccountsTransferController     : Transfer Amount  Transfer(accountFrom=Account123, accountTo=Account124, amount=1000)
2024-02-22T22:20:18.977+05:30  INFO 89386 --- [ool-7-thread-17] c.d.c.web.AccountsTransferController     : Transfer Amount  Transfer(accountFrom=Account123, accountTo=Account124, amount=1000)
2024-02-22T22:20:18.977+05:30  INFO 89386 --- [ool-7-thread-18] c.d.c.web.AccountsTransferController     : Transfer Amount  Transfer(accountFrom=Account123, accountTo=Account124, amount=1000)
2024-02-22T22:20:18.977+05:30  INFO 89386 --- [ool-7-thread-19] c.d.c.web.AccountsTransferController     : Transfer Amount  Transfer(accountFrom=Account123, accountTo=Account124, amount=1000)
2024-02-22T22:20:18.979+05:30  INFO 89386 --- [pool-7-thread-4] c.d.c.web.AccountsTransferController     : notification sent successfully
2024-02-22T22:20:18.979+05:30  INFO 89386 --- [ool-7-thread-19] c.dws.challenge.service.TransferService  : compareBalance -1 
2024-02-22T22:20:18.979+05:30  INFO 89386 --- [ool-7-thread-18] c.dws.challenge.service.TransferService  : compareBalance -1 
2024-02-22T22:20:18.979+05:30 ERROR 89386 --- [ool-7-thread-19] c.d.c.web.AccountsTransferController     : Exception occurs

com.dws.challenge.exception.InsufficientBalanceException: Insufficient Balance in account Account123
	at com.dws.challenge.service.TransferService.transferAmount(TransferService.java:21) ~[main/:na]
	at com.dws.challenge.web.AccountsTransferController.transferAmount(AccountsTransferController.java:64) ~[main/:na]
	at com.dws.challenge.ConcurrentTransferTest.lambda$concurrentTransferTest$0(ConcurrentTransferTest.java:77) ~[test/:na]
	at java.base/java.util.concurrent.ThreadPoolExecutor.runWorker(ThreadPoolExecutor.java:1136) ~[na:na]
	at java.base/java.util.concurrent.ThreadPoolExecutor$Worker.run(ThreadPoolExecutor.java:635) ~[na:na]
	at java.base/java.lang.Thread.run(Thread.java:842) ~[na:na]

2024-02-22T22:20:18.980+05:30  INFO 89386 --- [ool-7-thread-17] c.dws.challenge.service.TransferService  : compareBalance -1 
2024-02-22T22:20:18.980+05:30 ERROR 89386 --- [ool-7-thread-18] c.d.c.web.AccountsTransferController     : Exception occurs

com.dws.challenge.exception.InsufficientBalanceException: Insufficient Balance in account Account123
	at com.dws.challenge.service.TransferService.transferAmount(TransferService.java:21) ~[main/:na]
	at com.dws.challenge.web.AccountsTransferController.transferAmount(AccountsTransferController.java:64) ~[main/:na]
	at com.dws.challenge.ConcurrentTransferTest.lambda$concurrentTransferTest$0(ConcurrentTransferTest.java:77) ~[test/:na]
	at java.base/java.util.concurrent.ThreadPoolExecutor.runWorker(ThreadPoolExecutor.java:1136) ~[na:na]
	at java.base/java.util.concurrent.ThreadPoolExecutor$Worker.run(ThreadPoolExecutor.java:635) ~[na:na]
	at java.base/java.lang.Thread.run(Thread.java:842) ~[na:na]

2024-02-22T22:20:18.980+05:30  INFO 89386 --- [ool-7-thread-15] c.dws.challenge.service.TransferService  : compareBalance -1 
2024-02-22T22:20:18.980+05:30 ERROR 89386 --- [ool-7-thread-17] c.d.c.web.AccountsTransferController     : Exception occurs

com.dws.challenge.exception.InsufficientBalanceException: Insufficient Balance in account Account123
	at com.dws.challenge.service.TransferService.transferAmount(TransferService.java:21) ~[main/:na]
	at com.dws.challenge.web.AccountsTransferController.transferAmount(AccountsTransferController.java:64) ~[main/:na]
	at com.dws.challenge.ConcurrentTransferTest.lambda$concurrentTransferTest$0(ConcurrentTransferTest.java:77) ~[test/:na]
	at java.base/java.util.concurrent.ThreadPoolExecutor.runWorker(ThreadPoolExecutor.java:1136) ~[na:na]
	at java.base/java.util.concurrent.ThreadPoolExecutor$Worker.run(ThreadPoolExecutor.java:635) ~[na:na]
	at java.base/java.lang.Thread.run(Thread.java:842) ~[na:na]

2024-02-22T22:20:18.980+05:30  INFO 89386 --- [ool-7-thread-14] c.dws.challenge.service.TransferService  : compareBalance -1 
2024-02-22T22:20:18.980+05:30 ERROR 89386 --- [ool-7-thread-15] c.d.c.web.AccountsTransferController     : Exception occurs

com.dws.challenge.exception.InsufficientBalanceException: Insufficient Balance in account Account123
	at com.dws.challenge.service.TransferService.transferAmount(TransferService.java:21) ~[main/:na]
	at com.dws.challenge.web.AccountsTransferController.transferAmount(AccountsTransferController.java:64) ~[main/:na]
	at com.dws.challenge.ConcurrentTransferTest.lambda$concurrentTransferTest$0(ConcurrentTransferTest.java:77) ~[test/:na]
	at java.base/java.util.concurrent.ThreadPoolExecutor.runWorker(ThreadPoolExecutor.java:1136) ~[na:na]
	at java.base/java.util.concurrent.ThreadPoolExecutor$Worker.run(ThreadPoolExecutor.java:635) ~[na:na]
	at java.base/java.lang.Thread.run(Thread.java:842) ~[na:na]

2024-02-22T22:20:18.981+05:30  INFO 89386 --- [ool-7-thread-12] c.dws.challenge.service.TransferService  : compareBalance -1 
2024-02-22T22:20:18.980+05:30 ERROR 89386 --- [ool-7-thread-14] c.d.c.web.AccountsTransferController     : Exception occurs

com.dws.challenge.exception.InsufficientBalanceException: Insufficient Balance in account Account123
	at com.dws.challenge.service.TransferService.transferAmount(TransferService.java:21) ~[main/:na]
	at com.dws.challenge.web.AccountsTransferController.transferAmount(AccountsTransferController.java:64) ~[main/:na]
	at com.dws.challenge.ConcurrentTransferTest.lambda$concurrentTransferTest$0(ConcurrentTransferTest.java:77) ~[test/:na]
	at java.base/java.util.concurrent.ThreadPoolExecutor.runWorker(ThreadPoolExecutor.java:1136) ~[na:na]
	at java.base/java.util.concurrent.ThreadPoolExecutor$Worker.run(ThreadPoolExecutor.java:635) ~[na:na]
	at java.base/java.lang.Thread.run(Thread.java:842) ~[na:na]

2024-02-22T22:20:18.981+05:30  INFO 89386 --- [ool-7-thread-13] c.dws.challenge.service.TransferService  : compareBalance -1 
2024-02-22T22:20:18.981+05:30 ERROR 89386 --- [ool-7-thread-12] c.d.c.web.AccountsTransferController     : Exception occurs

com.dws.challenge.exception.InsufficientBalanceException: Insufficient Balance in account Account123
	at com.dws.challenge.service.TransferService.transferAmount(TransferService.java:21) ~[main/:na]
	at com.dws.challenge.web.AccountsTransferController.transferAmount(AccountsTransferController.java:64) ~[main/:na]
	at com.dws.challenge.ConcurrentTransferTest.lambda$concurrentTransferTest$0(ConcurrentTransferTest.java:77) ~[test/:na]
	at java.base/java.util.concurrent.ThreadPoolExecutor.runWorker(ThreadPoolExecutor.java:1136) ~[na:na]
	at java.base/java.util.concurrent.ThreadPoolExecutor$Worker.run(ThreadPoolExecutor.java:635) ~[na:na]
	at java.base/java.lang.Thread.run(Thread.java:842) ~[na:na]

2024-02-22T22:20:18.981+05:30  INFO 89386 --- [ool-7-thread-11] c.dws.challenge.service.TransferService  : compareBalance -1 
2024-02-22T22:20:18.981+05:30 ERROR 89386 --- [ool-7-thread-13] c.d.c.web.AccountsTransferController     : Exception occurs

com.dws.challenge.exception.InsufficientBalanceException: Insufficient Balance in account Account123
	at com.dws.challenge.service.TransferService.transferAmount(TransferService.java:21) ~[main/:na]
	at com.dws.challenge.web.AccountsTransferController.transferAmount(AccountsTransferController.java:64) ~[main/:na]
	at com.dws.challenge.ConcurrentTransferTest.lambda$concurrentTransferTest$0(ConcurrentTransferTest.java:77) ~[test/:na]
	at java.base/java.util.concurrent.ThreadPoolExecutor.runWorker(ThreadPoolExecutor.java:1136) ~[na:na]
	at java.base/java.util.concurrent.ThreadPoolExecutor$Worker.run(ThreadPoolExecutor.java:635) ~[na:na]
	at java.base/java.lang.Thread.run(Thread.java:842) ~[na:na]

2024-02-22T22:20:18.981+05:30  INFO 89386 --- [ool-7-thread-10] c.dws.challenge.service.TransferService  : compareBalance -1 
2024-02-22T22:20:18.981+05:30 ERROR 89386 --- [ool-7-thread-11] c.d.c.web.AccountsTransferController     : Exception occurs

com.dws.challenge.exception.InsufficientBalanceException: Insufficient Balance in account Account123
	at com.dws.challenge.service.TransferService.transferAmount(TransferService.java:21) ~[main/:na]
	at com.dws.challenge.web.AccountsTransferController.transferAmount(AccountsTransferController.java:64) ~[main/:na]
	at com.dws.challenge.ConcurrentTransferTest.lambda$concurrentTransferTest$0(ConcurrentTransferTest.java:77) ~[test/:na]
	at java.base/java.util.concurrent.ThreadPoolExecutor.runWorker(ThreadPoolExecutor.java:1136) ~[na:na]
	at java.base/java.util.concurrent.ThreadPoolExecutor$Worker.run(ThreadPoolExecutor.java:635) ~[na:na]
	at java.base/java.lang.Thread.run(Thread.java:842) ~[na:na]

2024-02-22T22:20:18.981+05:30 ERROR 89386 --- [ool-7-thread-10] c.d.c.web.AccountsTransferController     : Exception occurs

com.dws.challenge.exception.InsufficientBalanceException: Insufficient Balance in account Account123
	at com.dws.challenge.service.TransferService.transferAmount(TransferService.java:21) ~[main/:na]
	at com.dws.challenge.web.AccountsTransferController.transferAmount(AccountsTransferController.java:64) ~[main/:na]
	at com.dws.challenge.ConcurrentTransferTest.lambda$concurrentTransferTest$0(ConcurrentTransferTest.java:77) ~[test/:na]
	at java.base/java.util.concurrent.ThreadPoolExecutor.runWorker(ThreadPoolExecutor.java:1136) ~[na:na]
	at java.base/java.util.concurrent.ThreadPoolExecutor$Worker.run(ThreadPoolExecutor.java:635) ~[na:na]
	at java.base/java.lang.Thread.run(Thread.java:842) ~[na:na]

2024-02-22T22:20:18.982+05:30  INFO 89386 --- [pool-7-thread-2] c.dws.challenge.service.TransferService  : compareBalance -1 
2024-02-22T22:20:18.982+05:30  INFO 89386 --- [pool-7-thread-6] c.dws.challenge.service.TransferService  : compareBalance -1 
2024-02-22T22:20:18.982+05:30 ERROR 89386 --- [pool-7-thread-2] c.d.c.web.AccountsTransferController     : Exception occurs

com.dws.challenge.exception.InsufficientBalanceException: Insufficient Balance in account Account123
	at com.dws.challenge.service.TransferService.transferAmount(TransferService.java:21) ~[main/:na]
	at com.dws.challenge.web.AccountsTransferController.transferAmount(AccountsTransferController.java:64) ~[main/:na]
	at com.dws.challenge.ConcurrentTransferTest.lambda$concurrentTransferTest$0(ConcurrentTransferTest.java:77) ~[test/:na]
	at java.base/java.util.concurrent.ThreadPoolExecutor.runWorker(ThreadPoolExecutor.java:1136) ~[na:na]
	at java.base/java.util.concurrent.ThreadPoolExecutor$Worker.run(ThreadPoolExecutor.java:635) ~[na:na]
	at java.base/java.lang.Thread.run(Thread.java:842) ~[na:na]

2024-02-22T22:20:18.982+05:30 ERROR 89386 --- [pool-7-thread-6] c.d.c.web.AccountsTransferController     : Exception occurs

com.dws.challenge.exception.InsufficientBalanceException: Insufficient Balance in account Account123
	at com.dws.challenge.service.TransferService.transferAmount(TransferService.java:21) ~[main/:na]
	at com.dws.challenge.web.AccountsTransferController.transferAmount(AccountsTransferController.java:64) ~[main/:na]
	at com.dws.challenge.ConcurrentTransferTest.lambda$concurrentTransferTest$0(ConcurrentTransferTest.java:77) ~[test/:na]
	at java.base/java.util.concurrent.ThreadPoolExecutor.runWorker(ThreadPoolExecutor.java:1136) ~[na:na]
	at java.base/java.util.concurrent.ThreadPoolExecutor$Worker.run(ThreadPoolExecutor.java:635) ~[na:na]
	at java.base/java.lang.Thread.run(Thread.java:842) ~[na:na]

2024-02-22T22:20:18.982+05:30  INFO 89386 --- [pool-7-thread-3] c.dws.challenge.service.TransferService  : compareBalance -1 
2024-02-22T22:20:18.983+05:30  INFO 89386 --- [pool-7-thread-9] c.dws.challenge.service.TransferService  : compareBalance -1 
2024-02-22T22:20:18.983+05:30 ERROR 89386 --- [pool-7-thread-3] c.d.c.web.AccountsTransferController     : Exception occurs

com.dws.challenge.exception.InsufficientBalanceException: Insufficient Balance in account Account123
	at com.dws.challenge.service.TransferService.transferAmount(TransferService.java:21) ~[main/:na]
	at com.dws.challenge.web.AccountsTransferController.transferAmount(AccountsTransferController.java:64) ~[main/:na]
	at com.dws.challenge.ConcurrentTransferTest.lambda$concurrentTransferTest$0(ConcurrentTransferTest.java:77) ~[test/:na]
	at java.base/java.util.concurrent.ThreadPoolExecutor.runWorker(ThreadPoolExecutor.java:1136) ~[na:na]
	at java.base/java.util.concurrent.ThreadPoolExecutor$Worker.run(ThreadPoolExecutor.java:635) ~[na:na]
	at java.base/java.lang.Thread.run(Thread.java:842) ~[na:na]

2024-02-22T22:20:18.983+05:30 ERROR 89386 --- [pool-7-thread-9] c.d.c.web.AccountsTransferController     : Exception occurs

com.dws.challenge.exception.InsufficientBalanceException: Insufficient Balance in account Account123
	at com.dws.challenge.service.TransferService.transferAmount(TransferService.java:21) ~[main/:na]
	at com.dws.challenge.web.AccountsTransferController.transferAmount(AccountsTransferController.java:64) ~[main/:na]
	at com.dws.challenge.ConcurrentTransferTest.lambda$concurrentTransferTest$0(ConcurrentTransferTest.java:77) ~[test/:na]
	at java.base/java.util.concurrent.ThreadPoolExecutor.runWorker(ThreadPoolExecutor.java:1136) ~[na:na]
	at java.base/java.util.concurrent.ThreadPoolExecutor$Worker.run(ThreadPoolExecutor.java:635) ~[na:na]
	at java.base/java.lang.Thread.run(Thread.java:842) ~[na:na]

2024-02-22T22:20:18.983+05:30  INFO 89386 --- [pool-7-thread-7] c.dws.challenge.service.TransferService  : compareBalance -1 
2024-02-22T22:20:18.983+05:30  INFO 89386 --- [pool-7-thread-5] c.dws.challenge.service.TransferService  : compareBalance -1 
2024-02-22T22:20:18.983+05:30 ERROR 89386 --- [pool-7-thread-7] c.d.c.web.AccountsTransferController     : Exception occurs

com.dws.challenge.exception.InsufficientBalanceException: Insufficient Balance in account Account123
	at com.dws.challenge.service.TransferService.transferAmount(TransferService.java:21) ~[main/:na]
	at com.dws.challenge.web.AccountsTransferController.transferAmount(AccountsTransferController.java:64) ~[main/:na]
	at com.dws.challenge.ConcurrentTransferTest.lambda$concurrentTransferTest$0(ConcurrentTransferTest.java:77) ~[test/:na]
	at java.base/java.util.concurrent.ThreadPoolExecutor.runWorker(ThreadPoolExecutor.java:1136) ~[na:na]
	at java.base/java.util.concurrent.ThreadPoolExecutor$Worker.run(ThreadPoolExecutor.java:635) ~[na:na]
	at java.base/java.lang.Thread.run(Thread.java:842) ~[na:na]

2024-02-22T22:20:18.984+05:30  INFO 89386 --- [pool-7-thread-8] c.dws.challenge.service.TransferService  : compareBalance -1 
2024-02-22T22:20:18.984+05:30 ERROR 89386 --- [pool-7-thread-5] c.d.c.web.AccountsTransferController     : Exception occurs

com.dws.challenge.exception.InsufficientBalanceException: Insufficient Balance in account Account123
	at com.dws.challenge.service.TransferService.transferAmount(TransferService.java:21) ~[main/:na]
	at com.dws.challenge.web.AccountsTransferController.transferAmount(AccountsTransferController.java:64) ~[main/:na]
	at com.dws.challenge.ConcurrentTransferTest.lambda$concurrentTransferTest$0(ConcurrentTransferTest.java:77) ~[test/:na]
	at java.base/java.util.concurrent.ThreadPoolExecutor.runWorker(ThreadPoolExecutor.java:1136) ~[na:na]
	at java.base/java.util.concurrent.ThreadPoolExecutor$Worker.run(ThreadPoolExecutor.java:635) ~[na:na]
	at java.base/java.lang.Thread.run(Thread.java:842) ~[na:na]

2024-02-22T22:20:18.984+05:30  INFO 89386 --- [ool-7-thread-20] c.dws.challenge.service.TransferService  : compareBalance -1 
2024-02-22T22:20:18.984+05:30 ERROR 89386 --- [pool-7-thread-8] c.d.c.web.AccountsTransferController     : Exception occurs

com.dws.challenge.exception.InsufficientBalanceException: Insufficient Balance in account Account123
	at com.dws.challenge.service.TransferService.transferAmount(TransferService.java:21) ~[main/:na]
	at com.dws.challenge.web.AccountsTransferController.transferAmount(AccountsTransferController.java:64) ~[main/:na]
	at com.dws.challenge.ConcurrentTransferTest.lambda$concurrentTransferTest$0(ConcurrentTransferTest.java:77) ~[test/:na]
	at java.base/java.util.concurrent.ThreadPoolExecutor.runWorker(ThreadPoolExecutor.java:1136) ~[na:na]
	at java.base/java.util.concurrent.ThreadPoolExecutor$Worker.run(ThreadPoolExecutor.java:635) ~[na:na]
	at java.base/java.lang.Thread.run(Thread.java:842) ~[na:na]

2024-02-22T22:20:18.984+05:30  INFO 89386 --- [ool-7-thread-16] c.dws.challenge.service.TransferService  : compareBalance -1 
2024-02-22T22:20:18.984+05:30 ERROR 89386 --- [ool-7-thread-20] c.d.c.web.AccountsTransferController     : Exception occurs

com.dws.challenge.exception.InsufficientBalanceException: Insufficient Balance in account Account123
	at com.dws.challenge.service.TransferService.transferAmount(TransferService.java:21) ~[main/:na]
	at com.dws.challenge.web.AccountsTransferController.transferAmount(AccountsTransferController.java:64) ~[main/:na]
	at com.dws.challenge.ConcurrentTransferTest.lambda$concurrentTransferTest$0(ConcurrentTransferTest.java:77) ~[test/:na]
	at java.base/java.util.concurrent.ThreadPoolExecutor.runWorker(ThreadPoolExecutor.java:1136) ~[na:na]
	at java.base/java.util.concurrent.ThreadPoolExecutor$Worker.run(ThreadPoolExecutor.java:635) ~[na:na]
	at java.base/java.lang.Thread.run(Thread.java:842) ~[na:na]

2024-02-22T22:20:18.985+05:30  INFO 89386 --- [pool-7-thread-1] c.dws.challenge.service.TransferService  : compareBalance -1 
2024-02-22T22:20:18.985+05:30 ERROR 89386 --- [ool-7-thread-16] c.d.c.web.AccountsTransferController     : Exception occurs

com.dws.challenge.exception.InsufficientBalanceException: Insufficient Balance in account Account123
	at com.dws.challenge.service.TransferService.transferAmount(TransferService.java:21) ~[main/:na]
	at com.dws.challenge.web.AccountsTransferController.transferAmount(AccountsTransferController.java:64) ~[main/:na]
	at com.dws.challenge.ConcurrentTransferTest.lambda$concurrentTransferTest$0(ConcurrentTransferTest.java:77) ~[test/:na]
	at java.base/java.util.concurrent.ThreadPoolExecutor.runWorker(ThreadPoolExecutor.java:1136) ~[na:na]
	at java.base/java.util.concurrent.ThreadPoolExecutor$Worker.run(ThreadPoolExecutor.java:635) ~[na:na]
	at java.base/java.lang.Thread.run(Thread.java:842) ~[na:na]

2024-02-22T22:20:18.985+05:30 ERROR 89386 --- [pool-7-thread-1] c.d.c.web.AccountsTransferController     : Exception occurs

com.dws.challenge.exception.InsufficientBalanceException: Insufficient Balance in account Account123
	at com.dws.challenge.service.TransferService.transferAmount(TransferService.java:21) ~[main/:na]
	at com.dws.challenge.web.AccountsTransferController.transferAmount(AccountsTransferController.java:64) ~[main/:na]
	at com.dws.challenge.ConcurrentTransferTest.lambda$concurrentTransferTest$0(ConcurrentTransferTest.java:77) ~[test/:na]
	at java.base/java.util.concurrent.ThreadPoolExecutor.runWorker(ThreadPoolExecutor.java:1136) ~[na:na]
	at java.base/java.util.concurrent.ThreadPoolExecutor$Worker.run(ThreadPoolExecutor.java:635) ~[na:na]
	at java.base/java.lang.Thread.run(Thread.java:842) ~[na:na]

2024-02-22T22:20:18.999+05:30  INFO 89386 --- [pool-8-thread-2] c.d.c.web.AccountsTransferController     : Transfer Amount  Transfer(accountFrom=Account123, accountTo=Account124, amount=1000)
2024-02-22T22:20:18.999+05:30  INFO 89386 --- [pool-8-thread-7] c.d.c.web.AccountsTransferController     : Transfer Amount  Transfer(accountFrom=Account123, accountTo=Account124, amount=1000)
2024-02-22T22:20:19.000+05:30  INFO 89386 --- [ool-8-thread-15] c.d.c.web.AccountsTransferController     : Transfer Amount  Transfer(accountFrom=Account123, accountTo=Account124, amount=1000)
2024-02-22T22:20:18.999+05:30  INFO 89386 --- [pool-8-thread-1] c.d.c.web.AccountsTransferController     : Transfer Amount  Transfer(accountFrom=Account123, accountTo=Account124, amount=1000)
2024-02-22T22:20:18.999+05:30  INFO 89386 --- [pool-8-thread-5] c.d.c.web.AccountsTransferController     : Transfer Amount  Transfer(accountFrom=Account123, accountTo=Account124, amount=1000)
2024-02-22T22:20:18.999+05:30  INFO 89386 --- [ool-8-thread-20] c.d.c.web.AccountsTransferController     : Transfer Amount  Transfer(accountFrom=Account123, accountTo=Account124, amount=1000)
2024-02-22T22:20:18.999+05:30  INFO 89386 --- [pool-8-thread-6] c.d.c.web.AccountsTransferController     : Transfer Amount  Transfer(accountFrom=Account123, accountTo=Account124, amount=1000)
2024-02-22T22:20:18.999+05:30  INFO 89386 --- [pool-8-thread-4] c.d.c.web.AccountsTransferController     : Transfer Amount  Transfer(accountFrom=Account123, accountTo=Account124, amount=1000)
2024-02-22T22:20:18.999+05:30  INFO 89386 --- [pool-8-thread-3] c.d.c.web.AccountsTransferController     : Transfer Amount  Transfer(accountFrom=Account123, accountTo=Account124, amount=1000)
2024-02-22T22:20:18.999+05:30  INFO 89386 --- [pool-8-thread-8] c.d.c.web.AccountsTransferController     : Transfer Amount  Transfer(accountFrom=Account123, accountTo=Account124, amount=1000)
2024-02-22T22:20:18.999+05:30  INFO 89386 --- [pool-8-thread-9] c.d.c.web.AccountsTransferController     : Transfer Amount  Transfer(accountFrom=Account123, accountTo=Account124, amount=1000)
2024-02-22T22:20:18.999+05:30  INFO 89386 --- [ool-8-thread-10] c.d.c.web.AccountsTransferController     : Transfer Amount  Transfer(accountFrom=Account123, accountTo=Account124, amount=1000)
2024-02-22T22:20:18.999+05:30  INFO 89386 --- [ool-8-thread-11] c.d.c.web.AccountsTransferController     : Transfer Amount  Transfer(accountFrom=Account123, accountTo=Account124, amount=1000)
2024-02-22T22:20:18.999+05:30  INFO 89386 --- [ool-8-thread-12] c.d.c.web.AccountsTransferController     : Transfer Amount  Transfer(accountFrom=Account123, accountTo=Account124, amount=1000)
2024-02-22T22:20:18.999+05:30  INFO 89386 --- [ool-8-thread-13] c.d.c.web.AccountsTransferController     : Transfer Amount  Transfer(accountFrom=Account123, accountTo=Account124, amount=1000)
2024-02-22T22:20:19.000+05:30  INFO 89386 --- [ool-8-thread-14] c.d.c.web.AccountsTransferController     : Transfer Amount  Transfer(accountFrom=Account123, accountTo=Account124, amount=1000)
2024-02-22T22:20:19.000+05:30  INFO 89386 --- [pool-8-thread-2] c.dws.challenge.service.TransferService  : compareBalance 0 
2024-02-22T22:20:19.000+05:30  INFO 89386 --- [ool-8-thread-17] c.d.c.web.AccountsTransferController     : Transfer Amount  Transfer(accountFrom=Account123, accountTo=Account124, amount=1000)
2024-02-22T22:20:19.000+05:30  INFO 89386 --- [ool-8-thread-18] c.d.c.web.AccountsTransferController     : Transfer Amount  Transfer(accountFrom=Account123, accountTo=Account124, amount=1000)
2024-02-22T22:20:19.000+05:30  INFO 89386 --- [ool-8-thread-16] c.d.c.web.AccountsTransferController     : Transfer Amount  Transfer(accountFrom=Account123, accountTo=Account124, amount=1000)
2024-02-22T22:20:19.000+05:30  INFO 89386 --- [ool-8-thread-19] c.d.c.web.AccountsTransferController     : Transfer Amount  Transfer(accountFrom=Account123, accountTo=Account124, amount=1000)
2024-02-22T22:20:19.002+05:30  INFO 89386 --- [pool-8-thread-2] c.d.c.web.AccountsTransferController     : notification sent successfully
2024-02-22T22:20:19.002+05:30  INFO 89386 --- [ool-8-thread-19] c.dws.challenge.service.TransferService  : compareBalance -1 
2024-02-22T22:20:19.002+05:30  INFO 89386 --- [ool-8-thread-16] c.dws.challenge.service.TransferService  : compareBalance -1 
2024-02-22T22:20:19.002+05:30 ERROR 89386 --- [ool-8-thread-19] c.d.c.web.AccountsTransferController     : Exception occurs

com.dws.challenge.exception.InsufficientBalanceException: Insufficient Balance in account Account123
	at com.dws.challenge.service.TransferService.transferAmount(TransferService.java:21) ~[main/:na]
	at com.dws.challenge.web.AccountsTransferController.transferAmount(AccountsTransferController.java:64) ~[main/:na]
	at com.dws.challenge.ConcurrentTransferTest.lambda$concurrentTransferTest$0(ConcurrentTransferTest.java:77) ~[test/:na]
	at java.base/java.util.concurrent.ThreadPoolExecutor.runWorker(ThreadPoolExecutor.java:1136) ~[na:na]
	at java.base/java.util.concurrent.ThreadPoolExecutor$Worker.run(ThreadPoolExecutor.java:635) ~[na:na]
	at java.base/java.lang.Thread.run(Thread.java:842) ~[na:na]

2024-02-22T22:20:19.002+05:30  INFO 89386 --- [ool-8-thread-18] c.dws.challenge.service.TransferService  : compareBalance -1 
2024-02-22T22:20:19.002+05:30 ERROR 89386 --- [ool-8-thread-16] c.d.c.web.AccountsTransferController     : Exception occurs

com.dws.challenge.exception.InsufficientBalanceException: Insufficient Balance in account Account123
	at com.dws.challenge.service.TransferService.transferAmount(TransferService.java:21) ~[main/:na]
	at com.dws.challenge.web.AccountsTransferController.transferAmount(AccountsTransferController.java:64) ~[main/:na]
	at com.dws.challenge.ConcurrentTransferTest.lambda$concurrentTransferTest$0(ConcurrentTransferTest.java:77) ~[test/:na]
	at java.base/java.util.concurrent.ThreadPoolExecutor.runWorker(ThreadPoolExecutor.java:1136) ~[na:na]
	at java.base/java.util.concurrent.ThreadPoolExecutor$Worker.run(ThreadPoolExecutor.java:635) ~[na:na]
	at java.base/java.lang.Thread.run(Thread.java:842) ~[na:na]

2024-02-22T22:20:19.003+05:30  INFO 89386 --- [ool-8-thread-17] c.dws.challenge.service.TransferService  : compareBalance -1 
2024-02-22T22:20:19.003+05:30 ERROR 89386 --- [ool-8-thread-18] c.d.c.web.AccountsTransferController     : Exception occurs

com.dws.challenge.exception.InsufficientBalanceException: Insufficient Balance in account Account123
	at com.dws.challenge.service.TransferService.transferAmount(TransferService.java:21) ~[main/:na]
	at com.dws.challenge.web.AccountsTransferController.transferAmount(AccountsTransferController.java:64) ~[main/:na]
	at com.dws.challenge.ConcurrentTransferTest.lambda$concurrentTransferTest$0(ConcurrentTransferTest.java:77) ~[test/:na]
	at java.base/java.util.concurrent.ThreadPoolExecutor.runWorker(ThreadPoolExecutor.java:1136) ~[na:na]
	at java.base/java.util.concurrent.ThreadPoolExecutor$Worker.run(ThreadPoolExecutor.java:635) ~[na:na]
	at java.base/java.lang.Thread.run(Thread.java:842) ~[na:na]

2024-02-22T22:20:19.003+05:30  INFO 89386 --- [ool-8-thread-14] c.dws.challenge.service.TransferService  : compareBalance -1 
2024-02-22T22:20:19.003+05:30 ERROR 89386 --- [ool-8-thread-17] c.d.c.web.AccountsTransferController     : Exception occurs

com.dws.challenge.exception.InsufficientBalanceException: Insufficient Balance in account Account123
	at com.dws.challenge.service.TransferService.transferAmount(TransferService.java:21) ~[main/:na]
	at com.dws.challenge.web.AccountsTransferController.transferAmount(AccountsTransferController.java:64) ~[main/:na]
	at com.dws.challenge.ConcurrentTransferTest.lambda$concurrentTransferTest$0(ConcurrentTransferTest.java:77) ~[test/:na]
	at java.base/java.util.concurrent.ThreadPoolExecutor.runWorker(ThreadPoolExecutor.java:1136) ~[na:na]
	at java.base/java.util.concurrent.ThreadPoolExecutor$Worker.run(ThreadPoolExecutor.java:635) ~[na:na]
	at java.base/java.lang.Thread.run(Thread.java:842) ~[na:na]

2024-02-22T22:20:19.003+05:30  INFO 89386 --- [ool-8-thread-13] c.dws.challenge.service.TransferService  : compareBalance -1 
2024-02-22T22:20:19.003+05:30 ERROR 89386 --- [ool-8-thread-14] c.d.c.web.AccountsTransferController     : Exception occurs

com.dws.challenge.exception.InsufficientBalanceException: Insufficient Balance in account Account123
	at com.dws.challenge.service.TransferService.transferAmount(TransferService.java:21) ~[main/:na]
	at com.dws.challenge.web.AccountsTransferController.transferAmount(AccountsTransferController.java:64) ~[main/:na]
	at com.dws.challenge.ConcurrentTransferTest.lambda$concurrentTransferTest$0(ConcurrentTransferTest.java:77) ~[test/:na]
	at java.base/java.util.concurrent.ThreadPoolExecutor.runWorker(ThreadPoolExecutor.java:1136) ~[na:na]
	at java.base/java.util.concurrent.ThreadPoolExecutor$Worker.run(ThreadPoolExecutor.java:635) ~[na:na]
	at java.base/java.lang.Thread.run(Thread.java:842) ~[na:na]

2024-02-22T22:20:19.004+05:30  INFO 89386 --- [ool-8-thread-12] c.dws.challenge.service.TransferService  : compareBalance -1 
2024-02-22T22:20:19.004+05:30 ERROR 89386 --- [ool-8-thread-13] c.d.c.web.AccountsTransferController     : Exception occurs

com.dws.challenge.exception.InsufficientBalanceException: Insufficient Balance in account Account123
	at com.dws.challenge.service.TransferService.transferAmount(TransferService.java:21) ~[main/:na]
	at com.dws.challenge.web.AccountsTransferController.transferAmount(AccountsTransferController.java:64) ~[main/:na]
	at com.dws.challenge.ConcurrentTransferTest.lambda$concurrentTransferTest$0(ConcurrentTransferTest.java:77) ~[test/:na]
	at java.base/java.util.concurrent.ThreadPoolExecutor.runWorker(ThreadPoolExecutor.java:1136) ~[na:na]
	at java.base/java.util.concurrent.ThreadPoolExecutor$Worker.run(ThreadPoolExecutor.java:635) ~[na:na]
	at java.base/java.lang.Thread.run(Thread.java:842) ~[na:na]

2024-02-22T22:20:19.004+05:30  INFO 89386 --- [ool-8-thread-11] c.dws.challenge.service.TransferService  : compareBalance -1 
2024-02-22T22:20:19.004+05:30 ERROR 89386 --- [ool-8-thread-12] c.d.c.web.AccountsTransferController     : Exception occurs

com.dws.challenge.exception.InsufficientBalanceException: Insufficient Balance in account Account123
	at com.dws.challenge.service.TransferService.transferAmount(TransferService.java:21) ~[main/:na]
	at com.dws.challenge.web.AccountsTransferController.transferAmount(AccountsTransferController.java:64) ~[main/:na]
	at com.dws.challenge.ConcurrentTransferTest.lambda$concurrentTransferTest$0(ConcurrentTransferTest.java:77) ~[test/:na]
	at java.base/java.util.concurrent.ThreadPoolExecutor.runWorker(ThreadPoolExecutor.java:1136) ~[na:na]
	at java.base/java.util.concurrent.ThreadPoolExecutor$Worker.run(ThreadPoolExecutor.java:635) ~[na:na]
	at java.base/java.lang.Thread.run(Thread.java:842) ~[na:na]

2024-02-22T22:20:19.004+05:30  INFO 89386 --- [ool-8-thread-10] c.dws.challenge.service.TransferService  : compareBalance -1 
2024-02-22T22:20:19.004+05:30 ERROR 89386 --- [ool-8-thread-11] c.d.c.web.AccountsTransferController     : Exception occurs

com.dws.challenge.exception.InsufficientBalanceException: Insufficient Balance in account Account123
	at com.dws.challenge.service.TransferService.transferAmount(TransferService.java:21) ~[main/:na]
	at com.dws.challenge.web.AccountsTransferController.transferAmount(AccountsTransferController.java:64) ~[main/:na]
	at com.dws.challenge.ConcurrentTransferTest.lambda$concurrentTransferTest$0(ConcurrentTransferTest.java:77) ~[test/:na]
	at java.base/java.util.concurrent.ThreadPoolExecutor.runWorker(ThreadPoolExecutor.java:1136) ~[na:na]
	at java.base/java.util.concurrent.ThreadPoolExecutor$Worker.run(ThreadPoolExecutor.java:635) ~[na:na]
	at java.base/java.lang.Thread.run(Thread.java:842) ~[na:na]

2024-02-22T22:20:19.004+05:30  INFO 89386 --- [pool-8-thread-9] c.dws.challenge.service.TransferService  : compareBalance -1 
2024-02-22T22:20:19.004+05:30 ERROR 89386 --- [ool-8-thread-10] c.d.c.web.AccountsTransferController     : Exception occurs

com.dws.challenge.exception.InsufficientBalanceException: Insufficient Balance in account Account123
	at com.dws.challenge.service.TransferService.transferAmount(TransferService.java:21) ~[main/:na]
	at com.dws.challenge.web.AccountsTransferController.transferAmount(AccountsTransferController.java:64) ~[main/:na]
	at com.dws.challenge.ConcurrentTransferTest.lambda$concurrentTransferTest$0(ConcurrentTransferTest.java:77) ~[test/:na]
	at java.base/java.util.concurrent.ThreadPoolExecutor.runWorker(ThreadPoolExecutor.java:1136) ~[na:na]
	at java.base/java.util.concurrent.ThreadPoolExecutor$Worker.run(ThreadPoolExecutor.java:635) ~[na:na]
	at java.base/java.lang.Thread.run(Thread.java:842) ~[na:na]

2024-02-22T22:20:19.005+05:30 ERROR 89386 --- [pool-8-thread-9] c.d.c.web.AccountsTransferController     : Exception occurs

com.dws.challenge.exception.InsufficientBalanceException: Insufficient Balance in account Account123
	at com.dws.challenge.service.TransferService.transferAmount(TransferService.java:21) ~[main/:na]
	at com.dws.challenge.web.AccountsTransferController.transferAmount(AccountsTransferController.java:64) ~[main/:na]
	at com.dws.challenge.ConcurrentTransferTest.lambda$concurrentTransferTest$0(ConcurrentTransferTest.java:77) ~[test/:na]
	at java.base/java.util.concurrent.ThreadPoolExecutor.runWorker(ThreadPoolExecutor.java:1136) ~[na:na]
	at java.base/java.util.concurrent.ThreadPoolExecutor$Worker.run(ThreadPoolExecutor.java:635) ~[na:na]
	at java.base/java.lang.Thread.run(Thread.java:842) ~[na:na]

2024-02-22T22:20:19.005+05:30  INFO 89386 --- [pool-8-thread-8] c.dws.challenge.service.TransferService  : compareBalance -1 
2024-02-22T22:20:19.005+05:30  INFO 89386 --- [pool-8-thread-3] c.dws.challenge.service.TransferService  : compareBalance -1 
2024-02-22T22:20:19.005+05:30 ERROR 89386 --- [pool-8-thread-8] c.d.c.web.AccountsTransferController     : Exception occurs

com.dws.challenge.exception.InsufficientBalanceException: Insufficient Balance in account Account123
	at com.dws.challenge.service.TransferService.transferAmount(TransferService.java:21) ~[main/:na]
	at com.dws.challenge.web.AccountsTransferController.transferAmount(AccountsTransferController.java:64) ~[main/:na]
	at com.dws.challenge.ConcurrentTransferTest.lambda$concurrentTransferTest$0(ConcurrentTransferTest.java:77) ~[test/:na]
	at java.base/java.util.concurrent.ThreadPoolExecutor.runWorker(ThreadPoolExecutor.java:1136) ~[na:na]
	at java.base/java.util.concurrent.ThreadPoolExecutor$Worker.run(ThreadPoolExecutor.java:635) ~[na:na]
	at java.base/java.lang.Thread.run(Thread.java:842) ~[na:na]

2024-02-22T22:20:19.005+05:30  INFO 89386 --- [pool-8-thread-4] c.dws.challenge.service.TransferService  : compareBalance -1 
2024-02-22T22:20:19.005+05:30 ERROR 89386 --- [pool-8-thread-3] c.d.c.web.AccountsTransferController     : Exception occurs

com.dws.challenge.exception.InsufficientBalanceException: Insufficient Balance in account Account123
	at com.dws.challenge.service.TransferService.transferAmount(TransferService.java:21) ~[main/:na]
	at com.dws.challenge.web.AccountsTransferController.transferAmount(AccountsTransferController.java:64) ~[main/:na]
	at com.dws.challenge.ConcurrentTransferTest.lambda$concurrentTransferTest$0(ConcurrentTransferTest.java:77) ~[test/:na]
	at java.base/java.util.concurrent.ThreadPoolExecutor.runWorker(ThreadPoolExecutor.java:1136) ~[na:na]
	at java.base/java.util.concurrent.ThreadPoolExecutor$Worker.run(ThreadPoolExecutor.java:635) ~[na:na]
	at java.base/java.lang.Thread.run(Thread.java:842) ~[na:na]

2024-02-22T22:20:19.006+05:30  INFO 89386 --- [pool-8-thread-6] c.dws.challenge.service.TransferService  : compareBalance -1 
2024-02-22T22:20:19.006+05:30 ERROR 89386 --- [pool-8-thread-4] c.d.c.web.AccountsTransferController     : Exception occurs

com.dws.challenge.exception.InsufficientBalanceException: Insufficient Balance in account Account123
	at com.dws.challenge.service.TransferService.transferAmount(TransferService.java:21) ~[main/:na]
	at com.dws.challenge.web.AccountsTransferController.transferAmount(AccountsTransferController.java:64) ~[main/:na]
	at com.dws.challenge.ConcurrentTransferTest.lambda$concurrentTransferTest$0(ConcurrentTransferTest.java:77) ~[test/:na]
	at java.base/java.util.concurrent.ThreadPoolExecutor.runWorker(ThreadPoolExecutor.java:1136) ~[na:na]
	at java.base/java.util.concurrent.ThreadPoolExecutor$Worker.run(ThreadPoolExecutor.java:635) ~[na:na]
	at java.base/java.lang.Thread.run(Thread.java:842) ~[na:na]

2024-02-22T22:20:19.006+05:30  INFO 89386 --- [ool-8-thread-20] c.dws.challenge.service.TransferService  : compareBalance -1 
2024-02-22T22:20:19.006+05:30 ERROR 89386 --- [pool-8-thread-6] c.d.c.web.AccountsTransferController     : Exception occurs

com.dws.challenge.exception.InsufficientBalanceException: Insufficient Balance in account Account123
	at com.dws.challenge.service.TransferService.transferAmount(TransferService.java:21) ~[main/:na]
	at com.dws.challenge.web.AccountsTransferController.transferAmount(AccountsTransferController.java:64) ~[main/:na]
	at com.dws.challenge.ConcurrentTransferTest.lambda$concurrentTransferTest$0(ConcurrentTransferTest.java:77) ~[test/:na]
	at java.base/java.util.concurrent.ThreadPoolExecutor.runWorker(ThreadPoolExecutor.java:1136) ~[na:na]
	at java.base/java.util.concurrent.ThreadPoolExecutor$Worker.run(ThreadPoolExecutor.java:635) ~[na:na]
	at java.base/java.lang.Thread.run(Thread.java:842) ~[na:na]

2024-02-22T22:20:19.006+05:30  INFO 89386 --- [pool-8-thread-5] c.dws.challenge.service.TransferService  : compareBalance -1 
2024-02-22T22:20:19.006+05:30 ERROR 89386 --- [ool-8-thread-20] c.d.c.web.AccountsTransferController     : Exception occurs

com.dws.challenge.exception.InsufficientBalanceException: Insufficient Balance in account Account123
	at com.dws.challenge.service.TransferService.transferAmount(TransferService.java:21) ~[main/:na]
	at com.dws.challenge.web.AccountsTransferController.transferAmount(AccountsTransferController.java:64) ~[main/:na]
	at com.dws.challenge.ConcurrentTransferTest.lambda$concurrentTransferTest$0(ConcurrentTransferTest.java:77) ~[test/:na]
	at java.base/java.util.concurrent.ThreadPoolExecutor.runWorker(ThreadPoolExecutor.java:1136) ~[na:na]
	at java.base/java.util.concurrent.ThreadPoolExecutor$Worker.run(ThreadPoolExecutor.java:635) ~[na:na]
	at java.base/java.lang.Thread.run(Thread.java:842) ~[na:na]

2024-02-22T22:20:19.007+05:30  INFO 89386 --- [pool-8-thread-1] c.dws.challenge.service.TransferService  : compareBalance -1 
2024-02-22T22:20:19.006+05:30 ERROR 89386 --- [pool-8-thread-5] c.d.c.web.AccountsTransferController     : Exception occurs

com.dws.challenge.exception.InsufficientBalanceException: Insufficient Balance in account Account123
	at com.dws.challenge.service.TransferService.transferAmount(TransferService.java:21) ~[main/:na]
	at com.dws.challenge.web.AccountsTransferController.transferAmount(AccountsTransferController.java:64) ~[main/:na]
	at com.dws.challenge.ConcurrentTransferTest.lambda$concurrentTransferTest$0(ConcurrentTransferTest.java:77) ~[test/:na]
	at java.base/java.util.concurrent.ThreadPoolExecutor.runWorker(ThreadPoolExecutor.java:1136) ~[na:na]
	at java.base/java.util.concurrent.ThreadPoolExecutor$Worker.run(ThreadPoolExecutor.java:635) ~[na:na]
	at java.base/java.lang.Thread.run(Thread.java:842) ~[na:na]

2024-02-22T22:20:19.007+05:30  INFO 89386 --- [ool-8-thread-15] c.dws.challenge.service.TransferService  : compareBalance -1 
2024-02-22T22:20:19.007+05:30 ERROR 89386 --- [pool-8-thread-1] c.d.c.web.AccountsTransferController     : Exception occurs

com.dws.challenge.exception.InsufficientBalanceException: Insufficient Balance in account Account123
	at com.dws.challenge.service.TransferService.transferAmount(TransferService.java:21) ~[main/:na]
	at com.dws.challenge.web.AccountsTransferController.transferAmount(AccountsTransferController.java:64) ~[main/:na]
	at com.dws.challenge.ConcurrentTransferTest.lambda$concurrentTransferTest$0(ConcurrentTransferTest.java:77) ~[test/:na]
	at java.base/java.util.concurrent.ThreadPoolExecutor.runWorker(ThreadPoolExecutor.java:1136) ~[na:na]
	at java.base/java.util.concurrent.ThreadPoolExecutor$Worker.run(ThreadPoolExecutor.java:635) ~[na:na]
	at java.base/java.lang.Thread.run(Thread.java:842) ~[na:na]

2024-02-22T22:20:19.007+05:30  INFO 89386 --- [pool-8-thread-7] c.dws.challenge.service.TransferService  : compareBalance -1 
2024-02-22T22:20:19.007+05:30 ERROR 89386 --- [ool-8-thread-15] c.d.c.web.AccountsTransferController     : Exception occurs

com.dws.challenge.exception.InsufficientBalanceException: Insufficient Balance in account Account123
	at com.dws.challenge.service.TransferService.transferAmount(TransferService.java:21) ~[main/:na]
	at com.dws.challenge.web.AccountsTransferController.transferAmount(AccountsTransferController.java:64) ~[main/:na]
	at com.dws.challenge.ConcurrentTransferTest.lambda$concurrentTransferTest$0(ConcurrentTransferTest.java:77) ~[test/:na]
	at java.base/java.util.concurrent.ThreadPoolExecutor.runWorker(ThreadPoolExecutor.java:1136) ~[na:na]
	at java.base/java.util.concurrent.ThreadPoolExecutor$Worker.run(ThreadPoolExecutor.java:635) ~[na:na]
	at java.base/java.lang.Thread.run(Thread.java:842) ~[na:na]

2024-02-22T22:20:19.007+05:30 ERROR 89386 --- [pool-8-thread-7] c.d.c.web.AccountsTransferController     : Exception occurs

com.dws.challenge.exception.InsufficientBalanceException: Insufficient Balance in account Account123
	at com.dws.challenge.service.TransferService.transferAmount(TransferService.java:21) ~[main/:na]
	at com.dws.challenge.web.AccountsTransferController.transferAmount(AccountsTransferController.java:64) ~[main/:na]
	at com.dws.challenge.ConcurrentTransferTest.lambda$concurrentTransferTest$0(ConcurrentTransferTest.java:77) ~[test/:na]
	at java.base/java.util.concurrent.ThreadPoolExecutor.runWorker(ThreadPoolExecutor.java:1136) ~[na:na]
	at java.base/java.util.concurrent.ThreadPoolExecutor$Worker.run(ThreadPoolExecutor.java:635) ~[na:na]
	at java.base/java.lang.Thread.run(Thread.java:842) ~[na:na]

2024-02-22T22:20:19.020+05:30  INFO 89386 --- [pool-9-thread-3] c.d.c.web.AccountsTransferController     : Transfer Amount  Transfer(accountFrom=Account123, accountTo=Account124, amount=1000)
2024-02-22T22:20:19.020+05:30  INFO 89386 --- [ool-9-thread-13] c.d.c.web.AccountsTransferController     : Transfer Amount  Transfer(accountFrom=Account123, accountTo=Account124, amount=1000)
2024-02-22T22:20:19.020+05:30  INFO 89386 --- [ool-9-thread-20] c.d.c.web.AccountsTransferController     : Transfer Amount  Transfer(accountFrom=Account123, accountTo=Account124, amount=1000)
2024-02-22T22:20:19.020+05:30  INFO 89386 --- [pool-9-thread-5] c.d.c.web.AccountsTransferController     : Transfer Amount  Transfer(accountFrom=Account123, accountTo=Account124, amount=1000)
2024-02-22T22:20:19.020+05:30  INFO 89386 --- [pool-9-thread-6] c.d.c.web.AccountsTransferController     : Transfer Amount  Transfer(accountFrom=Account123, accountTo=Account124, amount=1000)
2024-02-22T22:20:19.020+05:30  INFO 89386 --- [pool-9-thread-4] c.d.c.web.AccountsTransferController     : Transfer Amount  Transfer(accountFrom=Account123, accountTo=Account124, amount=1000)
2024-02-22T22:20:19.020+05:30  INFO 89386 --- [pool-9-thread-7] c.d.c.web.AccountsTransferController     : Transfer Amount  Transfer(accountFrom=Account123, accountTo=Account124, amount=1000)
2024-02-22T22:20:19.020+05:30  INFO 89386 --- [pool-9-thread-1] c.d.c.web.AccountsTransferController     : Transfer Amount  Transfer(accountFrom=Account123, accountTo=Account124, amount=1000)
2024-02-22T22:20:19.020+05:30  INFO 89386 --- [pool-9-thread-2] c.d.c.web.AccountsTransferController     : Transfer Amount  Transfer(accountFrom=Account123, accountTo=Account124, amount=1000)
2024-02-22T22:20:19.020+05:30  INFO 89386 --- [pool-9-thread-8] c.d.c.web.AccountsTransferController     : Transfer Amount  Transfer(accountFrom=Account123, accountTo=Account124, amount=1000)
2024-02-22T22:20:19.020+05:30  INFO 89386 --- [pool-9-thread-9] c.d.c.web.AccountsTransferController     : Transfer Amount  Transfer(accountFrom=Account123, accountTo=Account124, amount=1000)
2024-02-22T22:20:19.020+05:30  INFO 89386 --- [ool-9-thread-10] c.d.c.web.AccountsTransferController     : Transfer Amount  Transfer(accountFrom=Account123, accountTo=Account124, amount=1000)
2024-02-22T22:20:19.020+05:30  INFO 89386 --- [ool-9-thread-11] c.d.c.web.AccountsTransferController     : Transfer Amount  Transfer(accountFrom=Account123, accountTo=Account124, amount=1000)
2024-02-22T22:20:19.020+05:30  INFO 89386 --- [ool-9-thread-12] c.d.c.web.AccountsTransferController     : Transfer Amount  Transfer(accountFrom=Account123, accountTo=Account124, amount=1000)
2024-02-22T22:20:19.020+05:30  INFO 89386 --- [ool-9-thread-14] c.d.c.web.AccountsTransferController     : Transfer Amount  Transfer(accountFrom=Account123, accountTo=Account124, amount=1000)
2024-02-22T22:20:19.020+05:30  INFO 89386 --- [ool-9-thread-15] c.d.c.web.AccountsTransferController     : Transfer Amount  Transfer(accountFrom=Account123, accountTo=Account124, amount=1000)
2024-02-22T22:20:19.020+05:30  INFO 89386 --- [pool-9-thread-3] c.dws.challenge.service.TransferService  : compareBalance 0 
2024-02-22T22:20:19.020+05:30  INFO 89386 --- [ool-9-thread-16] c.d.c.web.AccountsTransferController     : Transfer Amount  Transfer(accountFrom=Account123, accountTo=Account124, amount=1000)
2024-02-22T22:20:19.020+05:30  INFO 89386 --- [ool-9-thread-17] c.d.c.web.AccountsTransferController     : Transfer Amount  Transfer(accountFrom=Account123, accountTo=Account124, amount=1000)
2024-02-22T22:20:19.020+05:30  INFO 89386 --- [ool-9-thread-18] c.d.c.web.AccountsTransferController     : Transfer Amount  Transfer(accountFrom=Account123, accountTo=Account124, amount=1000)
2024-02-22T22:20:19.020+05:30  INFO 89386 --- [ool-9-thread-19] c.d.c.web.AccountsTransferController     : Transfer Amount  Transfer(accountFrom=Account123, accountTo=Account124, amount=1000)
2024-02-22T22:20:19.022+05:30  INFO 89386 --- [pool-9-thread-3] c.d.c.web.AccountsTransferController     : notification sent successfully
2024-02-22T22:20:19.023+05:30  INFO 89386 --- [ool-9-thread-19] c.dws.challenge.service.TransferService  : compareBalance -1 
2024-02-22T22:20:19.023+05:30  INFO 89386 --- [ool-9-thread-18] c.dws.challenge.service.TransferService  : compareBalance -1 
2024-02-22T22:20:19.023+05:30  INFO 89386 --- [ool-9-thread-17] c.dws.challenge.service.TransferService  : compareBalance -1 
2024-02-22T22:20:19.023+05:30 ERROR 89386 --- [ool-9-thread-19] c.d.c.web.AccountsTransferController     : Exception occurs

com.dws.challenge.exception.InsufficientBalanceException: Insufficient Balance in account Account123
	at com.dws.challenge.service.TransferService.transferAmount(TransferService.java:21) ~[main/:na]
	at com.dws.challenge.web.AccountsTransferController.transferAmount(AccountsTransferController.java:64) ~[main/:na]
	at com.dws.challenge.ConcurrentTransferTest.lambda$concurrentTransferTest$0(ConcurrentTransferTest.java:77) ~[test/:na]
	at java.base/java.util.concurrent.ThreadPoolExecutor.runWorker(ThreadPoolExecutor.java:1136) ~[na:na]
	at java.base/java.util.concurrent.ThreadPoolExecutor$Worker.run(ThreadPoolExecutor.java:635) ~[na:na]
	at java.base/java.lang.Thread.run(Thread.java:842) ~[na:na]

2024-02-22T22:20:19.023+05:30 ERROR 89386 --- [ool-9-thread-18] c.d.c.web.AccountsTransferController     : Exception occurs

com.dws.challenge.exception.InsufficientBalanceException: Insufficient Balance in account Account123
	at com.dws.challenge.service.TransferService.transferAmount(TransferService.java:21) ~[main/:na]
	at com.dws.challenge.web.AccountsTransferController.transferAmount(AccountsTransferController.java:64) ~[main/:na]
	at com.dws.challenge.ConcurrentTransferTest.lambda$concurrentTransferTest$0(ConcurrentTransferTest.java:77) ~[test/:na]
	at java.base/java.util.concurrent.ThreadPoolExecutor.runWorker(ThreadPoolExecutor.java:1136) ~[na:na]
	at java.base/java.util.concurrent.ThreadPoolExecutor$Worker.run(ThreadPoolExecutor.java:635) ~[na:na]
	at java.base/java.lang.Thread.run(Thread.java:842) ~[na:na]

2024-02-22T22:20:19.023+05:30  INFO 89386 --- [ool-9-thread-16] c.dws.challenge.service.TransferService  : compareBalance -1 
2024-02-22T22:20:19.023+05:30 ERROR 89386 --- [ool-9-thread-17] c.d.c.web.AccountsTransferController     : Exception occurs

com.dws.challenge.exception.InsufficientBalanceException: Insufficient Balance in account Account123
	at com.dws.challenge.service.TransferService.transferAmount(TransferService.java:21) ~[main/:na]
	at com.dws.challenge.web.AccountsTransferController.transferAmount(AccountsTransferController.java:64) ~[main/:na]
	at com.dws.challenge.ConcurrentTransferTest.lambda$concurrentTransferTest$0(ConcurrentTransferTest.java:77) ~[test/:na]
	at java.base/java.util.concurrent.ThreadPoolExecutor.runWorker(ThreadPoolExecutor.java:1136) ~[na:na]
	at java.base/java.util.concurrent.ThreadPoolExecutor$Worker.run(ThreadPoolExecutor.java:635) ~[na:na]
	at java.base/java.lang.Thread.run(Thread.java:842) ~[na:na]

2024-02-22T22:20:19.024+05:30  INFO 89386 --- [ool-9-thread-15] c.dws.challenge.service.TransferService  : compareBalance -1 
2024-02-22T22:20:19.024+05:30 ERROR 89386 --- [ool-9-thread-16] c.d.c.web.AccountsTransferController     : Exception occurs

com.dws.challenge.exception.InsufficientBalanceException: Insufficient Balance in account Account123
	at com.dws.challenge.service.TransferService.transferAmount(TransferService.java:21) ~[main/:na]
	at com.dws.challenge.web.AccountsTransferController.transferAmount(AccountsTransferController.java:64) ~[main/:na]
	at com.dws.challenge.ConcurrentTransferTest.lambda$concurrentTransferTest$0(ConcurrentTransferTest.java:77) ~[test/:na]
	at java.base/java.util.concurrent.ThreadPoolExecutor.runWorker(ThreadPoolExecutor.java:1136) ~[na:na]
	at java.base/java.util.concurrent.ThreadPoolExecutor$Worker.run(ThreadPoolExecutor.java:635) ~[na:na]
	at java.base/java.lang.Thread.run(Thread.java:842) ~[na:na]

2024-02-22T22:20:19.024+05:30  INFO 89386 --- [ool-9-thread-14] c.dws.challenge.service.TransferService  : compareBalance -1 
2024-02-22T22:20:19.024+05:30 ERROR 89386 --- [ool-9-thread-15] c.d.c.web.AccountsTransferController     : Exception occurs

com.dws.challenge.exception.InsufficientBalanceException: Insufficient Balance in account Account123
	at com.dws.challenge.service.TransferService.transferAmount(TransferService.java:21) ~[main/:na]
	at com.dws.challenge.web.AccountsTransferController.transferAmount(AccountsTransferController.java:64) ~[main/:na]
	at com.dws.challenge.ConcurrentTransferTest.lambda$concurrentTransferTest$0(ConcurrentTransferTest.java:77) ~[test/:na]
	at java.base/java.util.concurrent.ThreadPoolExecutor.runWorker(ThreadPoolExecutor.java:1136) ~[na:na]
	at java.base/java.util.concurrent.ThreadPoolExecutor$Worker.run(ThreadPoolExecutor.java:635) ~[na:na]
	at java.base/java.lang.Thread.run(Thread.java:842) ~[na:na]

2024-02-22T22:20:19.024+05:30  INFO 89386 --- [ool-9-thread-12] c.dws.challenge.service.TransferService  : compareBalance -1 
2024-02-22T22:20:19.024+05:30 ERROR 89386 --- [ool-9-thread-14] c.d.c.web.AccountsTransferController     : Exception occurs

com.dws.challenge.exception.InsufficientBalanceException: Insufficient Balance in account Account123
	at com.dws.challenge.service.TransferService.transferAmount(TransferService.java:21) ~[main/:na]
	at com.dws.challenge.web.AccountsTransferController.transferAmount(AccountsTransferController.java:64) ~[main/:na]
	at com.dws.challenge.ConcurrentTransferTest.lambda$concurrentTransferTest$0(ConcurrentTransferTest.java:77) ~[test/:na]
	at java.base/java.util.concurrent.ThreadPoolExecutor.runWorker(ThreadPoolExecutor.java:1136) ~[na:na]
	at java.base/java.util.concurrent.ThreadPoolExecutor$Worker.run(ThreadPoolExecutor.java:635) ~[na:na]
	at java.base/java.lang.Thread.run(Thread.java:842) ~[na:na]

2024-02-22T22:20:19.024+05:30  INFO 89386 --- [ool-9-thread-11] c.dws.challenge.service.TransferService  : compareBalance -1 
2024-02-22T22:20:19.024+05:30 ERROR 89386 --- [ool-9-thread-12] c.d.c.web.AccountsTransferController     : Exception occurs

com.dws.challenge.exception.InsufficientBalanceException: Insufficient Balance in account Account123
	at com.dws.challenge.service.TransferService.transferAmount(TransferService.java:21) ~[main/:na]
	at com.dws.challenge.web.AccountsTransferController.transferAmount(AccountsTransferController.java:64) ~[main/:na]
	at com.dws.challenge.ConcurrentTransferTest.lambda$concurrentTransferTest$0(ConcurrentTransferTest.java:77) ~[test/:na]
	at java.base/java.util.concurrent.ThreadPoolExecutor.runWorker(ThreadPoolExecutor.java:1136) ~[na:na]
	at java.base/java.util.concurrent.ThreadPoolExecutor$Worker.run(ThreadPoolExecutor.java:635) ~[na:na]
	at java.base/java.lang.Thread.run(Thread.java:842) ~[na:na]

2024-02-22T22:20:19.025+05:30  INFO 89386 --- [ool-9-thread-10] c.dws.challenge.service.TransferService  : compareBalance -1 
2024-02-22T22:20:19.025+05:30 ERROR 89386 --- [ool-9-thread-11] c.d.c.web.AccountsTransferController     : Exception occurs

com.dws.challenge.exception.InsufficientBalanceException: Insufficient Balance in account Account123
	at com.dws.challenge.service.TransferService.transferAmount(TransferService.java:21) ~[main/:na]
	at com.dws.challenge.web.AccountsTransferController.transferAmount(AccountsTransferController.java:64) ~[main/:na]
	at com.dws.challenge.ConcurrentTransferTest.lambda$concurrentTransferTest$0(ConcurrentTransferTest.java:77) ~[test/:na]
	at java.base/java.util.concurrent.ThreadPoolExecutor.runWorker(ThreadPoolExecutor.java:1136) ~[na:na]
	at java.base/java.util.concurrent.ThreadPoolExecutor$Worker.run(ThreadPoolExecutor.java:635) ~[na:na]
	at java.base/java.lang.Thread.run(Thread.java:842) ~[na:na]

2024-02-22T22:20:19.025+05:30  INFO 89386 --- [pool-9-thread-9] c.dws.challenge.service.TransferService  : compareBalance -1 
2024-02-22T22:20:19.025+05:30 ERROR 89386 --- [ool-9-thread-10] c.d.c.web.AccountsTransferController     : Exception occurs

com.dws.challenge.exception.InsufficientBalanceException: Insufficient Balance in account Account123
	at com.dws.challenge.service.TransferService.transferAmount(TransferService.java:21) ~[main/:na]
	at com.dws.challenge.web.AccountsTransferController.transferAmount(AccountsTransferController.java:64) ~[main/:na]
	at com.dws.challenge.ConcurrentTransferTest.lambda$concurrentTransferTest$0(ConcurrentTransferTest.java:77) ~[test/:na]
	at java.base/java.util.concurrent.ThreadPoolExecutor.runWorker(ThreadPoolExecutor.java:1136) ~[na:na]
	at java.base/java.util.concurrent.ThreadPoolExecutor$Worker.run(ThreadPoolExecutor.java:635) ~[na:na]
	at java.base/java.lang.Thread.run(Thread.java:842) ~[na:na]

2024-02-22T22:20:19.025+05:30  INFO 89386 --- [pool-9-thread-8] c.dws.challenge.service.TransferService  : compareBalance -1 
2024-02-22T22:20:19.025+05:30 ERROR 89386 --- [pool-9-thread-9] c.d.c.web.AccountsTransferController     : Exception occurs

com.dws.challenge.exception.InsufficientBalanceException: Insufficient Balance in account Account123
	at com.dws.challenge.service.TransferService.transferAmount(TransferService.java:21) ~[main/:na]
	at com.dws.challenge.web.AccountsTransferController.transferAmount(AccountsTransferController.java:64) ~[main/:na]
	at com.dws.challenge.ConcurrentTransferTest.lambda$concurrentTransferTest$0(ConcurrentTransferTest.java:77) ~[test/:na]
	at java.base/java.util.concurrent.ThreadPoolExecutor.runWorker(ThreadPoolExecutor.java:1136) ~[na:na]
	at java.base/java.util.concurrent.ThreadPoolExecutor$Worker.run(ThreadPoolExecutor.java:635) ~[na:na]
	at java.base/java.lang.Thread.run(Thread.java:842) ~[na:na]

2024-02-22T22:20:19.026+05:30  INFO 89386 --- [pool-9-thread-2] c.dws.challenge.service.TransferService  : compareBalance -1 
2024-02-22T22:20:19.026+05:30 ERROR 89386 --- [pool-9-thread-8] c.d.c.web.AccountsTransferController     : Exception occurs

com.dws.challenge.exception.InsufficientBalanceException: Insufficient Balance in account Account123
	at com.dws.challenge.service.TransferService.transferAmount(TransferService.java:21) ~[main/:na]
	at com.dws.challenge.web.AccountsTransferController.transferAmount(AccountsTransferController.java:64) ~[main/:na]
	at com.dws.challenge.ConcurrentTransferTest.lambda$concurrentTransferTest$0(ConcurrentTransferTest.java:77) ~[test/:na]
	at java.base/java.util.concurrent.ThreadPoolExecutor.runWorker(ThreadPoolExecutor.java:1136) ~[na:na]
	at java.base/java.util.concurrent.ThreadPoolExecutor$Worker.run(ThreadPoolExecutor.java:635) ~[na:na]
	at java.base/java.lang.Thread.run(Thread.java:842) ~[na:na]

2024-02-22T22:20:19.026+05:30  INFO 89386 --- [pool-9-thread-1] c.dws.challenge.service.TransferService  : compareBalance -1 
2024-02-22T22:20:19.026+05:30 ERROR 89386 --- [pool-9-thread-2] c.d.c.web.AccountsTransferController     : Exception occurs

com.dws.challenge.exception.InsufficientBalanceException: Insufficient Balance in account Account123
	at com.dws.challenge.service.TransferService.transferAmount(TransferService.java:21) ~[main/:na]
	at com.dws.challenge.web.AccountsTransferController.transferAmount(AccountsTransferController.java:64) ~[main/:na]
	at com.dws.challenge.ConcurrentTransferTest.lambda$concurrentTransferTest$0(ConcurrentTransferTest.java:77) ~[test/:na]
	at java.base/java.util.concurrent.ThreadPoolExecutor.runWorker(ThreadPoolExecutor.java:1136) ~[na:na]
	at java.base/java.util.concurrent.ThreadPoolExecutor$Worker.run(ThreadPoolExecutor.java:635) ~[na:na]
	at java.base/java.lang.Thread.run(Thread.java:842) ~[na:na]

2024-02-22T22:20:19.026+05:30 ERROR 89386 --- [pool-9-thread-1] c.d.c.web.AccountsTransferController     : Exception occurs

com.dws.challenge.exception.InsufficientBalanceException: Insufficient Balance in account Account123
	at com.dws.challenge.service.TransferService.transferAmount(TransferService.java:21) ~[main/:na]
	at com.dws.challenge.web.AccountsTransferController.transferAmount(AccountsTransferController.java:64) ~[main/:na]
	at com.dws.challenge.ConcurrentTransferTest.lambda$concurrentTransferTest$0(ConcurrentTransferTest.java:77) ~[test/:na]
	at java.base/java.util.concurrent.ThreadPoolExecutor.runWorker(ThreadPoolExecutor.java:1136) ~[na:na]
	at java.base/java.util.concurrent.ThreadPoolExecutor$Worker.run(ThreadPoolExecutor.java:635) ~[na:na]
	at java.base/java.lang.Thread.run(Thread.java:842) ~[na:na]

2024-02-22T22:20:19.026+05:30  INFO 89386 --- [pool-9-thread-7] c.dws.challenge.service.TransferService  : compareBalance -1 
2024-02-22T22:20:19.027+05:30  INFO 89386 --- [pool-9-thread-4] c.dws.challenge.service.TransferService  : compareBalance -1 
2024-02-22T22:20:19.027+05:30 ERROR 89386 --- [pool-9-thread-7] c.d.c.web.AccountsTransferController     : Exception occurs

com.dws.challenge.exception.InsufficientBalanceException: Insufficient Balance in account Account123
	at com.dws.challenge.service.TransferService.transferAmount(TransferService.java:21) ~[main/:na]
	at com.dws.challenge.web.AccountsTransferController.transferAmount(AccountsTransferController.java:64) ~[main/:na]
	at com.dws.challenge.ConcurrentTransferTest.lambda$concurrentTransferTest$0(ConcurrentTransferTest.java:77) ~[test/:na]
	at java.base/java.util.concurrent.ThreadPoolExecutor.runWorker(ThreadPoolExecutor.java:1136) ~[na:na]
	at java.base/java.util.concurrent.ThreadPoolExecutor$Worker.run(ThreadPoolExecutor.java:635) ~[na:na]
	at java.base/java.lang.Thread.run(Thread.java:842) ~[na:na]

2024-02-22T22:20:19.027+05:30  INFO 89386 --- [pool-9-thread-6] c.dws.challenge.service.TransferService  : compareBalance -1 
2024-02-22T22:20:19.027+05:30 ERROR 89386 --- [pool-9-thread-4] c.d.c.web.AccountsTransferController     : Exception occurs

com.dws.challenge.exception.InsufficientBalanceException: Insufficient Balance in account Account123
	at com.dws.challenge.service.TransferService.transferAmount(TransferService.java:21) ~[main/:na]
	at com.dws.challenge.web.AccountsTransferController.transferAmount(AccountsTransferController.java:64) ~[main/:na]
	at com.dws.challenge.ConcurrentTransferTest.lambda$concurrentTransferTest$0(ConcurrentTransferTest.java:77) ~[test/:na]
	at java.base/java.util.concurrent.ThreadPoolExecutor.runWorker(ThreadPoolExecutor.java:1136) ~[na:na]
	at java.base/java.util.concurrent.ThreadPoolExecutor$Worker.run(ThreadPoolExecutor.java:635) ~[na:na]
	at java.base/java.lang.Thread.run(Thread.java:842) ~[na:na]

2024-02-22T22:20:19.027+05:30  INFO 89386 --- [pool-9-thread-5] c.dws.challenge.service.TransferService  : compareBalance -1 
2024-02-22T22:20:19.027+05:30 ERROR 89386 --- [pool-9-thread-6] c.d.c.web.AccountsTransferController     : Exception occurs

com.dws.challenge.exception.InsufficientBalanceException: Insufficient Balance in account Account123
	at com.dws.challenge.service.TransferService.transferAmount(TransferService.java:21) ~[main/:na]
	at com.dws.challenge.web.AccountsTransferController.transferAmount(AccountsTransferController.java:64) ~[main/:na]
	at com.dws.challenge.ConcurrentTransferTest.lambda$concurrentTransferTest$0(ConcurrentTransferTest.java:77) ~[test/:na]
	at java.base/java.util.concurrent.ThreadPoolExecutor.runWorker(ThreadPoolExecutor.java:1136) ~[na:na]
	at java.base/java.util.concurrent.ThreadPoolExecutor$Worker.run(ThreadPoolExecutor.java:635) ~[na:na]
	at java.base/java.lang.Thread.run(Thread.java:842) ~[na:na]

2024-02-22T22:20:19.028+05:30  INFO 89386 --- [ool-9-thread-20] c.dws.challenge.service.TransferService  : compareBalance -1 
2024-02-22T22:20:19.027+05:30 ERROR 89386 --- [pool-9-thread-5] c.d.c.web.AccountsTransferController     : Exception occurs

com.dws.challenge.exception.InsufficientBalanceException: Insufficient Balance in account Account123
	at com.dws.challenge.service.TransferService.transferAmount(TransferService.java:21) ~[main/:na]
	at com.dws.challenge.web.AccountsTransferController.transferAmount(AccountsTransferController.java:64) ~[main/:na]
	at com.dws.challenge.ConcurrentTransferTest.lambda$concurrentTransferTest$0(ConcurrentTransferTest.java:77) ~[test/:na]
	at java.base/java.util.concurrent.ThreadPoolExecutor.runWorker(ThreadPoolExecutor.java:1136) ~[na:na]
	at java.base/java.util.concurrent.ThreadPoolExecutor$Worker.run(ThreadPoolExecutor.java:635) ~[na:na]
	at java.base/java.lang.Thread.run(Thread.java:842) ~[na:na]

2024-02-22T22:20:19.028+05:30  INFO 89386 --- [ool-9-thread-13] c.dws.challenge.service.TransferService  : compareBalance -1 
2024-02-22T22:20:19.028+05:30 ERROR 89386 --- [ool-9-thread-20] c.d.c.web.AccountsTransferController     : Exception occurs

com.dws.challenge.exception.InsufficientBalanceException: Insufficient Balance in account Account123
	at com.dws.challenge.service.TransferService.transferAmount(TransferService.java:21) ~[main/:na]
	at com.dws.challenge.web.AccountsTransferController.transferAmount(AccountsTransferController.java:64) ~[main/:na]
	at com.dws.challenge.ConcurrentTransferTest.lambda$concurrentTransferTest$0(ConcurrentTransferTest.java:77) ~[test/:na]
	at java.base/java.util.concurrent.ThreadPoolExecutor.runWorker(ThreadPoolExecutor.java:1136) ~[na:na]
	at java.base/java.util.concurrent.ThreadPoolExecutor$Worker.run(ThreadPoolExecutor.java:635) ~[na:na]
	at java.base/java.lang.Thread.run(Thread.java:842) ~[na:na]

2024-02-22T22:20:19.028+05:30 ERROR 89386 --- [ool-9-thread-13] c.d.c.web.AccountsTransferController     : Exception occurs

com.dws.challenge.exception.InsufficientBalanceException: Insufficient Balance in account Account123
	at com.dws.challenge.service.TransferService.transferAmount(TransferService.java:21) ~[main/:na]
	at com.dws.challenge.web.AccountsTransferController.transferAmount(AccountsTransferController.java:64) ~[main/:na]
	at com.dws.challenge.ConcurrentTransferTest.lambda$concurrentTransferTest$0(ConcurrentTransferTest.java:77) ~[test/:na]
	at java.base/java.util.concurrent.ThreadPoolExecutor.runWorker(ThreadPoolExecutor.java:1136) ~[na:na]
	at java.base/java.util.concurrent.ThreadPoolExecutor$Worker.run(ThreadPoolExecutor.java:635) ~[na:na]
	at java.base/java.lang.Thread.run(Thread.java:842) ~[na:na]

2024-02-22T22:20:19.043+05:30  INFO 89386 --- [ool-10-thread-6] c.d.c.web.AccountsTransferController     : Transfer Amount  Transfer(accountFrom=Account123, accountTo=Account124, amount=1000)
2024-02-22T22:20:19.043+05:30  INFO 89386 --- [ol-10-thread-13] c.d.c.web.AccountsTransferController     : Transfer Amount  Transfer(accountFrom=Account123, accountTo=Account124, amount=1000)
2024-02-22T22:20:19.043+05:30  INFO 89386 --- [ol-10-thread-17] c.d.c.web.AccountsTransferController     : Transfer Amount  Transfer(accountFrom=Account123, accountTo=Account124, amount=1000)
2024-02-22T22:20:19.043+05:30  INFO 89386 --- [ool-10-thread-2] c.d.c.web.AccountsTransferController     : Transfer Amount  Transfer(accountFrom=Account123, accountTo=Account124, amount=1000)
2024-02-22T22:20:19.043+05:30  INFO 89386 --- [ol-10-thread-20] c.d.c.web.AccountsTransferController     : Transfer Amount  Transfer(accountFrom=Account123, accountTo=Account124, amount=1000)
2024-02-22T22:20:19.043+05:30  INFO 89386 --- [ool-10-thread-4] c.d.c.web.AccountsTransferController     : Transfer Amount  Transfer(accountFrom=Account123, accountTo=Account124, amount=1000)
2024-02-22T22:20:19.043+05:30  INFO 89386 --- [ool-10-thread-8] c.d.c.web.AccountsTransferController     : Transfer Amount  Transfer(accountFrom=Account123, accountTo=Account124, amount=1000)
2024-02-22T22:20:19.043+05:30  INFO 89386 --- [ol-10-thread-10] c.d.c.web.AccountsTransferController     : Transfer Amount  Transfer(accountFrom=Account123, accountTo=Account124, amount=1000)
2024-02-22T22:20:19.043+05:30  INFO 89386 --- [ool-10-thread-3] c.d.c.web.AccountsTransferController     : Transfer Amount  Transfer(accountFrom=Account123, accountTo=Account124, amount=1000)
2024-02-22T22:20:19.043+05:30  INFO 89386 --- [ool-10-thread-7] c.d.c.web.AccountsTransferController     : Transfer Amount  Transfer(accountFrom=Account123, accountTo=Account124, amount=1000)
2024-02-22T22:20:19.043+05:30  INFO 89386 --- [ool-10-thread-1] c.d.c.web.AccountsTransferController     : Transfer Amount  Transfer(accountFrom=Account123, accountTo=Account124, amount=1000)
2024-02-22T22:20:19.043+05:30  INFO 89386 --- [ool-10-thread-5] c.d.c.web.AccountsTransferController     : Transfer Amount  Transfer(accountFrom=Account123, accountTo=Account124, amount=1000)
2024-02-22T22:20:19.043+05:30  INFO 89386 --- [ol-10-thread-11] c.d.c.web.AccountsTransferController     : Transfer Amount  Transfer(accountFrom=Account123, accountTo=Account124, amount=1000)
2024-02-22T22:20:19.043+05:30  INFO 89386 --- [ool-10-thread-9] c.d.c.web.AccountsTransferController     : Transfer Amount  Transfer(accountFrom=Account123, accountTo=Account124, amount=1000)
2024-02-22T22:20:19.043+05:30  INFO 89386 --- [ol-10-thread-12] c.d.c.web.AccountsTransferController     : Transfer Amount  Transfer(accountFrom=Account123, accountTo=Account124, amount=1000)
2024-02-22T22:20:19.043+05:30  INFO 89386 --- [ol-10-thread-14] c.d.c.web.AccountsTransferController     : Transfer Amount  Transfer(accountFrom=Account123, accountTo=Account124, amount=1000)
2024-02-22T22:20:19.043+05:30  INFO 89386 --- [ol-10-thread-15] c.d.c.web.AccountsTransferController     : Transfer Amount  Transfer(accountFrom=Account123, accountTo=Account124, amount=1000)
2024-02-22T22:20:19.043+05:30  INFO 89386 --- [ol-10-thread-16] c.d.c.web.AccountsTransferController     : Transfer Amount  Transfer(accountFrom=Account123, accountTo=Account124, amount=1000)
2024-02-22T22:20:19.043+05:30  INFO 89386 --- [ool-10-thread-6] c.dws.challenge.service.TransferService  : compareBalance 0 
2024-02-22T22:20:19.043+05:30  INFO 89386 --- [ol-10-thread-18] c.d.c.web.AccountsTransferController     : Transfer Amount  Transfer(accountFrom=Account123, accountTo=Account124, amount=1000)
2024-02-22T22:20:19.043+05:30  INFO 89386 --- [ol-10-thread-19] c.d.c.web.AccountsTransferController     : Transfer Amount  Transfer(accountFrom=Account123, accountTo=Account124, amount=1000)
2024-02-22T22:20:19.045+05:30  INFO 89386 --- [ool-10-thread-6] c.d.c.web.AccountsTransferController     : notification sent successfully
2024-02-22T22:20:19.046+05:30  INFO 89386 --- [ol-10-thread-19] c.dws.challenge.service.TransferService  : compareBalance -1 
2024-02-22T22:20:19.046+05:30  INFO 89386 --- [ol-10-thread-18] c.dws.challenge.service.TransferService  : compareBalance -1 
2024-02-22T22:20:19.046+05:30  INFO 89386 --- [ol-10-thread-16] c.dws.challenge.service.TransferService  : compareBalance -1 
2024-02-22T22:20:19.046+05:30 ERROR 89386 --- [ol-10-thread-18] c.d.c.web.AccountsTransferController     : Exception occurs

com.dws.challenge.exception.InsufficientBalanceException: Insufficient Balance in account Account123
	at com.dws.challenge.service.TransferService.transferAmount(TransferService.java:21) ~[main/:na]
	at com.dws.challenge.web.AccountsTransferController.transferAmount(AccountsTransferController.java:64) ~[main/:na]
	at com.dws.challenge.ConcurrentTransferTest.lambda$concurrentTransferTest$0(ConcurrentTransferTest.java:77) ~[test/:na]
	at java.base/java.util.concurrent.ThreadPoolExecutor.runWorker(ThreadPoolExecutor.java:1136) ~[na:na]
	at java.base/java.util.concurrent.ThreadPoolExecutor$Worker.run(ThreadPoolExecutor.java:635) ~[na:na]
	at java.base/java.lang.Thread.run(Thread.java:842) ~[na:na]

2024-02-22T22:20:19.046+05:30 ERROR 89386 --- [ol-10-thread-19] c.d.c.web.AccountsTransferController     : Exception occurs

com.dws.challenge.exception.InsufficientBalanceException: Insufficient Balance in account Account123
	at com.dws.challenge.service.TransferService.transferAmount(TransferService.java:21) ~[main/:na]
	at com.dws.challenge.web.AccountsTransferController.transferAmount(AccountsTransferController.java:64) ~[main/:na]
	at com.dws.challenge.ConcurrentTransferTest.lambda$concurrentTransferTest$0(ConcurrentTransferTest.java:77) ~[test/:na]
	at java.base/java.util.concurrent.ThreadPoolExecutor.runWorker(ThreadPoolExecutor.java:1136) ~[na:na]
	at java.base/java.util.concurrent.ThreadPoolExecutor$Worker.run(ThreadPoolExecutor.java:635) ~[na:na]
	at java.base/java.lang.Thread.run(Thread.java:842) ~[na:na]

2024-02-22T22:20:19.046+05:30  INFO 89386 --- [ol-10-thread-15] c.dws.challenge.service.TransferService  : compareBalance -1 
2024-02-22T22:20:19.046+05:30 ERROR 89386 --- [ol-10-thread-16] c.d.c.web.AccountsTransferController     : Exception occurs

com.dws.challenge.exception.InsufficientBalanceException: Insufficient Balance in account Account123
	at com.dws.challenge.service.TransferService.transferAmount(TransferService.java:21) ~[main/:na]
	at com.dws.challenge.web.AccountsTransferController.transferAmount(AccountsTransferController.java:64) ~[main/:na]
	at com.dws.challenge.ConcurrentTransferTest.lambda$concurrentTransferTest$0(ConcurrentTransferTest.java:77) ~[test/:na]
	at java.base/java.util.concurrent.ThreadPoolExecutor.runWorker(ThreadPoolExecutor.java:1136) ~[na:na]
	at java.base/java.util.concurrent.ThreadPoolExecutor$Worker.run(ThreadPoolExecutor.java:635) ~[na:na]
	at java.base/java.lang.Thread.run(Thread.java:842) ~[na:na]

2024-02-22T22:20:19.047+05:30  INFO 89386 --- [ol-10-thread-14] c.dws.challenge.service.TransferService  : compareBalance -1 
2024-02-22T22:20:19.047+05:30 ERROR 89386 --- [ol-10-thread-15] c.d.c.web.AccountsTransferController     : Exception occurs

com.dws.challenge.exception.InsufficientBalanceException: Insufficient Balance in account Account123
	at com.dws.challenge.service.TransferService.transferAmount(TransferService.java:21) ~[main/:na]
	at com.dws.challenge.web.AccountsTransferController.transferAmount(AccountsTransferController.java:64) ~[main/:na]
	at com.dws.challenge.ConcurrentTransferTest.lambda$concurrentTransferTest$0(ConcurrentTransferTest.java:77) ~[test/:na]
	at java.base/java.util.concurrent.ThreadPoolExecutor.runWorker(ThreadPoolExecutor.java:1136) ~[na:na]
	at java.base/java.util.concurrent.ThreadPoolExecutor$Worker.run(ThreadPoolExecutor.java:635) ~[na:na]
	at java.base/java.lang.Thread.run(Thread.java:842) ~[na:na]

2024-02-22T22:20:19.047+05:30  INFO 89386 --- [ol-10-thread-12] c.dws.challenge.service.TransferService  : compareBalance -1 
2024-02-22T22:20:19.047+05:30 ERROR 89386 --- [ol-10-thread-14] c.d.c.web.AccountsTransferController     : Exception occurs

com.dws.challenge.exception.InsufficientBalanceException: Insufficient Balance in account Account123
	at com.dws.challenge.service.TransferService.transferAmount(TransferService.java:21) ~[main/:na]
	at com.dws.challenge.web.AccountsTransferController.transferAmount(AccountsTransferController.java:64) ~[main/:na]
	at com.dws.challenge.ConcurrentTransferTest.lambda$concurrentTransferTest$0(ConcurrentTransferTest.java:77) ~[test/:na]
	at java.base/java.util.concurrent.ThreadPoolExecutor.runWorker(ThreadPoolExecutor.java:1136) ~[na:na]
	at java.base/java.util.concurrent.ThreadPoolExecutor$Worker.run(ThreadPoolExecutor.java:635) ~[na:na]
	at java.base/java.lang.Thread.run(Thread.java:842) ~[na:na]

2024-02-22T22:20:19.048+05:30  INFO 89386 --- [ool-10-thread-9] c.dws.challenge.service.TransferService  : compareBalance -1 
2024-02-22T22:20:19.048+05:30 ERROR 89386 --- [ol-10-thread-12] c.d.c.web.AccountsTransferController     : Exception occurs

com.dws.challenge.exception.InsufficientBalanceException: Insufficient Balance in account Account123
	at com.dws.challenge.service.TransferService.transferAmount(TransferService.java:21) ~[main/:na]
	at com.dws.challenge.web.AccountsTransferController.transferAmount(AccountsTransferController.java:64) ~[main/:na]
	at com.dws.challenge.ConcurrentTransferTest.lambda$concurrentTransferTest$0(ConcurrentTransferTest.java:77) ~[test/:na]
	at java.base/java.util.concurrent.ThreadPoolExecutor.runWorker(ThreadPoolExecutor.java:1136) ~[na:na]
	at java.base/java.util.concurrent.ThreadPoolExecutor$Worker.run(ThreadPoolExecutor.java:635) ~[na:na]
	at java.base/java.lang.Thread.run(Thread.java:842) ~[na:na]

2024-02-22T22:20:19.048+05:30  INFO 89386 --- [ol-10-thread-11] c.dws.challenge.service.TransferService  : compareBalance -1 
2024-02-22T22:20:19.048+05:30 ERROR 89386 --- [ool-10-thread-9] c.d.c.web.AccountsTransferController     : Exception occurs

com.dws.challenge.exception.InsufficientBalanceException: Insufficient Balance in account Account123
	at com.dws.challenge.service.TransferService.transferAmount(TransferService.java:21) ~[main/:na]
	at com.dws.challenge.web.AccountsTransferController.transferAmount(AccountsTransferController.java:64) ~[main/:na]
	at com.dws.challenge.ConcurrentTransferTest.lambda$concurrentTransferTest$0(ConcurrentTransferTest.java:77) ~[test/:na]
	at java.base/java.util.concurrent.ThreadPoolExecutor.runWorker(ThreadPoolExecutor.java:1136) ~[na:na]
	at java.base/java.util.concurrent.ThreadPoolExecutor$Worker.run(ThreadPoolExecutor.java:635) ~[na:na]
	at java.base/java.lang.Thread.run(Thread.java:842) ~[na:na]

2024-02-22T22:20:19.048+05:30  INFO 89386 --- [ool-10-thread-5] c.dws.challenge.service.TransferService  : compareBalance -1 
2024-02-22T22:20:19.048+05:30 ERROR 89386 --- [ol-10-thread-11] c.d.c.web.AccountsTransferController     : Exception occurs

com.dws.challenge.exception.InsufficientBalanceException: Insufficient Balance in account Account123
	at com.dws.challenge.service.TransferService.transferAmount(TransferService.java:21) ~[main/:na]
	at com.dws.challenge.web.AccountsTransferController.transferAmount(AccountsTransferController.java:64) ~[main/:na]
	at com.dws.challenge.ConcurrentTransferTest.lambda$concurrentTransferTest$0(ConcurrentTransferTest.java:77) ~[test/:na]
	at java.base/java.util.concurrent.ThreadPoolExecutor.runWorker(ThreadPoolExecutor.java:1136) ~[na:na]
	at java.base/java.util.concurrent.ThreadPoolExecutor$Worker.run(ThreadPoolExecutor.java:635) ~[na:na]
	at java.base/java.lang.Thread.run(Thread.java:842) ~[na:na]

2024-02-22T22:20:19.049+05:30  INFO 89386 --- [ool-10-thread-1] c.dws.challenge.service.TransferService  : compareBalance -1 
2024-02-22T22:20:19.049+05:30 ERROR 89386 --- [ool-10-thread-5] c.d.c.web.AccountsTransferController     : Exception occurs

com.dws.challenge.exception.InsufficientBalanceException: Insufficient Balance in account Account123
	at com.dws.challenge.service.TransferService.transferAmount(TransferService.java:21) ~[main/:na]
	at com.dws.challenge.web.AccountsTransferController.transferAmount(AccountsTransferController.java:64) ~[main/:na]
	at com.dws.challenge.ConcurrentTransferTest.lambda$concurrentTransferTest$0(ConcurrentTransferTest.java:77) ~[test/:na]
	at java.base/java.util.concurrent.ThreadPoolExecutor.runWorker(ThreadPoolExecutor.java:1136) ~[na:na]
	at java.base/java.util.concurrent.ThreadPoolExecutor$Worker.run(ThreadPoolExecutor.java:635) ~[na:na]
	at java.base/java.lang.Thread.run(Thread.java:842) ~[na:na]

2024-02-22T22:20:19.049+05:30  INFO 89386 --- [ool-10-thread-7] c.dws.challenge.service.TransferService  : compareBalance -1 
2024-02-22T22:20:19.049+05:30 ERROR 89386 --- [ool-10-thread-1] c.d.c.web.AccountsTransferController     : Exception occurs

com.dws.challenge.exception.InsufficientBalanceException: Insufficient Balance in account Account123
	at com.dws.challenge.service.TransferService.transferAmount(TransferService.java:21) ~[main/:na]
	at com.dws.challenge.web.AccountsTransferController.transferAmount(AccountsTransferController.java:64) ~[main/:na]
	at com.dws.challenge.ConcurrentTransferTest.lambda$concurrentTransferTest$0(ConcurrentTransferTest.java:77) ~[test/:na]
	at java.base/java.util.concurrent.ThreadPoolExecutor.runWorker(ThreadPoolExecutor.java:1136) ~[na:na]
	at java.base/java.util.concurrent.ThreadPoolExecutor$Worker.run(ThreadPoolExecutor.java:635) ~[na:na]
	at java.base/java.lang.Thread.run(Thread.java:842) ~[na:na]

2024-02-22T22:20:19.049+05:30  INFO 89386 --- [ool-10-thread-3] c.dws.challenge.service.TransferService  : compareBalance -1 
2024-02-22T22:20:19.049+05:30 ERROR 89386 --- [ool-10-thread-7] c.d.c.web.AccountsTransferController     : Exception occurs

com.dws.challenge.exception.InsufficientBalanceException: Insufficient Balance in account Account123
	at com.dws.challenge.service.TransferService.transferAmount(TransferService.java:21) ~[main/:na]
	at com.dws.challenge.web.AccountsTransferController.transferAmount(AccountsTransferController.java:64) ~[main/:na]
	at com.dws.challenge.ConcurrentTransferTest.lambda$concurrentTransferTest$0(ConcurrentTransferTest.java:77) ~[test/:na]
	at java.base/java.util.concurrent.ThreadPoolExecutor.runWorker(ThreadPoolExecutor.java:1136) ~[na:na]
	at java.base/java.util.concurrent.ThreadPoolExecutor$Worker.run(ThreadPoolExecutor.java:635) ~[na:na]
	at java.base/java.lang.Thread.run(Thread.java:842) ~[na:na]

2024-02-22T22:20:19.050+05:30  INFO 89386 --- [ol-10-thread-10] c.dws.challenge.service.TransferService  : compareBalance -1 
2024-02-22T22:20:19.050+05:30 ERROR 89386 --- [ool-10-thread-3] c.d.c.web.AccountsTransferController     : Exception occurs

com.dws.challenge.exception.InsufficientBalanceException: Insufficient Balance in account Account123
	at com.dws.challenge.service.TransferService.transferAmount(TransferService.java:21) ~[main/:na]
	at com.dws.challenge.web.AccountsTransferController.transferAmount(AccountsTransferController.java:64) ~[main/:na]
	at com.dws.challenge.ConcurrentTransferTest.lambda$concurrentTransferTest$0(ConcurrentTransferTest.java:77) ~[test/:na]
	at java.base/java.util.concurrent.ThreadPoolExecutor.runWorker(ThreadPoolExecutor.java:1136) ~[na:na]
	at java.base/java.util.concurrent.ThreadPoolExecutor$Worker.run(ThreadPoolExecutor.java:635) ~[na:na]
	at java.base/java.lang.Thread.run(Thread.java:842) ~[na:na]

2024-02-22T22:20:19.050+05:30  INFO 89386 --- [ool-10-thread-8] c.dws.challenge.service.TransferService  : compareBalance -1 
2024-02-22T22:20:19.050+05:30 ERROR 89386 --- [ol-10-thread-10] c.d.c.web.AccountsTransferController     : Exception occurs

com.dws.challenge.exception.InsufficientBalanceException: Insufficient Balance in account Account123
	at com.dws.challenge.service.TransferService.transferAmount(TransferService.java:21) ~[main/:na]
	at com.dws.challenge.web.AccountsTransferController.transferAmount(AccountsTransferController.java:64) ~[main/:na]
	at com.dws.challenge.ConcurrentTransferTest.lambda$concurrentTransferTest$0(ConcurrentTransferTest.java:77) ~[test/:na]
	at java.base/java.util.concurrent.ThreadPoolExecutor.runWorker(ThreadPoolExecutor.java:1136) ~[na:na]
	at java.base/java.util.concurrent.ThreadPoolExecutor$Worker.run(ThreadPoolExecutor.java:635) ~[na:na]
	at java.base/java.lang.Thread.run(Thread.java:842) ~[na:na]

2024-02-22T22:20:19.050+05:30  INFO 89386 --- [ool-10-thread-4] c.dws.challenge.service.TransferService  : compareBalance -1 
2024-02-22T22:20:19.050+05:30 ERROR 89386 --- [ool-10-thread-8] c.d.c.web.AccountsTransferController     : Exception occurs

com.dws.challenge.exception.InsufficientBalanceException: Insufficient Balance in account Account123
	at com.dws.challenge.service.TransferService.transferAmount(TransferService.java:21) ~[main/:na]
	at com.dws.challenge.web.AccountsTransferController.transferAmount(AccountsTransferController.java:64) ~[main/:na]
	at com.dws.challenge.ConcurrentTransferTest.lambda$concurrentTransferTest$0(ConcurrentTransferTest.java:77) ~[test/:na]
	at java.base/java.util.concurrent.ThreadPoolExecutor.runWorker(ThreadPoolExecutor.java:1136) ~[na:na]
	at java.base/java.util.concurrent.ThreadPoolExecutor$Worker.run(ThreadPoolExecutor.java:635) ~[na:na]
	at java.base/java.lang.Thread.run(Thread.java:842) ~[na:na]

2024-02-22T22:20:19.050+05:30  INFO 89386 --- [ol-10-thread-20] c.dws.challenge.service.TransferService  : compareBalance -1 
2024-02-22T22:20:19.050+05:30 ERROR 89386 --- [ool-10-thread-4] c.d.c.web.AccountsTransferController     : Exception occurs

com.dws.challenge.exception.InsufficientBalanceException: Insufficient Balance in account Account123
	at com.dws.challenge.service.TransferService.transferAmount(TransferService.java:21) ~[main/:na]
	at com.dws.challenge.web.AccountsTransferController.transferAmount(AccountsTransferController.java:64) ~[main/:na]
	at com.dws.challenge.ConcurrentTransferTest.lambda$concurrentTransferTest$0(ConcurrentTransferTest.java:77) ~[test/:na]
	at java.base/java.util.concurrent.ThreadPoolExecutor.runWorker(ThreadPoolExecutor.java:1136) ~[na:na]
	at java.base/java.util.concurrent.ThreadPoolExecutor$Worker.run(ThreadPoolExecutor.java:635) ~[na:na]
	at java.base/java.lang.Thread.run(Thread.java:842) ~[na:na]

2024-02-22T22:20:19.051+05:30  INFO 89386 --- [ool-10-thread-2] c.dws.challenge.service.TransferService  : compareBalance -1 
2024-02-22T22:20:19.051+05:30 ERROR 89386 --- [ol-10-thread-20] c.d.c.web.AccountsTransferController     : Exception occurs

com.dws.challenge.exception.InsufficientBalanceException: Insufficient Balance in account Account123
	at com.dws.challenge.service.TransferService.transferAmount(TransferService.java:21) ~[main/:na]
	at com.dws.challenge.web.AccountsTransferController.transferAmount(AccountsTransferController.java:64) ~[main/:na]
	at com.dws.challenge.ConcurrentTransferTest.lambda$concurrentTransferTest$0(ConcurrentTransferTest.java:77) ~[test/:na]
	at java.base/java.util.concurrent.ThreadPoolExecutor.runWorker(ThreadPoolExecutor.java:1136) ~[na:na]
	at java.base/java.util.concurrent.ThreadPoolExecutor$Worker.run(ThreadPoolExecutor.java:635) ~[na:na]
	at java.base/java.lang.Thread.run(Thread.java:842) ~[na:na]

2024-02-22T22:20:19.051+05:30  INFO 89386 --- [ol-10-thread-17] c.dws.challenge.service.TransferService  : compareBalance -1 
2024-02-22T22:20:19.051+05:30 ERROR 89386 --- [ool-10-thread-2] c.d.c.web.AccountsTransferController     : Exception occurs

com.dws.challenge.exception.InsufficientBalanceException: Insufficient Balance in account Account123
	at com.dws.challenge.service.TransferService.transferAmount(TransferService.java:21) ~[main/:na]
	at com.dws.challenge.web.AccountsTransferController.transferAmount(AccountsTransferController.java:64) ~[main/:na]
	at com.dws.challenge.ConcurrentTransferTest.lambda$concurrentTransferTest$0(ConcurrentTransferTest.java:77) ~[test/:na]
	at java.base/java.util.concurrent.ThreadPoolExecutor.runWorker(ThreadPoolExecutor.java:1136) ~[na:na]
	at java.base/java.util.concurrent.ThreadPoolExecutor$Worker.run(ThreadPoolExecutor.java:635) ~[na:na]
	at java.base/java.lang.Thread.run(Thread.java:842) ~[na:na]

2024-02-22T22:20:19.051+05:30  INFO 89386 --- [ol-10-thread-13] c.dws.challenge.service.TransferService  : compareBalance -1 
2024-02-22T22:20:19.051+05:30 ERROR 89386 --- [ol-10-thread-17] c.d.c.web.AccountsTransferController     : Exception occurs

com.dws.challenge.exception.InsufficientBalanceException: Insufficient Balance in account Account123
	at com.dws.challenge.service.TransferService.transferAmount(TransferService.java:21) ~[main/:na]
	at com.dws.challenge.web.AccountsTransferController.transferAmount(AccountsTransferController.java:64) ~[main/:na]
	at com.dws.challenge.ConcurrentTransferTest.lambda$concurrentTransferTest$0(ConcurrentTransferTest.java:77) ~[test/:na]
	at java.base/java.util.concurrent.ThreadPoolExecutor.runWorker(ThreadPoolExecutor.java:1136) ~[na:na]
	at java.base/java.util.concurrent.ThreadPoolExecutor$Worker.run(ThreadPoolExecutor.java:635) ~[na:na]
	at java.base/java.lang.Thread.run(Thread.java:842) ~[na:na]

2024-02-22T22:20:19.052+05:30 ERROR 89386 --- [ol-10-thread-13] c.d.c.web.AccountsTransferController     : Exception occurs

com.dws.challenge.exception.InsufficientBalanceException: Insufficient Balance in account Account123
	at com.dws.challenge.service.TransferService.transferAmount(TransferService.java:21) ~[main/:na]
	at com.dws.challenge.web.AccountsTransferController.transferAmount(AccountsTransferController.java:64) ~[main/:na]
	at com.dws.challenge.ConcurrentTransferTest.lambda$concurrentTransferTest$0(ConcurrentTransferTest.java:77) ~[test/:na]
	at java.base/java.util.concurrent.ThreadPoolExecutor.runWorker(ThreadPoolExecutor.java:1136) ~[na:na]
	at java.base/java.util.concurrent.ThreadPoolExecutor$Worker.run(ThreadPoolExecutor.java:635) ~[na:na]
	at java.base/java.lang.Thread.run(Thread.java:842) ~[na:na]

2024-02-22T22:20:19.068+05:30  INFO 89386 --- [ool-11-thread-8] c.d.c.web.AccountsTransferController     : Transfer Amount  Transfer(accountFrom=Account123, accountTo=Account124, amount=1000)
2024-02-22T22:20:19.068+05:30  INFO 89386 --- [ol-11-thread-12] c.d.c.web.AccountsTransferController     : Transfer Amount  Transfer(accountFrom=Account123, accountTo=Account124, amount=1000)
2024-02-22T22:20:19.068+05:30  INFO 89386 --- [ol-11-thread-11] c.d.c.web.AccountsTransferController     : Transfer Amount  Transfer(accountFrom=Account123, accountTo=Account124, amount=1000)
2024-02-22T22:20:19.068+05:30  INFO 89386 --- [ool-11-thread-7] c.d.c.web.AccountsTransferController     : Transfer Amount  Transfer(accountFrom=Account123, accountTo=Account124, amount=1000)
2024-02-22T22:20:19.068+05:30  INFO 89386 --- [ool-11-thread-1] c.d.c.web.AccountsTransferController     : Transfer Amount  Transfer(accountFrom=Account123, accountTo=Account124, amount=1000)
2024-02-22T22:20:19.068+05:30  INFO 89386 --- [ool-11-thread-2] c.d.c.web.AccountsTransferController     : Transfer Amount  Transfer(accountFrom=Account123, accountTo=Account124, amount=1000)
2024-02-22T22:20:19.068+05:30  INFO 89386 --- [ol-11-thread-20] c.d.c.web.AccountsTransferController     : Transfer Amount  Transfer(accountFrom=Account123, accountTo=Account124, amount=1000)
2024-02-22T22:20:19.068+05:30  INFO 89386 --- [ol-11-thread-10] c.d.c.web.AccountsTransferController     : Transfer Amount  Transfer(accountFrom=Account123, accountTo=Account124, amount=1000)
2024-02-22T22:20:19.068+05:30  INFO 89386 --- [ool-11-thread-6] c.d.c.web.AccountsTransferController     : Transfer Amount  Transfer(accountFrom=Account123, accountTo=Account124, amount=1000)
2024-02-22T22:20:19.068+05:30  INFO 89386 --- [ool-11-thread-4] c.d.c.web.AccountsTransferController     : Transfer Amount  Transfer(accountFrom=Account123, accountTo=Account124, amount=1000)
2024-02-22T22:20:19.068+05:30  INFO 89386 --- [ol-11-thread-14] c.d.c.web.AccountsTransferController     : Transfer Amount  Transfer(accountFrom=Account123, accountTo=Account124, amount=1000)
2024-02-22T22:20:19.068+05:30  INFO 89386 --- [ool-11-thread-3] c.d.c.web.AccountsTransferController     : Transfer Amount  Transfer(accountFrom=Account123, accountTo=Account124, amount=1000)
2024-02-22T22:20:19.068+05:30  INFO 89386 --- [ool-11-thread-5] c.d.c.web.AccountsTransferController     : Transfer Amount  Transfer(accountFrom=Account123, accountTo=Account124, amount=1000)
2024-02-22T22:20:19.068+05:30  INFO 89386 --- [ool-11-thread-9] c.d.c.web.AccountsTransferController     : Transfer Amount  Transfer(accountFrom=Account123, accountTo=Account124, amount=1000)
2024-02-22T22:20:19.068+05:30  INFO 89386 --- [ol-11-thread-13] c.d.c.web.AccountsTransferController     : Transfer Amount  Transfer(accountFrom=Account123, accountTo=Account124, amount=1000)
2024-02-22T22:20:19.068+05:30  INFO 89386 --- [ol-11-thread-15] c.d.c.web.AccountsTransferController     : Transfer Amount  Transfer(accountFrom=Account123, accountTo=Account124, amount=1000)
2024-02-22T22:20:19.068+05:30  INFO 89386 --- [ol-11-thread-16] c.d.c.web.AccountsTransferController     : Transfer Amount  Transfer(accountFrom=Account123, accountTo=Account124, amount=1000)
2024-02-22T22:20:19.068+05:30  INFO 89386 --- [ol-11-thread-17] c.d.c.web.AccountsTransferController     : Transfer Amount  Transfer(accountFrom=Account123, accountTo=Account124, amount=1000)
2024-02-22T22:20:19.068+05:30  INFO 89386 --- [ol-11-thread-18] c.d.c.web.AccountsTransferController     : Transfer Amount  Transfer(accountFrom=Account123, accountTo=Account124, amount=1000)
2024-02-22T22:20:19.068+05:30  INFO 89386 --- [ol-11-thread-19] c.d.c.web.AccountsTransferController     : Transfer Amount  Transfer(accountFrom=Account123, accountTo=Account124, amount=1000)
2024-02-22T22:20:19.068+05:30  INFO 89386 --- [ool-11-thread-8] c.dws.challenge.service.TransferService  : compareBalance 0 
2024-02-22T22:20:19.070+05:30  INFO 89386 --- [ool-11-thread-8] c.d.c.web.AccountsTransferController     : notification sent successfully
2024-02-22T22:20:19.071+05:30  INFO 89386 --- [ol-11-thread-19] c.dws.challenge.service.TransferService  : compareBalance -1 
2024-02-22T22:20:19.071+05:30  INFO 89386 --- [ol-11-thread-18] c.dws.challenge.service.TransferService  : compareBalance -1 
2024-02-22T22:20:19.071+05:30  INFO 89386 --- [ol-11-thread-17] c.dws.challenge.service.TransferService  : compareBalance -1 
2024-02-22T22:20:19.071+05:30 ERROR 89386 --- [ol-11-thread-19] c.d.c.web.AccountsTransferController     : Exception occurs

com.dws.challenge.exception.InsufficientBalanceException: Insufficient Balance in account Account123
	at com.dws.challenge.service.TransferService.transferAmount(TransferService.java:21) ~[main/:na]
	at com.dws.challenge.web.AccountsTransferController.transferAmount(AccountsTransferController.java:64) ~[main/:na]
	at com.dws.challenge.ConcurrentTransferTest.lambda$concurrentTransferTest$0(ConcurrentTransferTest.java:77) ~[test/:na]
	at java.base/java.util.concurrent.ThreadPoolExecutor.runWorker(ThreadPoolExecutor.java:1136) ~[na:na]
	at java.base/java.util.concurrent.ThreadPoolExecutor$Worker.run(ThreadPoolExecutor.java:635) ~[na:na]
	at java.base/java.lang.Thread.run(Thread.java:842) ~[na:na]

2024-02-22T22:20:19.071+05:30  INFO 89386 --- [ol-11-thread-16] c.dws.challenge.service.TransferService  : compareBalance -1 
2024-02-22T22:20:19.071+05:30 ERROR 89386 --- [ol-11-thread-18] c.d.c.web.AccountsTransferController     : Exception occurs

com.dws.challenge.exception.InsufficientBalanceException: Insufficient Balance in account Account123
	at com.dws.challenge.service.TransferService.transferAmount(TransferService.java:21) ~[main/:na]
	at com.dws.challenge.web.AccountsTransferController.transferAmount(AccountsTransferController.java:64) ~[main/:na]
	at com.dws.challenge.ConcurrentTransferTest.lambda$concurrentTransferTest$0(ConcurrentTransferTest.java:77) ~[test/:na]
	at java.base/java.util.concurrent.ThreadPoolExecutor.runWorker(ThreadPoolExecutor.java:1136) ~[na:na]
	at java.base/java.util.concurrent.ThreadPoolExecutor$Worker.run(ThreadPoolExecutor.java:635) ~[na:na]
	at java.base/java.lang.Thread.run(Thread.java:842) ~[na:na]

2024-02-22T22:20:19.071+05:30  INFO 89386 --- [ol-11-thread-15] c.dws.challenge.service.TransferService  : compareBalance -1 
2024-02-22T22:20:19.071+05:30 ERROR 89386 --- [ol-11-thread-17] c.d.c.web.AccountsTransferController     : Exception occurs

com.dws.challenge.exception.InsufficientBalanceException: Insufficient Balance in account Account123
	at com.dws.challenge.service.TransferService.transferAmount(TransferService.java:21) ~[main/:na]
	at com.dws.challenge.web.AccountsTransferController.transferAmount(AccountsTransferController.java:64) ~[main/:na]
	at com.dws.challenge.ConcurrentTransferTest.lambda$concurrentTransferTest$0(ConcurrentTransferTest.java:77) ~[test/:na]
	at java.base/java.util.concurrent.ThreadPoolExecutor.runWorker(ThreadPoolExecutor.java:1136) ~[na:na]
	at java.base/java.util.concurrent.ThreadPoolExecutor$Worker.run(ThreadPoolExecutor.java:635) ~[na:na]
	at java.base/java.lang.Thread.run(Thread.java:842) ~[na:na]

2024-02-22T22:20:19.071+05:30 ERROR 89386 --- [ol-11-thread-16] c.d.c.web.AccountsTransferController     : Exception occurs

com.dws.challenge.exception.InsufficientBalanceException: Insufficient Balance in account Account123
	at com.dws.challenge.service.TransferService.transferAmount(TransferService.java:21) ~[main/:na]
	at com.dws.challenge.web.AccountsTransferController.transferAmount(AccountsTransferController.java:64) ~[main/:na]
	at com.dws.challenge.ConcurrentTransferTest.lambda$concurrentTransferTest$0(ConcurrentTransferTest.java:77) ~[test/:na]
	at java.base/java.util.concurrent.ThreadPoolExecutor.runWorker(ThreadPoolExecutor.java:1136) ~[na:na]
	at java.base/java.util.concurrent.ThreadPoolExecutor$Worker.run(ThreadPoolExecutor.java:635) ~[na:na]
	at java.base/java.lang.Thread.run(Thread.java:842) ~[na:na]

2024-02-22T22:20:19.072+05:30  INFO 89386 --- [ol-11-thread-13] c.dws.challenge.service.TransferService  : compareBalance -1 
2024-02-22T22:20:19.072+05:30 ERROR 89386 --- [ol-11-thread-15] c.d.c.web.AccountsTransferController     : Exception occurs

com.dws.challenge.exception.InsufficientBalanceException: Insufficient Balance in account Account123
	at com.dws.challenge.service.TransferService.transferAmount(TransferService.java:21) ~[main/:na]
	at com.dws.challenge.web.AccountsTransferController.transferAmount(AccountsTransferController.java:64) ~[main/:na]
	at com.dws.challenge.ConcurrentTransferTest.lambda$concurrentTransferTest$0(ConcurrentTransferTest.java:77) ~[test/:na]
	at java.base/java.util.concurrent.ThreadPoolExecutor.runWorker(ThreadPoolExecutor.java:1136) ~[na:na]
	at java.base/java.util.concurrent.ThreadPoolExecutor$Worker.run(ThreadPoolExecutor.java:635) ~[na:na]
	at java.base/java.lang.Thread.run(Thread.java:842) ~[na:na]

2024-02-22T22:20:19.072+05:30  INFO 89386 --- [ool-11-thread-9] c.dws.challenge.service.TransferService  : compareBalance -1 
2024-02-22T22:20:19.072+05:30 ERROR 89386 --- [ol-11-thread-13] c.d.c.web.AccountsTransferController     : Exception occurs

com.dws.challenge.exception.InsufficientBalanceException: Insufficient Balance in account Account123
	at com.dws.challenge.service.TransferService.transferAmount(TransferService.java:21) ~[main/:na]
	at com.dws.challenge.web.AccountsTransferController.transferAmount(AccountsTransferController.java:64) ~[main/:na]
	at com.dws.challenge.ConcurrentTransferTest.lambda$concurrentTransferTest$0(ConcurrentTransferTest.java:77) ~[test/:na]
	at java.base/java.util.concurrent.ThreadPoolExecutor.runWorker(ThreadPoolExecutor.java:1136) ~[na:na]
	at java.base/java.util.concurrent.ThreadPoolExecutor$Worker.run(ThreadPoolExecutor.java:635) ~[na:na]
	at java.base/java.lang.Thread.run(Thread.java:842) ~[na:na]

2024-02-22T22:20:19.072+05:30  INFO 89386 --- [ool-11-thread-5] c.dws.challenge.service.TransferService  : compareBalance -1 
2024-02-22T22:20:19.072+05:30 ERROR 89386 --- [ool-11-thread-9] c.d.c.web.AccountsTransferController     : Exception occurs

com.dws.challenge.exception.InsufficientBalanceException: Insufficient Balance in account Account123
	at com.dws.challenge.service.TransferService.transferAmount(TransferService.java:21) ~[main/:na]
	at com.dws.challenge.web.AccountsTransferController.transferAmount(AccountsTransferController.java:64) ~[main/:na]
	at com.dws.challenge.ConcurrentTransferTest.lambda$concurrentTransferTest$0(ConcurrentTransferTest.java:77) ~[test/:na]
	at java.base/java.util.concurrent.ThreadPoolExecutor.runWorker(ThreadPoolExecutor.java:1136) ~[na:na]
	at java.base/java.util.concurrent.ThreadPoolExecutor$Worker.run(ThreadPoolExecutor.java:635) ~[na:na]
	at java.base/java.lang.Thread.run(Thread.java:842) ~[na:na]

2024-02-22T22:20:19.072+05:30  INFO 89386 --- [ool-11-thread-3] c.dws.challenge.service.TransferService  : compareBalance -1 
2024-02-22T22:20:19.072+05:30 ERROR 89386 --- [ool-11-thread-5] c.d.c.web.AccountsTransferController     : Exception occurs

com.dws.challenge.exception.InsufficientBalanceException: Insufficient Balance in account Account123
	at com.dws.challenge.service.TransferService.transferAmount(TransferService.java:21) ~[main/:na]
	at com.dws.challenge.web.AccountsTransferController.transferAmount(AccountsTransferController.java:64) ~[main/:na]
	at com.dws.challenge.ConcurrentTransferTest.lambda$concurrentTransferTest$0(ConcurrentTransferTest.java:77) ~[test/:na]
	at java.base/java.util.concurrent.ThreadPoolExecutor.runWorker(ThreadPoolExecutor.java:1136) ~[na:na]
	at java.base/java.util.concurrent.ThreadPoolExecutor$Worker.run(ThreadPoolExecutor.java:635) ~[na:na]
	at java.base/java.lang.Thread.run(Thread.java:842) ~[na:na]

2024-02-22T22:20:19.072+05:30  INFO 89386 --- [ol-11-thread-14] c.dws.challenge.service.TransferService  : compareBalance -1 
2024-02-22T22:20:19.072+05:30 ERROR 89386 --- [ool-11-thread-3] c.d.c.web.AccountsTransferController     : Exception occurs

com.dws.challenge.exception.InsufficientBalanceException: Insufficient Balance in account Account123
	at com.dws.challenge.service.TransferService.transferAmount(TransferService.java:21) ~[main/:na]
	at com.dws.challenge.web.AccountsTransferController.transferAmount(AccountsTransferController.java:64) ~[main/:na]
	at com.dws.challenge.ConcurrentTransferTest.lambda$concurrentTransferTest$0(ConcurrentTransferTest.java:77) ~[test/:na]
	at java.base/java.util.concurrent.ThreadPoolExecutor.runWorker(ThreadPoolExecutor.java:1136) ~[na:na]
	at java.base/java.util.concurrent.ThreadPoolExecutor$Worker.run(ThreadPoolExecutor.java:635) ~[na:na]
	at java.base/java.lang.Thread.run(Thread.java:842) ~[na:na]

2024-02-22T22:20:19.073+05:30  INFO 89386 --- [ool-11-thread-4] c.dws.challenge.service.TransferService  : compareBalance -1 
2024-02-22T22:20:19.073+05:30 ERROR 89386 --- [ol-11-thread-14] c.d.c.web.AccountsTransferController     : Exception occurs

com.dws.challenge.exception.InsufficientBalanceException: Insufficient Balance in account Account123
	at com.dws.challenge.service.TransferService.transferAmount(TransferService.java:21) ~[main/:na]
	at com.dws.challenge.web.AccountsTransferController.transferAmount(AccountsTransferController.java:64) ~[main/:na]
	at com.dws.challenge.ConcurrentTransferTest.lambda$concurrentTransferTest$0(ConcurrentTransferTest.java:77) ~[test/:na]
	at java.base/java.util.concurrent.ThreadPoolExecutor.runWorker(ThreadPoolExecutor.java:1136) ~[na:na]
	at java.base/java.util.concurrent.ThreadPoolExecutor$Worker.run(ThreadPoolExecutor.java:635) ~[na:na]
	at java.base/java.lang.Thread.run(Thread.java:842) ~[na:na]

2024-02-22T22:20:19.073+05:30  INFO 89386 --- [ool-11-thread-6] c.dws.challenge.service.TransferService  : compareBalance -1 
2024-02-22T22:20:19.073+05:30 ERROR 89386 --- [ool-11-thread-4] c.d.c.web.AccountsTransferController     : Exception occurs

com.dws.challenge.exception.InsufficientBalanceException: Insufficient Balance in account Account123
	at com.dws.challenge.service.TransferService.transferAmount(TransferService.java:21) ~[main/:na]
	at com.dws.challenge.web.AccountsTransferController.transferAmount(AccountsTransferController.java:64) ~[main/:na]
	at com.dws.challenge.ConcurrentTransferTest.lambda$concurrentTransferTest$0(ConcurrentTransferTest.java:77) ~[test/:na]
	at java.base/java.util.concurrent.ThreadPoolExecutor.runWorker(ThreadPoolExecutor.java:1136) ~[na:na]
	at java.base/java.util.concurrent.ThreadPoolExecutor$Worker.run(ThreadPoolExecutor.java:635) ~[na:na]
	at java.base/java.lang.Thread.run(Thread.java:842) ~[na:na]

2024-02-22T22:20:19.073+05:30  INFO 89386 --- [ol-11-thread-10] c.dws.challenge.service.TransferService  : compareBalance -1 
2024-02-22T22:20:19.073+05:30 ERROR 89386 --- [ool-11-thread-6] c.d.c.web.AccountsTransferController     : Exception occurs

com.dws.challenge.exception.InsufficientBalanceException: Insufficient Balance in account Account123
	at com.dws.challenge.service.TransferService.transferAmount(TransferService.java:21) ~[main/:na]
	at com.dws.challenge.web.AccountsTransferController.transferAmount(AccountsTransferController.java:64) ~[main/:na]
	at com.dws.challenge.ConcurrentTransferTest.lambda$concurrentTransferTest$0(ConcurrentTransferTest.java:77) ~[test/:na]
	at java.base/java.util.concurrent.ThreadPoolExecutor.runWorker(ThreadPoolExecutor.java:1136) ~[na:na]
	at java.base/java.util.concurrent.ThreadPoolExecutor$Worker.run(ThreadPoolExecutor.java:635) ~[na:na]
	at java.base/java.lang.Thread.run(Thread.java:842) ~[na:na]

2024-02-22T22:20:19.073+05:30  INFO 89386 --- [ol-11-thread-20] c.dws.challenge.service.TransferService  : compareBalance -1 
2024-02-22T22:20:19.073+05:30 ERROR 89386 --- [ol-11-thread-10] c.d.c.web.AccountsTransferController     : Exception occurs

com.dws.challenge.exception.InsufficientBalanceException: Insufficient Balance in account Account123
	at com.dws.challenge.service.TransferService.transferAmount(TransferService.java:21) ~[main/:na]
	at com.dws.challenge.web.AccountsTransferController.transferAmount(AccountsTransferController.java:64) ~[main/:na]
	at com.dws.challenge.ConcurrentTransferTest.lambda$concurrentTransferTest$0(ConcurrentTransferTest.java:77) ~[test/:na]
	at java.base/java.util.concurrent.ThreadPoolExecutor.runWorker(ThreadPoolExecutor.java:1136) ~[na:na]
	at java.base/java.util.concurrent.ThreadPoolExecutor$Worker.run(ThreadPoolExecutor.java:635) ~[na:na]
	at java.base/java.lang.Thread.run(Thread.java:842) ~[na:na]

2024-02-22T22:20:19.073+05:30 ERROR 89386 --- [ol-11-thread-20] c.d.c.web.AccountsTransferController     : Exception occurs

com.dws.challenge.exception.InsufficientBalanceException: Insufficient Balance in account Account123
	at com.dws.challenge.service.TransferService.transferAmount(TransferService.java:21) ~[main/:na]
	at com.dws.challenge.web.AccountsTransferController.transferAmount(AccountsTransferController.java:64) ~[main/:na]
	at com.dws.challenge.ConcurrentTransferTest.lambda$concurrentTransferTest$0(ConcurrentTransferTest.java:77) ~[test/:na]
	at java.base/java.util.concurrent.ThreadPoolExecutor.runWorker(ThreadPoolExecutor.java:1136) ~[na:na]
	at java.base/java.util.concurrent.ThreadPoolExecutor$Worker.run(ThreadPoolExecutor.java:635) ~[na:na]
	at java.base/java.lang.Thread.run(Thread.java:842) ~[na:na]

2024-02-22T22:20:19.074+05:30  INFO 89386 --- [ool-11-thread-2] c.dws.challenge.service.TransferService  : compareBalance -1 
2024-02-22T22:20:19.074+05:30  INFO 89386 --- [ool-11-thread-1] c.dws.challenge.service.TransferService  : compareBalance -1 
2024-02-22T22:20:19.074+05:30 ERROR 89386 --- [ool-11-thread-2] c.d.c.web.AccountsTransferController     : Exception occurs

com.dws.challenge.exception.InsufficientBalanceException: Insufficient Balance in account Account123
	at com.dws.challenge.service.TransferService.transferAmount(TransferService.java:21) ~[main/:na]
	at com.dws.challenge.web.AccountsTransferController.transferAmount(AccountsTransferController.java:64) ~[main/:na]
	at com.dws.challenge.ConcurrentTransferTest.lambda$concurrentTransferTest$0(ConcurrentTransferTest.java:77) ~[test/:na]
	at java.base/java.util.concurrent.ThreadPoolExecutor.runWorker(ThreadPoolExecutor.java:1136) ~[na:na]
	at java.base/java.util.concurrent.ThreadPoolExecutor$Worker.run(ThreadPoolExecutor.java:635) ~[na:na]
	at java.base/java.lang.Thread.run(Thread.java:842) ~[na:na]

2024-02-22T22:20:19.074+05:30  INFO 89386 --- [ool-11-thread-7] c.dws.challenge.service.TransferService  : compareBalance -1 
2024-02-22T22:20:19.074+05:30 ERROR 89386 --- [ool-11-thread-1] c.d.c.web.AccountsTransferController     : Exception occurs

com.dws.challenge.exception.InsufficientBalanceException: Insufficient Balance in account Account123
	at com.dws.challenge.service.TransferService.transferAmount(TransferService.java:21) ~[main/:na]
	at com.dws.challenge.web.AccountsTransferController.transferAmount(AccountsTransferController.java:64) ~[main/:na]
	at com.dws.challenge.ConcurrentTransferTest.lambda$concurrentTransferTest$0(ConcurrentTransferTest.java:77) ~[test/:na]
	at java.base/java.util.concurrent.ThreadPoolExecutor.runWorker(ThreadPoolExecutor.java:1136) ~[na:na]
	at java.base/java.util.concurrent.ThreadPoolExecutor$Worker.run(ThreadPoolExecutor.java:635) ~[na:na]
	at java.base/java.lang.Thread.run(Thread.java:842) ~[na:na]

2024-02-22T22:20:19.075+05:30  INFO 89386 --- [ol-11-thread-11] c.dws.challenge.service.TransferService  : compareBalance -1 
2024-02-22T22:20:19.075+05:30 ERROR 89386 --- [ool-11-thread-7] c.d.c.web.AccountsTransferController     : Exception occurs

com.dws.challenge.exception.InsufficientBalanceException: Insufficient Balance in account Account123
	at com.dws.challenge.service.TransferService.transferAmount(TransferService.java:21) ~[main/:na]
	at com.dws.challenge.web.AccountsTransferController.transferAmount(AccountsTransferController.java:64) ~[main/:na]
	at com.dws.challenge.ConcurrentTransferTest.lambda$concurrentTransferTest$0(ConcurrentTransferTest.java:77) ~[test/:na]
	at java.base/java.util.concurrent.ThreadPoolExecutor.runWorker(ThreadPoolExecutor.java:1136) ~[na:na]
	at java.base/java.util.concurrent.ThreadPoolExecutor$Worker.run(ThreadPoolExecutor.java:635) ~[na:na]
	at java.base/java.lang.Thread.run(Thread.java:842) ~[na:na]

2024-02-22T22:20:19.075+05:30  INFO 89386 --- [ol-11-thread-12] c.dws.challenge.service.TransferService  : compareBalance -1 
2024-02-22T22:20:19.075+05:30 ERROR 89386 --- [ol-11-thread-11] c.d.c.web.AccountsTransferController     : Exception occurs

com.dws.challenge.exception.InsufficientBalanceException: Insufficient Balance in account Account123
	at com.dws.challenge.service.TransferService.transferAmount(TransferService.java:21) ~[main/:na]
	at com.dws.challenge.web.AccountsTransferController.transferAmount(AccountsTransferController.java:64) ~[main/:na]
	at com.dws.challenge.ConcurrentTransferTest.lambda$concurrentTransferTest$0(ConcurrentTransferTest.java:77) ~[test/:na]
	at java.base/java.util.concurrent.ThreadPoolExecutor.runWorker(ThreadPoolExecutor.java:1136) ~[na:na]
	at java.base/java.util.concurrent.ThreadPoolExecutor$Worker.run(ThreadPoolExecutor.java:635) ~[na:na]
	at java.base/java.lang.Thread.run(Thread.java:842) ~[na:na]

2024-02-22T22:20:19.075+05:30 ERROR 89386 --- [ol-11-thread-12] c.d.c.web.AccountsTransferController     : Exception occurs

com.dws.challenge.exception.InsufficientBalanceException: Insufficient Balance in account Account123
	at com.dws.challenge.service.TransferService.transferAmount(TransferService.java:21) ~[main/:na]
	at com.dws.challenge.web.AccountsTransferController.transferAmount(AccountsTransferController.java:64) ~[main/:na]
	at com.dws.challenge.ConcurrentTransferTest.lambda$concurrentTransferTest$0(ConcurrentTransferTest.java:77) ~[test/:na]
	at java.base/java.util.concurrent.ThreadPoolExecutor.runWorker(ThreadPoolExecutor.java:1136) ~[na:na]
	at java.base/java.util.concurrent.ThreadPoolExecutor$Worker.run(ThreadPoolExecutor.java:635) ~[na:na]
	at java.base/java.lang.Thread.run(Thread.java:842) ~[na:na]

2024-02-22T22:20:19.089+05:30  INFO 89386 --- [ool-12-thread-4] c.d.c.web.AccountsTransferController     : Transfer Amount  Transfer(accountFrom=Account123, accountTo=Account124, amount=1000)
2024-02-22T22:20:19.089+05:30  INFO 89386 --- [ool-12-thread-7] c.d.c.web.AccountsTransferController     : Transfer Amount  Transfer(accountFrom=Account123, accountTo=Account124, amount=1000)
2024-02-22T22:20:19.089+05:30  INFO 89386 --- [ool-12-thread-8] c.d.c.web.AccountsTransferController     : Transfer Amount  Transfer(accountFrom=Account123, accountTo=Account124, amount=1000)
2024-02-22T22:20:19.089+05:30  INFO 89386 --- [ol-12-thread-11] c.d.c.web.AccountsTransferController     : Transfer Amount  Transfer(accountFrom=Account123, accountTo=Account124, amount=1000)
2024-02-22T22:20:19.089+05:30  INFO 89386 --- [ol-12-thread-13] c.d.c.web.AccountsTransferController     : Transfer Amount  Transfer(accountFrom=Account123, accountTo=Account124, amount=1000)
2024-02-22T22:20:19.089+05:30  INFO 89386 --- [ol-12-thread-14] c.d.c.web.AccountsTransferController     : Transfer Amount  Transfer(accountFrom=Account123, accountTo=Account124, amount=1000)
2024-02-22T22:20:19.089+05:30  INFO 89386 --- [ol-12-thread-16] c.d.c.web.AccountsTransferController     : Transfer Amount  Transfer(accountFrom=Account123, accountTo=Account124, amount=1000)
2024-02-22T22:20:19.089+05:30  INFO 89386 --- [ol-12-thread-20] c.d.c.web.AccountsTransferController     : Transfer Amount  Transfer(accountFrom=Account123, accountTo=Account124, amount=1000)
2024-02-22T22:20:19.089+05:30  INFO 89386 --- [ol-12-thread-19] c.d.c.web.AccountsTransferController     : Transfer Amount  Transfer(accountFrom=Account123, accountTo=Account124, amount=1000)
2024-02-22T22:20:19.089+05:30  INFO 89386 --- [ool-12-thread-2] c.d.c.web.AccountsTransferController     : Transfer Amount  Transfer(accountFrom=Account123, accountTo=Account124, amount=1000)
2024-02-22T22:20:19.089+05:30  INFO 89386 --- [ool-12-thread-6] c.d.c.web.AccountsTransferController     : Transfer Amount  Transfer(accountFrom=Account123, accountTo=Account124, amount=1000)
2024-02-22T22:20:19.089+05:30  INFO 89386 --- [ool-12-thread-3] c.d.c.web.AccountsTransferController     : Transfer Amount  Transfer(accountFrom=Account123, accountTo=Account124, amount=1000)
2024-02-22T22:20:19.089+05:30  INFO 89386 --- [ool-12-thread-1] c.d.c.web.AccountsTransferController     : Transfer Amount  Transfer(accountFrom=Account123, accountTo=Account124, amount=1000)
2024-02-22T22:20:19.089+05:30  INFO 89386 --- [ool-12-thread-5] c.d.c.web.AccountsTransferController     : Transfer Amount  Transfer(accountFrom=Account123, accountTo=Account124, amount=1000)
2024-02-22T22:20:19.089+05:30  INFO 89386 --- [ool-12-thread-9] c.d.c.web.AccountsTransferController     : Transfer Amount  Transfer(accountFrom=Account123, accountTo=Account124, amount=1000)
2024-02-22T22:20:19.089+05:30  INFO 89386 --- [ol-12-thread-10] c.d.c.web.AccountsTransferController     : Transfer Amount  Transfer(accountFrom=Account123, accountTo=Account124, amount=1000)
2024-02-22T22:20:19.089+05:30  INFO 89386 --- [ool-12-thread-7] c.dws.challenge.service.TransferService  : compareBalance 0 
2024-02-22T22:20:19.089+05:30  INFO 89386 --- [ol-12-thread-12] c.d.c.web.AccountsTransferController     : Transfer Amount  Transfer(accountFrom=Account123, accountTo=Account124, amount=1000)
2024-02-22T22:20:19.089+05:30  INFO 89386 --- [ol-12-thread-15] c.d.c.web.AccountsTransferController     : Transfer Amount  Transfer(accountFrom=Account123, accountTo=Account124, amount=1000)
2024-02-22T22:20:19.089+05:30  INFO 89386 --- [ol-12-thread-17] c.d.c.web.AccountsTransferController     : Transfer Amount  Transfer(accountFrom=Account123, accountTo=Account124, amount=1000)
2024-02-22T22:20:19.089+05:30  INFO 89386 --- [ol-12-thread-18] c.d.c.web.AccountsTransferController     : Transfer Amount  Transfer(accountFrom=Account123, accountTo=Account124, amount=1000)
2024-02-22T22:20:19.091+05:30  INFO 89386 --- [ool-12-thread-7] c.d.c.web.AccountsTransferController     : notification sent successfully
2024-02-22T22:20:19.091+05:30  INFO 89386 --- [ol-12-thread-18] c.dws.challenge.service.TransferService  : compareBalance -1 
2024-02-22T22:20:19.092+05:30  INFO 89386 --- [ol-12-thread-17] c.dws.challenge.service.TransferService  : compareBalance -1 
2024-02-22T22:20:19.092+05:30  INFO 89386 --- [ol-12-thread-15] c.dws.challenge.service.TransferService  : compareBalance -1 
2024-02-22T22:20:19.092+05:30 ERROR 89386 --- [ol-12-thread-18] c.d.c.web.AccountsTransferController     : Exception occurs

com.dws.challenge.exception.InsufficientBalanceException: Insufficient Balance in account Account123
	at com.dws.challenge.service.TransferService.transferAmount(TransferService.java:21) ~[main/:na]
	at com.dws.challenge.web.AccountsTransferController.transferAmount(AccountsTransferController.java:64) ~[main/:na]
	at com.dws.challenge.ConcurrentTransferTest.lambda$concurrentTransferTest$0(ConcurrentTransferTest.java:77) ~[test/:na]
	at java.base/java.util.concurrent.ThreadPoolExecutor.runWorker(ThreadPoolExecutor.java:1136) ~[na:na]
	at java.base/java.util.concurrent.ThreadPoolExecutor$Worker.run(ThreadPoolExecutor.java:635) ~[na:na]
	at java.base/java.lang.Thread.run(Thread.java:842) ~[na:na]

2024-02-22T22:20:19.092+05:30 ERROR 89386 --- [ol-12-thread-17] c.d.c.web.AccountsTransferController     : Exception occurs

com.dws.challenge.exception.InsufficientBalanceException: Insufficient Balance in account Account123
	at com.dws.challenge.service.TransferService.transferAmount(TransferService.java:21) ~[main/:na]
	at com.dws.challenge.web.AccountsTransferController.transferAmount(AccountsTransferController.java:64) ~[main/:na]
	at com.dws.challenge.ConcurrentTransferTest.lambda$concurrentTransferTest$0(ConcurrentTransferTest.java:77) ~[test/:na]
	at java.base/java.util.concurrent.ThreadPoolExecutor.runWorker(ThreadPoolExecutor.java:1136) ~[na:na]
	at java.base/java.util.concurrent.ThreadPoolExecutor$Worker.run(ThreadPoolExecutor.java:635) ~[na:na]
	at java.base/java.lang.Thread.run(Thread.java:842) ~[na:na]

2024-02-22T22:20:19.092+05:30  INFO 89386 --- [ol-12-thread-12] c.dws.challenge.service.TransferService  : compareBalance -1 
2024-02-22T22:20:19.092+05:30 ERROR 89386 --- [ol-12-thread-15] c.d.c.web.AccountsTransferController     : Exception occurs

com.dws.challenge.exception.InsufficientBalanceException: Insufficient Balance in account Account123
	at com.dws.challenge.service.TransferService.transferAmount(TransferService.java:21) ~[main/:na]
	at com.dws.challenge.web.AccountsTransferController.transferAmount(AccountsTransferController.java:64) ~[main/:na]
	at com.dws.challenge.ConcurrentTransferTest.lambda$concurrentTransferTest$0(ConcurrentTransferTest.java:77) ~[test/:na]
	at java.base/java.util.concurrent.ThreadPoolExecutor.runWorker(ThreadPoolExecutor.java:1136) ~[na:na]
	at java.base/java.util.concurrent.ThreadPoolExecutor$Worker.run(ThreadPoolExecutor.java:635) ~[na:na]
	at java.base/java.lang.Thread.run(Thread.java:842) ~[na:na]

2024-02-22T22:20:19.092+05:30  INFO 89386 --- [ol-12-thread-10] c.dws.challenge.service.TransferService  : compareBalance -1 
2024-02-22T22:20:19.092+05:30 ERROR 89386 --- [ol-12-thread-12] c.d.c.web.AccountsTransferController     : Exception occurs

com.dws.challenge.exception.InsufficientBalanceException: Insufficient Balance in account Account123
	at com.dws.challenge.service.TransferService.transferAmount(TransferService.java:21) ~[main/:na]
	at com.dws.challenge.web.AccountsTransferController.transferAmount(AccountsTransferController.java:64) ~[main/:na]
	at com.dws.challenge.ConcurrentTransferTest.lambda$concurrentTransferTest$0(ConcurrentTransferTest.java:77) ~[test/:na]
	at java.base/java.util.concurrent.ThreadPoolExecutor.runWorker(ThreadPoolExecutor.java:1136) ~[na:na]
	at java.base/java.util.concurrent.ThreadPoolExecutor$Worker.run(ThreadPoolExecutor.java:635) ~[na:na]
	at java.base/java.lang.Thread.run(Thread.java:842) ~[na:na]

2024-02-22T22:20:19.093+05:30  INFO 89386 --- [ool-12-thread-9] c.dws.challenge.service.TransferService  : compareBalance -1 
2024-02-22T22:20:19.093+05:30 ERROR 89386 --- [ol-12-thread-10] c.d.c.web.AccountsTransferController     : Exception occurs

com.dws.challenge.exception.InsufficientBalanceException: Insufficient Balance in account Account123
	at com.dws.challenge.service.TransferService.transferAmount(TransferService.java:21) ~[main/:na]
	at com.dws.challenge.web.AccountsTransferController.transferAmount(AccountsTransferController.java:64) ~[main/:na]
	at com.dws.challenge.ConcurrentTransferTest.lambda$concurrentTransferTest$0(ConcurrentTransferTest.java:77) ~[test/:na]
	at java.base/java.util.concurrent.ThreadPoolExecutor.runWorker(ThreadPoolExecutor.java:1136) ~[na:na]
	at java.base/java.util.concurrent.ThreadPoolExecutor$Worker.run(ThreadPoolExecutor.java:635) ~[na:na]
	at java.base/java.lang.Thread.run(Thread.java:842) ~[na:na]

2024-02-22T22:20:19.093+05:30  INFO 89386 --- [ool-12-thread-5] c.dws.challenge.service.TransferService  : compareBalance -1 
2024-02-22T22:20:19.093+05:30 ERROR 89386 --- [ool-12-thread-9] c.d.c.web.AccountsTransferController     : Exception occurs

com.dws.challenge.exception.InsufficientBalanceException: Insufficient Balance in account Account123
	at com.dws.challenge.service.TransferService.transferAmount(TransferService.java:21) ~[main/:na]
	at com.dws.challenge.web.AccountsTransferController.transferAmount(AccountsTransferController.java:64) ~[main/:na]
	at com.dws.challenge.ConcurrentTransferTest.lambda$concurrentTransferTest$0(ConcurrentTransferTest.java:77) ~[test/:na]
	at java.base/java.util.concurrent.ThreadPoolExecutor.runWorker(ThreadPoolExecutor.java:1136) ~[na:na]
	at java.base/java.util.concurrent.ThreadPoolExecutor$Worker.run(ThreadPoolExecutor.java:635) ~[na:na]
	at java.base/java.lang.Thread.run(Thread.java:842) ~[na:na]

2024-02-22T22:20:19.093+05:30 ERROR 89386 --- [ool-12-thread-5] c.d.c.web.AccountsTransferController     : Exception occurs

com.dws.challenge.exception.InsufficientBalanceException: Insufficient Balance in account Account123
	at com.dws.challenge.service.TransferService.transferAmount(TransferService.java:21) ~[main/:na]
	at com.dws.challenge.web.AccountsTransferController.transferAmount(AccountsTransferController.java:64) ~[main/:na]
	at com.dws.challenge.ConcurrentTransferTest.lambda$concurrentTransferTest$0(ConcurrentTransferTest.java:77) ~[test/:na]
	at java.base/java.util.concurrent.ThreadPoolExecutor.runWorker(ThreadPoolExecutor.java:1136) ~[na:na]
	at java.base/java.util.concurrent.ThreadPoolExecutor$Worker.run(ThreadPoolExecutor.java:635) ~[na:na]
	at java.base/java.lang.Thread.run(Thread.java:842) ~[na:na]

2024-02-22T22:20:19.093+05:30  INFO 89386 --- [ool-12-thread-1] c.dws.challenge.service.TransferService  : compareBalance -1 
2024-02-22T22:20:19.093+05:30  INFO 89386 --- [ool-12-thread-3] c.dws.challenge.service.TransferService  : compareBalance -1 
2024-02-22T22:20:19.093+05:30 ERROR 89386 --- [ool-12-thread-1] c.d.c.web.AccountsTransferController     : Exception occurs

com.dws.challenge.exception.InsufficientBalanceException: Insufficient Balance in account Account123
	at com.dws.challenge.service.TransferService.transferAmount(TransferService.java:21) ~[main/:na]
	at com.dws.challenge.web.AccountsTransferController.transferAmount(AccountsTransferController.java:64) ~[main/:na]
	at com.dws.challenge.ConcurrentTransferTest.lambda$concurrentTransferTest$0(ConcurrentTransferTest.java:77) ~[test/:na]
	at java.base/java.util.concurrent.ThreadPoolExecutor.runWorker(ThreadPoolExecutor.java:1136) ~[na:na]
	at java.base/java.util.concurrent.ThreadPoolExecutor$Worker.run(ThreadPoolExecutor.java:635) ~[na:na]
	at java.base/java.lang.Thread.run(Thread.java:842) ~[na:na]

2024-02-22T22:20:19.094+05:30  INFO 89386 --- [ool-12-thread-6] c.dws.challenge.service.TransferService  : compareBalance -1 
2024-02-22T22:20:19.094+05:30 ERROR 89386 --- [ool-12-thread-3] c.d.c.web.AccountsTransferController     : Exception occurs

com.dws.challenge.exception.InsufficientBalanceException: Insufficient Balance in account Account123
	at com.dws.challenge.service.TransferService.transferAmount(TransferService.java:21) ~[main/:na]
	at com.dws.challenge.web.AccountsTransferController.transferAmount(AccountsTransferController.java:64) ~[main/:na]
	at com.dws.challenge.ConcurrentTransferTest.lambda$concurrentTransferTest$0(ConcurrentTransferTest.java:77) ~[test/:na]
	at java.base/java.util.concurrent.ThreadPoolExecutor.runWorker(ThreadPoolExecutor.java:1136) ~[na:na]
	at java.base/java.util.concurrent.ThreadPoolExecutor$Worker.run(ThreadPoolExecutor.java:635) ~[na:na]
	at java.base/java.lang.Thread.run(Thread.java:842) ~[na:na]

2024-02-22T22:20:19.094+05:30  INFO 89386 --- [ool-12-thread-2] c.dws.challenge.service.TransferService  : compareBalance -1 
2024-02-22T22:20:19.094+05:30 ERROR 89386 --- [ool-12-thread-6] c.d.c.web.AccountsTransferController     : Exception occurs

com.dws.challenge.exception.InsufficientBalanceException: Insufficient Balance in account Account123
	at com.dws.challenge.service.TransferService.transferAmount(TransferService.java:21) ~[main/:na]
	at com.dws.challenge.web.AccountsTransferController.transferAmount(AccountsTransferController.java:64) ~[main/:na]
	at com.dws.challenge.ConcurrentTransferTest.lambda$concurrentTransferTest$0(ConcurrentTransferTest.java:77) ~[test/:na]
	at java.base/java.util.concurrent.ThreadPoolExecutor.runWorker(ThreadPoolExecutor.java:1136) ~[na:na]
	at java.base/java.util.concurrent.ThreadPoolExecutor$Worker.run(ThreadPoolExecutor.java:635) ~[na:na]
	at java.base/java.lang.Thread.run(Thread.java:842) ~[na:na]

2024-02-22T22:20:19.094+05:30  INFO 89386 --- [ol-12-thread-19] c.dws.challenge.service.TransferService  : compareBalance -1 
2024-02-22T22:20:19.094+05:30 ERROR 89386 --- [ool-12-thread-2] c.d.c.web.AccountsTransferController     : Exception occurs

com.dws.challenge.exception.InsufficientBalanceException: Insufficient Balance in account Account123
	at com.dws.challenge.service.TransferService.transferAmount(TransferService.java:21) ~[main/:na]
	at com.dws.challenge.web.AccountsTransferController.transferAmount(AccountsTransferController.java:64) ~[main/:na]
	at com.dws.challenge.ConcurrentTransferTest.lambda$concurrentTransferTest$0(ConcurrentTransferTest.java:77) ~[test/:na]
	at java.base/java.util.concurrent.ThreadPoolExecutor.runWorker(ThreadPoolExecutor.java:1136) ~[na:na]
	at java.base/java.util.concurrent.ThreadPoolExecutor$Worker.run(ThreadPoolExecutor.java:635) ~[na:na]
	at java.base/java.lang.Thread.run(Thread.java:842) ~[na:na]

2024-02-22T22:20:19.094+05:30  INFO 89386 --- [ol-12-thread-20] c.dws.challenge.service.TransferService  : compareBalance -1 
2024-02-22T22:20:19.094+05:30 ERROR 89386 --- [ol-12-thread-19] c.d.c.web.AccountsTransferController     : Exception occurs

com.dws.challenge.exception.InsufficientBalanceException: Insufficient Balance in account Account123
	at com.dws.challenge.service.TransferService.transferAmount(TransferService.java:21) ~[main/:na]
	at com.dws.challenge.web.AccountsTransferController.transferAmount(AccountsTransferController.java:64) ~[main/:na]
	at com.dws.challenge.ConcurrentTransferTest.lambda$concurrentTransferTest$0(ConcurrentTransferTest.java:77) ~[test/:na]
	at java.base/java.util.concurrent.ThreadPoolExecutor.runWorker(ThreadPoolExecutor.java:1136) ~[na:na]
	at java.base/java.util.concurrent.ThreadPoolExecutor$Worker.run(ThreadPoolExecutor.java:635) ~[na:na]
	at java.base/java.lang.Thread.run(Thread.java:842) ~[na:na]

2024-02-22T22:20:19.094+05:30  INFO 89386 --- [ol-12-thread-16] c.dws.challenge.service.TransferService  : compareBalance -1 
2024-02-22T22:20:19.094+05:30 ERROR 89386 --- [ol-12-thread-20] c.d.c.web.AccountsTransferController     : Exception occurs

com.dws.challenge.exception.InsufficientBalanceException: Insufficient Balance in account Account123
	at com.dws.challenge.service.TransferService.transferAmount(TransferService.java:21) ~[main/:na]
	at com.dws.challenge.web.AccountsTransferController.transferAmount(AccountsTransferController.java:64) ~[main/:na]
	at com.dws.challenge.ConcurrentTransferTest.lambda$concurrentTransferTest$0(ConcurrentTransferTest.java:77) ~[test/:na]
	at java.base/java.util.concurrent.ThreadPoolExecutor.runWorker(ThreadPoolExecutor.java:1136) ~[na:na]
	at java.base/java.util.concurrent.ThreadPoolExecutor$Worker.run(ThreadPoolExecutor.java:635) ~[na:na]
	at java.base/java.lang.Thread.run(Thread.java:842) ~[na:na]

2024-02-22T22:20:19.095+05:30  INFO 89386 --- [ol-12-thread-14] c.dws.challenge.service.TransferService  : compareBalance -1 
2024-02-22T22:20:19.095+05:30 ERROR 89386 --- [ol-12-thread-16] c.d.c.web.AccountsTransferController     : Exception occurs

com.dws.challenge.exception.InsufficientBalanceException: Insufficient Balance in account Account123
	at com.dws.challenge.service.TransferService.transferAmount(TransferService.java:21) ~[main/:na]
	at com.dws.challenge.web.AccountsTransferController.transferAmount(AccountsTransferController.java:64) ~[main/:na]
	at com.dws.challenge.ConcurrentTransferTest.lambda$concurrentTransferTest$0(ConcurrentTransferTest.java:77) ~[test/:na]
	at java.base/java.util.concurrent.ThreadPoolExecutor.runWorker(ThreadPoolExecutor.java:1136) ~[na:na]
	at java.base/java.util.concurrent.ThreadPoolExecutor$Worker.run(ThreadPoolExecutor.java:635) ~[na:na]
	at java.base/java.lang.Thread.run(Thread.java:842) ~[na:na]

2024-02-22T22:20:19.095+05:30  INFO 89386 --- [ol-12-thread-13] c.dws.challenge.service.TransferService  : compareBalance -1 
2024-02-22T22:20:19.095+05:30 ERROR 89386 --- [ol-12-thread-14] c.d.c.web.AccountsTransferController     : Exception occurs

com.dws.challenge.exception.InsufficientBalanceException: Insufficient Balance in account Account123
	at com.dws.challenge.service.TransferService.transferAmount(TransferService.java:21) ~[main/:na]
	at com.dws.challenge.web.AccountsTransferController.transferAmount(AccountsTransferController.java:64) ~[main/:na]
	at com.dws.challenge.ConcurrentTransferTest.lambda$concurrentTransferTest$0(ConcurrentTransferTest.java:77) ~[test/:na]
	at java.base/java.util.concurrent.ThreadPoolExecutor.runWorker(ThreadPoolExecutor.java:1136) ~[na:na]
	at java.base/java.util.concurrent.ThreadPoolExecutor$Worker.run(ThreadPoolExecutor.java:635) ~[na:na]
	at java.base/java.lang.Thread.run(Thread.java:842) ~[na:na]

2024-02-22T22:20:19.095+05:30 ERROR 89386 --- [ol-12-thread-13] c.d.c.web.AccountsTransferController     : Exception occurs

com.dws.challenge.exception.InsufficientBalanceException: Insufficient Balance in account Account123
	at com.dws.challenge.service.TransferService.transferAmount(TransferService.java:21) ~[main/:na]
	at com.dws.challenge.web.AccountsTransferController.transferAmount(AccountsTransferController.java:64) ~[main/:na]
	at com.dws.challenge.ConcurrentTransferTest.lambda$concurrentTransferTest$0(ConcurrentTransferTest.java:77) ~[test/:na]
	at java.base/java.util.concurrent.ThreadPoolExecutor.runWorker(ThreadPoolExecutor.java:1136) ~[na:na]
	at java.base/java.util.concurrent.ThreadPoolExecutor$Worker.run(ThreadPoolExecutor.java:635) ~[na:na]
	at java.base/java.lang.Thread.run(Thread.java:842) ~[na:na]

2024-02-22T22:20:19.095+05:30  INFO 89386 --- [ol-12-thread-11] c.dws.challenge.service.TransferService  : compareBalance -1 
2024-02-22T22:20:19.095+05:30  INFO 89386 --- [ool-12-thread-8] c.dws.challenge.service.TransferService  : compareBalance -1 
2024-02-22T22:20:19.095+05:30 ERROR 89386 --- [ol-12-thread-11] c.d.c.web.AccountsTransferController     : Exception occurs

com.dws.challenge.exception.InsufficientBalanceException: Insufficient Balance in account Account123
	at com.dws.challenge.service.TransferService.transferAmount(TransferService.java:21) ~[main/:na]
	at com.dws.challenge.web.AccountsTransferController.transferAmount(AccountsTransferController.java:64) ~[main/:na]
	at com.dws.challenge.ConcurrentTransferTest.lambda$concurrentTransferTest$0(ConcurrentTransferTest.java:77) ~[test/:na]
	at java.base/java.util.concurrent.ThreadPoolExecutor.runWorker(ThreadPoolExecutor.java:1136) ~[na:na]
	at java.base/java.util.concurrent.ThreadPoolExecutor$Worker.run(ThreadPoolExecutor.java:635) ~[na:na]
	at java.base/java.lang.Thread.run(Thread.java:842) ~[na:na]

2024-02-22T22:20:19.096+05:30 ERROR 89386 --- [ool-12-thread-8] c.d.c.web.AccountsTransferController     : Exception occurs

com.dws.challenge.exception.InsufficientBalanceException: Insufficient Balance in account Account123
	at com.dws.challenge.service.TransferService.transferAmount(TransferService.java:21) ~[main/:na]
	at com.dws.challenge.web.AccountsTransferController.transferAmount(AccountsTransferController.java:64) ~[main/:na]
	at com.dws.challenge.ConcurrentTransferTest.lambda$concurrentTransferTest$0(ConcurrentTransferTest.java:77) ~[test/:na]
	at java.base/java.util.concurrent.ThreadPoolExecutor.runWorker(ThreadPoolExecutor.java:1136) ~[na:na]
	at java.base/java.util.concurrent.ThreadPoolExecutor$Worker.run(ThreadPoolExecutor.java:635) ~[na:na]
	at java.base/java.lang.Thread.run(Thread.java:842) ~[na:na]

2024-02-22T22:20:19.096+05:30  INFO 89386 --- [ool-12-thread-4] c.dws.challenge.service.TransferService  : compareBalance -1 
2024-02-22T22:20:19.096+05:30 ERROR 89386 --- [ool-12-thread-4] c.d.c.web.AccountsTransferController     : Exception occurs

com.dws.challenge.exception.InsufficientBalanceException: Insufficient Balance in account Account123
	at com.dws.challenge.service.TransferService.transferAmount(TransferService.java:21) ~[main/:na]
	at com.dws.challenge.web.AccountsTransferController.transferAmount(AccountsTransferController.java:64) ~[main/:na]
	at com.dws.challenge.ConcurrentTransferTest.lambda$concurrentTransferTest$0(ConcurrentTransferTest.java:77) ~[test/:na]
	at java.base/java.util.concurrent.ThreadPoolExecutor.runWorker(ThreadPoolExecutor.java:1136) ~[na:na]
	at java.base/java.util.concurrent.ThreadPoolExecutor$Worker.run(ThreadPoolExecutor.java:635) ~[na:na]
	at java.base/java.lang.Thread.run(Thread.java:842) ~[na:na]

2024-02-22T22:20:19.109+05:30  INFO 89386 --- [ool-13-thread-5] c.d.c.web.AccountsTransferController     : Transfer Amount  Transfer(accountFrom=Account123, accountTo=Account124, amount=1000)
2024-02-22T22:20:19.109+05:30  INFO 89386 --- [ool-13-thread-8] c.d.c.web.AccountsTransferController     : Transfer Amount  Transfer(accountFrom=Account123, accountTo=Account124, amount=1000)
2024-02-22T22:20:19.109+05:30  INFO 89386 --- [ol-13-thread-12] c.d.c.web.AccountsTransferController     : Transfer Amount  Transfer(accountFrom=Account123, accountTo=Account124, amount=1000)
2024-02-22T22:20:19.109+05:30  INFO 89386 --- [ol-13-thread-16] c.d.c.web.AccountsTransferController     : Transfer Amount  Transfer(accountFrom=Account123, accountTo=Account124, amount=1000)
2024-02-22T22:20:19.109+05:30  INFO 89386 --- [ool-13-thread-3] c.d.c.web.AccountsTransferController     : Transfer Amount  Transfer(accountFrom=Account123, accountTo=Account124, amount=1000)
2024-02-22T22:20:19.109+05:30  INFO 89386 --- [ool-13-thread-2] c.d.c.web.AccountsTransferController     : Transfer Amount  Transfer(accountFrom=Account123, accountTo=Account124, amount=1000)
2024-02-22T22:20:19.109+05:30  INFO 89386 --- [ol-13-thread-20] c.d.c.web.AccountsTransferController     : Transfer Amount  Transfer(accountFrom=Account123, accountTo=Account124, amount=1000)
2024-02-22T22:20:19.109+05:30  INFO 89386 --- [ool-13-thread-1] c.d.c.web.AccountsTransferController     : Transfer Amount  Transfer(accountFrom=Account123, accountTo=Account124, amount=1000)
2024-02-22T22:20:19.109+05:30  INFO 89386 --- [ool-13-thread-4] c.d.c.web.AccountsTransferController     : Transfer Amount  Transfer(accountFrom=Account123, accountTo=Account124, amount=1000)
2024-02-22T22:20:19.109+05:30  INFO 89386 --- [ool-13-thread-6] c.d.c.web.AccountsTransferController     : Transfer Amount  Transfer(accountFrom=Account123, accountTo=Account124, amount=1000)
2024-02-22T22:20:19.109+05:30  INFO 89386 --- [ool-13-thread-7] c.d.c.web.AccountsTransferController     : Transfer Amount  Transfer(accountFrom=Account123, accountTo=Account124, amount=1000)
2024-02-22T22:20:19.109+05:30  INFO 89386 --- [ool-13-thread-9] c.d.c.web.AccountsTransferController     : Transfer Amount  Transfer(accountFrom=Account123, accountTo=Account124, amount=1000)
2024-02-22T22:20:19.109+05:30  INFO 89386 --- [ol-13-thread-10] c.d.c.web.AccountsTransferController     : Transfer Amount  Transfer(accountFrom=Account123, accountTo=Account124, amount=1000)
2024-02-22T22:20:19.109+05:30  INFO 89386 --- [ol-13-thread-11] c.d.c.web.AccountsTransferController     : Transfer Amount  Transfer(accountFrom=Account123, accountTo=Account124, amount=1000)
2024-02-22T22:20:19.109+05:30  INFO 89386 --- [ool-13-thread-5] c.dws.challenge.service.TransferService  : compareBalance 0 
2024-02-22T22:20:19.109+05:30  INFO 89386 --- [ol-13-thread-13] c.d.c.web.AccountsTransferController     : Transfer Amount  Transfer(accountFrom=Account123, accountTo=Account124, amount=1000)
2024-02-22T22:20:19.109+05:30  INFO 89386 --- [ol-13-thread-14] c.d.c.web.AccountsTransferController     : Transfer Amount  Transfer(accountFrom=Account123, accountTo=Account124, amount=1000)
2024-02-22T22:20:19.109+05:30  INFO 89386 --- [ol-13-thread-15] c.d.c.web.AccountsTransferController     : Transfer Amount  Transfer(accountFrom=Account123, accountTo=Account124, amount=1000)
2024-02-22T22:20:19.109+05:30  INFO 89386 --- [ol-13-thread-17] c.d.c.web.AccountsTransferController     : Transfer Amount  Transfer(accountFrom=Account123, accountTo=Account124, amount=1000)
2024-02-22T22:20:19.109+05:30  INFO 89386 --- [ol-13-thread-18] c.d.c.web.AccountsTransferController     : Transfer Amount  Transfer(accountFrom=Account123, accountTo=Account124, amount=1000)
2024-02-22T22:20:19.109+05:30  INFO 89386 --- [ol-13-thread-19] c.d.c.web.AccountsTransferController     : Transfer Amount  Transfer(accountFrom=Account123, accountTo=Account124, amount=1000)
2024-02-22T22:20:19.111+05:30  INFO 89386 --- [ool-13-thread-5] c.d.c.web.AccountsTransferController     : notification sent successfully
2024-02-22T22:20:19.111+05:30  INFO 89386 --- [ol-13-thread-19] c.dws.challenge.service.TransferService  : compareBalance -1 
2024-02-22T22:20:19.111+05:30  INFO 89386 --- [ol-13-thread-18] c.dws.challenge.service.TransferService  : compareBalance -1 
2024-02-22T22:20:19.112+05:30  INFO 89386 --- [ol-13-thread-17] c.dws.challenge.service.TransferService  : compareBalance -1 
2024-02-22T22:20:19.111+05:30 ERROR 89386 --- [ol-13-thread-19] c.d.c.web.AccountsTransferController     : Exception occurs

com.dws.challenge.exception.InsufficientBalanceException: Insufficient Balance in account Account123
	at com.dws.challenge.service.TransferService.transferAmount(TransferService.java:21) ~[main/:na]
	at com.dws.challenge.web.AccountsTransferController.transferAmount(AccountsTransferController.java:64) ~[main/:na]
	at com.dws.challenge.ConcurrentTransferTest.lambda$concurrentTransferTest$0(ConcurrentTransferTest.java:77) ~[test/:na]
	at java.base/java.util.concurrent.ThreadPoolExecutor.runWorker(ThreadPoolExecutor.java:1136) ~[na:na]
	at java.base/java.util.concurrent.ThreadPoolExecutor$Worker.run(ThreadPoolExecutor.java:635) ~[na:na]
	at java.base/java.lang.Thread.run(Thread.java:842) ~[na:na]

2024-02-22T22:20:19.112+05:30  INFO 89386 --- [ol-13-thread-15] c.dws.challenge.service.TransferService  : compareBalance -1 
2024-02-22T22:20:19.112+05:30 ERROR 89386 --- [ol-13-thread-18] c.d.c.web.AccountsTransferController     : Exception occurs

com.dws.challenge.exception.InsufficientBalanceException: Insufficient Balance in account Account123
	at com.dws.challenge.service.TransferService.transferAmount(TransferService.java:21) ~[main/:na]
	at com.dws.challenge.web.AccountsTransferController.transferAmount(AccountsTransferController.java:64) ~[main/:na]
	at com.dws.challenge.ConcurrentTransferTest.lambda$concurrentTransferTest$0(ConcurrentTransferTest.java:77) ~[test/:na]
	at java.base/java.util.concurrent.ThreadPoolExecutor.runWorker(ThreadPoolExecutor.java:1136) ~[na:na]
	at java.base/java.util.concurrent.ThreadPoolExecutor$Worker.run(ThreadPoolExecutor.java:635) ~[na:na]
	at java.base/java.lang.Thread.run(Thread.java:842) ~[na:na]

2024-02-22T22:20:19.112+05:30  INFO 89386 --- [ol-13-thread-14] c.dws.challenge.service.TransferService  : compareBalance -1 
2024-02-22T22:20:19.112+05:30 ERROR 89386 --- [ol-13-thread-15] c.d.c.web.AccountsTransferController     : Exception occurs

com.dws.challenge.exception.InsufficientBalanceException: Insufficient Balance in account Account123
	at com.dws.challenge.service.TransferService.transferAmount(TransferService.java:21) ~[main/:na]
	at com.dws.challenge.web.AccountsTransferController.transferAmount(AccountsTransferController.java:64) ~[main/:na]
	at com.dws.challenge.ConcurrentTransferTest.lambda$concurrentTransferTest$0(ConcurrentTransferTest.java:77) ~[test/:na]
	at java.base/java.util.concurrent.ThreadPoolExecutor.runWorker(ThreadPoolExecutor.java:1136) ~[na:na]
	at java.base/java.util.concurrent.ThreadPoolExecutor$Worker.run(ThreadPoolExecutor.java:635) ~[na:na]
	at java.base/java.lang.Thread.run(Thread.java:842) ~[na:na]

2024-02-22T22:20:19.112+05:30 ERROR 89386 --- [ol-13-thread-17] c.d.c.web.AccountsTransferController     : Exception occurs

com.dws.challenge.exception.InsufficientBalanceException: Insufficient Balance in account Account123
	at com.dws.challenge.service.TransferService.transferAmount(TransferService.java:21) ~[main/:na]
	at com.dws.challenge.web.AccountsTransferController.transferAmount(AccountsTransferController.java:64) ~[main/:na]
	at com.dws.challenge.ConcurrentTransferTest.lambda$concurrentTransferTest$0(ConcurrentTransferTest.java:77) ~[test/:na]
	at java.base/java.util.concurrent.ThreadPoolExecutor.runWorker(ThreadPoolExecutor.java:1136) ~[na:na]
	at java.base/java.util.concurrent.ThreadPoolExecutor$Worker.run(ThreadPoolExecutor.java:635) ~[na:na]
	at java.base/java.lang.Thread.run(Thread.java:842) ~[na:na]

2024-02-22T22:20:19.112+05:30 ERROR 89386 --- [ol-13-thread-14] c.d.c.web.AccountsTransferController     : Exception occurs

com.dws.challenge.exception.InsufficientBalanceException: Insufficient Balance in account Account123
	at com.dws.challenge.service.TransferService.transferAmount(TransferService.java:21) ~[main/:na]
	at com.dws.challenge.web.AccountsTransferController.transferAmount(AccountsTransferController.java:64) ~[main/:na]
	at com.dws.challenge.ConcurrentTransferTest.lambda$concurrentTransferTest$0(ConcurrentTransferTest.java:77) ~[test/:na]
	at java.base/java.util.concurrent.ThreadPoolExecutor.runWorker(ThreadPoolExecutor.java:1136) ~[na:na]
	at java.base/java.util.concurrent.ThreadPoolExecutor$Worker.run(ThreadPoolExecutor.java:635) ~[na:na]
	at java.base/java.lang.Thread.run(Thread.java:842) ~[na:na]

2024-02-22T22:20:19.112+05:30  INFO 89386 --- [ol-13-thread-13] c.dws.challenge.service.TransferService  : compareBalance -1 
2024-02-22T22:20:19.113+05:30  INFO 89386 --- [ol-13-thread-11] c.dws.challenge.service.TransferService  : compareBalance -1 
2024-02-22T22:20:19.113+05:30 ERROR 89386 --- [ol-13-thread-13] c.d.c.web.AccountsTransferController     : Exception occurs

com.dws.challenge.exception.InsufficientBalanceException: Insufficient Balance in account Account123
	at com.dws.challenge.service.TransferService.transferAmount(TransferService.java:21) ~[main/:na]
	at com.dws.challenge.web.AccountsTransferController.transferAmount(AccountsTransferController.java:64) ~[main/:na]
	at com.dws.challenge.ConcurrentTransferTest.lambda$concurrentTransferTest$0(ConcurrentTransferTest.java:77) ~[test/:na]
	at java.base/java.util.concurrent.ThreadPoolExecutor.runWorker(ThreadPoolExecutor.java:1136) ~[na:na]
	at java.base/java.util.concurrent.ThreadPoolExecutor$Worker.run(ThreadPoolExecutor.java:635) ~[na:na]
	at java.base/java.lang.Thread.run(Thread.java:842) ~[na:na]

2024-02-22T22:20:19.113+05:30  INFO 89386 --- [ol-13-thread-10] c.dws.challenge.service.TransferService  : compareBalance -1 
2024-02-22T22:20:19.113+05:30 ERROR 89386 --- [ol-13-thread-11] c.d.c.web.AccountsTransferController     : Exception occurs

com.dws.challenge.exception.InsufficientBalanceException: Insufficient Balance in account Account123
	at com.dws.challenge.service.TransferService.transferAmount(TransferService.java:21) ~[main/:na]
	at com.dws.challenge.web.AccountsTransferController.transferAmount(AccountsTransferController.java:64) ~[main/:na]
	at com.dws.challenge.ConcurrentTransferTest.lambda$concurrentTransferTest$0(ConcurrentTransferTest.java:77) ~[test/:na]
	at java.base/java.util.concurrent.ThreadPoolExecutor.runWorker(ThreadPoolExecutor.java:1136) ~[na:na]
	at java.base/java.util.concurrent.ThreadPoolExecutor$Worker.run(ThreadPoolExecutor.java:635) ~[na:na]
	at java.base/java.lang.Thread.run(Thread.java:842) ~[na:na]

2024-02-22T22:20:19.113+05:30 ERROR 89386 --- [ol-13-thread-10] c.d.c.web.AccountsTransferController     : Exception occurs

com.dws.challenge.exception.InsufficientBalanceException: Insufficient Balance in account Account123
	at com.dws.challenge.service.TransferService.transferAmount(TransferService.java:21) ~[main/:na]
	at com.dws.challenge.web.AccountsTransferController.transferAmount(AccountsTransferController.java:64) ~[main/:na]
	at com.dws.challenge.ConcurrentTransferTest.lambda$concurrentTransferTest$0(ConcurrentTransferTest.java:77) ~[test/:na]
	at java.base/java.util.concurrent.ThreadPoolExecutor.runWorker(ThreadPoolExecutor.java:1136) ~[na:na]
	at java.base/java.util.concurrent.ThreadPoolExecutor$Worker.run(ThreadPoolExecutor.java:635) ~[na:na]
	at java.base/java.lang.Thread.run(Thread.java:842) ~[na:na]

2024-02-22T22:20:19.113+05:30  INFO 89386 --- [ool-13-thread-9] c.dws.challenge.service.TransferService  : compareBalance -1 
2024-02-22T22:20:19.114+05:30  INFO 89386 --- [ool-13-thread-7] c.dws.challenge.service.TransferService  : compareBalance -1 
2024-02-22T22:20:19.114+05:30 ERROR 89386 --- [ool-13-thread-9] c.d.c.web.AccountsTransferController     : Exception occurs

com.dws.challenge.exception.InsufficientBalanceException: Insufficient Balance in account Account123
	at com.dws.challenge.service.TransferService.transferAmount(TransferService.java:21) ~[main/:na]
	at com.dws.challenge.web.AccountsTransferController.transferAmount(AccountsTransferController.java:64) ~[main/:na]
	at com.dws.challenge.ConcurrentTransferTest.lambda$concurrentTransferTest$0(ConcurrentTransferTest.java:77) ~[test/:na]
	at java.base/java.util.concurrent.ThreadPoolExecutor.runWorker(ThreadPoolExecutor.java:1136) ~[na:na]
	at java.base/java.util.concurrent.ThreadPoolExecutor$Worker.run(ThreadPoolExecutor.java:635) ~[na:na]
	at java.base/java.lang.Thread.run(Thread.java:842) ~[na:na]

2024-02-22T22:20:19.114+05:30  INFO 89386 --- [ool-13-thread-6] c.dws.challenge.service.TransferService  : compareBalance -1 
2024-02-22T22:20:19.114+05:30 ERROR 89386 --- [ool-13-thread-7] c.d.c.web.AccountsTransferController     : Exception occurs

com.dws.challenge.exception.InsufficientBalanceException: Insufficient Balance in account Account123
	at com.dws.challenge.service.TransferService.transferAmount(TransferService.java:21) ~[main/:na]
	at com.dws.challenge.web.AccountsTransferController.transferAmount(AccountsTransferController.java:64) ~[main/:na]
	at com.dws.challenge.ConcurrentTransferTest.lambda$concurrentTransferTest$0(ConcurrentTransferTest.java:77) ~[test/:na]
	at java.base/java.util.concurrent.ThreadPoolExecutor.runWorker(ThreadPoolExecutor.java:1136) ~[na:na]
	at java.base/java.util.concurrent.ThreadPoolExecutor$Worker.run(ThreadPoolExecutor.java:635) ~[na:na]
	at java.base/java.lang.Thread.run(Thread.java:842) ~[na:na]

2024-02-22T22:20:19.114+05:30  INFO 89386 --- [ool-13-thread-4] c.dws.challenge.service.TransferService  : compareBalance -1 
2024-02-22T22:20:19.114+05:30 ERROR 89386 --- [ool-13-thread-6] c.d.c.web.AccountsTransferController     : Exception occurs

com.dws.challenge.exception.InsufficientBalanceException: Insufficient Balance in account Account123
	at com.dws.challenge.service.TransferService.transferAmount(TransferService.java:21) ~[main/:na]
	at com.dws.challenge.web.AccountsTransferController.transferAmount(AccountsTransferController.java:64) ~[main/:na]
	at com.dws.challenge.ConcurrentTransferTest.lambda$concurrentTransferTest$0(ConcurrentTransferTest.java:77) ~[test/:na]
	at java.base/java.util.concurrent.ThreadPoolExecutor.runWorker(ThreadPoolExecutor.java:1136) ~[na:na]
	at java.base/java.util.concurrent.ThreadPoolExecutor$Worker.run(ThreadPoolExecutor.java:635) ~[na:na]
	at java.base/java.lang.Thread.run(Thread.java:842) ~[na:na]

2024-02-22T22:20:19.114+05:30 ERROR 89386 --- [ool-13-thread-4] c.d.c.web.AccountsTransferController     : Exception occurs

com.dws.challenge.exception.InsufficientBalanceException: Insufficient Balance in account Account123
	at com.dws.challenge.service.TransferService.transferAmount(TransferService.java:21) ~[main/:na]
	at com.dws.challenge.web.AccountsTransferController.transferAmount(AccountsTransferController.java:64) ~[main/:na]
	at com.dws.challenge.ConcurrentTransferTest.lambda$concurrentTransferTest$0(ConcurrentTransferTest.java:77) ~[test/:na]
	at java.base/java.util.concurrent.ThreadPoolExecutor.runWorker(ThreadPoolExecutor.java:1136) ~[na:na]
	at java.base/java.util.concurrent.ThreadPoolExecutor$Worker.run(ThreadPoolExecutor.java:635) ~[na:na]
	at java.base/java.lang.Thread.run(Thread.java:842) ~[na:na]

2024-02-22T22:20:19.115+05:30  INFO 89386 --- [ool-13-thread-1] c.dws.challenge.service.TransferService  : compareBalance -1 
2024-02-22T22:20:19.115+05:30  INFO 89386 --- [ol-13-thread-20] c.dws.challenge.service.TransferService  : compareBalance -1 
2024-02-22T22:20:19.115+05:30 ERROR 89386 --- [ool-13-thread-1] c.d.c.web.AccountsTransferController     : Exception occurs

com.dws.challenge.exception.InsufficientBalanceException: Insufficient Balance in account Account123
	at com.dws.challenge.service.TransferService.transferAmount(TransferService.java:21) ~[main/:na]
	at com.dws.challenge.web.AccountsTransferController.transferAmount(AccountsTransferController.java:64) ~[main/:na]
	at com.dws.challenge.ConcurrentTransferTest.lambda$concurrentTransferTest$0(ConcurrentTransferTest.java:77) ~[test/:na]
	at java.base/java.util.concurrent.ThreadPoolExecutor.runWorker(ThreadPoolExecutor.java:1136) ~[na:na]
	at java.base/java.util.concurrent.ThreadPoolExecutor$Worker.run(ThreadPoolExecutor.java:635) ~[na:na]
	at java.base/java.lang.Thread.run(Thread.java:842) ~[na:na]

2024-02-22T22:20:19.115+05:30  INFO 89386 --- [ool-13-thread-2] c.dws.challenge.service.TransferService  : compareBalance -1 
2024-02-22T22:20:19.115+05:30 ERROR 89386 --- [ol-13-thread-20] c.d.c.web.AccountsTransferController     : Exception occurs

com.dws.challenge.exception.InsufficientBalanceException: Insufficient Balance in account Account123
	at com.dws.challenge.service.TransferService.transferAmount(TransferService.java:21) ~[main/:na]
	at com.dws.challenge.web.AccountsTransferController.transferAmount(AccountsTransferController.java:64) ~[main/:na]
	at com.dws.challenge.ConcurrentTransferTest.lambda$concurrentTransferTest$0(ConcurrentTransferTest.java:77) ~[test/:na]
	at java.base/java.util.concurrent.ThreadPoolExecutor.runWorker(ThreadPoolExecutor.java:1136) ~[na:na]
	at java.base/java.util.concurrent.ThreadPoolExecutor$Worker.run(ThreadPoolExecutor.java:635) ~[na:na]
	at java.base/java.lang.Thread.run(Thread.java:842) ~[na:na]

2024-02-22T22:20:19.115+05:30  INFO 89386 --- [ool-13-thread-3] c.dws.challenge.service.TransferService  : compareBalance -1 
2024-02-22T22:20:19.115+05:30 ERROR 89386 --- [ool-13-thread-2] c.d.c.web.AccountsTransferController     : Exception occurs

com.dws.challenge.exception.InsufficientBalanceException: Insufficient Balance in account Account123
	at com.dws.challenge.service.TransferService.transferAmount(TransferService.java:21) ~[main/:na]
	at com.dws.challenge.web.AccountsTransferController.transferAmount(AccountsTransferController.java:64) ~[main/:na]
	at com.dws.challenge.ConcurrentTransferTest.lambda$concurrentTransferTest$0(ConcurrentTransferTest.java:77) ~[test/:na]
	at java.base/java.util.concurrent.ThreadPoolExecutor.runWorker(ThreadPoolExecutor.java:1136) ~[na:na]
	at java.base/java.util.concurrent.ThreadPoolExecutor$Worker.run(ThreadPoolExecutor.java:635) ~[na:na]
	at java.base/java.lang.Thread.run(Thread.java:842) ~[na:na]

2024-02-22T22:20:19.115+05:30 ERROR 89386 --- [ool-13-thread-3] c.d.c.web.AccountsTransferController     : Exception occurs

com.dws.challenge.exception.InsufficientBalanceException: Insufficient Balance in account Account123
	at com.dws.challenge.service.TransferService.transferAmount(TransferService.java:21) ~[main/:na]
	at com.dws.challenge.web.AccountsTransferController.transferAmount(AccountsTransferController.java:64) ~[main/:na]
	at com.dws.challenge.ConcurrentTransferTest.lambda$concurrentTransferTest$0(ConcurrentTransferTest.java:77) ~[test/:na]
	at java.base/java.util.concurrent.ThreadPoolExecutor.runWorker(ThreadPoolExecutor.java:1136) ~[na:na]
	at java.base/java.util.concurrent.ThreadPoolExecutor$Worker.run(ThreadPoolExecutor.java:635) ~[na:na]
	at java.base/java.lang.Thread.run(Thread.java:842) ~[na:na]

2024-02-22T22:20:19.116+05:30  INFO 89386 --- [ol-13-thread-16] c.dws.challenge.service.TransferService  : compareBalance -1 
2024-02-22T22:20:19.116+05:30  INFO 89386 --- [ol-13-thread-12] c.dws.challenge.service.TransferService  : compareBalance -1 
2024-02-22T22:20:19.116+05:30 ERROR 89386 --- [ol-13-thread-16] c.d.c.web.AccountsTransferController     : Exception occurs

com.dws.challenge.exception.InsufficientBalanceException: Insufficient Balance in account Account123
	at com.dws.challenge.service.TransferService.transferAmount(TransferService.java:21) ~[main/:na]
	at com.dws.challenge.web.AccountsTransferController.transferAmount(AccountsTransferController.java:64) ~[main/:na]
	at com.dws.challenge.ConcurrentTransferTest.lambda$concurrentTransferTest$0(ConcurrentTransferTest.java:77) ~[test/:na]
	at java.base/java.util.concurrent.ThreadPoolExecutor.runWorker(ThreadPoolExecutor.java:1136) ~[na:na]
	at java.base/java.util.concurrent.ThreadPoolExecutor$Worker.run(ThreadPoolExecutor.java:635) ~[na:na]
	at java.base/java.lang.Thread.run(Thread.java:842) ~[na:na]

2024-02-22T22:20:19.116+05:30 ERROR 89386 --- [ol-13-thread-12] c.d.c.web.AccountsTransferController     : Exception occurs

com.dws.challenge.exception.InsufficientBalanceException: Insufficient Balance in account Account123
	at com.dws.challenge.service.TransferService.transferAmount(TransferService.java:21) ~[main/:na]
	at com.dws.challenge.web.AccountsTransferController.transferAmount(AccountsTransferController.java:64) ~[main/:na]
	at com.dws.challenge.ConcurrentTransferTest.lambda$concurrentTransferTest$0(ConcurrentTransferTest.java:77) ~[test/:na]
	at java.base/java.util.concurrent.ThreadPoolExecutor.runWorker(ThreadPoolExecutor.java:1136) ~[na:na]
	at java.base/java.util.concurrent.ThreadPoolExecutor$Worker.run(ThreadPoolExecutor.java:635) ~[na:na]
	at java.base/java.lang.Thread.run(Thread.java:842) ~[na:na]

2024-02-22T22:20:19.116+05:30  INFO 89386 --- [ool-13-thread-8] c.dws.challenge.service.TransferService  : compareBalance -1 
2024-02-22T22:20:19.117+05:30 ERROR 89386 --- [ool-13-thread-8] c.d.c.web.AccountsTransferController     : Exception occurs

com.dws.challenge.exception.InsufficientBalanceException: Insufficient Balance in account Account123
	at com.dws.challenge.service.TransferService.transferAmount(TransferService.java:21) ~[main/:na]
	at com.dws.challenge.web.AccountsTransferController.transferAmount(AccountsTransferController.java:64) ~[main/:na]
	at com.dws.challenge.ConcurrentTransferTest.lambda$concurrentTransferTest$0(ConcurrentTransferTest.java:77) ~[test/:na]
	at java.base/java.util.concurrent.ThreadPoolExecutor.runWorker(ThreadPoolExecutor.java:1136) ~[na:na]
	at java.base/java.util.concurrent.ThreadPoolExecutor$Worker.run(ThreadPoolExecutor.java:635) ~[na:na]
	at java.base/java.lang.Thread.run(Thread.java:842) ~[na:na]

2024-02-22T22:20:19.131+05:30  INFO 89386 --- [ool-14-thread-1] c.d.c.web.AccountsTransferController     : Transfer Amount  Transfer(accountFrom=Account123, accountTo=Account124, amount=1000)
2024-02-22T22:20:19.131+05:30  INFO 89386 --- [ool-14-thread-3] c.d.c.web.AccountsTransferController     : Transfer Amount  Transfer(accountFrom=Account123, accountTo=Account124, amount=1000)
2024-02-22T22:20:19.131+05:30  INFO 89386 --- [ool-14-thread-1] c.dws.challenge.service.TransferService  : compareBalance 0 
2024-02-22T22:20:19.131+05:30  INFO 89386 --- [ool-14-thread-2] c.d.c.web.AccountsTransferController     : Transfer Amount  Transfer(accountFrom=Account123, accountTo=Account124, amount=1000)
2024-02-22T22:20:19.132+05:30  INFO 89386 --- [ol-14-thread-12] c.d.c.web.AccountsTransferController     : Transfer Amount  Transfer(accountFrom=Account123, accountTo=Account124, amount=1000)
2024-02-22T22:20:19.131+05:30  INFO 89386 --- [ol-14-thread-20] c.d.c.web.AccountsTransferController     : Transfer Amount  Transfer(accountFrom=Account123, accountTo=Account124, amount=1000)
2024-02-22T22:20:19.132+05:30  INFO 89386 --- [ol-14-thread-16] c.d.c.web.AccountsTransferController     : Transfer Amount  Transfer(accountFrom=Account123, accountTo=Account124, amount=1000)
2024-02-22T22:20:19.132+05:30  INFO 89386 --- [ol-14-thread-17] c.d.c.web.AccountsTransferController     : Transfer Amount  Transfer(accountFrom=Account123, accountTo=Account124, amount=1000)
2024-02-22T22:20:19.131+05:30  INFO 89386 --- [ool-14-thread-4] c.d.c.web.AccountsTransferController     : Transfer Amount  Transfer(accountFrom=Account123, accountTo=Account124, amount=1000)
2024-02-22T22:20:19.131+05:30  INFO 89386 --- [ool-14-thread-5] c.d.c.web.AccountsTransferController     : Transfer Amount  Transfer(accountFrom=Account123, accountTo=Account124, amount=1000)
2024-02-22T22:20:19.131+05:30  INFO 89386 --- [ool-14-thread-6] c.d.c.web.AccountsTransferController     : Transfer Amount  Transfer(accountFrom=Account123, accountTo=Account124, amount=1000)
2024-02-22T22:20:19.131+05:30  INFO 89386 --- [ool-14-thread-7] c.d.c.web.AccountsTransferController     : Transfer Amount  Transfer(accountFrom=Account123, accountTo=Account124, amount=1000)
2024-02-22T22:20:19.131+05:30  INFO 89386 --- [ool-14-thread-9] c.d.c.web.AccountsTransferController     : Transfer Amount  Transfer(accountFrom=Account123, accountTo=Account124, amount=1000)
2024-02-22T22:20:19.131+05:30  INFO 89386 --- [ool-14-thread-8] c.d.c.web.AccountsTransferController     : Transfer Amount  Transfer(accountFrom=Account123, accountTo=Account124, amount=1000)
2024-02-22T22:20:19.131+05:30  INFO 89386 --- [ol-14-thread-10] c.d.c.web.AccountsTransferController     : Transfer Amount  Transfer(accountFrom=Account123, accountTo=Account124, amount=1000)
2024-02-22T22:20:19.132+05:30  INFO 89386 --- [ol-14-thread-11] c.d.c.web.AccountsTransferController     : Transfer Amount  Transfer(accountFrom=Account123, accountTo=Account124, amount=1000)
2024-02-22T22:20:19.132+05:30  INFO 89386 --- [ol-14-thread-13] c.d.c.web.AccountsTransferController     : Transfer Amount  Transfer(accountFrom=Account123, accountTo=Account124, amount=1000)
2024-02-22T22:20:19.132+05:30  INFO 89386 --- [ol-14-thread-14] c.d.c.web.AccountsTransferController     : Transfer Amount  Transfer(accountFrom=Account123, accountTo=Account124, amount=1000)
2024-02-22T22:20:19.132+05:30  INFO 89386 --- [ol-14-thread-15] c.d.c.web.AccountsTransferController     : Transfer Amount  Transfer(accountFrom=Account123, accountTo=Account124, amount=1000)
2024-02-22T22:20:19.132+05:30  INFO 89386 --- [ol-14-thread-18] c.d.c.web.AccountsTransferController     : Transfer Amount  Transfer(accountFrom=Account123, accountTo=Account124, amount=1000)
2024-02-22T22:20:19.132+05:30  INFO 89386 --- [ol-14-thread-19] c.d.c.web.AccountsTransferController     : Transfer Amount  Transfer(accountFrom=Account123, accountTo=Account124, amount=1000)
2024-02-22T22:20:19.132+05:30  INFO 89386 --- [ool-14-thread-1] c.d.c.web.AccountsTransferController     : notification sent successfully
2024-02-22T22:20:19.134+05:30  INFO 89386 --- [ol-14-thread-19] c.dws.challenge.service.TransferService  : compareBalance -1 
2024-02-22T22:20:19.134+05:30  INFO 89386 --- [ol-14-thread-18] c.dws.challenge.service.TransferService  : compareBalance -1 
2024-02-22T22:20:19.134+05:30 ERROR 89386 --- [ol-14-thread-19] c.d.c.web.AccountsTransferController     : Exception occurs

com.dws.challenge.exception.InsufficientBalanceException: Insufficient Balance in account Account123
	at com.dws.challenge.service.TransferService.transferAmount(TransferService.java:21) ~[main/:na]
	at com.dws.challenge.web.AccountsTransferController.transferAmount(AccountsTransferController.java:64) ~[main/:na]
	at com.dws.challenge.ConcurrentTransferTest.lambda$concurrentTransferTest$0(ConcurrentTransferTest.java:77) ~[test/:na]
	at java.base/java.util.concurrent.ThreadPoolExecutor.runWorker(ThreadPoolExecutor.java:1136) ~[na:na]
	at java.base/java.util.concurrent.ThreadPoolExecutor$Worker.run(ThreadPoolExecutor.java:635) ~[na:na]
	at java.base/java.lang.Thread.run(Thread.java:842) ~[na:na]

2024-02-22T22:20:19.135+05:30  INFO 89386 --- [ol-14-thread-15] c.dws.challenge.service.TransferService  : compareBalance -1 
2024-02-22T22:20:19.135+05:30 ERROR 89386 --- [ol-14-thread-18] c.d.c.web.AccountsTransferController     : Exception occurs

com.dws.challenge.exception.InsufficientBalanceException: Insufficient Balance in account Account123
	at com.dws.challenge.service.TransferService.transferAmount(TransferService.java:21) ~[main/:na]
	at com.dws.challenge.web.AccountsTransferController.transferAmount(AccountsTransferController.java:64) ~[main/:na]
	at com.dws.challenge.ConcurrentTransferTest.lambda$concurrentTransferTest$0(ConcurrentTransferTest.java:77) ~[test/:na]
	at java.base/java.util.concurrent.ThreadPoolExecutor.runWorker(ThreadPoolExecutor.java:1136) ~[na:na]
	at java.base/java.util.concurrent.ThreadPoolExecutor$Worker.run(ThreadPoolExecutor.java:635) ~[na:na]
	at java.base/java.lang.Thread.run(Thread.java:842) ~[na:na]

2024-02-22T22:20:19.135+05:30  INFO 89386 --- [ol-14-thread-14] c.dws.challenge.service.TransferService  : compareBalance -1 
2024-02-22T22:20:19.135+05:30 ERROR 89386 --- [ol-14-thread-15] c.d.c.web.AccountsTransferController     : Exception occurs

com.dws.challenge.exception.InsufficientBalanceException: Insufficient Balance in account Account123
	at com.dws.challenge.service.TransferService.transferAmount(TransferService.java:21) ~[main/:na]
	at com.dws.challenge.web.AccountsTransferController.transferAmount(AccountsTransferController.java:64) ~[main/:na]
	at com.dws.challenge.ConcurrentTransferTest.lambda$concurrentTransferTest$0(ConcurrentTransferTest.java:77) ~[test/:na]
	at java.base/java.util.concurrent.ThreadPoolExecutor.runWorker(ThreadPoolExecutor.java:1136) ~[na:na]
	at java.base/java.util.concurrent.ThreadPoolExecutor$Worker.run(ThreadPoolExecutor.java:635) ~[na:na]
	at java.base/java.lang.Thread.run(Thread.java:842) ~[na:na]

2024-02-22T22:20:19.135+05:30 ERROR 89386 --- [ol-14-thread-14] c.d.c.web.AccountsTransferController     : Exception occurs

com.dws.challenge.exception.InsufficientBalanceException: Insufficient Balance in account Account123
	at com.dws.challenge.service.TransferService.transferAmount(TransferService.java:21) ~[main/:na]
	at com.dws.challenge.web.AccountsTransferController.transferAmount(AccountsTransferController.java:64) ~[main/:na]
	at com.dws.challenge.ConcurrentTransferTest.lambda$concurrentTransferTest$0(ConcurrentTransferTest.java:77) ~[test/:na]
	at java.base/java.util.concurrent.ThreadPoolExecutor.runWorker(ThreadPoolExecutor.java:1136) ~[na:na]
	at java.base/java.util.concurrent.ThreadPoolExecutor$Worker.run(ThreadPoolExecutor.java:635) ~[na:na]
	at java.base/java.lang.Thread.run(Thread.java:842) ~[na:na]

2024-02-22T22:20:19.136+05:30  INFO 89386 --- [ol-14-thread-13] c.dws.challenge.service.TransferService  : compareBalance -1 
2024-02-22T22:20:19.136+05:30  INFO 89386 --- [ol-14-thread-11] c.dws.challenge.service.TransferService  : compareBalance -1 
2024-02-22T22:20:19.136+05:30 ERROR 89386 --- [ol-14-thread-13] c.d.c.web.AccountsTransferController     : Exception occurs

com.dws.challenge.exception.InsufficientBalanceException: Insufficient Balance in account Account123
	at com.dws.challenge.service.TransferService.transferAmount(TransferService.java:21) ~[main/:na]
	at com.dws.challenge.web.AccountsTransferController.transferAmount(AccountsTransferController.java:64) ~[main/:na]
	at com.dws.challenge.ConcurrentTransferTest.lambda$concurrentTransferTest$0(ConcurrentTransferTest.java:77) ~[test/:na]
	at java.base/java.util.concurrent.ThreadPoolExecutor.runWorker(ThreadPoolExecutor.java:1136) ~[na:na]
	at java.base/java.util.concurrent.ThreadPoolExecutor$Worker.run(ThreadPoolExecutor.java:635) ~[na:na]
	at java.base/java.lang.Thread.run(Thread.java:842) ~[na:na]

2024-02-22T22:20:19.136+05:30 ERROR 89386 --- [ol-14-thread-11] c.d.c.web.AccountsTransferController     : Exception occurs

com.dws.challenge.exception.InsufficientBalanceException: Insufficient Balance in account Account123
	at com.dws.challenge.service.TransferService.transferAmount(TransferService.java:21) ~[main/:na]
	at com.dws.challenge.web.AccountsTransferController.transferAmount(AccountsTransferController.java:64) ~[main/:na]
	at com.dws.challenge.ConcurrentTransferTest.lambda$concurrentTransferTest$0(ConcurrentTransferTest.java:77) ~[test/:na]
	at java.base/java.util.concurrent.ThreadPoolExecutor.runWorker(ThreadPoolExecutor.java:1136) ~[na:na]
	at java.base/java.util.concurrent.ThreadPoolExecutor$Worker.run(ThreadPoolExecutor.java:635) ~[na:na]
	at java.base/java.lang.Thread.run(Thread.java:842) ~[na:na]

2024-02-22T22:20:19.136+05:30  INFO 89386 --- [ol-14-thread-10] c.dws.challenge.service.TransferService  : compareBalance -1 
2024-02-22T22:20:19.137+05:30  INFO 89386 --- [ool-14-thread-8] c.dws.challenge.service.TransferService  : compareBalance -1 
2024-02-22T22:20:19.137+05:30 ERROR 89386 --- [ol-14-thread-10] c.d.c.web.AccountsTransferController     : Exception occurs

com.dws.challenge.exception.InsufficientBalanceException: Insufficient Balance in account Account123
	at com.dws.challenge.service.TransferService.transferAmount(TransferService.java:21) ~[main/:na]
	at com.dws.challenge.web.AccountsTransferController.transferAmount(AccountsTransferController.java:64) ~[main/:na]
	at com.dws.challenge.ConcurrentTransferTest.lambda$concurrentTransferTest$0(ConcurrentTransferTest.java:77) ~[test/:na]
	at java.base/java.util.concurrent.ThreadPoolExecutor.runWorker(ThreadPoolExecutor.java:1136) ~[na:na]
	at java.base/java.util.concurrent.ThreadPoolExecutor$Worker.run(ThreadPoolExecutor.java:635) ~[na:na]
	at java.base/java.lang.Thread.run(Thread.java:842) ~[na:na]

2024-02-22T22:20:19.137+05:30  INFO 89386 --- [ool-14-thread-9] c.dws.challenge.service.TransferService  : compareBalance -1 
2024-02-22T22:20:19.137+05:30 ERROR 89386 --- [ool-14-thread-8] c.d.c.web.AccountsTransferController     : Exception occurs

com.dws.challenge.exception.InsufficientBalanceException: Insufficient Balance in account Account123
	at com.dws.challenge.service.TransferService.transferAmount(TransferService.java:21) ~[main/:na]
	at com.dws.challenge.web.AccountsTransferController.transferAmount(AccountsTransferController.java:64) ~[main/:na]
	at com.dws.challenge.ConcurrentTransferTest.lambda$concurrentTransferTest$0(ConcurrentTransferTest.java:77) ~[test/:na]
	at java.base/java.util.concurrent.ThreadPoolExecutor.runWorker(ThreadPoolExecutor.java:1136) ~[na:na]
	at java.base/java.util.concurrent.ThreadPoolExecutor$Worker.run(ThreadPoolExecutor.java:635) ~[na:na]
	at java.base/java.lang.Thread.run(Thread.java:842) ~[na:na]

2024-02-22T22:20:19.137+05:30 ERROR 89386 --- [ool-14-thread-9] c.d.c.web.AccountsTransferController     : Exception occurs

com.dws.challenge.exception.InsufficientBalanceException: Insufficient Balance in account Account123
	at com.dws.challenge.service.TransferService.transferAmount(TransferService.java:21) ~[main/:na]
	at com.dws.challenge.web.AccountsTransferController.transferAmount(AccountsTransferController.java:64) ~[main/:na]
	at com.dws.challenge.ConcurrentTransferTest.lambda$concurrentTransferTest$0(ConcurrentTransferTest.java:77) ~[test/:na]
	at java.base/java.util.concurrent.ThreadPoolExecutor.runWorker(ThreadPoolExecutor.java:1136) ~[na:na]
	at java.base/java.util.concurrent.ThreadPoolExecutor$Worker.run(ThreadPoolExecutor.java:635) ~[na:na]
	at java.base/java.lang.Thread.run(Thread.java:842) ~[na:na]

2024-02-22T22:20:19.138+05:30  INFO 89386 --- [ool-14-thread-7] c.dws.challenge.service.TransferService  : compareBalance -1 
2024-02-22T22:20:19.138+05:30 ERROR 89386 --- [ool-14-thread-7] c.d.c.web.AccountsTransferController     : Exception occurs

com.dws.challenge.exception.InsufficientBalanceException: Insufficient Balance in account Account123
	at com.dws.challenge.service.TransferService.transferAmount(TransferService.java:21) ~[main/:na]
	at com.dws.challenge.web.AccountsTransferController.transferAmount(AccountsTransferController.java:64) ~[main/:na]
	at com.dws.challenge.ConcurrentTransferTest.lambda$concurrentTransferTest$0(ConcurrentTransferTest.java:77) ~[test/:na]
	at java.base/java.util.concurrent.ThreadPoolExecutor.runWorker(ThreadPoolExecutor.java:1136) ~[na:na]
	at java.base/java.util.concurrent.ThreadPoolExecutor$Worker.run(ThreadPoolExecutor.java:635) ~[na:na]
	at java.base/java.lang.Thread.run(Thread.java:842) ~[na:na]

2024-02-22T22:20:19.138+05:30  INFO 89386 --- [ool-14-thread-6] c.dws.challenge.service.TransferService  : compareBalance -1 
2024-02-22T22:20:19.138+05:30 ERROR 89386 --- [ool-14-thread-6] c.d.c.web.AccountsTransferController     : Exception occurs

com.dws.challenge.exception.InsufficientBalanceException: Insufficient Balance in account Account123
	at com.dws.challenge.service.TransferService.transferAmount(TransferService.java:21) ~[main/:na]
	at com.dws.challenge.web.AccountsTransferController.transferAmount(AccountsTransferController.java:64) ~[main/:na]
	at com.dws.challenge.ConcurrentTransferTest.lambda$concurrentTransferTest$0(ConcurrentTransferTest.java:77) ~[test/:na]
	at java.base/java.util.concurrent.ThreadPoolExecutor.runWorker(ThreadPoolExecutor.java:1136) ~[na:na]
	at java.base/java.util.concurrent.ThreadPoolExecutor$Worker.run(ThreadPoolExecutor.java:635) ~[na:na]
	at java.base/java.lang.Thread.run(Thread.java:842) ~[na:na]

2024-02-22T22:20:19.139+05:30  INFO 89386 --- [ool-14-thread-5] c.dws.challenge.service.TransferService  : compareBalance -1 
2024-02-22T22:20:19.139+05:30  INFO 89386 --- [ool-14-thread-4] c.dws.challenge.service.TransferService  : compareBalance -1 
2024-02-22T22:20:19.139+05:30 ERROR 89386 --- [ool-14-thread-5] c.d.c.web.AccountsTransferController     : Exception occurs

com.dws.challenge.exception.InsufficientBalanceException: Insufficient Balance in account Account123
	at com.dws.challenge.service.TransferService.transferAmount(TransferService.java:21) ~[main/:na]
	at com.dws.challenge.web.AccountsTransferController.transferAmount(AccountsTransferController.java:64) ~[main/:na]
	at com.dws.challenge.ConcurrentTransferTest.lambda$concurrentTransferTest$0(ConcurrentTransferTest.java:77) ~[test/:na]
	at java.base/java.util.concurrent.ThreadPoolExecutor.runWorker(ThreadPoolExecutor.java:1136) ~[na:na]
	at java.base/java.util.concurrent.ThreadPoolExecutor$Worker.run(ThreadPoolExecutor.java:635) ~[na:na]
	at java.base/java.lang.Thread.run(Thread.java:842) ~[na:na]

2024-02-22T22:20:19.139+05:30 ERROR 89386 --- [ool-14-thread-4] c.d.c.web.AccountsTransferController     : Exception occurs

com.dws.challenge.exception.InsufficientBalanceException: Insufficient Balance in account Account123
	at com.dws.challenge.service.TransferService.transferAmount(TransferService.java:21) ~[main/:na]
	at com.dws.challenge.web.AccountsTransferController.transferAmount(AccountsTransferController.java:64) ~[main/:na]
	at com.dws.challenge.ConcurrentTransferTest.lambda$concurrentTransferTest$0(ConcurrentTransferTest.java:77) ~[test/:na]
	at java.base/java.util.concurrent.ThreadPoolExecutor.runWorker(ThreadPoolExecutor.java:1136) ~[na:na]
	at java.base/java.util.concurrent.ThreadPoolExecutor$Worker.run(ThreadPoolExecutor.java:635) ~[na:na]
	at java.base/java.lang.Thread.run(Thread.java:842) ~[na:na]

2024-02-22T22:20:19.140+05:30  INFO 89386 --- [ol-14-thread-17] c.dws.challenge.service.TransferService  : compareBalance -1 
2024-02-22T22:20:19.140+05:30  INFO 89386 --- [ol-14-thread-16] c.dws.challenge.service.TransferService  : compareBalance -1 
2024-02-22T22:20:19.140+05:30 ERROR 89386 --- [ol-14-thread-17] c.d.c.web.AccountsTransferController     : Exception occurs

com.dws.challenge.exception.InsufficientBalanceException: Insufficient Balance in account Account123
	at com.dws.challenge.service.TransferService.transferAmount(TransferService.java:21) ~[main/:na]
	at com.dws.challenge.web.AccountsTransferController.transferAmount(AccountsTransferController.java:64) ~[main/:na]
	at com.dws.challenge.ConcurrentTransferTest.lambda$concurrentTransferTest$0(ConcurrentTransferTest.java:77) ~[test/:na]
	at java.base/java.util.concurrent.ThreadPoolExecutor.runWorker(ThreadPoolExecutor.java:1136) ~[na:na]
	at java.base/java.util.concurrent.ThreadPoolExecutor$Worker.run(ThreadPoolExecutor.java:635) ~[na:na]
	at java.base/java.lang.Thread.run(Thread.java:842) ~[na:na]

2024-02-22T22:20:19.140+05:30 ERROR 89386 --- [ol-14-thread-16] c.d.c.web.AccountsTransferController     : Exception occurs

com.dws.challenge.exception.InsufficientBalanceException: Insufficient Balance in account Account123
	at com.dws.challenge.service.TransferService.transferAmount(TransferService.java:21) ~[main/:na]
	at com.dws.challenge.web.AccountsTransferController.transferAmount(AccountsTransferController.java:64) ~[main/:na]
	at com.dws.challenge.ConcurrentTransferTest.lambda$concurrentTransferTest$0(ConcurrentTransferTest.java:77) ~[test/:na]
	at java.base/java.util.concurrent.ThreadPoolExecutor.runWorker(ThreadPoolExecutor.java:1136) ~[na:na]
	at java.base/java.util.concurrent.ThreadPoolExecutor$Worker.run(ThreadPoolExecutor.java:635) ~[na:na]
	at java.base/java.lang.Thread.run(Thread.java:842) ~[na:na]

2024-02-22T22:20:19.140+05:30  INFO 89386 --- [ol-14-thread-20] c.dws.challenge.service.TransferService  : compareBalance -1 
2024-02-22T22:20:19.141+05:30  INFO 89386 --- [ol-14-thread-12] c.dws.challenge.service.TransferService  : compareBalance -1 
2024-02-22T22:20:19.141+05:30 ERROR 89386 --- [ol-14-thread-20] c.d.c.web.AccountsTransferController     : Exception occurs

com.dws.challenge.exception.InsufficientBalanceException: Insufficient Balance in account Account123
	at com.dws.challenge.service.TransferService.transferAmount(TransferService.java:21) ~[main/:na]
	at com.dws.challenge.web.AccountsTransferController.transferAmount(AccountsTransferController.java:64) ~[main/:na]
	at com.dws.challenge.ConcurrentTransferTest.lambda$concurrentTransferTest$0(ConcurrentTransferTest.java:77) ~[test/:na]
	at java.base/java.util.concurrent.ThreadPoolExecutor.runWorker(ThreadPoolExecutor.java:1136) ~[na:na]
	at java.base/java.util.concurrent.ThreadPoolExecutor$Worker.run(ThreadPoolExecutor.java:635) ~[na:na]
	at java.base/java.lang.Thread.run(Thread.java:842) ~[na:na]

2024-02-22T22:20:19.141+05:30  INFO 89386 --- [ool-14-thread-2] c.dws.challenge.service.TransferService  : compareBalance -1 
2024-02-22T22:20:19.141+05:30  INFO 89386 --- [ool-14-thread-3] c.dws.challenge.service.TransferService  : compareBalance -1 
2024-02-22T22:20:19.141+05:30 ERROR 89386 --- [ool-14-thread-2] c.d.c.web.AccountsTransferController     : Exception occurs

com.dws.challenge.exception.InsufficientBalanceException: Insufficient Balance in account Account123
	at com.dws.challenge.service.TransferService.transferAmount(TransferService.java:21) ~[main/:na]
	at com.dws.challenge.web.AccountsTransferController.transferAmount(AccountsTransferController.java:64) ~[main/:na]
	at com.dws.challenge.ConcurrentTransferTest.lambda$concurrentTransferTest$0(ConcurrentTransferTest.java:77) ~[test/:na]
	at java.base/java.util.concurrent.ThreadPoolExecutor.runWorker(ThreadPoolExecutor.java:1136) ~[na:na]
	at java.base/java.util.concurrent.ThreadPoolExecutor$Worker.run(ThreadPoolExecutor.java:635) ~[na:na]
	at java.base/java.lang.Thread.run(Thread.java:842) ~[na:na]

2024-02-22T22:20:19.141+05:30 ERROR 89386 --- [ol-14-thread-12] c.d.c.web.AccountsTransferController     : Exception occurs

com.dws.challenge.exception.InsufficientBalanceException: Insufficient Balance in account Account123
	at com.dws.challenge.service.TransferService.transferAmount(TransferService.java:21) ~[main/:na]
	at com.dws.challenge.web.AccountsTransferController.transferAmount(AccountsTransferController.java:64) ~[main/:na]
	at com.dws.challenge.ConcurrentTransferTest.lambda$concurrentTransferTest$0(ConcurrentTransferTest.java:77) ~[test/:na]
	at java.base/java.util.concurrent.ThreadPoolExecutor.runWorker(ThreadPoolExecutor.java:1136) ~[na:na]
	at java.base/java.util.concurrent.ThreadPoolExecutor$Worker.run(ThreadPoolExecutor.java:635) ~[na:na]
	at java.base/java.lang.Thread.run(Thread.java:842) ~[na:na]

2024-02-22T22:20:19.141+05:30 ERROR 89386 --- [ool-14-thread-3] c.d.c.web.AccountsTransferController     : Exception occurs

com.dws.challenge.exception.InsufficientBalanceException: Insufficient Balance in account Account123
	at com.dws.challenge.service.TransferService.transferAmount(TransferService.java:21) ~[main/:na]
	at com.dws.challenge.web.AccountsTransferController.transferAmount(AccountsTransferController.java:64) ~[main/:na]
	at com.dws.challenge.ConcurrentTransferTest.lambda$concurrentTransferTest$0(ConcurrentTransferTest.java:77) ~[test/:na]
	at java.base/java.util.concurrent.ThreadPoolExecutor.runWorker(ThreadPoolExecutor.java:1136) ~[na:na]
	at java.base/java.util.concurrent.ThreadPoolExecutor$Worker.run(ThreadPoolExecutor.java:635) ~[na:na]
	at java.base/java.lang.Thread.run(Thread.java:842) ~[na:na]

2024-02-22T22:20:19.161+05:30  INFO 89386 --- [ool-15-thread-4] c.d.c.web.AccountsTransferController     : Transfer Amount  Transfer(accountFrom=Account123, accountTo=Account124, amount=1000)
2024-02-22T22:20:19.161+05:30  INFO 89386 --- [ool-15-thread-9] c.d.c.web.AccountsTransferController     : Transfer Amount  Transfer(accountFrom=Account123, accountTo=Account124, amount=1000)
2024-02-22T22:20:19.161+05:30  INFO 89386 --- [ol-15-thread-11] c.d.c.web.AccountsTransferController     : Transfer Amount  Transfer(accountFrom=Account123, accountTo=Account124, amount=1000)
2024-02-22T22:20:19.161+05:30  INFO 89386 --- [ol-15-thread-12] c.d.c.web.AccountsTransferController     : Transfer Amount  Transfer(accountFrom=Account123, accountTo=Account124, amount=1000)
2024-02-22T22:20:19.161+05:30  INFO 89386 --- [ool-15-thread-5] c.d.c.web.AccountsTransferController     : Transfer Amount  Transfer(accountFrom=Account123, accountTo=Account124, amount=1000)
2024-02-22T22:20:19.161+05:30  INFO 89386 --- [ol-15-thread-14] c.d.c.web.AccountsTransferController     : Transfer Amount  Transfer(accountFrom=Account123, accountTo=Account124, amount=1000)
2024-02-22T22:20:19.161+05:30  INFO 89386 --- [ool-15-thread-6] c.d.c.web.AccountsTransferController     : Transfer Amount  Transfer(accountFrom=Account123, accountTo=Account124, amount=1000)
2024-02-22T22:20:19.161+05:30  INFO 89386 --- [ol-15-thread-15] c.d.c.web.AccountsTransferController     : Transfer Amount  Transfer(accountFrom=Account123, accountTo=Account124, amount=1000)
2024-02-22T22:20:19.162+05:30  INFO 89386 --- [ol-15-thread-17] c.d.c.web.AccountsTransferController     : Transfer Amount  Transfer(accountFrom=Account123, accountTo=Account124, amount=1000)
2024-02-22T22:20:19.161+05:30  INFO 89386 --- [ool-15-thread-2] c.d.c.web.AccountsTransferController     : Transfer Amount  Transfer(accountFrom=Account123, accountTo=Account124, amount=1000)
2024-02-22T22:20:19.161+05:30  INFO 89386 --- [ol-15-thread-20] c.d.c.web.AccountsTransferController     : Transfer Amount  Transfer(accountFrom=Account123, accountTo=Account124, amount=1000)
2024-02-22T22:20:19.161+05:30  INFO 89386 --- [ool-15-thread-7] c.d.c.web.AccountsTransferController     : Transfer Amount  Transfer(accountFrom=Account123, accountTo=Account124, amount=1000)
2024-02-22T22:20:19.161+05:30  INFO 89386 --- [ool-15-thread-1] c.d.c.web.AccountsTransferController     : Transfer Amount  Transfer(accountFrom=Account123, accountTo=Account124, amount=1000)
2024-02-22T22:20:19.161+05:30  INFO 89386 --- [ool-15-thread-3] c.d.c.web.AccountsTransferController     : Transfer Amount  Transfer(accountFrom=Account123, accountTo=Account124, amount=1000)
2024-02-22T22:20:19.161+05:30  INFO 89386 --- [ool-15-thread-8] c.d.c.web.AccountsTransferController     : Transfer Amount  Transfer(accountFrom=Account123, accountTo=Account124, amount=1000)
2024-02-22T22:20:19.161+05:30  INFO 89386 --- [ol-15-thread-10] c.d.c.web.AccountsTransferController     : Transfer Amount  Transfer(accountFrom=Account123, accountTo=Account124, amount=1000)
2024-02-22T22:20:19.161+05:30  INFO 89386 --- [ool-15-thread-4] c.dws.challenge.service.TransferService  : compareBalance 0 
2024-02-22T22:20:19.161+05:30  INFO 89386 --- [ol-15-thread-13] c.d.c.web.AccountsTransferController     : Transfer Amount  Transfer(accountFrom=Account123, accountTo=Account124, amount=1000)
2024-02-22T22:20:19.161+05:30  INFO 89386 --- [ol-15-thread-16] c.d.c.web.AccountsTransferController     : Transfer Amount  Transfer(accountFrom=Account123, accountTo=Account124, amount=1000)
2024-02-22T22:20:19.162+05:30  INFO 89386 --- [ol-15-thread-18] c.d.c.web.AccountsTransferController     : Transfer Amount  Transfer(accountFrom=Account123, accountTo=Account124, amount=1000)
2024-02-22T22:20:19.162+05:30  INFO 89386 --- [ol-15-thread-19] c.d.c.web.AccountsTransferController     : Transfer Amount  Transfer(accountFrom=Account123, accountTo=Account124, amount=1000)
2024-02-22T22:20:19.163+05:30  INFO 89386 --- [ool-15-thread-4] c.d.c.web.AccountsTransferController     : notification sent successfully
2024-02-22T22:20:19.163+05:30  INFO 89386 --- [ol-15-thread-19] c.dws.challenge.service.TransferService  : compareBalance -1 
2024-02-22T22:20:19.164+05:30  INFO 89386 --- [ol-15-thread-18] c.dws.challenge.service.TransferService  : compareBalance -1 
2024-02-22T22:20:19.164+05:30 ERROR 89386 --- [ol-15-thread-19] c.d.c.web.AccountsTransferController     : Exception occurs

com.dws.challenge.exception.InsufficientBalanceException: Insufficient Balance in account Account123
	at com.dws.challenge.service.TransferService.transferAmount(TransferService.java:21) ~[main/:na]
	at com.dws.challenge.web.AccountsTransferController.transferAmount(AccountsTransferController.java:64) ~[main/:na]
	at com.dws.challenge.ConcurrentTransferTest.lambda$concurrentTransferTest$0(ConcurrentTransferTest.java:77) ~[test/:na]
	at java.base/java.util.concurrent.ThreadPoolExecutor.runWorker(ThreadPoolExecutor.java:1136) ~[na:na]
	at java.base/java.util.concurrent.ThreadPoolExecutor$Worker.run(ThreadPoolExecutor.java:635) ~[na:na]
	at java.base/java.lang.Thread.run(Thread.java:842) ~[na:na]

2024-02-22T22:20:19.164+05:30  INFO 89386 --- [ol-15-thread-16] c.dws.challenge.service.TransferService  : compareBalance -1 
2024-02-22T22:20:19.164+05:30 ERROR 89386 --- [ol-15-thread-18] c.d.c.web.AccountsTransferController     : Exception occurs

com.dws.challenge.exception.InsufficientBalanceException: Insufficient Balance in account Account123
	at com.dws.challenge.service.TransferService.transferAmount(TransferService.java:21) ~[main/:na]
	at com.dws.challenge.web.AccountsTransferController.transferAmount(AccountsTransferController.java:64) ~[main/:na]
	at com.dws.challenge.ConcurrentTransferTest.lambda$concurrentTransferTest$0(ConcurrentTransferTest.java:77) ~[test/:na]
	at java.base/java.util.concurrent.ThreadPoolExecutor.runWorker(ThreadPoolExecutor.java:1136) ~[na:na]
	at java.base/java.util.concurrent.ThreadPoolExecutor$Worker.run(ThreadPoolExecutor.java:635) ~[na:na]
	at java.base/java.lang.Thread.run(Thread.java:842) ~[na:na]

2024-02-22T22:20:19.164+05:30  INFO 89386 --- [ol-15-thread-13] c.dws.challenge.service.TransferService  : compareBalance -1 
2024-02-22T22:20:19.164+05:30 ERROR 89386 --- [ol-15-thread-16] c.d.c.web.AccountsTransferController     : Exception occurs

com.dws.challenge.exception.InsufficientBalanceException: Insufficient Balance in account Account123
	at com.dws.challenge.service.TransferService.transferAmount(TransferService.java:21) ~[main/:na]
	at com.dws.challenge.web.AccountsTransferController.transferAmount(AccountsTransferController.java:64) ~[main/:na]
	at com.dws.challenge.ConcurrentTransferTest.lambda$concurrentTransferTest$0(ConcurrentTransferTest.java:77) ~[test/:na]
	at java.base/java.util.concurrent.ThreadPoolExecutor.runWorker(ThreadPoolExecutor.java:1136) ~[na:na]
	at java.base/java.util.concurrent.ThreadPoolExecutor$Worker.run(ThreadPoolExecutor.java:635) ~[na:na]
	at java.base/java.lang.Thread.run(Thread.java:842) ~[na:na]

2024-02-22T22:20:19.164+05:30 ERROR 89386 --- [ol-15-thread-13] c.d.c.web.AccountsTransferController     : Exception occurs

com.dws.challenge.exception.InsufficientBalanceException: Insufficient Balance in account Account123
	at com.dws.challenge.service.TransferService.transferAmount(TransferService.java:21) ~[main/:na]
	at com.dws.challenge.web.AccountsTransferController.transferAmount(AccountsTransferController.java:64) ~[main/:na]
	at com.dws.challenge.ConcurrentTransferTest.lambda$concurrentTransferTest$0(ConcurrentTransferTest.java:77) ~[test/:na]
	at java.base/java.util.concurrent.ThreadPoolExecutor.runWorker(ThreadPoolExecutor.java:1136) ~[na:na]
	at java.base/java.util.concurrent.ThreadPoolExecutor$Worker.run(ThreadPoolExecutor.java:635) ~[na:na]
	at java.base/java.lang.Thread.run(Thread.java:842) ~[na:na]

2024-02-22T22:20:19.164+05:30  INFO 89386 --- [ol-15-thread-10] c.dws.challenge.service.TransferService  : compareBalance -1 
2024-02-22T22:20:19.165+05:30  INFO 89386 --- [ool-15-thread-8] c.dws.challenge.service.TransferService  : compareBalance -1 
2024-02-22T22:20:19.165+05:30 ERROR 89386 --- [ol-15-thread-10] c.d.c.web.AccountsTransferController     : Exception occurs

com.dws.challenge.exception.InsufficientBalanceException: Insufficient Balance in account Account123
	at com.dws.challenge.service.TransferService.transferAmount(TransferService.java:21) ~[main/:na]
	at com.dws.challenge.web.AccountsTransferController.transferAmount(AccountsTransferController.java:64) ~[main/:na]
	at com.dws.challenge.ConcurrentTransferTest.lambda$concurrentTransferTest$0(ConcurrentTransferTest.java:77) ~[test/:na]
	at java.base/java.util.concurrent.ThreadPoolExecutor.runWorker(ThreadPoolExecutor.java:1136) ~[na:na]
	at java.base/java.util.concurrent.ThreadPoolExecutor$Worker.run(ThreadPoolExecutor.java:635) ~[na:na]
	at java.base/java.lang.Thread.run(Thread.java:842) ~[na:na]

2024-02-22T22:20:19.165+05:30  INFO 89386 --- [ool-15-thread-3] c.dws.challenge.service.TransferService  : compareBalance -1 
2024-02-22T22:20:19.165+05:30 ERROR 89386 --- [ool-15-thread-8] c.d.c.web.AccountsTransferController     : Exception occurs

com.dws.challenge.exception.InsufficientBalanceException: Insufficient Balance in account Account123
	at com.dws.challenge.service.TransferService.transferAmount(TransferService.java:21) ~[main/:na]
	at com.dws.challenge.web.AccountsTransferController.transferAmount(AccountsTransferController.java:64) ~[main/:na]
	at com.dws.challenge.ConcurrentTransferTest.lambda$concurrentTransferTest$0(ConcurrentTransferTest.java:77) ~[test/:na]
	at java.base/java.util.concurrent.ThreadPoolExecutor.runWorker(ThreadPoolExecutor.java:1136) ~[na:na]
	at java.base/java.util.concurrent.ThreadPoolExecutor$Worker.run(ThreadPoolExecutor.java:635) ~[na:na]
	at java.base/java.lang.Thread.run(Thread.java:842) ~[na:na]

2024-02-22T22:20:19.165+05:30  INFO 89386 --- [ool-15-thread-1] c.dws.challenge.service.TransferService  : compareBalance -1 
2024-02-22T22:20:19.165+05:30 ERROR 89386 --- [ool-15-thread-3] c.d.c.web.AccountsTransferController     : Exception occurs

com.dws.challenge.exception.InsufficientBalanceException: Insufficient Balance in account Account123
	at com.dws.challenge.service.TransferService.transferAmount(TransferService.java:21) ~[main/:na]
	at com.dws.challenge.web.AccountsTransferController.transferAmount(AccountsTransferController.java:64) ~[main/:na]
	at com.dws.challenge.ConcurrentTransferTest.lambda$concurrentTransferTest$0(ConcurrentTransferTest.java:77) ~[test/:na]
	at java.base/java.util.concurrent.ThreadPoolExecutor.runWorker(ThreadPoolExecutor.java:1136) ~[na:na]
	at java.base/java.util.concurrent.ThreadPoolExecutor$Worker.run(ThreadPoolExecutor.java:635) ~[na:na]
	at java.base/java.lang.Thread.run(Thread.java:842) ~[na:na]

2024-02-22T22:20:19.166+05:30  INFO 89386 --- [ool-15-thread-7] c.dws.challenge.service.TransferService  : compareBalance -1 
2024-02-22T22:20:19.165+05:30 ERROR 89386 --- [ool-15-thread-1] c.d.c.web.AccountsTransferController     : Exception occurs

com.dws.challenge.exception.InsufficientBalanceException: Insufficient Balance in account Account123
	at com.dws.challenge.service.TransferService.transferAmount(TransferService.java:21) ~[main/:na]
	at com.dws.challenge.web.AccountsTransferController.transferAmount(AccountsTransferController.java:64) ~[main/:na]
	at com.dws.challenge.ConcurrentTransferTest.lambda$concurrentTransferTest$0(ConcurrentTransferTest.java:77) ~[test/:na]
	at java.base/java.util.concurrent.ThreadPoolExecutor.runWorker(ThreadPoolExecutor.java:1136) ~[na:na]
	at java.base/java.util.concurrent.ThreadPoolExecutor$Worker.run(ThreadPoolExecutor.java:635) ~[na:na]
	at java.base/java.lang.Thread.run(Thread.java:842) ~[na:na]

2024-02-22T22:20:19.166+05:30 ERROR 89386 --- [ool-15-thread-7] c.d.c.web.AccountsTransferController     : Exception occurs

com.dws.challenge.exception.InsufficientBalanceException: Insufficient Balance in account Account123
	at com.dws.challenge.service.TransferService.transferAmount(TransferService.java:21) ~[main/:na]
	at com.dws.challenge.web.AccountsTransferController.transferAmount(AccountsTransferController.java:64) ~[main/:na]
	at com.dws.challenge.ConcurrentTransferTest.lambda$concurrentTransferTest$0(ConcurrentTransferTest.java:77) ~[test/:na]
	at java.base/java.util.concurrent.ThreadPoolExecutor.runWorker(ThreadPoolExecutor.java:1136) ~[na:na]
	at java.base/java.util.concurrent.ThreadPoolExecutor$Worker.run(ThreadPoolExecutor.java:635) ~[na:na]
	at java.base/java.lang.Thread.run(Thread.java:842) ~[na:na]

2024-02-22T22:20:19.166+05:30  INFO 89386 --- [ol-15-thread-20] c.dws.challenge.service.TransferService  : compareBalance -1 
2024-02-22T22:20:19.166+05:30  INFO 89386 --- [ool-15-thread-2] c.dws.challenge.service.TransferService  : compareBalance -1 
2024-02-22T22:20:19.166+05:30 ERROR 89386 --- [ol-15-thread-20] c.d.c.web.AccountsTransferController     : Exception occurs

com.dws.challenge.exception.InsufficientBalanceException: Insufficient Balance in account Account123
	at com.dws.challenge.service.TransferService.transferAmount(TransferService.java:21) ~[main/:na]
	at com.dws.challenge.web.AccountsTransferController.transferAmount(AccountsTransferController.java:64) ~[main/:na]
	at com.dws.challenge.ConcurrentTransferTest.lambda$concurrentTransferTest$0(ConcurrentTransferTest.java:77) ~[test/:na]
	at java.base/java.util.concurrent.ThreadPoolExecutor.runWorker(ThreadPoolExecutor.java:1136) ~[na:na]
	at java.base/java.util.concurrent.ThreadPoolExecutor$Worker.run(ThreadPoolExecutor.java:635) ~[na:na]
	at java.base/java.lang.Thread.run(Thread.java:842) ~[na:na]

2024-02-22T22:20:19.166+05:30 ERROR 89386 --- [ool-15-thread-2] c.d.c.web.AccountsTransferController     : Exception occurs

com.dws.challenge.exception.InsufficientBalanceException: Insufficient Balance in account Account123
	at com.dws.challenge.service.TransferService.transferAmount(TransferService.java:21) ~[main/:na]
	at com.dws.challenge.web.AccountsTransferController.transferAmount(AccountsTransferController.java:64) ~[main/:na]
	at com.dws.challenge.ConcurrentTransferTest.lambda$concurrentTransferTest$0(ConcurrentTransferTest.java:77) ~[test/:na]
	at java.base/java.util.concurrent.ThreadPoolExecutor.runWorker(ThreadPoolExecutor.java:1136) ~[na:na]
	at java.base/java.util.concurrent.ThreadPoolExecutor$Worker.run(ThreadPoolExecutor.java:635) ~[na:na]
	at java.base/java.lang.Thread.run(Thread.java:842) ~[na:na]

2024-02-22T22:20:19.167+05:30  INFO 89386 --- [ol-15-thread-17] c.dws.challenge.service.TransferService  : compareBalance -1 
2024-02-22T22:20:19.167+05:30  INFO 89386 --- [ol-15-thread-15] c.dws.challenge.service.TransferService  : compareBalance -1 
2024-02-22T22:20:19.167+05:30 ERROR 89386 --- [ol-15-thread-17] c.d.c.web.AccountsTransferController     : Exception occurs

com.dws.challenge.exception.InsufficientBalanceException: Insufficient Balance in account Account123
	at com.dws.challenge.service.TransferService.transferAmount(TransferService.java:21) ~[main/:na]
	at com.dws.challenge.web.AccountsTransferController.transferAmount(AccountsTransferController.java:64) ~[main/:na]
	at com.dws.challenge.ConcurrentTransferTest.lambda$concurrentTransferTest$0(ConcurrentTransferTest.java:77) ~[test/:na]
	at java.base/java.util.concurrent.ThreadPoolExecutor.runWorker(ThreadPoolExecutor.java:1136) ~[na:na]
	at java.base/java.util.concurrent.ThreadPoolExecutor$Worker.run(ThreadPoolExecutor.java:635) ~[na:na]
	at java.base/java.lang.Thread.run(Thread.java:842) ~[na:na]

2024-02-22T22:20:19.167+05:30 ERROR 89386 --- [ol-15-thread-15] c.d.c.web.AccountsTransferController     : Exception occurs

com.dws.challenge.exception.InsufficientBalanceException: Insufficient Balance in account Account123
	at com.dws.challenge.service.TransferService.transferAmount(TransferService.java:21) ~[main/:na]
	at com.dws.challenge.web.AccountsTransferController.transferAmount(AccountsTransferController.java:64) ~[main/:na]
	at com.dws.challenge.ConcurrentTransferTest.lambda$concurrentTransferTest$0(ConcurrentTransferTest.java:77) ~[test/:na]
	at java.base/java.util.concurrent.ThreadPoolExecutor.runWorker(ThreadPoolExecutor.java:1136) ~[na:na]
	at java.base/java.util.concurrent.ThreadPoolExecutor$Worker.run(ThreadPoolExecutor.java:635) ~[na:na]
	at java.base/java.lang.Thread.run(Thread.java:842) ~[na:na]

2024-02-22T22:20:19.167+05:30  INFO 89386 --- [ool-15-thread-6] c.dws.challenge.service.TransferService  : compareBalance -1 
2024-02-22T22:20:19.168+05:30  INFO 89386 --- [ol-15-thread-14] c.dws.challenge.service.TransferService  : compareBalance -1 
2024-02-22T22:20:19.168+05:30 ERROR 89386 --- [ool-15-thread-6] c.d.c.web.AccountsTransferController     : Exception occurs

com.dws.challenge.exception.InsufficientBalanceException: Insufficient Balance in account Account123
	at com.dws.challenge.service.TransferService.transferAmount(TransferService.java:21) ~[main/:na]
	at com.dws.challenge.web.AccountsTransferController.transferAmount(AccountsTransferController.java:64) ~[main/:na]
	at com.dws.challenge.ConcurrentTransferTest.lambda$concurrentTransferTest$0(ConcurrentTransferTest.java:77) ~[test/:na]
	at java.base/java.util.concurrent.ThreadPoolExecutor.runWorker(ThreadPoolExecutor.java:1136) ~[na:na]
	at java.base/java.util.concurrent.ThreadPoolExecutor$Worker.run(ThreadPoolExecutor.java:635) ~[na:na]
	at java.base/java.lang.Thread.run(Thread.java:842) ~[na:na]

2024-02-22T22:20:19.168+05:30  INFO 89386 --- [ool-15-thread-5] c.dws.challenge.service.TransferService  : compareBalance -1 
2024-02-22T22:20:19.168+05:30 ERROR 89386 --- [ol-15-thread-14] c.d.c.web.AccountsTransferController     : Exception occurs

com.dws.challenge.exception.InsufficientBalanceException: Insufficient Balance in account Account123
	at com.dws.challenge.service.TransferService.transferAmount(TransferService.java:21) ~[main/:na]
	at com.dws.challenge.web.AccountsTransferController.transferAmount(AccountsTransferController.java:64) ~[main/:na]
	at com.dws.challenge.ConcurrentTransferTest.lambda$concurrentTransferTest$0(ConcurrentTransferTest.java:77) ~[test/:na]
	at java.base/java.util.concurrent.ThreadPoolExecutor.runWorker(ThreadPoolExecutor.java:1136) ~[na:na]
	at java.base/java.util.concurrent.ThreadPoolExecutor$Worker.run(ThreadPoolExecutor.java:635) ~[na:na]
	at java.base/java.lang.Thread.run(Thread.java:842) ~[na:na]

2024-02-22T22:20:19.168+05:30  INFO 89386 --- [ol-15-thread-12] c.dws.challenge.service.TransferService  : compareBalance -1 
2024-02-22T22:20:19.168+05:30 ERROR 89386 --- [ool-15-thread-5] c.d.c.web.AccountsTransferController     : Exception occurs

com.dws.challenge.exception.InsufficientBalanceException: Insufficient Balance in account Account123
	at com.dws.challenge.service.TransferService.transferAmount(TransferService.java:21) ~[main/:na]
	at com.dws.challenge.web.AccountsTransferController.transferAmount(AccountsTransferController.java:64) ~[main/:na]
	at com.dws.challenge.ConcurrentTransferTest.lambda$concurrentTransferTest$0(ConcurrentTransferTest.java:77) ~[test/:na]
	at java.base/java.util.concurrent.ThreadPoolExecutor.runWorker(ThreadPoolExecutor.java:1136) ~[na:na]
	at java.base/java.util.concurrent.ThreadPoolExecutor$Worker.run(ThreadPoolExecutor.java:635) ~[na:na]
	at java.base/java.lang.Thread.run(Thread.java:842) ~[na:na]

2024-02-22T22:20:19.168+05:30  INFO 89386 --- [ol-15-thread-11] c.dws.challenge.service.TransferService  : compareBalance -1 
2024-02-22T22:20:19.168+05:30 ERROR 89386 --- [ol-15-thread-12] c.d.c.web.AccountsTransferController     : Exception occurs

com.dws.challenge.exception.InsufficientBalanceException: Insufficient Balance in account Account123
	at com.dws.challenge.service.TransferService.transferAmount(TransferService.java:21) ~[main/:na]
	at com.dws.challenge.web.AccountsTransferController.transferAmount(AccountsTransferController.java:64) ~[main/:na]
	at com.dws.challenge.ConcurrentTransferTest.lambda$concurrentTransferTest$0(ConcurrentTransferTest.java:77) ~[test/:na]
	at java.base/java.util.concurrent.ThreadPoolExecutor.runWorker(ThreadPoolExecutor.java:1136) ~[na:na]
	at java.base/java.util.concurrent.ThreadPoolExecutor$Worker.run(ThreadPoolExecutor.java:635) ~[na:na]
	at java.base/java.lang.Thread.run(Thread.java:842) ~[na:na]

2024-02-22T22:20:19.169+05:30  INFO 89386 --- [ool-15-thread-9] c.dws.challenge.service.TransferService  : compareBalance -1 
2024-02-22T22:20:19.169+05:30 ERROR 89386 --- [ol-15-thread-11] c.d.c.web.AccountsTransferController     : Exception occurs

com.dws.challenge.exception.InsufficientBalanceException: Insufficient Balance in account Account123
	at com.dws.challenge.service.TransferService.transferAmount(TransferService.java:21) ~[main/:na]
	at com.dws.challenge.web.AccountsTransferController.transferAmount(AccountsTransferController.java:64) ~[main/:na]
	at com.dws.challenge.ConcurrentTransferTest.lambda$concurrentTransferTest$0(ConcurrentTransferTest.java:77) ~[test/:na]
	at java.base/java.util.concurrent.ThreadPoolExecutor.runWorker(ThreadPoolExecutor.java:1136) ~[na:na]
	at java.base/java.util.concurrent.ThreadPoolExecutor$Worker.run(ThreadPoolExecutor.java:635) ~[na:na]
	at java.base/java.lang.Thread.run(Thread.java:842) ~[na:na]

2024-02-22T22:20:19.169+05:30 ERROR 89386 --- [ool-15-thread-9] c.d.c.web.AccountsTransferController     : Exception occurs

com.dws.challenge.exception.InsufficientBalanceException: Insufficient Balance in account Account123
	at com.dws.challenge.service.TransferService.transferAmount(TransferService.java:21) ~[main/:na]
	at com.dws.challenge.web.AccountsTransferController.transferAmount(AccountsTransferController.java:64) ~[main/:na]
	at com.dws.challenge.ConcurrentTransferTest.lambda$concurrentTransferTest$0(ConcurrentTransferTest.java:77) ~[test/:na]
	at java.base/java.util.concurrent.ThreadPoolExecutor.runWorker(ThreadPoolExecutor.java:1136) ~[na:na]
	at java.base/java.util.concurrent.ThreadPoolExecutor$Worker.run(ThreadPoolExecutor.java:635) ~[na:na]
	at java.base/java.lang.Thread.run(Thread.java:842) ~[na:na]

2024-02-22T22:20:19.186+05:30  INFO 89386 --- [ool-16-thread-5] c.d.c.web.AccountsTransferController     : Transfer Amount  Transfer(accountFrom=Account123, accountTo=Account124, amount=1000)
2024-02-22T22:20:19.187+05:30  INFO 89386 --- [ool-16-thread-8] c.d.c.web.AccountsTransferController     : Transfer Amount  Transfer(accountFrom=Account123, accountTo=Account124, amount=1000)
2024-02-22T22:20:19.187+05:30  INFO 89386 --- [ol-16-thread-11] c.d.c.web.AccountsTransferController     : Transfer Amount  Transfer(accountFrom=Account123, accountTo=Account124, amount=1000)
2024-02-22T22:20:19.186+05:30  INFO 89386 --- [ol-16-thread-20] c.d.c.web.AccountsTransferController     : Transfer Amount  Transfer(accountFrom=Account123, accountTo=Account124, amount=1000)
2024-02-22T22:20:19.187+05:30  INFO 89386 --- [ol-16-thread-12] c.d.c.web.AccountsTransferController     : Transfer Amount  Transfer(accountFrom=Account123, accountTo=Account124, amount=1000)
2024-02-22T22:20:19.187+05:30  INFO 89386 --- [ol-16-thread-13] c.d.c.web.AccountsTransferController     : Transfer Amount  Transfer(accountFrom=Account123, accountTo=Account124, amount=1000)
2024-02-22T22:20:19.186+05:30  INFO 89386 --- [ool-16-thread-6] c.d.c.web.AccountsTransferController     : Transfer Amount  Transfer(accountFrom=Account123, accountTo=Account124, amount=1000)
2024-02-22T22:20:19.187+05:30  INFO 89386 --- [ol-16-thread-15] c.d.c.web.AccountsTransferController     : Transfer Amount  Transfer(accountFrom=Account123, accountTo=Account124, amount=1000)
2024-02-22T22:20:19.186+05:30  INFO 89386 --- [ool-16-thread-3] c.d.c.web.AccountsTransferController     : Transfer Amount  Transfer(accountFrom=Account123, accountTo=Account124, amount=1000)
2024-02-22T22:20:19.187+05:30  INFO 89386 --- [ol-16-thread-17] c.d.c.web.AccountsTransferController     : Transfer Amount  Transfer(accountFrom=Account123, accountTo=Account124, amount=1000)
2024-02-22T22:20:19.187+05:30  INFO 89386 --- [ol-16-thread-19] c.d.c.web.AccountsTransferController     : Transfer Amount  Transfer(accountFrom=Account123, accountTo=Account124, amount=1000)
2024-02-22T22:20:19.186+05:30  INFO 89386 --- [ool-16-thread-1] c.d.c.web.AccountsTransferController     : Transfer Amount  Transfer(accountFrom=Account123, accountTo=Account124, amount=1000)
2024-02-22T22:20:19.186+05:30  INFO 89386 --- [ool-16-thread-2] c.d.c.web.AccountsTransferController     : Transfer Amount  Transfer(accountFrom=Account123, accountTo=Account124, amount=1000)
2024-02-22T22:20:19.186+05:30  INFO 89386 --- [ool-16-thread-4] c.d.c.web.AccountsTransferController     : Transfer Amount  Transfer(accountFrom=Account123, accountTo=Account124, amount=1000)
2024-02-22T22:20:19.187+05:30  INFO 89386 --- [ool-16-thread-7] c.d.c.web.AccountsTransferController     : Transfer Amount  Transfer(accountFrom=Account123, accountTo=Account124, amount=1000)
2024-02-22T22:20:19.187+05:30  INFO 89386 --- [ool-16-thread-5] c.dws.challenge.service.TransferService  : compareBalance 0 
2024-02-22T22:20:19.187+05:30  INFO 89386 --- [ool-16-thread-9] c.d.c.web.AccountsTransferController     : Transfer Amount  Transfer(accountFrom=Account123, accountTo=Account124, amount=1000)
2024-02-22T22:20:19.187+05:30  INFO 89386 --- [ol-16-thread-10] c.d.c.web.AccountsTransferController     : Transfer Amount  Transfer(accountFrom=Account123, accountTo=Account124, amount=1000)
2024-02-22T22:20:19.187+05:30  INFO 89386 --- [ol-16-thread-14] c.d.c.web.AccountsTransferController     : Transfer Amount  Transfer(accountFrom=Account123, accountTo=Account124, amount=1000)
2024-02-22T22:20:19.187+05:30  INFO 89386 --- [ol-16-thread-16] c.d.c.web.AccountsTransferController     : Transfer Amount  Transfer(accountFrom=Account123, accountTo=Account124, amount=1000)
2024-02-22T22:20:19.187+05:30  INFO 89386 --- [ol-16-thread-18] c.d.c.web.AccountsTransferController     : Transfer Amount  Transfer(accountFrom=Account123, accountTo=Account124, amount=1000)
2024-02-22T22:20:19.189+05:30  INFO 89386 --- [ool-16-thread-5] c.d.c.web.AccountsTransferController     : notification sent successfully
2024-02-22T22:20:19.189+05:30  INFO 89386 --- [ol-16-thread-18] c.dws.challenge.service.TransferService  : compareBalance -1 
2024-02-22T22:20:19.190+05:30  INFO 89386 --- [ol-16-thread-16] c.dws.challenge.service.TransferService  : compareBalance -1 
2024-02-22T22:20:19.190+05:30 ERROR 89386 --- [ol-16-thread-18] c.d.c.web.AccountsTransferController     : Exception occurs

com.dws.challenge.exception.InsufficientBalanceException: Insufficient Balance in account Account123
	at com.dws.challenge.service.TransferService.transferAmount(TransferService.java:21) ~[main/:na]
	at com.dws.challenge.web.AccountsTransferController.transferAmount(AccountsTransferController.java:64) ~[main/:na]
	at com.dws.challenge.ConcurrentTransferTest.lambda$concurrentTransferTest$0(ConcurrentTransferTest.java:77) ~[test/:na]
	at java.base/java.util.concurrent.ThreadPoolExecutor.runWorker(ThreadPoolExecutor.java:1136) ~[na:na]
	at java.base/java.util.concurrent.ThreadPoolExecutor$Worker.run(ThreadPoolExecutor.java:635) ~[na:na]
	at java.base/java.lang.Thread.run(Thread.java:842) ~[na:na]

2024-02-22T22:20:19.190+05:30  INFO 89386 --- [ol-16-thread-14] c.dws.challenge.service.TransferService  : compareBalance -1 
2024-02-22T22:20:19.190+05:30 ERROR 89386 --- [ol-16-thread-16] c.d.c.web.AccountsTransferController     : Exception occurs

com.dws.challenge.exception.InsufficientBalanceException: Insufficient Balance in account Account123
	at com.dws.challenge.service.TransferService.transferAmount(TransferService.java:21) ~[main/:na]
	at com.dws.challenge.web.AccountsTransferController.transferAmount(AccountsTransferController.java:64) ~[main/:na]
	at com.dws.challenge.ConcurrentTransferTest.lambda$concurrentTransferTest$0(ConcurrentTransferTest.java:77) ~[test/:na]
	at java.base/java.util.concurrent.ThreadPoolExecutor.runWorker(ThreadPoolExecutor.java:1136) ~[na:na]
	at java.base/java.util.concurrent.ThreadPoolExecutor$Worker.run(ThreadPoolExecutor.java:635) ~[na:na]
	at java.base/java.lang.Thread.run(Thread.java:842) ~[na:na]

2024-02-22T22:20:19.190+05:30  INFO 89386 --- [ol-16-thread-10] c.dws.challenge.service.TransferService  : compareBalance -1 
2024-02-22T22:20:19.190+05:30 ERROR 89386 --- [ol-16-thread-10] c.d.c.web.AccountsTransferController     : Exception occurs

com.dws.challenge.exception.InsufficientBalanceException: Insufficient Balance in account Account123
	at com.dws.challenge.service.TransferService.transferAmount(TransferService.java:21) ~[main/:na]
	at com.dws.challenge.web.AccountsTransferController.transferAmount(AccountsTransferController.java:64) ~[main/:na]
	at com.dws.challenge.ConcurrentTransferTest.lambda$concurrentTransferTest$0(ConcurrentTransferTest.java:77) ~[test/:na]
	at java.base/java.util.concurrent.ThreadPoolExecutor.runWorker(ThreadPoolExecutor.java:1136) ~[na:na]
	at java.base/java.util.concurrent.ThreadPoolExecutor$Worker.run(ThreadPoolExecutor.java:635) ~[na:na]
	at java.base/java.lang.Thread.run(Thread.java:842) ~[na:na]

2024-02-22T22:20:19.190+05:30 ERROR 89386 --- [ol-16-thread-14] c.d.c.web.AccountsTransferController     : Exception occurs

com.dws.challenge.exception.InsufficientBalanceException: Insufficient Balance in account Account123
	at com.dws.challenge.service.TransferService.transferAmount(TransferService.java:21) ~[main/:na]
	at com.dws.challenge.web.AccountsTransferController.transferAmount(AccountsTransferController.java:64) ~[main/:na]
	at com.dws.challenge.ConcurrentTransferTest.lambda$concurrentTransferTest$0(ConcurrentTransferTest.java:77) ~[test/:na]
	at java.base/java.util.concurrent.ThreadPoolExecutor.runWorker(ThreadPoolExecutor.java:1136) ~[na:na]
	at java.base/java.util.concurrent.ThreadPoolExecutor$Worker.run(ThreadPoolExecutor.java:635) ~[na:na]
	at java.base/java.lang.Thread.run(Thread.java:842) ~[na:na]

2024-02-22T22:20:19.191+05:30  INFO 89386 --- [ool-16-thread-9] c.dws.challenge.service.TransferService  : compareBalance -1 
2024-02-22T22:20:19.191+05:30  INFO 89386 --- [ool-16-thread-7] c.dws.challenge.service.TransferService  : compareBalance -1 
2024-02-22T22:20:19.191+05:30 ERROR 89386 --- [ool-16-thread-9] c.d.c.web.AccountsTransferController     : Exception occurs

com.dws.challenge.exception.InsufficientBalanceException: Insufficient Balance in account Account123
	at com.dws.challenge.service.TransferService.transferAmount(TransferService.java:21) ~[main/:na]
	at com.dws.challenge.web.AccountsTransferController.transferAmount(AccountsTransferController.java:64) ~[main/:na]
	at com.dws.challenge.ConcurrentTransferTest.lambda$concurrentTransferTest$0(ConcurrentTransferTest.java:77) ~[test/:na]
	at java.base/java.util.concurrent.ThreadPoolExecutor.runWorker(ThreadPoolExecutor.java:1136) ~[na:na]
	at java.base/java.util.concurrent.ThreadPoolExecutor$Worker.run(ThreadPoolExecutor.java:635) ~[na:na]
	at java.base/java.lang.Thread.run(Thread.java:842) ~[na:na]

2024-02-22T22:20:19.191+05:30  INFO 89386 --- [ool-16-thread-4] c.dws.challenge.service.TransferService  : compareBalance -1 
2024-02-22T22:20:19.191+05:30 ERROR 89386 --- [ool-16-thread-7] c.d.c.web.AccountsTransferController     : Exception occurs

com.dws.challenge.exception.InsufficientBalanceException: Insufficient Balance in account Account123
	at com.dws.challenge.service.TransferService.transferAmount(TransferService.java:21) ~[main/:na]
	at com.dws.challenge.web.AccountsTransferController.transferAmount(AccountsTransferController.java:64) ~[main/:na]
	at com.dws.challenge.ConcurrentTransferTest.lambda$concurrentTransferTest$0(ConcurrentTransferTest.java:77) ~[test/:na]
	at java.base/java.util.concurrent.ThreadPoolExecutor.runWorker(ThreadPoolExecutor.java:1136) ~[na:na]
	at java.base/java.util.concurrent.ThreadPoolExecutor$Worker.run(ThreadPoolExecutor.java:635) ~[na:na]
	at java.base/java.lang.Thread.run(Thread.java:842) ~[na:na]

2024-02-22T22:20:19.192+05:30  INFO 89386 --- [ool-16-thread-2] c.dws.challenge.service.TransferService  : compareBalance -1 
2024-02-22T22:20:19.192+05:30 ERROR 89386 --- [ool-16-thread-4] c.d.c.web.AccountsTransferController     : Exception occurs

com.dws.challenge.exception.InsufficientBalanceException: Insufficient Balance in account Account123
	at com.dws.challenge.service.TransferService.transferAmount(TransferService.java:21) ~[main/:na]
	at com.dws.challenge.web.AccountsTransferController.transferAmount(AccountsTransferController.java:64) ~[main/:na]
	at com.dws.challenge.ConcurrentTransferTest.lambda$concurrentTransferTest$0(ConcurrentTransferTest.java:77) ~[test/:na]
	at java.base/java.util.concurrent.ThreadPoolExecutor.runWorker(ThreadPoolExecutor.java:1136) ~[na:na]
	at java.base/java.util.concurrent.ThreadPoolExecutor$Worker.run(ThreadPoolExecutor.java:635) ~[na:na]
	at java.base/java.lang.Thread.run(Thread.java:842) ~[na:na]

2024-02-22T22:20:19.192+05:30  INFO 89386 --- [ool-16-thread-1] c.dws.challenge.service.TransferService  : compareBalance -1 
2024-02-22T22:20:19.192+05:30 ERROR 89386 --- [ool-16-thread-2] c.d.c.web.AccountsTransferController     : Exception occurs

com.dws.challenge.exception.InsufficientBalanceException: Insufficient Balance in account Account123
	at com.dws.challenge.service.TransferService.transferAmount(TransferService.java:21) ~[main/:na]
	at com.dws.challenge.web.AccountsTransferController.transferAmount(AccountsTransferController.java:64) ~[main/:na]
	at com.dws.challenge.ConcurrentTransferTest.lambda$concurrentTransferTest$0(ConcurrentTransferTest.java:77) ~[test/:na]
	at java.base/java.util.concurrent.ThreadPoolExecutor.runWorker(ThreadPoolExecutor.java:1136) ~[na:na]
	at java.base/java.util.concurrent.ThreadPoolExecutor$Worker.run(ThreadPoolExecutor.java:635) ~[na:na]
	at java.base/java.lang.Thread.run(Thread.java:842) ~[na:na]

2024-02-22T22:20:19.192+05:30  INFO 89386 --- [ol-16-thread-19] c.dws.challenge.service.TransferService  : compareBalance -1 
2024-02-22T22:20:19.192+05:30 ERROR 89386 --- [ool-16-thread-1] c.d.c.web.AccountsTransferController     : Exception occurs

com.dws.challenge.exception.InsufficientBalanceException: Insufficient Balance in account Account123
	at com.dws.challenge.service.TransferService.transferAmount(TransferService.java:21) ~[main/:na]
	at com.dws.challenge.web.AccountsTransferController.transferAmount(AccountsTransferController.java:64) ~[main/:na]
	at com.dws.challenge.ConcurrentTransferTest.lambda$concurrentTransferTest$0(ConcurrentTransferTest.java:77) ~[test/:na]
	at java.base/java.util.concurrent.ThreadPoolExecutor.runWorker(ThreadPoolExecutor.java:1136) ~[na:na]
	at java.base/java.util.concurrent.ThreadPoolExecutor$Worker.run(ThreadPoolExecutor.java:635) ~[na:na]
	at java.base/java.lang.Thread.run(Thread.java:842) ~[na:na]

2024-02-22T22:20:19.192+05:30 ERROR 89386 --- [ol-16-thread-19] c.d.c.web.AccountsTransferController     : Exception occurs

com.dws.challenge.exception.InsufficientBalanceException: Insufficient Balance in account Account123
	at com.dws.challenge.service.TransferService.transferAmount(TransferService.java:21) ~[main/:na]
	at com.dws.challenge.web.AccountsTransferController.transferAmount(AccountsTransferController.java:64) ~[main/:na]
	at com.dws.challenge.ConcurrentTransferTest.lambda$concurrentTransferTest$0(ConcurrentTransferTest.java:77) ~[test/:na]
	at java.base/java.util.concurrent.ThreadPoolExecutor.runWorker(ThreadPoolExecutor.java:1136) ~[na:na]
	at java.base/java.util.concurrent.ThreadPoolExecutor$Worker.run(ThreadPoolExecutor.java:635) ~[na:na]
	at java.base/java.lang.Thread.run(Thread.java:842) ~[na:na]

2024-02-22T22:20:19.193+05:30  INFO 89386 --- [ol-16-thread-17] c.dws.challenge.service.TransferService  : compareBalance -1 
2024-02-22T22:20:19.193+05:30  INFO 89386 --- [ool-16-thread-3] c.dws.challenge.service.TransferService  : compareBalance -1 
2024-02-22T22:20:19.193+05:30 ERROR 89386 --- [ol-16-thread-17] c.d.c.web.AccountsTransferController     : Exception occurs

com.dws.challenge.exception.InsufficientBalanceException: Insufficient Balance in account Account123
	at com.dws.challenge.service.TransferService.transferAmount(TransferService.java:21) ~[main/:na]
	at com.dws.challenge.web.AccountsTransferController.transferAmount(AccountsTransferController.java:64) ~[main/:na]
	at com.dws.challenge.ConcurrentTransferTest.lambda$concurrentTransferTest$0(ConcurrentTransferTest.java:77) ~[test/:na]
	at java.base/java.util.concurrent.ThreadPoolExecutor.runWorker(ThreadPoolExecutor.java:1136) ~[na:na]
	at java.base/java.util.concurrent.ThreadPoolExecutor$Worker.run(ThreadPoolExecutor.java:635) ~[na:na]
	at java.base/java.lang.Thread.run(Thread.java:842) ~[na:na]

2024-02-22T22:20:19.193+05:30  INFO 89386 --- [ol-16-thread-15] c.dws.challenge.service.TransferService  : compareBalance -1 
2024-02-22T22:20:19.193+05:30 ERROR 89386 --- [ool-16-thread-3] c.d.c.web.AccountsTransferController     : Exception occurs

com.dws.challenge.exception.InsufficientBalanceException: Insufficient Balance in account Account123
	at com.dws.challenge.service.TransferService.transferAmount(TransferService.java:21) ~[main/:na]
	at com.dws.challenge.web.AccountsTransferController.transferAmount(AccountsTransferController.java:64) ~[main/:na]
	at com.dws.challenge.ConcurrentTransferTest.lambda$concurrentTransferTest$0(ConcurrentTransferTest.java:77) ~[test/:na]
	at java.base/java.util.concurrent.ThreadPoolExecutor.runWorker(ThreadPoolExecutor.java:1136) ~[na:na]
	at java.base/java.util.concurrent.ThreadPoolExecutor$Worker.run(ThreadPoolExecutor.java:635) ~[na:na]
	at java.base/java.lang.Thread.run(Thread.java:842) ~[na:na]

2024-02-22T22:20:19.193+05:30 ERROR 89386 --- [ol-16-thread-15] c.d.c.web.AccountsTransferController     : Exception occurs

com.dws.challenge.exception.InsufficientBalanceException: Insufficient Balance in account Account123
	at com.dws.challenge.service.TransferService.transferAmount(TransferService.java:21) ~[main/:na]
	at com.dws.challenge.web.AccountsTransferController.transferAmount(AccountsTransferController.java:64) ~[main/:na]
	at com.dws.challenge.ConcurrentTransferTest.lambda$concurrentTransferTest$0(ConcurrentTransferTest.java:77) ~[test/:na]
	at java.base/java.util.concurrent.ThreadPoolExecutor.runWorker(ThreadPoolExecutor.java:1136) ~[na:na]
	at java.base/java.util.concurrent.ThreadPoolExecutor$Worker.run(ThreadPoolExecutor.java:635) ~[na:na]
	at java.base/java.lang.Thread.run(Thread.java:842) ~[na:na]

2024-02-22T22:20:19.193+05:30  INFO 89386 --- [ool-16-thread-6] c.dws.challenge.service.TransferService  : compareBalance -1 
2024-02-22T22:20:19.194+05:30  INFO 89386 --- [ol-16-thread-13] c.dws.challenge.service.TransferService  : compareBalance -1 
2024-02-22T22:20:19.194+05:30 ERROR 89386 --- [ool-16-thread-6] c.d.c.web.AccountsTransferController     : Exception occurs

com.dws.challenge.exception.InsufficientBalanceException: Insufficient Balance in account Account123
	at com.dws.challenge.service.TransferService.transferAmount(TransferService.java:21) ~[main/:na]
	at com.dws.challenge.web.AccountsTransferController.transferAmount(AccountsTransferController.java:64) ~[main/:na]
	at com.dws.challenge.ConcurrentTransferTest.lambda$concurrentTransferTest$0(ConcurrentTransferTest.java:77) ~[test/:na]
	at java.base/java.util.concurrent.ThreadPoolExecutor.runWorker(ThreadPoolExecutor.java:1136) ~[na:na]
	at java.base/java.util.concurrent.ThreadPoolExecutor$Worker.run(ThreadPoolExecutor.java:635) ~[na:na]
	at java.base/java.lang.Thread.run(Thread.java:842) ~[na:na]

2024-02-22T22:20:19.194+05:30  INFO 89386 --- [ol-16-thread-12] c.dws.challenge.service.TransferService  : compareBalance -1 
2024-02-22T22:20:19.194+05:30 ERROR 89386 --- [ol-16-thread-13] c.d.c.web.AccountsTransferController     : Exception occurs

com.dws.challenge.exception.InsufficientBalanceException: Insufficient Balance in account Account123
	at com.dws.challenge.service.TransferService.transferAmount(TransferService.java:21) ~[main/:na]
	at com.dws.challenge.web.AccountsTransferController.transferAmount(AccountsTransferController.java:64) ~[main/:na]
	at com.dws.challenge.ConcurrentTransferTest.lambda$concurrentTransferTest$0(ConcurrentTransferTest.java:77) ~[test/:na]
	at java.base/java.util.concurrent.ThreadPoolExecutor.runWorker(ThreadPoolExecutor.java:1136) ~[na:na]
	at java.base/java.util.concurrent.ThreadPoolExecutor$Worker.run(ThreadPoolExecutor.java:635) ~[na:na]
	at java.base/java.lang.Thread.run(Thread.java:842) ~[na:na]

2024-02-22T22:20:19.194+05:30  INFO 89386 --- [ol-16-thread-20] c.dws.challenge.service.TransferService  : compareBalance -1 
2024-02-22T22:20:19.194+05:30 ERROR 89386 --- [ol-16-thread-12] c.d.c.web.AccountsTransferController     : Exception occurs

com.dws.challenge.exception.InsufficientBalanceException: Insufficient Balance in account Account123
	at com.dws.challenge.service.TransferService.transferAmount(TransferService.java:21) ~[main/:na]
	at com.dws.challenge.web.AccountsTransferController.transferAmount(AccountsTransferController.java:64) ~[main/:na]
	at com.dws.challenge.ConcurrentTransferTest.lambda$concurrentTransferTest$0(ConcurrentTransferTest.java:77) ~[test/:na]
	at java.base/java.util.concurrent.ThreadPoolExecutor.runWorker(ThreadPoolExecutor.java:1136) ~[na:na]
	at java.base/java.util.concurrent.ThreadPoolExecutor$Worker.run(ThreadPoolExecutor.java:635) ~[na:na]
	at java.base/java.lang.Thread.run(Thread.java:842) ~[na:na]

2024-02-22T22:20:19.194+05:30 ERROR 89386 --- [ol-16-thread-20] c.d.c.web.AccountsTransferController     : Exception occurs

com.dws.challenge.exception.InsufficientBalanceException: Insufficient Balance in account Account123
	at com.dws.challenge.service.TransferService.transferAmount(TransferService.java:21) ~[main/:na]
	at com.dws.challenge.web.AccountsTransferController.transferAmount(AccountsTransferController.java:64) ~[main/:na]
	at com.dws.challenge.ConcurrentTransferTest.lambda$concurrentTransferTest$0(ConcurrentTransferTest.java:77) ~[test/:na]
	at java.base/java.util.concurrent.ThreadPoolExecutor.runWorker(ThreadPoolExecutor.java:1136) ~[na:na]
	at java.base/java.util.concurrent.ThreadPoolExecutor$Worker.run(ThreadPoolExecutor.java:635) ~[na:na]
	at java.base/java.lang.Thread.run(Thread.java:842) ~[na:na]

2024-02-22T22:20:19.195+05:30  INFO 89386 --- [ol-16-thread-11] c.dws.challenge.service.TransferService  : compareBalance -1 
2024-02-22T22:20:19.195+05:30  INFO 89386 --- [ool-16-thread-8] c.dws.challenge.service.TransferService  : compareBalance -1 
2024-02-22T22:20:19.195+05:30 ERROR 89386 --- [ol-16-thread-11] c.d.c.web.AccountsTransferController     : Exception occurs

com.dws.challenge.exception.InsufficientBalanceException: Insufficient Balance in account Account123
	at com.dws.challenge.service.TransferService.transferAmount(TransferService.java:21) ~[main/:na]
	at com.dws.challenge.web.AccountsTransferController.transferAmount(AccountsTransferController.java:64) ~[main/:na]
	at com.dws.challenge.ConcurrentTransferTest.lambda$concurrentTransferTest$0(ConcurrentTransferTest.java:77) ~[test/:na]
	at java.base/java.util.concurrent.ThreadPoolExecutor.runWorker(ThreadPoolExecutor.java:1136) ~[na:na]
	at java.base/java.util.concurrent.ThreadPoolExecutor$Worker.run(ThreadPoolExecutor.java:635) ~[na:na]
	at java.base/java.lang.Thread.run(Thread.java:842) ~[na:na]

2024-02-22T22:20:19.195+05:30 ERROR 89386 --- [ool-16-thread-8] c.d.c.web.AccountsTransferController     : Exception occurs

com.dws.challenge.exception.InsufficientBalanceException: Insufficient Balance in account Account123
	at com.dws.challenge.service.TransferService.transferAmount(TransferService.java:21) ~[main/:na]
	at com.dws.challenge.web.AccountsTransferController.transferAmount(AccountsTransferController.java:64) ~[main/:na]
	at com.dws.challenge.ConcurrentTransferTest.lambda$concurrentTransferTest$0(ConcurrentTransferTest.java:77) ~[test/:na]
	at java.base/java.util.concurrent.ThreadPoolExecutor.runWorker(ThreadPoolExecutor.java:1136) ~[na:na]
	at java.base/java.util.concurrent.ThreadPoolExecutor$Worker.run(ThreadPoolExecutor.java:635) ~[na:na]
	at java.base/java.lang.Thread.run(Thread.java:842) ~[na:na]

2024-02-22T22:20:19.223+05:30  INFO 89386 --- [ool-17-thread-2] c.d.c.web.AccountsTransferController     : Transfer Amount  Transfer(accountFrom=Account123, accountTo=Account124, amount=1000)
2024-02-22T22:20:19.223+05:30  INFO 89386 --- [ool-17-thread-9] c.d.c.web.AccountsTransferController     : Transfer Amount  Transfer(accountFrom=Account123, accountTo=Account124, amount=1000)
2024-02-22T22:20:19.223+05:30  INFO 89386 --- [ool-17-thread-5] c.d.c.web.AccountsTransferController     : Transfer Amount  Transfer(accountFrom=Account123, accountTo=Account124, amount=1000)
2024-02-22T22:20:19.223+05:30  INFO 89386 --- [ool-17-thread-1] c.d.c.web.AccountsTransferController     : Transfer Amount  Transfer(accountFrom=Account123, accountTo=Account124, amount=1000)
2024-02-22T22:20:19.224+05:30  INFO 89386 --- [ol-17-thread-13] c.d.c.web.AccountsTransferController     : Transfer Amount  Transfer(accountFrom=Account123, accountTo=Account124, amount=1000)
2024-02-22T22:20:19.223+05:30  INFO 89386 --- [ool-17-thread-4] c.d.c.web.AccountsTransferController     : Transfer Amount  Transfer(accountFrom=Account123, accountTo=Account124, amount=1000)
2024-02-22T22:20:19.224+05:30  INFO 89386 --- [ol-17-thread-17] c.d.c.web.AccountsTransferController     : Transfer Amount  Transfer(accountFrom=Account123, accountTo=Account124, amount=1000)
2024-02-22T22:20:19.223+05:30  INFO 89386 --- [ool-17-thread-3] c.d.c.web.AccountsTransferController     : Transfer Amount  Transfer(accountFrom=Account123, accountTo=Account124, amount=1000)
2024-02-22T22:20:19.223+05:30  INFO 89386 --- [ool-17-thread-6] c.d.c.web.AccountsTransferController     : Transfer Amount  Transfer(accountFrom=Account123, accountTo=Account124, amount=1000)
2024-02-22T22:20:19.223+05:30  INFO 89386 --- [ol-17-thread-20] c.d.c.web.AccountsTransferController     : Transfer Amount  Transfer(accountFrom=Account123, accountTo=Account124, amount=1000)
2024-02-22T22:20:19.223+05:30  INFO 89386 --- [ool-17-thread-8] c.d.c.web.AccountsTransferController     : Transfer Amount  Transfer(accountFrom=Account123, accountTo=Account124, amount=1000)
2024-02-22T22:20:19.223+05:30  INFO 89386 --- [ool-17-thread-7] c.d.c.web.AccountsTransferController     : Transfer Amount  Transfer(accountFrom=Account123, accountTo=Account124, amount=1000)
2024-02-22T22:20:19.223+05:30  INFO 89386 --- [ol-17-thread-10] c.d.c.web.AccountsTransferController     : Transfer Amount  Transfer(accountFrom=Account123, accountTo=Account124, amount=1000)
2024-02-22T22:20:19.223+05:30  INFO 89386 --- [ool-17-thread-2] c.dws.challenge.service.TransferService  : compareBalance 0 
2024-02-22T22:20:19.223+05:30  INFO 89386 --- [ol-17-thread-12] c.d.c.web.AccountsTransferController     : Transfer Amount  Transfer(accountFrom=Account123, accountTo=Account124, amount=1000)
2024-02-22T22:20:19.223+05:30  INFO 89386 --- [ol-17-thread-11] c.d.c.web.AccountsTransferController     : Transfer Amount  Transfer(accountFrom=Account123, accountTo=Account124, amount=1000)
2024-02-22T22:20:19.224+05:30  INFO 89386 --- [ol-17-thread-15] c.d.c.web.AccountsTransferController     : Transfer Amount  Transfer(accountFrom=Account123, accountTo=Account124, amount=1000)
2024-02-22T22:20:19.224+05:30  INFO 89386 --- [ol-17-thread-16] c.d.c.web.AccountsTransferController     : Transfer Amount  Transfer(accountFrom=Account123, accountTo=Account124, amount=1000)
2024-02-22T22:20:19.224+05:30  INFO 89386 --- [ol-17-thread-14] c.d.c.web.AccountsTransferController     : Transfer Amount  Transfer(accountFrom=Account123, accountTo=Account124, amount=1000)
2024-02-22T22:20:19.224+05:30  INFO 89386 --- [ol-17-thread-18] c.d.c.web.AccountsTransferController     : Transfer Amount  Transfer(accountFrom=Account123, accountTo=Account124, amount=1000)
2024-02-22T22:20:19.224+05:30  INFO 89386 --- [ol-17-thread-19] c.d.c.web.AccountsTransferController     : Transfer Amount  Transfer(accountFrom=Account123, accountTo=Account124, amount=1000)
2024-02-22T22:20:19.225+05:30  INFO 89386 --- [ool-17-thread-2] c.d.c.web.AccountsTransferController     : notification sent successfully
2024-02-22T22:20:19.225+05:30  INFO 89386 --- [ol-17-thread-19] c.dws.challenge.service.TransferService  : compareBalance -1 
2024-02-22T22:20:19.225+05:30  INFO 89386 --- [ol-17-thread-18] c.dws.challenge.service.TransferService  : compareBalance -1 
2024-02-22T22:20:19.226+05:30  INFO 89386 --- [ol-17-thread-14] c.dws.challenge.service.TransferService  : compareBalance -1 
2024-02-22T22:20:19.226+05:30  INFO 89386 --- [ol-17-thread-16] c.dws.challenge.service.TransferService  : compareBalance -1 
2024-02-22T22:20:19.226+05:30  INFO 89386 --- [ol-17-thread-15] c.dws.challenge.service.TransferService  : compareBalance -1 
2024-02-22T22:20:19.226+05:30 ERROR 89386 --- [ol-17-thread-18] c.d.c.web.AccountsTransferController     : Exception occurs

com.dws.challenge.exception.InsufficientBalanceException: Insufficient Balance in account Account123
	at com.dws.challenge.service.TransferService.transferAmount(TransferService.java:21) ~[main/:na]
	at com.dws.challenge.web.AccountsTransferController.transferAmount(AccountsTransferController.java:64) ~[main/:na]
	at com.dws.challenge.ConcurrentTransferTest.lambda$concurrentTransferTest$0(ConcurrentTransferTest.java:77) ~[test/:na]
	at java.base/java.util.concurrent.ThreadPoolExecutor.runWorker(ThreadPoolExecutor.java:1136) ~[na:na]
	at java.base/java.util.concurrent.ThreadPoolExecutor$Worker.run(ThreadPoolExecutor.java:635) ~[na:na]
	at java.base/java.lang.Thread.run(Thread.java:842) ~[na:na]

2024-02-22T22:20:19.226+05:30 ERROR 89386 --- [ol-17-thread-16] c.d.c.web.AccountsTransferController     : Exception occurs

com.dws.challenge.exception.InsufficientBalanceException: Insufficient Balance in account Account123
	at com.dws.challenge.service.TransferService.transferAmount(TransferService.java:21) ~[main/:na]
	at com.dws.challenge.web.AccountsTransferController.transferAmount(AccountsTransferController.java:64) ~[main/:na]
	at com.dws.challenge.ConcurrentTransferTest.lambda$concurrentTransferTest$0(ConcurrentTransferTest.java:77) ~[test/:na]
	at java.base/java.util.concurrent.ThreadPoolExecutor.runWorker(ThreadPoolExecutor.java:1136) ~[na:na]
	at java.base/java.util.concurrent.ThreadPoolExecutor$Worker.run(ThreadPoolExecutor.java:635) ~[na:na]
	at java.base/java.lang.Thread.run(Thread.java:842) ~[na:na]

2024-02-22T22:20:19.226+05:30  INFO 89386 --- [ol-17-thread-12] c.dws.challenge.service.TransferService  : compareBalance -1 
2024-02-22T22:20:19.226+05:30 ERROR 89386 --- [ol-17-thread-14] c.d.c.web.AccountsTransferController     : Exception occurs

com.dws.challenge.exception.InsufficientBalanceException: Insufficient Balance in account Account123
	at com.dws.challenge.service.TransferService.transferAmount(TransferService.java:21) ~[main/:na]
	at com.dws.challenge.web.AccountsTransferController.transferAmount(AccountsTransferController.java:64) ~[main/:na]
	at com.dws.challenge.ConcurrentTransferTest.lambda$concurrentTransferTest$0(ConcurrentTransferTest.java:77) ~[test/:na]
	at java.base/java.util.concurrent.ThreadPoolExecutor.runWorker(ThreadPoolExecutor.java:1136) ~[na:na]
	at java.base/java.util.concurrent.ThreadPoolExecutor$Worker.run(ThreadPoolExecutor.java:635) ~[na:na]
	at java.base/java.lang.Thread.run(Thread.java:842) ~[na:na]

2024-02-22T22:20:19.225+05:30 ERROR 89386 --- [ol-17-thread-19] c.d.c.web.AccountsTransferController     : Exception occurs

com.dws.challenge.exception.InsufficientBalanceException: Insufficient Balance in account Account123
	at com.dws.challenge.service.TransferService.transferAmount(TransferService.java:21) ~[main/:na]
	at com.dws.challenge.web.AccountsTransferController.transferAmount(AccountsTransferController.java:64) ~[main/:na]
	at com.dws.challenge.ConcurrentTransferTest.lambda$concurrentTransferTest$0(ConcurrentTransferTest.java:77) ~[test/:na]
	at java.base/java.util.concurrent.ThreadPoolExecutor.runWorker(ThreadPoolExecutor.java:1136) ~[na:na]
	at java.base/java.util.concurrent.ThreadPoolExecutor$Worker.run(ThreadPoolExecutor.java:635) ~[na:na]
	at java.base/java.lang.Thread.run(Thread.java:842) ~[na:na]

2024-02-22T22:20:19.226+05:30 ERROR 89386 --- [ol-17-thread-15] c.d.c.web.AccountsTransferController     : Exception occurs

com.dws.challenge.exception.InsufficientBalanceException: Insufficient Balance in account Account123
	at com.dws.challenge.service.TransferService.transferAmount(TransferService.java:21) ~[main/:na]
	at com.dws.challenge.web.AccountsTransferController.transferAmount(AccountsTransferController.java:64) ~[main/:na]
	at com.dws.challenge.ConcurrentTransferTest.lambda$concurrentTransferTest$0(ConcurrentTransferTest.java:77) ~[test/:na]
	at java.base/java.util.concurrent.ThreadPoolExecutor.runWorker(ThreadPoolExecutor.java:1136) ~[na:na]
	at java.base/java.util.concurrent.ThreadPoolExecutor$Worker.run(ThreadPoolExecutor.java:635) ~[na:na]
	at java.base/java.lang.Thread.run(Thread.java:842) ~[na:na]

2024-02-22T22:20:19.226+05:30 ERROR 89386 --- [ol-17-thread-12] c.d.c.web.AccountsTransferController     : Exception occurs

com.dws.challenge.exception.InsufficientBalanceException: Insufficient Balance in account Account123
	at com.dws.challenge.service.TransferService.transferAmount(TransferService.java:21) ~[main/:na]
	at com.dws.challenge.web.AccountsTransferController.transferAmount(AccountsTransferController.java:64) ~[main/:na]
	at com.dws.challenge.ConcurrentTransferTest.lambda$concurrentTransferTest$0(ConcurrentTransferTest.java:77) ~[test/:na]
	at java.base/java.util.concurrent.ThreadPoolExecutor.runWorker(ThreadPoolExecutor.java:1136) ~[na:na]
	at java.base/java.util.concurrent.ThreadPoolExecutor$Worker.run(ThreadPoolExecutor.java:635) ~[na:na]
	at java.base/java.lang.Thread.run(Thread.java:842) ~[na:na]

2024-02-22T22:20:19.226+05:30  INFO 89386 --- [ol-17-thread-11] c.dws.challenge.service.TransferService  : compareBalance -1 
2024-02-22T22:20:19.227+05:30  INFO 89386 --- [ol-17-thread-10] c.dws.challenge.service.TransferService  : compareBalance -1 
2024-02-22T22:20:19.227+05:30 ERROR 89386 --- [ol-17-thread-11] c.d.c.web.AccountsTransferController     : Exception occurs

com.dws.challenge.exception.InsufficientBalanceException: Insufficient Balance in account Account123
	at com.dws.challenge.service.TransferService.transferAmount(TransferService.java:21) ~[main/:na]
	at com.dws.challenge.web.AccountsTransferController.transferAmount(AccountsTransferController.java:64) ~[main/:na]
	at com.dws.challenge.ConcurrentTransferTest.lambda$concurrentTransferTest$0(ConcurrentTransferTest.java:77) ~[test/:na]
	at java.base/java.util.concurrent.ThreadPoolExecutor.runWorker(ThreadPoolExecutor.java:1136) ~[na:na]
	at java.base/java.util.concurrent.ThreadPoolExecutor$Worker.run(ThreadPoolExecutor.java:635) ~[na:na]
	at java.base/java.lang.Thread.run(Thread.java:842) ~[na:na]

2024-02-22T22:20:19.227+05:30 ERROR 89386 --- [ol-17-thread-10] c.d.c.web.AccountsTransferController     : Exception occurs

com.dws.challenge.exception.InsufficientBalanceException: Insufficient Balance in account Account123
	at com.dws.challenge.service.TransferService.transferAmount(TransferService.java:21) ~[main/:na]
	at com.dws.challenge.web.AccountsTransferController.transferAmount(AccountsTransferController.java:64) ~[main/:na]
	at com.dws.challenge.ConcurrentTransferTest.lambda$concurrentTransferTest$0(ConcurrentTransferTest.java:77) ~[test/:na]
	at java.base/java.util.concurrent.ThreadPoolExecutor.runWorker(ThreadPoolExecutor.java:1136) ~[na:na]
	at java.base/java.util.concurrent.ThreadPoolExecutor$Worker.run(ThreadPoolExecutor.java:635) ~[na:na]
	at java.base/java.lang.Thread.run(Thread.java:842) ~[na:na]

2024-02-22T22:20:19.227+05:30  INFO 89386 --- [ool-17-thread-7] c.dws.challenge.service.TransferService  : compareBalance -1 
2024-02-22T22:20:19.227+05:30  INFO 89386 --- [ool-17-thread-8] c.dws.challenge.service.TransferService  : compareBalance -1 
2024-02-22T22:20:19.227+05:30 ERROR 89386 --- [ool-17-thread-7] c.d.c.web.AccountsTransferController     : Exception occurs

com.dws.challenge.exception.InsufficientBalanceException: Insufficient Balance in account Account123
	at com.dws.challenge.service.TransferService.transferAmount(TransferService.java:21) ~[main/:na]
	at com.dws.challenge.web.AccountsTransferController.transferAmount(AccountsTransferController.java:64) ~[main/:na]
	at com.dws.challenge.ConcurrentTransferTest.lambda$concurrentTransferTest$0(ConcurrentTransferTest.java:77) ~[test/:na]
	at java.base/java.util.concurrent.ThreadPoolExecutor.runWorker(ThreadPoolExecutor.java:1136) ~[na:na]
	at java.base/java.util.concurrent.ThreadPoolExecutor$Worker.run(ThreadPoolExecutor.java:635) ~[na:na]
	at java.base/java.lang.Thread.run(Thread.java:842) ~[na:na]

2024-02-22T22:20:19.228+05:30  INFO 89386 --- [ol-17-thread-20] c.dws.challenge.service.TransferService  : compareBalance -1 
2024-02-22T22:20:19.228+05:30 ERROR 89386 --- [ool-17-thread-8] c.d.c.web.AccountsTransferController     : Exception occurs

com.dws.challenge.exception.InsufficientBalanceException: Insufficient Balance in account Account123
	at com.dws.challenge.service.TransferService.transferAmount(TransferService.java:21) ~[main/:na]
	at com.dws.challenge.web.AccountsTransferController.transferAmount(AccountsTransferController.java:64) ~[main/:na]
	at com.dws.challenge.ConcurrentTransferTest.lambda$concurrentTransferTest$0(ConcurrentTransferTest.java:77) ~[test/:na]
	at java.base/java.util.concurrent.ThreadPoolExecutor.runWorker(ThreadPoolExecutor.java:1136) ~[na:na]
	at java.base/java.util.concurrent.ThreadPoolExecutor$Worker.run(ThreadPoolExecutor.java:635) ~[na:na]
	at java.base/java.lang.Thread.run(Thread.java:842) ~[na:na]

2024-02-22T22:20:19.228+05:30  INFO 89386 --- [ool-17-thread-6] c.dws.challenge.service.TransferService  : compareBalance -1 
2024-02-22T22:20:19.228+05:30 ERROR 89386 --- [ol-17-thread-20] c.d.c.web.AccountsTransferController     : Exception occurs

com.dws.challenge.exception.InsufficientBalanceException: Insufficient Balance in account Account123
	at com.dws.challenge.service.TransferService.transferAmount(TransferService.java:21) ~[main/:na]
	at com.dws.challenge.web.AccountsTransferController.transferAmount(AccountsTransferController.java:64) ~[main/:na]
	at com.dws.challenge.ConcurrentTransferTest.lambda$concurrentTransferTest$0(ConcurrentTransferTest.java:77) ~[test/:na]
	at java.base/java.util.concurrent.ThreadPoolExecutor.runWorker(ThreadPoolExecutor.java:1136) ~[na:na]
	at java.base/java.util.concurrent.ThreadPoolExecutor$Worker.run(ThreadPoolExecutor.java:635) ~[na:na]
	at java.base/java.lang.Thread.run(Thread.java:842) ~[na:na]

2024-02-22T22:20:19.228+05:30 ERROR 89386 --- [ool-17-thread-6] c.d.c.web.AccountsTransferController     : Exception occurs

com.dws.challenge.exception.InsufficientBalanceException: Insufficient Balance in account Account123
	at com.dws.challenge.service.TransferService.transferAmount(TransferService.java:21) ~[main/:na]
	at com.dws.challenge.web.AccountsTransferController.transferAmount(AccountsTransferController.java:64) ~[main/:na]
	at com.dws.challenge.ConcurrentTransferTest.lambda$concurrentTransferTest$0(ConcurrentTransferTest.java:77) ~[test/:na]
	at java.base/java.util.concurrent.ThreadPoolExecutor.runWorker(ThreadPoolExecutor.java:1136) ~[na:na]
	at java.base/java.util.concurrent.ThreadPoolExecutor$Worker.run(ThreadPoolExecutor.java:635) ~[na:na]
	at java.base/java.lang.Thread.run(Thread.java:842) ~[na:na]

2024-02-22T22:20:19.228+05:30  INFO 89386 --- [ool-17-thread-3] c.dws.challenge.service.TransferService  : compareBalance -1 
2024-02-22T22:20:19.228+05:30  INFO 89386 --- [ol-17-thread-17] c.dws.challenge.service.TransferService  : compareBalance -1 
2024-02-22T22:20:19.228+05:30 ERROR 89386 --- [ool-17-thread-3] c.d.c.web.AccountsTransferController     : Exception occurs

com.dws.challenge.exception.InsufficientBalanceException: Insufficient Balance in account Account123
	at com.dws.challenge.service.TransferService.transferAmount(TransferService.java:21) ~[main/:na]
	at com.dws.challenge.web.AccountsTransferController.transferAmount(AccountsTransferController.java:64) ~[main/:na]
	at com.dws.challenge.ConcurrentTransferTest.lambda$concurrentTransferTest$0(ConcurrentTransferTest.java:77) ~[test/:na]
	at java.base/java.util.concurrent.ThreadPoolExecutor.runWorker(ThreadPoolExecutor.java:1136) ~[na:na]
	at java.base/java.util.concurrent.ThreadPoolExecutor$Worker.run(ThreadPoolExecutor.java:635) ~[na:na]
	at java.base/java.lang.Thread.run(Thread.java:842) ~[na:na]

2024-02-22T22:20:19.228+05:30  INFO 89386 --- [ool-17-thread-4] c.dws.challenge.service.TransferService  : compareBalance -1 
2024-02-22T22:20:19.228+05:30 ERROR 89386 --- [ol-17-thread-17] c.d.c.web.AccountsTransferController     : Exception occurs

com.dws.challenge.exception.InsufficientBalanceException: Insufficient Balance in account Account123
	at com.dws.challenge.service.TransferService.transferAmount(TransferService.java:21) ~[main/:na]
	at com.dws.challenge.web.AccountsTransferController.transferAmount(AccountsTransferController.java:64) ~[main/:na]
	at com.dws.challenge.ConcurrentTransferTest.lambda$concurrentTransferTest$0(ConcurrentTransferTest.java:77) ~[test/:na]
	at java.base/java.util.concurrent.ThreadPoolExecutor.runWorker(ThreadPoolExecutor.java:1136) ~[na:na]
	at java.base/java.util.concurrent.ThreadPoolExecutor$Worker.run(ThreadPoolExecutor.java:635) ~[na:na]
	at java.base/java.lang.Thread.run(Thread.java:842) ~[na:na]

2024-02-22T22:20:19.228+05:30  INFO 89386 --- [ol-17-thread-13] c.dws.challenge.service.TransferService  : compareBalance -1 
2024-02-22T22:20:19.228+05:30 ERROR 89386 --- [ool-17-thread-4] c.d.c.web.AccountsTransferController     : Exception occurs

com.dws.challenge.exception.InsufficientBalanceException: Insufficient Balance in account Account123
	at com.dws.challenge.service.TransferService.transferAmount(TransferService.java:21) ~[main/:na]
	at com.dws.challenge.web.AccountsTransferController.transferAmount(AccountsTransferController.java:64) ~[main/:na]
	at com.dws.challenge.ConcurrentTransferTest.lambda$concurrentTransferTest$0(ConcurrentTransferTest.java:77) ~[test/:na]
	at java.base/java.util.concurrent.ThreadPoolExecutor.runWorker(ThreadPoolExecutor.java:1136) ~[na:na]
	at java.base/java.util.concurrent.ThreadPoolExecutor$Worker.run(ThreadPoolExecutor.java:635) ~[na:na]
	at java.base/java.lang.Thread.run(Thread.java:842) ~[na:na]

2024-02-22T22:20:19.229+05:30 ERROR 89386 --- [ol-17-thread-13] c.d.c.web.AccountsTransferController     : Exception occurs

com.dws.challenge.exception.InsufficientBalanceException: Insufficient Balance in account Account123
	at com.dws.challenge.service.TransferService.transferAmount(TransferService.java:21) ~[main/:na]
	at com.dws.challenge.web.AccountsTransferController.transferAmount(AccountsTransferController.java:64) ~[main/:na]
	at com.dws.challenge.ConcurrentTransferTest.lambda$concurrentTransferTest$0(ConcurrentTransferTest.java:77) ~[test/:na]
	at java.base/java.util.concurrent.ThreadPoolExecutor.runWorker(ThreadPoolExecutor.java:1136) ~[na:na]
	at java.base/java.util.concurrent.ThreadPoolExecutor$Worker.run(ThreadPoolExecutor.java:635) ~[na:na]
	at java.base/java.lang.Thread.run(Thread.java:842) ~[na:na]

2024-02-22T22:20:19.229+05:30  INFO 89386 --- [ool-17-thread-1] c.dws.challenge.service.TransferService  : compareBalance -1 
2024-02-22T22:20:19.229+05:30  INFO 89386 --- [ool-17-thread-5] c.dws.challenge.service.TransferService  : compareBalance -1 
2024-02-22T22:20:19.229+05:30 ERROR 89386 --- [ool-17-thread-1] c.d.c.web.AccountsTransferController     : Exception occurs

com.dws.challenge.exception.InsufficientBalanceException: Insufficient Balance in account Account123
	at com.dws.challenge.service.TransferService.transferAmount(TransferService.java:21) ~[main/:na]
	at com.dws.challenge.web.AccountsTransferController.transferAmount(AccountsTransferController.java:64) ~[main/:na]
	at com.dws.challenge.ConcurrentTransferTest.lambda$concurrentTransferTest$0(ConcurrentTransferTest.java:77) ~[test/:na]
	at java.base/java.util.concurrent.ThreadPoolExecutor.runWorker(ThreadPoolExecutor.java:1136) ~[na:na]
	at java.base/java.util.concurrent.ThreadPoolExecutor$Worker.run(ThreadPoolExecutor.java:635) ~[na:na]
	at java.base/java.lang.Thread.run(Thread.java:842) ~[na:na]

2024-02-22T22:20:19.229+05:30  INFO 89386 --- [ool-17-thread-9] c.dws.challenge.service.TransferService  : compareBalance -1 
2024-02-22T22:20:19.229+05:30 ERROR 89386 --- [ool-17-thread-5] c.d.c.web.AccountsTransferController     : Exception occurs

com.dws.challenge.exception.InsufficientBalanceException: Insufficient Balance in account Account123
	at com.dws.challenge.service.TransferService.transferAmount(TransferService.java:21) ~[main/:na]
	at com.dws.challenge.web.AccountsTransferController.transferAmount(AccountsTransferController.java:64) ~[main/:na]
	at com.dws.challenge.ConcurrentTransferTest.lambda$concurrentTransferTest$0(ConcurrentTransferTest.java:77) ~[test/:na]
	at java.base/java.util.concurrent.ThreadPoolExecutor.runWorker(ThreadPoolExecutor.java:1136) ~[na:na]
	at java.base/java.util.concurrent.ThreadPoolExecutor$Worker.run(ThreadPoolExecutor.java:635) ~[na:na]
	at java.base/java.lang.Thread.run(Thread.java:842) ~[na:na]

2024-02-22T22:20:19.230+05:30 ERROR 89386 --- [ool-17-thread-9] c.d.c.web.AccountsTransferController     : Exception occurs

com.dws.challenge.exception.InsufficientBalanceException: Insufficient Balance in account Account123
	at com.dws.challenge.service.TransferService.transferAmount(TransferService.java:21) ~[main/:na]
	at com.dws.challenge.web.AccountsTransferController.transferAmount(AccountsTransferController.java:64) ~[main/:na]
	at com.dws.challenge.ConcurrentTransferTest.lambda$concurrentTransferTest$0(ConcurrentTransferTest.java:77) ~[test/:na]
	at java.base/java.util.concurrent.ThreadPoolExecutor.runWorker(ThreadPoolExecutor.java:1136) ~[na:na]
	at java.base/java.util.concurrent.ThreadPoolExecutor$Worker.run(ThreadPoolExecutor.java:635) ~[na:na]
	at java.base/java.lang.Thread.run(Thread.java:842) ~[na:na]

2024-02-22T22:20:19.246+05:30  INFO 89386 --- [ool-18-thread-1] c.d.c.web.AccountsTransferController     : Transfer Amount  Transfer(accountFrom=Account123, accountTo=Account124, amount=1000)
2024-02-22T22:20:19.246+05:30  INFO 89386 --- [ool-18-thread-8] c.d.c.web.AccountsTransferController     : Transfer Amount  Transfer(accountFrom=Account123, accountTo=Account124, amount=1000)
2024-02-22T22:20:19.246+05:30  INFO 89386 --- [ool-18-thread-1] c.dws.challenge.service.TransferService  : compareBalance 0 
2024-02-22T22:20:19.247+05:30  INFO 89386 --- [ool-18-thread-9] c.d.c.web.AccountsTransferController     : Transfer Amount  Transfer(accountFrom=Account123, accountTo=Account124, amount=1000)
2024-02-22T22:20:19.246+05:30  INFO 89386 --- [ool-18-thread-6] c.d.c.web.AccountsTransferController     : Transfer Amount  Transfer(accountFrom=Account123, accountTo=Account124, amount=1000)
2024-02-22T22:20:19.247+05:30  INFO 89386 --- [ol-18-thread-10] c.d.c.web.AccountsTransferController     : Transfer Amount  Transfer(accountFrom=Account123, accountTo=Account124, amount=1000)
2024-02-22T22:20:19.247+05:30  INFO 89386 --- [ol-18-thread-11] c.d.c.web.AccountsTransferController     : Transfer Amount  Transfer(accountFrom=Account123, accountTo=Account124, amount=1000)
2024-02-22T22:20:19.246+05:30  INFO 89386 --- [ool-18-thread-3] c.d.c.web.AccountsTransferController     : Transfer Amount  Transfer(accountFrom=Account123, accountTo=Account124, amount=1000)
2024-02-22T22:20:19.248+05:30  INFO 89386 --- [ol-18-thread-12] c.d.c.web.AccountsTransferController     : Transfer Amount  Transfer(accountFrom=Account123, accountTo=Account124, amount=1000)
2024-02-22T22:20:19.246+05:30  INFO 89386 --- [ol-18-thread-20] c.d.c.web.AccountsTransferController     : Transfer Amount  Transfer(accountFrom=Account123, accountTo=Account124, amount=1000)
2024-02-22T22:20:19.248+05:30  INFO 89386 --- [ol-18-thread-14] c.d.c.web.AccountsTransferController     : Transfer Amount  Transfer(accountFrom=Account123, accountTo=Account124, amount=1000)
2024-02-22T22:20:19.248+05:30  INFO 89386 --- [ol-18-thread-15] c.d.c.web.AccountsTransferController     : Transfer Amount  Transfer(accountFrom=Account123, accountTo=Account124, amount=1000)
2024-02-22T22:20:19.249+05:30  INFO 89386 --- [ol-18-thread-16] c.d.c.web.AccountsTransferController     : Transfer Amount  Transfer(accountFrom=Account123, accountTo=Account124, amount=1000)
2024-02-22T22:20:19.246+05:30  INFO 89386 --- [ool-18-thread-2] c.d.c.web.AccountsTransferController     : Transfer Amount  Transfer(accountFrom=Account123, accountTo=Account124, amount=1000)
2024-02-22T22:20:19.249+05:30  INFO 89386 --- [ol-18-thread-17] c.d.c.web.AccountsTransferController     : Transfer Amount  Transfer(accountFrom=Account123, accountTo=Account124, amount=1000)
2024-02-22T22:20:19.246+05:30  INFO 89386 --- [ool-18-thread-4] c.d.c.web.AccountsTransferController     : Transfer Amount  Transfer(accountFrom=Account123, accountTo=Account124, amount=1000)
2024-02-22T22:20:19.249+05:30  INFO 89386 --- [ol-18-thread-19] c.d.c.web.AccountsTransferController     : Transfer Amount  Transfer(accountFrom=Account123, accountTo=Account124, amount=1000)
2024-02-22T22:20:19.246+05:30  INFO 89386 --- [ool-18-thread-5] c.d.c.web.AccountsTransferController     : Transfer Amount  Transfer(accountFrom=Account123, accountTo=Account124, amount=1000)
2024-02-22T22:20:19.246+05:30  INFO 89386 --- [ool-18-thread-7] c.d.c.web.AccountsTransferController     : Transfer Amount  Transfer(accountFrom=Account123, accountTo=Account124, amount=1000)
2024-02-22T22:20:19.247+05:30  INFO 89386 --- [ool-18-thread-1] c.d.c.web.AccountsTransferController     : notification sent successfully
2024-02-22T22:20:19.248+05:30  INFO 89386 --- [ol-18-thread-13] c.d.c.web.AccountsTransferController     : Transfer Amount  Transfer(accountFrom=Account123, accountTo=Account124, amount=1000)
2024-02-22T22:20:19.250+05:30  INFO 89386 --- [ool-18-thread-7] c.dws.challenge.service.TransferService  : compareBalance -1 
2024-02-22T22:20:19.249+05:30  INFO 89386 --- [ol-18-thread-18] c.d.c.web.AccountsTransferController     : Transfer Amount  Transfer(accountFrom=Account123, accountTo=Account124, amount=1000)
2024-02-22T22:20:19.250+05:30  INFO 89386 --- [ol-18-thread-18] c.dws.challenge.service.TransferService  : compareBalance -1 
2024-02-22T22:20:19.250+05:30 ERROR 89386 --- [ool-18-thread-7] c.d.c.web.AccountsTransferController     : Exception occurs

com.dws.challenge.exception.InsufficientBalanceException: Insufficient Balance in account Account123
	at com.dws.challenge.service.TransferService.transferAmount(TransferService.java:21) ~[main/:na]
	at com.dws.challenge.web.AccountsTransferController.transferAmount(AccountsTransferController.java:64) ~[main/:na]
	at com.dws.challenge.ConcurrentTransferTest.lambda$concurrentTransferTest$0(ConcurrentTransferTest.java:77) ~[test/:na]
	at java.base/java.util.concurrent.ThreadPoolExecutor.runWorker(ThreadPoolExecutor.java:1136) ~[na:na]
	at java.base/java.util.concurrent.ThreadPoolExecutor$Worker.run(ThreadPoolExecutor.java:635) ~[na:na]
	at java.base/java.lang.Thread.run(Thread.java:842) ~[na:na]

2024-02-22T22:20:19.250+05:30  INFO 89386 --- [ool-18-thread-5] c.dws.challenge.service.TransferService  : compareBalance -1 
2024-02-22T22:20:19.250+05:30 ERROR 89386 --- [ol-18-thread-18] c.d.c.web.AccountsTransferController     : Exception occurs

com.dws.challenge.exception.InsufficientBalanceException: Insufficient Balance in account Account123
	at com.dws.challenge.service.TransferService.transferAmount(TransferService.java:21) ~[main/:na]
	at com.dws.challenge.web.AccountsTransferController.transferAmount(AccountsTransferController.java:64) ~[main/:na]
	at com.dws.challenge.ConcurrentTransferTest.lambda$concurrentTransferTest$0(ConcurrentTransferTest.java:77) ~[test/:na]
	at java.base/java.util.concurrent.ThreadPoolExecutor.runWorker(ThreadPoolExecutor.java:1136) ~[na:na]
	at java.base/java.util.concurrent.ThreadPoolExecutor$Worker.run(ThreadPoolExecutor.java:635) ~[na:na]
	at java.base/java.lang.Thread.run(Thread.java:842) ~[na:na]

2024-02-22T22:20:19.250+05:30  INFO 89386 --- [ol-18-thread-19] c.dws.challenge.service.TransferService  : compareBalance -1 
2024-02-22T22:20:19.250+05:30 ERROR 89386 --- [ool-18-thread-5] c.d.c.web.AccountsTransferController     : Exception occurs

com.dws.challenge.exception.InsufficientBalanceException: Insufficient Balance in account Account123
	at com.dws.challenge.service.TransferService.transferAmount(TransferService.java:21) ~[main/:na]
	at com.dws.challenge.web.AccountsTransferController.transferAmount(AccountsTransferController.java:64) ~[main/:na]
	at com.dws.challenge.ConcurrentTransferTest.lambda$concurrentTransferTest$0(ConcurrentTransferTest.java:77) ~[test/:na]
	at java.base/java.util.concurrent.ThreadPoolExecutor.runWorker(ThreadPoolExecutor.java:1136) ~[na:na]
	at java.base/java.util.concurrent.ThreadPoolExecutor$Worker.run(ThreadPoolExecutor.java:635) ~[na:na]
	at java.base/java.lang.Thread.run(Thread.java:842) ~[na:na]

2024-02-22T22:20:19.250+05:30 ERROR 89386 --- [ol-18-thread-19] c.d.c.web.AccountsTransferController     : Exception occurs

com.dws.challenge.exception.InsufficientBalanceException: Insufficient Balance in account Account123
	at com.dws.challenge.service.TransferService.transferAmount(TransferService.java:21) ~[main/:na]
	at com.dws.challenge.web.AccountsTransferController.transferAmount(AccountsTransferController.java:64) ~[main/:na]
	at com.dws.challenge.ConcurrentTransferTest.lambda$concurrentTransferTest$0(ConcurrentTransferTest.java:77) ~[test/:na]
	at java.base/java.util.concurrent.ThreadPoolExecutor.runWorker(ThreadPoolExecutor.java:1136) ~[na:na]
	at java.base/java.util.concurrent.ThreadPoolExecutor$Worker.run(ThreadPoolExecutor.java:635) ~[na:na]
	at java.base/java.lang.Thread.run(Thread.java:842) ~[na:na]

2024-02-22T22:20:19.251+05:30  INFO 89386 --- [ool-18-thread-4] c.dws.challenge.service.TransferService  : compareBalance -1 
2024-02-22T22:20:19.251+05:30 ERROR 89386 --- [ool-18-thread-4] c.d.c.web.AccountsTransferController     : Exception occurs

com.dws.challenge.exception.InsufficientBalanceException: Insufficient Balance in account Account123
	at com.dws.challenge.service.TransferService.transferAmount(TransferService.java:21) ~[main/:na]
	at com.dws.challenge.web.AccountsTransferController.transferAmount(AccountsTransferController.java:64) ~[main/:na]
	at com.dws.challenge.ConcurrentTransferTest.lambda$concurrentTransferTest$0(ConcurrentTransferTest.java:77) ~[test/:na]
	at java.base/java.util.concurrent.ThreadPoolExecutor.runWorker(ThreadPoolExecutor.java:1136) ~[na:na]
	at java.base/java.util.concurrent.ThreadPoolExecutor$Worker.run(ThreadPoolExecutor.java:635) ~[na:na]
	at java.base/java.lang.Thread.run(Thread.java:842) ~[na:na]

2024-02-22T22:20:19.251+05:30  INFO 89386 --- [ol-18-thread-17] c.dws.challenge.service.TransferService  : compareBalance -1 
2024-02-22T22:20:19.251+05:30  INFO 89386 --- [ool-18-thread-2] c.dws.challenge.service.TransferService  : compareBalance -1 
2024-02-22T22:20:19.251+05:30 ERROR 89386 --- [ol-18-thread-17] c.d.c.web.AccountsTransferController     : Exception occurs

com.dws.challenge.exception.InsufficientBalanceException: Insufficient Balance in account Account123
	at com.dws.challenge.service.TransferService.transferAmount(TransferService.java:21) ~[main/:na]
	at com.dws.challenge.web.AccountsTransferController.transferAmount(AccountsTransferController.java:64) ~[main/:na]
	at com.dws.challenge.ConcurrentTransferTest.lambda$concurrentTransferTest$0(ConcurrentTransferTest.java:77) ~[test/:na]
	at java.base/java.util.concurrent.ThreadPoolExecutor.runWorker(ThreadPoolExecutor.java:1136) ~[na:na]
	at java.base/java.util.concurrent.ThreadPoolExecutor$Worker.run(ThreadPoolExecutor.java:635) ~[na:na]
	at java.base/java.lang.Thread.run(Thread.java:842) ~[na:na]

2024-02-22T22:20:19.252+05:30  INFO 89386 --- [ol-18-thread-16] c.dws.challenge.service.TransferService  : compareBalance -1 
2024-02-22T22:20:19.252+05:30 ERROR 89386 --- [ool-18-thread-2] c.d.c.web.AccountsTransferController     : Exception occurs

com.dws.challenge.exception.InsufficientBalanceException: Insufficient Balance in account Account123
	at com.dws.challenge.service.TransferService.transferAmount(TransferService.java:21) ~[main/:na]
	at com.dws.challenge.web.AccountsTransferController.transferAmount(AccountsTransferController.java:64) ~[main/:na]
	at com.dws.challenge.ConcurrentTransferTest.lambda$concurrentTransferTest$0(ConcurrentTransferTest.java:77) ~[test/:na]
	at java.base/java.util.concurrent.ThreadPoolExecutor.runWorker(ThreadPoolExecutor.java:1136) ~[na:na]
	at java.base/java.util.concurrent.ThreadPoolExecutor$Worker.run(ThreadPoolExecutor.java:635) ~[na:na]
	at java.base/java.lang.Thread.run(Thread.java:842) ~[na:na]

2024-02-22T22:20:19.252+05:30 ERROR 89386 --- [ol-18-thread-16] c.d.c.web.AccountsTransferController     : Exception occurs

com.dws.challenge.exception.InsufficientBalanceException: Insufficient Balance in account Account123
	at com.dws.challenge.service.TransferService.transferAmount(TransferService.java:21) ~[main/:na]
	at com.dws.challenge.web.AccountsTransferController.transferAmount(AccountsTransferController.java:64) ~[main/:na]
	at com.dws.challenge.ConcurrentTransferTest.lambda$concurrentTransferTest$0(ConcurrentTransferTest.java:77) ~[test/:na]
	at java.base/java.util.concurrent.ThreadPoolExecutor.runWorker(ThreadPoolExecutor.java:1136) ~[na:na]
	at java.base/java.util.concurrent.ThreadPoolExecutor$Worker.run(ThreadPoolExecutor.java:635) ~[na:na]
	at java.base/java.lang.Thread.run(Thread.java:842) ~[na:na]

2024-02-22T22:20:19.252+05:30  INFO 89386 --- [ol-18-thread-15] c.dws.challenge.service.TransferService  : compareBalance -1 
2024-02-22T22:20:19.252+05:30  INFO 89386 --- [ol-18-thread-14] c.dws.challenge.service.TransferService  : compareBalance -1 
2024-02-22T22:20:19.252+05:30 ERROR 89386 --- [ol-18-thread-15] c.d.c.web.AccountsTransferController     : Exception occurs

com.dws.challenge.exception.InsufficientBalanceException: Insufficient Balance in account Account123
	at com.dws.challenge.service.TransferService.transferAmount(TransferService.java:21) ~[main/:na]
	at com.dws.challenge.web.AccountsTransferController.transferAmount(AccountsTransferController.java:64) ~[main/:na]
	at com.dws.challenge.ConcurrentTransferTest.lambda$concurrentTransferTest$0(ConcurrentTransferTest.java:77) ~[test/:na]
	at java.base/java.util.concurrent.ThreadPoolExecutor.runWorker(ThreadPoolExecutor.java:1136) ~[na:na]
	at java.base/java.util.concurrent.ThreadPoolExecutor$Worker.run(ThreadPoolExecutor.java:635) ~[na:na]
	at java.base/java.lang.Thread.run(Thread.java:842) ~[na:na]

2024-02-22T22:20:19.253+05:30 ERROR 89386 --- [ol-18-thread-14] c.d.c.web.AccountsTransferController     : Exception occurs

com.dws.challenge.exception.InsufficientBalanceException: Insufficient Balance in account Account123
	at com.dws.challenge.service.TransferService.transferAmount(TransferService.java:21) ~[main/:na]
	at com.dws.challenge.web.AccountsTransferController.transferAmount(AccountsTransferController.java:64) ~[main/:na]
	at com.dws.challenge.ConcurrentTransferTest.lambda$concurrentTransferTest$0(ConcurrentTransferTest.java:77) ~[test/:na]
	at java.base/java.util.concurrent.ThreadPoolExecutor.runWorker(ThreadPoolExecutor.java:1136) ~[na:na]
	at java.base/java.util.concurrent.ThreadPoolExecutor$Worker.run(ThreadPoolExecutor.java:635) ~[na:na]
	at java.base/java.lang.Thread.run(Thread.java:842) ~[na:na]

2024-02-22T22:20:19.253+05:30  INFO 89386 --- [ol-18-thread-20] c.dws.challenge.service.TransferService  : compareBalance -1 
2024-02-22T22:20:19.253+05:30 ERROR 89386 --- [ol-18-thread-20] c.d.c.web.AccountsTransferController     : Exception occurs

com.dws.challenge.exception.InsufficientBalanceException: Insufficient Balance in account Account123
	at com.dws.challenge.service.TransferService.transferAmount(TransferService.java:21) ~[main/:na]
	at com.dws.challenge.web.AccountsTransferController.transferAmount(AccountsTransferController.java:64) ~[main/:na]
	at com.dws.challenge.ConcurrentTransferTest.lambda$concurrentTransferTest$0(ConcurrentTransferTest.java:77) ~[test/:na]
	at java.base/java.util.concurrent.ThreadPoolExecutor.runWorker(ThreadPoolExecutor.java:1136) ~[na:na]
	at java.base/java.util.concurrent.ThreadPoolExecutor$Worker.run(ThreadPoolExecutor.java:635) ~[na:na]
	at java.base/java.lang.Thread.run(Thread.java:842) ~[na:na]

2024-02-22T22:20:19.254+05:30  INFO 89386 --- [ol-18-thread-12] c.dws.challenge.service.TransferService  : compareBalance -1 
2024-02-22T22:20:19.254+05:30 ERROR 89386 --- [ol-18-thread-12] c.d.c.web.AccountsTransferController     : Exception occurs

com.dws.challenge.exception.InsufficientBalanceException: Insufficient Balance in account Account123
	at com.dws.challenge.service.TransferService.transferAmount(TransferService.java:21) ~[main/:na]
	at com.dws.challenge.web.AccountsTransferController.transferAmount(AccountsTransferController.java:64) ~[main/:na]
	at com.dws.challenge.ConcurrentTransferTest.lambda$concurrentTransferTest$0(ConcurrentTransferTest.java:77) ~[test/:na]
	at java.base/java.util.concurrent.ThreadPoolExecutor.runWorker(ThreadPoolExecutor.java:1136) ~[na:na]
	at java.base/java.util.concurrent.ThreadPoolExecutor$Worker.run(ThreadPoolExecutor.java:635) ~[na:na]
	at java.base/java.lang.Thread.run(Thread.java:842) ~[na:na]

2024-02-22T22:20:19.254+05:30  INFO 89386 --- [ool-18-thread-3] c.dws.challenge.service.TransferService  : compareBalance -1 
2024-02-22T22:20:19.255+05:30 ERROR 89386 --- [ool-18-thread-3] c.d.c.web.AccountsTransferController     : Exception occurs

com.dws.challenge.exception.InsufficientBalanceException: Insufficient Balance in account Account123
	at com.dws.challenge.service.TransferService.transferAmount(TransferService.java:21) ~[main/:na]
	at com.dws.challenge.web.AccountsTransferController.transferAmount(AccountsTransferController.java:64) ~[main/:na]
	at com.dws.challenge.ConcurrentTransferTest.lambda$concurrentTransferTest$0(ConcurrentTransferTest.java:77) ~[test/:na]
	at java.base/java.util.concurrent.ThreadPoolExecutor.runWorker(ThreadPoolExecutor.java:1136) ~[na:na]
	at java.base/java.util.concurrent.ThreadPoolExecutor$Worker.run(ThreadPoolExecutor.java:635) ~[na:na]
	at java.base/java.lang.Thread.run(Thread.java:842) ~[na:na]

2024-02-22T22:20:19.256+05:30  INFO 89386 --- [ol-18-thread-11] c.dws.challenge.service.TransferService  : compareBalance -1 
2024-02-22T22:20:19.256+05:30  INFO 89386 --- [ol-18-thread-10] c.dws.challenge.service.TransferService  : compareBalance -1 
2024-02-22T22:20:19.256+05:30 ERROR 89386 --- [ol-18-thread-10] c.d.c.web.AccountsTransferController     : Exception occurs

com.dws.challenge.exception.InsufficientBalanceException: Insufficient Balance in account Account123
	at com.dws.challenge.service.TransferService.transferAmount(TransferService.java:21) ~[main/:na]
	at com.dws.challenge.web.AccountsTransferController.transferAmount(AccountsTransferController.java:64) ~[main/:na]
	at com.dws.challenge.ConcurrentTransferTest.lambda$concurrentTransferTest$0(ConcurrentTransferTest.java:77) ~[test/:na]
	at java.base/java.util.concurrent.ThreadPoolExecutor.runWorker(ThreadPoolExecutor.java:1136) ~[na:na]
	at java.base/java.util.concurrent.ThreadPoolExecutor$Worker.run(ThreadPoolExecutor.java:635) ~[na:na]
	at java.base/java.lang.Thread.run(Thread.java:842) ~[na:na]

2024-02-22T22:20:19.256+05:30 ERROR 89386 --- [ol-18-thread-11] c.d.c.web.AccountsTransferController     : Exception occurs

com.dws.challenge.exception.InsufficientBalanceException: Insufficient Balance in account Account123
	at com.dws.challenge.service.TransferService.transferAmount(TransferService.java:21) ~[main/:na]
	at com.dws.challenge.web.AccountsTransferController.transferAmount(AccountsTransferController.java:64) ~[main/:na]
	at com.dws.challenge.ConcurrentTransferTest.lambda$concurrentTransferTest$0(ConcurrentTransferTest.java:77) ~[test/:na]
	at java.base/java.util.concurrent.ThreadPoolExecutor.runWorker(ThreadPoolExecutor.java:1136) ~[na:na]
	at java.base/java.util.concurrent.ThreadPoolExecutor$Worker.run(ThreadPoolExecutor.java:635) ~[na:na]
	at java.base/java.lang.Thread.run(Thread.java:842) ~[na:na]

2024-02-22T22:20:19.256+05:30  INFO 89386 --- [ool-18-thread-6] c.dws.challenge.service.TransferService  : compareBalance -1 
2024-02-22T22:20:19.257+05:30  INFO 89386 --- [ool-18-thread-9] c.dws.challenge.service.TransferService  : compareBalance -1 
2024-02-22T22:20:19.257+05:30 ERROR 89386 --- [ool-18-thread-9] c.d.c.web.AccountsTransferController     : Exception occurs

com.dws.challenge.exception.InsufficientBalanceException: Insufficient Balance in account Account123
	at com.dws.challenge.service.TransferService.transferAmount(TransferService.java:21) ~[main/:na]
	at com.dws.challenge.web.AccountsTransferController.transferAmount(AccountsTransferController.java:64) ~[main/:na]
	at com.dws.challenge.ConcurrentTransferTest.lambda$concurrentTransferTest$0(ConcurrentTransferTest.java:77) ~[test/:na]
	at java.base/java.util.concurrent.ThreadPoolExecutor.runWorker(ThreadPoolExecutor.java:1136) ~[na:na]
	at java.base/java.util.concurrent.ThreadPoolExecutor$Worker.run(ThreadPoolExecutor.java:635) ~[na:na]
	at java.base/java.lang.Thread.run(Thread.java:842) ~[na:na]

2024-02-22T22:20:19.258+05:30  INFO 89386 --- [ool-18-thread-8] c.dws.challenge.service.TransferService  : compareBalance -1 
2024-02-22T22:20:19.258+05:30 ERROR 89386 --- [ool-18-thread-8] c.d.c.web.AccountsTransferController     : Exception occurs

com.dws.challenge.exception.InsufficientBalanceException: Insufficient Balance in account Account123
	at com.dws.challenge.service.TransferService.transferAmount(TransferService.java:21) ~[main/:na]
	at com.dws.challenge.web.AccountsTransferController.transferAmount(AccountsTransferController.java:64) ~[main/:na]
	at com.dws.challenge.ConcurrentTransferTest.lambda$concurrentTransferTest$0(ConcurrentTransferTest.java:77) ~[test/:na]
	at java.base/java.util.concurrent.ThreadPoolExecutor.runWorker(ThreadPoolExecutor.java:1136) ~[na:na]
	at java.base/java.util.concurrent.ThreadPoolExecutor$Worker.run(ThreadPoolExecutor.java:635) ~[na:na]
	at java.base/java.lang.Thread.run(Thread.java:842) ~[na:na]

2024-02-22T22:20:19.258+05:30  INFO 89386 --- [ol-18-thread-13] c.dws.challenge.service.TransferService  : compareBalance -1 
2024-02-22T22:20:19.257+05:30 ERROR 89386 --- [ool-18-thread-6] c.d.c.web.AccountsTransferController     : Exception occurs

com.dws.challenge.exception.InsufficientBalanceException: Insufficient Balance in account Account123
	at com.dws.challenge.service.TransferService.transferAmount(TransferService.java:21) ~[main/:na]
	at com.dws.challenge.web.AccountsTransferController.transferAmount(AccountsTransferController.java:64) ~[main/:na]
	at com.dws.challenge.ConcurrentTransferTest.lambda$concurrentTransferTest$0(ConcurrentTransferTest.java:77) ~[test/:na]
	at java.base/java.util.concurrent.ThreadPoolExecutor.runWorker(ThreadPoolExecutor.java:1136) ~[na:na]
	at java.base/java.util.concurrent.ThreadPoolExecutor$Worker.run(ThreadPoolExecutor.java:635) ~[na:na]
	at java.base/java.lang.Thread.run(Thread.java:842) ~[na:na]

2024-02-22T22:20:19.258+05:30 ERROR 89386 --- [ol-18-thread-13] c.d.c.web.AccountsTransferController     : Exception occurs

com.dws.challenge.exception.InsufficientBalanceException: Insufficient Balance in account Account123
	at com.dws.challenge.service.TransferService.transferAmount(TransferService.java:21) ~[main/:na]
	at com.dws.challenge.web.AccountsTransferController.transferAmount(AccountsTransferController.java:64) ~[main/:na]
	at com.dws.challenge.ConcurrentTransferTest.lambda$concurrentTransferTest$0(ConcurrentTransferTest.java:77) ~[test/:na]
	at java.base/java.util.concurrent.ThreadPoolExecutor.runWorker(ThreadPoolExecutor.java:1136) ~[na:na]
	at java.base/java.util.concurrent.ThreadPoolExecutor$Worker.run(ThreadPoolExecutor.java:635) ~[na:na]
	at java.base/java.lang.Thread.run(Thread.java:842) ~[na:na]

2024-02-22T22:20:19.274+05:30  INFO 89386 --- [ol-19-thread-20] c.d.c.web.AccountsTransferController     : Transfer Amount  Transfer(accountFrom=Account123, accountTo=Account124, amount=1000)
2024-02-22T22:20:19.274+05:30  INFO 89386 --- [ool-19-thread-7] c.d.c.web.AccountsTransferController     : Transfer Amount  Transfer(accountFrom=Account123, accountTo=Account124, amount=1000)
2024-02-22T22:20:19.274+05:30  INFO 89386 --- [ool-19-thread-8] c.d.c.web.AccountsTransferController     : Transfer Amount  Transfer(accountFrom=Account123, accountTo=Account124, amount=1000)
2024-02-22T22:20:19.274+05:30  INFO 89386 --- [ool-19-thread-3] c.d.c.web.AccountsTransferController     : Transfer Amount  Transfer(accountFrom=Account123, accountTo=Account124, amount=1000)
2024-02-22T22:20:19.274+05:30  INFO 89386 --- [ol-19-thread-10] c.d.c.web.AccountsTransferController     : Transfer Amount  Transfer(accountFrom=Account123, accountTo=Account124, amount=1000)
2024-02-22T22:20:19.274+05:30  INFO 89386 --- [ol-19-thread-11] c.d.c.web.AccountsTransferController     : Transfer Amount  Transfer(accountFrom=Account123, accountTo=Account124, amount=1000)
2024-02-22T22:20:19.274+05:30  INFO 89386 --- [ol-19-thread-19] c.d.c.web.AccountsTransferController     : Transfer Amount  Transfer(accountFrom=Account123, accountTo=Account124, amount=1000)
2024-02-22T22:20:19.274+05:30  INFO 89386 --- [ool-19-thread-2] c.d.c.web.AccountsTransferController     : Transfer Amount  Transfer(accountFrom=Account123, accountTo=Account124, amount=1000)
2024-02-22T22:20:19.275+05:30  INFO 89386 --- [ol-19-thread-12] c.d.c.web.AccountsTransferController     : Transfer Amount  Transfer(accountFrom=Account123, accountTo=Account124, amount=1000)
2024-02-22T22:20:19.274+05:30  INFO 89386 --- [ool-19-thread-1] c.d.c.web.AccountsTransferController     : Transfer Amount  Transfer(accountFrom=Account123, accountTo=Account124, amount=1000)
2024-02-22T22:20:19.275+05:30  INFO 89386 --- [ol-19-thread-16] c.d.c.web.AccountsTransferController     : Transfer Amount  Transfer(accountFrom=Account123, accountTo=Account124, amount=1000)
2024-02-22T22:20:19.275+05:30  INFO 89386 --- [ol-19-thread-17] c.d.c.web.AccountsTransferController     : Transfer Amount  Transfer(accountFrom=Account123, accountTo=Account124, amount=1000)
2024-02-22T22:20:19.275+05:30  INFO 89386 --- [ol-19-thread-18] c.d.c.web.AccountsTransferController     : Transfer Amount  Transfer(accountFrom=Account123, accountTo=Account124, amount=1000)
2024-02-22T22:20:19.274+05:30  INFO 89386 --- [ool-19-thread-5] c.d.c.web.AccountsTransferController     : Transfer Amount  Transfer(accountFrom=Account123, accountTo=Account124, amount=1000)
2024-02-22T22:20:19.274+05:30  INFO 89386 --- [ool-19-thread-4] c.d.c.web.AccountsTransferController     : Transfer Amount  Transfer(accountFrom=Account123, accountTo=Account124, amount=1000)
2024-02-22T22:20:19.274+05:30  INFO 89386 --- [ool-19-thread-6] c.d.c.web.AccountsTransferController     : Transfer Amount  Transfer(accountFrom=Account123, accountTo=Account124, amount=1000)
2024-02-22T22:20:19.274+05:30  INFO 89386 --- [ol-19-thread-20] c.dws.challenge.service.TransferService  : compareBalance 0 
2024-02-22T22:20:19.274+05:30  INFO 89386 --- [ool-19-thread-9] c.d.c.web.AccountsTransferController     : Transfer Amount  Transfer(accountFrom=Account123, accountTo=Account124, amount=1000)
2024-02-22T22:20:19.275+05:30  INFO 89386 --- [ol-19-thread-13] c.d.c.web.AccountsTransferController     : Transfer Amount  Transfer(accountFrom=Account123, accountTo=Account124, amount=1000)
2024-02-22T22:20:19.275+05:30  INFO 89386 --- [ol-19-thread-14] c.d.c.web.AccountsTransferController     : Transfer Amount  Transfer(accountFrom=Account123, accountTo=Account124, amount=1000)
2024-02-22T22:20:19.275+05:30  INFO 89386 --- [ol-19-thread-15] c.d.c.web.AccountsTransferController     : Transfer Amount  Transfer(accountFrom=Account123, accountTo=Account124, amount=1000)
2024-02-22T22:20:19.277+05:30  INFO 89386 --- [ol-19-thread-20] c.d.c.web.AccountsTransferController     : notification sent successfully
2024-02-22T22:20:19.277+05:30  INFO 89386 --- [ol-19-thread-15] c.dws.challenge.service.TransferService  : compareBalance -1 
2024-02-22T22:20:19.277+05:30  INFO 89386 --- [ol-19-thread-14] c.dws.challenge.service.TransferService  : compareBalance -1 
2024-02-22T22:20:19.277+05:30  INFO 89386 --- [ol-19-thread-13] c.dws.challenge.service.TransferService  : compareBalance -1 
2024-02-22T22:20:19.277+05:30 ERROR 89386 --- [ol-19-thread-15] c.d.c.web.AccountsTransferController     : Exception occurs

com.dws.challenge.exception.InsufficientBalanceException: Insufficient Balance in account Account123
	at com.dws.challenge.service.TransferService.transferAmount(TransferService.java:21) ~[main/:na]
	at com.dws.challenge.web.AccountsTransferController.transferAmount(AccountsTransferController.java:64) ~[main/:na]
	at com.dws.challenge.ConcurrentTransferTest.lambda$concurrentTransferTest$0(ConcurrentTransferTest.java:77) ~[test/:na]
	at java.base/java.util.concurrent.ThreadPoolExecutor.runWorker(ThreadPoolExecutor.java:1136) ~[na:na]
	at java.base/java.util.concurrent.ThreadPoolExecutor$Worker.run(ThreadPoolExecutor.java:635) ~[na:na]
	at java.base/java.lang.Thread.run(Thread.java:842) ~[na:na]

2024-02-22T22:20:19.278+05:30  INFO 89386 --- [ool-19-thread-9] c.dws.challenge.service.TransferService  : compareBalance -1 
2024-02-22T22:20:19.277+05:30 ERROR 89386 --- [ol-19-thread-14] c.d.c.web.AccountsTransferController     : Exception occurs

com.dws.challenge.exception.InsufficientBalanceException: Insufficient Balance in account Account123
	at com.dws.challenge.service.TransferService.transferAmount(TransferService.java:21) ~[main/:na]
	at com.dws.challenge.web.AccountsTransferController.transferAmount(AccountsTransferController.java:64) ~[main/:na]
	at com.dws.challenge.ConcurrentTransferTest.lambda$concurrentTransferTest$0(ConcurrentTransferTest.java:77) ~[test/:na]
	at java.base/java.util.concurrent.ThreadPoolExecutor.runWorker(ThreadPoolExecutor.java:1136) ~[na:na]
	at java.base/java.util.concurrent.ThreadPoolExecutor$Worker.run(ThreadPoolExecutor.java:635) ~[na:na]
	at java.base/java.lang.Thread.run(Thread.java:842) ~[na:na]

2024-02-22T22:20:19.277+05:30 ERROR 89386 --- [ol-19-thread-13] c.d.c.web.AccountsTransferController     : Exception occurs

com.dws.challenge.exception.InsufficientBalanceException: Insufficient Balance in account Account123
	at com.dws.challenge.service.TransferService.transferAmount(TransferService.java:21) ~[main/:na]
	at com.dws.challenge.web.AccountsTransferController.transferAmount(AccountsTransferController.java:64) ~[main/:na]
	at com.dws.challenge.ConcurrentTransferTest.lambda$concurrentTransferTest$0(ConcurrentTransferTest.java:77) ~[test/:na]
	at java.base/java.util.concurrent.ThreadPoolExecutor.runWorker(ThreadPoolExecutor.java:1136) ~[na:na]
	at java.base/java.util.concurrent.ThreadPoolExecutor$Worker.run(ThreadPoolExecutor.java:635) ~[na:na]
	at java.base/java.lang.Thread.run(Thread.java:842) ~[na:na]

2024-02-22T22:20:19.278+05:30 ERROR 89386 --- [ool-19-thread-9] c.d.c.web.AccountsTransferController     : Exception occurs

com.dws.challenge.exception.InsufficientBalanceException: Insufficient Balance in account Account123
	at com.dws.challenge.service.TransferService.transferAmount(TransferService.java:21) ~[main/:na]
	at com.dws.challenge.web.AccountsTransferController.transferAmount(AccountsTransferController.java:64) ~[main/:na]
	at com.dws.challenge.ConcurrentTransferTest.lambda$concurrentTransferTest$0(ConcurrentTransferTest.java:77) ~[test/:na]
	at java.base/java.util.concurrent.ThreadPoolExecutor.runWorker(ThreadPoolExecutor.java:1136) ~[na:na]
	at java.base/java.util.concurrent.ThreadPoolExecutor$Worker.run(ThreadPoolExecutor.java:635) ~[na:na]
	at java.base/java.lang.Thread.run(Thread.java:842) ~[na:na]

2024-02-22T22:20:19.278+05:30  INFO 89386 --- [ool-19-thread-6] c.dws.challenge.service.TransferService  : compareBalance -1 
2024-02-22T22:20:19.279+05:30  INFO 89386 --- [ool-19-thread-4] c.dws.challenge.service.TransferService  : compareBalance -1 
2024-02-22T22:20:19.279+05:30 ERROR 89386 --- [ool-19-thread-6] c.d.c.web.AccountsTransferController     : Exception occurs

com.dws.challenge.exception.InsufficientBalanceException: Insufficient Balance in account Account123
	at com.dws.challenge.service.TransferService.transferAmount(TransferService.java:21) ~[main/:na]
	at com.dws.challenge.web.AccountsTransferController.transferAmount(AccountsTransferController.java:64) ~[main/:na]
	at com.dws.challenge.ConcurrentTransferTest.lambda$concurrentTransferTest$0(ConcurrentTransferTest.java:77) ~[test/:na]
	at java.base/java.util.concurrent.ThreadPoolExecutor.runWorker(ThreadPoolExecutor.java:1136) ~[na:na]
	at java.base/java.util.concurrent.ThreadPoolExecutor$Worker.run(ThreadPoolExecutor.java:635) ~[na:na]
	at java.base/java.lang.Thread.run(Thread.java:842) ~[na:na]

2024-02-22T22:20:19.279+05:30 ERROR 89386 --- [ool-19-thread-4] c.d.c.web.AccountsTransferController     : Exception occurs

com.dws.challenge.exception.InsufficientBalanceException: Insufficient Balance in account Account123
	at com.dws.challenge.service.TransferService.transferAmount(TransferService.java:21) ~[main/:na]
	at com.dws.challenge.web.AccountsTransferController.transferAmount(AccountsTransferController.java:64) ~[main/:na]
	at com.dws.challenge.ConcurrentTransferTest.lambda$concurrentTransferTest$0(ConcurrentTransferTest.java:77) ~[test/:na]
	at java.base/java.util.concurrent.ThreadPoolExecutor.runWorker(ThreadPoolExecutor.java:1136) ~[na:na]
	at java.base/java.util.concurrent.ThreadPoolExecutor$Worker.run(ThreadPoolExecutor.java:635) ~[na:na]
	at java.base/java.lang.Thread.run(Thread.java:842) ~[na:na]

2024-02-22T22:20:19.279+05:30  INFO 89386 --- [ool-19-thread-5] c.dws.challenge.service.TransferService  : compareBalance -1 
2024-02-22T22:20:19.279+05:30 ERROR 89386 --- [ool-19-thread-5] c.d.c.web.AccountsTransferController     : Exception occurs

com.dws.challenge.exception.InsufficientBalanceException: Insufficient Balance in account Account123
	at com.dws.challenge.service.TransferService.transferAmount(TransferService.java:21) ~[main/:na]
	at com.dws.challenge.web.AccountsTransferController.transferAmount(AccountsTransferController.java:64) ~[main/:na]
	at com.dws.challenge.ConcurrentTransferTest.lambda$concurrentTransferTest$0(ConcurrentTransferTest.java:77) ~[test/:na]
	at java.base/java.util.concurrent.ThreadPoolExecutor.runWorker(ThreadPoolExecutor.java:1136) ~[na:na]
	at java.base/java.util.concurrent.ThreadPoolExecutor$Worker.run(ThreadPoolExecutor.java:635) ~[na:na]
	at java.base/java.lang.Thread.run(Thread.java:842) ~[na:na]

2024-02-22T22:20:19.280+05:30  INFO 89386 --- [ol-19-thread-18] c.dws.challenge.service.TransferService  : compareBalance -1 
2024-02-22T22:20:19.280+05:30  INFO 89386 --- [ol-19-thread-17] c.dws.challenge.service.TransferService  : compareBalance -1 
2024-02-22T22:20:19.280+05:30 ERROR 89386 --- [ol-19-thread-18] c.d.c.web.AccountsTransferController     : Exception occurs

com.dws.challenge.exception.InsufficientBalanceException: Insufficient Balance in account Account123
	at com.dws.challenge.service.TransferService.transferAmount(TransferService.java:21) ~[main/:na]
	at com.dws.challenge.web.AccountsTransferController.transferAmount(AccountsTransferController.java:64) ~[main/:na]
	at com.dws.challenge.ConcurrentTransferTest.lambda$concurrentTransferTest$0(ConcurrentTransferTest.java:77) ~[test/:na]
	at java.base/java.util.concurrent.ThreadPoolExecutor.runWorker(ThreadPoolExecutor.java:1136) ~[na:na]
	at java.base/java.util.concurrent.ThreadPoolExecutor$Worker.run(ThreadPoolExecutor.java:635) ~[na:na]
	at java.base/java.lang.Thread.run(Thread.java:842) ~[na:na]

2024-02-22T22:20:19.280+05:30  INFO 89386 --- [ol-19-thread-16] c.dws.challenge.service.TransferService  : compareBalance -1 
2024-02-22T22:20:19.280+05:30 ERROR 89386 --- [ol-19-thread-17] c.d.c.web.AccountsTransferController     : Exception occurs

com.dws.challenge.exception.InsufficientBalanceException: Insufficient Balance in account Account123
	at com.dws.challenge.service.TransferService.transferAmount(TransferService.java:21) ~[main/:na]
	at com.dws.challenge.web.AccountsTransferController.transferAmount(AccountsTransferController.java:64) ~[main/:na]
	at com.dws.challenge.ConcurrentTransferTest.lambda$concurrentTransferTest$0(ConcurrentTransferTest.java:77) ~[test/:na]
	at java.base/java.util.concurrent.ThreadPoolExecutor.runWorker(ThreadPoolExecutor.java:1136) ~[na:na]
	at java.base/java.util.concurrent.ThreadPoolExecutor$Worker.run(ThreadPoolExecutor.java:635) ~[na:na]
	at java.base/java.lang.Thread.run(Thread.java:842) ~[na:na]

2024-02-22T22:20:19.280+05:30  INFO 89386 --- [ool-19-thread-1] c.dws.challenge.service.TransferService  : compareBalance -1 
2024-02-22T22:20:19.280+05:30 ERROR 89386 --- [ol-19-thread-16] c.d.c.web.AccountsTransferController     : Exception occurs

com.dws.challenge.exception.InsufficientBalanceException: Insufficient Balance in account Account123
	at com.dws.challenge.service.TransferService.transferAmount(TransferService.java:21) ~[main/:na]
	at com.dws.challenge.web.AccountsTransferController.transferAmount(AccountsTransferController.java:64) ~[main/:na]
	at com.dws.challenge.ConcurrentTransferTest.lambda$concurrentTransferTest$0(ConcurrentTransferTest.java:77) ~[test/:na]
	at java.base/java.util.concurrent.ThreadPoolExecutor.runWorker(ThreadPoolExecutor.java:1136) ~[na:na]
	at java.base/java.util.concurrent.ThreadPoolExecutor$Worker.run(ThreadPoolExecutor.java:635) ~[na:na]
	at java.base/java.lang.Thread.run(Thread.java:842) ~[na:na]

2024-02-22T22:20:19.280+05:30  INFO 89386 --- [ol-19-thread-12] c.dws.challenge.service.TransferService  : compareBalance -1 
2024-02-22T22:20:19.280+05:30 ERROR 89386 --- [ool-19-thread-1] c.d.c.web.AccountsTransferController     : Exception occurs

com.dws.challenge.exception.InsufficientBalanceException: Insufficient Balance in account Account123
	at com.dws.challenge.service.TransferService.transferAmount(TransferService.java:21) ~[main/:na]
	at com.dws.challenge.web.AccountsTransferController.transferAmount(AccountsTransferController.java:64) ~[main/:na]
	at com.dws.challenge.ConcurrentTransferTest.lambda$concurrentTransferTest$0(ConcurrentTransferTest.java:77) ~[test/:na]
	at java.base/java.util.concurrent.ThreadPoolExecutor.runWorker(ThreadPoolExecutor.java:1136) ~[na:na]
	at java.base/java.util.concurrent.ThreadPoolExecutor$Worker.run(ThreadPoolExecutor.java:635) ~[na:na]
	at java.base/java.lang.Thread.run(Thread.java:842) ~[na:na]

2024-02-22T22:20:19.281+05:30  INFO 89386 --- [ool-19-thread-2] c.dws.challenge.service.TransferService  : compareBalance -1 
2024-02-22T22:20:19.281+05:30 ERROR 89386 --- [ol-19-thread-12] c.d.c.web.AccountsTransferController     : Exception occurs

com.dws.challenge.exception.InsufficientBalanceException: Insufficient Balance in account Account123
	at com.dws.challenge.service.TransferService.transferAmount(TransferService.java:21) ~[main/:na]
	at com.dws.challenge.web.AccountsTransferController.transferAmount(AccountsTransferController.java:64) ~[main/:na]
	at com.dws.challenge.ConcurrentTransferTest.lambda$concurrentTransferTest$0(ConcurrentTransferTest.java:77) ~[test/:na]
	at java.base/java.util.concurrent.ThreadPoolExecutor.runWorker(ThreadPoolExecutor.java:1136) ~[na:na]
	at java.base/java.util.concurrent.ThreadPoolExecutor$Worker.run(ThreadPoolExecutor.java:635) ~[na:na]
	at java.base/java.lang.Thread.run(Thread.java:842) ~[na:na]

2024-02-22T22:20:19.281+05:30 ERROR 89386 --- [ool-19-thread-2] c.d.c.web.AccountsTransferController     : Exception occurs

com.dws.challenge.exception.InsufficientBalanceException: Insufficient Balance in account Account123
	at com.dws.challenge.service.TransferService.transferAmount(TransferService.java:21) ~[main/:na]
	at com.dws.challenge.web.AccountsTransferController.transferAmount(AccountsTransferController.java:64) ~[main/:na]
	at com.dws.challenge.ConcurrentTransferTest.lambda$concurrentTransferTest$0(ConcurrentTransferTest.java:77) ~[test/:na]
	at java.base/java.util.concurrent.ThreadPoolExecutor.runWorker(ThreadPoolExecutor.java:1136) ~[na:na]
	at java.base/java.util.concurrent.ThreadPoolExecutor$Worker.run(ThreadPoolExecutor.java:635) ~[na:na]
	at java.base/java.lang.Thread.run(Thread.java:842) ~[na:na]

2024-02-22T22:20:19.281+05:30  INFO 89386 --- [ol-19-thread-19] c.dws.challenge.service.TransferService  : compareBalance -1 
2024-02-22T22:20:19.282+05:30  INFO 89386 --- [ol-19-thread-11] c.dws.challenge.service.TransferService  : compareBalance -1 
2024-02-22T22:20:19.282+05:30 ERROR 89386 --- [ol-19-thread-19] c.d.c.web.AccountsTransferController     : Exception occurs

com.dws.challenge.exception.InsufficientBalanceException: Insufficient Balance in account Account123
	at com.dws.challenge.service.TransferService.transferAmount(TransferService.java:21) ~[main/:na]
	at com.dws.challenge.web.AccountsTransferController.transferAmount(AccountsTransferController.java:64) ~[main/:na]
	at com.dws.challenge.ConcurrentTransferTest.lambda$concurrentTransferTest$0(ConcurrentTransferTest.java:77) ~[test/:na]
	at java.base/java.util.concurrent.ThreadPoolExecutor.runWorker(ThreadPoolExecutor.java:1136) ~[na:na]
	at java.base/java.util.concurrent.ThreadPoolExecutor$Worker.run(ThreadPoolExecutor.java:635) ~[na:na]
	at java.base/java.lang.Thread.run(Thread.java:842) ~[na:na]

2024-02-22T22:20:19.282+05:30 ERROR 89386 --- [ol-19-thread-11] c.d.c.web.AccountsTransferController     : Exception occurs

com.dws.challenge.exception.InsufficientBalanceException: Insufficient Balance in account Account123
	at com.dws.challenge.service.TransferService.transferAmount(TransferService.java:21) ~[main/:na]
	at com.dws.challenge.web.AccountsTransferController.transferAmount(AccountsTransferController.java:64) ~[main/:na]
	at com.dws.challenge.ConcurrentTransferTest.lambda$concurrentTransferTest$0(ConcurrentTransferTest.java:77) ~[test/:na]
	at java.base/java.util.concurrent.ThreadPoolExecutor.runWorker(ThreadPoolExecutor.java:1136) ~[na:na]
	at java.base/java.util.concurrent.ThreadPoolExecutor$Worker.run(ThreadPoolExecutor.java:635) ~[na:na]
	at java.base/java.lang.Thread.run(Thread.java:842) ~[na:na]

2024-02-22T22:20:19.282+05:30  INFO 89386 --- [ol-19-thread-10] c.dws.challenge.service.TransferService  : compareBalance -1 
2024-02-22T22:20:19.282+05:30  INFO 89386 --- [ool-19-thread-3] c.dws.challenge.service.TransferService  : compareBalance -1 
2024-02-22T22:20:19.282+05:30 ERROR 89386 --- [ol-19-thread-10] c.d.c.web.AccountsTransferController     : Exception occurs

com.dws.challenge.exception.InsufficientBalanceException: Insufficient Balance in account Account123
	at com.dws.challenge.service.TransferService.transferAmount(TransferService.java:21) ~[main/:na]
	at com.dws.challenge.web.AccountsTransferController.transferAmount(AccountsTransferController.java:64) ~[main/:na]
	at com.dws.challenge.ConcurrentTransferTest.lambda$concurrentTransferTest$0(ConcurrentTransferTest.java:77) ~[test/:na]
	at java.base/java.util.concurrent.ThreadPoolExecutor.runWorker(ThreadPoolExecutor.java:1136) ~[na:na]
	at java.base/java.util.concurrent.ThreadPoolExecutor$Worker.run(ThreadPoolExecutor.java:635) ~[na:na]
	at java.base/java.lang.Thread.run(Thread.java:842) ~[na:na]

2024-02-22T22:20:19.282+05:30 ERROR 89386 --- [ool-19-thread-3] c.d.c.web.AccountsTransferController     : Exception occurs

com.dws.challenge.exception.InsufficientBalanceException: Insufficient Balance in account Account123
	at com.dws.challenge.service.TransferService.transferAmount(TransferService.java:21) ~[main/:na]
	at com.dws.challenge.web.AccountsTransferController.transferAmount(AccountsTransferController.java:64) ~[main/:na]
	at com.dws.challenge.ConcurrentTransferTest.lambda$concurrentTransferTest$0(ConcurrentTransferTest.java:77) ~[test/:na]
	at java.base/java.util.concurrent.ThreadPoolExecutor.runWorker(ThreadPoolExecutor.java:1136) ~[na:na]
	at java.base/java.util.concurrent.ThreadPoolExecutor$Worker.run(ThreadPoolExecutor.java:635) ~[na:na]
	at java.base/java.lang.Thread.run(Thread.java:842) ~[na:na]

2024-02-22T22:20:19.283+05:30  INFO 89386 --- [ool-19-thread-8] c.dws.challenge.service.TransferService  : compareBalance -1 
2024-02-22T22:20:19.283+05:30  INFO 89386 --- [ool-19-thread-7] c.dws.challenge.service.TransferService  : compareBalance -1 
2024-02-22T22:20:19.283+05:30 ERROR 89386 --- [ool-19-thread-8] c.d.c.web.AccountsTransferController     : Exception occurs

com.dws.challenge.exception.InsufficientBalanceException: Insufficient Balance in account Account123
	at com.dws.challenge.service.TransferService.transferAmount(TransferService.java:21) ~[main/:na]
	at com.dws.challenge.web.AccountsTransferController.transferAmount(AccountsTransferController.java:64) ~[main/:na]
	at com.dws.challenge.ConcurrentTransferTest.lambda$concurrentTransferTest$0(ConcurrentTransferTest.java:77) ~[test/:na]
	at java.base/java.util.concurrent.ThreadPoolExecutor.runWorker(ThreadPoolExecutor.java:1136) ~[na:na]
	at java.base/java.util.concurrent.ThreadPoolExecutor$Worker.run(ThreadPoolExecutor.java:635) ~[na:na]
	at java.base/java.lang.Thread.run(Thread.java:842) ~[na:na]

2024-02-22T22:20:19.283+05:30 ERROR 89386 --- [ool-19-thread-7] c.d.c.web.AccountsTransferController     : Exception occurs

com.dws.challenge.exception.InsufficientBalanceException: Insufficient Balance in account Account123
	at com.dws.challenge.service.TransferService.transferAmount(TransferService.java:21) ~[main/:na]
	at com.dws.challenge.web.AccountsTransferController.transferAmount(AccountsTransferController.java:64) ~[main/:na]
	at com.dws.challenge.ConcurrentTransferTest.lambda$concurrentTransferTest$0(ConcurrentTransferTest.java:77) ~[test/:na]
	at java.base/java.util.concurrent.ThreadPoolExecutor.runWorker(ThreadPoolExecutor.java:1136) ~[na:na]
	at java.base/java.util.concurrent.ThreadPoolExecutor$Worker.run(ThreadPoolExecutor.java:635) ~[na:na]
	at java.base/java.lang.Thread.run(Thread.java:842) ~[na:na]

2024-02-22T22:20:19.297+05:30  INFO 89386 --- [ool-20-thread-1] c.d.c.web.AccountsTransferController     : Transfer Amount  Transfer(accountFrom=Account123, accountTo=Account124, amount=1000)
2024-02-22T22:20:19.297+05:30  INFO 89386 --- [ol-20-thread-20] c.d.c.web.AccountsTransferController     : Transfer Amount  Transfer(accountFrom=Account123, accountTo=Account124, amount=1000)
2024-02-22T22:20:19.298+05:30  INFO 89386 --- [ool-20-thread-7] c.d.c.web.AccountsTransferController     : Transfer Amount  Transfer(accountFrom=Account123, accountTo=Account124, amount=1000)
2024-02-22T22:20:19.298+05:30  INFO 89386 --- [ool-20-thread-8] c.d.c.web.AccountsTransferController     : Transfer Amount  Transfer(accountFrom=Account123, accountTo=Account124, amount=1000)
2024-02-22T22:20:19.297+05:30  INFO 89386 --- [ool-20-thread-2] c.d.c.web.AccountsTransferController     : Transfer Amount  Transfer(accountFrom=Account123, accountTo=Account124, amount=1000)
2024-02-22T22:20:19.298+05:30  INFO 89386 --- [ool-20-thread-9] c.d.c.web.AccountsTransferController     : Transfer Amount  Transfer(accountFrom=Account123, accountTo=Account124, amount=1000)
2024-02-22T22:20:19.297+05:30  INFO 89386 --- [ool-20-thread-3] c.d.c.web.AccountsTransferController     : Transfer Amount  Transfer(accountFrom=Account123, accountTo=Account124, amount=1000)
2024-02-22T22:20:19.298+05:30  INFO 89386 --- [ol-20-thread-10] c.d.c.web.AccountsTransferController     : Transfer Amount  Transfer(accountFrom=Account123, accountTo=Account124, amount=1000)
2024-02-22T22:20:19.298+05:30  INFO 89386 --- [ol-20-thread-11] c.d.c.web.AccountsTransferController     : Transfer Amount  Transfer(accountFrom=Account123, accountTo=Account124, amount=1000)
2024-02-22T22:20:19.298+05:30  INFO 89386 --- [ol-20-thread-12] c.d.c.web.AccountsTransferController     : Transfer Amount  Transfer(accountFrom=Account123, accountTo=Account124, amount=1000)
2024-02-22T22:20:19.299+05:30  INFO 89386 --- [ol-20-thread-13] c.d.c.web.AccountsTransferController     : Transfer Amount  Transfer(accountFrom=Account123, accountTo=Account124, amount=1000)
2024-02-22T22:20:19.297+05:30  INFO 89386 --- [ool-20-thread-1] c.dws.challenge.service.TransferService  : compareBalance 0 
2024-02-22T22:20:19.299+05:30  INFO 89386 --- [ol-20-thread-14] c.d.c.web.AccountsTransferController     : Transfer Amount  Transfer(accountFrom=Account123, accountTo=Account124, amount=1000)
2024-02-22T22:20:19.299+05:30  INFO 89386 --- [ol-20-thread-15] c.d.c.web.AccountsTransferController     : Transfer Amount  Transfer(accountFrom=Account123, accountTo=Account124, amount=1000)
2024-02-22T22:20:19.299+05:30  INFO 89386 --- [ol-20-thread-16] c.d.c.web.AccountsTransferController     : Transfer Amount  Transfer(accountFrom=Account123, accountTo=Account124, amount=1000)
2024-02-22T22:20:19.299+05:30  INFO 89386 --- [ol-20-thread-17] c.d.c.web.AccountsTransferController     : Transfer Amount  Transfer(accountFrom=Account123, accountTo=Account124, amount=1000)
2024-02-22T22:20:19.297+05:30  INFO 89386 --- [ool-20-thread-5] c.d.c.web.AccountsTransferController     : Transfer Amount  Transfer(accountFrom=Account123, accountTo=Account124, amount=1000)
2024-02-22T22:20:19.300+05:30  INFO 89386 --- [ol-20-thread-19] c.d.c.web.AccountsTransferController     : Transfer Amount  Transfer(accountFrom=Account123, accountTo=Account124, amount=1000)
2024-02-22T22:20:19.297+05:30  INFO 89386 --- [ool-20-thread-4] c.d.c.web.AccountsTransferController     : Transfer Amount  Transfer(accountFrom=Account123, accountTo=Account124, amount=1000)
2024-02-22T22:20:19.297+05:30  INFO 89386 --- [ool-20-thread-6] c.d.c.web.AccountsTransferController     : Transfer Amount  Transfer(accountFrom=Account123, accountTo=Account124, amount=1000)
2024-02-22T22:20:19.300+05:30  INFO 89386 --- [ol-20-thread-18] c.d.c.web.AccountsTransferController     : Transfer Amount  Transfer(accountFrom=Account123, accountTo=Account124, amount=1000)
2024-02-22T22:20:19.300+05:30  INFO 89386 --- [ool-20-thread-1] c.d.c.web.AccountsTransferController     : notification sent successfully
2024-02-22T22:20:19.301+05:30  INFO 89386 --- [ol-20-thread-18] c.dws.challenge.service.TransferService  : compareBalance -1 
2024-02-22T22:20:19.301+05:30  INFO 89386 --- [ool-20-thread-6] c.dws.challenge.service.TransferService  : compareBalance -1 
2024-02-22T22:20:19.301+05:30  INFO 89386 --- [ool-20-thread-4] c.dws.challenge.service.TransferService  : compareBalance -1 
2024-02-22T22:20:19.301+05:30 ERROR 89386 --- [ol-20-thread-18] c.d.c.web.AccountsTransferController     : Exception occurs

com.dws.challenge.exception.InsufficientBalanceException: Insufficient Balance in account Account123
	at com.dws.challenge.service.TransferService.transferAmount(TransferService.java:21) ~[main/:na]
	at com.dws.challenge.web.AccountsTransferController.transferAmount(AccountsTransferController.java:64) ~[main/:na]
	at com.dws.challenge.ConcurrentTransferTest.lambda$concurrentTransferTest$0(ConcurrentTransferTest.java:77) ~[test/:na]
	at java.base/java.util.concurrent.ThreadPoolExecutor.runWorker(ThreadPoolExecutor.java:1136) ~[na:na]
	at java.base/java.util.concurrent.ThreadPoolExecutor$Worker.run(ThreadPoolExecutor.java:635) ~[na:na]
	at java.base/java.lang.Thread.run(Thread.java:842) ~[na:na]

2024-02-22T22:20:19.301+05:30 ERROR 89386 --- [ool-20-thread-4] c.d.c.web.AccountsTransferController     : Exception occurs

com.dws.challenge.exception.InsufficientBalanceException: Insufficient Balance in account Account123
	at com.dws.challenge.service.TransferService.transferAmount(TransferService.java:21) ~[main/:na]
	at com.dws.challenge.web.AccountsTransferController.transferAmount(AccountsTransferController.java:64) ~[main/:na]
	at com.dws.challenge.ConcurrentTransferTest.lambda$concurrentTransferTest$0(ConcurrentTransferTest.java:77) ~[test/:na]
	at java.base/java.util.concurrent.ThreadPoolExecutor.runWorker(ThreadPoolExecutor.java:1136) ~[na:na]
	at java.base/java.util.concurrent.ThreadPoolExecutor$Worker.run(ThreadPoolExecutor.java:635) ~[na:na]
	at java.base/java.lang.Thread.run(Thread.java:842) ~[na:na]

2024-02-22T22:20:19.301+05:30 ERROR 89386 --- [ool-20-thread-6] c.d.c.web.AccountsTransferController     : Exception occurs

com.dws.challenge.exception.InsufficientBalanceException: Insufficient Balance in account Account123
	at com.dws.challenge.service.TransferService.transferAmount(TransferService.java:21) ~[main/:na]
	at com.dws.challenge.web.AccountsTransferController.transferAmount(AccountsTransferController.java:64) ~[main/:na]
	at com.dws.challenge.ConcurrentTransferTest.lambda$concurrentTransferTest$0(ConcurrentTransferTest.java:77) ~[test/:na]
	at java.base/java.util.concurrent.ThreadPoolExecutor.runWorker(ThreadPoolExecutor.java:1136) ~[na:na]
	at java.base/java.util.concurrent.ThreadPoolExecutor$Worker.run(ThreadPoolExecutor.java:635) ~[na:na]
	at java.base/java.lang.Thread.run(Thread.java:842) ~[na:na]

2024-02-22T22:20:19.301+05:30  INFO 89386 --- [ol-20-thread-19] c.dws.challenge.service.TransferService  : compareBalance -1 
2024-02-22T22:20:19.302+05:30  INFO 89386 --- [ool-20-thread-5] c.dws.challenge.service.TransferService  : compareBalance -1 
2024-02-22T22:20:19.302+05:30 ERROR 89386 --- [ol-20-thread-19] c.d.c.web.AccountsTransferController     : Exception occurs

com.dws.challenge.exception.InsufficientBalanceException: Insufficient Balance in account Account123
	at com.dws.challenge.service.TransferService.transferAmount(TransferService.java:21) ~[main/:na]
	at com.dws.challenge.web.AccountsTransferController.transferAmount(AccountsTransferController.java:64) ~[main/:na]
	at com.dws.challenge.ConcurrentTransferTest.lambda$concurrentTransferTest$0(ConcurrentTransferTest.java:77) ~[test/:na]
	at java.base/java.util.concurrent.ThreadPoolExecutor.runWorker(ThreadPoolExecutor.java:1136) ~[na:na]
	at java.base/java.util.concurrent.ThreadPoolExecutor$Worker.run(ThreadPoolExecutor.java:635) ~[na:na]
	at java.base/java.lang.Thread.run(Thread.java:842) ~[na:na]

2024-02-22T22:20:19.302+05:30  INFO 89386 --- [ol-20-thread-17] c.dws.challenge.service.TransferService  : compareBalance -1 
2024-02-22T22:20:19.302+05:30  INFO 89386 --- [ol-20-thread-16] c.dws.challenge.service.TransferService  : compareBalance -1 
2024-02-22T22:20:19.302+05:30 ERROR 89386 --- [ool-20-thread-5] c.d.c.web.AccountsTransferController     : Exception occurs

com.dws.challenge.exception.InsufficientBalanceException: Insufficient Balance in account Account123
	at com.dws.challenge.service.TransferService.transferAmount(TransferService.java:21) ~[main/:na]
	at com.dws.challenge.web.AccountsTransferController.transferAmount(AccountsTransferController.java:64) ~[main/:na]
	at com.dws.challenge.ConcurrentTransferTest.lambda$concurrentTransferTest$0(ConcurrentTransferTest.java:77) ~[test/:na]
	at java.base/java.util.concurrent.ThreadPoolExecutor.runWorker(ThreadPoolExecutor.java:1136) ~[na:na]
	at java.base/java.util.concurrent.ThreadPoolExecutor$Worker.run(ThreadPoolExecutor.java:635) ~[na:na]
	at java.base/java.lang.Thread.run(Thread.java:842) ~[na:na]

2024-02-22T22:20:19.303+05:30  INFO 89386 --- [ol-20-thread-15] c.dws.challenge.service.TransferService  : compareBalance -1 
2024-02-22T22:20:19.303+05:30 ERROR 89386 --- [ol-20-thread-15] c.d.c.web.AccountsTransferController     : Exception occurs

com.dws.challenge.exception.InsufficientBalanceException: Insufficient Balance in account Account123
	at com.dws.challenge.service.TransferService.transferAmount(TransferService.java:21) ~[main/:na]
	at com.dws.challenge.web.AccountsTransferController.transferAmount(AccountsTransferController.java:64) ~[main/:na]
	at com.dws.challenge.ConcurrentTransferTest.lambda$concurrentTransferTest$0(ConcurrentTransferTest.java:77) ~[test/:na]
	at java.base/java.util.concurrent.ThreadPoolExecutor.runWorker(ThreadPoolExecutor.java:1136) ~[na:na]
	at java.base/java.util.concurrent.ThreadPoolExecutor$Worker.run(ThreadPoolExecutor.java:635) ~[na:na]
	at java.base/java.lang.Thread.run(Thread.java:842) ~[na:na]

2024-02-22T22:20:19.302+05:30 ERROR 89386 --- [ol-20-thread-17] c.d.c.web.AccountsTransferController     : Exception occurs

com.dws.challenge.exception.InsufficientBalanceException: Insufficient Balance in account Account123
	at com.dws.challenge.service.TransferService.transferAmount(TransferService.java:21) ~[main/:na]
	at com.dws.challenge.web.AccountsTransferController.transferAmount(AccountsTransferController.java:64) ~[main/:na]
	at com.dws.challenge.ConcurrentTransferTest.lambda$concurrentTransferTest$0(ConcurrentTransferTest.java:77) ~[test/:na]
	at java.base/java.util.concurrent.ThreadPoolExecutor.runWorker(ThreadPoolExecutor.java:1136) ~[na:na]
	at java.base/java.util.concurrent.ThreadPoolExecutor$Worker.run(ThreadPoolExecutor.java:635) ~[na:na]
	at java.base/java.lang.Thread.run(Thread.java:842) ~[na:na]

2024-02-22T22:20:19.303+05:30 ERROR 89386 --- [ol-20-thread-16] c.d.c.web.AccountsTransferController     : Exception occurs

com.dws.challenge.exception.InsufficientBalanceException: Insufficient Balance in account Account123
	at com.dws.challenge.service.TransferService.transferAmount(TransferService.java:21) ~[main/:na]
	at com.dws.challenge.web.AccountsTransferController.transferAmount(AccountsTransferController.java:64) ~[main/:na]
	at com.dws.challenge.ConcurrentTransferTest.lambda$concurrentTransferTest$0(ConcurrentTransferTest.java:77) ~[test/:na]
	at java.base/java.util.concurrent.ThreadPoolExecutor.runWorker(ThreadPoolExecutor.java:1136) ~[na:na]
	at java.base/java.util.concurrent.ThreadPoolExecutor$Worker.run(ThreadPoolExecutor.java:635) ~[na:na]
	at java.base/java.lang.Thread.run(Thread.java:842) ~[na:na]

2024-02-22T22:20:19.303+05:30  INFO 89386 --- [ol-20-thread-14] c.dws.challenge.service.TransferService  : compareBalance -1 
2024-02-22T22:20:19.309+05:30  INFO 89386 --- [ol-20-thread-13] c.dws.challenge.service.TransferService  : compareBalance -1 
2024-02-22T22:20:19.308+05:30 ERROR 89386 --- [ol-20-thread-14] c.d.c.web.AccountsTransferController     : Exception occurs

com.dws.challenge.exception.InsufficientBalanceException: Insufficient Balance in account Account123
	at com.dws.challenge.service.TransferService.transferAmount(TransferService.java:21) ~[main/:na]
	at com.dws.challenge.web.AccountsTransferController.transferAmount(AccountsTransferController.java:64) ~[main/:na]
	at com.dws.challenge.ConcurrentTransferTest.lambda$concurrentTransferTest$0(ConcurrentTransferTest.java:77) ~[test/:na]
	at java.base/java.util.concurrent.ThreadPoolExecutor.runWorker(ThreadPoolExecutor.java:1136) ~[na:na]
	at java.base/java.util.concurrent.ThreadPoolExecutor$Worker.run(ThreadPoolExecutor.java:635) ~[na:na]
	at java.base/java.lang.Thread.run(Thread.java:842) ~[na:na]

2024-02-22T22:20:19.309+05:30  INFO 89386 --- [ol-20-thread-12] c.dws.challenge.service.TransferService  : compareBalance -1 
2024-02-22T22:20:19.309+05:30 ERROR 89386 --- [ol-20-thread-13] c.d.c.web.AccountsTransferController     : Exception occurs

com.dws.challenge.exception.InsufficientBalanceException: Insufficient Balance in account Account123
	at com.dws.challenge.service.TransferService.transferAmount(TransferService.java:21) ~[main/:na]
	at com.dws.challenge.web.AccountsTransferController.transferAmount(AccountsTransferController.java:64) ~[main/:na]
	at com.dws.challenge.ConcurrentTransferTest.lambda$concurrentTransferTest$0(ConcurrentTransferTest.java:77) ~[test/:na]
	at java.base/java.util.concurrent.ThreadPoolExecutor.runWorker(ThreadPoolExecutor.java:1136) ~[na:na]
	at java.base/java.util.concurrent.ThreadPoolExecutor$Worker.run(ThreadPoolExecutor.java:635) ~[na:na]
	at java.base/java.lang.Thread.run(Thread.java:842) ~[na:na]

2024-02-22T22:20:19.309+05:30 ERROR 89386 --- [ol-20-thread-12] c.d.c.web.AccountsTransferController     : Exception occurs

com.dws.challenge.exception.InsufficientBalanceException: Insufficient Balance in account Account123
	at com.dws.challenge.service.TransferService.transferAmount(TransferService.java:21) ~[main/:na]
	at com.dws.challenge.web.AccountsTransferController.transferAmount(AccountsTransferController.java:64) ~[main/:na]
	at com.dws.challenge.ConcurrentTransferTest.lambda$concurrentTransferTest$0(ConcurrentTransferTest.java:77) ~[test/:na]
	at java.base/java.util.concurrent.ThreadPoolExecutor.runWorker(ThreadPoolExecutor.java:1136) ~[na:na]
	at java.base/java.util.concurrent.ThreadPoolExecutor$Worker.run(ThreadPoolExecutor.java:635) ~[na:na]
	at java.base/java.lang.Thread.run(Thread.java:842) ~[na:na]

2024-02-22T22:20:19.309+05:30  INFO 89386 --- [ol-20-thread-11] c.dws.challenge.service.TransferService  : compareBalance -1 
2024-02-22T22:20:19.310+05:30  INFO 89386 --- [ol-20-thread-10] c.dws.challenge.service.TransferService  : compareBalance -1 
2024-02-22T22:20:19.310+05:30 ERROR 89386 --- [ol-20-thread-11] c.d.c.web.AccountsTransferController     : Exception occurs

com.dws.challenge.exception.InsufficientBalanceException: Insufficient Balance in account Account123
	at com.dws.challenge.service.TransferService.transferAmount(TransferService.java:21) ~[main/:na]
	at com.dws.challenge.web.AccountsTransferController.transferAmount(AccountsTransferController.java:64) ~[main/:na]
	at com.dws.challenge.ConcurrentTransferTest.lambda$concurrentTransferTest$0(ConcurrentTransferTest.java:77) ~[test/:na]
	at java.base/java.util.concurrent.ThreadPoolExecutor.runWorker(ThreadPoolExecutor.java:1136) ~[na:na]
	at java.base/java.util.concurrent.ThreadPoolExecutor$Worker.run(ThreadPoolExecutor.java:635) ~[na:na]
	at java.base/java.lang.Thread.run(Thread.java:842) ~[na:na]

2024-02-22T22:20:19.310+05:30 ERROR 89386 --- [ol-20-thread-10] c.d.c.web.AccountsTransferController     : Exception occurs

com.dws.challenge.exception.InsufficientBalanceException: Insufficient Balance in account Account123
	at com.dws.challenge.service.TransferService.transferAmount(TransferService.java:21) ~[main/:na]
	at com.dws.challenge.web.AccountsTransferController.transferAmount(AccountsTransferController.java:64) ~[main/:na]
	at com.dws.challenge.ConcurrentTransferTest.lambda$concurrentTransferTest$0(ConcurrentTransferTest.java:77) ~[test/:na]
	at java.base/java.util.concurrent.ThreadPoolExecutor.runWorker(ThreadPoolExecutor.java:1136) ~[na:na]
	at java.base/java.util.concurrent.ThreadPoolExecutor$Worker.run(ThreadPoolExecutor.java:635) ~[na:na]
	at java.base/java.lang.Thread.run(Thread.java:842) ~[na:na]

2024-02-22T22:20:19.310+05:30  INFO 89386 --- [ool-20-thread-3] c.dws.challenge.service.TransferService  : compareBalance -1 
2024-02-22T22:20:19.310+05:30 ERROR 89386 --- [ool-20-thread-3] c.d.c.web.AccountsTransferController     : Exception occurs

com.dws.challenge.exception.InsufficientBalanceException: Insufficient Balance in account Account123
	at com.dws.challenge.service.TransferService.transferAmount(TransferService.java:21) ~[main/:na]
	at com.dws.challenge.web.AccountsTransferController.transferAmount(AccountsTransferController.java:64) ~[main/:na]
	at com.dws.challenge.ConcurrentTransferTest.lambda$concurrentTransferTest$0(ConcurrentTransferTest.java:77) ~[test/:na]
	at java.base/java.util.concurrent.ThreadPoolExecutor.runWorker(ThreadPoolExecutor.java:1136) ~[na:na]
	at java.base/java.util.concurrent.ThreadPoolExecutor$Worker.run(ThreadPoolExecutor.java:635) ~[na:na]
	at java.base/java.lang.Thread.run(Thread.java:842) ~[na:na]

2024-02-22T22:20:19.310+05:30  INFO 89386 --- [ool-20-thread-9] c.dws.challenge.service.TransferService  : compareBalance -1 
2024-02-22T22:20:19.311+05:30  INFO 89386 --- [ool-20-thread-2] c.dws.challenge.service.TransferService  : compareBalance -1 
2024-02-22T22:20:19.311+05:30 ERROR 89386 --- [ool-20-thread-9] c.d.c.web.AccountsTransferController     : Exception occurs

com.dws.challenge.exception.InsufficientBalanceException: Insufficient Balance in account Account123
	at com.dws.challenge.service.TransferService.transferAmount(TransferService.java:21) ~[main/:na]
	at com.dws.challenge.web.AccountsTransferController.transferAmount(AccountsTransferController.java:64) ~[main/:na]
	at com.dws.challenge.ConcurrentTransferTest.lambda$concurrentTransferTest$0(ConcurrentTransferTest.java:77) ~[test/:na]
	at java.base/java.util.concurrent.ThreadPoolExecutor.runWorker(ThreadPoolExecutor.java:1136) ~[na:na]
	at java.base/java.util.concurrent.ThreadPoolExecutor$Worker.run(ThreadPoolExecutor.java:635) ~[na:na]
	at java.base/java.lang.Thread.run(Thread.java:842) ~[na:na]

2024-02-22T22:20:19.311+05:30  INFO 89386 --- [ool-20-thread-8] c.dws.challenge.service.TransferService  : compareBalance -1 
2024-02-22T22:20:19.311+05:30 ERROR 89386 --- [ool-20-thread-2] c.d.c.web.AccountsTransferController     : Exception occurs

com.dws.challenge.exception.InsufficientBalanceException: Insufficient Balance in account Account123
	at com.dws.challenge.service.TransferService.transferAmount(TransferService.java:21) ~[main/:na]
	at com.dws.challenge.web.AccountsTransferController.transferAmount(AccountsTransferController.java:64) ~[main/:na]
	at com.dws.challenge.ConcurrentTransferTest.lambda$concurrentTransferTest$0(ConcurrentTransferTest.java:77) ~[test/:na]
	at java.base/java.util.concurrent.ThreadPoolExecutor.runWorker(ThreadPoolExecutor.java:1136) ~[na:na]
	at java.base/java.util.concurrent.ThreadPoolExecutor$Worker.run(ThreadPoolExecutor.java:635) ~[na:na]
	at java.base/java.lang.Thread.run(Thread.java:842) ~[na:na]

2024-02-22T22:20:19.311+05:30 ERROR 89386 --- [ool-20-thread-8] c.d.c.web.AccountsTransferController     : Exception occurs

com.dws.challenge.exception.InsufficientBalanceException: Insufficient Balance in account Account123
	at com.dws.challenge.service.TransferService.transferAmount(TransferService.java:21) ~[main/:na]
	at com.dws.challenge.web.AccountsTransferController.transferAmount(AccountsTransferController.java:64) ~[main/:na]
	at com.dws.challenge.ConcurrentTransferTest.lambda$concurrentTransferTest$0(ConcurrentTransferTest.java:77) ~[test/:na]
	at java.base/java.util.concurrent.ThreadPoolExecutor.runWorker(ThreadPoolExecutor.java:1136) ~[na:na]
	at java.base/java.util.concurrent.ThreadPoolExecutor$Worker.run(ThreadPoolExecutor.java:635) ~[na:na]
	at java.base/java.lang.Thread.run(Thread.java:842) ~[na:na]

2024-02-22T22:20:19.311+05:30  INFO 89386 --- [ool-20-thread-7] c.dws.challenge.service.TransferService  : compareBalance -1 
2024-02-22T22:20:19.312+05:30  INFO 89386 --- [ol-20-thread-20] c.dws.challenge.service.TransferService  : compareBalance -1 
2024-02-22T22:20:19.312+05:30 ERROR 89386 --- [ool-20-thread-7] c.d.c.web.AccountsTransferController     : Exception occurs

com.dws.challenge.exception.InsufficientBalanceException: Insufficient Balance in account Account123
	at com.dws.challenge.service.TransferService.transferAmount(TransferService.java:21) ~[main/:na]
	at com.dws.challenge.web.AccountsTransferController.transferAmount(AccountsTransferController.java:64) ~[main/:na]
	at com.dws.challenge.ConcurrentTransferTest.lambda$concurrentTransferTest$0(ConcurrentTransferTest.java:77) ~[test/:na]
	at java.base/java.util.concurrent.ThreadPoolExecutor.runWorker(ThreadPoolExecutor.java:1136) ~[na:na]
	at java.base/java.util.concurrent.ThreadPoolExecutor$Worker.run(ThreadPoolExecutor.java:635) ~[na:na]
	at java.base/java.lang.Thread.run(Thread.java:842) ~[na:na]

2024-02-22T22:20:19.312+05:30 ERROR 89386 --- [ol-20-thread-20] c.d.c.web.AccountsTransferController     : Exception occurs

com.dws.challenge.exception.InsufficientBalanceException: Insufficient Balance in account Account123
	at com.dws.challenge.service.TransferService.transferAmount(TransferService.java:21) ~[main/:na]
	at com.dws.challenge.web.AccountsTransferController.transferAmount(AccountsTransferController.java:64) ~[main/:na]
	at com.dws.challenge.ConcurrentTransferTest.lambda$concurrentTransferTest$0(ConcurrentTransferTest.java:77) ~[test/:na]
	at java.base/java.util.concurrent.ThreadPoolExecutor.runWorker(ThreadPoolExecutor.java:1136) ~[na:na]
	at java.base/java.util.concurrent.ThreadPoolExecutor$Worker.run(ThreadPoolExecutor.java:635) ~[na:na]
	at java.base/java.lang.Thread.run(Thread.java:842) ~[na:na]

2024-02-22T22:20:19.327+05:30  INFO 89386 --- [ol-21-thread-10] c.d.c.web.AccountsTransferController     : Transfer Amount  Transfer(accountFrom=Account123, accountTo=Account124, amount=1000)
2024-02-22T22:20:19.327+05:30  INFO 89386 --- [ol-21-thread-16] c.d.c.web.AccountsTransferController     : Transfer Amount  Transfer(accountFrom=Account123, accountTo=Account124, amount=1000)
2024-02-22T22:20:19.326+05:30  INFO 89386 --- [ool-21-thread-1] c.d.c.web.AccountsTransferController     : Transfer Amount  Transfer(accountFrom=Account123, accountTo=Account124, amount=1000)
2024-02-22T22:20:19.327+05:30  INFO 89386 --- [ool-21-thread-5] c.d.c.web.AccountsTransferController     : Transfer Amount  Transfer(accountFrom=Account123, accountTo=Account124, amount=1000)
2024-02-22T22:20:19.326+05:30  INFO 89386 --- [ool-21-thread-2] c.d.c.web.AccountsTransferController     : Transfer Amount  Transfer(accountFrom=Account123, accountTo=Account124, amount=1000)
2024-02-22T22:20:19.327+05:30  INFO 89386 --- [ool-21-thread-4] c.d.c.web.AccountsTransferController     : Transfer Amount  Transfer(accountFrom=Account123, accountTo=Account124, amount=1000)
2024-02-22T22:20:19.327+05:30  INFO 89386 --- [ol-21-thread-13] c.d.c.web.AccountsTransferController     : Transfer Amount  Transfer(accountFrom=Account123, accountTo=Account124, amount=1000)
2024-02-22T22:20:19.327+05:30  INFO 89386 --- [ool-21-thread-9] c.d.c.web.AccountsTransferController     : Transfer Amount  Transfer(accountFrom=Account123, accountTo=Account124, amount=1000)
2024-02-22T22:20:19.327+05:30  INFO 89386 --- [ol-21-thread-14] c.d.c.web.AccountsTransferController     : Transfer Amount  Transfer(accountFrom=Account123, accountTo=Account124, amount=1000)
2024-02-22T22:20:19.327+05:30  INFO 89386 --- [ool-21-thread-6] c.d.c.web.AccountsTransferController     : Transfer Amount  Transfer(accountFrom=Account123, accountTo=Account124, amount=1000)
2024-02-22T22:20:19.326+05:30  INFO 89386 --- [ool-21-thread-3] c.d.c.web.AccountsTransferController     : Transfer Amount  Transfer(accountFrom=Account123, accountTo=Account124, amount=1000)
2024-02-22T22:20:19.327+05:30  INFO 89386 --- [ool-21-thread-7] c.d.c.web.AccountsTransferController     : Transfer Amount  Transfer(accountFrom=Account123, accountTo=Account124, amount=1000)
2024-02-22T22:20:19.327+05:30  INFO 89386 --- [ol-21-thread-20] c.d.c.web.AccountsTransferController     : Transfer Amount  Transfer(accountFrom=Account123, accountTo=Account124, amount=1000)
2024-02-22T22:20:19.327+05:30  INFO 89386 --- [ool-21-thread-8] c.d.c.web.AccountsTransferController     : Transfer Amount  Transfer(accountFrom=Account123, accountTo=Account124, amount=1000)
2024-02-22T22:20:19.327+05:30  INFO 89386 --- [ol-21-thread-12] c.d.c.web.AccountsTransferController     : Transfer Amount  Transfer(accountFrom=Account123, accountTo=Account124, amount=1000)
2024-02-22T22:20:19.327+05:30  INFO 89386 --- [ol-21-thread-11] c.d.c.web.AccountsTransferController     : Transfer Amount  Transfer(accountFrom=Account123, accountTo=Account124, amount=1000)
2024-02-22T22:20:19.327+05:30  INFO 89386 --- [ol-21-thread-15] c.d.c.web.AccountsTransferController     : Transfer Amount  Transfer(accountFrom=Account123, accountTo=Account124, amount=1000)
2024-02-22T22:20:19.327+05:30  INFO 89386 --- [ol-21-thread-17] c.d.c.web.AccountsTransferController     : Transfer Amount  Transfer(accountFrom=Account123, accountTo=Account124, amount=1000)
2024-02-22T22:20:19.327+05:30  INFO 89386 --- [ol-21-thread-18] c.d.c.web.AccountsTransferController     : Transfer Amount  Transfer(accountFrom=Account123, accountTo=Account124, amount=1000)
2024-02-22T22:20:19.327+05:30  INFO 89386 --- [ol-21-thread-19] c.d.c.web.AccountsTransferController     : Transfer Amount  Transfer(accountFrom=Account123, accountTo=Account124, amount=1000)
2024-02-22T22:20:19.327+05:30  INFO 89386 --- [ol-21-thread-10] c.dws.challenge.service.TransferService  : compareBalance 0 
2024-02-22T22:20:19.329+05:30  INFO 89386 --- [ol-21-thread-10] c.d.c.web.AccountsTransferController     : notification sent successfully
2024-02-22T22:20:19.329+05:30  INFO 89386 --- [ol-21-thread-19] c.dws.challenge.service.TransferService  : compareBalance -1 
2024-02-22T22:20:19.329+05:30  INFO 89386 --- [ol-21-thread-18] c.dws.challenge.service.TransferService  : compareBalance -1 
2024-02-22T22:20:19.329+05:30  INFO 89386 --- [ol-21-thread-17] c.dws.challenge.service.TransferService  : compareBalance -1 
2024-02-22T22:20:19.329+05:30 ERROR 89386 --- [ol-21-thread-19] c.d.c.web.AccountsTransferController     : Exception occurs

com.dws.challenge.exception.InsufficientBalanceException: Insufficient Balance in account Account123
	at com.dws.challenge.service.TransferService.transferAmount(TransferService.java:21) ~[main/:na]
	at com.dws.challenge.web.AccountsTransferController.transferAmount(AccountsTransferController.java:64) ~[main/:na]
	at com.dws.challenge.ConcurrentTransferTest.lambda$concurrentTransferTest$0(ConcurrentTransferTest.java:77) ~[test/:na]
	at java.base/java.util.concurrent.ThreadPoolExecutor.runWorker(ThreadPoolExecutor.java:1136) ~[na:na]
	at java.base/java.util.concurrent.ThreadPoolExecutor$Worker.run(ThreadPoolExecutor.java:635) ~[na:na]
	at java.base/java.lang.Thread.run(Thread.java:842) ~[na:na]

2024-02-22T22:20:19.329+05:30 ERROR 89386 --- [ol-21-thread-18] c.d.c.web.AccountsTransferController     : Exception occurs

com.dws.challenge.exception.InsufficientBalanceException: Insufficient Balance in account Account123
	at com.dws.challenge.service.TransferService.transferAmount(TransferService.java:21) ~[main/:na]
	at com.dws.challenge.web.AccountsTransferController.transferAmount(AccountsTransferController.java:64) ~[main/:na]
	at com.dws.challenge.ConcurrentTransferTest.lambda$concurrentTransferTest$0(ConcurrentTransferTest.java:77) ~[test/:na]
	at java.base/java.util.concurrent.ThreadPoolExecutor.runWorker(ThreadPoolExecutor.java:1136) ~[na:na]
	at java.base/java.util.concurrent.ThreadPoolExecutor$Worker.run(ThreadPoolExecutor.java:635) ~[na:na]
	at java.base/java.lang.Thread.run(Thread.java:842) ~[na:na]

2024-02-22T22:20:19.329+05:30  INFO 89386 --- [ol-21-thread-15] c.dws.challenge.service.TransferService  : compareBalance -1 
2024-02-22T22:20:19.329+05:30 ERROR 89386 --- [ol-21-thread-17] c.d.c.web.AccountsTransferController     : Exception occurs

com.dws.challenge.exception.InsufficientBalanceException: Insufficient Balance in account Account123
	at com.dws.challenge.service.TransferService.transferAmount(TransferService.java:21) ~[main/:na]
	at com.dws.challenge.web.AccountsTransferController.transferAmount(AccountsTransferController.java:64) ~[main/:na]
	at com.dws.challenge.ConcurrentTransferTest.lambda$concurrentTransferTest$0(ConcurrentTransferTest.java:77) ~[test/:na]
	at java.base/java.util.concurrent.ThreadPoolExecutor.runWorker(ThreadPoolExecutor.java:1136) ~[na:na]
	at java.base/java.util.concurrent.ThreadPoolExecutor$Worker.run(ThreadPoolExecutor.java:635) ~[na:na]
	at java.base/java.lang.Thread.run(Thread.java:842) ~[na:na]

2024-02-22T22:20:19.330+05:30  INFO 89386 --- [ol-21-thread-11] c.dws.challenge.service.TransferService  : compareBalance -1 
2024-02-22T22:20:19.330+05:30 ERROR 89386 --- [ol-21-thread-15] c.d.c.web.AccountsTransferController     : Exception occurs

com.dws.challenge.exception.InsufficientBalanceException: Insufficient Balance in account Account123
	at com.dws.challenge.service.TransferService.transferAmount(TransferService.java:21) ~[main/:na]
	at com.dws.challenge.web.AccountsTransferController.transferAmount(AccountsTransferController.java:64) ~[main/:na]
	at com.dws.challenge.ConcurrentTransferTest.lambda$concurrentTransferTest$0(ConcurrentTransferTest.java:77) ~[test/:na]
	at java.base/java.util.concurrent.ThreadPoolExecutor.runWorker(ThreadPoolExecutor.java:1136) ~[na:na]
	at java.base/java.util.concurrent.ThreadPoolExecutor$Worker.run(ThreadPoolExecutor.java:635) ~[na:na]
	at java.base/java.lang.Thread.run(Thread.java:842) ~[na:na]

2024-02-22T22:20:19.330+05:30  INFO 89386 --- [ol-21-thread-12] c.dws.challenge.service.TransferService  : compareBalance -1 
2024-02-22T22:20:19.330+05:30 ERROR 89386 --- [ol-21-thread-11] c.d.c.web.AccountsTransferController     : Exception occurs

com.dws.challenge.exception.InsufficientBalanceException: Insufficient Balance in account Account123
	at com.dws.challenge.service.TransferService.transferAmount(TransferService.java:21) ~[main/:na]
	at com.dws.challenge.web.AccountsTransferController.transferAmount(AccountsTransferController.java:64) ~[main/:na]
	at com.dws.challenge.ConcurrentTransferTest.lambda$concurrentTransferTest$0(ConcurrentTransferTest.java:77) ~[test/:na]
	at java.base/java.util.concurrent.ThreadPoolExecutor.runWorker(ThreadPoolExecutor.java:1136) ~[na:na]
	at java.base/java.util.concurrent.ThreadPoolExecutor$Worker.run(ThreadPoolExecutor.java:635) ~[na:na]
	at java.base/java.lang.Thread.run(Thread.java:842) ~[na:na]

2024-02-22T22:20:19.330+05:30  INFO 89386 --- [ool-21-thread-8] c.dws.challenge.service.TransferService  : compareBalance -1 
2024-02-22T22:20:19.330+05:30 ERROR 89386 --- [ol-21-thread-12] c.d.c.web.AccountsTransferController     : Exception occurs

com.dws.challenge.exception.InsufficientBalanceException: Insufficient Balance in account Account123
	at com.dws.challenge.service.TransferService.transferAmount(TransferService.java:21) ~[main/:na]
	at com.dws.challenge.web.AccountsTransferController.transferAmount(AccountsTransferController.java:64) ~[main/:na]
	at com.dws.challenge.ConcurrentTransferTest.lambda$concurrentTransferTest$0(ConcurrentTransferTest.java:77) ~[test/:na]
	at java.base/java.util.concurrent.ThreadPoolExecutor.runWorker(ThreadPoolExecutor.java:1136) ~[na:na]
	at java.base/java.util.concurrent.ThreadPoolExecutor$Worker.run(ThreadPoolExecutor.java:635) ~[na:na]
	at java.base/java.lang.Thread.run(Thread.java:842) ~[na:na]

2024-02-22T22:20:19.330+05:30  INFO 89386 --- [ol-21-thread-20] c.dws.challenge.service.TransferService  : compareBalance -1 
2024-02-22T22:20:19.330+05:30 ERROR 89386 --- [ool-21-thread-8] c.d.c.web.AccountsTransferController     : Exception occurs

com.dws.challenge.exception.InsufficientBalanceException: Insufficient Balance in account Account123
	at com.dws.challenge.service.TransferService.transferAmount(TransferService.java:21) ~[main/:na]
	at com.dws.challenge.web.AccountsTransferController.transferAmount(AccountsTransferController.java:64) ~[main/:na]
	at com.dws.challenge.ConcurrentTransferTest.lambda$concurrentTransferTest$0(ConcurrentTransferTest.java:77) ~[test/:na]
	at java.base/java.util.concurrent.ThreadPoolExecutor.runWorker(ThreadPoolExecutor.java:1136) ~[na:na]
	at java.base/java.util.concurrent.ThreadPoolExecutor$Worker.run(ThreadPoolExecutor.java:635) ~[na:na]
	at java.base/java.lang.Thread.run(Thread.java:842) ~[na:na]

2024-02-22T22:20:19.330+05:30  INFO 89386 --- [ool-21-thread-7] c.dws.challenge.service.TransferService  : compareBalance -1 
2024-02-22T22:20:19.330+05:30 ERROR 89386 --- [ol-21-thread-20] c.d.c.web.AccountsTransferController     : Exception occurs

com.dws.challenge.exception.InsufficientBalanceException: Insufficient Balance in account Account123
	at com.dws.challenge.service.TransferService.transferAmount(TransferService.java:21) ~[main/:na]
	at com.dws.challenge.web.AccountsTransferController.transferAmount(AccountsTransferController.java:64) ~[main/:na]
	at com.dws.challenge.ConcurrentTransferTest.lambda$concurrentTransferTest$0(ConcurrentTransferTest.java:77) ~[test/:na]
	at java.base/java.util.concurrent.ThreadPoolExecutor.runWorker(ThreadPoolExecutor.java:1136) ~[na:na]
	at java.base/java.util.concurrent.ThreadPoolExecutor$Worker.run(ThreadPoolExecutor.java:635) ~[na:na]
	at java.base/java.lang.Thread.run(Thread.java:842) ~[na:na]

2024-02-22T22:20:19.330+05:30  INFO 89386 --- [ool-21-thread-3] c.dws.challenge.service.TransferService  : compareBalance -1 
2024-02-22T22:20:19.330+05:30 ERROR 89386 --- [ool-21-thread-7] c.d.c.web.AccountsTransferController     : Exception occurs

com.dws.challenge.exception.InsufficientBalanceException: Insufficient Balance in account Account123
	at com.dws.challenge.service.TransferService.transferAmount(TransferService.java:21) ~[main/:na]
	at com.dws.challenge.web.AccountsTransferController.transferAmount(AccountsTransferController.java:64) ~[main/:na]
	at com.dws.challenge.ConcurrentTransferTest.lambda$concurrentTransferTest$0(ConcurrentTransferTest.java:77) ~[test/:na]
	at java.base/java.util.concurrent.ThreadPoolExecutor.runWorker(ThreadPoolExecutor.java:1136) ~[na:na]
	at java.base/java.util.concurrent.ThreadPoolExecutor$Worker.run(ThreadPoolExecutor.java:635) ~[na:na]
	at java.base/java.lang.Thread.run(Thread.java:842) ~[na:na]

2024-02-22T22:20:19.330+05:30 ERROR 89386 --- [ool-21-thread-3] c.d.c.web.AccountsTransferController     : Exception occurs

com.dws.challenge.exception.InsufficientBalanceException: Insufficient Balance in account Account123
	at com.dws.challenge.service.TransferService.transferAmount(TransferService.java:21) ~[main/:na]
	at com.dws.challenge.web.AccountsTransferController.transferAmount(AccountsTransferController.java:64) ~[main/:na]
	at com.dws.challenge.ConcurrentTransferTest.lambda$concurrentTransferTest$0(ConcurrentTransferTest.java:77) ~[test/:na]
	at java.base/java.util.concurrent.ThreadPoolExecutor.runWorker(ThreadPoolExecutor.java:1136) ~[na:na]
	at java.base/java.util.concurrent.ThreadPoolExecutor$Worker.run(ThreadPoolExecutor.java:635) ~[na:na]
	at java.base/java.lang.Thread.run(Thread.java:842) ~[na:na]

2024-02-22T22:20:19.330+05:30  INFO 89386 --- [ool-21-thread-6] c.dws.challenge.service.TransferService  : compareBalance -1 
2024-02-22T22:20:19.331+05:30  INFO 89386 --- [ol-21-thread-14] c.dws.challenge.service.TransferService  : compareBalance -1 
2024-02-22T22:20:19.331+05:30 ERROR 89386 --- [ool-21-thread-6] c.d.c.web.AccountsTransferController     : Exception occurs

com.dws.challenge.exception.InsufficientBalanceException: Insufficient Balance in account Account123
	at com.dws.challenge.service.TransferService.transferAmount(TransferService.java:21) ~[main/:na]
	at com.dws.challenge.web.AccountsTransferController.transferAmount(AccountsTransferController.java:64) ~[main/:na]
	at com.dws.challenge.ConcurrentTransferTest.lambda$concurrentTransferTest$0(ConcurrentTransferTest.java:77) ~[test/:na]
	at java.base/java.util.concurrent.ThreadPoolExecutor.runWorker(ThreadPoolExecutor.java:1136) ~[na:na]
	at java.base/java.util.concurrent.ThreadPoolExecutor$Worker.run(ThreadPoolExecutor.java:635) ~[na:na]
	at java.base/java.lang.Thread.run(Thread.java:842) ~[na:na]

2024-02-22T22:20:19.331+05:30  INFO 89386 --- [ool-21-thread-9] c.dws.challenge.service.TransferService  : compareBalance -1 
2024-02-22T22:20:19.331+05:30 ERROR 89386 --- [ol-21-thread-14] c.d.c.web.AccountsTransferController     : Exception occurs

com.dws.challenge.exception.InsufficientBalanceException: Insufficient Balance in account Account123
	at com.dws.challenge.service.TransferService.transferAmount(TransferService.java:21) ~[main/:na]
	at com.dws.challenge.web.AccountsTransferController.transferAmount(AccountsTransferController.java:64) ~[main/:na]
	at com.dws.challenge.ConcurrentTransferTest.lambda$concurrentTransferTest$0(ConcurrentTransferTest.java:77) ~[test/:na]
	at java.base/java.util.concurrent.ThreadPoolExecutor.runWorker(ThreadPoolExecutor.java:1136) ~[na:na]
	at java.base/java.util.concurrent.ThreadPoolExecutor$Worker.run(ThreadPoolExecutor.java:635) ~[na:na]
	at java.base/java.lang.Thread.run(Thread.java:842) ~[na:na]

2024-02-22T22:20:19.331+05:30  INFO 89386 --- [ol-21-thread-13] c.dws.challenge.service.TransferService  : compareBalance -1 
2024-02-22T22:20:19.331+05:30 ERROR 89386 --- [ool-21-thread-9] c.d.c.web.AccountsTransferController     : Exception occurs

com.dws.challenge.exception.InsufficientBalanceException: Insufficient Balance in account Account123
	at com.dws.challenge.service.TransferService.transferAmount(TransferService.java:21) ~[main/:na]
	at com.dws.challenge.web.AccountsTransferController.transferAmount(AccountsTransferController.java:64) ~[main/:na]
	at com.dws.challenge.ConcurrentTransferTest.lambda$concurrentTransferTest$0(ConcurrentTransferTest.java:77) ~[test/:na]
	at java.base/java.util.concurrent.ThreadPoolExecutor.runWorker(ThreadPoolExecutor.java:1136) ~[na:na]
	at java.base/java.util.concurrent.ThreadPoolExecutor$Worker.run(ThreadPoolExecutor.java:635) ~[na:na]
	at java.base/java.lang.Thread.run(Thread.java:842) ~[na:na]

2024-02-22T22:20:19.331+05:30  INFO 89386 --- [ool-21-thread-4] c.dws.challenge.service.TransferService  : compareBalance -1 
2024-02-22T22:20:19.331+05:30 ERROR 89386 --- [ol-21-thread-13] c.d.c.web.AccountsTransferController     : Exception occurs

com.dws.challenge.exception.InsufficientBalanceException: Insufficient Balance in account Account123
	at com.dws.challenge.service.TransferService.transferAmount(TransferService.java:21) ~[main/:na]
	at com.dws.challenge.web.AccountsTransferController.transferAmount(AccountsTransferController.java:64) ~[main/:na]
	at com.dws.challenge.ConcurrentTransferTest.lambda$concurrentTransferTest$0(ConcurrentTransferTest.java:77) ~[test/:na]
	at java.base/java.util.concurrent.ThreadPoolExecutor.runWorker(ThreadPoolExecutor.java:1136) ~[na:na]
	at java.base/java.util.concurrent.ThreadPoolExecutor$Worker.run(ThreadPoolExecutor.java:635) ~[na:na]
	at java.base/java.lang.Thread.run(Thread.java:842) ~[na:na]

2024-02-22T22:20:19.331+05:30  INFO 89386 --- [ool-21-thread-2] c.dws.challenge.service.TransferService  : compareBalance -1 
2024-02-22T22:20:19.331+05:30 ERROR 89386 --- [ool-21-thread-4] c.d.c.web.AccountsTransferController     : Exception occurs

com.dws.challenge.exception.InsufficientBalanceException: Insufficient Balance in account Account123
	at com.dws.challenge.service.TransferService.transferAmount(TransferService.java:21) ~[main/:na]
	at com.dws.challenge.web.AccountsTransferController.transferAmount(AccountsTransferController.java:64) ~[main/:na]
	at com.dws.challenge.ConcurrentTransferTest.lambda$concurrentTransferTest$0(ConcurrentTransferTest.java:77) ~[test/:na]
	at java.base/java.util.concurrent.ThreadPoolExecutor.runWorker(ThreadPoolExecutor.java:1136) ~[na:na]
	at java.base/java.util.concurrent.ThreadPoolExecutor$Worker.run(ThreadPoolExecutor.java:635) ~[na:na]
	at java.base/java.lang.Thread.run(Thread.java:842) ~[na:na]

2024-02-22T22:20:19.331+05:30  INFO 89386 --- [ool-21-thread-5] c.dws.challenge.service.TransferService  : compareBalance -1 
2024-02-22T22:20:19.331+05:30 ERROR 89386 --- [ool-21-thread-2] c.d.c.web.AccountsTransferController     : Exception occurs

com.dws.challenge.exception.InsufficientBalanceException: Insufficient Balance in account Account123
	at com.dws.challenge.service.TransferService.transferAmount(TransferService.java:21) ~[main/:na]
	at com.dws.challenge.web.AccountsTransferController.transferAmount(AccountsTransferController.java:64) ~[main/:na]
	at com.dws.challenge.ConcurrentTransferTest.lambda$concurrentTransferTest$0(ConcurrentTransferTest.java:77) ~[test/:na]
	at java.base/java.util.concurrent.ThreadPoolExecutor.runWorker(ThreadPoolExecutor.java:1136) ~[na:na]
	at java.base/java.util.concurrent.ThreadPoolExecutor$Worker.run(ThreadPoolExecutor.java:635) ~[na:na]
	at java.base/java.lang.Thread.run(Thread.java:842) ~[na:na]

2024-02-22T22:20:19.332+05:30 ERROR 89386 --- [ool-21-thread-5] c.d.c.web.AccountsTransferController     : Exception occurs

com.dws.challenge.exception.InsufficientBalanceException: Insufficient Balance in account Account123
	at com.dws.challenge.service.TransferService.transferAmount(TransferService.java:21) ~[main/:na]
	at com.dws.challenge.web.AccountsTransferController.transferAmount(AccountsTransferController.java:64) ~[main/:na]
	at com.dws.challenge.ConcurrentTransferTest.lambda$concurrentTransferTest$0(ConcurrentTransferTest.java:77) ~[test/:na]
	at java.base/java.util.concurrent.ThreadPoolExecutor.runWorker(ThreadPoolExecutor.java:1136) ~[na:na]
	at java.base/java.util.concurrent.ThreadPoolExecutor$Worker.run(ThreadPoolExecutor.java:635) ~[na:na]
	at java.base/java.lang.Thread.run(Thread.java:842) ~[na:na]

2024-02-22T22:20:19.332+05:30  INFO 89386 --- [ool-21-thread-1] c.dws.challenge.service.TransferService  : compareBalance -1 
2024-02-22T22:20:19.332+05:30  INFO 89386 --- [ol-21-thread-16] c.dws.challenge.service.TransferService  : compareBalance -1 
2024-02-22T22:20:19.332+05:30 ERROR 89386 --- [ool-21-thread-1] c.d.c.web.AccountsTransferController     : Exception occurs

com.dws.challenge.exception.InsufficientBalanceException: Insufficient Balance in account Account123
	at com.dws.challenge.service.TransferService.transferAmount(TransferService.java:21) ~[main/:na]
	at com.dws.challenge.web.AccountsTransferController.transferAmount(AccountsTransferController.java:64) ~[main/:na]
	at com.dws.challenge.ConcurrentTransferTest.lambda$concurrentTransferTest$0(ConcurrentTransferTest.java:77) ~[test/:na]
	at java.base/java.util.concurrent.ThreadPoolExecutor.runWorker(ThreadPoolExecutor.java:1136) ~[na:na]
	at java.base/java.util.concurrent.ThreadPoolExecutor$Worker.run(ThreadPoolExecutor.java:635) ~[na:na]
	at java.base/java.lang.Thread.run(Thread.java:842) ~[na:na]

2024-02-22T22:20:19.332+05:30 ERROR 89386 --- [ol-21-thread-16] c.d.c.web.AccountsTransferController     : Exception occurs

com.dws.challenge.exception.InsufficientBalanceException: Insufficient Balance in account Account123
	at com.dws.challenge.service.TransferService.transferAmount(TransferService.java:21) ~[main/:na]
	at com.dws.challenge.web.AccountsTransferController.transferAmount(AccountsTransferController.java:64) ~[main/:na]
	at com.dws.challenge.ConcurrentTransferTest.lambda$concurrentTransferTest$0(ConcurrentTransferTest.java:77) ~[test/:na]
	at java.base/java.util.concurrent.ThreadPoolExecutor.runWorker(ThreadPoolExecutor.java:1136) ~[na:na]
	at java.base/java.util.concurrent.ThreadPoolExecutor$Worker.run(ThreadPoolExecutor.java:635) ~[na:na]
	at java.base/java.lang.Thread.run(Thread.java:842) ~[na:na]

]]></system-out>
  <system-err><![CDATA[]]></system-err>
</testsuite>
